2025-10-19 11:41:24,556 - experiments.framework - INFO - ExperimentFramework initialized with output dir: /cs/student/msc/aibh/2024/madhavan/sgfa_qmap-pd/results/all_rois-sn_conf-age+sex+tiv_K30_percW20_MAD3.0_run_20251019_114124
2025-10-19 11:41:24,561 - experiments.framework - INFO - Starting experiment: data_validation_20251019_114124
2025-10-19 11:41:29,793 - experiments.framework - INFO - 🏁 EXPERIMENT COMPLETED: data_validation_20251019_114124
2025-10-19 11:41:29,793 - experiments.framework - INFO - ⏱️  TOTAL RUNTIME: 5.2 seconds
2025-10-19 11:41:29,793 - experiments.framework - INFO - 🕐 Started: 2025-10-19 11:41:24
2025-10-19 11:41:29,793 - experiments.framework - INFO - 🕑 Finished: 2025-10-19 11:41:29
2025-10-19 11:41:29,793 - experiments.framework - INFO - Experiment completed successfully: data_validation_20251019_114124
2025-10-19 11:41:29,793 - experiments.framework - INFO - 🧹 Performing comprehensive memory cleanup...
2025-10-19 11:41:29,831 - experiments.framework - INFO - Garbage collection freed 25509 objects
2025-10-19 11:41:29,949 - experiments.framework - INFO - GPU memory cleanup attempted
2025-10-19 11:41:30,950 - experiments.framework - INFO - ✅ Comprehensive memory cleanup completed
2025-10-19 11:41:31,013 - experiments.framework - INFO - Pickle saving disabled to prevent large files - using JSON and CSV instead
2025-10-19 11:41:31,020 - experiments.framework - INFO - Saving 3 plots to /cs/student/msc/aibh/2024/madhavan/sgfa_qmap-pd/results/all_rois-sn_conf-age+sex+tiv_K30_percW20_MAD3.0_run_20251019_114124/data_validation_tree10_20251019_114124/plots
2025-10-19 11:41:31,988 - experiments.framework - INFO -   ✅ Saved plot: data_distribution_comparison
2025-10-19 11:41:32,946 - experiments.framework - INFO -   ✅ Saved plot: data_validation_feature_reduction
2025-10-19 11:41:33,315 - experiments.framework - INFO -   ✅ Saved plot: data_validation_variance_distribution
2025-10-19 11:41:33,315 - experiments.framework - INFO - All plots saved to: /cs/student/msc/aibh/2024/madhavan/sgfa_qmap-pd/results/all_rois-sn_conf-age+sex+tiv_K30_percW20_MAD3.0_run_20251019_114124/data_validation_tree10_20251019_114124/plots
2025-10-19 11:41:33,355 - experiments.framework - INFO - ExperimentFramework initialized with output dir: /cs/student/msc/aibh/2024/madhavan/sgfa_qmap-pd/results/all_rois-sn_conf-age+sex+tiv_K30_percW20_MAD3.0_run_20251019_114124
2025-10-19 11:41:33,355 - experiments.framework - INFO - ExperimentFramework initialized with output dir: /cs/student/msc/aibh/2024/madhavan/sgfa_qmap-pd/results/all_rois-sn_conf-age+sex+tiv_K30_percW20_MAD3.0_run_20251019_114124
2025-10-19 11:41:33,362 - experiments.framework - INFO - Starting experiment: robustness_tests_20251019_114133
2025-10-19 11:41:33,362 - experiments.framework - INFO - Starting experiment: robustness_tests_20251019_114133
2025-10-19 11:54:29,437 - experiments.framework - INFO - 🏁 EXPERIMENT COMPLETED: robustness_tests_20251019_114133
2025-10-19 11:54:29,437 - experiments.framework - INFO - 🏁 EXPERIMENT COMPLETED: robustness_tests_20251019_114133
2025-10-19 11:54:29,437 - experiments.framework - INFO - ⏱️  TOTAL RUNTIME: 12.9 minutes (776s)
2025-10-19 11:54:29,437 - experiments.framework - INFO - ⏱️  TOTAL RUNTIME: 12.9 minutes (776s)
2025-10-19 11:54:29,437 - experiments.framework - INFO - 🕐 Started: 2025-10-19 11:41:33
2025-10-19 11:54:29,437 - experiments.framework - INFO - 🕐 Started: 2025-10-19 11:41:33
2025-10-19 11:54:29,438 - experiments.framework - INFO - 🕑 Finished: 2025-10-19 11:54:29
2025-10-19 11:54:29,438 - experiments.framework - INFO - 🕑 Finished: 2025-10-19 11:54:29
2025-10-19 11:54:29,438 - experiments.framework - INFO - Experiment completed successfully: robustness_tests_20251019_114133
2025-10-19 11:54:29,438 - experiments.framework - INFO - Experiment completed successfully: robustness_tests_20251019_114133
2025-10-19 11:54:29,438 - experiments.framework - INFO - 🧹 Performing comprehensive memory cleanup...
2025-10-19 11:54:29,438 - experiments.framework - INFO - 🧹 Performing comprehensive memory cleanup...
2025-10-19 11:54:29,475 - experiments.framework - INFO - Garbage collection freed 103 objects
2025-10-19 11:54:29,475 - experiments.framework - INFO - Garbage collection freed 103 objects
2025-10-19 11:54:29,606 - experiments.framework - INFO - GPU memory cleanup attempted
2025-10-19 11:54:29,606 - experiments.framework - INFO - GPU memory cleanup attempted
2025-10-19 11:54:30,607 - experiments.framework - INFO - ✅ Comprehensive memory cleanup completed
2025-10-19 11:54:30,607 - experiments.framework - INFO - ✅ Comprehensive memory cleanup completed
2025-10-19 11:54:30,645 - experiments.framework - INFO - Pickle saving disabled to prevent large files - using JSON and CSV instead
2025-10-19 11:54:30,645 - experiments.framework - INFO - Pickle saving disabled to prevent large files - using JSON and CSV instead
2025-10-19 11:54:30,651 - experiments.framework - INFO - Saving 1 plots to /cs/student/msc/aibh/2024/madhavan/sgfa_qmap-pd/results/all_rois-sn_conf-age+sex+tiv_K30_percW20_MAD3.0_run_20251019_114124/robustness_tests_K30_percW20_slab4_2_MAD3.0_tree10_20251019_114133/plots
2025-10-19 11:54:30,651 - experiments.framework - INFO - Saving 1 plots to /cs/student/msc/aibh/2024/madhavan/sgfa_qmap-pd/results/all_rois-sn_conf-age+sex+tiv_K30_percW20_MAD3.0_run_20251019_114124/robustness_tests_K30_percW20_slab4_2_MAD3.0_tree10_20251019_114133/plots
2025-10-19 11:54:31,104 - experiments.framework - INFO -   ✅ Saved plot: robustness_summary
2025-10-19 11:54:31,104 - experiments.framework - INFO -   ✅ Saved plot: robustness_summary
2025-10-19 11:54:31,104 - experiments.framework - INFO - All plots saved to: /cs/student/msc/aibh/2024/madhavan/sgfa_qmap-pd/results/all_rois-sn_conf-age+sex+tiv_K30_percW20_MAD3.0_run_20251019_114124/robustness_tests_K30_percW20_slab4_2_MAD3.0_tree10_20251019_114133/plots
2025-10-19 11:54:31,104 - experiments.framework - INFO - All plots saved to: /cs/student/msc/aibh/2024/madhavan/sgfa_qmap-pd/results/all_rois-sn_conf-age+sex+tiv_K30_percW20_MAD3.0_run_20251019_114124/robustness_tests_K30_percW20_slab4_2_MAD3.0_tree10_20251019_114133/plots
