2025-10-19 22:01:08,506 - experiments.framework - INFO - ExperimentFramework initialized with output dir: /cs/student/msc/aibh/2024/madhavan/sgfa_qmap-pd/results/all_rois-sn_run_20251019_220108
2025-10-19 22:01:08,514 - experiments.framework - INFO - Starting experiment: data_validation_20251019_220108
2025-10-19 22:01:08,822 - experiments.framework - INFO - 🏁 EXPERIMENT COMPLETED: data_validation_20251019_220108
2025-10-19 22:01:08,822 - experiments.framework - INFO - ⏱️  TOTAL RUNTIME: 0.3 seconds
2025-10-19 22:01:08,822 - experiments.framework - INFO - 🕐 Started: 2025-10-19 22:01:08
2025-10-19 22:01:08,822 - experiments.framework - INFO - 🕑 Finished: 2025-10-19 22:01:08
2025-10-19 22:01:08,822 - experiments.framework - INFO - Experiment completed successfully: data_validation_20251019_220108
2025-10-19 22:01:08,822 - experiments.framework - INFO - 🧹 Performing comprehensive memory cleanup...
2025-10-19 22:01:08,849 - experiments.framework - INFO - Garbage collection freed 0 objects
2025-10-19 22:01:08,942 - experiments.framework - INFO - GPU memory cleanup attempted
2025-10-19 22:01:09,943 - experiments.framework - INFO - ✅ Comprehensive memory cleanup completed
2025-10-19 22:01:09,947 - experiments.framework - INFO - Pickle saving disabled to prevent large files - using JSON and CSV instead
2025-10-19 22:01:10,189 - experiments.framework - INFO - ExperimentFramework initialized with output dir: /cs/student/msc/aibh/2024/madhavan/sgfa_qmap-pd/results/all_rois-sn_run_20251019_220108
2025-10-19 22:01:10,189 - experiments.framework - INFO - ExperimentFramework initialized with output dir: /cs/student/msc/aibh/2024/madhavan/sgfa_qmap-pd/results/all_rois-sn_run_20251019_220108
2025-10-19 22:01:10,193 - experiments.framework - INFO - Starting experiment: robustness_tests_20251019_220110
2025-10-19 22:01:10,193 - experiments.framework - INFO - Starting experiment: robustness_tests_20251019_220110
2025-10-19 22:01:13,556 - experiments.framework - INFO - 🏁 EXPERIMENT COMPLETED: robustness_tests_20251019_220110
2025-10-19 22:01:13,556 - experiments.framework - INFO - 🏁 EXPERIMENT COMPLETED: robustness_tests_20251019_220110
2025-10-19 22:01:13,556 - experiments.framework - INFO - ⏱️  TOTAL RUNTIME: 3.4 seconds
2025-10-19 22:01:13,556 - experiments.framework - INFO - ⏱️  TOTAL RUNTIME: 3.4 seconds
2025-10-19 22:01:13,556 - experiments.framework - INFO - 🕐 Started: 2025-10-19 22:01:10
2025-10-19 22:01:13,556 - experiments.framework - INFO - 🕐 Started: 2025-10-19 22:01:10
2025-10-19 22:01:13,556 - experiments.framework - INFO - 🕑 Finished: 2025-10-19 22:01:13
2025-10-19 22:01:13,556 - experiments.framework - INFO - 🕑 Finished: 2025-10-19 22:01:13
2025-10-19 22:01:13,556 - experiments.framework - INFO - Experiment completed successfully: robustness_tests_20251019_220110
2025-10-19 22:01:13,556 - experiments.framework - INFO - Experiment completed successfully: robustness_tests_20251019_220110
2025-10-19 22:01:13,556 - experiments.framework - INFO - 🧹 Performing comprehensive memory cleanup...
2025-10-19 22:01:13,556 - experiments.framework - INFO - 🧹 Performing comprehensive memory cleanup...
2025-10-19 22:01:13,587 - experiments.framework - INFO - Garbage collection freed 7 objects
2025-10-19 22:01:13,587 - experiments.framework - INFO - Garbage collection freed 7 objects
2025-10-19 22:01:13,698 - experiments.framework - INFO - GPU memory cleanup attempted
2025-10-19 22:01:13,698 - experiments.framework - INFO - GPU memory cleanup attempted
2025-10-19 22:01:14,700 - experiments.framework - INFO - ✅ Comprehensive memory cleanup completed
2025-10-19 22:01:14,700 - experiments.framework - INFO - ✅ Comprehensive memory cleanup completed
2025-10-19 22:01:14,726 - experiments.framework - INFO - Pickle saving disabled to prevent large files - using JSON and CSV instead
2025-10-19 22:01:14,726 - experiments.framework - INFO - Pickle saving disabled to prevent large files - using JSON and CSV instead
2025-10-19 22:01:14,729 - experiments.framework - INFO - Saving 1 plots to /cs/student/msc/aibh/2024/madhavan/sgfa_qmap-pd/results/all_rois-sn_run_20251019_220108/robustness_tests_K50_percW33_slab4_2_20251019_220110/plots
2025-10-19 22:01:14,729 - experiments.framework - INFO - Saving 1 plots to /cs/student/msc/aibh/2024/madhavan/sgfa_qmap-pd/results/all_rois-sn_run_20251019_220108/robustness_tests_K50_percW33_slab4_2_20251019_220110/plots
2025-10-19 22:01:15,137 - experiments.framework - INFO -   ✅ Saved plot: robustness_summary
2025-10-19 22:01:15,137 - experiments.framework - INFO -   ✅ Saved plot: robustness_summary
2025-10-19 22:01:15,138 - experiments.framework - INFO - All plots saved to: /cs/student/msc/aibh/2024/madhavan/sgfa_qmap-pd/results/all_rois-sn_run_20251019_220108/robustness_tests_K50_percW33_slab4_2_20251019_220110/plots
2025-10-19 22:01:15,138 - experiments.framework - INFO - All plots saved to: /cs/student/msc/aibh/2024/madhavan/sgfa_qmap-pd/results/all_rois-sn_run_20251019_220108/robustness_tests_K50_percW33_slab4_2_20251019_220110/plots
