2025-10-08 22:11:21,958 - experiments.framework - INFO - ExperimentFramework initialized with output dir: /cs/student/msc/aibh/2024/madhavan/sgfa_qmap-pd/results/all_conf-age+sex+tiv_run_20251008_221121
2025-10-08 22:11:21,964 - experiments.framework - INFO - Starting experiment: data_validation_20251008_221121
2025-10-08 22:11:34,131 - experiments.framework - INFO - 🏁 EXPERIMENT COMPLETED: data_validation_20251008_221121
2025-10-08 22:11:34,132 - experiments.framework - INFO - ⏱️  TOTAL RUNTIME: 12.2 seconds
2025-10-08 22:11:34,132 - experiments.framework - INFO - 🕐 Started: 2025-10-08 22:11:21
2025-10-08 22:11:34,132 - experiments.framework - INFO - 🕑 Finished: 2025-10-08 22:11:34
2025-10-08 22:11:34,132 - experiments.framework - INFO - Experiment completed successfully: data_validation_20251008_221121
2025-10-08 22:11:34,132 - experiments.framework - INFO - 🧹 Performing comprehensive memory cleanup...
2025-10-08 22:11:34,214 - experiments.framework - INFO - Garbage collection freed 31925 objects
2025-10-08 22:11:34,454 - experiments.framework - INFO - GPU memory cleanup attempted
2025-10-08 22:11:35,455 - experiments.framework - INFO - ✅ Comprehensive memory cleanup completed
2025-10-08 22:11:35,612 - experiments.framework - INFO - Pickle saving disabled to prevent large files - using JSON and CSV instead
2025-10-08 22:11:35,619 - experiments.framework - INFO - Saving 3 plots to /cs/student/msc/aibh/2024/madhavan/sgfa_qmap-pd/results/all_conf-age+sex+tiv_run_20251008_221121/data_validation_20251008_221121/plots
2025-10-08 22:11:38,613 - experiments.framework - INFO -   ✅ Saved plot: data_distribution_comparison
2025-10-08 22:11:40,548 - experiments.framework - INFO -   ✅ Saved plot: data_validation_feature_reduction
2025-10-08 22:11:41,245 - experiments.framework - INFO -   ✅ Saved plot: data_validation_variance_distribution
2025-10-08 22:11:41,245 - experiments.framework - INFO - All plots saved to: /cs/student/msc/aibh/2024/madhavan/sgfa_qmap-pd/results/all_conf-age+sex+tiv_run_20251008_221121/data_validation_20251008_221121/plots
2025-10-08 22:11:41,329 - experiments.framework - INFO - ExperimentFramework initialized with output dir: /cs/student/msc/aibh/2024/madhavan/sgfa_qmap-pd/results/all_conf-age+sex+tiv_run_20251008_221121
2025-10-08 22:11:41,329 - experiments.framework - INFO - ExperimentFramework initialized with output dir: /cs/student/msc/aibh/2024/madhavan/sgfa_qmap-pd/results/all_conf-age+sex+tiv_run_20251008_221121
2025-10-08 22:11:47,027 - experiments.framework - INFO - Starting experiment: sgfa_hyperparameter_tuning_20251008_221147
2025-10-08 22:11:47,027 - experiments.framework - INFO - Starting experiment: sgfa_hyperparameter_tuning_20251008_221147
2025-10-09 02:45:38,179 - experiments.framework - INFO - 🏁 EXPERIMENT COMPLETED: sgfa_hyperparameter_tuning_20251008_221147
2025-10-09 02:45:38,179 - experiments.framework - INFO - 🏁 EXPERIMENT COMPLETED: sgfa_hyperparameter_tuning_20251008_221147
2025-10-09 02:45:38,180 - experiments.framework - INFO - ⏱️  TOTAL RUNTIME: 4.6 hours (34m 51s)
2025-10-09 02:45:38,180 - experiments.framework - INFO - ⏱️  TOTAL RUNTIME: 4.6 hours (34m 51s)
2025-10-09 02:45:38,181 - experiments.framework - INFO - 🕐 Started: 2025-10-08 22:11:47
2025-10-09 02:45:38,181 - experiments.framework - INFO - 🕐 Started: 2025-10-08 22:11:47
2025-10-09 02:45:38,182 - experiments.framework - INFO - 🕑 Finished: 2025-10-09 02:45:38
2025-10-09 02:45:38,182 - experiments.framework - INFO - 🕑 Finished: 2025-10-09 02:45:38
2025-10-09 02:45:38,182 - experiments.framework - INFO - Experiment completed successfully: sgfa_hyperparameter_tuning_20251008_221147
2025-10-09 02:45:38,182 - experiments.framework - INFO - Experiment completed successfully: sgfa_hyperparameter_tuning_20251008_221147
2025-10-09 02:45:38,182 - experiments.framework - INFO - 🧹 Performing comprehensive memory cleanup...
2025-10-09 02:45:38,182 - experiments.framework - INFO - 🧹 Performing comprehensive memory cleanup...
2025-10-09 02:45:38,272 - experiments.framework - INFO - Garbage collection freed 0 objects
2025-10-09 02:45:38,272 - experiments.framework - INFO - Garbage collection freed 0 objects
2025-10-09 02:45:38,636 - experiments.framework - INFO - GPU memory cleanup attempted
2025-10-09 02:45:38,636 - experiments.framework - INFO - GPU memory cleanup attempted
2025-10-09 02:45:39,637 - experiments.framework - INFO - ✅ Comprehensive memory cleanup completed
2025-10-09 02:45:39,637 - experiments.framework - INFO - ✅ Comprehensive memory cleanup completed
2025-10-09 02:45:40,327 - experiments.framework - INFO - Pickle saving disabled to prevent large files - using JSON and CSV instead
2025-10-09 02:45:40,327 - experiments.framework - INFO - Pickle saving disabled to prevent large files - using JSON and CSV instead
2025-10-09 02:45:40,413 - experiments.framework - INFO - Saving sgfa_K2_percW10_grp0.0 factor scores Z shape: (86, 2)
2025-10-09 02:45:40,413 - experiments.framework - INFO - Saving sgfa_K2_percW10_grp0.0 factor scores Z shape: (86, 2)
2025-10-09 02:45:40,496 - experiments.framework - INFO - Saving sgfa_K2_percW10_grp0.05 factor scores Z shape: (86, 2)
2025-10-09 02:45:40,496 - experiments.framework - INFO - Saving sgfa_K2_percW10_grp0.05 factor scores Z shape: (86, 2)
2025-10-09 02:45:40,593 - experiments.framework - INFO - Saving sgfa_K2_percW10_grp0.1 factor scores Z shape: (86, 2)
2025-10-09 02:45:40,593 - experiments.framework - INFO - Saving sgfa_K2_percW10_grp0.1 factor scores Z shape: (86, 2)
2025-10-09 02:45:40,689 - experiments.framework - INFO - Saving sgfa_K2_percW10_grp0.2 factor scores Z shape: (86, 2)
2025-10-09 02:45:40,689 - experiments.framework - INFO - Saving sgfa_K2_percW10_grp0.2 factor scores Z shape: (86, 2)
2025-10-09 02:45:40,767 - experiments.framework - INFO - Saving sgfa_K2_percW25_grp0.0 factor scores Z shape: (86, 2)
2025-10-09 02:45:40,767 - experiments.framework - INFO - Saving sgfa_K2_percW25_grp0.0 factor scores Z shape: (86, 2)
2025-10-09 02:45:40,857 - experiments.framework - INFO - Saving sgfa_K2_percW25_grp0.05 factor scores Z shape: (86, 2)
2025-10-09 02:45:40,857 - experiments.framework - INFO - Saving sgfa_K2_percW25_grp0.05 factor scores Z shape: (86, 2)
2025-10-09 02:45:40,937 - experiments.framework - INFO - Saving sgfa_K2_percW25_grp0.1 factor scores Z shape: (86, 2)
2025-10-09 02:45:40,937 - experiments.framework - INFO - Saving sgfa_K2_percW25_grp0.1 factor scores Z shape: (86, 2)
2025-10-09 02:45:41,032 - experiments.framework - INFO - Saving sgfa_K2_percW25_grp0.2 factor scores Z shape: (86, 2)
2025-10-09 02:45:41,032 - experiments.framework - INFO - Saving sgfa_K2_percW25_grp0.2 factor scores Z shape: (86, 2)
2025-10-09 02:45:41,108 - experiments.framework - INFO - Saving sgfa_K2_percW33_grp0.0 factor scores Z shape: (86, 2)
2025-10-09 02:45:41,108 - experiments.framework - INFO - Saving sgfa_K2_percW33_grp0.0 factor scores Z shape: (86, 2)
2025-10-09 02:45:41,184 - experiments.framework - INFO - Saving sgfa_K2_percW33_grp0.05 factor scores Z shape: (86, 2)
2025-10-09 02:45:41,184 - experiments.framework - INFO - Saving sgfa_K2_percW33_grp0.05 factor scores Z shape: (86, 2)
2025-10-09 02:45:41,262 - experiments.framework - INFO - Saving sgfa_K2_percW33_grp0.1 factor scores Z shape: (86, 2)
2025-10-09 02:45:41,262 - experiments.framework - INFO - Saving sgfa_K2_percW33_grp0.1 factor scores Z shape: (86, 2)
2025-10-09 02:45:41,343 - experiments.framework - INFO - Saving sgfa_K2_percW33_grp0.2 factor scores Z shape: (86, 2)
2025-10-09 02:45:41,343 - experiments.framework - INFO - Saving sgfa_K2_percW33_grp0.2 factor scores Z shape: (86, 2)
2025-10-09 02:45:41,446 - experiments.framework - INFO - Saving sgfa_K3_percW10_grp0.0 factor scores Z shape: (86, 3)
2025-10-09 02:45:41,446 - experiments.framework - INFO - Saving sgfa_K3_percW10_grp0.0 factor scores Z shape: (86, 3)
2025-10-09 02:45:41,550 - experiments.framework - INFO - Saving sgfa_K3_percW10_grp0.05 factor scores Z shape: (86, 3)
2025-10-09 02:45:41,550 - experiments.framework - INFO - Saving sgfa_K3_percW10_grp0.05 factor scores Z shape: (86, 3)
2025-10-09 02:45:41,653 - experiments.framework - INFO - Saving sgfa_K3_percW10_grp0.1 factor scores Z shape: (86, 3)
2025-10-09 02:45:41,653 - experiments.framework - INFO - Saving sgfa_K3_percW10_grp0.1 factor scores Z shape: (86, 3)
2025-10-09 02:45:41,757 - experiments.framework - INFO - Saving sgfa_K3_percW10_grp0.2 factor scores Z shape: (86, 3)
2025-10-09 02:45:41,757 - experiments.framework - INFO - Saving sgfa_K3_percW10_grp0.2 factor scores Z shape: (86, 3)
2025-10-09 02:45:41,858 - experiments.framework - INFO - Saving sgfa_K3_percW25_grp0.0 factor scores Z shape: (86, 3)
2025-10-09 02:45:41,858 - experiments.framework - INFO - Saving sgfa_K3_percW25_grp0.0 factor scores Z shape: (86, 3)
2025-10-09 02:45:41,962 - experiments.framework - INFO - Saving sgfa_K3_percW25_grp0.05 factor scores Z shape: (86, 3)
2025-10-09 02:45:41,962 - experiments.framework - INFO - Saving sgfa_K3_percW25_grp0.05 factor scores Z shape: (86, 3)
2025-10-09 02:45:42,067 - experiments.framework - INFO - Saving sgfa_K3_percW25_grp0.1 factor scores Z shape: (86, 3)
2025-10-09 02:45:42,067 - experiments.framework - INFO - Saving sgfa_K3_percW25_grp0.1 factor scores Z shape: (86, 3)
2025-10-09 02:45:42,169 - experiments.framework - INFO - Saving sgfa_K3_percW25_grp0.2 factor scores Z shape: (86, 3)
2025-10-09 02:45:42,169 - experiments.framework - INFO - Saving sgfa_K3_percW25_grp0.2 factor scores Z shape: (86, 3)
2025-10-09 02:45:42,273 - experiments.framework - INFO - Saving sgfa_K3_percW33_grp0.0 factor scores Z shape: (86, 3)
2025-10-09 02:45:42,273 - experiments.framework - INFO - Saving sgfa_K3_percW33_grp0.0 factor scores Z shape: (86, 3)
2025-10-09 02:45:42,377 - experiments.framework - INFO - Saving sgfa_K3_percW33_grp0.05 factor scores Z shape: (86, 3)
2025-10-09 02:45:42,377 - experiments.framework - INFO - Saving sgfa_K3_percW33_grp0.05 factor scores Z shape: (86, 3)
2025-10-09 02:45:42,480 - experiments.framework - INFO - Saving sgfa_K3_percW33_grp0.1 factor scores Z shape: (86, 3)
2025-10-09 02:45:42,480 - experiments.framework - INFO - Saving sgfa_K3_percW33_grp0.1 factor scores Z shape: (86, 3)
2025-10-09 02:45:42,581 - experiments.framework - INFO - Saving sgfa_K3_percW33_grp0.2 factor scores Z shape: (86, 3)
2025-10-09 02:45:42,581 - experiments.framework - INFO - Saving sgfa_K3_percW33_grp0.2 factor scores Z shape: (86, 3)
2025-10-09 02:45:42,707 - experiments.framework - INFO - Saving sgfa_K4_percW10_grp0.0 factor scores Z shape: (86, 4)
2025-10-09 02:45:42,707 - experiments.framework - INFO - Saving sgfa_K4_percW10_grp0.0 factor scores Z shape: (86, 4)
2025-10-09 02:45:42,835 - experiments.framework - INFO - Saving sgfa_K4_percW10_grp0.05 factor scores Z shape: (86, 4)
2025-10-09 02:45:42,835 - experiments.framework - INFO - Saving sgfa_K4_percW10_grp0.05 factor scores Z shape: (86, 4)
2025-10-09 02:45:42,963 - experiments.framework - INFO - Saving sgfa_K4_percW10_grp0.1 factor scores Z shape: (86, 4)
2025-10-09 02:45:42,963 - experiments.framework - INFO - Saving sgfa_K4_percW10_grp0.1 factor scores Z shape: (86, 4)
2025-10-09 02:45:43,088 - experiments.framework - INFO - Saving sgfa_K4_percW10_grp0.2 factor scores Z shape: (86, 4)
2025-10-09 02:45:43,088 - experiments.framework - INFO - Saving sgfa_K4_percW10_grp0.2 factor scores Z shape: (86, 4)
2025-10-09 02:45:43,225 - experiments.framework - INFO - Saving sgfa_K4_percW25_grp0.0 factor scores Z shape: (86, 4)
2025-10-09 02:45:43,225 - experiments.framework - INFO - Saving sgfa_K4_percW25_grp0.0 factor scores Z shape: (86, 4)
2025-10-09 02:45:43,349 - experiments.framework - INFO - Saving sgfa_K4_percW25_grp0.05 factor scores Z shape: (86, 4)
2025-10-09 02:45:43,349 - experiments.framework - INFO - Saving sgfa_K4_percW25_grp0.05 factor scores Z shape: (86, 4)
2025-10-09 02:45:43,474 - experiments.framework - INFO - Saving sgfa_K4_percW25_grp0.1 factor scores Z shape: (86, 4)
2025-10-09 02:45:43,474 - experiments.framework - INFO - Saving sgfa_K4_percW25_grp0.1 factor scores Z shape: (86, 4)
2025-10-09 02:45:43,598 - experiments.framework - INFO - Saving sgfa_K4_percW25_grp0.2 factor scores Z shape: (86, 4)
2025-10-09 02:45:43,598 - experiments.framework - INFO - Saving sgfa_K4_percW25_grp0.2 factor scores Z shape: (86, 4)
2025-10-09 02:45:43,738 - experiments.framework - INFO - Saving sgfa_K4_percW33_grp0.0 factor scores Z shape: (86, 4)
2025-10-09 02:45:43,738 - experiments.framework - INFO - Saving sgfa_K4_percW33_grp0.0 factor scores Z shape: (86, 4)
2025-10-09 02:45:43,864 - experiments.framework - INFO - Saving sgfa_K4_percW33_grp0.05 factor scores Z shape: (86, 4)
2025-10-09 02:45:43,864 - experiments.framework - INFO - Saving sgfa_K4_percW33_grp0.05 factor scores Z shape: (86, 4)
2025-10-09 02:45:43,988 - experiments.framework - INFO - Saving sgfa_K4_percW33_grp0.1 factor scores Z shape: (86, 4)
2025-10-09 02:45:43,988 - experiments.framework - INFO - Saving sgfa_K4_percW33_grp0.1 factor scores Z shape: (86, 4)
2025-10-09 02:45:44,113 - experiments.framework - INFO - Saving sgfa_K4_percW33_grp0.2 factor scores Z shape: (86, 4)
2025-10-09 02:45:44,113 - experiments.framework - INFO - Saving sgfa_K4_percW33_grp0.2 factor scores Z shape: (86, 4)
2025-10-09 02:45:44,119 - experiments.framework - INFO - Saving 6 plots to /cs/student/msc/aibh/2024/madhavan/sgfa_qmap-pd/results/all_conf-age+sex+tiv_run_20251008_221121/sgfa_hyperparameter_tuning_20251008_221147/plots
2025-10-09 02:45:44,119 - experiments.framework - INFO - Saving 6 plots to /cs/student/msc/aibh/2024/madhavan/sgfa_qmap-pd/results/all_conf-age+sex+tiv_run_20251008_221121/sgfa_hyperparameter_tuning_20251008_221147/plots
2025-10-09 02:45:46,196 - experiments.framework - INFO -   ✅ Saved plot: sgfa_variant_performance
2025-10-09 02:45:46,196 - experiments.framework - INFO -   ✅ Saved plot: sgfa_variant_performance
2025-10-09 02:45:48,790 - experiments.framework - INFO -   ✅ Saved plot: sgfa_variant_quality
2025-10-09 02:45:48,790 - experiments.framework - INFO -   ✅ Saved plot: sgfa_variant_quality
2025-10-09 02:45:49,829 - experiments.framework - INFO -   ✅ Saved plot: best_factor_loadings
2025-10-09 02:45:49,829 - experiments.framework - INFO -   ✅ Saved plot: best_factor_loadings
2025-10-09 02:45:56,959 - experiments.framework - INFO -   ✅ Saved plot: best_factor_scores
2025-10-09 02:45:56,959 - experiments.framework - INFO -   ✅ Saved plot: best_factor_scores
2025-10-09 02:45:57,733 - experiments.framework - INFO -   ✅ Saved plot: parameter_grid_search
2025-10-09 02:45:57,733 - experiments.framework - INFO -   ✅ Saved plot: parameter_grid_search
2025-10-09 02:45:58,885 - experiments.framework - INFO -   ✅ Saved plot: parameter_heatmaps
2025-10-09 02:45:58,885 - experiments.framework - INFO -   ✅ Saved plot: parameter_heatmaps
2025-10-09 02:45:58,885 - experiments.framework - INFO - All plots saved to: /cs/student/msc/aibh/2024/madhavan/sgfa_qmap-pd/results/all_conf-age+sex+tiv_run_20251008_221121/sgfa_hyperparameter_tuning_20251008_221147/plots
2025-10-09 02:45:58,885 - experiments.framework - INFO - All plots saved to: /cs/student/msc/aibh/2024/madhavan/sgfa_qmap-pd/results/all_conf-age+sex+tiv_run_20251008_221121/sgfa_hyperparameter_tuning_20251008_221147/plots
2025-10-09 02:46:08,058 - experiments.framework - INFO - ExperimentFramework initialized with output dir: /cs/student/msc/aibh/2024/madhavan/sgfa_qmap-pd/results/all_conf-age+sex+tiv_run_20251008_221121
2025-10-09 02:46:08,058 - experiments.framework - INFO - ExperimentFramework initialized with output dir: /cs/student/msc/aibh/2024/madhavan/sgfa_qmap-pd/results/all_conf-age+sex+tiv_run_20251008_221121
2025-10-09 02:46:08,058 - experiments.framework - INFO - ExperimentFramework initialized with output dir: /cs/student/msc/aibh/2024/madhavan/sgfa_qmap-pd/results/all_conf-age+sex+tiv_run_20251008_221121
2025-10-09 02:46:08,066 - experiments.framework - INFO - Starting experiment: methods_comparison_20251009_024608
2025-10-09 02:46:08,066 - experiments.framework - INFO - Starting experiment: methods_comparison_20251009_024608
2025-10-09 02:46:08,066 - experiments.framework - INFO - Starting experiment: methods_comparison_20251009_024608
2025-10-09 02:54:57,777 - experiments.framework - INFO - Saving sparseGFA factor scores Z shape: (86, 5)
2025-10-09 02:54:57,777 - experiments.framework - INFO - Saving sparseGFA factor scores Z shape: (86, 5)
2025-10-09 02:54:57,777 - experiments.framework - INFO - Saving sparseGFA factor scores Z shape: (86, 5)
2025-10-09 02:54:58,013 - experiments.framework - INFO - Saving pca factor scores Z shape: (86, 5)
2025-10-09 02:54:58,013 - experiments.framework - INFO - Saving pca factor scores Z shape: (86, 5)
2025-10-09 02:54:58,013 - experiments.framework - INFO - Saving pca factor scores Z shape: (86, 5)
2025-10-09 02:54:58,252 - experiments.framework - INFO - Saving ica factor scores Z shape: (86, 5)
2025-10-09 02:54:58,252 - experiments.framework - INFO - Saving ica factor scores Z shape: (86, 5)
2025-10-09 02:54:58,252 - experiments.framework - INFO - Saving ica factor scores Z shape: (86, 5)
2025-10-09 02:54:58,464 - experiments.framework - INFO - Saving fa factor scores Z shape: (86, 5)
2025-10-09 02:54:58,464 - experiments.framework - INFO - Saving fa factor scores Z shape: (86, 5)
2025-10-09 02:54:58,464 - experiments.framework - INFO - Saving fa factor scores Z shape: (86, 5)
2025-10-09 02:54:58,665 - experiments.framework - INFO - Saving nmf factor scores Z shape: (86, 5)
2025-10-09 02:54:58,665 - experiments.framework - INFO - Saving nmf factor scores Z shape: (86, 5)
2025-10-09 02:54:58,665 - experiments.framework - INFO - Saving nmf factor scores Z shape: (86, 5)
2025-10-09 02:54:58,872 - experiments.framework - INFO - Saving kmeans factor scores Z shape: (86, 5)
2025-10-09 02:54:58,872 - experiments.framework - INFO - Saving kmeans factor scores Z shape: (86, 5)
2025-10-09 02:54:58,872 - experiments.framework - INFO - Saving kmeans factor scores Z shape: (86, 5)
2025-10-09 02:54:59,097 - experiments.framework - INFO - Saving cca factor scores Z shape: (86, 5)
2025-10-09 02:54:59,097 - experiments.framework - INFO - Saving cca factor scores Z shape: (86, 5)
2025-10-09 02:54:59,097 - experiments.framework - INFO - Saving cca factor scores Z shape: (86, 5)
2025-10-09 02:54:59,380 - experiments.framework - INFO - 🏁 EXPERIMENT COMPLETED: methods_comparison_20251009_024608
2025-10-09 02:54:59,380 - experiments.framework - INFO - 🏁 EXPERIMENT COMPLETED: methods_comparison_20251009_024608
2025-10-09 02:54:59,380 - experiments.framework - INFO - 🏁 EXPERIMENT COMPLETED: methods_comparison_20251009_024608
2025-10-09 02:54:59,380 - experiments.framework - INFO - ⏱️  TOTAL RUNTIME: 8.9 minutes (531s)
2025-10-09 02:54:59,380 - experiments.framework - INFO - ⏱️  TOTAL RUNTIME: 8.9 minutes (531s)
2025-10-09 02:54:59,380 - experiments.framework - INFO - ⏱️  TOTAL RUNTIME: 8.9 minutes (531s)
2025-10-09 02:54:59,380 - experiments.framework - INFO - 🕐 Started: 2025-10-09 02:46:08
2025-10-09 02:54:59,380 - experiments.framework - INFO - 🕐 Started: 2025-10-09 02:46:08
2025-10-09 02:54:59,380 - experiments.framework - INFO - 🕐 Started: 2025-10-09 02:46:08
2025-10-09 02:54:59,380 - experiments.framework - INFO - 🕑 Finished: 2025-10-09 02:54:59
2025-10-09 02:54:59,380 - experiments.framework - INFO - 🕑 Finished: 2025-10-09 02:54:59
2025-10-09 02:54:59,380 - experiments.framework - INFO - 🕑 Finished: 2025-10-09 02:54:59
2025-10-09 02:54:59,381 - experiments.framework - INFO - Experiment completed successfully: methods_comparison_20251009_024608
2025-10-09 02:54:59,381 - experiments.framework - INFO - Experiment completed successfully: methods_comparison_20251009_024608
2025-10-09 02:54:59,381 - experiments.framework - INFO - Experiment completed successfully: methods_comparison_20251009_024608
2025-10-09 02:54:59,381 - experiments.framework - INFO - 🧹 Performing comprehensive memory cleanup...
2025-10-09 02:54:59,381 - experiments.framework - INFO - 🧹 Performing comprehensive memory cleanup...
2025-10-09 02:54:59,381 - experiments.framework - INFO - 🧹 Performing comprehensive memory cleanup...
2025-10-09 02:54:59,496 - experiments.framework - INFO - Garbage collection freed 186 objects
2025-10-09 02:54:59,496 - experiments.framework - INFO - Garbage collection freed 186 objects
2025-10-09 02:54:59,496 - experiments.framework - INFO - Garbage collection freed 186 objects
2025-10-09 02:54:59,931 - experiments.framework - INFO - GPU memory cleanup attempted
2025-10-09 02:54:59,931 - experiments.framework - INFO - GPU memory cleanup attempted
2025-10-09 02:54:59,931 - experiments.framework - INFO - GPU memory cleanup attempted
2025-10-09 02:55:00,932 - experiments.framework - INFO - ✅ Comprehensive memory cleanup completed
2025-10-09 02:55:00,932 - experiments.framework - INFO - ✅ Comprehensive memory cleanup completed
2025-10-09 02:55:00,932 - experiments.framework - INFO - ✅ Comprehensive memory cleanup completed
2025-10-09 02:55:01,554 - experiments.framework - INFO - Pickle saving disabled to prevent large files - using JSON and CSV instead
2025-10-09 02:55:01,554 - experiments.framework - INFO - Pickle saving disabled to prevent large files - using JSON and CSV instead
2025-10-09 02:55:01,554 - experiments.framework - INFO - Pickle saving disabled to prevent large files - using JSON and CSV instead
2025-10-09 02:55:01,561 - experiments.framework - INFO - Saving 6 plots to /cs/student/msc/aibh/2024/madhavan/sgfa_qmap-pd/results/all_conf-age+sex+tiv_run_20251008_221121/methods_comparison_20251009_024608/plots
2025-10-09 02:55:01,561 - experiments.framework - INFO - Saving 6 plots to /cs/student/msc/aibh/2024/madhavan/sgfa_qmap-pd/results/all_conf-age+sex+tiv_run_20251008_221121/methods_comparison_20251009_024608/plots
2025-10-09 02:55:01,561 - experiments.framework - INFO - Saving 6 plots to /cs/student/msc/aibh/2024/madhavan/sgfa_qmap-pd/results/all_conf-age+sex+tiv_run_20251008_221121/methods_comparison_20251009_024608/plots
2025-10-09 02:55:02,298 - experiments.framework - INFO -   ✅ Saved plot: sparsegfa_vs_traditional_performance
2025-10-09 02:55:02,298 - experiments.framework - INFO -   ✅ Saved plot: sparsegfa_vs_traditional_performance
2025-10-09 02:55:02,298 - experiments.framework - INFO -   ✅ Saved plot: sparsegfa_vs_traditional_performance
2025-10-09 02:55:02,776 - experiments.framework - INFO -   ✅ Saved plot: model_reconstruction_quality
2025-10-09 02:55:02,776 - experiments.framework - INFO -   ✅ Saved plot: model_reconstruction_quality
2025-10-09 02:55:02,776 - experiments.framework - INFO -   ✅ Saved plot: model_reconstruction_quality
2025-10-09 02:55:03,235 - experiments.framework - INFO -   ✅ Saved plot: information_criteria
2025-10-09 02:55:03,235 - experiments.framework - INFO -   ✅ Saved plot: information_criteria
2025-10-09 02:55:03,235 - experiments.framework - INFO -   ✅ Saved plot: information_criteria
2025-10-09 02:55:03,842 - experiments.framework - INFO -   ✅ Saved plot: factor_stability
2025-10-09 02:55:03,842 - experiments.framework - INFO -   ✅ Saved plot: factor_stability
2025-10-09 02:55:03,842 - experiments.framework - INFO -   ✅ Saved plot: factor_stability
2025-10-09 02:55:04,328 - experiments.framework - INFO -   ✅ Saved plot: model_performance_vs_quality_tradeoff
2025-10-09 02:55:04,328 - experiments.framework - INFO -   ✅ Saved plot: model_performance_vs_quality_tradeoff
2025-10-09 02:55:04,328 - experiments.framework - INFO -   ✅ Saved plot: model_performance_vs_quality_tradeoff
2025-10-09 02:55:04,863 - experiments.framework - INFO -   ✅ Saved plot: comprehensive_comparison_table
2025-10-09 02:55:04,863 - experiments.framework - INFO -   ✅ Saved plot: comprehensive_comparison_table
2025-10-09 02:55:04,863 - experiments.framework - INFO -   ✅ Saved plot: comprehensive_comparison_table
2025-10-09 02:55:04,863 - experiments.framework - INFO - All plots saved to: /cs/student/msc/aibh/2024/madhavan/sgfa_qmap-pd/results/all_conf-age+sex+tiv_run_20251008_221121/methods_comparison_20251009_024608/plots
2025-10-09 02:55:04,863 - experiments.framework - INFO - All plots saved to: /cs/student/msc/aibh/2024/madhavan/sgfa_qmap-pd/results/all_conf-age+sex+tiv_run_20251008_221121/methods_comparison_20251009_024608/plots
2025-10-09 02:55:04,863 - experiments.framework - INFO - All plots saved to: /cs/student/msc/aibh/2024/madhavan/sgfa_qmap-pd/results/all_conf-age+sex+tiv_run_20251008_221121/methods_comparison_20251009_024608/plots
2025-10-09 02:55:14,649 - experiments.framework - INFO - ExperimentFramework initialized with output dir: /cs/student/msc/aibh/2024/madhavan/sgfa_qmap-pd/results/all_conf-age+sex+tiv_run_20251008_221121
2025-10-09 02:55:14,649 - experiments.framework - INFO - ExperimentFramework initialized with output dir: /cs/student/msc/aibh/2024/madhavan/sgfa_qmap-pd/results/all_conf-age+sex+tiv_run_20251008_221121
2025-10-09 02:55:14,649 - experiments.framework - INFO - ExperimentFramework initialized with output dir: /cs/student/msc/aibh/2024/madhavan/sgfa_qmap-pd/results/all_conf-age+sex+tiv_run_20251008_221121
2025-10-09 02:55:14,649 - experiments.framework - INFO - ExperimentFramework initialized with output dir: /cs/student/msc/aibh/2024/madhavan/sgfa_qmap-pd/results/all_conf-age+sex+tiv_run_20251008_221121
2025-10-09 02:55:14,659 - experiments.framework - INFO - Starting experiment: sensitivity_analysis_20251009_025514
2025-10-09 02:55:14,659 - experiments.framework - INFO - Starting experiment: sensitivity_analysis_20251009_025514
2025-10-09 02:55:14,659 - experiments.framework - INFO - Starting experiment: sensitivity_analysis_20251009_025514
2025-10-09 02:55:14,659 - experiments.framework - INFO - Starting experiment: sensitivity_analysis_20251009_025514
2025-10-09 03:14:23,011 - experiments.framework - INFO - 🏁 EXPERIMENT COMPLETED: sensitivity_analysis_20251009_025514
2025-10-09 03:14:23,011 - experiments.framework - INFO - 🏁 EXPERIMENT COMPLETED: sensitivity_analysis_20251009_025514
2025-10-09 03:14:23,011 - experiments.framework - INFO - 🏁 EXPERIMENT COMPLETED: sensitivity_analysis_20251009_025514
2025-10-09 03:14:23,011 - experiments.framework - INFO - 🏁 EXPERIMENT COMPLETED: sensitivity_analysis_20251009_025514
2025-10-09 03:14:23,012 - experiments.framework - INFO - ⏱️  TOTAL RUNTIME: 19.1 minutes (1148s)
2025-10-09 03:14:23,012 - experiments.framework - INFO - ⏱️  TOTAL RUNTIME: 19.1 minutes (1148s)
2025-10-09 03:14:23,012 - experiments.framework - INFO - ⏱️  TOTAL RUNTIME: 19.1 minutes (1148s)
2025-10-09 03:14:23,012 - experiments.framework - INFO - ⏱️  TOTAL RUNTIME: 19.1 minutes (1148s)
2025-10-09 03:14:23,012 - experiments.framework - INFO - 🕐 Started: 2025-10-09 02:55:14
2025-10-09 03:14:23,012 - experiments.framework - INFO - 🕐 Started: 2025-10-09 02:55:14
2025-10-09 03:14:23,012 - experiments.framework - INFO - 🕐 Started: 2025-10-09 02:55:14
2025-10-09 03:14:23,012 - experiments.framework - INFO - 🕐 Started: 2025-10-09 02:55:14
2025-10-09 03:14:23,012 - experiments.framework - INFO - 🕑 Finished: 2025-10-09 03:14:23
2025-10-09 03:14:23,012 - experiments.framework - INFO - 🕑 Finished: 2025-10-09 03:14:23
2025-10-09 03:14:23,012 - experiments.framework - INFO - 🕑 Finished: 2025-10-09 03:14:23
2025-10-09 03:14:23,012 - experiments.framework - INFO - 🕑 Finished: 2025-10-09 03:14:23
2025-10-09 03:14:23,012 - experiments.framework - INFO - Experiment completed successfully: sensitivity_analysis_20251009_025514
2025-10-09 03:14:23,012 - experiments.framework - INFO - Experiment completed successfully: sensitivity_analysis_20251009_025514
2025-10-09 03:14:23,012 - experiments.framework - INFO - Experiment completed successfully: sensitivity_analysis_20251009_025514
2025-10-09 03:14:23,012 - experiments.framework - INFO - Experiment completed successfully: sensitivity_analysis_20251009_025514
2025-10-09 03:14:23,012 - experiments.framework - INFO - 🧹 Performing comprehensive memory cleanup...
2025-10-09 03:14:23,012 - experiments.framework - INFO - 🧹 Performing comprehensive memory cleanup...
2025-10-09 03:14:23,012 - experiments.framework - INFO - 🧹 Performing comprehensive memory cleanup...
2025-10-09 03:14:23,012 - experiments.framework - INFO - 🧹 Performing comprehensive memory cleanup...
2025-10-09 03:14:23,132 - experiments.framework - INFO - Garbage collection freed 65 objects
2025-10-09 03:14:23,132 - experiments.framework - INFO - Garbage collection freed 65 objects
2025-10-09 03:14:23,132 - experiments.framework - INFO - Garbage collection freed 65 objects
2025-10-09 03:14:23,132 - experiments.framework - INFO - Garbage collection freed 65 objects
2025-10-09 03:14:23,589 - experiments.framework - INFO - GPU memory cleanup attempted
2025-10-09 03:14:23,589 - experiments.framework - INFO - GPU memory cleanup attempted
2025-10-09 03:14:23,589 - experiments.framework - INFO - GPU memory cleanup attempted
2025-10-09 03:14:23,589 - experiments.framework - INFO - GPU memory cleanup attempted
2025-10-09 03:14:24,591 - experiments.framework - INFO - ✅ Comprehensive memory cleanup completed
2025-10-09 03:14:24,591 - experiments.framework - INFO - ✅ Comprehensive memory cleanup completed
2025-10-09 03:14:24,591 - experiments.framework - INFO - ✅ Comprehensive memory cleanup completed
2025-10-09 03:14:24,591 - experiments.framework - INFO - ✅ Comprehensive memory cleanup completed
2025-10-09 03:14:24,723 - experiments.framework - INFO - Pickle saving disabled to prevent large files - using JSON and CSV instead
2025-10-09 03:14:24,723 - experiments.framework - INFO - Pickle saving disabled to prevent large files - using JSON and CSV instead
2025-10-09 03:14:24,723 - experiments.framework - INFO - Pickle saving disabled to prevent large files - using JSON and CSV instead
2025-10-09 03:14:24,723 - experiments.framework - INFO - Pickle saving disabled to prevent large files - using JSON and CSV instead
2025-10-09 03:14:24,729 - experiments.framework - INFO - Saving 1 plots to /cs/student/msc/aibh/2024/madhavan/sgfa_qmap-pd/results/all_conf-age+sex+tiv_run_20251008_221121/sensitivity_analysis_20251009_025514/plots
2025-10-09 03:14:24,729 - experiments.framework - INFO - Saving 1 plots to /cs/student/msc/aibh/2024/madhavan/sgfa_qmap-pd/results/all_conf-age+sex+tiv_run_20251008_221121/sensitivity_analysis_20251009_025514/plots
2025-10-09 03:14:24,729 - experiments.framework - INFO - Saving 1 plots to /cs/student/msc/aibh/2024/madhavan/sgfa_qmap-pd/results/all_conf-age+sex+tiv_run_20251008_221121/sensitivity_analysis_20251009_025514/plots
2025-10-09 03:14:24,729 - experiments.framework - INFO - Saving 1 plots to /cs/student/msc/aibh/2024/madhavan/sgfa_qmap-pd/results/all_conf-age+sex+tiv_run_20251008_221121/sensitivity_analysis_20251009_025514/plots
2025-10-09 03:14:26,697 - experiments.framework - INFO -   ✅ Saved plot: parameter_sensitivity_summary
2025-10-09 03:14:26,697 - experiments.framework - INFO -   ✅ Saved plot: parameter_sensitivity_summary
2025-10-09 03:14:26,697 - experiments.framework - INFO -   ✅ Saved plot: parameter_sensitivity_summary
2025-10-09 03:14:26,697 - experiments.framework - INFO -   ✅ Saved plot: parameter_sensitivity_summary
2025-10-09 03:14:26,697 - experiments.framework - INFO - All plots saved to: /cs/student/msc/aibh/2024/madhavan/sgfa_qmap-pd/results/all_conf-age+sex+tiv_run_20251008_221121/sensitivity_analysis_20251009_025514/plots
2025-10-09 03:14:26,697 - experiments.framework - INFO - All plots saved to: /cs/student/msc/aibh/2024/madhavan/sgfa_qmap-pd/results/all_conf-age+sex+tiv_run_20251008_221121/sensitivity_analysis_20251009_025514/plots
2025-10-09 03:14:26,697 - experiments.framework - INFO - All plots saved to: /cs/student/msc/aibh/2024/madhavan/sgfa_qmap-pd/results/all_conf-age+sex+tiv_run_20251008_221121/sensitivity_analysis_20251009_025514/plots
2025-10-09 03:14:26,697 - experiments.framework - INFO - All plots saved to: /cs/student/msc/aibh/2024/madhavan/sgfa_qmap-pd/results/all_conf-age+sex+tiv_run_20251008_221121/sensitivity_analysis_20251009_025514/plots
2025-10-09 03:14:40,191 - experiments.framework - INFO - ExperimentFramework initialized with output dir: /cs/student/msc/aibh/2024/madhavan/sgfa_qmap-pd/results/all_conf-age+sex+tiv_run_20251008_221121
2025-10-09 03:14:40,191 - experiments.framework - INFO - ExperimentFramework initialized with output dir: /cs/student/msc/aibh/2024/madhavan/sgfa_qmap-pd/results/all_conf-age+sex+tiv_run_20251008_221121
2025-10-09 03:14:40,191 - experiments.framework - INFO - ExperimentFramework initialized with output dir: /cs/student/msc/aibh/2024/madhavan/sgfa_qmap-pd/results/all_conf-age+sex+tiv_run_20251008_221121
2025-10-09 03:14:40,191 - experiments.framework - INFO - ExperimentFramework initialized with output dir: /cs/student/msc/aibh/2024/madhavan/sgfa_qmap-pd/results/all_conf-age+sex+tiv_run_20251008_221121
2025-10-09 03:14:40,191 - experiments.framework - INFO - ExperimentFramework initialized with output dir: /cs/student/msc/aibh/2024/madhavan/sgfa_qmap-pd/results/all_conf-age+sex+tiv_run_20251008_221121
2025-10-09 03:14:40,205 - experiments.framework - INFO - Starting experiment: clinical_validation_20251009_031440
2025-10-09 03:14:40,205 - experiments.framework - INFO - Starting experiment: clinical_validation_20251009_031440
2025-10-09 03:14:40,205 - experiments.framework - INFO - Starting experiment: clinical_validation_20251009_031440
2025-10-09 03:14:40,205 - experiments.framework - INFO - Starting experiment: clinical_validation_20251009_031440
2025-10-09 03:14:40,205 - experiments.framework - INFO - Starting experiment: clinical_validation_20251009_031440
2025-10-09 03:21:22,431 - experiments.framework - INFO - 🏁 EXPERIMENT COMPLETED: clinical_validation_20251009_031440
2025-10-09 03:21:22,431 - experiments.framework - INFO - 🏁 EXPERIMENT COMPLETED: clinical_validation_20251009_031440
2025-10-09 03:21:22,431 - experiments.framework - INFO - 🏁 EXPERIMENT COMPLETED: clinical_validation_20251009_031440
2025-10-09 03:21:22,431 - experiments.framework - INFO - 🏁 EXPERIMENT COMPLETED: clinical_validation_20251009_031440
2025-10-09 03:21:22,431 - experiments.framework - INFO - 🏁 EXPERIMENT COMPLETED: clinical_validation_20251009_031440
2025-10-09 03:21:22,432 - experiments.framework - INFO - ⏱️  TOTAL RUNTIME: 6.7 minutes (402s)
2025-10-09 03:21:22,432 - experiments.framework - INFO - ⏱️  TOTAL RUNTIME: 6.7 minutes (402s)
2025-10-09 03:21:22,432 - experiments.framework - INFO - ⏱️  TOTAL RUNTIME: 6.7 minutes (402s)
2025-10-09 03:21:22,432 - experiments.framework - INFO - ⏱️  TOTAL RUNTIME: 6.7 minutes (402s)
2025-10-09 03:21:22,432 - experiments.framework - INFO - ⏱️  TOTAL RUNTIME: 6.7 minutes (402s)
2025-10-09 03:21:22,432 - experiments.framework - INFO - 🕐 Started: 2025-10-09 03:14:40
2025-10-09 03:21:22,432 - experiments.framework - INFO - 🕐 Started: 2025-10-09 03:14:40
2025-10-09 03:21:22,432 - experiments.framework - INFO - 🕐 Started: 2025-10-09 03:14:40
2025-10-09 03:21:22,432 - experiments.framework - INFO - 🕐 Started: 2025-10-09 03:14:40
2025-10-09 03:21:22,432 - experiments.framework - INFO - 🕐 Started: 2025-10-09 03:14:40
2025-10-09 03:21:22,432 - experiments.framework - INFO - 🕑 Finished: 2025-10-09 03:21:22
2025-10-09 03:21:22,432 - experiments.framework - INFO - 🕑 Finished: 2025-10-09 03:21:22
2025-10-09 03:21:22,432 - experiments.framework - INFO - 🕑 Finished: 2025-10-09 03:21:22
2025-10-09 03:21:22,432 - experiments.framework - INFO - 🕑 Finished: 2025-10-09 03:21:22
2025-10-09 03:21:22,432 - experiments.framework - INFO - 🕑 Finished: 2025-10-09 03:21:22
2025-10-09 03:21:22,432 - experiments.framework - INFO - Experiment completed successfully: clinical_validation_20251009_031440
2025-10-09 03:21:22,432 - experiments.framework - INFO - Experiment completed successfully: clinical_validation_20251009_031440
2025-10-09 03:21:22,432 - experiments.framework - INFO - Experiment completed successfully: clinical_validation_20251009_031440
2025-10-09 03:21:22,432 - experiments.framework - INFO - Experiment completed successfully: clinical_validation_20251009_031440
2025-10-09 03:21:22,432 - experiments.framework - INFO - Experiment completed successfully: clinical_validation_20251009_031440
2025-10-09 03:21:22,432 - experiments.framework - INFO - 🧹 Performing comprehensive memory cleanup...
2025-10-09 03:21:22,432 - experiments.framework - INFO - 🧹 Performing comprehensive memory cleanup...
2025-10-09 03:21:22,432 - experiments.framework - INFO - 🧹 Performing comprehensive memory cleanup...
2025-10-09 03:21:22,432 - experiments.framework - INFO - 🧹 Performing comprehensive memory cleanup...
2025-10-09 03:21:22,432 - experiments.framework - INFO - 🧹 Performing comprehensive memory cleanup...
2025-10-09 03:21:22,620 - experiments.framework - INFO - Garbage collection freed 205 objects
2025-10-09 03:21:22,620 - experiments.framework - INFO - Garbage collection freed 205 objects
2025-10-09 03:21:22,620 - experiments.framework - INFO - Garbage collection freed 205 objects
2025-10-09 03:21:22,620 - experiments.framework - INFO - Garbage collection freed 205 objects
2025-10-09 03:21:22,620 - experiments.framework - INFO - Garbage collection freed 205 objects
2025-10-09 03:21:23,336 - experiments.framework - INFO - GPU memory cleanup attempted
2025-10-09 03:21:23,336 - experiments.framework - INFO - GPU memory cleanup attempted
2025-10-09 03:21:23,336 - experiments.framework - INFO - GPU memory cleanup attempted
2025-10-09 03:21:23,336 - experiments.framework - INFO - GPU memory cleanup attempted
2025-10-09 03:21:23,336 - experiments.framework - INFO - GPU memory cleanup attempted
2025-10-09 03:21:24,337 - experiments.framework - INFO - ✅ Comprehensive memory cleanup completed
2025-10-09 03:21:24,337 - experiments.framework - INFO - ✅ Comprehensive memory cleanup completed
2025-10-09 03:21:24,337 - experiments.framework - INFO - ✅ Comprehensive memory cleanup completed
2025-10-09 03:21:24,337 - experiments.framework - INFO - ✅ Comprehensive memory cleanup completed
2025-10-09 03:21:24,337 - experiments.framework - INFO - ✅ Comprehensive memory cleanup completed
2025-10-09 03:21:24,386 - experiments.framework - INFO - Pickle saving disabled to prevent large files - using JSON and CSV instead
2025-10-09 03:21:24,386 - experiments.framework - INFO - Pickle saving disabled to prevent large files - using JSON and CSV instead
2025-10-09 03:21:24,386 - experiments.framework - INFO - Pickle saving disabled to prevent large files - using JSON and CSV instead
2025-10-09 03:21:24,386 - experiments.framework - INFO - Pickle saving disabled to prevent large files - using JSON and CSV instead
2025-10-09 03:21:24,386 - experiments.framework - INFO - Pickle saving disabled to prevent large files - using JSON and CSV instead
2025-10-09 03:21:24,392 - experiments.framework - INFO - Saving 1 plots to /cs/student/msc/aibh/2024/madhavan/sgfa_qmap-pd/results/all_conf-age+sex+tiv_run_20251008_221121/clinical_validation_20251009_031440/plots
2025-10-09 03:21:24,392 - experiments.framework - INFO - Saving 1 plots to /cs/student/msc/aibh/2024/madhavan/sgfa_qmap-pd/results/all_conf-age+sex+tiv_run_20251008_221121/clinical_validation_20251009_031440/plots
2025-10-09 03:21:24,392 - experiments.framework - INFO - Saving 1 plots to /cs/student/msc/aibh/2024/madhavan/sgfa_qmap-pd/results/all_conf-age+sex+tiv_run_20251008_221121/clinical_validation_20251009_031440/plots
2025-10-09 03:21:24,392 - experiments.framework - INFO - Saving 1 plots to /cs/student/msc/aibh/2024/madhavan/sgfa_qmap-pd/results/all_conf-age+sex+tiv_run_20251008_221121/clinical_validation_20251009_031440/plots
2025-10-09 03:21:24,392 - experiments.framework - INFO - Saving 1 plots to /cs/student/msc/aibh/2024/madhavan/sgfa_qmap-pd/results/all_conf-age+sex+tiv_run_20251008_221121/clinical_validation_20251009_031440/plots
2025-10-09 03:21:25,100 - experiments.framework - INFO -   ✅ Saved plot: clinical_validation_summary
2025-10-09 03:21:25,100 - experiments.framework - INFO -   ✅ Saved plot: clinical_validation_summary
2025-10-09 03:21:25,100 - experiments.framework - INFO -   ✅ Saved plot: clinical_validation_summary
2025-10-09 03:21:25,100 - experiments.framework - INFO -   ✅ Saved plot: clinical_validation_summary
2025-10-09 03:21:25,100 - experiments.framework - INFO -   ✅ Saved plot: clinical_validation_summary
2025-10-09 03:21:25,100 - experiments.framework - INFO - All plots saved to: /cs/student/msc/aibh/2024/madhavan/sgfa_qmap-pd/results/all_conf-age+sex+tiv_run_20251008_221121/clinical_validation_20251009_031440/plots
2025-10-09 03:21:25,100 - experiments.framework - INFO - All plots saved to: /cs/student/msc/aibh/2024/madhavan/sgfa_qmap-pd/results/all_conf-age+sex+tiv_run_20251008_221121/clinical_validation_20251009_031440/plots
2025-10-09 03:21:25,100 - experiments.framework - INFO - All plots saved to: /cs/student/msc/aibh/2024/madhavan/sgfa_qmap-pd/results/all_conf-age+sex+tiv_run_20251008_221121/clinical_validation_20251009_031440/plots
2025-10-09 03:21:25,100 - experiments.framework - INFO - All plots saved to: /cs/student/msc/aibh/2024/madhavan/sgfa_qmap-pd/results/all_conf-age+sex+tiv_run_20251008_221121/clinical_validation_20251009_031440/plots
2025-10-09 03:21:25,100 - experiments.framework - INFO - All plots saved to: /cs/student/msc/aibh/2024/madhavan/sgfa_qmap-pd/results/all_conf-age+sex+tiv_run_20251008_221121/clinical_validation_20251009_031440/plots
2025-10-09 03:21:35,459 - experiments.framework - INFO - ExperimentFramework initialized with output dir: /cs/student/msc/aibh/2024/madhavan/sgfa_qmap-pd/results/all_conf-age+sex+tiv_run_20251008_221121
2025-10-09 03:21:35,459 - experiments.framework - INFO - ExperimentFramework initialized with output dir: /cs/student/msc/aibh/2024/madhavan/sgfa_qmap-pd/results/all_conf-age+sex+tiv_run_20251008_221121
2025-10-09 03:21:35,459 - experiments.framework - INFO - ExperimentFramework initialized with output dir: /cs/student/msc/aibh/2024/madhavan/sgfa_qmap-pd/results/all_conf-age+sex+tiv_run_20251008_221121
2025-10-09 03:21:35,459 - experiments.framework - INFO - ExperimentFramework initialized with output dir: /cs/student/msc/aibh/2024/madhavan/sgfa_qmap-pd/results/all_conf-age+sex+tiv_run_20251008_221121
2025-10-09 03:21:35,459 - experiments.framework - INFO - ExperimentFramework initialized with output dir: /cs/student/msc/aibh/2024/madhavan/sgfa_qmap-pd/results/all_conf-age+sex+tiv_run_20251008_221121
2025-10-09 03:21:35,459 - experiments.framework - INFO - ExperimentFramework initialized with output dir: /cs/student/msc/aibh/2024/madhavan/sgfa_qmap-pd/results/all_conf-age+sex+tiv_run_20251008_221121
2025-10-09 03:21:35,468 - experiments.framework - INFO - Starting experiment: reproducibility_tests_20251009_032135
2025-10-09 03:21:35,468 - experiments.framework - INFO - Starting experiment: reproducibility_tests_20251009_032135
2025-10-09 03:21:35,468 - experiments.framework - INFO - Starting experiment: reproducibility_tests_20251009_032135
2025-10-09 03:21:35,468 - experiments.framework - INFO - Starting experiment: reproducibility_tests_20251009_032135
2025-10-09 03:21:35,468 - experiments.framework - INFO - Starting experiment: reproducibility_tests_20251009_032135
2025-10-09 03:21:35,468 - experiments.framework - INFO - Starting experiment: reproducibility_tests_20251009_032135
2025-10-09 03:34:35,066 - experiments.framework - INFO - 🏁 EXPERIMENT COMPLETED: reproducibility_tests_20251009_032135
2025-10-09 03:34:35,066 - experiments.framework - INFO - 🏁 EXPERIMENT COMPLETED: reproducibility_tests_20251009_032135
2025-10-09 03:34:35,066 - experiments.framework - INFO - 🏁 EXPERIMENT COMPLETED: reproducibility_tests_20251009_032135
2025-10-09 03:34:35,066 - experiments.framework - INFO - 🏁 EXPERIMENT COMPLETED: reproducibility_tests_20251009_032135
2025-10-09 03:34:35,066 - experiments.framework - INFO - 🏁 EXPERIMENT COMPLETED: reproducibility_tests_20251009_032135
2025-10-09 03:34:35,066 - experiments.framework - INFO - 🏁 EXPERIMENT COMPLETED: reproducibility_tests_20251009_032135
2025-10-09 03:34:35,067 - experiments.framework - INFO - ⏱️  TOTAL RUNTIME: 13.0 minutes (780s)
2025-10-09 03:34:35,067 - experiments.framework - INFO - ⏱️  TOTAL RUNTIME: 13.0 minutes (780s)
2025-10-09 03:34:35,067 - experiments.framework - INFO - ⏱️  TOTAL RUNTIME: 13.0 minutes (780s)
2025-10-09 03:34:35,067 - experiments.framework - INFO - ⏱️  TOTAL RUNTIME: 13.0 minutes (780s)
2025-10-09 03:34:35,067 - experiments.framework - INFO - ⏱️  TOTAL RUNTIME: 13.0 minutes (780s)
2025-10-09 03:34:35,067 - experiments.framework - INFO - ⏱️  TOTAL RUNTIME: 13.0 minutes (780s)
2025-10-09 03:34:35,067 - experiments.framework - INFO - 🕐 Started: 2025-10-09 03:21:35
2025-10-09 03:34:35,067 - experiments.framework - INFO - 🕐 Started: 2025-10-09 03:21:35
2025-10-09 03:34:35,067 - experiments.framework - INFO - 🕐 Started: 2025-10-09 03:21:35
2025-10-09 03:34:35,067 - experiments.framework - INFO - 🕐 Started: 2025-10-09 03:21:35
2025-10-09 03:34:35,067 - experiments.framework - INFO - 🕐 Started: 2025-10-09 03:21:35
2025-10-09 03:34:35,067 - experiments.framework - INFO - 🕐 Started: 2025-10-09 03:21:35
2025-10-09 03:34:35,067 - experiments.framework - INFO - 🕑 Finished: 2025-10-09 03:34:35
2025-10-09 03:34:35,067 - experiments.framework - INFO - 🕑 Finished: 2025-10-09 03:34:35
2025-10-09 03:34:35,067 - experiments.framework - INFO - 🕑 Finished: 2025-10-09 03:34:35
2025-10-09 03:34:35,067 - experiments.framework - INFO - 🕑 Finished: 2025-10-09 03:34:35
2025-10-09 03:34:35,067 - experiments.framework - INFO - 🕑 Finished: 2025-10-09 03:34:35
2025-10-09 03:34:35,067 - experiments.framework - INFO - 🕑 Finished: 2025-10-09 03:34:35
2025-10-09 03:34:35,067 - experiments.framework - INFO - Experiment completed successfully: reproducibility_tests_20251009_032135
2025-10-09 03:34:35,067 - experiments.framework - INFO - Experiment completed successfully: reproducibility_tests_20251009_032135
2025-10-09 03:34:35,067 - experiments.framework - INFO - Experiment completed successfully: reproducibility_tests_20251009_032135
2025-10-09 03:34:35,067 - experiments.framework - INFO - Experiment completed successfully: reproducibility_tests_20251009_032135
2025-10-09 03:34:35,067 - experiments.framework - INFO - Experiment completed successfully: reproducibility_tests_20251009_032135
2025-10-09 03:34:35,067 - experiments.framework - INFO - Experiment completed successfully: reproducibility_tests_20251009_032135
2025-10-09 03:34:35,068 - experiments.framework - INFO - 🧹 Performing comprehensive memory cleanup...
2025-10-09 03:34:35,068 - experiments.framework - INFO - 🧹 Performing comprehensive memory cleanup...
2025-10-09 03:34:35,068 - experiments.framework - INFO - 🧹 Performing comprehensive memory cleanup...
2025-10-09 03:34:35,068 - experiments.framework - INFO - 🧹 Performing comprehensive memory cleanup...
2025-10-09 03:34:35,068 - experiments.framework - INFO - 🧹 Performing comprehensive memory cleanup...
2025-10-09 03:34:35,068 - experiments.framework - INFO - 🧹 Performing comprehensive memory cleanup...
2025-10-09 03:34:35,324 - experiments.framework - INFO - Garbage collection freed 50 objects
2025-10-09 03:34:35,324 - experiments.framework - INFO - Garbage collection freed 50 objects
2025-10-09 03:34:35,324 - experiments.framework - INFO - Garbage collection freed 50 objects
2025-10-09 03:34:35,324 - experiments.framework - INFO - Garbage collection freed 50 objects
2025-10-09 03:34:35,324 - experiments.framework - INFO - Garbage collection freed 50 objects
2025-10-09 03:34:35,324 - experiments.framework - INFO - Garbage collection freed 50 objects
2025-10-09 03:34:36,335 - experiments.framework - INFO - GPU memory cleanup attempted
2025-10-09 03:34:36,335 - experiments.framework - INFO - GPU memory cleanup attempted
2025-10-09 03:34:36,335 - experiments.framework - INFO - GPU memory cleanup attempted
2025-10-09 03:34:36,335 - experiments.framework - INFO - GPU memory cleanup attempted
2025-10-09 03:34:36,335 - experiments.framework - INFO - GPU memory cleanup attempted
2025-10-09 03:34:36,335 - experiments.framework - INFO - GPU memory cleanup attempted
2025-10-09 03:34:37,337 - experiments.framework - INFO - ✅ Comprehensive memory cleanup completed
2025-10-09 03:34:37,337 - experiments.framework - INFO - ✅ Comprehensive memory cleanup completed
2025-10-09 03:34:37,337 - experiments.framework - INFO - ✅ Comprehensive memory cleanup completed
2025-10-09 03:34:37,337 - experiments.framework - INFO - ✅ Comprehensive memory cleanup completed
2025-10-09 03:34:37,337 - experiments.framework - INFO - ✅ Comprehensive memory cleanup completed
2025-10-09 03:34:37,337 - experiments.framework - INFO - ✅ Comprehensive memory cleanup completed
2025-10-09 03:34:37,404 - experiments.framework - INFO - Pickle saving disabled to prevent large files - using JSON and CSV instead
2025-10-09 03:34:37,404 - experiments.framework - INFO - Pickle saving disabled to prevent large files - using JSON and CSV instead
2025-10-09 03:34:37,404 - experiments.framework - INFO - Pickle saving disabled to prevent large files - using JSON and CSV instead
2025-10-09 03:34:37,404 - experiments.framework - INFO - Pickle saving disabled to prevent large files - using JSON and CSV instead
2025-10-09 03:34:37,404 - experiments.framework - INFO - Pickle saving disabled to prevent large files - using JSON and CSV instead
2025-10-09 03:34:37,404 - experiments.framework - INFO - Pickle saving disabled to prevent large files - using JSON and CSV instead
2025-10-09 03:34:37,413 - experiments.framework - INFO - Saving 1 plots to /cs/student/msc/aibh/2024/madhavan/sgfa_qmap-pd/results/all_conf-age+sex+tiv_run_20251008_221121/reproducibility_tests_20251009_032135/plots
2025-10-09 03:34:37,413 - experiments.framework - INFO - Saving 1 plots to /cs/student/msc/aibh/2024/madhavan/sgfa_qmap-pd/results/all_conf-age+sex+tiv_run_20251008_221121/reproducibility_tests_20251009_032135/plots
2025-10-09 03:34:37,413 - experiments.framework - INFO - Saving 1 plots to /cs/student/msc/aibh/2024/madhavan/sgfa_qmap-pd/results/all_conf-age+sex+tiv_run_20251008_221121/reproducibility_tests_20251009_032135/plots
2025-10-09 03:34:37,413 - experiments.framework - INFO - Saving 1 plots to /cs/student/msc/aibh/2024/madhavan/sgfa_qmap-pd/results/all_conf-age+sex+tiv_run_20251008_221121/reproducibility_tests_20251009_032135/plots
2025-10-09 03:34:37,413 - experiments.framework - INFO - Saving 1 plots to /cs/student/msc/aibh/2024/madhavan/sgfa_qmap-pd/results/all_conf-age+sex+tiv_run_20251008_221121/reproducibility_tests_20251009_032135/plots
2025-10-09 03:34:37,413 - experiments.framework - INFO - Saving 1 plots to /cs/student/msc/aibh/2024/madhavan/sgfa_qmap-pd/results/all_conf-age+sex+tiv_run_20251008_221121/reproducibility_tests_20251009_032135/plots
2025-10-09 03:34:38,341 - experiments.framework - INFO -   ✅ Saved plot: reproducibility_summary
2025-10-09 03:34:38,341 - experiments.framework - INFO -   ✅ Saved plot: reproducibility_summary
2025-10-09 03:34:38,341 - experiments.framework - INFO -   ✅ Saved plot: reproducibility_summary
2025-10-09 03:34:38,341 - experiments.framework - INFO -   ✅ Saved plot: reproducibility_summary
2025-10-09 03:34:38,341 - experiments.framework - INFO -   ✅ Saved plot: reproducibility_summary
2025-10-09 03:34:38,341 - experiments.framework - INFO -   ✅ Saved plot: reproducibility_summary
2025-10-09 03:34:38,341 - experiments.framework - INFO - All plots saved to: /cs/student/msc/aibh/2024/madhavan/sgfa_qmap-pd/results/all_conf-age+sex+tiv_run_20251008_221121/reproducibility_tests_20251009_032135/plots
2025-10-09 03:34:38,341 - experiments.framework - INFO - All plots saved to: /cs/student/msc/aibh/2024/madhavan/sgfa_qmap-pd/results/all_conf-age+sex+tiv_run_20251008_221121/reproducibility_tests_20251009_032135/plots
2025-10-09 03:34:38,341 - experiments.framework - INFO - All plots saved to: /cs/student/msc/aibh/2024/madhavan/sgfa_qmap-pd/results/all_conf-age+sex+tiv_run_20251008_221121/reproducibility_tests_20251009_032135/plots
2025-10-09 03:34:38,341 - experiments.framework - INFO - All plots saved to: /cs/student/msc/aibh/2024/madhavan/sgfa_qmap-pd/results/all_conf-age+sex+tiv_run_20251008_221121/reproducibility_tests_20251009_032135/plots
2025-10-09 03:34:38,341 - experiments.framework - INFO - All plots saved to: /cs/student/msc/aibh/2024/madhavan/sgfa_qmap-pd/results/all_conf-age+sex+tiv_run_20251008_221121/reproducibility_tests_20251009_032135/plots
2025-10-09 03:34:38,341 - experiments.framework - INFO - All plots saved to: /cs/student/msc/aibh/2024/madhavan/sgfa_qmap-pd/results/all_conf-age+sex+tiv_run_20251008_221121/reproducibility_tests_20251009_032135/plots
