2025-10-18 13:15:08,208 - experiments.framework - INFO - ExperimentFramework initialized with output dir: /cs/student/msc/aibh/2024/madhavan/sgfa_qmap-pd/results/all_rois-sn_conf-age+sex+tiv_K2_percW33_MAD3.0_run_20251018_131508
2025-10-18 13:15:08,216 - experiments.framework - INFO - Starting experiment: data_validation_20251018_131508
2025-10-18 13:15:12,863 - experiments.framework - INFO - 🏁 EXPERIMENT COMPLETED: data_validation_20251018_131508
2025-10-18 13:15:12,863 - experiments.framework - INFO - ⏱️  TOTAL RUNTIME: 4.7 seconds
2025-10-18 13:15:12,863 - experiments.framework - INFO - 🕐 Started: 2025-10-18 13:15:08
2025-10-18 13:15:12,863 - experiments.framework - INFO - 🕑 Finished: 2025-10-18 13:15:12
2025-10-18 13:15:12,863 - experiments.framework - INFO - Experiment completed successfully: data_validation_20251018_131508
2025-10-18 13:15:12,863 - experiments.framework - INFO - 🧹 Performing comprehensive memory cleanup...
2025-10-18 13:15:12,908 - experiments.framework - INFO - Garbage collection freed 18248 objects
2025-10-18 13:15:13,049 - experiments.framework - INFO - GPU memory cleanup attempted
2025-10-18 13:15:14,050 - experiments.framework - INFO - ✅ Comprehensive memory cleanup completed
2025-10-18 13:15:14,124 - experiments.framework - INFO - Pickle saving disabled to prevent large files - using JSON and CSV instead
2025-10-18 13:15:14,130 - experiments.framework - INFO - Saving 3 plots to /cs/student/msc/aibh/2024/madhavan/sgfa_qmap-pd/results/all_rois-sn_conf-age+sex+tiv_K2_percW33_MAD3.0_run_20251018_131508/data_validation_20251018_131508/plots
2025-10-18 13:15:15,148 - experiments.framework - INFO -   ✅ Saved plot: data_distribution_comparison
2025-10-18 13:15:16,158 - experiments.framework - INFO -   ✅ Saved plot: data_validation_feature_reduction
2025-10-18 13:15:16,532 - experiments.framework - INFO -   ✅ Saved plot: data_validation_variance_distribution
2025-10-18 13:15:16,533 - experiments.framework - INFO - All plots saved to: /cs/student/msc/aibh/2024/madhavan/sgfa_qmap-pd/results/all_rois-sn_conf-age+sex+tiv_K2_percW33_MAD3.0_run_20251018_131508/data_validation_20251018_131508/plots
2025-10-18 13:15:16,582 - experiments.framework - INFO - ExperimentFramework initialized with output dir: /cs/student/msc/aibh/2024/madhavan/sgfa_qmap-pd/results/all_rois-sn_conf-age+sex+tiv_K2_percW33_MAD3.0_run_20251018_131508
2025-10-18 13:15:16,582 - experiments.framework - INFO - ExperimentFramework initialized with output dir: /cs/student/msc/aibh/2024/madhavan/sgfa_qmap-pd/results/all_rois-sn_conf-age+sex+tiv_K2_percW33_MAD3.0_run_20251018_131508
2025-10-18 13:15:16,592 - experiments.framework - INFO - Starting experiment: robustness_tests_20251018_131516
2025-10-18 13:15:16,592 - experiments.framework - INFO - Starting experiment: robustness_tests_20251018_131516
2025-10-18 14:32:33,260 - experiments.framework - INFO - 🏁 EXPERIMENT COMPLETED: robustness_tests_20251018_131516
2025-10-18 14:32:33,260 - experiments.framework - INFO - 🏁 EXPERIMENT COMPLETED: robustness_tests_20251018_131516
2025-10-18 14:32:33,261 - experiments.framework - INFO - ⏱️  TOTAL RUNTIME: 1.3 hours (17m 17s)
2025-10-18 14:32:33,261 - experiments.framework - INFO - ⏱️  TOTAL RUNTIME: 1.3 hours (17m 17s)
2025-10-18 14:32:33,261 - experiments.framework - INFO - 🕐 Started: 2025-10-18 13:15:16
2025-10-18 14:32:33,261 - experiments.framework - INFO - 🕐 Started: 2025-10-18 13:15:16
2025-10-18 14:32:33,261 - experiments.framework - INFO - 🕑 Finished: 2025-10-18 14:32:33
2025-10-18 14:32:33,261 - experiments.framework - INFO - 🕑 Finished: 2025-10-18 14:32:33
2025-10-18 14:32:33,261 - experiments.framework - INFO - Experiment completed successfully: robustness_tests_20251018_131516
2025-10-18 14:32:33,261 - experiments.framework - INFO - Experiment completed successfully: robustness_tests_20251018_131516
2025-10-18 14:32:33,261 - experiments.framework - INFO - 🧹 Performing comprehensive memory cleanup...
2025-10-18 14:32:33,261 - experiments.framework - INFO - 🧹 Performing comprehensive memory cleanup...
2025-10-18 14:32:33,306 - experiments.framework - INFO - Garbage collection freed 58 objects
2025-10-18 14:32:33,306 - experiments.framework - INFO - Garbage collection freed 58 objects
2025-10-18 14:32:33,462 - experiments.framework - INFO - GPU memory cleanup attempted
2025-10-18 14:32:33,462 - experiments.framework - INFO - GPU memory cleanup attempted
2025-10-18 14:32:34,463 - experiments.framework - INFO - ✅ Comprehensive memory cleanup completed
2025-10-18 14:32:34,463 - experiments.framework - INFO - ✅ Comprehensive memory cleanup completed
2025-10-18 14:32:34,494 - experiments.framework - INFO - Pickle saving disabled to prevent large files - using JSON and CSV instead
2025-10-18 14:32:34,494 - experiments.framework - INFO - Pickle saving disabled to prevent large files - using JSON and CSV instead
2025-10-18 14:32:34,500 - experiments.framework - INFO - Saving 1 plots to /cs/student/msc/aibh/2024/madhavan/sgfa_qmap-pd/results/all_rois-sn_conf-age+sex+tiv_K2_percW33_MAD3.0_run_20251018_131508/robustness_tests_K2_percW33_slab4_2_MAD3.0_20251018_131516/plots
2025-10-18 14:32:34,500 - experiments.framework - INFO - Saving 1 plots to /cs/student/msc/aibh/2024/madhavan/sgfa_qmap-pd/results/all_rois-sn_conf-age+sex+tiv_K2_percW33_MAD3.0_run_20251018_131508/robustness_tests_K2_percW33_slab4_2_MAD3.0_20251018_131516/plots
2025-10-18 14:32:34,949 - experiments.framework - INFO -   ✅ Saved plot: robustness_summary
2025-10-18 14:32:34,949 - experiments.framework - INFO -   ✅ Saved plot: robustness_summary
2025-10-18 14:32:34,949 - experiments.framework - INFO - All plots saved to: /cs/student/msc/aibh/2024/madhavan/sgfa_qmap-pd/results/all_rois-sn_conf-age+sex+tiv_K2_percW33_MAD3.0_run_20251018_131508/robustness_tests_K2_percW33_slab4_2_MAD3.0_20251018_131516/plots
2025-10-18 14:32:34,949 - experiments.framework - INFO - All plots saved to: /cs/student/msc/aibh/2024/madhavan/sgfa_qmap-pd/results/all_rois-sn_conf-age+sex+tiv_K2_percW33_MAD3.0_run_20251018_131508/robustness_tests_K2_percW33_slab4_2_MAD3.0_20251018_131516/plots
