2025-10-05 23:55:53,995 - experiments.framework - INFO - ExperimentFramework initialized with output dir: /cs/student/msc/aibh/2024/madhavan/sgfa_qmap-pd/results/all_run_20251005_235553
2025-10-05 23:55:53,997 - experiments.framework - INFO - Starting experiment: data_validation_20251005_235553
2025-10-05 23:55:58,749 - experiments.framework - INFO - 💾 Saving intermediate results to /cs/student/msc/aibh/2024/madhavan/sgfa_qmap-pd/results/all_run_20251005_235553/data_validation_20251005_235553/intermediate
2025-10-05 23:55:58,753 - experiments.framework - INFO - ✅ Intermediate results saved successfully
2025-10-05 23:55:58,753 - experiments.framework - INFO - 🏁 EXPERIMENT COMPLETED: data_validation_20251005_235553
2025-10-05 23:55:58,753 - experiments.framework - INFO - ⏱️  TOTAL RUNTIME: 4.8 seconds
2025-10-05 23:55:58,753 - experiments.framework - INFO - 🕐 Started: 2025-10-05 23:55:53
2025-10-05 23:55:58,753 - experiments.framework - INFO - 🕑 Finished: 2025-10-05 23:55:58
2025-10-05 23:55:58,753 - experiments.framework - INFO - Experiment completed successfully: data_validation_20251005_235553
2025-10-05 23:55:58,753 - experiments.framework - INFO - 🧹 Performing comprehensive memory cleanup...
2025-10-05 23:55:58,816 - experiments.framework - INFO - Garbage collection freed 32048 objects
2025-10-05 23:55:58,969 - experiments.framework - INFO - GPU memory cleanup attempted
2025-10-05 23:55:59,971 - experiments.framework - INFO - ✅ Comprehensive memory cleanup completed
2025-10-05 23:56:00,037 - experiments.framework - INFO - Pickle saving disabled to prevent large files - using JSON and CSV instead
2025-10-05 23:56:00,048 - experiments.framework - INFO - Saving 3 plots to /cs/student/msc/aibh/2024/madhavan/sgfa_qmap-pd/results/all_run_20251005_235553/data_validation_20251005_235553/plots
2025-10-05 23:56:01,157 - experiments.framework - INFO -   ✅ Saved plot: data_distribution_comparison
2025-10-05 23:56:01,913 - experiments.framework - INFO -   ✅ Saved plot: data_validation_feature_reduction
2025-10-05 23:56:02,181 - experiments.framework - INFO -   ✅ Saved plot: data_validation_variance_distribution
2025-10-05 23:56:02,181 - experiments.framework - INFO - All plots saved to: /cs/student/msc/aibh/2024/madhavan/sgfa_qmap-pd/results/all_run_20251005_235553/data_validation_20251005_235553/plots
2025-10-05 23:56:02,246 - experiments.framework - INFO - ExperimentFramework initialized with output dir: /cs/student/msc/aibh/2024/madhavan/sgfa_qmap-pd/results/all_run_20251005_235553
2025-10-05 23:56:02,246 - experiments.framework - INFO - ExperimentFramework initialized with output dir: /cs/student/msc/aibh/2024/madhavan/sgfa_qmap-pd/results/all_run_20251005_235553
2025-10-05 23:56:04,544 - experiments.framework - INFO - Starting experiment: sgfa_parameter_comparison_20251005_235604
2025-10-05 23:56:04,544 - experiments.framework - INFO - Starting experiment: sgfa_parameter_comparison_20251005_235604
2025-10-05 23:56:08,334 - experiments.framework - INFO - 💾 Saving intermediate results to /cs/student/msc/aibh/2024/madhavan/sgfa_qmap-pd/results/all_run_20251005_235553/sgfa_parameter_comparison_20251005_235604/intermediate
2025-10-05 23:56:08,334 - experiments.framework - INFO - 💾 Saving intermediate results to /cs/student/msc/aibh/2024/madhavan/sgfa_qmap-pd/results/all_run_20251005_235553/sgfa_parameter_comparison_20251005_235604/intermediate
2025-10-05 23:56:08,337 - experiments.framework - INFO - ✅ Intermediate results saved successfully
2025-10-05 23:56:08,337 - experiments.framework - INFO - ✅ Intermediate results saved successfully
2025-10-05 23:56:08,337 - experiments.framework - INFO - 🏁 EXPERIMENT COMPLETED: sgfa_parameter_comparison_20251005_235604
2025-10-05 23:56:08,337 - experiments.framework - INFO - 🏁 EXPERIMENT COMPLETED: sgfa_parameter_comparison_20251005_235604
2025-10-05 23:56:08,337 - experiments.framework - INFO - ⏱️  TOTAL RUNTIME: 3.8 seconds
2025-10-05 23:56:08,337 - experiments.framework - INFO - ⏱️  TOTAL RUNTIME: 3.8 seconds
2025-10-05 23:56:08,337 - experiments.framework - INFO - 🕐 Started: 2025-10-05 23:56:04
2025-10-05 23:56:08,337 - experiments.framework - INFO - 🕐 Started: 2025-10-05 23:56:04
2025-10-05 23:56:08,337 - experiments.framework - INFO - 🕑 Finished: 2025-10-05 23:56:08
2025-10-05 23:56:08,337 - experiments.framework - INFO - 🕑 Finished: 2025-10-05 23:56:08
2025-10-05 23:56:08,337 - experiments.framework - INFO - Experiment completed successfully: sgfa_parameter_comparison_20251005_235604
2025-10-05 23:56:08,337 - experiments.framework - INFO - Experiment completed successfully: sgfa_parameter_comparison_20251005_235604
2025-10-05 23:56:08,337 - experiments.framework - INFO - 🧹 Performing comprehensive memory cleanup...
2025-10-05 23:56:08,337 - experiments.framework - INFO - 🧹 Performing comprehensive memory cleanup...
2025-10-05 23:56:08,390 - experiments.framework - INFO - Garbage collection freed 62 objects
2025-10-05 23:56:08,390 - experiments.framework - INFO - Garbage collection freed 62 objects
2025-10-05 23:56:08,595 - experiments.framework - INFO - GPU memory cleanup attempted
2025-10-05 23:56:08,595 - experiments.framework - INFO - GPU memory cleanup attempted
2025-10-05 23:56:09,597 - experiments.framework - INFO - ✅ Comprehensive memory cleanup completed
2025-10-05 23:56:09,597 - experiments.framework - INFO - ✅ Comprehensive memory cleanup completed
2025-10-05 23:56:09,653 - experiments.framework - INFO - Pickle saving disabled to prevent large files - using JSON and CSV instead
2025-10-05 23:56:09,653 - experiments.framework - INFO - Pickle saving disabled to prevent large files - using JSON and CSV instead
2025-10-05 23:56:09,656 - experiments.framework - INFO - Saving 3 plots to /cs/student/msc/aibh/2024/madhavan/sgfa_qmap-pd/results/all_run_20251005_235553/sgfa_parameter_comparison_20251005_235604/plots
2025-10-05 23:56:09,656 - experiments.framework - INFO - Saving 3 plots to /cs/student/msc/aibh/2024/madhavan/sgfa_qmap-pd/results/all_run_20251005_235553/sgfa_parameter_comparison_20251005_235604/plots
2025-10-05 23:56:10,401 - experiments.framework - INFO -   ✅ Saved plot: sgfa_variant_performance
2025-10-05 23:56:10,401 - experiments.framework - INFO -   ✅ Saved plot: sgfa_variant_performance
2025-10-05 23:56:10,510 - experiments.framework - INFO -   ✅ Saved plot: sgfa_variant_quality
2025-10-05 23:56:10,510 - experiments.framework - INFO -   ✅ Saved plot: sgfa_variant_quality
2025-10-05 23:56:10,743 - experiments.framework - INFO -   ✅ Saved plot: parameter_grid_search
2025-10-05 23:56:10,743 - experiments.framework - INFO -   ✅ Saved plot: parameter_grid_search
2025-10-05 23:56:10,744 - experiments.framework - INFO - All plots saved to: /cs/student/msc/aibh/2024/madhavan/sgfa_qmap-pd/results/all_run_20251005_235553/sgfa_parameter_comparison_20251005_235604/plots
2025-10-05 23:56:10,744 - experiments.framework - INFO - All plots saved to: /cs/student/msc/aibh/2024/madhavan/sgfa_qmap-pd/results/all_run_20251005_235553/sgfa_parameter_comparison_20251005_235604/plots
2025-10-05 23:56:57,406 - experiments.framework - INFO - ExperimentFramework initialized with output dir: /cs/student/msc/aibh/2024/madhavan/sgfa_qmap-pd/results/all_run_20251005_235553
2025-10-05 23:56:57,406 - experiments.framework - INFO - ExperimentFramework initialized with output dir: /cs/student/msc/aibh/2024/madhavan/sgfa_qmap-pd/results/all_run_20251005_235553
2025-10-05 23:56:57,406 - experiments.framework - INFO - ExperimentFramework initialized with output dir: /cs/student/msc/aibh/2024/madhavan/sgfa_qmap-pd/results/all_run_20251005_235553
2025-10-05 23:56:57,409 - experiments.framework - INFO - Starting experiment: methods_comparison_20251005_235657
2025-10-05 23:56:57,409 - experiments.framework - INFO - Starting experiment: methods_comparison_20251005_235657
2025-10-05 23:56:57,409 - experiments.framework - INFO - Starting experiment: methods_comparison_20251005_235657
2025-10-06 00:10:11,960 - experiments.framework - INFO - 💾 Saving intermediate results to /cs/student/msc/aibh/2024/madhavan/sgfa_qmap-pd/results/all_run_20251005_235553/methods_comparison_20251005_235657/intermediate
2025-10-06 00:10:11,960 - experiments.framework - INFO - 💾 Saving intermediate results to /cs/student/msc/aibh/2024/madhavan/sgfa_qmap-pd/results/all_run_20251005_235553/methods_comparison_20251005_235657/intermediate
2025-10-06 00:10:11,960 - experiments.framework - INFO - 💾 Saving intermediate results to /cs/student/msc/aibh/2024/madhavan/sgfa_qmap-pd/results/all_run_20251005_235553/methods_comparison_20251005_235657/intermediate
2025-10-06 00:10:12,050 - experiments.framework - INFO - ✅ Intermediate results saved successfully
2025-10-06 00:10:12,050 - experiments.framework - INFO - ✅ Intermediate results saved successfully
2025-10-06 00:10:12,050 - experiments.framework - INFO - ✅ Intermediate results saved successfully
2025-10-06 00:10:12,050 - experiments.framework - INFO - 🏁 EXPERIMENT COMPLETED: methods_comparison_20251005_235657
2025-10-06 00:10:12,050 - experiments.framework - INFO - 🏁 EXPERIMENT COMPLETED: methods_comparison_20251005_235657
2025-10-06 00:10:12,050 - experiments.framework - INFO - 🏁 EXPERIMENT COMPLETED: methods_comparison_20251005_235657
2025-10-06 00:10:12,050 - experiments.framework - INFO - ⏱️  TOTAL RUNTIME: 13.2 minutes (795s)
2025-10-06 00:10:12,050 - experiments.framework - INFO - ⏱️  TOTAL RUNTIME: 13.2 minutes (795s)
2025-10-06 00:10:12,050 - experiments.framework - INFO - ⏱️  TOTAL RUNTIME: 13.2 minutes (795s)
2025-10-06 00:10:12,050 - experiments.framework - INFO - 🕐 Started: 2025-10-05 23:56:57
2025-10-06 00:10:12,050 - experiments.framework - INFO - 🕐 Started: 2025-10-05 23:56:57
2025-10-06 00:10:12,050 - experiments.framework - INFO - 🕐 Started: 2025-10-05 23:56:57
2025-10-06 00:10:12,050 - experiments.framework - INFO - 🕑 Finished: 2025-10-06 00:10:12
2025-10-06 00:10:12,050 - experiments.framework - INFO - 🕑 Finished: 2025-10-06 00:10:12
2025-10-06 00:10:12,050 - experiments.framework - INFO - 🕑 Finished: 2025-10-06 00:10:12
2025-10-06 00:10:12,050 - experiments.framework - INFO - Experiment completed successfully: methods_comparison_20251005_235657
2025-10-06 00:10:12,050 - experiments.framework - INFO - Experiment completed successfully: methods_comparison_20251005_235657
2025-10-06 00:10:12,050 - experiments.framework - INFO - Experiment completed successfully: methods_comparison_20251005_235657
2025-10-06 00:10:12,050 - experiments.framework - INFO - 🧹 Performing comprehensive memory cleanup...
2025-10-06 00:10:12,050 - experiments.framework - INFO - 🧹 Performing comprehensive memory cleanup...
2025-10-06 00:10:12,050 - experiments.framework - INFO - 🧹 Performing comprehensive memory cleanup...
2025-10-06 00:10:12,134 - experiments.framework - INFO - Garbage collection freed 122 objects
2025-10-06 00:10:12,134 - experiments.framework - INFO - Garbage collection freed 122 objects
2025-10-06 00:10:12,134 - experiments.framework - INFO - Garbage collection freed 122 objects
2025-10-06 00:10:12,389 - experiments.framework - INFO - GPU memory cleanup attempted
2025-10-06 00:10:12,389 - experiments.framework - INFO - GPU memory cleanup attempted
2025-10-06 00:10:12,389 - experiments.framework - INFO - GPU memory cleanup attempted
2025-10-06 00:10:13,390 - experiments.framework - INFO - ✅ Comprehensive memory cleanup completed
2025-10-06 00:10:13,390 - experiments.framework - INFO - ✅ Comprehensive memory cleanup completed
2025-10-06 00:10:13,390 - experiments.framework - INFO - ✅ Comprehensive memory cleanup completed
2025-10-06 00:10:13,622 - experiments.framework - INFO - Pickle saving disabled to prevent large files - using JSON and CSV instead
2025-10-06 00:10:13,622 - experiments.framework - INFO - Pickle saving disabled to prevent large files - using JSON and CSV instead
2025-10-06 00:10:13,622 - experiments.framework - INFO - Pickle saving disabled to prevent large files - using JSON and CSV instead
2025-10-06 00:10:13,626 - experiments.framework - INFO - Saving 6 plots to /cs/student/msc/aibh/2024/madhavan/sgfa_qmap-pd/results/all_run_20251005_235553/methods_comparison_20251005_235657/plots
2025-10-06 00:10:13,626 - experiments.framework - INFO - Saving 6 plots to /cs/student/msc/aibh/2024/madhavan/sgfa_qmap-pd/results/all_run_20251005_235553/methods_comparison_20251005_235657/plots
2025-10-06 00:10:13,626 - experiments.framework - INFO - Saving 6 plots to /cs/student/msc/aibh/2024/madhavan/sgfa_qmap-pd/results/all_run_20251005_235553/methods_comparison_20251005_235657/plots
2025-10-06 00:10:13,791 - experiments.framework - INFO -   ✅ Saved plot: performance_comparison
2025-10-06 00:10:13,791 - experiments.framework - INFO -   ✅ Saved plot: performance_comparison
2025-10-06 00:10:13,791 - experiments.framework - INFO -   ✅ Saved plot: performance_comparison
2025-10-06 00:10:14,003 - experiments.framework - INFO -   ✅ Saved plot: reconstruction_quality
2025-10-06 00:10:14,003 - experiments.framework - INFO -   ✅ Saved plot: reconstruction_quality
2025-10-06 00:10:14,003 - experiments.framework - INFO -   ✅ Saved plot: reconstruction_quality
2025-10-06 00:10:14,199 - experiments.framework - INFO -   ✅ Saved plot: information_criteria
2025-10-06 00:10:14,199 - experiments.framework - INFO -   ✅ Saved plot: information_criteria
2025-10-06 00:10:14,199 - experiments.framework - INFO -   ✅ Saved plot: information_criteria
2025-10-06 00:10:14,455 - experiments.framework - INFO -   ✅ Saved plot: factor_stability
2025-10-06 00:10:14,455 - experiments.framework - INFO -   ✅ Saved plot: factor_stability
2025-10-06 00:10:14,455 - experiments.framework - INFO -   ✅ Saved plot: factor_stability
2025-10-06 00:10:14,646 - experiments.framework - INFO -   ✅ Saved plot: performance_vs_quality
2025-10-06 00:10:14,646 - experiments.framework - INFO -   ✅ Saved plot: performance_vs_quality
2025-10-06 00:10:14,646 - experiments.framework - INFO -   ✅ Saved plot: performance_vs_quality
2025-10-06 00:10:14,901 - experiments.framework - INFO -   ✅ Saved plot: roi_specificity_heatmap
2025-10-06 00:10:14,901 - experiments.framework - INFO -   ✅ Saved plot: roi_specificity_heatmap
2025-10-06 00:10:14,901 - experiments.framework - INFO -   ✅ Saved plot: roi_specificity_heatmap
2025-10-06 00:10:14,901 - experiments.framework - INFO - All plots saved to: /cs/student/msc/aibh/2024/madhavan/sgfa_qmap-pd/results/all_run_20251005_235553/methods_comparison_20251005_235657/plots
2025-10-06 00:10:14,901 - experiments.framework - INFO - All plots saved to: /cs/student/msc/aibh/2024/madhavan/sgfa_qmap-pd/results/all_run_20251005_235553/methods_comparison_20251005_235657/plots
2025-10-06 00:10:14,901 - experiments.framework - INFO - All plots saved to: /cs/student/msc/aibh/2024/madhavan/sgfa_qmap-pd/results/all_run_20251005_235553/methods_comparison_20251005_235657/plots
2025-10-06 00:10:18,908 - experiments.framework - INFO - ExperimentFramework initialized with output dir: /cs/student/msc/aibh/2024/madhavan/sgfa_qmap-pd/results/all_run_20251005_235553
2025-10-06 00:10:18,908 - experiments.framework - INFO - ExperimentFramework initialized with output dir: /cs/student/msc/aibh/2024/madhavan/sgfa_qmap-pd/results/all_run_20251005_235553
2025-10-06 00:10:18,908 - experiments.framework - INFO - ExperimentFramework initialized with output dir: /cs/student/msc/aibh/2024/madhavan/sgfa_qmap-pd/results/all_run_20251005_235553
2025-10-06 00:10:18,908 - experiments.framework - INFO - ExperimentFramework initialized with output dir: /cs/student/msc/aibh/2024/madhavan/sgfa_qmap-pd/results/all_run_20251005_235553
2025-10-06 00:10:18,912 - experiments.framework - INFO - Starting experiment: sensitivity_analysis_20251006_001018
2025-10-06 00:10:18,912 - experiments.framework - INFO - Starting experiment: sensitivity_analysis_20251006_001018
2025-10-06 00:10:18,912 - experiments.framework - INFO - Starting experiment: sensitivity_analysis_20251006_001018
2025-10-06 00:10:18,912 - experiments.framework - INFO - Starting experiment: sensitivity_analysis_20251006_001018
2025-10-06 00:19:20,503 - experiments.framework - INFO - 💾 Saving intermediate results to /cs/student/msc/aibh/2024/madhavan/sgfa_qmap-pd/results/all_run_20251005_235553/sensitivity_analysis_20251006_001018/intermediate
2025-10-06 00:19:20,503 - experiments.framework - INFO - 💾 Saving intermediate results to /cs/student/msc/aibh/2024/madhavan/sgfa_qmap-pd/results/all_run_20251005_235553/sensitivity_analysis_20251006_001018/intermediate
2025-10-06 00:19:20,503 - experiments.framework - INFO - 💾 Saving intermediate results to /cs/student/msc/aibh/2024/madhavan/sgfa_qmap-pd/results/all_run_20251005_235553/sensitivity_analysis_20251006_001018/intermediate
2025-10-06 00:19:20,503 - experiments.framework - INFO - 💾 Saving intermediate results to /cs/student/msc/aibh/2024/madhavan/sgfa_qmap-pd/results/all_run_20251005_235553/sensitivity_analysis_20251006_001018/intermediate
2025-10-06 00:19:20,543 - experiments.framework - INFO - ✅ Intermediate results saved successfully
2025-10-06 00:19:20,543 - experiments.framework - INFO - ✅ Intermediate results saved successfully
2025-10-06 00:19:20,543 - experiments.framework - INFO - ✅ Intermediate results saved successfully
2025-10-06 00:19:20,543 - experiments.framework - INFO - ✅ Intermediate results saved successfully
2025-10-06 00:19:20,543 - experiments.framework - INFO - 🏁 EXPERIMENT COMPLETED: sensitivity_analysis_20251006_001018
2025-10-06 00:19:20,543 - experiments.framework - INFO - 🏁 EXPERIMENT COMPLETED: sensitivity_analysis_20251006_001018
2025-10-06 00:19:20,543 - experiments.framework - INFO - 🏁 EXPERIMENT COMPLETED: sensitivity_analysis_20251006_001018
2025-10-06 00:19:20,543 - experiments.framework - INFO - 🏁 EXPERIMENT COMPLETED: sensitivity_analysis_20251006_001018
2025-10-06 00:19:20,543 - experiments.framework - INFO - ⏱️  TOTAL RUNTIME: 9.0 minutes (542s)
2025-10-06 00:19:20,543 - experiments.framework - INFO - ⏱️  TOTAL RUNTIME: 9.0 minutes (542s)
2025-10-06 00:19:20,543 - experiments.framework - INFO - ⏱️  TOTAL RUNTIME: 9.0 minutes (542s)
2025-10-06 00:19:20,543 - experiments.framework - INFO - ⏱️  TOTAL RUNTIME: 9.0 minutes (542s)
2025-10-06 00:19:20,543 - experiments.framework - INFO - 🕐 Started: 2025-10-06 00:10:18
2025-10-06 00:19:20,543 - experiments.framework - INFO - 🕐 Started: 2025-10-06 00:10:18
2025-10-06 00:19:20,543 - experiments.framework - INFO - 🕐 Started: 2025-10-06 00:10:18
2025-10-06 00:19:20,543 - experiments.framework - INFO - 🕐 Started: 2025-10-06 00:10:18
2025-10-06 00:19:20,543 - experiments.framework - INFO - 🕑 Finished: 2025-10-06 00:19:20
2025-10-06 00:19:20,543 - experiments.framework - INFO - 🕑 Finished: 2025-10-06 00:19:20
2025-10-06 00:19:20,543 - experiments.framework - INFO - 🕑 Finished: 2025-10-06 00:19:20
2025-10-06 00:19:20,543 - experiments.framework - INFO - 🕑 Finished: 2025-10-06 00:19:20
2025-10-06 00:19:20,543 - experiments.framework - INFO - Experiment completed successfully: sensitivity_analysis_20251006_001018
2025-10-06 00:19:20,543 - experiments.framework - INFO - Experiment completed successfully: sensitivity_analysis_20251006_001018
2025-10-06 00:19:20,543 - experiments.framework - INFO - Experiment completed successfully: sensitivity_analysis_20251006_001018
2025-10-06 00:19:20,543 - experiments.framework - INFO - Experiment completed successfully: sensitivity_analysis_20251006_001018
2025-10-06 00:19:20,543 - experiments.framework - INFO - 🧹 Performing comprehensive memory cleanup...
2025-10-06 00:19:20,543 - experiments.framework - INFO - 🧹 Performing comprehensive memory cleanup...
2025-10-06 00:19:20,543 - experiments.framework - INFO - 🧹 Performing comprehensive memory cleanup...
2025-10-06 00:19:20,543 - experiments.framework - INFO - 🧹 Performing comprehensive memory cleanup...
2025-10-06 00:19:20,629 - experiments.framework - INFO - Garbage collection freed 31 objects
2025-10-06 00:19:20,629 - experiments.framework - INFO - Garbage collection freed 31 objects
2025-10-06 00:19:20,629 - experiments.framework - INFO - Garbage collection freed 31 objects
2025-10-06 00:19:20,629 - experiments.framework - INFO - Garbage collection freed 31 objects
2025-10-06 00:19:20,909 - experiments.framework - INFO - GPU memory cleanup attempted
2025-10-06 00:19:20,909 - experiments.framework - INFO - GPU memory cleanup attempted
2025-10-06 00:19:20,909 - experiments.framework - INFO - GPU memory cleanup attempted
2025-10-06 00:19:20,909 - experiments.framework - INFO - GPU memory cleanup attempted
2025-10-06 00:19:21,910 - experiments.framework - INFO - ✅ Comprehensive memory cleanup completed
2025-10-06 00:19:21,910 - experiments.framework - INFO - ✅ Comprehensive memory cleanup completed
2025-10-06 00:19:21,910 - experiments.framework - INFO - ✅ Comprehensive memory cleanup completed
2025-10-06 00:19:21,910 - experiments.framework - INFO - ✅ Comprehensive memory cleanup completed
2025-10-06 00:19:21,942 - experiments.framework - INFO - Pickle saving disabled to prevent large files - using JSON and CSV instead
2025-10-06 00:19:21,942 - experiments.framework - INFO - Pickle saving disabled to prevent large files - using JSON and CSV instead
2025-10-06 00:19:21,942 - experiments.framework - INFO - Pickle saving disabled to prevent large files - using JSON and CSV instead
2025-10-06 00:19:21,942 - experiments.framework - INFO - Pickle saving disabled to prevent large files - using JSON and CSV instead
2025-10-06 00:19:21,945 - experiments.framework - INFO - Saving 1 plots to /cs/student/msc/aibh/2024/madhavan/sgfa_qmap-pd/results/all_run_20251005_235553/sensitivity_analysis_20251006_001018/plots
2025-10-06 00:19:21,945 - experiments.framework - INFO - Saving 1 plots to /cs/student/msc/aibh/2024/madhavan/sgfa_qmap-pd/results/all_run_20251005_235553/sensitivity_analysis_20251006_001018/plots
2025-10-06 00:19:21,945 - experiments.framework - INFO - Saving 1 plots to /cs/student/msc/aibh/2024/madhavan/sgfa_qmap-pd/results/all_run_20251005_235553/sensitivity_analysis_20251006_001018/plots
2025-10-06 00:19:21,945 - experiments.framework - INFO - Saving 1 plots to /cs/student/msc/aibh/2024/madhavan/sgfa_qmap-pd/results/all_run_20251005_235553/sensitivity_analysis_20251006_001018/plots
2025-10-06 00:19:22,546 - experiments.framework - INFO -   ✅ Saved plot: parameter_sensitivity_summary
2025-10-06 00:19:22,546 - experiments.framework - INFO -   ✅ Saved plot: parameter_sensitivity_summary
2025-10-06 00:19:22,546 - experiments.framework - INFO -   ✅ Saved plot: parameter_sensitivity_summary
2025-10-06 00:19:22,546 - experiments.framework - INFO -   ✅ Saved plot: parameter_sensitivity_summary
2025-10-06 00:19:22,546 - experiments.framework - INFO - All plots saved to: /cs/student/msc/aibh/2024/madhavan/sgfa_qmap-pd/results/all_run_20251005_235553/sensitivity_analysis_20251006_001018/plots
2025-10-06 00:19:22,546 - experiments.framework - INFO - All plots saved to: /cs/student/msc/aibh/2024/madhavan/sgfa_qmap-pd/results/all_run_20251005_235553/sensitivity_analysis_20251006_001018/plots
2025-10-06 00:19:22,546 - experiments.framework - INFO - All plots saved to: /cs/student/msc/aibh/2024/madhavan/sgfa_qmap-pd/results/all_run_20251005_235553/sensitivity_analysis_20251006_001018/plots
2025-10-06 00:19:22,546 - experiments.framework - INFO - All plots saved to: /cs/student/msc/aibh/2024/madhavan/sgfa_qmap-pd/results/all_run_20251005_235553/sensitivity_analysis_20251006_001018/plots
2025-10-06 00:19:28,286 - experiments.framework - INFO - ExperimentFramework initialized with output dir: /cs/student/msc/aibh/2024/madhavan/sgfa_qmap-pd/results/all_run_20251005_235553
2025-10-06 00:19:28,286 - experiments.framework - INFO - ExperimentFramework initialized with output dir: /cs/student/msc/aibh/2024/madhavan/sgfa_qmap-pd/results/all_run_20251005_235553
2025-10-06 00:19:28,286 - experiments.framework - INFO - ExperimentFramework initialized with output dir: /cs/student/msc/aibh/2024/madhavan/sgfa_qmap-pd/results/all_run_20251005_235553
2025-10-06 00:19:28,286 - experiments.framework - INFO - ExperimentFramework initialized with output dir: /cs/student/msc/aibh/2024/madhavan/sgfa_qmap-pd/results/all_run_20251005_235553
2025-10-06 00:19:28,286 - experiments.framework - INFO - ExperimentFramework initialized with output dir: /cs/student/msc/aibh/2024/madhavan/sgfa_qmap-pd/results/all_run_20251005_235553
2025-10-06 00:19:28,290 - experiments.framework - INFO - Starting experiment: clinical_validation_20251006_001928
2025-10-06 00:19:28,290 - experiments.framework - INFO - Starting experiment: clinical_validation_20251006_001928
2025-10-06 00:19:28,290 - experiments.framework - INFO - Starting experiment: clinical_validation_20251006_001928
2025-10-06 00:19:28,290 - experiments.framework - INFO - Starting experiment: clinical_validation_20251006_001928
2025-10-06 00:19:28,290 - experiments.framework - INFO - Starting experiment: clinical_validation_20251006_001928
2025-10-06 00:24:20,240 - experiments.framework - INFO - 💾 Saving intermediate results to /cs/student/msc/aibh/2024/madhavan/sgfa_qmap-pd/results/all_run_20251005_235553/clinical_validation_20251006_001928/intermediate
2025-10-06 00:24:20,240 - experiments.framework - INFO - 💾 Saving intermediate results to /cs/student/msc/aibh/2024/madhavan/sgfa_qmap-pd/results/all_run_20251005_235553/clinical_validation_20251006_001928/intermediate
2025-10-06 00:24:20,240 - experiments.framework - INFO - 💾 Saving intermediate results to /cs/student/msc/aibh/2024/madhavan/sgfa_qmap-pd/results/all_run_20251005_235553/clinical_validation_20251006_001928/intermediate
2025-10-06 00:24:20,240 - experiments.framework - INFO - 💾 Saving intermediate results to /cs/student/msc/aibh/2024/madhavan/sgfa_qmap-pd/results/all_run_20251005_235553/clinical_validation_20251006_001928/intermediate
2025-10-06 00:24:20,240 - experiments.framework - INFO - 💾 Saving intermediate results to /cs/student/msc/aibh/2024/madhavan/sgfa_qmap-pd/results/all_run_20251005_235553/clinical_validation_20251006_001928/intermediate
2025-10-06 00:24:20,260 - experiments.framework - INFO - ✅ Intermediate results saved successfully
2025-10-06 00:24:20,260 - experiments.framework - INFO - ✅ Intermediate results saved successfully
2025-10-06 00:24:20,260 - experiments.framework - INFO - ✅ Intermediate results saved successfully
2025-10-06 00:24:20,260 - experiments.framework - INFO - ✅ Intermediate results saved successfully
2025-10-06 00:24:20,260 - experiments.framework - INFO - ✅ Intermediate results saved successfully
2025-10-06 00:24:20,261 - experiments.framework - INFO - 🏁 EXPERIMENT COMPLETED: clinical_validation_20251006_001928
2025-10-06 00:24:20,261 - experiments.framework - INFO - 🏁 EXPERIMENT COMPLETED: clinical_validation_20251006_001928
2025-10-06 00:24:20,261 - experiments.framework - INFO - 🏁 EXPERIMENT COMPLETED: clinical_validation_20251006_001928
2025-10-06 00:24:20,261 - experiments.framework - INFO - 🏁 EXPERIMENT COMPLETED: clinical_validation_20251006_001928
2025-10-06 00:24:20,261 - experiments.framework - INFO - 🏁 EXPERIMENT COMPLETED: clinical_validation_20251006_001928
2025-10-06 00:24:20,261 - experiments.framework - INFO - ⏱️  TOTAL RUNTIME: 4.9 minutes (292s)
2025-10-06 00:24:20,261 - experiments.framework - INFO - ⏱️  TOTAL RUNTIME: 4.9 minutes (292s)
2025-10-06 00:24:20,261 - experiments.framework - INFO - ⏱️  TOTAL RUNTIME: 4.9 minutes (292s)
2025-10-06 00:24:20,261 - experiments.framework - INFO - ⏱️  TOTAL RUNTIME: 4.9 minutes (292s)
2025-10-06 00:24:20,261 - experiments.framework - INFO - ⏱️  TOTAL RUNTIME: 4.9 minutes (292s)
2025-10-06 00:24:20,261 - experiments.framework - INFO - 🕐 Started: 2025-10-06 00:19:28
2025-10-06 00:24:20,261 - experiments.framework - INFO - 🕐 Started: 2025-10-06 00:19:28
2025-10-06 00:24:20,261 - experiments.framework - INFO - 🕐 Started: 2025-10-06 00:19:28
2025-10-06 00:24:20,261 - experiments.framework - INFO - 🕐 Started: 2025-10-06 00:19:28
2025-10-06 00:24:20,261 - experiments.framework - INFO - 🕐 Started: 2025-10-06 00:19:28
2025-10-06 00:24:20,261 - experiments.framework - INFO - 🕑 Finished: 2025-10-06 00:24:20
2025-10-06 00:24:20,261 - experiments.framework - INFO - 🕑 Finished: 2025-10-06 00:24:20
2025-10-06 00:24:20,261 - experiments.framework - INFO - 🕑 Finished: 2025-10-06 00:24:20
2025-10-06 00:24:20,261 - experiments.framework - INFO - 🕑 Finished: 2025-10-06 00:24:20
2025-10-06 00:24:20,261 - experiments.framework - INFO - 🕑 Finished: 2025-10-06 00:24:20
2025-10-06 00:24:20,261 - experiments.framework - INFO - Experiment completed successfully: clinical_validation_20251006_001928
2025-10-06 00:24:20,261 - experiments.framework - INFO - Experiment completed successfully: clinical_validation_20251006_001928
2025-10-06 00:24:20,261 - experiments.framework - INFO - Experiment completed successfully: clinical_validation_20251006_001928
2025-10-06 00:24:20,261 - experiments.framework - INFO - Experiment completed successfully: clinical_validation_20251006_001928
2025-10-06 00:24:20,261 - experiments.framework - INFO - Experiment completed successfully: clinical_validation_20251006_001928
2025-10-06 00:24:20,261 - experiments.framework - INFO - 🧹 Performing comprehensive memory cleanup...
2025-10-06 00:24:20,261 - experiments.framework - INFO - 🧹 Performing comprehensive memory cleanup...
2025-10-06 00:24:20,261 - experiments.framework - INFO - 🧹 Performing comprehensive memory cleanup...
2025-10-06 00:24:20,261 - experiments.framework - INFO - 🧹 Performing comprehensive memory cleanup...
2025-10-06 00:24:20,261 - experiments.framework - INFO - 🧹 Performing comprehensive memory cleanup...
2025-10-06 00:24:20,399 - experiments.framework - INFO - Garbage collection freed 56 objects
2025-10-06 00:24:20,399 - experiments.framework - INFO - Garbage collection freed 56 objects
2025-10-06 00:24:20,399 - experiments.framework - INFO - Garbage collection freed 56 objects
2025-10-06 00:24:20,399 - experiments.framework - INFO - Garbage collection freed 56 objects
2025-10-06 00:24:20,399 - experiments.framework - INFO - Garbage collection freed 56 objects
2025-10-06 00:24:20,880 - experiments.framework - INFO - GPU memory cleanup attempted
2025-10-06 00:24:20,880 - experiments.framework - INFO - GPU memory cleanup attempted
2025-10-06 00:24:20,880 - experiments.framework - INFO - GPU memory cleanup attempted
2025-10-06 00:24:20,880 - experiments.framework - INFO - GPU memory cleanup attempted
2025-10-06 00:24:20,880 - experiments.framework - INFO - GPU memory cleanup attempted
2025-10-06 00:24:21,882 - experiments.framework - INFO - ✅ Comprehensive memory cleanup completed
2025-10-06 00:24:21,882 - experiments.framework - INFO - ✅ Comprehensive memory cleanup completed
2025-10-06 00:24:21,882 - experiments.framework - INFO - ✅ Comprehensive memory cleanup completed
2025-10-06 00:24:21,882 - experiments.framework - INFO - ✅ Comprehensive memory cleanup completed
2025-10-06 00:24:21,882 - experiments.framework - INFO - ✅ Comprehensive memory cleanup completed
2025-10-06 00:24:21,899 - experiments.framework - INFO - Pickle saving disabled to prevent large files - using JSON and CSV instead
2025-10-06 00:24:21,899 - experiments.framework - INFO - Pickle saving disabled to prevent large files - using JSON and CSV instead
2025-10-06 00:24:21,899 - experiments.framework - INFO - Pickle saving disabled to prevent large files - using JSON and CSV instead
2025-10-06 00:24:21,899 - experiments.framework - INFO - Pickle saving disabled to prevent large files - using JSON and CSV instead
2025-10-06 00:24:21,899 - experiments.framework - INFO - Pickle saving disabled to prevent large files - using JSON and CSV instead
2025-10-06 00:24:21,902 - experiments.framework - INFO - Saving 1 plots to /cs/student/msc/aibh/2024/madhavan/sgfa_qmap-pd/results/all_run_20251005_235553/clinical_validation_20251006_001928/plots
2025-10-06 00:24:21,902 - experiments.framework - INFO - Saving 1 plots to /cs/student/msc/aibh/2024/madhavan/sgfa_qmap-pd/results/all_run_20251005_235553/clinical_validation_20251006_001928/plots
2025-10-06 00:24:21,902 - experiments.framework - INFO - Saving 1 plots to /cs/student/msc/aibh/2024/madhavan/sgfa_qmap-pd/results/all_run_20251005_235553/clinical_validation_20251006_001928/plots
2025-10-06 00:24:21,902 - experiments.framework - INFO - Saving 1 plots to /cs/student/msc/aibh/2024/madhavan/sgfa_qmap-pd/results/all_run_20251005_235553/clinical_validation_20251006_001928/plots
2025-10-06 00:24:21,902 - experiments.framework - INFO - Saving 1 plots to /cs/student/msc/aibh/2024/madhavan/sgfa_qmap-pd/results/all_run_20251005_235553/clinical_validation_20251006_001928/plots
2025-10-06 00:24:22,179 - experiments.framework - INFO -   ✅ Saved plot: clinical_validation_summary
2025-10-06 00:24:22,179 - experiments.framework - INFO -   ✅ Saved plot: clinical_validation_summary
2025-10-06 00:24:22,179 - experiments.framework - INFO -   ✅ Saved plot: clinical_validation_summary
2025-10-06 00:24:22,179 - experiments.framework - INFO -   ✅ Saved plot: clinical_validation_summary
2025-10-06 00:24:22,179 - experiments.framework - INFO -   ✅ Saved plot: clinical_validation_summary
2025-10-06 00:24:22,179 - experiments.framework - INFO - All plots saved to: /cs/student/msc/aibh/2024/madhavan/sgfa_qmap-pd/results/all_run_20251005_235553/clinical_validation_20251006_001928/plots
2025-10-06 00:24:22,179 - experiments.framework - INFO - All plots saved to: /cs/student/msc/aibh/2024/madhavan/sgfa_qmap-pd/results/all_run_20251005_235553/clinical_validation_20251006_001928/plots
2025-10-06 00:24:22,179 - experiments.framework - INFO - All plots saved to: /cs/student/msc/aibh/2024/madhavan/sgfa_qmap-pd/results/all_run_20251005_235553/clinical_validation_20251006_001928/plots
2025-10-06 00:24:22,179 - experiments.framework - INFO - All plots saved to: /cs/student/msc/aibh/2024/madhavan/sgfa_qmap-pd/results/all_run_20251005_235553/clinical_validation_20251006_001928/plots
2025-10-06 00:24:22,179 - experiments.framework - INFO - All plots saved to: /cs/student/msc/aibh/2024/madhavan/sgfa_qmap-pd/results/all_run_20251005_235553/clinical_validation_20251006_001928/plots
2025-10-06 00:24:26,519 - experiments.framework - INFO - ExperimentFramework initialized with output dir: /cs/student/msc/aibh/2024/madhavan/sgfa_qmap-pd/results/all_run_20251005_235553
2025-10-06 00:24:26,519 - experiments.framework - INFO - ExperimentFramework initialized with output dir: /cs/student/msc/aibh/2024/madhavan/sgfa_qmap-pd/results/all_run_20251005_235553
2025-10-06 00:24:26,519 - experiments.framework - INFO - ExperimentFramework initialized with output dir: /cs/student/msc/aibh/2024/madhavan/sgfa_qmap-pd/results/all_run_20251005_235553
2025-10-06 00:24:26,519 - experiments.framework - INFO - ExperimentFramework initialized with output dir: /cs/student/msc/aibh/2024/madhavan/sgfa_qmap-pd/results/all_run_20251005_235553
2025-10-06 00:24:26,519 - experiments.framework - INFO - ExperimentFramework initialized with output dir: /cs/student/msc/aibh/2024/madhavan/sgfa_qmap-pd/results/all_run_20251005_235553
2025-10-06 00:24:26,519 - experiments.framework - INFO - ExperimentFramework initialized with output dir: /cs/student/msc/aibh/2024/madhavan/sgfa_qmap-pd/results/all_run_20251005_235553
2025-10-06 00:24:26,523 - experiments.framework - INFO - Starting experiment: reproducibility_tests_20251006_002426
2025-10-06 00:24:26,523 - experiments.framework - INFO - Starting experiment: reproducibility_tests_20251006_002426
2025-10-06 00:24:26,523 - experiments.framework - INFO - Starting experiment: reproducibility_tests_20251006_002426
2025-10-06 00:24:26,523 - experiments.framework - INFO - Starting experiment: reproducibility_tests_20251006_002426
2025-10-06 00:24:26,523 - experiments.framework - INFO - Starting experiment: reproducibility_tests_20251006_002426
2025-10-06 00:24:26,523 - experiments.framework - INFO - Starting experiment: reproducibility_tests_20251006_002426
2025-10-06 00:36:37,958 - experiments.framework - INFO - 💾 Saving intermediate results to /cs/student/msc/aibh/2024/madhavan/sgfa_qmap-pd/results/all_run_20251005_235553/reproducibility_tests_20251006_002426/intermediate
2025-10-06 00:36:37,958 - experiments.framework - INFO - 💾 Saving intermediate results to /cs/student/msc/aibh/2024/madhavan/sgfa_qmap-pd/results/all_run_20251005_235553/reproducibility_tests_20251006_002426/intermediate
2025-10-06 00:36:37,958 - experiments.framework - INFO - 💾 Saving intermediate results to /cs/student/msc/aibh/2024/madhavan/sgfa_qmap-pd/results/all_run_20251005_235553/reproducibility_tests_20251006_002426/intermediate
2025-10-06 00:36:37,958 - experiments.framework - INFO - 💾 Saving intermediate results to /cs/student/msc/aibh/2024/madhavan/sgfa_qmap-pd/results/all_run_20251005_235553/reproducibility_tests_20251006_002426/intermediate
2025-10-06 00:36:37,958 - experiments.framework - INFO - 💾 Saving intermediate results to /cs/student/msc/aibh/2024/madhavan/sgfa_qmap-pd/results/all_run_20251005_235553/reproducibility_tests_20251006_002426/intermediate
2025-10-06 00:36:37,958 - experiments.framework - INFO - 💾 Saving intermediate results to /cs/student/msc/aibh/2024/madhavan/sgfa_qmap-pd/results/all_run_20251005_235553/reproducibility_tests_20251006_002426/intermediate
2025-10-06 00:36:38,433 - experiments.framework - INFO - ✅ Intermediate results saved successfully
2025-10-06 00:36:38,433 - experiments.framework - INFO - ✅ Intermediate results saved successfully
2025-10-06 00:36:38,433 - experiments.framework - INFO - ✅ Intermediate results saved successfully
2025-10-06 00:36:38,433 - experiments.framework - INFO - ✅ Intermediate results saved successfully
2025-10-06 00:36:38,433 - experiments.framework - INFO - ✅ Intermediate results saved successfully
2025-10-06 00:36:38,433 - experiments.framework - INFO - ✅ Intermediate results saved successfully
2025-10-06 00:36:38,434 - experiments.framework - INFO - 🏁 EXPERIMENT COMPLETED: reproducibility_tests_20251006_002426
2025-10-06 00:36:38,434 - experiments.framework - INFO - 🏁 EXPERIMENT COMPLETED: reproducibility_tests_20251006_002426
2025-10-06 00:36:38,434 - experiments.framework - INFO - 🏁 EXPERIMENT COMPLETED: reproducibility_tests_20251006_002426
2025-10-06 00:36:38,434 - experiments.framework - INFO - 🏁 EXPERIMENT COMPLETED: reproducibility_tests_20251006_002426
2025-10-06 00:36:38,434 - experiments.framework - INFO - 🏁 EXPERIMENT COMPLETED: reproducibility_tests_20251006_002426
2025-10-06 00:36:38,434 - experiments.framework - INFO - 🏁 EXPERIMENT COMPLETED: reproducibility_tests_20251006_002426
2025-10-06 00:36:38,434 - experiments.framework - INFO - ⏱️  TOTAL RUNTIME: 12.2 minutes (732s)
2025-10-06 00:36:38,434 - experiments.framework - INFO - ⏱️  TOTAL RUNTIME: 12.2 minutes (732s)
2025-10-06 00:36:38,434 - experiments.framework - INFO - ⏱️  TOTAL RUNTIME: 12.2 minutes (732s)
2025-10-06 00:36:38,434 - experiments.framework - INFO - ⏱️  TOTAL RUNTIME: 12.2 minutes (732s)
2025-10-06 00:36:38,434 - experiments.framework - INFO - ⏱️  TOTAL RUNTIME: 12.2 minutes (732s)
2025-10-06 00:36:38,434 - experiments.framework - INFO - ⏱️  TOTAL RUNTIME: 12.2 minutes (732s)
2025-10-06 00:36:38,434 - experiments.framework - INFO - 🕐 Started: 2025-10-06 00:24:26
2025-10-06 00:36:38,434 - experiments.framework - INFO - 🕐 Started: 2025-10-06 00:24:26
2025-10-06 00:36:38,434 - experiments.framework - INFO - 🕐 Started: 2025-10-06 00:24:26
2025-10-06 00:36:38,434 - experiments.framework - INFO - 🕐 Started: 2025-10-06 00:24:26
2025-10-06 00:36:38,434 - experiments.framework - INFO - 🕐 Started: 2025-10-06 00:24:26
2025-10-06 00:36:38,434 - experiments.framework - INFO - 🕐 Started: 2025-10-06 00:24:26
2025-10-06 00:36:38,434 - experiments.framework - INFO - 🕑 Finished: 2025-10-06 00:36:38
2025-10-06 00:36:38,434 - experiments.framework - INFO - 🕑 Finished: 2025-10-06 00:36:38
2025-10-06 00:36:38,434 - experiments.framework - INFO - 🕑 Finished: 2025-10-06 00:36:38
2025-10-06 00:36:38,434 - experiments.framework - INFO - 🕑 Finished: 2025-10-06 00:36:38
2025-10-06 00:36:38,434 - experiments.framework - INFO - 🕑 Finished: 2025-10-06 00:36:38
2025-10-06 00:36:38,434 - experiments.framework - INFO - 🕑 Finished: 2025-10-06 00:36:38
2025-10-06 00:36:38,434 - experiments.framework - INFO - Experiment completed successfully: reproducibility_tests_20251006_002426
2025-10-06 00:36:38,434 - experiments.framework - INFO - Experiment completed successfully: reproducibility_tests_20251006_002426
2025-10-06 00:36:38,434 - experiments.framework - INFO - Experiment completed successfully: reproducibility_tests_20251006_002426
2025-10-06 00:36:38,434 - experiments.framework - INFO - Experiment completed successfully: reproducibility_tests_20251006_002426
2025-10-06 00:36:38,434 - experiments.framework - INFO - Experiment completed successfully: reproducibility_tests_20251006_002426
2025-10-06 00:36:38,434 - experiments.framework - INFO - Experiment completed successfully: reproducibility_tests_20251006_002426
2025-10-06 00:36:38,434 - experiments.framework - INFO - 🧹 Performing comprehensive memory cleanup...
2025-10-06 00:36:38,434 - experiments.framework - INFO - 🧹 Performing comprehensive memory cleanup...
2025-10-06 00:36:38,434 - experiments.framework - INFO - 🧹 Performing comprehensive memory cleanup...
2025-10-06 00:36:38,434 - experiments.framework - INFO - 🧹 Performing comprehensive memory cleanup...
2025-10-06 00:36:38,434 - experiments.framework - INFO - 🧹 Performing comprehensive memory cleanup...
2025-10-06 00:36:38,434 - experiments.framework - INFO - 🧹 Performing comprehensive memory cleanup...
2025-10-06 00:36:38,634 - experiments.framework - INFO - Garbage collection freed 56 objects
2025-10-06 00:36:38,634 - experiments.framework - INFO - Garbage collection freed 56 objects
2025-10-06 00:36:38,634 - experiments.framework - INFO - Garbage collection freed 56 objects
2025-10-06 00:36:38,634 - experiments.framework - INFO - Garbage collection freed 56 objects
2025-10-06 00:36:38,634 - experiments.framework - INFO - Garbage collection freed 56 objects
2025-10-06 00:36:38,634 - experiments.framework - INFO - Garbage collection freed 56 objects
2025-10-06 00:36:39,372 - experiments.framework - INFO - GPU memory cleanup attempted
2025-10-06 00:36:39,372 - experiments.framework - INFO - GPU memory cleanup attempted
2025-10-06 00:36:39,372 - experiments.framework - INFO - GPU memory cleanup attempted
2025-10-06 00:36:39,372 - experiments.framework - INFO - GPU memory cleanup attempted
2025-10-06 00:36:39,372 - experiments.framework - INFO - GPU memory cleanup attempted
2025-10-06 00:36:39,372 - experiments.framework - INFO - GPU memory cleanup attempted
2025-10-06 00:36:40,373 - experiments.framework - INFO - ✅ Comprehensive memory cleanup completed
2025-10-06 00:36:40,373 - experiments.framework - INFO - ✅ Comprehensive memory cleanup completed
2025-10-06 00:36:40,373 - experiments.framework - INFO - ✅ Comprehensive memory cleanup completed
2025-10-06 00:36:40,373 - experiments.framework - INFO - ✅ Comprehensive memory cleanup completed
2025-10-06 00:36:40,373 - experiments.framework - INFO - ✅ Comprehensive memory cleanup completed
2025-10-06 00:36:40,373 - experiments.framework - INFO - ✅ Comprehensive memory cleanup completed
2025-10-06 00:36:40,406 - experiments.framework - INFO - Pickle saving disabled to prevent large files - using JSON and CSV instead
2025-10-06 00:36:40,406 - experiments.framework - INFO - Pickle saving disabled to prevent large files - using JSON and CSV instead
2025-10-06 00:36:40,406 - experiments.framework - INFO - Pickle saving disabled to prevent large files - using JSON and CSV instead
2025-10-06 00:36:40,406 - experiments.framework - INFO - Pickle saving disabled to prevent large files - using JSON and CSV instead
2025-10-06 00:36:40,406 - experiments.framework - INFO - Pickle saving disabled to prevent large files - using JSON and CSV instead
2025-10-06 00:36:40,406 - experiments.framework - INFO - Pickle saving disabled to prevent large files - using JSON and CSV instead
2025-10-06 00:36:40,410 - experiments.framework - INFO - Saving 1 plots to /cs/student/msc/aibh/2024/madhavan/sgfa_qmap-pd/results/all_run_20251005_235553/reproducibility_tests_20251006_002426/plots
2025-10-06 00:36:40,410 - experiments.framework - INFO - Saving 1 plots to /cs/student/msc/aibh/2024/madhavan/sgfa_qmap-pd/results/all_run_20251005_235553/reproducibility_tests_20251006_002426/plots
2025-10-06 00:36:40,410 - experiments.framework - INFO - Saving 1 plots to /cs/student/msc/aibh/2024/madhavan/sgfa_qmap-pd/results/all_run_20251005_235553/reproducibility_tests_20251006_002426/plots
2025-10-06 00:36:40,410 - experiments.framework - INFO - Saving 1 plots to /cs/student/msc/aibh/2024/madhavan/sgfa_qmap-pd/results/all_run_20251005_235553/reproducibility_tests_20251006_002426/plots
2025-10-06 00:36:40,410 - experiments.framework - INFO - Saving 1 plots to /cs/student/msc/aibh/2024/madhavan/sgfa_qmap-pd/results/all_run_20251005_235553/reproducibility_tests_20251006_002426/plots
2025-10-06 00:36:40,410 - experiments.framework - INFO - Saving 1 plots to /cs/student/msc/aibh/2024/madhavan/sgfa_qmap-pd/results/all_run_20251005_235553/reproducibility_tests_20251006_002426/plots
2025-10-06 00:36:40,995 - experiments.framework - INFO -   ✅ Saved plot: reproducibility_summary
2025-10-06 00:36:40,995 - experiments.framework - INFO -   ✅ Saved plot: reproducibility_summary
2025-10-06 00:36:40,995 - experiments.framework - INFO -   ✅ Saved plot: reproducibility_summary
2025-10-06 00:36:40,995 - experiments.framework - INFO -   ✅ Saved plot: reproducibility_summary
2025-10-06 00:36:40,995 - experiments.framework - INFO -   ✅ Saved plot: reproducibility_summary
2025-10-06 00:36:40,995 - experiments.framework - INFO -   ✅ Saved plot: reproducibility_summary
2025-10-06 00:36:40,995 - experiments.framework - INFO - All plots saved to: /cs/student/msc/aibh/2024/madhavan/sgfa_qmap-pd/results/all_run_20251005_235553/reproducibility_tests_20251006_002426/plots
2025-10-06 00:36:40,995 - experiments.framework - INFO - All plots saved to: /cs/student/msc/aibh/2024/madhavan/sgfa_qmap-pd/results/all_run_20251005_235553/reproducibility_tests_20251006_002426/plots
2025-10-06 00:36:40,995 - experiments.framework - INFO - All plots saved to: /cs/student/msc/aibh/2024/madhavan/sgfa_qmap-pd/results/all_run_20251005_235553/reproducibility_tests_20251006_002426/plots
2025-10-06 00:36:40,995 - experiments.framework - INFO - All plots saved to: /cs/student/msc/aibh/2024/madhavan/sgfa_qmap-pd/results/all_run_20251005_235553/reproducibility_tests_20251006_002426/plots
2025-10-06 00:36:40,995 - experiments.framework - INFO - All plots saved to: /cs/student/msc/aibh/2024/madhavan/sgfa_qmap-pd/results/all_run_20251005_235553/reproducibility_tests_20251006_002426/plots
2025-10-06 00:36:40,995 - experiments.framework - INFO - All plots saved to: /cs/student/msc/aibh/2024/madhavan/sgfa_qmap-pd/results/all_run_20251005_235553/reproducibility_tests_20251006_002426/plots
