2025-10-07 08:52:57,445 - experiments.framework - INFO - ExperimentFramework initialized with output dir: /cs/student/msc/aibh/2024/madhavan/sgfa_qmap-pd/results/all_rois-lentiform_conf-age+sex+tiv_run_20251007_085257
2025-10-07 08:52:57,449 - experiments.framework - INFO - Starting experiment: data_validation_20251007_085257
2025-10-07 08:53:02,409 - experiments.framework - INFO - 🏁 EXPERIMENT COMPLETED: data_validation_20251007_085257
2025-10-07 08:53:02,409 - experiments.framework - INFO - ⏱️  TOTAL RUNTIME: 5.0 seconds
2025-10-07 08:53:02,409 - experiments.framework - INFO - 🕐 Started: 2025-10-07 08:52:57
2025-10-07 08:53:02,409 - experiments.framework - INFO - 🕑 Finished: 2025-10-07 08:53:02
2025-10-07 08:53:02,409 - experiments.framework - INFO - Experiment completed successfully: data_validation_20251007_085257
2025-10-07 08:53:02,409 - experiments.framework - INFO - 🧹 Performing comprehensive memory cleanup...
2025-10-07 08:53:02,476 - experiments.framework - INFO - Garbage collection freed 31951 objects
2025-10-07 08:53:02,635 - experiments.framework - INFO - GPU memory cleanup attempted
2025-10-07 08:53:03,637 - experiments.framework - INFO - ✅ Comprehensive memory cleanup completed
2025-10-07 08:53:03,698 - experiments.framework - INFO - Pickle saving disabled to prevent large files - using JSON and CSV instead
2025-10-07 08:53:03,702 - experiments.framework - INFO - Saving 3 plots to /cs/student/msc/aibh/2024/madhavan/sgfa_qmap-pd/results/all_rois-lentiform_conf-age+sex+tiv_run_20251007_085257/data_validation_20251007_085257/plots
2025-10-07 08:53:04,810 - experiments.framework - INFO -   ✅ Saved plot: data_distribution_comparison
2025-10-07 08:53:05,590 - experiments.framework - INFO -   ✅ Saved plot: data_validation_feature_reduction
2025-10-07 08:53:05,871 - experiments.framework - INFO -   ✅ Saved plot: data_validation_variance_distribution
2025-10-07 08:53:05,871 - experiments.framework - INFO - All plots saved to: /cs/student/msc/aibh/2024/madhavan/sgfa_qmap-pd/results/all_rois-lentiform_conf-age+sex+tiv_run_20251007_085257/data_validation_20251007_085257/plots
2025-10-07 08:53:05,938 - experiments.framework - INFO - ExperimentFramework initialized with output dir: /cs/student/msc/aibh/2024/madhavan/sgfa_qmap-pd/results/all_rois-lentiform_conf-age+sex+tiv_run_20251007_085257
2025-10-07 08:53:05,938 - experiments.framework - INFO - ExperimentFramework initialized with output dir: /cs/student/msc/aibh/2024/madhavan/sgfa_qmap-pd/results/all_rois-lentiform_conf-age+sex+tiv_run_20251007_085257
2025-10-07 08:53:08,332 - experiments.framework - INFO - Starting experiment: sgfa_hyperparameter_tuning_20251007_085308
2025-10-07 08:53:08,332 - experiments.framework - INFO - Starting experiment: sgfa_hyperparameter_tuning_20251007_085308
2025-10-07 10:05:11,127 - experiments.framework - INFO - 🏁 EXPERIMENT COMPLETED: sgfa_hyperparameter_tuning_20251007_085308
2025-10-07 10:05:11,127 - experiments.framework - INFO - 🏁 EXPERIMENT COMPLETED: sgfa_hyperparameter_tuning_20251007_085308
2025-10-07 10:05:11,127 - experiments.framework - INFO - ⏱️  TOTAL RUNTIME: 1.2 hours (12m 3s)
2025-10-07 10:05:11,127 - experiments.framework - INFO - ⏱️  TOTAL RUNTIME: 1.2 hours (12m 3s)
2025-10-07 10:05:11,127 - experiments.framework - INFO - 🕐 Started: 2025-10-07 08:53:08
2025-10-07 10:05:11,127 - experiments.framework - INFO - 🕐 Started: 2025-10-07 08:53:08
2025-10-07 10:05:11,128 - experiments.framework - INFO - 🕑 Finished: 2025-10-07 10:05:11
2025-10-07 10:05:11,128 - experiments.framework - INFO - 🕑 Finished: 2025-10-07 10:05:11
2025-10-07 10:05:11,128 - experiments.framework - INFO - Experiment completed successfully: sgfa_hyperparameter_tuning_20251007_085308
2025-10-07 10:05:11,128 - experiments.framework - INFO - Experiment completed successfully: sgfa_hyperparameter_tuning_20251007_085308
2025-10-07 10:05:11,128 - experiments.framework - INFO - 🧹 Performing comprehensive memory cleanup...
2025-10-07 10:05:11,128 - experiments.framework - INFO - 🧹 Performing comprehensive memory cleanup...
2025-10-07 10:05:11,195 - experiments.framework - INFO - Garbage collection freed 0 objects
2025-10-07 10:05:11,195 - experiments.framework - INFO - Garbage collection freed 0 objects
2025-10-07 10:05:11,455 - experiments.framework - INFO - GPU memory cleanup attempted
2025-10-07 10:05:11,455 - experiments.framework - INFO - GPU memory cleanup attempted
2025-10-07 10:05:12,457 - experiments.framework - INFO - ✅ Comprehensive memory cleanup completed
2025-10-07 10:05:12,457 - experiments.framework - INFO - ✅ Comprehensive memory cleanup completed
2025-10-07 10:05:12,854 - experiments.framework - INFO - Pickle saving disabled to prevent large files - using JSON and CSV instead
2025-10-07 10:05:12,854 - experiments.framework - INFO - Pickle saving disabled to prevent large files - using JSON and CSV instead
2025-10-07 10:05:12,892 - experiments.framework - INFO - Saving sgfa_K2_percW10_grp0.0 factor scores Z shape: (86, 2)
2025-10-07 10:05:12,892 - experiments.framework - INFO - Saving sgfa_K2_percW10_grp0.0 factor scores Z shape: (86, 2)
2025-10-07 10:05:12,927 - experiments.framework - INFO - Saving sgfa_K2_percW10_grp0.05 factor scores Z shape: (86, 2)
2025-10-07 10:05:12,927 - experiments.framework - INFO - Saving sgfa_K2_percW10_grp0.05 factor scores Z shape: (86, 2)
2025-10-07 10:05:12,964 - experiments.framework - INFO - Saving sgfa_K2_percW10_grp0.1 factor scores Z shape: (86, 2)
2025-10-07 10:05:12,964 - experiments.framework - INFO - Saving sgfa_K2_percW10_grp0.1 factor scores Z shape: (86, 2)
2025-10-07 10:05:12,999 - experiments.framework - INFO - Saving sgfa_K2_percW10_grp0.2 factor scores Z shape: (86, 2)
2025-10-07 10:05:12,999 - experiments.framework - INFO - Saving sgfa_K2_percW10_grp0.2 factor scores Z shape: (86, 2)
2025-10-07 10:05:13,037 - experiments.framework - INFO - Saving sgfa_K2_percW25_grp0.0 factor scores Z shape: (86, 2)
2025-10-07 10:05:13,037 - experiments.framework - INFO - Saving sgfa_K2_percW25_grp0.0 factor scores Z shape: (86, 2)
2025-10-07 10:05:13,072 - experiments.framework - INFO - Saving sgfa_K2_percW25_grp0.05 factor scores Z shape: (86, 2)
2025-10-07 10:05:13,072 - experiments.framework - INFO - Saving sgfa_K2_percW25_grp0.05 factor scores Z shape: (86, 2)
2025-10-07 10:05:13,109 - experiments.framework - INFO - Saving sgfa_K2_percW25_grp0.1 factor scores Z shape: (86, 2)
2025-10-07 10:05:13,109 - experiments.framework - INFO - Saving sgfa_K2_percW25_grp0.1 factor scores Z shape: (86, 2)
2025-10-07 10:05:13,144 - experiments.framework - INFO - Saving sgfa_K2_percW25_grp0.2 factor scores Z shape: (86, 2)
2025-10-07 10:05:13,144 - experiments.framework - INFO - Saving sgfa_K2_percW25_grp0.2 factor scores Z shape: (86, 2)
2025-10-07 10:05:13,182 - experiments.framework - INFO - Saving sgfa_K2_percW33_grp0.0 factor scores Z shape: (86, 2)
2025-10-07 10:05:13,182 - experiments.framework - INFO - Saving sgfa_K2_percW33_grp0.0 factor scores Z shape: (86, 2)
2025-10-07 10:05:13,218 - experiments.framework - INFO - Saving sgfa_K2_percW33_grp0.05 factor scores Z shape: (86, 2)
2025-10-07 10:05:13,218 - experiments.framework - INFO - Saving sgfa_K2_percW33_grp0.05 factor scores Z shape: (86, 2)
2025-10-07 10:05:13,253 - experiments.framework - INFO - Saving sgfa_K2_percW33_grp0.1 factor scores Z shape: (86, 2)
2025-10-07 10:05:13,253 - experiments.framework - INFO - Saving sgfa_K2_percW33_grp0.1 factor scores Z shape: (86, 2)
2025-10-07 10:05:13,292 - experiments.framework - INFO - Saving sgfa_K2_percW33_grp0.2 factor scores Z shape: (86, 2)
2025-10-07 10:05:13,292 - experiments.framework - INFO - Saving sgfa_K2_percW33_grp0.2 factor scores Z shape: (86, 2)
2025-10-07 10:05:13,341 - experiments.framework - INFO - Saving sgfa_K3_percW10_grp0.0 factor scores Z shape: (86, 3)
2025-10-07 10:05:13,341 - experiments.framework - INFO - Saving sgfa_K3_percW10_grp0.0 factor scores Z shape: (86, 3)
2025-10-07 10:05:13,387 - experiments.framework - INFO - Saving sgfa_K3_percW10_grp0.05 factor scores Z shape: (86, 3)
2025-10-07 10:05:13,387 - experiments.framework - INFO - Saving sgfa_K3_percW10_grp0.05 factor scores Z shape: (86, 3)
2025-10-07 10:05:13,434 - experiments.framework - INFO - Saving sgfa_K3_percW10_grp0.1 factor scores Z shape: (86, 3)
2025-10-07 10:05:13,434 - experiments.framework - INFO - Saving sgfa_K3_percW10_grp0.1 factor scores Z shape: (86, 3)
2025-10-07 10:05:13,484 - experiments.framework - INFO - Saving sgfa_K3_percW10_grp0.2 factor scores Z shape: (86, 3)
2025-10-07 10:05:13,484 - experiments.framework - INFO - Saving sgfa_K3_percW10_grp0.2 factor scores Z shape: (86, 3)
2025-10-07 10:05:13,530 - experiments.framework - INFO - Saving sgfa_K3_percW25_grp0.0 factor scores Z shape: (86, 3)
2025-10-07 10:05:13,530 - experiments.framework - INFO - Saving sgfa_K3_percW25_grp0.0 factor scores Z shape: (86, 3)
2025-10-07 10:05:13,580 - experiments.framework - INFO - Saving sgfa_K3_percW25_grp0.05 factor scores Z shape: (86, 3)
2025-10-07 10:05:13,580 - experiments.framework - INFO - Saving sgfa_K3_percW25_grp0.05 factor scores Z shape: (86, 3)
2025-10-07 10:05:13,632 - experiments.framework - INFO - Saving sgfa_K3_percW25_grp0.1 factor scores Z shape: (86, 3)
2025-10-07 10:05:13,632 - experiments.framework - INFO - Saving sgfa_K3_percW25_grp0.1 factor scores Z shape: (86, 3)
2025-10-07 10:05:13,683 - experiments.framework - INFO - Saving sgfa_K3_percW25_grp0.2 factor scores Z shape: (86, 3)
2025-10-07 10:05:13,683 - experiments.framework - INFO - Saving sgfa_K3_percW25_grp0.2 factor scores Z shape: (86, 3)
2025-10-07 10:05:13,729 - experiments.framework - INFO - Saving sgfa_K3_percW33_grp0.0 factor scores Z shape: (86, 3)
2025-10-07 10:05:13,729 - experiments.framework - INFO - Saving sgfa_K3_percW33_grp0.0 factor scores Z shape: (86, 3)
2025-10-07 10:05:13,776 - experiments.framework - INFO - Saving sgfa_K3_percW33_grp0.05 factor scores Z shape: (86, 3)
2025-10-07 10:05:13,776 - experiments.framework - INFO - Saving sgfa_K3_percW33_grp0.05 factor scores Z shape: (86, 3)
2025-10-07 10:05:13,824 - experiments.framework - INFO - Saving sgfa_K3_percW33_grp0.1 factor scores Z shape: (86, 3)
2025-10-07 10:05:13,824 - experiments.framework - INFO - Saving sgfa_K3_percW33_grp0.1 factor scores Z shape: (86, 3)
2025-10-07 10:05:13,870 - experiments.framework - INFO - Saving sgfa_K3_percW33_grp0.2 factor scores Z shape: (86, 3)
2025-10-07 10:05:13,870 - experiments.framework - INFO - Saving sgfa_K3_percW33_grp0.2 factor scores Z shape: (86, 3)
2025-10-07 10:05:13,930 - experiments.framework - INFO - Saving sgfa_K4_percW10_grp0.0 factor scores Z shape: (86, 4)
2025-10-07 10:05:13,930 - experiments.framework - INFO - Saving sgfa_K4_percW10_grp0.0 factor scores Z shape: (86, 4)
2025-10-07 10:05:13,991 - experiments.framework - INFO - Saving sgfa_K4_percW10_grp0.05 factor scores Z shape: (86, 4)
2025-10-07 10:05:13,991 - experiments.framework - INFO - Saving sgfa_K4_percW10_grp0.05 factor scores Z shape: (86, 4)
2025-10-07 10:05:14,050 - experiments.framework - INFO - Saving sgfa_K4_percW10_grp0.1 factor scores Z shape: (86, 4)
2025-10-07 10:05:14,050 - experiments.framework - INFO - Saving sgfa_K4_percW10_grp0.1 factor scores Z shape: (86, 4)
2025-10-07 10:05:14,109 - experiments.framework - INFO - Saving sgfa_K4_percW10_grp0.2 factor scores Z shape: (86, 4)
2025-10-07 10:05:14,109 - experiments.framework - INFO - Saving sgfa_K4_percW10_grp0.2 factor scores Z shape: (86, 4)
2025-10-07 10:05:14,167 - experiments.framework - INFO - Saving sgfa_K4_percW25_grp0.0 factor scores Z shape: (86, 4)
2025-10-07 10:05:14,167 - experiments.framework - INFO - Saving sgfa_K4_percW25_grp0.0 factor scores Z shape: (86, 4)
2025-10-07 10:05:14,227 - experiments.framework - INFO - Saving sgfa_K4_percW25_grp0.05 factor scores Z shape: (86, 4)
2025-10-07 10:05:14,227 - experiments.framework - INFO - Saving sgfa_K4_percW25_grp0.05 factor scores Z shape: (86, 4)
2025-10-07 10:05:14,286 - experiments.framework - INFO - Saving sgfa_K4_percW25_grp0.1 factor scores Z shape: (86, 4)
2025-10-07 10:05:14,286 - experiments.framework - INFO - Saving sgfa_K4_percW25_grp0.1 factor scores Z shape: (86, 4)
2025-10-07 10:05:14,344 - experiments.framework - INFO - Saving sgfa_K4_percW25_grp0.2 factor scores Z shape: (86, 4)
2025-10-07 10:05:14,344 - experiments.framework - INFO - Saving sgfa_K4_percW25_grp0.2 factor scores Z shape: (86, 4)
2025-10-07 10:05:14,403 - experiments.framework - INFO - Saving sgfa_K4_percW33_grp0.0 factor scores Z shape: (86, 4)
2025-10-07 10:05:14,403 - experiments.framework - INFO - Saving sgfa_K4_percW33_grp0.0 factor scores Z shape: (86, 4)
2025-10-07 10:05:14,462 - experiments.framework - INFO - Saving sgfa_K4_percW33_grp0.05 factor scores Z shape: (86, 4)
2025-10-07 10:05:14,462 - experiments.framework - INFO - Saving sgfa_K4_percW33_grp0.05 factor scores Z shape: (86, 4)
2025-10-07 10:05:14,519 - experiments.framework - INFO - Saving sgfa_K4_percW33_grp0.1 factor scores Z shape: (86, 4)
2025-10-07 10:05:14,519 - experiments.framework - INFO - Saving sgfa_K4_percW33_grp0.1 factor scores Z shape: (86, 4)
2025-10-07 10:05:14,577 - experiments.framework - INFO - Saving sgfa_K4_percW33_grp0.2 factor scores Z shape: (86, 4)
2025-10-07 10:05:14,577 - experiments.framework - INFO - Saving sgfa_K4_percW33_grp0.2 factor scores Z shape: (86, 4)
2025-10-07 10:05:14,582 - experiments.framework - INFO - Saving 6 plots to /cs/student/msc/aibh/2024/madhavan/sgfa_qmap-pd/results/all_rois-lentiform_conf-age+sex+tiv_run_20251007_085257/sgfa_hyperparameter_tuning_20251007_085308/plots
2025-10-07 10:05:14,582 - experiments.framework - INFO - Saving 6 plots to /cs/student/msc/aibh/2024/madhavan/sgfa_qmap-pd/results/all_rois-lentiform_conf-age+sex+tiv_run_20251007_085257/sgfa_hyperparameter_tuning_20251007_085308/plots
2025-10-07 10:05:15,736 - experiments.framework - INFO -   ✅ Saved plot: sgfa_variant_performance
2025-10-07 10:05:15,736 - experiments.framework - INFO -   ✅ Saved plot: sgfa_variant_performance
2025-10-07 10:05:16,330 - experiments.framework - INFO -   ✅ Saved plot: sgfa_variant_quality
2025-10-07 10:05:16,330 - experiments.framework - INFO -   ✅ Saved plot: sgfa_variant_quality
2025-10-07 10:05:19,260 - experiments.framework - INFO -   ✅ Saved plot: roi_specificity_comparison
2025-10-07 10:05:19,260 - experiments.framework - INFO -   ✅ Saved plot: roi_specificity_comparison
2025-10-07 10:05:19,729 - experiments.framework - INFO -   ✅ Saved plot: best_factor_loadings
2025-10-07 10:05:19,729 - experiments.framework - INFO -   ✅ Saved plot: best_factor_loadings
2025-10-07 10:05:20,062 - experiments.framework - INFO -   ✅ Saved plot: best_factor_scores
2025-10-07 10:05:20,062 - experiments.framework - INFO -   ✅ Saved plot: best_factor_scores
2025-10-07 10:05:20,517 - experiments.framework - INFO -   ✅ Saved plot: parameter_grid_search
2025-10-07 10:05:20,517 - experiments.framework - INFO -   ✅ Saved plot: parameter_grid_search
2025-10-07 10:05:20,517 - experiments.framework - INFO - All plots saved to: /cs/student/msc/aibh/2024/madhavan/sgfa_qmap-pd/results/all_rois-lentiform_conf-age+sex+tiv_run_20251007_085257/sgfa_hyperparameter_tuning_20251007_085308/plots
2025-10-07 10:05:20,517 - experiments.framework - INFO - All plots saved to: /cs/student/msc/aibh/2024/madhavan/sgfa_qmap-pd/results/all_rois-lentiform_conf-age+sex+tiv_run_20251007_085257/sgfa_hyperparameter_tuning_20251007_085308/plots
2025-10-07 10:05:22,638 - experiments.framework - INFO - ExperimentFramework initialized with output dir: /cs/student/msc/aibh/2024/madhavan/sgfa_qmap-pd/results/all_rois-lentiform_conf-age+sex+tiv_run_20251007_085257
2025-10-07 10:05:22,638 - experiments.framework - INFO - ExperimentFramework initialized with output dir: /cs/student/msc/aibh/2024/madhavan/sgfa_qmap-pd/results/all_rois-lentiform_conf-age+sex+tiv_run_20251007_085257
2025-10-07 10:05:22,638 - experiments.framework - INFO - ExperimentFramework initialized with output dir: /cs/student/msc/aibh/2024/madhavan/sgfa_qmap-pd/results/all_rois-lentiform_conf-age+sex+tiv_run_20251007_085257
2025-10-07 10:05:22,642 - experiments.framework - INFO - Starting experiment: methods_comparison_20251007_100522
2025-10-07 10:05:22,642 - experiments.framework - INFO - Starting experiment: methods_comparison_20251007_100522
2025-10-07 10:05:22,642 - experiments.framework - INFO - Starting experiment: methods_comparison_20251007_100522
2025-10-07 10:16:09,043 - experiments.framework - INFO - 🏁 EXPERIMENT COMPLETED: methods_comparison_20251007_100522
2025-10-07 10:16:09,043 - experiments.framework - INFO - 🏁 EXPERIMENT COMPLETED: methods_comparison_20251007_100522
2025-10-07 10:16:09,043 - experiments.framework - INFO - 🏁 EXPERIMENT COMPLETED: methods_comparison_20251007_100522
2025-10-07 10:16:09,044 - experiments.framework - INFO - ⏱️  TOTAL RUNTIME: 10.8 minutes (646s)
2025-10-07 10:16:09,044 - experiments.framework - INFO - ⏱️  TOTAL RUNTIME: 10.8 minutes (646s)
2025-10-07 10:16:09,044 - experiments.framework - INFO - ⏱️  TOTAL RUNTIME: 10.8 minutes (646s)
2025-10-07 10:16:09,044 - experiments.framework - INFO - 🕐 Started: 2025-10-07 10:05:22
2025-10-07 10:16:09,044 - experiments.framework - INFO - 🕐 Started: 2025-10-07 10:05:22
2025-10-07 10:16:09,044 - experiments.framework - INFO - 🕐 Started: 2025-10-07 10:05:22
2025-10-07 10:16:09,044 - experiments.framework - INFO - 🕑 Finished: 2025-10-07 10:16:09
2025-10-07 10:16:09,044 - experiments.framework - INFO - 🕑 Finished: 2025-10-07 10:16:09
2025-10-07 10:16:09,044 - experiments.framework - INFO - 🕑 Finished: 2025-10-07 10:16:09
2025-10-07 10:16:09,044 - experiments.framework - INFO - Experiment completed successfully: methods_comparison_20251007_100522
2025-10-07 10:16:09,044 - experiments.framework - INFO - Experiment completed successfully: methods_comparison_20251007_100522
2025-10-07 10:16:09,044 - experiments.framework - INFO - Experiment completed successfully: methods_comparison_20251007_100522
2025-10-07 10:16:09,044 - experiments.framework - INFO - 🧹 Performing comprehensive memory cleanup...
2025-10-07 10:16:09,044 - experiments.framework - INFO - 🧹 Performing comprehensive memory cleanup...
2025-10-07 10:16:09,044 - experiments.framework - INFO - 🧹 Performing comprehensive memory cleanup...
2025-10-07 10:16:09,149 - experiments.framework - INFO - Garbage collection freed 121 objects
2025-10-07 10:16:09,149 - experiments.framework - INFO - Garbage collection freed 121 objects
2025-10-07 10:16:09,149 - experiments.framework - INFO - Garbage collection freed 121 objects
2025-10-07 10:16:09,495 - experiments.framework - INFO - GPU memory cleanup attempted
2025-10-07 10:16:09,495 - experiments.framework - INFO - GPU memory cleanup attempted
2025-10-07 10:16:09,495 - experiments.framework - INFO - GPU memory cleanup attempted
2025-10-07 10:16:10,496 - experiments.framework - INFO - ✅ Comprehensive memory cleanup completed
2025-10-07 10:16:10,496 - experiments.framework - INFO - ✅ Comprehensive memory cleanup completed
2025-10-07 10:16:10,496 - experiments.framework - INFO - ✅ Comprehensive memory cleanup completed
2025-10-07 10:16:10,699 - experiments.framework - INFO - Pickle saving disabled to prevent large files - using JSON and CSV instead
2025-10-07 10:16:10,699 - experiments.framework - INFO - Pickle saving disabled to prevent large files - using JSON and CSV instead
2025-10-07 10:16:10,699 - experiments.framework - INFO - Pickle saving disabled to prevent large files - using JSON and CSV instead
2025-10-07 10:16:10,706 - experiments.framework - INFO - Saving 6 plots to /cs/student/msc/aibh/2024/madhavan/sgfa_qmap-pd/results/all_rois-lentiform_conf-age+sex+tiv_run_20251007_085257/methods_comparison_20251007_100522/plots
2025-10-07 10:16:10,706 - experiments.framework - INFO - Saving 6 plots to /cs/student/msc/aibh/2024/madhavan/sgfa_qmap-pd/results/all_rois-lentiform_conf-age+sex+tiv_run_20251007_085257/methods_comparison_20251007_100522/plots
2025-10-07 10:16:10,706 - experiments.framework - INFO - Saving 6 plots to /cs/student/msc/aibh/2024/madhavan/sgfa_qmap-pd/results/all_rois-lentiform_conf-age+sex+tiv_run_20251007_085257/methods_comparison_20251007_100522/plots
2025-10-07 10:16:10,861 - experiments.framework - INFO -   ✅ Saved plot: performance_comparison
2025-10-07 10:16:10,861 - experiments.framework - INFO -   ✅ Saved plot: performance_comparison
2025-10-07 10:16:10,861 - experiments.framework - INFO -   ✅ Saved plot: performance_comparison
2025-10-07 10:16:11,074 - experiments.framework - INFO -   ✅ Saved plot: reconstruction_quality
2025-10-07 10:16:11,074 - experiments.framework - INFO -   ✅ Saved plot: reconstruction_quality
2025-10-07 10:16:11,074 - experiments.framework - INFO -   ✅ Saved plot: reconstruction_quality
2025-10-07 10:16:11,268 - experiments.framework - INFO -   ✅ Saved plot: information_criteria
2025-10-07 10:16:11,268 - experiments.framework - INFO -   ✅ Saved plot: information_criteria
2025-10-07 10:16:11,268 - experiments.framework - INFO -   ✅ Saved plot: information_criteria
2025-10-07 10:16:11,519 - experiments.framework - INFO -   ✅ Saved plot: factor_stability
2025-10-07 10:16:11,519 - experiments.framework - INFO -   ✅ Saved plot: factor_stability
2025-10-07 10:16:11,519 - experiments.framework - INFO -   ✅ Saved plot: factor_stability
2025-10-07 10:16:11,712 - experiments.framework - INFO -   ✅ Saved plot: performance_vs_quality
2025-10-07 10:16:11,712 - experiments.framework - INFO -   ✅ Saved plot: performance_vs_quality
2025-10-07 10:16:11,712 - experiments.framework - INFO -   ✅ Saved plot: performance_vs_quality
2025-10-07 10:16:11,948 - experiments.framework - INFO -   ✅ Saved plot: roi_specificity_heatmap
2025-10-07 10:16:11,948 - experiments.framework - INFO -   ✅ Saved plot: roi_specificity_heatmap
2025-10-07 10:16:11,948 - experiments.framework - INFO -   ✅ Saved plot: roi_specificity_heatmap
2025-10-07 10:16:11,948 - experiments.framework - INFO - All plots saved to: /cs/student/msc/aibh/2024/madhavan/sgfa_qmap-pd/results/all_rois-lentiform_conf-age+sex+tiv_run_20251007_085257/methods_comparison_20251007_100522/plots
2025-10-07 10:16:11,948 - experiments.framework - INFO - All plots saved to: /cs/student/msc/aibh/2024/madhavan/sgfa_qmap-pd/results/all_rois-lentiform_conf-age+sex+tiv_run_20251007_085257/methods_comparison_20251007_100522/plots
2025-10-07 10:16:11,948 - experiments.framework - INFO - All plots saved to: /cs/student/msc/aibh/2024/madhavan/sgfa_qmap-pd/results/all_rois-lentiform_conf-age+sex+tiv_run_20251007_085257/methods_comparison_20251007_100522/plots
2025-10-07 10:16:12,937 - experiments.framework - INFO - ExperimentFramework initialized with output dir: /cs/student/msc/aibh/2024/madhavan/sgfa_qmap-pd/results/all_rois-lentiform_conf-age+sex+tiv_run_20251007_085257
2025-10-07 10:16:12,937 - experiments.framework - INFO - ExperimentFramework initialized with output dir: /cs/student/msc/aibh/2024/madhavan/sgfa_qmap-pd/results/all_rois-lentiform_conf-age+sex+tiv_run_20251007_085257
2025-10-07 10:16:12,937 - experiments.framework - INFO - ExperimentFramework initialized with output dir: /cs/student/msc/aibh/2024/madhavan/sgfa_qmap-pd/results/all_rois-lentiform_conf-age+sex+tiv_run_20251007_085257
2025-10-07 10:16:12,937 - experiments.framework - INFO - ExperimentFramework initialized with output dir: /cs/student/msc/aibh/2024/madhavan/sgfa_qmap-pd/results/all_rois-lentiform_conf-age+sex+tiv_run_20251007_085257
2025-10-07 10:16:12,941 - experiments.framework - INFO - Starting experiment: sensitivity_analysis_20251007_101612
2025-10-07 10:16:12,941 - experiments.framework - INFO - Starting experiment: sensitivity_analysis_20251007_101612
2025-10-07 10:16:12,941 - experiments.framework - INFO - Starting experiment: sensitivity_analysis_20251007_101612
2025-10-07 10:16:12,941 - experiments.framework - INFO - Starting experiment: sensitivity_analysis_20251007_101612
2025-10-07 10:21:41,142 - experiments.framework - INFO - 🏁 EXPERIMENT COMPLETED: sensitivity_analysis_20251007_101612
2025-10-07 10:21:41,142 - experiments.framework - INFO - 🏁 EXPERIMENT COMPLETED: sensitivity_analysis_20251007_101612
2025-10-07 10:21:41,142 - experiments.framework - INFO - 🏁 EXPERIMENT COMPLETED: sensitivity_analysis_20251007_101612
2025-10-07 10:21:41,142 - experiments.framework - INFO - 🏁 EXPERIMENT COMPLETED: sensitivity_analysis_20251007_101612
2025-10-07 10:21:41,142 - experiments.framework - INFO - ⏱️  TOTAL RUNTIME: 5.5 minutes (328s)
2025-10-07 10:21:41,142 - experiments.framework - INFO - ⏱️  TOTAL RUNTIME: 5.5 minutes (328s)
2025-10-07 10:21:41,142 - experiments.framework - INFO - ⏱️  TOTAL RUNTIME: 5.5 minutes (328s)
2025-10-07 10:21:41,142 - experiments.framework - INFO - ⏱️  TOTAL RUNTIME: 5.5 minutes (328s)
2025-10-07 10:21:41,142 - experiments.framework - INFO - 🕐 Started: 2025-10-07 10:16:12
2025-10-07 10:21:41,142 - experiments.framework - INFO - 🕐 Started: 2025-10-07 10:16:12
2025-10-07 10:21:41,142 - experiments.framework - INFO - 🕐 Started: 2025-10-07 10:16:12
2025-10-07 10:21:41,142 - experiments.framework - INFO - 🕐 Started: 2025-10-07 10:16:12
2025-10-07 10:21:41,142 - experiments.framework - INFO - 🕑 Finished: 2025-10-07 10:21:41
2025-10-07 10:21:41,142 - experiments.framework - INFO - 🕑 Finished: 2025-10-07 10:21:41
2025-10-07 10:21:41,142 - experiments.framework - INFO - 🕑 Finished: 2025-10-07 10:21:41
2025-10-07 10:21:41,142 - experiments.framework - INFO - 🕑 Finished: 2025-10-07 10:21:41
2025-10-07 10:21:41,143 - experiments.framework - INFO - Experiment completed successfully: sensitivity_analysis_20251007_101612
2025-10-07 10:21:41,143 - experiments.framework - INFO - Experiment completed successfully: sensitivity_analysis_20251007_101612
2025-10-07 10:21:41,143 - experiments.framework - INFO - Experiment completed successfully: sensitivity_analysis_20251007_101612
2025-10-07 10:21:41,143 - experiments.framework - INFO - Experiment completed successfully: sensitivity_analysis_20251007_101612
2025-10-07 10:21:41,143 - experiments.framework - INFO - 🧹 Performing comprehensive memory cleanup...
2025-10-07 10:21:41,143 - experiments.framework - INFO - 🧹 Performing comprehensive memory cleanup...
2025-10-07 10:21:41,143 - experiments.framework - INFO - 🧹 Performing comprehensive memory cleanup...
2025-10-07 10:21:41,143 - experiments.framework - INFO - 🧹 Performing comprehensive memory cleanup...
2025-10-07 10:21:41,239 - experiments.framework - INFO - Garbage collection freed 150 objects
2025-10-07 10:21:41,239 - experiments.framework - INFO - Garbage collection freed 150 objects
2025-10-07 10:21:41,239 - experiments.framework - INFO - Garbage collection freed 150 objects
2025-10-07 10:21:41,239 - experiments.framework - INFO - Garbage collection freed 150 objects
2025-10-07 10:21:41,592 - experiments.framework - INFO - GPU memory cleanup attempted
2025-10-07 10:21:41,592 - experiments.framework - INFO - GPU memory cleanup attempted
2025-10-07 10:21:41,592 - experiments.framework - INFO - GPU memory cleanup attempted
2025-10-07 10:21:41,592 - experiments.framework - INFO - GPU memory cleanup attempted
2025-10-07 10:21:42,594 - experiments.framework - INFO - ✅ Comprehensive memory cleanup completed
2025-10-07 10:21:42,594 - experiments.framework - INFO - ✅ Comprehensive memory cleanup completed
2025-10-07 10:21:42,594 - experiments.framework - INFO - ✅ Comprehensive memory cleanup completed
2025-10-07 10:21:42,594 - experiments.framework - INFO - ✅ Comprehensive memory cleanup completed
2025-10-07 10:21:42,626 - experiments.framework - INFO - Pickle saving disabled to prevent large files - using JSON and CSV instead
2025-10-07 10:21:42,626 - experiments.framework - INFO - Pickle saving disabled to prevent large files - using JSON and CSV instead
2025-10-07 10:21:42,626 - experiments.framework - INFO - Pickle saving disabled to prevent large files - using JSON and CSV instead
2025-10-07 10:21:42,626 - experiments.framework - INFO - Pickle saving disabled to prevent large files - using JSON and CSV instead
2025-10-07 10:21:42,631 - experiments.framework - INFO - Saving 1 plots to /cs/student/msc/aibh/2024/madhavan/sgfa_qmap-pd/results/all_rois-lentiform_conf-age+sex+tiv_run_20251007_085257/sensitivity_analysis_20251007_101612/plots
2025-10-07 10:21:42,631 - experiments.framework - INFO - Saving 1 plots to /cs/student/msc/aibh/2024/madhavan/sgfa_qmap-pd/results/all_rois-lentiform_conf-age+sex+tiv_run_20251007_085257/sensitivity_analysis_20251007_101612/plots
2025-10-07 10:21:42,631 - experiments.framework - INFO - Saving 1 plots to /cs/student/msc/aibh/2024/madhavan/sgfa_qmap-pd/results/all_rois-lentiform_conf-age+sex+tiv_run_20251007_085257/sensitivity_analysis_20251007_101612/plots
2025-10-07 10:21:42,631 - experiments.framework - INFO - Saving 1 plots to /cs/student/msc/aibh/2024/madhavan/sgfa_qmap-pd/results/all_rois-lentiform_conf-age+sex+tiv_run_20251007_085257/sensitivity_analysis_20251007_101612/plots
2025-10-07 10:21:43,208 - experiments.framework - INFO -   ✅ Saved plot: parameter_sensitivity_summary
2025-10-07 10:21:43,208 - experiments.framework - INFO -   ✅ Saved plot: parameter_sensitivity_summary
2025-10-07 10:21:43,208 - experiments.framework - INFO -   ✅ Saved plot: parameter_sensitivity_summary
2025-10-07 10:21:43,208 - experiments.framework - INFO -   ✅ Saved plot: parameter_sensitivity_summary
2025-10-07 10:21:43,208 - experiments.framework - INFO - All plots saved to: /cs/student/msc/aibh/2024/madhavan/sgfa_qmap-pd/results/all_rois-lentiform_conf-age+sex+tiv_run_20251007_085257/sensitivity_analysis_20251007_101612/plots
2025-10-07 10:21:43,208 - experiments.framework - INFO - All plots saved to: /cs/student/msc/aibh/2024/madhavan/sgfa_qmap-pd/results/all_rois-lentiform_conf-age+sex+tiv_run_20251007_085257/sensitivity_analysis_20251007_101612/plots
2025-10-07 10:21:43,208 - experiments.framework - INFO - All plots saved to: /cs/student/msc/aibh/2024/madhavan/sgfa_qmap-pd/results/all_rois-lentiform_conf-age+sex+tiv_run_20251007_085257/sensitivity_analysis_20251007_101612/plots
2025-10-07 10:21:43,208 - experiments.framework - INFO - All plots saved to: /cs/student/msc/aibh/2024/madhavan/sgfa_qmap-pd/results/all_rois-lentiform_conf-age+sex+tiv_run_20251007_085257/sensitivity_analysis_20251007_101612/plots
2025-10-07 10:21:45,794 - experiments.framework - INFO - ExperimentFramework initialized with output dir: /cs/student/msc/aibh/2024/madhavan/sgfa_qmap-pd/results/all_rois-lentiform_conf-age+sex+tiv_run_20251007_085257
2025-10-07 10:21:45,794 - experiments.framework - INFO - ExperimentFramework initialized with output dir: /cs/student/msc/aibh/2024/madhavan/sgfa_qmap-pd/results/all_rois-lentiform_conf-age+sex+tiv_run_20251007_085257
2025-10-07 10:21:45,794 - experiments.framework - INFO - ExperimentFramework initialized with output dir: /cs/student/msc/aibh/2024/madhavan/sgfa_qmap-pd/results/all_rois-lentiform_conf-age+sex+tiv_run_20251007_085257
2025-10-07 10:21:45,794 - experiments.framework - INFO - ExperimentFramework initialized with output dir: /cs/student/msc/aibh/2024/madhavan/sgfa_qmap-pd/results/all_rois-lentiform_conf-age+sex+tiv_run_20251007_085257
2025-10-07 10:21:45,794 - experiments.framework - INFO - ExperimentFramework initialized with output dir: /cs/student/msc/aibh/2024/madhavan/sgfa_qmap-pd/results/all_rois-lentiform_conf-age+sex+tiv_run_20251007_085257
2025-10-07 10:21:45,799 - experiments.framework - INFO - Starting experiment: clinical_validation_20251007_102145
2025-10-07 10:21:45,799 - experiments.framework - INFO - Starting experiment: clinical_validation_20251007_102145
2025-10-07 10:21:45,799 - experiments.framework - INFO - Starting experiment: clinical_validation_20251007_102145
2025-10-07 10:21:45,799 - experiments.framework - INFO - Starting experiment: clinical_validation_20251007_102145
2025-10-07 10:21:45,799 - experiments.framework - INFO - Starting experiment: clinical_validation_20251007_102145
2025-10-07 10:24:52,722 - experiments.framework - INFO - 🏁 EXPERIMENT COMPLETED: clinical_validation_20251007_102145
2025-10-07 10:24:52,722 - experiments.framework - INFO - 🏁 EXPERIMENT COMPLETED: clinical_validation_20251007_102145
2025-10-07 10:24:52,722 - experiments.framework - INFO - 🏁 EXPERIMENT COMPLETED: clinical_validation_20251007_102145
2025-10-07 10:24:52,722 - experiments.framework - INFO - 🏁 EXPERIMENT COMPLETED: clinical_validation_20251007_102145
2025-10-07 10:24:52,722 - experiments.framework - INFO - 🏁 EXPERIMENT COMPLETED: clinical_validation_20251007_102145
2025-10-07 10:24:52,722 - experiments.framework - INFO - ⏱️  TOTAL RUNTIME: 3.1 minutes (187s)
2025-10-07 10:24:52,722 - experiments.framework - INFO - ⏱️  TOTAL RUNTIME: 3.1 minutes (187s)
2025-10-07 10:24:52,722 - experiments.framework - INFO - ⏱️  TOTAL RUNTIME: 3.1 minutes (187s)
2025-10-07 10:24:52,722 - experiments.framework - INFO - ⏱️  TOTAL RUNTIME: 3.1 minutes (187s)
2025-10-07 10:24:52,722 - experiments.framework - INFO - ⏱️  TOTAL RUNTIME: 3.1 minutes (187s)
2025-10-07 10:24:52,722 - experiments.framework - INFO - 🕐 Started: 2025-10-07 10:21:45
2025-10-07 10:24:52,722 - experiments.framework - INFO - 🕐 Started: 2025-10-07 10:21:45
2025-10-07 10:24:52,722 - experiments.framework - INFO - 🕐 Started: 2025-10-07 10:21:45
2025-10-07 10:24:52,722 - experiments.framework - INFO - 🕐 Started: 2025-10-07 10:21:45
2025-10-07 10:24:52,722 - experiments.framework - INFO - 🕐 Started: 2025-10-07 10:21:45
2025-10-07 10:24:52,722 - experiments.framework - INFO - 🕑 Finished: 2025-10-07 10:24:52
2025-10-07 10:24:52,722 - experiments.framework - INFO - 🕑 Finished: 2025-10-07 10:24:52
2025-10-07 10:24:52,722 - experiments.framework - INFO - 🕑 Finished: 2025-10-07 10:24:52
2025-10-07 10:24:52,722 - experiments.framework - INFO - 🕑 Finished: 2025-10-07 10:24:52
2025-10-07 10:24:52,722 - experiments.framework - INFO - 🕑 Finished: 2025-10-07 10:24:52
2025-10-07 10:24:52,722 - experiments.framework - INFO - Experiment completed successfully: clinical_validation_20251007_102145
2025-10-07 10:24:52,722 - experiments.framework - INFO - Experiment completed successfully: clinical_validation_20251007_102145
2025-10-07 10:24:52,722 - experiments.framework - INFO - Experiment completed successfully: clinical_validation_20251007_102145
2025-10-07 10:24:52,722 - experiments.framework - INFO - Experiment completed successfully: clinical_validation_20251007_102145
2025-10-07 10:24:52,722 - experiments.framework - INFO - Experiment completed successfully: clinical_validation_20251007_102145
2025-10-07 10:24:52,722 - experiments.framework - INFO - 🧹 Performing comprehensive memory cleanup...
2025-10-07 10:24:52,722 - experiments.framework - INFO - 🧹 Performing comprehensive memory cleanup...
2025-10-07 10:24:52,722 - experiments.framework - INFO - 🧹 Performing comprehensive memory cleanup...
2025-10-07 10:24:52,722 - experiments.framework - INFO - 🧹 Performing comprehensive memory cleanup...
2025-10-07 10:24:52,722 - experiments.framework - INFO - 🧹 Performing comprehensive memory cleanup...
2025-10-07 10:24:52,879 - experiments.framework - INFO - Garbage collection freed 250 objects
2025-10-07 10:24:52,879 - experiments.framework - INFO - Garbage collection freed 250 objects
2025-10-07 10:24:52,879 - experiments.framework - INFO - Garbage collection freed 250 objects
2025-10-07 10:24:52,879 - experiments.framework - INFO - Garbage collection freed 250 objects
2025-10-07 10:24:52,879 - experiments.framework - INFO - Garbage collection freed 250 objects
2025-10-07 10:24:53,419 - experiments.framework - INFO - GPU memory cleanup attempted
2025-10-07 10:24:53,419 - experiments.framework - INFO - GPU memory cleanup attempted
2025-10-07 10:24:53,419 - experiments.framework - INFO - GPU memory cleanup attempted
2025-10-07 10:24:53,419 - experiments.framework - INFO - GPU memory cleanup attempted
2025-10-07 10:24:53,419 - experiments.framework - INFO - GPU memory cleanup attempted
2025-10-07 10:24:54,420 - experiments.framework - INFO - ✅ Comprehensive memory cleanup completed
2025-10-07 10:24:54,420 - experiments.framework - INFO - ✅ Comprehensive memory cleanup completed
2025-10-07 10:24:54,420 - experiments.framework - INFO - ✅ Comprehensive memory cleanup completed
2025-10-07 10:24:54,420 - experiments.framework - INFO - ✅ Comprehensive memory cleanup completed
2025-10-07 10:24:54,420 - experiments.framework - INFO - ✅ Comprehensive memory cleanup completed
2025-10-07 10:24:54,438 - experiments.framework - INFO - Pickle saving disabled to prevent large files - using JSON and CSV instead
2025-10-07 10:24:54,438 - experiments.framework - INFO - Pickle saving disabled to prevent large files - using JSON and CSV instead
2025-10-07 10:24:54,438 - experiments.framework - INFO - Pickle saving disabled to prevent large files - using JSON and CSV instead
2025-10-07 10:24:54,438 - experiments.framework - INFO - Pickle saving disabled to prevent large files - using JSON and CSV instead
2025-10-07 10:24:54,438 - experiments.framework - INFO - Pickle saving disabled to prevent large files - using JSON and CSV instead
2025-10-07 10:24:54,442 - experiments.framework - INFO - Saving 1 plots to /cs/student/msc/aibh/2024/madhavan/sgfa_qmap-pd/results/all_rois-lentiform_conf-age+sex+tiv_run_20251007_085257/clinical_validation_20251007_102145/plots
2025-10-07 10:24:54,442 - experiments.framework - INFO - Saving 1 plots to /cs/student/msc/aibh/2024/madhavan/sgfa_qmap-pd/results/all_rois-lentiform_conf-age+sex+tiv_run_20251007_085257/clinical_validation_20251007_102145/plots
2025-10-07 10:24:54,442 - experiments.framework - INFO - Saving 1 plots to /cs/student/msc/aibh/2024/madhavan/sgfa_qmap-pd/results/all_rois-lentiform_conf-age+sex+tiv_run_20251007_085257/clinical_validation_20251007_102145/plots
2025-10-07 10:24:54,442 - experiments.framework - INFO - Saving 1 plots to /cs/student/msc/aibh/2024/madhavan/sgfa_qmap-pd/results/all_rois-lentiform_conf-age+sex+tiv_run_20251007_085257/clinical_validation_20251007_102145/plots
2025-10-07 10:24:54,442 - experiments.framework - INFO - Saving 1 plots to /cs/student/msc/aibh/2024/madhavan/sgfa_qmap-pd/results/all_rois-lentiform_conf-age+sex+tiv_run_20251007_085257/clinical_validation_20251007_102145/plots
2025-10-07 10:24:54,724 - experiments.framework - INFO -   ✅ Saved plot: clinical_validation_summary
2025-10-07 10:24:54,724 - experiments.framework - INFO -   ✅ Saved plot: clinical_validation_summary
2025-10-07 10:24:54,724 - experiments.framework - INFO -   ✅ Saved plot: clinical_validation_summary
2025-10-07 10:24:54,724 - experiments.framework - INFO -   ✅ Saved plot: clinical_validation_summary
2025-10-07 10:24:54,724 - experiments.framework - INFO -   ✅ Saved plot: clinical_validation_summary
2025-10-07 10:24:54,724 - experiments.framework - INFO - All plots saved to: /cs/student/msc/aibh/2024/madhavan/sgfa_qmap-pd/results/all_rois-lentiform_conf-age+sex+tiv_run_20251007_085257/clinical_validation_20251007_102145/plots
2025-10-07 10:24:54,724 - experiments.framework - INFO - All plots saved to: /cs/student/msc/aibh/2024/madhavan/sgfa_qmap-pd/results/all_rois-lentiform_conf-age+sex+tiv_run_20251007_085257/clinical_validation_20251007_102145/plots
2025-10-07 10:24:54,724 - experiments.framework - INFO - All plots saved to: /cs/student/msc/aibh/2024/madhavan/sgfa_qmap-pd/results/all_rois-lentiform_conf-age+sex+tiv_run_20251007_085257/clinical_validation_20251007_102145/plots
2025-10-07 10:24:54,724 - experiments.framework - INFO - All plots saved to: /cs/student/msc/aibh/2024/madhavan/sgfa_qmap-pd/results/all_rois-lentiform_conf-age+sex+tiv_run_20251007_085257/clinical_validation_20251007_102145/plots
2025-10-07 10:24:54,724 - experiments.framework - INFO - All plots saved to: /cs/student/msc/aibh/2024/madhavan/sgfa_qmap-pd/results/all_rois-lentiform_conf-age+sex+tiv_run_20251007_085257/clinical_validation_20251007_102145/plots
2025-10-07 10:24:56,183 - experiments.framework - INFO - ExperimentFramework initialized with output dir: /cs/student/msc/aibh/2024/madhavan/sgfa_qmap-pd/results/all_rois-lentiform_conf-age+sex+tiv_run_20251007_085257
2025-10-07 10:24:56,183 - experiments.framework - INFO - ExperimentFramework initialized with output dir: /cs/student/msc/aibh/2024/madhavan/sgfa_qmap-pd/results/all_rois-lentiform_conf-age+sex+tiv_run_20251007_085257
2025-10-07 10:24:56,183 - experiments.framework - INFO - ExperimentFramework initialized with output dir: /cs/student/msc/aibh/2024/madhavan/sgfa_qmap-pd/results/all_rois-lentiform_conf-age+sex+tiv_run_20251007_085257
2025-10-07 10:24:56,183 - experiments.framework - INFO - ExperimentFramework initialized with output dir: /cs/student/msc/aibh/2024/madhavan/sgfa_qmap-pd/results/all_rois-lentiform_conf-age+sex+tiv_run_20251007_085257
2025-10-07 10:24:56,183 - experiments.framework - INFO - ExperimentFramework initialized with output dir: /cs/student/msc/aibh/2024/madhavan/sgfa_qmap-pd/results/all_rois-lentiform_conf-age+sex+tiv_run_20251007_085257
2025-10-07 10:24:56,183 - experiments.framework - INFO - ExperimentFramework initialized with output dir: /cs/student/msc/aibh/2024/madhavan/sgfa_qmap-pd/results/all_rois-lentiform_conf-age+sex+tiv_run_20251007_085257
2025-10-07 10:24:56,187 - experiments.framework - INFO - Starting experiment: reproducibility_tests_20251007_102456
2025-10-07 10:24:56,187 - experiments.framework - INFO - Starting experiment: reproducibility_tests_20251007_102456
2025-10-07 10:24:56,187 - experiments.framework - INFO - Starting experiment: reproducibility_tests_20251007_102456
2025-10-07 10:24:56,187 - experiments.framework - INFO - Starting experiment: reproducibility_tests_20251007_102456
2025-10-07 10:24:56,187 - experiments.framework - INFO - Starting experiment: reproducibility_tests_20251007_102456
2025-10-07 10:24:56,187 - experiments.framework - INFO - Starting experiment: reproducibility_tests_20251007_102456
2025-10-07 10:30:28,544 - experiments.framework - INFO - 🏁 EXPERIMENT COMPLETED: reproducibility_tests_20251007_102456
2025-10-07 10:30:28,544 - experiments.framework - INFO - 🏁 EXPERIMENT COMPLETED: reproducibility_tests_20251007_102456
2025-10-07 10:30:28,544 - experiments.framework - INFO - 🏁 EXPERIMENT COMPLETED: reproducibility_tests_20251007_102456
2025-10-07 10:30:28,544 - experiments.framework - INFO - 🏁 EXPERIMENT COMPLETED: reproducibility_tests_20251007_102456
2025-10-07 10:30:28,544 - experiments.framework - INFO - 🏁 EXPERIMENT COMPLETED: reproducibility_tests_20251007_102456
2025-10-07 10:30:28,544 - experiments.framework - INFO - 🏁 EXPERIMENT COMPLETED: reproducibility_tests_20251007_102456
2025-10-07 10:30:28,544 - experiments.framework - INFO - ⏱️  TOTAL RUNTIME: 5.5 minutes (332s)
2025-10-07 10:30:28,544 - experiments.framework - INFO - ⏱️  TOTAL RUNTIME: 5.5 minutes (332s)
2025-10-07 10:30:28,544 - experiments.framework - INFO - ⏱️  TOTAL RUNTIME: 5.5 minutes (332s)
2025-10-07 10:30:28,544 - experiments.framework - INFO - ⏱️  TOTAL RUNTIME: 5.5 minutes (332s)
2025-10-07 10:30:28,544 - experiments.framework - INFO - ⏱️  TOTAL RUNTIME: 5.5 minutes (332s)
2025-10-07 10:30:28,544 - experiments.framework - INFO - ⏱️  TOTAL RUNTIME: 5.5 minutes (332s)
2025-10-07 10:30:28,544 - experiments.framework - INFO - 🕐 Started: 2025-10-07 10:24:56
2025-10-07 10:30:28,544 - experiments.framework - INFO - 🕐 Started: 2025-10-07 10:24:56
2025-10-07 10:30:28,544 - experiments.framework - INFO - 🕐 Started: 2025-10-07 10:24:56
2025-10-07 10:30:28,544 - experiments.framework - INFO - 🕐 Started: 2025-10-07 10:24:56
2025-10-07 10:30:28,544 - experiments.framework - INFO - 🕐 Started: 2025-10-07 10:24:56
2025-10-07 10:30:28,544 - experiments.framework - INFO - 🕐 Started: 2025-10-07 10:24:56
2025-10-07 10:30:28,544 - experiments.framework - INFO - 🕑 Finished: 2025-10-07 10:30:28
2025-10-07 10:30:28,544 - experiments.framework - INFO - 🕑 Finished: 2025-10-07 10:30:28
2025-10-07 10:30:28,544 - experiments.framework - INFO - 🕑 Finished: 2025-10-07 10:30:28
2025-10-07 10:30:28,544 - experiments.framework - INFO - 🕑 Finished: 2025-10-07 10:30:28
2025-10-07 10:30:28,544 - experiments.framework - INFO - 🕑 Finished: 2025-10-07 10:30:28
2025-10-07 10:30:28,544 - experiments.framework - INFO - 🕑 Finished: 2025-10-07 10:30:28
2025-10-07 10:30:28,544 - experiments.framework - INFO - Experiment completed successfully: reproducibility_tests_20251007_102456
2025-10-07 10:30:28,544 - experiments.framework - INFO - Experiment completed successfully: reproducibility_tests_20251007_102456
2025-10-07 10:30:28,544 - experiments.framework - INFO - Experiment completed successfully: reproducibility_tests_20251007_102456
2025-10-07 10:30:28,544 - experiments.framework - INFO - Experiment completed successfully: reproducibility_tests_20251007_102456
2025-10-07 10:30:28,544 - experiments.framework - INFO - Experiment completed successfully: reproducibility_tests_20251007_102456
2025-10-07 10:30:28,544 - experiments.framework - INFO - Experiment completed successfully: reproducibility_tests_20251007_102456
2025-10-07 10:30:28,544 - experiments.framework - INFO - 🧹 Performing comprehensive memory cleanup...
2025-10-07 10:30:28,544 - experiments.framework - INFO - 🧹 Performing comprehensive memory cleanup...
2025-10-07 10:30:28,544 - experiments.framework - INFO - 🧹 Performing comprehensive memory cleanup...
2025-10-07 10:30:28,544 - experiments.framework - INFO - 🧹 Performing comprehensive memory cleanup...
2025-10-07 10:30:28,544 - experiments.framework - INFO - 🧹 Performing comprehensive memory cleanup...
2025-10-07 10:30:28,544 - experiments.framework - INFO - 🧹 Performing comprehensive memory cleanup...
2025-10-07 10:30:28,743 - experiments.framework - INFO - Garbage collection freed 145 objects
2025-10-07 10:30:28,743 - experiments.framework - INFO - Garbage collection freed 145 objects
2025-10-07 10:30:28,743 - experiments.framework - INFO - Garbage collection freed 145 objects
2025-10-07 10:30:28,743 - experiments.framework - INFO - Garbage collection freed 145 objects
2025-10-07 10:30:28,743 - experiments.framework - INFO - Garbage collection freed 145 objects
2025-10-07 10:30:28,743 - experiments.framework - INFO - Garbage collection freed 145 objects
2025-10-07 10:30:29,476 - experiments.framework - INFO - GPU memory cleanup attempted
2025-10-07 10:30:29,476 - experiments.framework - INFO - GPU memory cleanup attempted
2025-10-07 10:30:29,476 - experiments.framework - INFO - GPU memory cleanup attempted
2025-10-07 10:30:29,476 - experiments.framework - INFO - GPU memory cleanup attempted
2025-10-07 10:30:29,476 - experiments.framework - INFO - GPU memory cleanup attempted
2025-10-07 10:30:29,476 - experiments.framework - INFO - GPU memory cleanup attempted
2025-10-07 10:30:30,478 - experiments.framework - INFO - ✅ Comprehensive memory cleanup completed
2025-10-07 10:30:30,478 - experiments.framework - INFO - ✅ Comprehensive memory cleanup completed
2025-10-07 10:30:30,478 - experiments.framework - INFO - ✅ Comprehensive memory cleanup completed
2025-10-07 10:30:30,478 - experiments.framework - INFO - ✅ Comprehensive memory cleanup completed
2025-10-07 10:30:30,478 - experiments.framework - INFO - ✅ Comprehensive memory cleanup completed
2025-10-07 10:30:30,478 - experiments.framework - INFO - ✅ Comprehensive memory cleanup completed
2025-10-07 10:30:30,511 - experiments.framework - INFO - Pickle saving disabled to prevent large files - using JSON and CSV instead
2025-10-07 10:30:30,511 - experiments.framework - INFO - Pickle saving disabled to prevent large files - using JSON and CSV instead
2025-10-07 10:30:30,511 - experiments.framework - INFO - Pickle saving disabled to prevent large files - using JSON and CSV instead
2025-10-07 10:30:30,511 - experiments.framework - INFO - Pickle saving disabled to prevent large files - using JSON and CSV instead
2025-10-07 10:30:30,511 - experiments.framework - INFO - Pickle saving disabled to prevent large files - using JSON and CSV instead
2025-10-07 10:30:30,511 - experiments.framework - INFO - Pickle saving disabled to prevent large files - using JSON and CSV instead
2025-10-07 10:30:30,515 - experiments.framework - INFO - Saving 1 plots to /cs/student/msc/aibh/2024/madhavan/sgfa_qmap-pd/results/all_rois-lentiform_conf-age+sex+tiv_run_20251007_085257/reproducibility_tests_20251007_102456/plots
2025-10-07 10:30:30,515 - experiments.framework - INFO - Saving 1 plots to /cs/student/msc/aibh/2024/madhavan/sgfa_qmap-pd/results/all_rois-lentiform_conf-age+sex+tiv_run_20251007_085257/reproducibility_tests_20251007_102456/plots
2025-10-07 10:30:30,515 - experiments.framework - INFO - Saving 1 plots to /cs/student/msc/aibh/2024/madhavan/sgfa_qmap-pd/results/all_rois-lentiform_conf-age+sex+tiv_run_20251007_085257/reproducibility_tests_20251007_102456/plots
2025-10-07 10:30:30,515 - experiments.framework - INFO - Saving 1 plots to /cs/student/msc/aibh/2024/madhavan/sgfa_qmap-pd/results/all_rois-lentiform_conf-age+sex+tiv_run_20251007_085257/reproducibility_tests_20251007_102456/plots
2025-10-07 10:30:30,515 - experiments.framework - INFO - Saving 1 plots to /cs/student/msc/aibh/2024/madhavan/sgfa_qmap-pd/results/all_rois-lentiform_conf-age+sex+tiv_run_20251007_085257/reproducibility_tests_20251007_102456/plots
2025-10-07 10:30:30,515 - experiments.framework - INFO - Saving 1 plots to /cs/student/msc/aibh/2024/madhavan/sgfa_qmap-pd/results/all_rois-lentiform_conf-age+sex+tiv_run_20251007_085257/reproducibility_tests_20251007_102456/plots
2025-10-07 10:30:31,104 - experiments.framework - INFO -   ✅ Saved plot: reproducibility_summary
2025-10-07 10:30:31,104 - experiments.framework - INFO -   ✅ Saved plot: reproducibility_summary
2025-10-07 10:30:31,104 - experiments.framework - INFO -   ✅ Saved plot: reproducibility_summary
2025-10-07 10:30:31,104 - experiments.framework - INFO -   ✅ Saved plot: reproducibility_summary
2025-10-07 10:30:31,104 - experiments.framework - INFO -   ✅ Saved plot: reproducibility_summary
2025-10-07 10:30:31,104 - experiments.framework - INFO -   ✅ Saved plot: reproducibility_summary
2025-10-07 10:30:31,104 - experiments.framework - INFO - All plots saved to: /cs/student/msc/aibh/2024/madhavan/sgfa_qmap-pd/results/all_rois-lentiform_conf-age+sex+tiv_run_20251007_085257/reproducibility_tests_20251007_102456/plots
2025-10-07 10:30:31,104 - experiments.framework - INFO - All plots saved to: /cs/student/msc/aibh/2024/madhavan/sgfa_qmap-pd/results/all_rois-lentiform_conf-age+sex+tiv_run_20251007_085257/reproducibility_tests_20251007_102456/plots
2025-10-07 10:30:31,104 - experiments.framework - INFO - All plots saved to: /cs/student/msc/aibh/2024/madhavan/sgfa_qmap-pd/results/all_rois-lentiform_conf-age+sex+tiv_run_20251007_085257/reproducibility_tests_20251007_102456/plots
2025-10-07 10:30:31,104 - experiments.framework - INFO - All plots saved to: /cs/student/msc/aibh/2024/madhavan/sgfa_qmap-pd/results/all_rois-lentiform_conf-age+sex+tiv_run_20251007_085257/reproducibility_tests_20251007_102456/plots
2025-10-07 10:30:31,104 - experiments.framework - INFO - All plots saved to: /cs/student/msc/aibh/2024/madhavan/sgfa_qmap-pd/results/all_rois-lentiform_conf-age+sex+tiv_run_20251007_085257/reproducibility_tests_20251007_102456/plots
2025-10-07 10:30:31,104 - experiments.framework - INFO - All plots saved to: /cs/student/msc/aibh/2024/madhavan/sgfa_qmap-pd/results/all_rois-lentiform_conf-age+sex+tiv_run_20251007_085257/reproducibility_tests_20251007_102456/plots
