2025-10-16 00:23:00,638 - experiments.framework - INFO - ExperimentFramework initialized with output dir: /cs/student/msc/aibh/2024/madhavan/sgfa_qmap-pd/results/all_rois-sn_conf-age+sex+tiv_K2_MAD3.0_run_20251016_002300
2025-10-16 00:23:00,651 - experiments.framework - INFO - Starting experiment: data_validation_20251016_002300
2025-10-16 00:23:05,720 - experiments.framework - INFO - 🏁 EXPERIMENT COMPLETED: data_validation_20251016_002300
2025-10-16 00:23:05,720 - experiments.framework - INFO - ⏱️  TOTAL RUNTIME: 5.1 seconds
2025-10-16 00:23:05,720 - experiments.framework - INFO - 🕐 Started: 2025-10-16 00:23:00
2025-10-16 00:23:05,720 - experiments.framework - INFO - 🕑 Finished: 2025-10-16 00:23:05
2025-10-16 00:23:05,720 - experiments.framework - INFO - Experiment completed successfully: data_validation_20251016_002300
2025-10-16 00:23:05,720 - experiments.framework - INFO - 🧹 Performing comprehensive memory cleanup...
2025-10-16 00:23:05,797 - experiments.framework - INFO - Garbage collection freed 18240 objects
2025-10-16 00:23:06,040 - experiments.framework - INFO - GPU memory cleanup attempted
2025-10-16 00:23:07,041 - experiments.framework - INFO - ✅ Comprehensive memory cleanup completed
2025-10-16 00:23:07,185 - experiments.framework - INFO - Pickle saving disabled to prevent large files - using JSON and CSV instead
2025-10-16 00:23:07,193 - experiments.framework - INFO - Saving 3 plots to /cs/student/msc/aibh/2024/madhavan/sgfa_qmap-pd/results/all_rois-sn_conf-age+sex+tiv_K2_MAD3.0_run_20251016_002300/data_validation_20251016_002300/plots
2025-10-16 00:23:09,356 - experiments.framework - INFO -   ✅ Saved plot: data_distribution_comparison
2025-10-16 00:23:11,294 - experiments.framework - INFO -   ✅ Saved plot: data_validation_feature_reduction
2025-10-16 00:23:12,029 - experiments.framework - INFO -   ✅ Saved plot: data_validation_variance_distribution
2025-10-16 00:23:12,030 - experiments.framework - INFO - All plots saved to: /cs/student/msc/aibh/2024/madhavan/sgfa_qmap-pd/results/all_rois-sn_conf-age+sex+tiv_K2_MAD3.0_run_20251016_002300/data_validation_20251016_002300/plots
2025-10-16 00:23:12,117 - experiments.framework - INFO - ExperimentFramework initialized with output dir: /cs/student/msc/aibh/2024/madhavan/sgfa_qmap-pd/results/all_rois-sn_conf-age+sex+tiv_K2_MAD3.0_run_20251016_002300
2025-10-16 00:23:12,117 - experiments.framework - INFO - ExperimentFramework initialized with output dir: /cs/student/msc/aibh/2024/madhavan/sgfa_qmap-pd/results/all_rois-sn_conf-age+sex+tiv_K2_MAD3.0_run_20251016_002300
2025-10-16 00:23:12,125 - experiments.framework - INFO - Starting experiment: robustness_tests_20251016_002312
2025-10-16 00:23:12,125 - experiments.framework - INFO - Starting experiment: robustness_tests_20251016_002312
2025-10-16 00:30:32,847 - experiments.framework - INFO - 🏁 EXPERIMENT COMPLETED: robustness_tests_20251016_002312
2025-10-16 00:30:32,847 - experiments.framework - INFO - 🏁 EXPERIMENT COMPLETED: robustness_tests_20251016_002312
2025-10-16 00:30:32,848 - experiments.framework - INFO - ⏱️  TOTAL RUNTIME: 7.3 minutes (441s)
2025-10-16 00:30:32,848 - experiments.framework - INFO - ⏱️  TOTAL RUNTIME: 7.3 minutes (441s)
2025-10-16 00:30:32,848 - experiments.framework - INFO - 🕐 Started: 2025-10-16 00:23:12
2025-10-16 00:30:32,848 - experiments.framework - INFO - 🕐 Started: 2025-10-16 00:23:12
2025-10-16 00:30:32,848 - experiments.framework - INFO - 🕑 Finished: 2025-10-16 00:30:32
2025-10-16 00:30:32,848 - experiments.framework - INFO - 🕑 Finished: 2025-10-16 00:30:32
2025-10-16 00:30:32,848 - experiments.framework - INFO - Experiment completed successfully: robustness_tests_20251016_002312
2025-10-16 00:30:32,848 - experiments.framework - INFO - Experiment completed successfully: robustness_tests_20251016_002312
2025-10-16 00:30:32,848 - experiments.framework - INFO - 🧹 Performing comprehensive memory cleanup...
2025-10-16 00:30:32,848 - experiments.framework - INFO - 🧹 Performing comprehensive memory cleanup...
2025-10-16 00:30:33,002 - experiments.framework - INFO - Garbage collection freed 205 objects
2025-10-16 00:30:33,002 - experiments.framework - INFO - Garbage collection freed 205 objects
2025-10-16 00:30:33,590 - experiments.framework - INFO - GPU memory cleanup attempted
2025-10-16 00:30:33,590 - experiments.framework - INFO - GPU memory cleanup attempted
2025-10-16 00:30:34,591 - experiments.framework - INFO - ✅ Comprehensive memory cleanup completed
2025-10-16 00:30:34,591 - experiments.framework - INFO - ✅ Comprehensive memory cleanup completed
2025-10-16 00:30:34,655 - experiments.framework - INFO - Pickle saving disabled to prevent large files - using JSON and CSV instead
2025-10-16 00:30:34,655 - experiments.framework - INFO - Pickle saving disabled to prevent large files - using JSON and CSV instead
2025-10-16 00:30:34,662 - experiments.framework - INFO - Saving 1 plots to /cs/student/msc/aibh/2024/madhavan/sgfa_qmap-pd/results/all_rois-sn_conf-age+sex+tiv_K2_MAD3.0_run_20251016_002300/robustness_tests_20251016_002312/plots
2025-10-16 00:30:34,662 - experiments.framework - INFO - Saving 1 plots to /cs/student/msc/aibh/2024/madhavan/sgfa_qmap-pd/results/all_rois-sn_conf-age+sex+tiv_K2_MAD3.0_run_20251016_002300/robustness_tests_20251016_002312/plots
2025-10-16 00:30:35,615 - experiments.framework - INFO -   ✅ Saved plot: robustness_summary
2025-10-16 00:30:35,615 - experiments.framework - INFO -   ✅ Saved plot: robustness_summary
2025-10-16 00:30:35,615 - experiments.framework - INFO - All plots saved to: /cs/student/msc/aibh/2024/madhavan/sgfa_qmap-pd/results/all_rois-sn_conf-age+sex+tiv_K2_MAD3.0_run_20251016_002300/robustness_tests_20251016_002312/plots
2025-10-16 00:30:35,615 - experiments.framework - INFO - All plots saved to: /cs/student/msc/aibh/2024/madhavan/sgfa_qmap-pd/results/all_rois-sn_conf-age+sex+tiv_K2_MAD3.0_run_20251016_002300/robustness_tests_20251016_002312/plots
