2025-10-21 01:51:25,082 - experiments.framework - INFO - ExperimentFramework initialized with output dir: /cs/student/msc/aibh/2024/madhavan/sgfa_qmap-pd/results/all_rois-sn_conf-age+sex+tiv_K2_percW33_MAD3.0_run_20251021_015125
2025-10-21 01:51:25,086 - experiments.framework - INFO - Starting experiment: data_validation_20251021_015125
2025-10-21 01:51:32,631 - experiments.framework - INFO - 🏁 EXPERIMENT COMPLETED: data_validation_20251021_015125
2025-10-21 01:51:32,631 - experiments.framework - INFO - ⏱️  TOTAL RUNTIME: 7.5 seconds
2025-10-21 01:51:32,631 - experiments.framework - INFO - 🕐 Started: 2025-10-21 01:51:25
2025-10-21 01:51:32,631 - experiments.framework - INFO - 🕑 Finished: 2025-10-21 01:51:32
2025-10-21 01:51:32,631 - experiments.framework - INFO - Experiment completed successfully: data_validation_20251021_015125
2025-10-21 01:51:32,631 - experiments.framework - INFO - 🧹 Performing comprehensive memory cleanup...
2025-10-21 01:51:32,698 - experiments.framework - INFO - Garbage collection freed 0 objects
2025-10-21 01:51:32,895 - experiments.framework - INFO - GPU memory cleanup attempted
2025-10-21 01:51:33,896 - experiments.framework - INFO - ✅ Comprehensive memory cleanup completed
2025-10-21 01:51:33,986 - experiments.framework - INFO - Pickle saving disabled to prevent large files - using JSON and CSV instead
2025-10-21 01:51:33,989 - experiments.framework - INFO - Saving 6 plots to /cs/student/msc/aibh/2024/madhavan/sgfa_qmap-pd/results/all_rois-sn_conf-age+sex+tiv_K2_percW33_MAD3.0_run_20251021_015125/data_validation_tree10_20251021_015125/plots
2025-10-21 01:51:34,704 - experiments.framework - INFO -   ✅ Saved plot: data_distribution_comparison
2025-10-21 01:51:35,411 - experiments.framework - INFO -   ✅ Saved plot: covariance_analysis
2025-10-21 01:51:36,140 - experiments.framework - INFO -   ✅ Saved plot: data_validation_block_covariance_matrix
2025-10-21 01:51:37,916 - experiments.framework - INFO -   ✅ Saved plot: data_validation_inter_vs_intra_correlation
2025-10-21 01:51:38,204 - experiments.framework - INFO -   ✅ Saved plot: data_validation_feature_reduction
2025-10-21 01:51:38,927 - experiments.framework - INFO -   ✅ Saved plot: data_validation_variance_distribution
2025-10-21 01:51:38,928 - experiments.framework - INFO - All plots saved to: /cs/student/msc/aibh/2024/madhavan/sgfa_qmap-pd/results/all_rois-sn_conf-age+sex+tiv_K2_percW33_MAD3.0_run_20251021_015125/data_validation_tree10_20251021_015125/plots
2025-10-21 01:51:39,003 - experiments.framework - INFO - ExperimentFramework initialized with output dir: /cs/student/msc/aibh/2024/madhavan/sgfa_qmap-pd/results/all_rois-sn_conf-age+sex+tiv_K2_percW33_MAD3.0_run_20251021_015125
2025-10-21 01:51:39,003 - experiments.framework - INFO - ExperimentFramework initialized with output dir: /cs/student/msc/aibh/2024/madhavan/sgfa_qmap-pd/results/all_rois-sn_conf-age+sex+tiv_K2_percW33_MAD3.0_run_20251021_015125
2025-10-21 01:51:39,015 - experiments.framework - INFO - Starting experiment: robustness_tests_20251021_015139
2025-10-21 01:51:39,015 - experiments.framework - INFO - Starting experiment: robustness_tests_20251021_015139
2025-10-21 01:52:13,721 - experiments.framework - INFO - 🏁 EXPERIMENT COMPLETED: robustness_tests_20251021_015139
2025-10-21 01:52:13,721 - experiments.framework - INFO - 🏁 EXPERIMENT COMPLETED: robustness_tests_20251021_015139
2025-10-21 01:52:13,721 - experiments.framework - INFO - ⏱️  TOTAL RUNTIME: 34.7 seconds
2025-10-21 01:52:13,721 - experiments.framework - INFO - ⏱️  TOTAL RUNTIME: 34.7 seconds
2025-10-21 01:52:13,721 - experiments.framework - INFO - 🕐 Started: 2025-10-21 01:51:39
2025-10-21 01:52:13,721 - experiments.framework - INFO - 🕐 Started: 2025-10-21 01:51:39
2025-10-21 01:52:13,721 - experiments.framework - INFO - 🕑 Finished: 2025-10-21 01:52:13
2025-10-21 01:52:13,721 - experiments.framework - INFO - 🕑 Finished: 2025-10-21 01:52:13
2025-10-21 01:52:13,721 - experiments.framework - INFO - Experiment completed successfully: robustness_tests_20251021_015139
2025-10-21 01:52:13,721 - experiments.framework - INFO - Experiment completed successfully: robustness_tests_20251021_015139
2025-10-21 01:52:13,721 - experiments.framework - INFO - 🧹 Performing comprehensive memory cleanup...
2025-10-21 01:52:13,721 - experiments.framework - INFO - 🧹 Performing comprehensive memory cleanup...
2025-10-21 01:52:13,790 - experiments.framework - INFO - Garbage collection freed 78 objects
2025-10-21 01:52:13,790 - experiments.framework - INFO - Garbage collection freed 78 objects
2025-10-21 01:52:14,000 - experiments.framework - INFO - GPU memory cleanup attempted
2025-10-21 01:52:14,000 - experiments.framework - INFO - GPU memory cleanup attempted
2025-10-21 01:52:15,001 - experiments.framework - INFO - ✅ Comprehensive memory cleanup completed
2025-10-21 01:52:15,001 - experiments.framework - INFO - ✅ Comprehensive memory cleanup completed
2025-10-21 01:52:15,027 - experiments.framework - INFO - Pickle saving disabled to prevent large files - using JSON and CSV instead
2025-10-21 01:52:15,027 - experiments.framework - INFO - Pickle saving disabled to prevent large files - using JSON and CSV instead
2025-10-21 01:52:15,031 - experiments.framework - INFO - Saving 1 plots to /cs/student/msc/aibh/2024/madhavan/sgfa_qmap-pd/results/all_rois-sn_conf-age+sex+tiv_K2_percW33_MAD3.0_run_20251021_015125/robustness_tests_fixed_K2_percW33_slab4_2_MAD3.0_tree10_20251021_015139/plots
2025-10-21 01:52:15,031 - experiments.framework - INFO - Saving 1 plots to /cs/student/msc/aibh/2024/madhavan/sgfa_qmap-pd/results/all_rois-sn_conf-age+sex+tiv_K2_percW33_MAD3.0_run_20251021_015125/robustness_tests_fixed_K2_percW33_slab4_2_MAD3.0_tree10_20251021_015139/plots
2025-10-21 01:52:15,371 - experiments.framework - INFO -   ✅ Saved plot: robustness_summary
2025-10-21 01:52:15,371 - experiments.framework - INFO -   ✅ Saved plot: robustness_summary
2025-10-21 01:52:15,372 - experiments.framework - INFO - All plots saved to: /cs/student/msc/aibh/2024/madhavan/sgfa_qmap-pd/results/all_rois-sn_conf-age+sex+tiv_K2_percW33_MAD3.0_run_20251021_015125/robustness_tests_fixed_K2_percW33_slab4_2_MAD3.0_tree10_20251021_015139/plots
2025-10-21 01:52:15,372 - experiments.framework - INFO - All plots saved to: /cs/student/msc/aibh/2024/madhavan/sgfa_qmap-pd/results/all_rois-sn_conf-age+sex+tiv_K2_percW33_MAD3.0_run_20251021_015125/robustness_tests_fixed_K2_percW33_slab4_2_MAD3.0_tree10_20251021_015139/plots
