2025-10-20 01:19:28,660 - experiments.framework - INFO - ExperimentFramework initialized with output dir: /cs/student/msc/aibh/2024/madhavan/sgfa_qmap-pd/results/all_rois-sn_conf-age+sex+tiv_K2_percW33_MAD3.0_run_20251020_011928
2025-10-20 01:19:28,666 - experiments.framework - INFO - Starting experiment: data_validation_20251020_011928
2025-10-20 01:19:38,854 - experiments.framework - INFO - 🏁 EXPERIMENT COMPLETED: data_validation_20251020_011928
2025-10-20 01:19:38,855 - experiments.framework - INFO - ⏱️  TOTAL RUNTIME: 10.2 seconds
2025-10-20 01:19:38,855 - experiments.framework - INFO - 🕐 Started: 2025-10-20 01:19:28
2025-10-20 01:19:38,855 - experiments.framework - INFO - 🕑 Finished: 2025-10-20 01:19:38
2025-10-20 01:19:38,855 - experiments.framework - INFO - Experiment completed successfully: data_validation_20251020_011928
2025-10-20 01:19:38,855 - experiments.framework - INFO - 🧹 Performing comprehensive memory cleanup...
2025-10-20 01:19:38,941 - experiments.framework - INFO - Garbage collection freed 25510 objects
2025-10-20 01:19:39,209 - experiments.framework - INFO - GPU memory cleanup attempted
2025-10-20 01:19:40,210 - experiments.framework - INFO - ✅ Comprehensive memory cleanup completed
2025-10-20 01:19:40,344 - experiments.framework - INFO - Pickle saving disabled to prevent large files - using JSON and CSV instead
2025-10-20 01:19:40,350 - experiments.framework - INFO - Saving 3 plots to /cs/student/msc/aibh/2024/madhavan/sgfa_qmap-pd/results/all_rois-sn_conf-age+sex+tiv_K2_percW33_MAD3.0_run_20251020_011928/data_validation_tree10_20251020_011928/plots
2025-10-20 01:19:42,219 - experiments.framework - INFO -   ✅ Saved plot: data_distribution_comparison
2025-10-20 01:19:44,074 - experiments.framework - INFO -   ✅ Saved plot: data_validation_feature_reduction
2025-10-20 01:19:44,824 - experiments.framework - INFO -   ✅ Saved plot: data_validation_variance_distribution
2025-10-20 01:19:44,824 - experiments.framework - INFO - All plots saved to: /cs/student/msc/aibh/2024/madhavan/sgfa_qmap-pd/results/all_rois-sn_conf-age+sex+tiv_K2_percW33_MAD3.0_run_20251020_011928/data_validation_tree10_20251020_011928/plots
2025-10-20 01:19:44,910 - experiments.framework - INFO - ExperimentFramework initialized with output dir: /cs/student/msc/aibh/2024/madhavan/sgfa_qmap-pd/results/all_rois-sn_conf-age+sex+tiv_K2_percW33_MAD3.0_run_20251020_011928
2025-10-20 01:19:44,910 - experiments.framework - INFO - ExperimentFramework initialized with output dir: /cs/student/msc/aibh/2024/madhavan/sgfa_qmap-pd/results/all_rois-sn_conf-age+sex+tiv_K2_percW33_MAD3.0_run_20251020_011928
2025-10-20 01:19:44,919 - experiments.framework - INFO - Starting experiment: robustness_tests_20251020_011944
2025-10-20 01:19:44,919 - experiments.framework - INFO - Starting experiment: robustness_tests_20251020_011944
2025-10-20 01:28:07,160 - experiments.framework - INFO - 🏁 EXPERIMENT COMPLETED: robustness_tests_20251020_011944
2025-10-20 01:28:07,160 - experiments.framework - INFO - 🏁 EXPERIMENT COMPLETED: robustness_tests_20251020_011944
2025-10-20 01:28:07,161 - experiments.framework - INFO - ⏱️  TOTAL RUNTIME: 8.4 minutes (502s)
2025-10-20 01:28:07,161 - experiments.framework - INFO - ⏱️  TOTAL RUNTIME: 8.4 minutes (502s)
2025-10-20 01:28:07,161 - experiments.framework - INFO - 🕐 Started: 2025-10-20 01:19:44
2025-10-20 01:28:07,161 - experiments.framework - INFO - 🕐 Started: 2025-10-20 01:19:44
2025-10-20 01:28:07,161 - experiments.framework - INFO - 🕑 Finished: 2025-10-20 01:28:07
2025-10-20 01:28:07,161 - experiments.framework - INFO - 🕑 Finished: 2025-10-20 01:28:07
2025-10-20 01:28:07,161 - experiments.framework - INFO - Experiment completed successfully: robustness_tests_20251020_011944
2025-10-20 01:28:07,161 - experiments.framework - INFO - Experiment completed successfully: robustness_tests_20251020_011944
2025-10-20 01:28:07,162 - experiments.framework - INFO - 🧹 Performing comprehensive memory cleanup...
2025-10-20 01:28:07,162 - experiments.framework - INFO - 🧹 Performing comprehensive memory cleanup...
2025-10-20 01:28:07,244 - experiments.framework - INFO - Garbage collection freed 88 objects
2025-10-20 01:28:07,244 - experiments.framework - INFO - Garbage collection freed 88 objects
2025-10-20 01:28:07,540 - experiments.framework - INFO - GPU memory cleanup attempted
2025-10-20 01:28:07,540 - experiments.framework - INFO - GPU memory cleanup attempted
2025-10-20 01:28:08,541 - experiments.framework - INFO - ✅ Comprehensive memory cleanup completed
2025-10-20 01:28:08,541 - experiments.framework - INFO - ✅ Comprehensive memory cleanup completed
2025-10-20 01:28:08,596 - experiments.framework - INFO - Pickle saving disabled to prevent large files - using JSON and CSV instead
2025-10-20 01:28:08,596 - experiments.framework - INFO - Pickle saving disabled to prevent large files - using JSON and CSV instead
2025-10-20 01:28:08,602 - experiments.framework - INFO - Saving 1 plots to /cs/student/msc/aibh/2024/madhavan/sgfa_qmap-pd/results/all_rois-sn_conf-age+sex+tiv_K2_percW33_MAD3.0_run_20251020_011928/robustness_tests_fixed_K2_percW33_slab4_2_MAD3.0_tree10_20251020_011944/plots
2025-10-20 01:28:08,602 - experiments.framework - INFO - Saving 1 plots to /cs/student/msc/aibh/2024/madhavan/sgfa_qmap-pd/results/all_rois-sn_conf-age+sex+tiv_K2_percW33_MAD3.0_run_20251020_011928/robustness_tests_fixed_K2_percW33_slab4_2_MAD3.0_tree10_20251020_011944/plots
2025-10-20 01:28:09,536 - experiments.framework - INFO -   ✅ Saved plot: robustness_summary
2025-10-20 01:28:09,536 - experiments.framework - INFO -   ✅ Saved plot: robustness_summary
2025-10-20 01:28:09,536 - experiments.framework - INFO - All plots saved to: /cs/student/msc/aibh/2024/madhavan/sgfa_qmap-pd/results/all_rois-sn_conf-age+sex+tiv_K2_percW33_MAD3.0_run_20251020_011928/robustness_tests_fixed_K2_percW33_slab4_2_MAD3.0_tree10_20251020_011944/plots
2025-10-20 01:28:09,536 - experiments.framework - INFO - All plots saved to: /cs/student/msc/aibh/2024/madhavan/sgfa_qmap-pd/results/all_rois-sn_conf-age+sex+tiv_K2_percW33_MAD3.0_run_20251020_011928/robustness_tests_fixed_K2_percW33_slab4_2_MAD3.0_tree10_20251020_011944/plots
