2025-10-21 20:03:53,453 - experiments.framework - INFO - ExperimentFramework initialized with output dir: /cs/student/msc/aibh/2024/madhavan/sgfa_qmap-pd/results/all_rois-sn_conf-age+sex+tiv_K30_percW33_MAD1000.0_run_20251021_200353
2025-10-21 20:03:53,461 - experiments.framework - INFO - Starting experiment: data_validation_20251021_200353
2025-10-21 20:03:53,461 - experiments.data_validation - INFO - Running comprehensive data validation...
2025-10-21 20:03:53,462 - optimization.config - INFO - Configuration optimized for system: 28.4GB RAM, 16 CPUs
2025-10-21 20:03:53,462 - experiments.data_validation - INFO - Auto-configured system: 22.7GB memory limit
2025-10-21 20:03:53,463 - experiments.data_validation - INFO - ExperimentFramework initialized with output dir: results
2025-10-21 20:03:53,464 - optimization.config - INFO - Configuration optimized for system: 28.4GB RAM, 16 CPUs
2025-10-21 20:03:53,464 - experiments.data_validation - INFO - Auto-configured system: 22.7GB memory limit
2025-10-21 20:03:53,464 - optimization.memory_optimizer - INFO - MemoryOptimizer initialized: max_memory=22.71GB
2025-10-21 20:03:53,464 - experiments.data_validation - INFO - Memory optimizer initialized with 22.7GB limit
2025-10-21 20:03:53,465 - optimization.memory_optimizer - INFO - MemoryOptimizer initialized: max_memory=22.71GB
2025-10-21 20:03:53,465 - optimization.data_streaming - INFO - DataStreamer initialized: chunk_size=None, memory_limit=22.708596801757814GB
2025-10-21 20:03:53,465 - optimization.memory_optimizer - INFO - MemoryOptimizer initialized: max_memory=22.71GB
2025-10-21 20:03:53,465 - optimization.data_streaming - INFO - DataStreamer initialized: chunk_size=None, memory_limit=22.708596801757814GB
2025-10-21 20:03:53,466 - experiments.data_validation - INFO - Data streaming components initialized
2025-10-21 20:03:53,466 - optimization.memory_optimizer - INFO - MemoryOptimizer initialized: max_memory=22.71GB
2025-10-21 20:03:53,466 - optimization.mcmc_optimizer - INFO - MCMCMemoryOptimizer initialized with 22.708596801757814GB limit
2025-10-21 20:03:53,466 - experiments.data_validation - INFO - MCMC memory optimizer initialized
2025-10-21 20:03:53,466 - experiments.data_validation - INFO - Running data quality assessment
2025-10-21 20:03:53,467 - experiments.data_validation - INFO - Loading qMAP-PD data for quality assessment...
2025-10-21 20:03:53,467 - experiments.data_validation - INFO -    ROI selection: ['volume_sn_voxels.tsv']
2025-10-21 20:03:53,467 - experiments.data_validation - INFO -    Confound regression: ['age', 'sex', 'tiv']
2025-10-21 20:03:53,467 - experiments.data_validation - INFO -    Feature selection: none
2025-10-21 20:03:53,480 - root - INFO - Loading selected ROIs: ['volume_sn_voxels.tsv']
2025-10-21 20:03:53,617 - root - INFO - === Applying Basic Preprocessing ===
2025-10-21 20:03:53,623 - root - INFO - Preprocessing module imported successfully
2025-10-21 20:03:53,625 - root - INFO - Regressing out confounds: ['age', 'sex', 'tiv']
2025-10-21 20:03:53,633 - root - INFO -   Regressed confounds from volume_sn_voxels: ['age', 'sex', 'tiv']
2025-10-21 20:03:53,634 - root - INFO -   Dropped 3 confound features from clinical: ['age', 'sex', 'tiv']
2025-10-21 20:03:53,634 - root - INFO -   Remaining clinical features: 14
2025-10-21 20:03:53,634 - root - INFO - ✓ Feature names verified for volume_sn_voxels: 1794 features
2025-10-21 20:03:53,634 - root - INFO - ✓ Feature names verified for clinical: 14 features
2025-10-21 20:03:53,634 - experiments.data_validation - INFO -    PCA enabled in preprocessing_config: False
2025-10-21 20:03:53,646 - root - INFO - Loading selected ROIs: ['volume_sn_voxels.tsv']
2025-10-21 20:03:53,874 - root - INFO - === Applying Advanced Preprocessing ===
2025-10-21 20:03:53,874 - root - INFO - Starting neuroimaging-aware preprocessing pipeline
2025-10-21 20:03:53,874 - root - INFO - Processing view: volume_sn_voxels (shape: (86, 1794))
2025-10-21 20:03:53,874 - root - INFO - MAD filtering disabled for volume_sn_voxels (threshold=1000.0)
2025-10-21 20:03:53,874 - root - INFO - Applying spatial imputation to volume_sn_voxels
2025-10-21 20:03:53,876 - root - INFO - Loaded 1794 voxel positions for sn
2025-10-21 20:03:53,877 - root - INFO - Applying median imputation to volume_sn_voxels
2025-10-21 20:03:53,886 - root - INFO - Applying none feature selection to volume_sn_voxels
2025-10-21 20:03:53,886 - root - INFO - Applying robust scaling to volume_sn_voxels
2025-10-21 20:03:54,003 - root - INFO - DEBUG: fit_transform_pca called for volume_sn_voxels, enable_pca=False
2025-10-21 20:03:54,003 - root - INFO - DEBUG: PCA disabled for volume_sn_voxels, returning original X with shape (86, 1794)
2025-10-21 20:03:54,003 - root - INFO - Final shape for volume_sn_voxels: (86, 1794)
2025-10-21 20:03:54,003 - root - INFO - Feature retention: 1794/1794 (100.0%)
2025-10-21 20:03:54,003 - root - INFO - Filtered position lookup for volume_sn_voxels: 1794 → 1794 positions (100.0% retained)
2025-10-21 20:03:54,009 - root - INFO - Saved filtered position lookup to /cs/student/msc/aibh/2024/madhavan/sgfa_qmap-pd/results/all_rois-sn_conf-age+sex+tiv_K30_percW33_MAD1000.0_run_20251021_200353/data_validation_tree10_20251021_200353/position_lookup_filtered/position_sn_voxels_filtered.tsv
2025-10-21 20:03:54,009 - root - INFO - Processing view: clinical (shape: (86, 17))
2025-10-21 20:03:54,009 - root - INFO - Applying median imputation to clinical
2025-10-21 20:03:54,010 - root - INFO - Applying none feature selection to clinical
2025-10-21 20:03:54,010 - root - INFO - Applying robust scaling to clinical
2025-10-21 20:03:54,012 - root - INFO - DEBUG: fit_transform_pca called for clinical, enable_pca=False
2025-10-21 20:03:54,012 - root - INFO - DEBUG: PCA disabled for clinical, returning original X with shape (86, 17)
2025-10-21 20:03:54,012 - root - INFO - Final shape for clinical: (86, 17)
2025-10-21 20:03:54,012 - root - INFO - Feature retention: 17/17 (100.0%)
2025-10-21 20:03:54,012 - root - INFO - Regressing out confounds: ['age', 'sex', 'tiv']
2025-10-21 20:03:54,016 - root - INFO -   Regressed confounds from volume_sn_voxels: ['age', 'sex', 'tiv']
2025-10-21 20:03:54,017 - root - INFO -   Dropped 3 confound features from clinical: ['age', 'sex', 'tiv']
2025-10-21 20:03:54,017 - root - INFO -   Remaining clinical features: 14
2025-10-21 20:03:54,017 - root - INFO - ✓ Feature names verified for volume_sn_voxels: 1794 features
2025-10-21 20:03:54,017 - root - INFO - ✓ Feature names verified for clinical: 14 features
2025-10-21 20:03:54,017 - experiments.data_validation - INFO -    ✅ Filtered position lookups saved to: /cs/student/msc/aibh/2024/madhavan/sgfa_qmap-pd/results/all_rois-sn_conf-age+sex+tiv_K30_percW33_MAD1000.0_run_20251021_200353/data_validation_tree10_20251021_200353/position_lookup_filtered
2025-10-21 20:03:54,017 - experiments.data_validation - INFO -    Creating filtered position lookups with output_dir: /cs/student/msc/aibh/2024/madhavan/sgfa_qmap-pd/results/all_rois-sn_conf-age+sex+tiv_K30_percW33_MAD1000.0_run_20251021_200353/data_validation_tree10_20251021_200353
2025-10-21 20:03:54,017 - experiments.data_validation - INFO -   _create_filtered_position_lookups called:
2025-10-21 20:03:54,017 - experiments.data_validation - INFO -     view_names: ['volume_sn_voxels', 'clinical']
2025-10-21 20:03:54,018 - experiments.data_validation - INFO -     n_views raw: 2, preprocessed: 2
2025-10-21 20:03:54,018 - experiments.data_validation - INFO -   Creating filtered position lookup for volume_sn_voxels...
2025-10-21 20:03:54,020 - root - INFO - Loaded 1794 voxel positions for sn
2025-10-21 20:03:54,020 - experiments.data_validation - INFO -   Original positions: 1794 rows
2025-10-21 20:03:54,020 - experiments.data_validation - INFO -   Raw data: 1794 voxels
2025-10-21 20:03:54,021 - experiments.data_validation - INFO -   Preprocessed data: 1794 voxels
2025-10-21 20:03:54,021 - experiments.data_validation - INFO -   No voxels dropped, position lookup unchanged
2025-10-21 20:03:54,031 - experiments.data_validation - INFO -   ✅ Saved filtered position lookup: /cs/student/msc/aibh/2024/madhavan/sgfa_qmap-pd/results/all_rois-sn_conf-age+sex+tiv_K30_percW33_MAD1000.0_run_20251021_200353/data_validation_tree10_20251021_200353/filtered_position_lookups/sn_filtered_position_lookup.csv
2025-10-21 20:03:54,032 - experiments.data_validation - INFO -      1794 → 1794 rows
2025-10-21 20:03:54,032 - experiments.data_validation - INFO -   Skipping clinical view
2025-10-21 20:03:54,032 - experiments.data_validation - INFO -    ✅ Filtered position lookups saved to: /cs/student/msc/aibh/2024/madhavan/sgfa_qmap-pd/results/all_rois-sn_conf-age+sex+tiv_K30_percW33_MAD1000.0_run_20251021_200353/data_validation_tree10_20251021_200353/filtered_position_lookups
2025-10-21 20:03:54,032 - experiments.data_validation - INFO -    Files created: ['/cs/student/msc/aibh/2024/madhavan/sgfa_qmap-pd/results/all_rois-sn_conf-age+sex+tiv_K30_percW33_MAD1000.0_run_20251021_200353/data_validation_tree10_20251021_200353/filtered_position_lookups/sn_filtered_position_lookup.csv']
2025-10-21 20:03:54,033 - experiments.data_validation - INFO - Data structure analysis completed. Raw: 1808 features, Processed: 1808 features
2025-10-21 20:03:54,033 - experiments.data_validation - INFO - 🔍 Assessing data quality metrics...
2025-10-21 20:03:54,034 - experiments.data_validation - INFO -    Analyzing quality metrics for volume_sn_voxels (86×1794)...
2025-10-21 20:03:54,040 - experiments.data_validation - INFO -    Analyzing quality metrics for clinical (86×14)...
2025-10-21 20:03:54,041 - experiments.data_validation - INFO -       Computing correlation matrix for clinical...
2025-10-21 20:03:54,042 - experiments.data_validation - INFO -    Analyzing quality metrics for volume_sn_voxels (86×1794)...
2025-10-21 20:03:54,048 - experiments.data_validation - INFO -    Analyzing quality metrics for clinical (86×14)...
2025-10-21 20:03:54,049 - experiments.data_validation - INFO -       Computing correlation matrix for clinical...
2025-10-21 20:03:54,069 - experiments.data_validation - INFO - ================================================================================
2025-10-21 20:03:54,069 - experiments.data_validation - INFO - 🔍 MAD THRESHOLD EXPLORATORY DATA ANALYSIS
2025-10-21 20:03:54,069 - experiments.data_validation - INFO - ================================================================================
2025-10-21 20:03:54,069 - experiments.data_validation - INFO - Analyzing optimal MAD threshold values for outlier detection...
2025-10-21 20:03:54,070 - experiments.data_validation - INFO - Analyzing 1 imaging views: ['volume_sn_voxels']
2025-10-21 20:03:54,070 - experiments.data_validation - INFO - 📊 Analyzing MAD distributions...
2025-10-21 20:03:54,070 - experiments.data_validation - INFO -    Processing volume_sn_voxels: (86, 1794)
2025-10-21 20:03:54,999 - experiments.data_validation - INFO -       Saved MAD distribution plot: mad_distribution_sn.png
2025-10-21 20:03:54,999 - experiments.data_validation - INFO -    ✅ MAD distributions analyzed for 1 views
2025-10-21 20:03:54,999 - experiments.data_validation - INFO - 📈 Performing elbow analysis...
2025-10-21 20:03:55,011 - experiments.data_validation - INFO -    volume_sn_voxels: Elbow at 2.26 (7.1% retention)
2025-10-21 20:03:55,421 - experiments.data_validation - INFO -    ✅ Elbow analysis completed, saved to elbow_analysis_all_views.png
2025-10-21 20:03:55,421 - experiments.data_validation - INFO - 🗺️  Analyzing spatial distribution of removed voxels...
2025-10-21 20:03:55,422 - experiments.data_validation - INFO -    Loaded position lookup for volume_sn_voxels: 1793 voxels
2025-10-21 20:03:55,422 - experiments.data_validation - WARNING -    Dimension mismatch for volume_sn_voxels: 1794 MAD values vs 1793 positions. Skipping spatial analysis.
2025-10-21 20:03:55,422 - experiments.data_validation - INFO -    ✅ Spatial analysis completed for 1 views
2025-10-21 20:03:55,422 - experiments.data_validation - INFO - 📊 Analyzing information preservation...
2025-10-21 20:03:55,422 - experiments.data_validation - INFO -    Processing volume_sn_voxels...
2025-10-21 20:03:56,015 - experiments.data_validation - INFO -       Saved information preservation plot: information_preservation_all_views.png
2025-10-21 20:03:56,016 - experiments.data_validation - INFO -    ✅ Information preservation analyzed for 1 views
2025-10-21 20:03:56,016 - experiments.data_validation - INFO - 👤 Analyzing subject-level data quality...
2025-10-21 20:03:56,016 - experiments.data_validation - INFO -    Processing volume_sn_voxels: (86, 1794)
2025-10-21 20:03:56,282 - experiments.data_validation - INFO -       Mean outlier %: 1.1%
2025-10-21 20:03:56,283 - experiments.data_validation - INFO -       Max outlier %: 17.5%
2025-10-21 20:03:56,748 - experiments.data_validation - INFO -       Saved subject outlier distribution plot: subject_outlier_distributions.png
2025-10-21 20:03:56,752 - experiments.data_validation - INFO -       Saved flagged subjects table: flagged_subjects.csv (2 subjects)
2025-10-21 20:03:56,754 - experiments.data_validation - INFO -       Saved flagged subjects report: flagged_subjects_report.txt
2025-10-21 20:03:57,074 - experiments.data_validation - INFO -       Saved subject outlier comparison plot: subject_outlier_comparison.png
2025-10-21 20:03:57,587 - experiments.data_validation - INFO -       Saved subject outlier scatter plot: subject_outlier_scatter.png
2025-10-21 20:03:58,343 - experiments.data_validation - INFO -       Saved top subjects bar chart: subject_outlier_top20.png
2025-10-21 20:03:58,343 - experiments.data_validation - INFO -    ✅ Subject-level analysis completed: 2 subjects flagged
2025-10-21 20:03:58,343 - experiments.data_validation - INFO - 📋 Generating threshold comparison summary...
2025-10-21 20:03:58,347 - experiments.data_validation - INFO -    Saved summary table: mad_threshold_summary_table.csv
2025-10-21 20:03:58,349 - experiments.data_validation - INFO -    📝 Saved recommendations: mad_threshold_recommendations.txt
2025-10-21 20:03:58,349 - experiments.data_validation - INFO - ================================================================================
2025-10-21 20:03:58,349 - experiments.data_validation - INFO - ✅ MAD threshold EDA completed successfully
2025-10-21 20:03:58,349 - experiments.data_validation - INFO - ================================================================================
2025-10-21 20:03:58,349 - experiments.data_validation - INFO - 📊 Generating data validation plots...
2025-10-21 20:03:58,349 - experiments.data_validation - INFO -    Creating distribution histograms for 1 clinical view(s), skipping 1 imaging views
2025-10-21 20:03:58,475 - experiments.data_validation - INFO -    ✅ Distribution histograms created (stored as data_distribution_comparison)
2025-10-21 20:03:58,475 - experiments.data_validation - INFO -    Creating quality metrics summary plot...
2025-10-21 20:03:58,482 - experiments.data_validation - INFO - 📊 Basic data validation plots completed: 1 plots generated
2025-10-21 20:03:58,482 - experiments.data_validation - INFO - 🎨 Creating comprehensive data validation visualizations for data_quality_assessment
2025-10-21 20:03:58,484 - experiments.data_validation - INFO -    Creating preprocessing quality visualizations...
2025-10-21 20:03:58,485 - visualization.preprocessing_plots - INFO - Creating preprocessing plots
2025-10-21 20:03:58,964 - visualization.preprocessing_plots - INFO - Saved: results/plots/preprocessing/feature_reduction.png
2025-10-21 20:03:59,553 - visualization.preprocessing_plots - INFO - Saved: results/plots/preprocessing/variance_distribution.png
2025-10-21 20:03:59,553 - experiments.data_validation - INFO -    ✅ Preprocessing visualizations created
2025-10-21 20:03:59,553 - experiments.data_validation - INFO -    Creating covariance structure analysis...
2025-10-21 20:03:59,554 - visualization.covariance_plots - INFO - ================================================================================
2025-10-21 20:03:59,554 - visualization.covariance_plots - INFO - COVARIANCE STRUCTURE ANALYSIS
2025-10-21 20:03:59,554 - visualization.covariance_plots - INFO - ================================================================================
2025-10-21 20:03:59,664 - visualization.covariance_plots - INFO - Intra-modality covariance for volume_sn_voxels: 1794x1794
2025-10-21 20:03:59,665 - visualization.covariance_plots - INFO - Intra-modality covariance for clinical: 14x14
2025-10-21 20:03:59,724 - visualization.covariance_plots - INFO - Inter-modality covariance for volume_sn_voxels_vs_clinical: 1794x14
2025-10-21 20:03:59,829 - visualization.covariance_plots - INFO - 
Data structure:
2025-10-21 20:03:59,829 - visualization.covariance_plots - INFO -   Number of views: 2
2025-10-21 20:03:59,829 - visualization.covariance_plots - INFO -   Number of samples: 86
2025-10-21 20:03:59,829 - visualization.covariance_plots - INFO -   volume_sn_voxels: 1794 features
2025-10-21 20:03:59,829 - visualization.covariance_plots - INFO -   clinical: 14 features
2025-10-21 20:03:59,830 - visualization.covariance_plots - INFO - 
Intra-modality correlation statistics:
2025-10-21 20:03:59,830 - visualization.covariance_plots - INFO -   volume_sn_voxels:
2025-10-21 20:03:59,830 - visualization.covariance_plots - INFO -     Mean correlation: 0.388
2025-10-21 20:03:59,830 - visualization.covariance_plots - INFO -     Std correlation: 0.219
2025-10-21 20:03:59,830 - visualization.covariance_plots - INFO -     Max |correlation|: 0.994
2025-10-21 20:03:59,830 - visualization.covariance_plots - INFO -   clinical:
2025-10-21 20:03:59,830 - visualization.covariance_plots - INFO -     Mean correlation: 0.073
2025-10-21 20:03:59,830 - visualization.covariance_plots - INFO -     Std correlation: 0.350
2025-10-21 20:03:59,830 - visualization.covariance_plots - INFO -     Max |correlation|: 0.911
2025-10-21 20:03:59,830 - visualization.covariance_plots - INFO - 
Inter-modality correlation statistics:
2025-10-21 20:03:59,830 - visualization.covariance_plots - INFO -   volume_sn_voxels_vs_clinical:
2025-10-21 20:03:59,830 - visualization.covariance_plots - INFO -     Mean correlation: 0.031
2025-10-21 20:03:59,830 - visualization.covariance_plots - INFO -     Std correlation: 0.121
2025-10-21 20:03:59,830 - visualization.covariance_plots - INFO -     Max |correlation|: 0.371
2025-10-21 20:03:59,830 - visualization.covariance_plots - INFO - 
Generating covariance plots...
2025-10-21 20:03:59,830 - visualization.covariance_plots - INFO - Subsampling covariance matrix from 1808 to 500 features
2025-10-21 20:04:01,103 - visualization.covariance_plots - INFO - Saved block covariance matrix plot to results/plots/block_covariance_matrix.png
2025-10-21 20:04:09,712 - visualization.covariance_plots - INFO - Saved inter/intra comparison plot to results/plots/inter_vs_intra_correlation.png
2025-10-21 20:04:09,712 - visualization.covariance_plots - INFO - Plots saved to results/plots
2025-10-21 20:04:09,713 - visualization.covariance_plots - INFO - ================================================================================
2025-10-21 20:04:09,713 - experiments.data_validation - INFO -    ✅ Covariance analysis completed
2025-10-21 20:04:09,713 - experiments.data_validation - INFO -    Loading and converting generated plots to figures...
2025-10-21 20:04:09,715 - experiments.data_validation - INFO -    Found 4 plot files to convert
2025-10-21 20:04:10,440 - experiments.data_validation - INFO -    ✅ Created 4 comprehensive data validation visualizations
2025-10-21 20:04:10,440 - experiments.data_validation - INFO - 🎨 Comprehensive data validation plots completed: 4 advanced plots generated
2025-10-21 20:04:10,441 - experiments.data_validation - INFO - 📊 Total plots ready for saving: 5
2025-10-21 20:04:19,188 - core.io_utils - INFO - Saved 5 plots individually to results/data_validation/individual_plots (0 skipped)
2025-10-21 20:04:19,189 - core.io_utils - INFO -   Formats: png, pdf
2025-10-21 20:04:19,189 - experiments.data_validation - INFO - ✅ Saved 5 individual plots to results/data_validation/individual_plots
2025-10-21 20:04:19,189 - experiments.data_validation - INFO - ✅ Data validation with EDA completed!
2025-10-21 20:04:19,189 - experiments.data_validation - INFO -    Plots generated: 5
2025-10-21 20:04:19,189 - experiments.framework - INFO - 🏁 EXPERIMENT COMPLETED: data_validation_20251021_200353
2025-10-21 20:04:19,189 - experiments.framework - INFO - ⏱️  TOTAL RUNTIME: 25.7 seconds
2025-10-21 20:04:19,189 - experiments.framework - INFO - 🕐 Started: 2025-10-21 20:03:53
2025-10-21 20:04:19,189 - experiments.framework - INFO - 🕑 Finished: 2025-10-21 20:04:19
2025-10-21 20:04:19,189 - experiments.framework - INFO - Experiment completed successfully: data_validation_20251021_200353
2025-10-21 20:04:19,189 - experiments.framework - INFO - 🧹 Performing comprehensive memory cleanup...
2025-10-21 20:04:19,274 - experiments.framework - INFO - Garbage collection freed 4 objects
2025-10-21 20:04:19,572 - experiments.framework - INFO - GPU memory cleanup attempted
2025-10-21 20:04:20,573 - experiments.framework - INFO - ✅ Comprehensive memory cleanup completed
2025-10-21 20:04:31,453 - experiments.framework - INFO - ExperimentFramework initialized with output dir: /cs/student/msc/aibh/2024/madhavan/sgfa_qmap-pd/results/all_rois-sn_conf-age+sex+tiv_K30_percW33_MAD1000.0_run_20251021_200353
2025-10-21 20:04:31,453 - experiments.robustness_testing - INFO -    Using command-line K override: 30 (default is 10)
2025-10-21 20:04:31,453 - experiments.robustness_testing - INFO -    Using global model hyperparameters: K=30, percW=33.0, slab_df=4, slab_scale=2
2025-10-21 20:04:31,453 - experiments.robustness_testing - INFO -    QC outlier threshold (MAD): 1000.0
2025-10-21 20:04:31,453 - experiments.robustness_testing - INFO -    Using model type: sparse_gfa_fixed
2025-10-21 20:04:31,454 - optimization.config - INFO - Configuration optimized for system: 27.5GB RAM, 16 CPUs
2025-10-21 20:04:31,454 - experiments.robustness_testing - INFO - Auto-configured system: 22.0GB memory limit
2025-10-21 20:04:31,455 - experiments.robustness_testing - INFO - ExperimentFramework initialized with output dir: results
2025-10-21 20:04:31,455 - optimization.config - INFO - Configuration optimized for system: 27.5GB RAM, 16 CPUs
2025-10-21 20:04:31,455 - experiments.robustness_testing - INFO - Auto-configured system: 22.0GB memory limit
2025-10-21 20:04:31,455 - optimization.memory_optimizer - INFO - MemoryOptimizer initialized: max_memory=21.98GB
2025-10-21 20:04:31,455 - experiments.robustness_testing - INFO - Memory optimizer initialized with 22.0GB limit
2025-10-21 20:04:31,455 - optimization.memory_optimizer - INFO - MemoryOptimizer initialized: max_memory=21.98GB
2025-10-21 20:04:31,455 - optimization.data_streaming - INFO - DataStreamer initialized: chunk_size=None, memory_limit=21.979296875000003GB
2025-10-21 20:04:31,456 - optimization.memory_optimizer - INFO - MemoryOptimizer initialized: max_memory=21.98GB
2025-10-21 20:04:31,456 - optimization.data_streaming - INFO - DataStreamer initialized: chunk_size=None, memory_limit=21.979296875000003GB
2025-10-21 20:04:31,456 - experiments.robustness_testing - INFO - Data streaming components initialized
2025-10-21 20:04:31,456 - optimization.memory_optimizer - INFO - MemoryOptimizer initialized: max_memory=21.98GB
2025-10-21 20:04:31,456 - optimization.mcmc_optimizer - INFO - MCMCMemoryOptimizer initialized with 21.979296875000003GB limit
2025-10-21 20:04:31,456 - experiments.robustness_testing - INFO - MCMC memory optimizer initialized
2025-10-21 20:04:31,463 - experiments.framework - INFO - Starting experiment: robustness_tests_20251021_200431
2025-10-21 20:04:31,463 - experiments.robustness_testing - INFO - 🔄 Running comprehensive robustness tests...
2025-10-21 20:04:31,464 - experiments.robustness_testing - INFO - 📊 Testing seed robustness...
2025-10-21 20:04:31,544 - experiments.robustness_testing - INFO - ================================================================================
2025-10-21 20:04:31,544 - experiments.robustness_testing - INFO - _RUN_SGFA_ANALYSIS - STARTING
2025-10-21 20:04:31,544 - experiments.robustness_testing - INFO - ================================================================================
2025-10-21 20:04:31,545 - experiments.robustness_testing - INFO - Input data: 2 views
2025-10-21 20:04:31,545 - experiments.robustness_testing - INFO -   View 0: shape (86, 1794), dtype float64, has_nan False
2025-10-21 20:04:31,545 - experiments.robustness_testing - INFO -   View 1: shape (86, 14), dtype float64, has_nan False
2025-10-21 20:04:31,545 - experiments.robustness_testing - INFO - Hyperparameters: {'Dm': [1794, 14], 'a_sigma': 1.0, 'b_sigma': 1.0, 'slab_df': 4, 'slab_scale': 2, 'percW': 33.0, 'K': 30}
2025-10-21 20:04:31,545 - experiments.robustness_testing - INFO - MCMC args: {'K': 30, 'num_warmup': 50, 'num_samples': 100, 'num_chains': 1, 'target_accept_prob': 0.8, 'reghsZ': True, 'max_tree_depth': 10, 'use_pca_initialization': True, 'model_type': 'sparse_gfa_fixed', 'random_seed': 42}
2025-10-21 20:04:31,545 - experiments.robustness_testing - INFO - Additional kwargs keys: []
2025-10-21 20:04:31,545 - experiments.robustness_testing - INFO - Running SGFA: K=30, n_subjects=86, n_features=1808
2025-10-21 20:04:31,552 - experiments.robustness_testing - INFO - Setting up model via factory...
2025-10-21 20:04:31,552 - experiments.robustness_testing - INFO - 🔍 DEBUG: config_dict.get('model_type') = sparse_gfa_fixed
2025-10-21 20:04:31,553 - experiments.robustness_testing - INFO - 🔍 DEBUG: 'model' in config_dict = False
2025-10-21 20:04:31,553 - experiments.robustness_testing - INFO - 🔍 DEBUG: args['model_type'] = sparse_gfa_fixed
2025-10-21 20:04:31,553 - experiments.robustness_testing - INFO - 🔧 Setting K=30 from args into config_dict
2025-10-21 20:04:31,553 - experiments.robustness_testing - INFO - 🔍 Config model_type: sparse_gfa_fixed
2025-10-21 20:04:31,553 - experiments.robustness_testing - INFO - 🔍 Config K: 30
2025-10-21 20:04:31,553 - models.models_integration - INFO - 🔍 DEBUG: model_config keys: ['model_type']
2025-10-21 20:04:31,553 - models.models_integration - INFO - 🔍 DEBUG: model_type from config: 'sparse_gfa_fixed'
2025-10-21 20:04:31,553 - models.models_integration - INFO - Data characteristics for model selection:
2025-10-21 20:04:31,553 - models.models_integration - INFO -    Total features: 1,808
2025-10-21 20:04:31,553 - models.models_integration - INFO -    Views: 2
2025-10-21 20:04:31,553 - models.models_integration - INFO -    Subjects: 86
2025-10-21 20:04:31,553 - models.models_integration - INFO -    Has imaging data: True
2025-10-21 20:04:31,553 - models.models_integration - INFO - 🔍 DEBUG: Available Bayesian models: ['GFA', 'neuroGFA', 'sparseGFA', 'sparse_gfa', 'sparse_gfa_fixed', 'standard_gfa']
2025-10-21 20:04:31,553 - models.models_integration - INFO - 🔍 DEBUG: Checking if 'sparse_gfa_fixed' in bayesian_models: True
2025-10-21 20:04:31,553 - models.models_integration - INFO - ✅ Selected model type: sparse_gfa_fixed
2025-10-21 20:04:31,553 - models.models_integration - INFO - 🏗️ Creating model instance: sparse_gfa_fixed
2025-10-21 20:04:31,553 - models.models_integration - INFO - ✅ Model instance created successfully
2025-10-21 20:04:31,553 - models.models_integration - INFO -    Model type: sparse_gfa_fixed
2025-10-21 20:04:31,553 - models.models_integration - INFO -    Model class: SparseGFAFixedModel
2025-10-21 20:04:31,553 - models.models_integration - INFO - ✅ Models framework integration completed
2025-10-21 20:04:31,553 - models.models_integration - INFO -    Model type: sparse_gfa_fixed
2025-10-21 20:04:31,553 - models.models_integration - INFO -    Model class: SparseGFAFixedModel
2025-10-21 20:04:31,553 - models.models_integration - INFO -    Factory method: True
2025-10-21 20:04:31,554 - models.models_integration - INFO - ✅ Models framework pipeline integration completed
2025-10-21 20:04:31,554 - models.models_integration - INFO -  Model type: sparse_gfa_fixed
2025-10-21 20:04:31,554 - models.models_integration - INFO -  Model factory: True
2025-10-21 20:04:31,554 - models.models_integration - INFO -  Structured management: True
2025-10-21 20:04:31,554 - experiments.robustness_testing - INFO - ✅ Model setup complete: sparse_gfa_fixed
2025-10-21 20:04:31,554 - experiments.robustness_testing - INFO -    Hyperparameters: Dm=[1794, 14], percW=33.0, slab_df=4, slab_scale=2
2025-10-21 20:04:31,554 - experiments.robustness_testing - INFO - ✅ Using model instance: sparse_gfa_fixed
2025-10-21 20:04:31,554 - experiments.robustness_testing - INFO -    Model class: SparseGFAFixedModel
2025-10-21 20:04:31,554 - experiments.robustness_testing - INFO - MCMC configuration: warmup=50, samples=100, chains=1
2025-10-21 20:04:31,554 - experiments.robustness_testing - INFO - Setting up MCMC with seed: 42
2025-10-21 20:04:31,692 - experiments.robustness_testing - INFO - NUTS kernel parameters: target_accept_prob=0.8, max_tree_depth=10, dense_mass=False
2025-10-21 20:04:31,692 - experiments.robustness_testing - INFO -    Using diagonal mass matrix for ~5GB memory savings per chain
2025-10-21 20:04:31,692 - experiments.robustness_testing - INFO - Creating MCMC sampler with chain_method=sequential...
2025-10-21 20:04:31,692 - experiments.robustness_testing - INFO - Creating NUTS kernel for standard MCMC execution...
2025-10-21 20:04:31,694 - core.pca_initialization - INFO - 🔧 Creating NumPyro initialization parameters...
2025-10-21 20:04:31,694 - core.pca_initialization - INFO -   Model type: sparse_gfa_fixed
2025-10-21 20:04:31,694 - core.pca_initialization - INFO -   K=30, n_views=2
2025-10-21 20:04:31,694 - core.pca_initialization - INFO - 🔧 Computing PCA initialization...
2025-10-21 20:04:31,695 - core.pca_initialization - INFO -   Input: 2 views, N=86 samples, K=30 factors
2025-10-21 20:04:31,695 - core.pca_initialization - INFO -   View shapes: [(86, 1794), (86, 14)]
2025-10-21 20:04:31,695 - core.pca_initialization - INFO -   Concatenated data shape: (86, 1808)
2025-10-21 20:04:31,695 - core.pca_initialization - INFO - Computing PCA initialization for K=30 factors
2025-10-21 20:04:31,695 - core.pca_initialization - INFO -   Data shape: (86, 1808) (86 samples, 1808 total features)
2025-10-21 20:04:31,695 - core.pca_initialization - INFO -   Number of views: 2
2025-10-21 20:04:31,816 - core.pca_initialization - INFO -   PCA initialization computed:
2025-10-21 20:04:31,816 - core.pca_initialization - INFO -     Z shape: (86, 30)
2025-10-21 20:04:31,816 - core.pca_initialization - INFO -     W shape: (1808, 30)
2025-10-21 20:04:31,816 - core.pca_initialization - INFO -     Variance explained: 97.31%
2025-10-21 20:04:31,817 - core.pca_initialization - INFO -     Per-component variance: [0.40596611 0.09301311 0.07910691 0.06599658 0.05504268 0.04639058
 0.03538515 0.02440932 0.02321937 0.01928194 0.01600014 0.01393938
 0.01201097 0.01020029 0.00943351 0.00823503 0.00734796 0.00653043
 0.00596745 0.00483217 0.00440037 0.00401708 0.00363044 0.00327813
 0.00303138 0.00282089 0.00263211 0.00253521 0.00232047 0.00211401]
2025-10-21 20:04:31,817 - core.pca_initialization - INFO -   ✓ PCA initialization computed
2025-10-21 20:04:31,817 - core.pca_initialization - INFO -   Using sparse_gfa_fixed parameterization (non-centered)
2025-10-21 20:04:32,110 - core.pca_initialization - INFO -   Initializing lmbZ: shape (86, 30)
2025-10-21 20:04:32,170 - core.pca_initialization - INFO -   Initializing lmbW: shape (1808, 30)
2025-10-21 20:04:32,254 - core.pca_initialization - INFO -   Initializing cZ_tilde: shape (1, 30)
2025-10-21 20:04:32,257 - core.pca_initialization - INFO -   Initializing cW_tilde: shape (2, 30)
2025-10-21 20:04:32,334 - core.pca_initialization - INFO -   Initializing sigma: shape (1, 2)
2025-10-21 20:04:32,373 - core.pca_initialization - INFO - ✓ Created NumPyro init params for sparse_gfa_fixed
2025-10-21 20:04:32,373 - core.pca_initialization - INFO -   Total parameters initialized: 10
2025-10-21 20:04:32,373 - core.pca_initialization - INFO -   Parameter names: ['tauZ', 'Z_raw', 'W_raw', 'tauW1', 'tauW2', 'lmbZ', 'lmbW', 'cZ_tilde', 'cW_tilde', 'sigma']
2025-10-21 20:04:32,373 - core.pca_initialization - INFO -     tauZ: shape=(1, 30), dtype=float32
2025-10-21 20:04:32,374 - core.pca_initialization - INFO -     Z_raw: shape=(86, 30), dtype=float32
2025-10-21 20:04:32,374 - core.pca_initialization - INFO -     W_raw: shape=(1808, 30), dtype=float32
2025-10-21 20:04:32,374 - core.pca_initialization - INFO -     tauW1: shape=(), dtype=float32
2025-10-21 20:04:32,374 - core.pca_initialization - INFO -     tauW2: shape=(), dtype=float32
2025-10-21 20:04:32,374 - core.pca_initialization - INFO -     lmbZ: shape=(86, 30), dtype=float32
2025-10-21 20:04:32,374 - core.pca_initialization - INFO -     lmbW: shape=(1808, 30), dtype=float32
2025-10-21 20:04:32,374 - core.pca_initialization - INFO -     cZ_tilde: shape=(1, 30), dtype=float32
2025-10-21 20:04:32,374 - core.pca_initialization - INFO -     cW_tilde: shape=(2, 30), dtype=float32
2025-10-21 20:04:32,374 - core.pca_initialization - INFO -     sigma: shape=(1, 2), dtype=float32
2025-10-21 20:04:32,374 - experiments.robustness_testing - INFO -    Using PCA initialization for MCMC (model_type=sparse_gfa_fixed)
2025-10-21 20:04:32,374 - experiments.robustness_testing - INFO - ================================================================================
2025-10-21 20:04:32,375 - experiments.robustness_testing - INFO - STARTING MCMC SAMPLING
2025-10-21 20:04:32,375 - experiments.robustness_testing - INFO - ================================================================================
2025-10-21 20:04:32,375 - experiments.robustness_testing - INFO - This will run 50 warmup + 100 sampling iterations
2025-10-21 20:04:32,599 - models.sparse_gfa_fixed - INFO - 🔵 SparseGFAFixedModel.__call__ starting
2025-10-21 20:04:32,622 - models.sparse_gfa_fixed - INFO -   Model dimensions: N=86, M=2, D=1808, K=30, percW=33.0
2025-10-21 20:04:32,623 - models.sparse_gfa_fixed - INFO -   View dimensions: [1794, 14]
2025-10-21 20:04:32,623 - models.sparse_gfa_fixed - INFO -   X_list shapes: [(86, 1794), (86, 14)]
2025-10-21 20:04:32,623 - models.sparse_gfa_fixed - INFO -   Sampling sigma (noise parameters)...
2025-10-21 20:04:32,858 - models.sparse_gfa_fixed - INFO -   ✓ sigma sampled, shape: (1, 2)
2025-10-21 20:04:32,858 - models.sparse_gfa_fixed - INFO -   Sampling latent factors Z...
2025-10-21 20:04:32,858 - models.sparse_gfa_fixed - INFO -     🟢 _sample_latent_factors starting
2025-10-21 20:04:32,858 - models.sparse_gfa_fixed - INFO -       Sampling Z_raw ~ Normal(0,1)...
2025-10-21 20:04:33,148 - models.sparse_gfa_fixed - INFO -       ✓ Z_raw shape: (86, 30)
2025-10-21 20:04:33,196 - models.sparse_gfa_fixed - INFO -       Calculated τ₀_Z scale = 0.057767558842897415 (from D₀=30, N=86)
2025-10-21 20:04:33,196 - models.sparse_gfa_fixed - INFO -       Sampling tauZ ~ HalfStudentT(df=2, scale=0.057767558842897415)...
2025-10-21 20:04:33,592 - models.sparse_gfa_fixed - INFO -       ✓ tauZ sampled directly, shape: (1, 30)
2025-10-21 20:04:33,593 - models.sparse_gfa_fixed - INFO -       Sampling lmbZ ~ HalfCauchy(1.0)...
2025-10-21 20:04:33,643 - models.sparse_gfa_fixed - INFO -       ✓ lmbZ shape: (86, 30)
2025-10-21 20:04:33,643 - models.sparse_gfa_fixed - INFO -       Applying regularized horseshoe (reghsZ=True)...
2025-10-21 20:04:33,643 - models.sparse_gfa_fixed - INFO -       Sampling cZ_tilde ~ InverseGamma(2.0, 2.0)...
2025-10-21 20:04:33,687 - models.sparse_gfa_fixed - INFO -       ✓ cZ computed (slab_scale=2), shape: (1, 30)
2025-10-21 20:04:33,687 - models.sparse_gfa_fixed - INFO -       Applying slab regularization formula: λ̃² = (c²λ²)/(c² + τ²λ²)...
2025-10-21 20:04:34,299 - models.sparse_gfa_fixed - INFO -       ✓ Applied regularization for 30 factors
2025-10-21 20:04:34,299 - models.sparse_gfa_fixed - INFO -     ✓ _sample_latent_factors complete, Z shape: (86, 30)
2025-10-21 20:04:34,299 - models.sparse_gfa_fixed - INFO -   ✓ Z sampled, shape: (86, 30)
2025-10-21 20:04:34,299 - models.sparse_gfa_fixed - INFO -   Sampling loadings W...
2025-10-21 20:04:34,299 - models.sparse_gfa_fixed - INFO -     🟢 _sample_loadings starting
2025-10-21 20:04:34,299 - models.sparse_gfa_fixed - INFO -       Sampling W_raw ~ Normal(0,1)...
2025-10-21 20:04:34,535 - models.sparse_gfa_fixed - INFO -       ✓ W_raw shape: (1808, 30)
2025-10-21 20:04:34,535 - models.sparse_gfa_fixed - INFO -       Sampling lmbW ~ HalfCauchy(1.0)...
2025-10-21 20:04:34,572 - models.sparse_gfa_fixed - INFO -       ✓ lmbW shape: (1808, 30)
2025-10-21 20:04:34,572 - models.sparse_gfa_fixed - INFO -       Sampling cW_tilde ~ InverseGamma(2.0, 2.0)...
2025-10-21 20:04:34,902 - models.sparse_gfa_fixed - INFO -       ✓ cW computed (slab_scale=2), shape: (2, 30)
2025-10-21 20:04:34,903 - models.sparse_gfa_fixed - INFO -       Expected sparsity per view (pW_static): [592, 4]
2025-10-21 20:04:34,904 - models.sparse_gfa_fixed - INFO -       Processing 2 views...
2025-10-21 20:04:34,904 - models.sparse_gfa_fixed - INFO -         View 1: Dm=1794, pW=592, percW=33.0%
2025-10-21 20:04:34,905 - models.sparse_gfa_fixed - INFO -         Calculated τ₀_W_view1 scale = 0.05310899019241333
2025-10-21 20:04:34,905 - models.sparse_gfa_fixed - INFO -         Sampling tauW1 ~ HalfStudentT(df=2, scale=0.05310899019241333)...
2025-10-21 20:04:35,182 - models.sparse_gfa_fixed - INFO -         ✓ tauW1 sampled directly
2025-10-21 20:04:35,761 - models.sparse_gfa_fixed - INFO -         View 2: Dm=14, pW=4, percW=33.0%
2025-10-21 20:04:35,762 - models.sparse_gfa_fixed - INFO -         Calculated τ₀_W_view2 scale = 0.04313311353325844
2025-10-21 20:04:35,762 - models.sparse_gfa_fixed - INFO -         Sampling tauW2 ~ HalfStudentT(df=2, scale=0.04313311353325844)...
2025-10-21 20:04:35,765 - models.sparse_gfa_fixed - INFO -         ✓ tauW2 sampled directly
2025-10-21 20:04:36,178 - models.sparse_gfa_fixed - INFO -   ✓ W sampled, shape: (1808, 30)
2025-10-21 20:04:36,891 - models.sparse_gfa_fixed - INFO - 🔵 SparseGFAFixedModel.__call__ starting
2025-10-21 20:04:36,892 - models.sparse_gfa_fixed - INFO -   Model dimensions: N=86, M=2, D=1808, K=30, percW=33.0
2025-10-21 20:04:36,892 - models.sparse_gfa_fixed - INFO -   View dimensions: [1794, 14]
2025-10-21 20:04:36,892 - models.sparse_gfa_fixed - INFO -   X_list shapes: [(86, 1794), (86, 14)]
2025-10-21 20:04:36,892 - models.sparse_gfa_fixed - INFO -   Sampling sigma (noise parameters)...
2025-10-21 20:04:36,957 - models.sparse_gfa_fixed - INFO -   ✓ sigma sampled, shape: (1, 2)
2025-10-21 20:04:36,957 - models.sparse_gfa_fixed - INFO -   Sampling latent factors Z...
2025-10-21 20:04:36,957 - models.sparse_gfa_fixed - INFO -     🟢 _sample_latent_factors starting
2025-10-21 20:04:36,957 - models.sparse_gfa_fixed - INFO -       Sampling Z_raw ~ Normal(0,1)...
2025-10-21 20:04:36,957 - models.sparse_gfa_fixed - INFO -       ✓ Z_raw shape: (86, 30)
2025-10-21 20:04:36,958 - models.sparse_gfa_fixed - INFO -       Calculated τ₀_Z scale = 0.057767558842897415 (from D₀=30, N=86)
2025-10-21 20:04:36,958 - models.sparse_gfa_fixed - INFO -       Sampling tauZ ~ HalfStudentT(df=2, scale=0.057767558842897415)...
2025-10-21 20:04:37,257 - models.sparse_gfa_fixed - INFO -       ✓ tauZ sampled directly, shape: (1, 30)
2025-10-21 20:04:37,257 - models.sparse_gfa_fixed - INFO -       Sampling lmbZ ~ HalfCauchy(1.0)...
2025-10-21 20:04:37,306 - models.sparse_gfa_fixed - INFO -       ✓ lmbZ shape: (86, 30)
2025-10-21 20:04:37,306 - models.sparse_gfa_fixed - INFO -       Applying regularized horseshoe (reghsZ=True)...
2025-10-21 20:04:37,306 - models.sparse_gfa_fixed - INFO -       Sampling cZ_tilde ~ InverseGamma(2.0, 2.0)...
2025-10-21 20:04:37,338 - models.sparse_gfa_fixed - INFO -       ✓ cZ computed (slab_scale=2), shape: (1, 30)
2025-10-21 20:04:37,338 - models.sparse_gfa_fixed - INFO -       Applying slab regularization formula: λ̃² = (c²λ²)/(c² + τ²λ²)...
2025-10-21 20:04:38,012 - models.sparse_gfa_fixed - INFO -       ✓ Applied regularization for 30 factors
2025-10-21 20:04:38,012 - models.sparse_gfa_fixed - INFO -     ✓ _sample_latent_factors complete, Z shape: (86, 30)
2025-10-21 20:04:38,012 - models.sparse_gfa_fixed - INFO -   ✓ Z sampled, shape: (86, 30)
2025-10-21 20:04:38,012 - models.sparse_gfa_fixed - INFO -   Sampling loadings W...
2025-10-21 20:04:38,012 - models.sparse_gfa_fixed - INFO -     🟢 _sample_loadings starting
2025-10-21 20:04:38,012 - models.sparse_gfa_fixed - INFO -       Sampling W_raw ~ Normal(0,1)...
2025-10-21 20:04:38,012 - models.sparse_gfa_fixed - INFO -       ✓ W_raw shape: (1808, 30)
2025-10-21 20:04:38,012 - models.sparse_gfa_fixed - INFO -       Sampling lmbW ~ HalfCauchy(1.0)...
2025-10-21 20:04:38,070 - models.sparse_gfa_fixed - INFO -       ✓ lmbW shape: (1808, 30)
2025-10-21 20:04:38,070 - models.sparse_gfa_fixed - INFO -       Sampling cW_tilde ~ InverseGamma(2.0, 2.0)...
2025-10-21 20:04:38,188 - models.sparse_gfa_fixed - INFO -       ✓ cW computed (slab_scale=2), shape: (2, 30)
2025-10-21 20:04:38,188 - models.sparse_gfa_fixed - INFO -       Expected sparsity per view (pW_static): [592, 4]
2025-10-21 20:04:38,190 - models.sparse_gfa_fixed - INFO -       Processing 2 views...
2025-10-21 20:04:38,190 - models.sparse_gfa_fixed - INFO -         View 1: Dm=1794, pW=592, percW=33.0%
2025-10-21 20:04:38,191 - models.sparse_gfa_fixed - INFO -         Calculated τ₀_W_view1 scale = 0.05310899019241333
2025-10-21 20:04:38,191 - models.sparse_gfa_fixed - INFO -         Sampling tauW1 ~ HalfStudentT(df=2, scale=0.05310899019241333)...
2025-10-21 20:04:38,380 - models.sparse_gfa_fixed - INFO -         ✓ tauW1 sampled directly
2025-10-21 20:04:38,670 - models.sparse_gfa_fixed - INFO -         View 2: Dm=14, pW=4, percW=33.0%
2025-10-21 20:04:38,671 - models.sparse_gfa_fixed - INFO -         Calculated τ₀_W_view2 scale = 0.04313311353325844
2025-10-21 20:04:38,671 - models.sparse_gfa_fixed - INFO -         Sampling tauW2 ~ HalfStudentT(df=2, scale=0.04313311353325844)...
2025-10-21 20:04:38,677 - models.sparse_gfa_fixed - INFO -         ✓ tauW2 sampled directly
2025-10-21 20:04:38,890 - models.sparse_gfa_fixed - INFO -   ✓ W sampled, shape: (1808, 30)
2025-10-21 20:04:51,252 - models.sparse_gfa_fixed - INFO - 🔵 SparseGFAFixedModel.__call__ starting
2025-10-21 20:04:51,253 - models.sparse_gfa_fixed - INFO -   Model dimensions: N=86, M=2, D=1808, K=30, percW=33.0
2025-10-21 20:04:51,253 - models.sparse_gfa_fixed - INFO -   View dimensions: [1794, 14]
2025-10-21 20:04:51,253 - models.sparse_gfa_fixed - INFO -   X_list shapes: [(86, 1794), (86, 14)]
2025-10-21 20:04:51,253 - models.sparse_gfa_fixed - INFO -   Sampling sigma (noise parameters)...
2025-10-21 20:04:51,255 - models.sparse_gfa_fixed - INFO -   ✓ sigma sampled, shape: (1, 2)
2025-10-21 20:04:51,255 - models.sparse_gfa_fixed - INFO -   Sampling latent factors Z...
2025-10-21 20:04:51,255 - models.sparse_gfa_fixed - INFO -     🟢 _sample_latent_factors starting
2025-10-21 20:04:51,255 - models.sparse_gfa_fixed - INFO -       Sampling Z_raw ~ Normal(0,1)...
2025-10-21 20:04:51,255 - models.sparse_gfa_fixed - INFO -       ✓ Z_raw shape: (86, 30)
2025-10-21 20:04:51,256 - models.sparse_gfa_fixed - INFO -       Calculated τ₀_Z scale = 0.057767558842897415 (from D₀=30, N=86)
2025-10-21 20:04:51,256 - models.sparse_gfa_fixed - INFO -       Sampling tauZ ~ HalfStudentT(df=2, scale=0.057767558842897415)...
2025-10-21 20:04:51,262 - models.sparse_gfa_fixed - INFO -       ✓ tauZ sampled directly, shape: (1, 30)
2025-10-21 20:04:51,262 - models.sparse_gfa_fixed - INFO -       Sampling lmbZ ~ HalfCauchy(1.0)...
2025-10-21 20:04:51,264 - models.sparse_gfa_fixed - INFO -       ✓ lmbZ shape: (86, 30)
2025-10-21 20:04:51,264 - models.sparse_gfa_fixed - INFO -       Applying regularized horseshoe (reghsZ=True)...
2025-10-21 20:04:51,264 - models.sparse_gfa_fixed - INFO -       Sampling cZ_tilde ~ InverseGamma(2.0, 2.0)...
2025-10-21 20:04:51,267 - models.sparse_gfa_fixed - INFO -       ✓ cZ computed (slab_scale=2), shape: (1, 30)
2025-10-21 20:04:51,267 - models.sparse_gfa_fixed - INFO -       Applying slab regularization formula: λ̃² = (c²λ²)/(c² + τ²λ²)...
2025-10-21 20:04:51,727 - models.sparse_gfa_fixed - INFO -       ✓ Applied regularization for 30 factors
2025-10-21 20:04:51,727 - models.sparse_gfa_fixed - INFO -     ✓ _sample_latent_factors complete, Z shape: (86, 30)
2025-10-21 20:04:51,727 - models.sparse_gfa_fixed - INFO -   ✓ Z sampled, shape: (86, 30)
2025-10-21 20:04:51,727 - models.sparse_gfa_fixed - INFO -   Sampling loadings W...
2025-10-21 20:04:51,727 - models.sparse_gfa_fixed - INFO -     🟢 _sample_loadings starting
2025-10-21 20:04:51,727 - models.sparse_gfa_fixed - INFO -       Sampling W_raw ~ Normal(0,1)...
2025-10-21 20:04:51,728 - models.sparse_gfa_fixed - INFO -       ✓ W_raw shape: (1808, 30)
2025-10-21 20:04:51,728 - models.sparse_gfa_fixed - INFO -       Sampling lmbW ~ HalfCauchy(1.0)...
2025-10-21 20:04:51,729 - models.sparse_gfa_fixed - INFO -       ✓ lmbW shape: (1808, 30)
2025-10-21 20:04:51,729 - models.sparse_gfa_fixed - INFO -       Sampling cW_tilde ~ InverseGamma(2.0, 2.0)...
2025-10-21 20:04:51,732 - models.sparse_gfa_fixed - INFO -       ✓ cW computed (slab_scale=2), shape: (2, 30)
2025-10-21 20:04:51,732 - models.sparse_gfa_fixed - INFO -       Expected sparsity per view (pW_static): [592, 4]
2025-10-21 20:04:51,733 - models.sparse_gfa_fixed - INFO -       Processing 2 views...
2025-10-21 20:04:51,733 - models.sparse_gfa_fixed - INFO -         View 1: Dm=1794, pW=592, percW=33.0%
2025-10-21 20:04:51,733 - models.sparse_gfa_fixed - INFO -         Calculated τ₀_W_view1 scale = 0.05310899019241333
2025-10-21 20:04:51,733 - models.sparse_gfa_fixed - INFO -         Sampling tauW1 ~ HalfStudentT(df=2, scale=0.05310899019241333)...
2025-10-21 20:04:51,739 - models.sparse_gfa_fixed - INFO -         ✓ tauW1 sampled directly
2025-10-21 20:04:51,750 - models.sparse_gfa_fixed - INFO -         View 2: Dm=14, pW=4, percW=33.0%
2025-10-21 20:04:51,751 - models.sparse_gfa_fixed - INFO -         Calculated τ₀_W_view2 scale = 0.04313311353325844
2025-10-21 20:04:51,751 - models.sparse_gfa_fixed - INFO -         Sampling tauW2 ~ HalfStudentT(df=2, scale=0.04313311353325844)...
2025-10-21 20:04:51,756 - models.sparse_gfa_fixed - INFO -         ✓ tauW2 sampled directly
2025-10-21 20:04:51,767 - models.sparse_gfa_fixed - INFO -   ✓ W sampled, shape: (1808, 30)
2025-10-21 20:04:52,361 - models.sparse_gfa_fixed - INFO - 🔵 SparseGFAFixedModel.__call__ starting
2025-10-21 20:04:52,362 - models.sparse_gfa_fixed - INFO -   Model dimensions: N=86, M=2, D=1808, K=30, percW=33.0
2025-10-21 20:04:52,362 - models.sparse_gfa_fixed - INFO -   View dimensions: [1794, 14]
2025-10-21 20:04:52,363 - models.sparse_gfa_fixed - INFO -   X_list shapes: [(86, 1794), (86, 14)]
2025-10-21 20:04:52,363 - models.sparse_gfa_fixed - INFO -   Sampling sigma (noise parameters)...
2025-10-21 20:04:52,364 - models.sparse_gfa_fixed - INFO -   ✓ sigma sampled, shape: (1, 2)
2025-10-21 20:04:52,364 - models.sparse_gfa_fixed - INFO -   Sampling latent factors Z...
2025-10-21 20:04:52,364 - models.sparse_gfa_fixed - INFO -     🟢 _sample_latent_factors starting
2025-10-21 20:04:52,364 - models.sparse_gfa_fixed - INFO -       Sampling Z_raw ~ Normal(0,1)...
2025-10-21 20:04:52,364 - models.sparse_gfa_fixed - INFO -       ✓ Z_raw shape: (86, 30)
2025-10-21 20:04:52,365 - models.sparse_gfa_fixed - INFO -       Calculated τ₀_Z scale = Traced<ShapedArray(float32[], weak_type=True)>with<DynamicJaxprTrace(level=3/0)> (from D₀=30, N=86)
2025-10-21 20:04:52,365 - models.sparse_gfa_fixed - INFO -       Sampling tauZ ~ HalfStudentT(df=2, scale=Traced<ShapedArray(float32[], weak_type=True)>with<DynamicJaxprTrace(level=3/0)>)...
2025-10-21 20:04:52,370 - models.sparse_gfa_fixed - INFO -       ✓ tauZ sampled directly, shape: (1, 30)
2025-10-21 20:04:52,371 - models.sparse_gfa_fixed - INFO -       Sampling lmbZ ~ HalfCauchy(1.0)...
2025-10-21 20:04:52,372 - models.sparse_gfa_fixed - INFO -       ✓ lmbZ shape: (86, 30)
2025-10-21 20:04:52,372 - models.sparse_gfa_fixed - INFO -       Applying regularized horseshoe (reghsZ=True)...
2025-10-21 20:04:52,372 - models.sparse_gfa_fixed - INFO -       Sampling cZ_tilde ~ InverseGamma(2.0, 2.0)...
2025-10-21 20:04:52,374 - models.sparse_gfa_fixed - INFO -       ✓ cZ computed (slab_scale=2), shape: (1, 30)
2025-10-21 20:04:52,374 - models.sparse_gfa_fixed - INFO -       Applying slab regularization formula: λ̃² = (c²λ²)/(c² + τ²λ²)...
2025-10-21 20:04:52,554 - models.sparse_gfa_fixed - INFO -       ✓ Applied regularization for 30 factors
2025-10-21 20:04:52,554 - models.sparse_gfa_fixed - INFO -     ✓ _sample_latent_factors complete, Z shape: (86, 30)
2025-10-21 20:04:52,555 - models.sparse_gfa_fixed - INFO -   ✓ Z sampled, shape: (86, 30)
2025-10-21 20:04:52,555 - models.sparse_gfa_fixed - INFO -   Sampling loadings W...
2025-10-21 20:04:52,555 - models.sparse_gfa_fixed - INFO -     🟢 _sample_loadings starting
2025-10-21 20:04:52,555 - models.sparse_gfa_fixed - INFO -       Sampling W_raw ~ Normal(0,1)...
2025-10-21 20:04:52,555 - models.sparse_gfa_fixed - INFO -       ✓ W_raw shape: (1808, 30)
2025-10-21 20:04:52,556 - models.sparse_gfa_fixed - INFO -       Sampling lmbW ~ HalfCauchy(1.0)...
2025-10-21 20:04:52,557 - models.sparse_gfa_fixed - INFO -       ✓ lmbW shape: (1808, 30)
2025-10-21 20:04:52,557 - models.sparse_gfa_fixed - INFO -       Sampling cW_tilde ~ InverseGamma(2.0, 2.0)...
2025-10-21 20:04:52,559 - models.sparse_gfa_fixed - INFO -       ✓ cW computed (slab_scale=2), shape: (2, 30)
2025-10-21 20:04:52,560 - models.sparse_gfa_fixed - INFO -       Expected sparsity per view (pW_static): [592, 4]
2025-10-21 20:04:52,560 - models.sparse_gfa_fixed - INFO -       Processing 2 views...
2025-10-21 20:04:52,560 - models.sparse_gfa_fixed - INFO -         View 1: Dm=1794, pW=592, percW=33.0%
2025-10-21 20:04:52,561 - models.sparse_gfa_fixed - INFO -         Calculated τ₀_W_view1 scale = Traced<ShapedArray(float32[], weak_type=True)>with<DynamicJaxprTrace(level=3/0)>
2025-10-21 20:04:52,561 - models.sparse_gfa_fixed - INFO -         Sampling tauW1 ~ HalfStudentT(df=2, scale=Traced<ShapedArray(float32[], weak_type=True)>with<DynamicJaxprTrace(level=3/0)>)...
2025-10-21 20:04:52,566 - models.sparse_gfa_fixed - INFO -         ✓ tauW1 sampled directly
2025-10-21 20:04:52,572 - models.sparse_gfa_fixed - INFO -         View 2: Dm=14, pW=4, percW=33.0%
2025-10-21 20:04:52,573 - models.sparse_gfa_fixed - INFO -         Calculated τ₀_W_view2 scale = Traced<ShapedArray(float32[], weak_type=True)>with<DynamicJaxprTrace(level=3/0)>
2025-10-21 20:04:52,573 - models.sparse_gfa_fixed - INFO -         Sampling tauW2 ~ HalfStudentT(df=2, scale=Traced<ShapedArray(float32[], weak_type=True)>with<DynamicJaxprTrace(level=3/0)>)...
2025-10-21 20:04:52,578 - models.sparse_gfa_fixed - INFO -         ✓ tauW2 sampled directly
2025-10-21 20:04:52,584 - models.sparse_gfa_fixed - INFO -   ✓ W sampled, shape: (1808, 30)
2025-10-21 20:06:16,081 - models.sparse_gfa_fixed - INFO - 🔵 SparseGFAFixedModel.__call__ starting
2025-10-21 20:06:16,082 - models.sparse_gfa_fixed - INFO -   Model dimensions: N=86, M=2, D=1808, K=30, percW=33.0
2025-10-21 20:06:16,082 - models.sparse_gfa_fixed - INFO -   View dimensions: [1794, 14]
2025-10-21 20:06:16,082 - models.sparse_gfa_fixed - INFO -   X_list shapes: [(86, 1794), (86, 14)]
2025-10-21 20:06:16,082 - models.sparse_gfa_fixed - INFO -   Sampling sigma (noise parameters)...
2025-10-21 20:06:16,083 - models.sparse_gfa_fixed - INFO -   ✓ sigma sampled, shape: (1, 2)
2025-10-21 20:06:16,083 - models.sparse_gfa_fixed - INFO -   Sampling latent factors Z...
2025-10-21 20:06:16,083 - models.sparse_gfa_fixed - INFO -     🟢 _sample_latent_factors starting
2025-10-21 20:06:16,083 - models.sparse_gfa_fixed - INFO -       Sampling Z_raw ~ Normal(0,1)...
2025-10-21 20:06:16,083 - models.sparse_gfa_fixed - INFO -       ✓ Z_raw shape: (86, 30)
2025-10-21 20:06:16,084 - models.sparse_gfa_fixed - INFO -       Calculated τ₀_Z scale = Traced<ShapedArray(float32[], weak_type=True)>with<DynamicJaxprTrace(level=2/0)> (from D₀=30, N=86)
2025-10-21 20:06:16,084 - models.sparse_gfa_fixed - INFO -       Sampling tauZ ~ HalfStudentT(df=2, scale=Traced<ShapedArray(float32[], weak_type=True)>with<DynamicJaxprTrace(level=2/0)>)...
2025-10-21 20:06:16,086 - models.sparse_gfa_fixed - INFO -       ✓ tauZ sampled directly, shape: (1, 30)
2025-10-21 20:06:16,086 - models.sparse_gfa_fixed - INFO -       Sampling lmbZ ~ HalfCauchy(1.0)...
2025-10-21 20:06:16,087 - models.sparse_gfa_fixed - INFO -       ✓ lmbZ shape: (86, 30)
2025-10-21 20:06:16,087 - models.sparse_gfa_fixed - INFO -       Applying regularized horseshoe (reghsZ=True)...
2025-10-21 20:06:16,087 - models.sparse_gfa_fixed - INFO -       Sampling cZ_tilde ~ InverseGamma(2.0, 2.0)...
2025-10-21 20:06:16,088 - models.sparse_gfa_fixed - INFO -       ✓ cZ computed (slab_scale=2), shape: (1, 30)
2025-10-21 20:06:16,088 - models.sparse_gfa_fixed - INFO -       Applying slab regularization formula: λ̃² = (c²λ²)/(c² + τ²λ²)...
2025-10-21 20:06:16,180 - models.sparse_gfa_fixed - INFO -       ✓ Applied regularization for 30 factors
2025-10-21 20:06:16,180 - models.sparse_gfa_fixed - INFO -     ✓ _sample_latent_factors complete, Z shape: (86, 30)
2025-10-21 20:06:16,181 - models.sparse_gfa_fixed - INFO -   ✓ Z sampled, shape: (86, 30)
2025-10-21 20:06:16,181 - models.sparse_gfa_fixed - INFO -   Sampling loadings W...
2025-10-21 20:06:16,181 - models.sparse_gfa_fixed - INFO -     🟢 _sample_loadings starting
2025-10-21 20:06:16,181 - models.sparse_gfa_fixed - INFO -       Sampling W_raw ~ Normal(0,1)...
2025-10-21 20:06:16,181 - models.sparse_gfa_fixed - INFO -       ✓ W_raw shape: (1808, 30)
2025-10-21 20:06:16,181 - models.sparse_gfa_fixed - INFO -       Sampling lmbW ~ HalfCauchy(1.0)...
2025-10-21 20:06:16,181 - models.sparse_gfa_fixed - INFO -       ✓ lmbW shape: (1808, 30)
2025-10-21 20:06:16,181 - models.sparse_gfa_fixed - INFO -       Sampling cW_tilde ~ InverseGamma(2.0, 2.0)...
2025-10-21 20:06:16,182 - models.sparse_gfa_fixed - INFO -       ✓ cW computed (slab_scale=2), shape: (2, 30)
2025-10-21 20:06:16,182 - models.sparse_gfa_fixed - INFO -       Expected sparsity per view (pW_static): [592, 4]
2025-10-21 20:06:16,183 - models.sparse_gfa_fixed - INFO -       Processing 2 views...
2025-10-21 20:06:16,183 - models.sparse_gfa_fixed - INFO -         View 1: Dm=1794, pW=592, percW=33.0%
2025-10-21 20:06:16,184 - models.sparse_gfa_fixed - INFO -         Calculated τ₀_W_view1 scale = Traced<ShapedArray(float32[], weak_type=True)>with<DynamicJaxprTrace(level=2/0)>
2025-10-21 20:06:16,184 - models.sparse_gfa_fixed - INFO -         Sampling tauW1 ~ HalfStudentT(df=2, scale=Traced<ShapedArray(float32[], weak_type=True)>with<DynamicJaxprTrace(level=2/0)>)...
2025-10-21 20:06:16,185 - models.sparse_gfa_fixed - INFO -         ✓ tauW1 sampled directly
2025-10-21 20:06:16,188 - models.sparse_gfa_fixed - INFO -         View 2: Dm=14, pW=4, percW=33.0%
2025-10-21 20:06:16,189 - models.sparse_gfa_fixed - INFO -         Calculated τ₀_W_view2 scale = Traced<ShapedArray(float32[], weak_type=True)>with<DynamicJaxprTrace(level=2/0)>
2025-10-21 20:06:16,189 - models.sparse_gfa_fixed - INFO -         Sampling tauW2 ~ HalfStudentT(df=2, scale=Traced<ShapedArray(float32[], weak_type=True)>with<DynamicJaxprTrace(level=2/0)>)...
2025-10-21 20:06:16,190 - models.sparse_gfa_fixed - INFO -         ✓ tauW2 sampled directly
2025-10-21 20:06:16,194 - models.sparse_gfa_fixed - INFO -   ✓ W sampled, shape: (1808, 30)
2025-10-21 20:06:17,224 - experiments.robustness_testing - INFO - ✅ MCMC SAMPLING COMPLETED in 104.8s (1.7 min)
2025-10-21 20:06:17,856 - experiments.robustness_testing - INFO - 🧹 Cleared JAX caches after MCMC completion
2025-10-21 20:06:17,861 - experiments.robustness_testing - INFO - Got samples from single chain
2025-10-21 20:06:18,179 - optimization.profiler - INFO - Performance: seed_42: 106.532s, 2.51GB peak, 105.1% CPU
2025-10-21 20:06:18,180 - experiments.robustness_testing - INFO - ✅ Seed 42: 106.5s, LL=-48945376.00
2025-10-21 20:06:18,364 - experiments.robustness_testing - INFO - 🔄 Seed 123: Starting MCMC sampling...
2025-10-21 20:06:18,392 - experiments.robustness_testing - INFO - Creating NUTS kernel for standard MCMC execution...
2025-10-21 20:06:18,392 - core.pca_initialization - INFO - 🔧 Creating NumPyro initialization parameters...
2025-10-21 20:06:18,392 - core.pca_initialization - INFO -   Model type: sparse_gfa_fixed
2025-10-21 20:06:18,392 - core.pca_initialization - INFO -   K=30, n_views=2
2025-10-21 20:06:18,392 - core.pca_initialization - INFO - 🔧 Computing PCA initialization...
2025-10-21 20:06:18,392 - core.pca_initialization - INFO -   Input: 2 views, N=86 samples, K=30 factors
2025-10-21 20:06:18,392 - core.pca_initialization - INFO -   View shapes: [(86, 1794), (86, 14)]
2025-10-21 20:06:18,392 - core.pca_initialization - INFO -   Concatenated data shape: (86, 1808)
2025-10-21 20:06:18,392 - core.pca_initialization - INFO - Computing PCA initialization for K=30 factors
2025-10-21 20:06:18,392 - core.pca_initialization - INFO -   Data shape: (86, 1808) (86 samples, 1808 total features)
2025-10-21 20:06:18,392 - core.pca_initialization - INFO -   Number of views: 2
2025-10-21 20:06:18,487 - core.pca_initialization - INFO -   PCA initialization computed:
2025-10-21 20:06:18,487 - core.pca_initialization - INFO -     Z shape: (86, 30)
2025-10-21 20:06:18,487 - core.pca_initialization - INFO -     W shape: (1808, 30)
2025-10-21 20:06:18,487 - core.pca_initialization - INFO -     Variance explained: 97.31%
2025-10-21 20:06:18,488 - core.pca_initialization - INFO -     Per-component variance: [0.40596611 0.09301311 0.07910691 0.06599658 0.05504268 0.04639058
 0.03538515 0.02440932 0.02321937 0.01928194 0.01600014 0.01393938
 0.01201097 0.01020029 0.00943351 0.00823503 0.00734796 0.00653043
 0.00596745 0.00483216 0.00440037 0.00401708 0.00363049 0.00327813
 0.00303125 0.0028208  0.0026321  0.00253493 0.00232052 0.00211262]
2025-10-21 20:06:18,488 - core.pca_initialization - INFO -   ✓ PCA initialization computed
2025-10-21 20:06:18,489 - core.pca_initialization - INFO -   Using sparse_gfa_fixed parameterization (non-centered)
2025-10-21 20:06:18,645 - core.pca_initialization - INFO -   Initializing lmbZ: shape (86, 30)
2025-10-21 20:06:18,671 - core.pca_initialization - INFO -   Initializing lmbW: shape (1808, 30)
2025-10-21 20:06:18,697 - core.pca_initialization - INFO -   Initializing cZ_tilde: shape (1, 30)
2025-10-21 20:06:18,698 - core.pca_initialization - INFO -   Initializing cW_tilde: shape (2, 30)
2025-10-21 20:06:18,722 - core.pca_initialization - INFO -   Initializing sigma: shape (1, 2)
2025-10-21 20:06:18,734 - core.pca_initialization - INFO - ✓ Created NumPyro init params for sparse_gfa_fixed
2025-10-21 20:06:18,734 - core.pca_initialization - INFO -   Total parameters initialized: 10
2025-10-21 20:06:18,734 - core.pca_initialization - INFO -   Parameter names: ['tauZ', 'Z_raw', 'W_raw', 'tauW1', 'tauW2', 'lmbZ', 'lmbW', 'cZ_tilde', 'cW_tilde', 'sigma']
2025-10-21 20:06:18,734 - core.pca_initialization - INFO -     tauZ: shape=(1, 30), dtype=float32
2025-10-21 20:06:18,734 - core.pca_initialization - INFO -     Z_raw: shape=(86, 30), dtype=float32
2025-10-21 20:06:18,734 - core.pca_initialization - INFO -     W_raw: shape=(1808, 30), dtype=float32
2025-10-21 20:06:18,734 - core.pca_initialization - INFO -     tauW1: shape=(), dtype=float32
2025-10-21 20:06:18,734 - core.pca_initialization - INFO -     tauW2: shape=(), dtype=float32
2025-10-21 20:06:18,734 - core.pca_initialization - INFO -     lmbZ: shape=(86, 30), dtype=float32
2025-10-21 20:06:18,734 - core.pca_initialization - INFO -     lmbW: shape=(1808, 30), dtype=float32
2025-10-21 20:06:18,734 - core.pca_initialization - INFO -     cZ_tilde: shape=(1, 30), dtype=float32
2025-10-21 20:06:18,734 - core.pca_initialization - INFO -     cW_tilde: shape=(2, 30), dtype=float32
2025-10-21 20:06:18,735 - core.pca_initialization - INFO -     sigma: shape=(1, 2), dtype=float32
2025-10-21 20:06:18,735 - experiments.robustness_testing - INFO -    Using PCA initialization for MCMC (model_type=sparse_gfa_fixed)
2025-10-21 20:06:18,735 - experiments.robustness_testing - INFO - ================================================================================
2025-10-21 20:06:18,735 - experiments.robustness_testing - INFO - STARTING MCMC SAMPLING
2025-10-21 20:06:18,735 - experiments.robustness_testing - INFO - ================================================================================
2025-10-21 20:06:18,735 - experiments.robustness_testing - INFO - This will run 50 warmup + 100 sampling iterations
2025-10-21 20:06:18,933 - models.sparse_gfa_fixed - INFO - 🔵 SparseGFAFixedModel.__call__ starting
2025-10-21 20:06:18,943 - models.sparse_gfa_fixed - INFO -   Model dimensions: N=86, M=2, D=1808, K=30, percW=33.0
2025-10-21 20:06:18,943 - models.sparse_gfa_fixed - INFO -   View dimensions: [1794, 14]
2025-10-21 20:06:18,943 - models.sparse_gfa_fixed - INFO -   X_list shapes: [(86, 1794), (86, 14)]
2025-10-21 20:06:18,943 - models.sparse_gfa_fixed - INFO -   Sampling sigma (noise parameters)...
2025-10-21 20:06:19,098 - models.sparse_gfa_fixed - INFO -   ✓ sigma sampled, shape: (1, 2)
2025-10-21 20:06:19,098 - models.sparse_gfa_fixed - INFO -   Sampling latent factors Z...
2025-10-21 20:06:19,098 - models.sparse_gfa_fixed - INFO -     🟢 _sample_latent_factors starting
2025-10-21 20:06:19,098 - models.sparse_gfa_fixed - INFO -       Sampling Z_raw ~ Normal(0,1)...
2025-10-21 20:06:19,372 - models.sparse_gfa_fixed - INFO -       ✓ Z_raw shape: (86, 30)
2025-10-21 20:06:19,373 - models.sparse_gfa_fixed - INFO -       Calculated τ₀_Z scale = 0.057767558842897415 (from D₀=30, N=86)
2025-10-21 20:06:19,373 - models.sparse_gfa_fixed - INFO -       Sampling tauZ ~ HalfStudentT(df=2, scale=0.057767558842897415)...
2025-10-21 20:06:19,607 - models.sparse_gfa_fixed - INFO -       ✓ tauZ sampled directly, shape: (1, 30)
2025-10-21 20:06:19,608 - models.sparse_gfa_fixed - INFO -       Sampling lmbZ ~ HalfCauchy(1.0)...
2025-10-21 20:06:19,622 - models.sparse_gfa_fixed - INFO -       ✓ lmbZ shape: (86, 30)
2025-10-21 20:06:19,622 - models.sparse_gfa_fixed - INFO -       Applying regularized horseshoe (reghsZ=True)...
2025-10-21 20:06:19,622 - models.sparse_gfa_fixed - INFO -       Sampling cZ_tilde ~ InverseGamma(2.0, 2.0)...
2025-10-21 20:06:19,636 - models.sparse_gfa_fixed - INFO -       ✓ cZ computed (slab_scale=2), shape: (1, 30)
2025-10-21 20:06:19,636 - models.sparse_gfa_fixed - INFO -       Applying slab regularization formula: λ̃² = (c²λ²)/(c² + τ²λ²)...
2025-10-21 20:06:19,903 - models.sparse_gfa_fixed - INFO -       ✓ Applied regularization for 30 factors
2025-10-21 20:06:19,903 - models.sparse_gfa_fixed - INFO -     ✓ _sample_latent_factors complete, Z shape: (86, 30)
2025-10-21 20:06:19,903 - models.sparse_gfa_fixed - INFO -   ✓ Z sampled, shape: (86, 30)
2025-10-21 20:06:19,903 - models.sparse_gfa_fixed - INFO -   Sampling loadings W...
2025-10-21 20:06:19,903 - models.sparse_gfa_fixed - INFO -     🟢 _sample_loadings starting
2025-10-21 20:06:19,903 - models.sparse_gfa_fixed - INFO -       Sampling W_raw ~ Normal(0,1)...
2025-10-21 20:06:20,100 - models.sparse_gfa_fixed - INFO -       ✓ W_raw shape: (1808, 30)
2025-10-21 20:06:20,100 - models.sparse_gfa_fixed - INFO -       Sampling lmbW ~ HalfCauchy(1.0)...
2025-10-21 20:06:20,116 - models.sparse_gfa_fixed - INFO -       ✓ lmbW shape: (1808, 30)
2025-10-21 20:06:20,117 - models.sparse_gfa_fixed - INFO -       Sampling cW_tilde ~ InverseGamma(2.0, 2.0)...
2025-10-21 20:06:20,310 - models.sparse_gfa_fixed - INFO -       ✓ cW computed (slab_scale=2), shape: (2, 30)
2025-10-21 20:06:20,311 - models.sparse_gfa_fixed - INFO -       Expected sparsity per view (pW_static): [592, 4]
2025-10-21 20:06:20,311 - models.sparse_gfa_fixed - INFO -       Processing 2 views...
2025-10-21 20:06:20,311 - models.sparse_gfa_fixed - INFO -         View 1: Dm=1794, pW=592, percW=33.0%
2025-10-21 20:06:20,312 - models.sparse_gfa_fixed - INFO -         Calculated τ₀_W_view1 scale = 0.05310899019241333
2025-10-21 20:06:20,312 - models.sparse_gfa_fixed - INFO -         Sampling tauW1 ~ HalfStudentT(df=2, scale=0.05310899019241333)...
2025-10-21 20:06:20,481 - models.sparse_gfa_fixed - INFO -         ✓ tauW1 sampled directly
2025-10-21 20:06:20,685 - models.sparse_gfa_fixed - INFO -         View 2: Dm=14, pW=4, percW=33.0%
2025-10-21 20:06:20,685 - models.sparse_gfa_fixed - INFO -         Calculated τ₀_W_view2 scale = 0.04313311353325844
2025-10-21 20:06:20,686 - models.sparse_gfa_fixed - INFO -         Sampling tauW2 ~ HalfStudentT(df=2, scale=0.04313311353325844)...
2025-10-21 20:06:20,687 - models.sparse_gfa_fixed - INFO -         ✓ tauW2 sampled directly
2025-10-21 20:06:20,813 - models.sparse_gfa_fixed - INFO -   ✓ W sampled, shape: (1808, 30)
2025-10-21 20:06:21,047 - models.sparse_gfa_fixed - INFO - 🔵 SparseGFAFixedModel.__call__ starting
2025-10-21 20:06:21,047 - models.sparse_gfa_fixed - INFO -   Model dimensions: N=86, M=2, D=1808, K=30, percW=33.0
2025-10-21 20:06:21,047 - models.sparse_gfa_fixed - INFO -   View dimensions: [1794, 14]
2025-10-21 20:06:21,047 - models.sparse_gfa_fixed - INFO -   X_list shapes: [(86, 1794), (86, 14)]
2025-10-21 20:06:21,047 - models.sparse_gfa_fixed - INFO -   Sampling sigma (noise parameters)...
2025-10-21 20:06:21,092 - models.sparse_gfa_fixed - INFO -   ✓ sigma sampled, shape: (1, 2)
2025-10-21 20:06:21,092 - models.sparse_gfa_fixed - INFO -   Sampling latent factors Z...
2025-10-21 20:06:21,092 - models.sparse_gfa_fixed - INFO -     🟢 _sample_latent_factors starting
2025-10-21 20:06:21,092 - models.sparse_gfa_fixed - INFO -       Sampling Z_raw ~ Normal(0,1)...
2025-10-21 20:06:21,092 - models.sparse_gfa_fixed - INFO -       ✓ Z_raw shape: (86, 30)
2025-10-21 20:06:21,093 - models.sparse_gfa_fixed - INFO -       Calculated τ₀_Z scale = 0.057767558842897415 (from D₀=30, N=86)
2025-10-21 20:06:21,093 - models.sparse_gfa_fixed - INFO -       Sampling tauZ ~ HalfStudentT(df=2, scale=0.057767558842897415)...
2025-10-21 20:06:21,247 - models.sparse_gfa_fixed - INFO -       ✓ tauZ sampled directly, shape: (1, 30)
2025-10-21 20:06:21,247 - models.sparse_gfa_fixed - INFO -       Sampling lmbZ ~ HalfCauchy(1.0)...
2025-10-21 20:06:21,292 - models.sparse_gfa_fixed - INFO -       ✓ lmbZ shape: (86, 30)
2025-10-21 20:06:21,293 - models.sparse_gfa_fixed - INFO -       Applying regularized horseshoe (reghsZ=True)...
2025-10-21 20:06:21,293 - models.sparse_gfa_fixed - INFO -       Sampling cZ_tilde ~ InverseGamma(2.0, 2.0)...
2025-10-21 20:06:21,310 - models.sparse_gfa_fixed - INFO -       ✓ cZ computed (slab_scale=2), shape: (1, 30)
2025-10-21 20:06:21,310 - models.sparse_gfa_fixed - INFO -       Applying slab regularization formula: λ̃² = (c²λ²)/(c² + τ²λ²)...
2025-10-21 20:06:21,815 - models.sparse_gfa_fixed - INFO -       ✓ Applied regularization for 30 factors
2025-10-21 20:06:21,815 - models.sparse_gfa_fixed - INFO -     ✓ _sample_latent_factors complete, Z shape: (86, 30)
2025-10-21 20:06:21,815 - models.sparse_gfa_fixed - INFO -   ✓ Z sampled, shape: (86, 30)
2025-10-21 20:06:21,815 - models.sparse_gfa_fixed - INFO -   Sampling loadings W...
2025-10-21 20:06:21,815 - models.sparse_gfa_fixed - INFO -     🟢 _sample_loadings starting
2025-10-21 20:06:21,815 - models.sparse_gfa_fixed - INFO -       Sampling W_raw ~ Normal(0,1)...
2025-10-21 20:06:21,816 - models.sparse_gfa_fixed - INFO -       ✓ W_raw shape: (1808, 30)
2025-10-21 20:06:21,816 - models.sparse_gfa_fixed - INFO -       Sampling lmbW ~ HalfCauchy(1.0)...
2025-10-21 20:06:21,872 - models.sparse_gfa_fixed - INFO -       ✓ lmbW shape: (1808, 30)
2025-10-21 20:06:21,872 - models.sparse_gfa_fixed - INFO -       Sampling cW_tilde ~ InverseGamma(2.0, 2.0)...
2025-10-21 20:06:21,946 - models.sparse_gfa_fixed - INFO -       ✓ cW computed (slab_scale=2), shape: (2, 30)
2025-10-21 20:06:21,946 - models.sparse_gfa_fixed - INFO -       Expected sparsity per view (pW_static): [592, 4]
2025-10-21 20:06:21,947 - models.sparse_gfa_fixed - INFO -       Processing 2 views...
2025-10-21 20:06:21,947 - models.sparse_gfa_fixed - INFO -         View 1: Dm=1794, pW=592, percW=33.0%
2025-10-21 20:06:21,948 - models.sparse_gfa_fixed - INFO -         Calculated τ₀_W_view1 scale = 0.05310899019241333
2025-10-21 20:06:21,948 - models.sparse_gfa_fixed - INFO -         Sampling tauW1 ~ HalfStudentT(df=2, scale=0.05310899019241333)...
2025-10-21 20:06:22,063 - models.sparse_gfa_fixed - INFO -         ✓ tauW1 sampled directly
2025-10-21 20:06:22,255 - models.sparse_gfa_fixed - INFO -         View 2: Dm=14, pW=4, percW=33.0%
2025-10-21 20:06:22,256 - models.sparse_gfa_fixed - INFO -         Calculated τ₀_W_view2 scale = 0.04313311353325844
2025-10-21 20:06:22,256 - models.sparse_gfa_fixed - INFO -         Sampling tauW2 ~ HalfStudentT(df=2, scale=0.04313311353325844)...
2025-10-21 20:06:22,262 - models.sparse_gfa_fixed - INFO -         ✓ tauW2 sampled directly
2025-10-21 20:06:22,405 - models.sparse_gfa_fixed - INFO -   ✓ W sampled, shape: (1808, 30)
2025-10-21 20:06:26,972 - optimization.profiler - INFO - Performance: seed_123: 8.546s, 2.51GB peak, 161.4% CPU
2025-10-21 20:06:26,972 - experiments.framework - INFO - 🧹 Performing comprehensive memory cleanup...
2025-10-21 20:06:27,103 - experiments.framework - INFO - Garbage collection freed 0 objects
2025-10-21 20:06:27,563 - experiments.framework - INFO - GPU memory cleanup attempted
2025-10-21 20:06:28,564 - experiments.framework - INFO - ✅ Comprehensive memory cleanup completed
