2025-10-23 10:21:02,192 - experiments.framework - INFO - ExperimentFramework initialized with output dir: /cs/student/msc/aibh/2024/madhavan/sgfa_qmap-pd/results/all_rois-sn_conf-age+sex+tiv_K5_percW33_MAD1000.0_run_20251023_102102
2025-10-23 10:21:02,194 - experiments.framework - INFO - Starting experiment: data_validation_20251023_102102
2025-10-23 10:21:02,194 - experiments.data_validation - INFO - Running comprehensive data validation...
2025-10-23 10:21:02,195 - experiments.data_validation - INFO - Auto-configured system: 44.9GB memory limit
2025-10-23 10:21:02,195 - experiments.data_validation - INFO - ExperimentFramework initialized with output dir: results
2025-10-23 10:21:02,195 - experiments.data_validation - INFO - Auto-configured system: 44.9GB memory limit
2025-10-23 10:21:02,195 - experiments.data_validation - INFO - Memory optimizer initialized with 44.9GB limit
2025-10-23 10:21:02,195 - experiments.data_validation - INFO - Data streaming components initialized
2025-10-23 10:21:02,195 - experiments.data_validation - INFO - MCMC memory optimizer initialized
2025-10-23 10:21:02,195 - experiments.data_validation - INFO - Running data quality assessment
2025-10-23 10:21:02,195 - experiments.data_validation - INFO - Loading qMAP-PD data for quality assessment...
2025-10-23 10:21:02,195 - experiments.data_validation - INFO -    ROI selection: ['volume_sn_voxels.tsv']
2025-10-23 10:21:02,195 - experiments.data_validation - INFO -    Confound regression: ['age', 'sex', 'tiv']
2025-10-23 10:21:02,195 - experiments.data_validation - INFO -    Feature selection: none
2025-10-23 10:21:02,199 - root - INFO - Loading selected ROIs: ['volume_sn_voxels.tsv']
2025-10-23 10:21:02,250 - root - INFO - Preprocessing module imported successfully
2025-10-23 10:21:02,251 - root - INFO - Regressing out confounds: ['age', 'sex', 'tiv']
2025-10-23 10:21:02,264 - root - INFO -   Regressed confounds from volume_sn_voxels: ['age', 'sex', 'tiv']
2025-10-23 10:21:02,264 - root - INFO -   Dropped 3 confound features from clinical: ['age', 'sex', 'tiv']
2025-10-23 10:21:02,265 - root - INFO -   Remaining clinical features: 14
2025-10-23 10:21:02,265 - experiments.data_validation - INFO -    PCA enabled in preprocessing_config: False
2025-10-23 10:21:02,272 - root - INFO - Loading selected ROIs: ['volume_sn_voxels.tsv']
2025-10-23 10:21:02,401 - root - INFO - Starting neuroimaging-aware preprocessing pipeline
2025-10-23 10:21:02,401 - root - INFO - MAD filtering disabled for volume_sn_voxels (threshold=1000.0)
2025-10-23 10:21:02,407 - root - INFO - Applying none feature selection to volume_sn_voxels
2025-10-23 10:21:02,407 - root - INFO - Applying robust scaling to volume_sn_voxels
2025-10-23 10:21:02,451 - root - INFO - Filtered position lookup for volume_sn_voxels: 1794 → 1794 positions (100.0% retained)
2025-10-23 10:21:02,454 - root - INFO - Saved filtered position lookup to /cs/student/msc/aibh/2024/madhavan/sgfa_qmap-pd/results/all_rois-sn_conf-age+sex+tiv_K5_percW33_MAD1000.0_run_20251023_102102/data_validation_tree10_20251023_102102/position_lookup_filtered/position_sn_voxels_filtered.tsv
2025-10-23 10:21:02,454 - root - INFO - Applying none feature selection to clinical
2025-10-23 10:21:02,454 - root - INFO - Applying robust scaling to clinical
2025-10-23 10:21:02,455 - root - INFO - Regressing out confounds: ['age', 'sex', 'tiv']
2025-10-23 10:21:02,464 - root - INFO -   Regressed confounds from volume_sn_voxels: ['age', 'sex', 'tiv']
2025-10-23 10:21:02,464 - root - INFO -   Dropped 3 confound features from clinical: ['age', 'sex', 'tiv']
2025-10-23 10:21:02,464 - root - INFO -   Remaining clinical features: 14
2025-10-23 10:21:02,464 - experiments.data_validation - INFO -    ✅ Filtered position lookups saved to: /cs/student/msc/aibh/2024/madhavan/sgfa_qmap-pd/results/all_rois-sn_conf-age+sex+tiv_K5_percW33_MAD1000.0_run_20251023_102102/data_validation_tree10_20251023_102102/position_lookup_filtered
2025-10-23 10:21:02,465 - experiments.data_validation - INFO -    Creating filtered position lookups with output_dir: /cs/student/msc/aibh/2024/madhavan/sgfa_qmap-pd/results/all_rois-sn_conf-age+sex+tiv_K5_percW33_MAD1000.0_run_20251023_102102/data_validation_tree10_20251023_102102
2025-10-23 10:21:02,465 - experiments.data_validation - INFO -   _create_filtered_position_lookups called:
2025-10-23 10:21:02,465 - experiments.data_validation - INFO -     view_names: ['volume_sn_voxels', 'clinical']
2025-10-23 10:21:02,465 - experiments.data_validation - INFO -     n_views raw: 2, preprocessed: 2
2025-10-23 10:21:02,465 - experiments.data_validation - INFO -   Creating filtered position lookup for volume_sn_voxels...
2025-10-23 10:21:02,465 - experiments.data_validation - INFO -   Original positions: 1794 rows
2025-10-23 10:21:02,465 - experiments.data_validation - INFO -   Raw data: 1794 voxels
2025-10-23 10:21:02,465 - experiments.data_validation - INFO -   Preprocessed data: 1794 voxels
2025-10-23 10:21:02,465 - experiments.data_validation - INFO -   No voxels dropped, position lookup unchanged
2025-10-23 10:21:02,469 - experiments.data_validation - INFO -   ✅ Saved filtered position lookup: /cs/student/msc/aibh/2024/madhavan/sgfa_qmap-pd/results/all_rois-sn_conf-age+sex+tiv_K5_percW33_MAD1000.0_run_20251023_102102/data_validation_tree10_20251023_102102/filtered_position_lookups/sn_filtered_position_lookup.csv
2025-10-23 10:21:02,469 - experiments.data_validation - INFO -      1794 → 1794 rows
2025-10-23 10:21:02,469 - experiments.data_validation - INFO -   Skipping clinical view
2025-10-23 10:21:02,469 - experiments.data_validation - INFO -    ✅ Filtered position lookups saved to: /cs/student/msc/aibh/2024/madhavan/sgfa_qmap-pd/results/all_rois-sn_conf-age+sex+tiv_K5_percW33_MAD1000.0_run_20251023_102102/data_validation_tree10_20251023_102102/filtered_position_lookups
2025-10-23 10:21:02,469 - experiments.data_validation - INFO -    Files created: ['/cs/student/msc/aibh/2024/madhavan/sgfa_qmap-pd/results/all_rois-sn_conf-age+sex+tiv_K5_percW33_MAD1000.0_run_20251023_102102/data_validation_tree10_20251023_102102/filtered_position_lookups/sn_filtered_position_lookup.csv']
2025-10-23 10:21:02,469 - experiments.data_validation - INFO - Data structure analysis completed. Raw: 1808 features, Processed: 1808 features
2025-10-23 10:21:02,469 - experiments.data_validation - INFO - 🔍 Assessing data quality metrics...
2025-10-23 10:21:02,469 - experiments.data_validation - INFO -    Analyzing quality metrics for volume_sn_voxels (86×1794)...
2025-10-23 10:21:02,471 - experiments.data_validation - INFO -    Analyzing quality metrics for clinical (86×14)...
2025-10-23 10:21:02,471 - experiments.data_validation - INFO -       Computing correlation matrix for clinical...
2025-10-23 10:21:02,471 - experiments.data_validation - INFO -    Analyzing quality metrics for volume_sn_voxels (86×1794)...
2025-10-23 10:21:02,472 - experiments.data_validation - INFO -    Analyzing quality metrics for clinical (86×14)...
2025-10-23 10:21:02,473 - experiments.data_validation - INFO -       Computing correlation matrix for clinical...
2025-10-23 10:21:02,477 - experiments.data_validation - INFO - ================================================================================
2025-10-23 10:21:02,477 - experiments.data_validation - INFO - 🔍 MAD THRESHOLD EXPLORATORY DATA ANALYSIS
2025-10-23 10:21:02,477 - experiments.data_validation - INFO - ================================================================================
2025-10-23 10:21:02,477 - experiments.data_validation - INFO - Analyzing optimal MAD threshold values for outlier detection...
2025-10-23 10:21:02,482 - experiments.data_validation - INFO - Analyzing 1 imaging views: ['volume_sn_voxels']
2025-10-23 10:21:02,482 - experiments.data_validation - INFO - 📊 Analyzing MAD distributions...
2025-10-23 10:21:02,482 - experiments.data_validation - INFO -    Processing volume_sn_voxels: (86, 1794)
2025-10-23 10:21:02,881 - experiments.data_validation - INFO -       Saved MAD distribution plot: mad_distribution_sn.png
2025-10-23 10:21:02,881 - experiments.data_validation - INFO -    ✅ MAD distributions analyzed for 1 views
2025-10-23 10:21:02,881 - experiments.data_validation - INFO - 📈 Performing elbow analysis...
2025-10-23 10:21:02,886 - experiments.data_validation - INFO -    volume_sn_voxels: Elbow at 2.26 (7.1% retention)
2025-10-23 10:21:03,050 - experiments.data_validation - INFO -    ✅ Elbow analysis completed, saved to elbow_analysis_all_views.png
2025-10-23 10:21:03,050 - experiments.data_validation - INFO - 🗺️  Analyzing spatial distribution of removed voxels...
2025-10-23 10:21:03,051 - experiments.data_validation - INFO -    Loaded position lookup for volume_sn_voxels: 1793 voxels
2025-10-23 10:21:03,051 - experiments.data_validation - WARNING -    Dimension mismatch for volume_sn_voxels: 1794 MAD values vs 1793 positions. Skipping spatial analysis.
2025-10-23 10:21:03,051 - experiments.data_validation - INFO -    ✅ Spatial analysis completed for 1 views
2025-10-23 10:21:03,051 - experiments.data_validation - INFO - 📊 Analyzing information preservation...
2025-10-23 10:21:03,051 - experiments.data_validation - INFO -    Processing volume_sn_voxels...
2025-10-23 10:21:03,298 - experiments.data_validation - INFO -       Saved information preservation plot: information_preservation_all_views.png
2025-10-23 10:21:03,298 - experiments.data_validation - INFO -    ✅ Information preservation analyzed for 1 views
2025-10-23 10:21:03,298 - experiments.data_validation - INFO - 👤 Analyzing subject-level data quality...
2025-10-23 10:21:03,298 - experiments.data_validation - INFO -    Processing volume_sn_voxels: (86, 1794)
2025-10-23 10:21:03,426 - experiments.data_validation - INFO -       Mean outlier %: 1.1%
2025-10-23 10:21:03,426 - experiments.data_validation - INFO -       Max outlier %: 17.5%
2025-10-23 10:21:03,610 - experiments.data_validation - INFO -       Saved subject outlier distribution plot: subject_outlier_distributions.png
2025-10-23 10:21:03,613 - experiments.data_validation - INFO -       Saved flagged subjects table: flagged_subjects.csv (2 subjects)
2025-10-23 10:21:03,614 - experiments.data_validation - INFO -       Saved flagged subjects report: flagged_subjects_report.txt
2025-10-23 10:21:03,737 - experiments.data_validation - INFO -       Saved subject outlier comparison plot: subject_outlier_comparison.png
2025-10-23 10:21:03,943 - experiments.data_validation - INFO -       Saved subject outlier scatter plot: subject_outlier_scatter.png
2025-10-23 10:21:04,269 - experiments.data_validation - INFO -       Saved top subjects bar chart: subject_outlier_top20.png
2025-10-23 10:21:04,269 - experiments.data_validation - INFO -    ✅ Subject-level analysis completed: 2 subjects flagged
2025-10-23 10:21:04,269 - experiments.data_validation - INFO - 📋 Generating threshold comparison summary...
2025-10-23 10:21:04,271 - experiments.data_validation - INFO -    Saved summary table: mad_threshold_summary_table.csv
2025-10-23 10:21:04,272 - experiments.data_validation - INFO -    📝 Saved recommendations: mad_threshold_recommendations.txt
2025-10-23 10:21:04,272 - experiments.data_validation - INFO - ================================================================================
2025-10-23 10:21:04,272 - experiments.data_validation - INFO - ✅ MAD threshold EDA completed successfully
2025-10-23 10:21:04,272 - experiments.data_validation - INFO - ================================================================================
2025-10-23 10:21:04,272 - experiments.data_validation - INFO - 📊 Generating data validation plots...
2025-10-23 10:21:04,272 - experiments.data_validation - INFO -    Creating distribution histograms for 1 clinical view(s), skipping 1 imaging views
2025-10-23 10:21:04,320 - experiments.data_validation - INFO -    ✅ Distribution histograms created (stored as data_distribution_comparison)
2025-10-23 10:21:04,323 - experiments.data_validation - INFO - 📊 Basic data validation plots completed: 1 plots generated
2025-10-23 10:21:04,323 - experiments.data_validation - INFO - 🎨 Creating comprehensive data validation visualizations for data_quality_assessment
2025-10-23 10:21:04,325 - visualization.preprocessing_plots - INFO - Creating preprocessing plots
2025-10-23 10:21:04,517 - visualization.preprocessing_plots - INFO - Saved: results/plots/preprocessing/feature_reduction.png
2025-10-23 10:21:04,748 - visualization.preprocessing_plots - INFO - Saved: results/plots/preprocessing/variance_distribution.png
2025-10-23 10:21:04,749 - visualization.covariance_plots - INFO - ================================================================================
2025-10-23 10:21:04,749 - visualization.covariance_plots - INFO - COVARIANCE STRUCTURE ANALYSIS
2025-10-23 10:21:04,749 - visualization.covariance_plots - INFO - ================================================================================
2025-10-23 10:21:04,780 - visualization.covariance_plots - INFO - Intra-modality covariance for volume_sn_voxels: 1794x1794
2025-10-23 10:21:04,780 - visualization.covariance_plots - INFO - Intra-modality covariance for clinical: 14x14
2025-10-23 10:21:04,797 - visualization.covariance_plots - INFO - Inter-modality covariance for volume_sn_voxels_vs_clinical: 1794x14
2025-10-23 10:21:04,852 - visualization.covariance_plots - INFO - 
Data structure:
2025-10-23 10:21:04,852 - visualization.covariance_plots - INFO -   Number of views: 2
2025-10-23 10:21:04,852 - visualization.covariance_plots - INFO -   Number of samples: 86
2025-10-23 10:21:04,852 - visualization.covariance_plots - INFO -   volume_sn_voxels: 1794 features
2025-10-23 10:21:04,852 - visualization.covariance_plots - INFO -   clinical: 14 features
2025-10-23 10:21:04,852 - visualization.covariance_plots - INFO - 
Intra-modality correlation statistics:
2025-10-23 10:21:04,852 - visualization.covariance_plots - INFO -   volume_sn_voxels:
2025-10-23 10:21:04,852 - visualization.covariance_plots - INFO -     Mean correlation: 0.388
2025-10-23 10:21:04,852 - visualization.covariance_plots - INFO -     Std correlation: 0.219
2025-10-23 10:21:04,852 - visualization.covariance_plots - INFO -     Max |correlation|: 0.994
2025-10-23 10:21:04,852 - visualization.covariance_plots - INFO -   clinical:
2025-10-23 10:21:04,852 - visualization.covariance_plots - INFO -     Mean correlation: 0.073
2025-10-23 10:21:04,852 - visualization.covariance_plots - INFO -     Std correlation: 0.350
2025-10-23 10:21:04,852 - visualization.covariance_plots - INFO -     Max |correlation|: 0.911
2025-10-23 10:21:04,852 - visualization.covariance_plots - INFO - 
Inter-modality correlation statistics:
2025-10-23 10:21:04,852 - visualization.covariance_plots - INFO -   volume_sn_voxels_vs_clinical:
2025-10-23 10:21:04,852 - visualization.covariance_plots - INFO -     Mean correlation: 0.031
2025-10-23 10:21:04,852 - visualization.covariance_plots - INFO -     Std correlation: 0.121
2025-10-23 10:21:04,852 - visualization.covariance_plots - INFO -     Max |correlation|: 0.371
2025-10-23 10:21:04,852 - visualization.covariance_plots - INFO - 
Generating covariance plots...
2025-10-23 10:21:04,852 - visualization.covariance_plots - INFO - Subsampling covariance matrix from 1808 to 500 features
2025-10-23 10:21:05,411 - visualization.covariance_plots - INFO - Saved block covariance matrix plot to results/plots/block_covariance_matrix.png
2025-10-23 10:21:08,046 - visualization.covariance_plots - INFO - Saved inter/intra comparison plot to results/plots/inter_vs_intra_correlation.png
2025-10-23 10:21:08,047 - visualization.covariance_plots - INFO - Plots saved to results/plots
2025-10-23 10:21:08,047 - visualization.covariance_plots - INFO - ================================================================================
2025-10-23 10:21:08,048 - experiments.data_validation - INFO -    Found 4 plot files to convert
2025-10-23 10:21:08,441 - experiments.data_validation - INFO -    ✅ Created 4 comprehensive data validation visualizations
2025-10-23 10:21:08,441 - experiments.data_validation - INFO - 🎨 Comprehensive data validation plots completed: 4 advanced plots generated
2025-10-23 10:21:08,441 - experiments.data_validation - INFO - 📊 Total plots ready for saving: 5
2025-10-23 10:21:08,441 - experiments.data_validation - INFO - 📁 Using experiment output dir: /cs/student/msc/aibh/2024/madhavan/sgfa_qmap-pd/results/all_rois-sn_conf-age+sex+tiv_K5_percW33_MAD1000.0_run_20251023_102102/data_validation_tree10_20251023_102102
2025-10-23 10:21:12,044 - core.io_utils - INFO - Saved 5 plots individually to /cs/student/msc/aibh/2024/madhavan/sgfa_qmap-pd/results/all_rois-sn_conf-age+sex+tiv_K5_percW33_MAD1000.0_run_20251023_102102/data_validation_tree10_20251023_102102/individual_plots (0 skipped)
2025-10-23 10:21:12,044 - core.io_utils - INFO -   Formats: png, pdf
2025-10-23 10:21:12,044 - experiments.data_validation - INFO - ✅ Saved 5 individual plots to /cs/student/msc/aibh/2024/madhavan/sgfa_qmap-pd/results/all_rois-sn_conf-age+sex+tiv_K5_percW33_MAD1000.0_run_20251023_102102/data_validation_tree10_20251023_102102/individual_plots
2025-10-23 10:21:12,044 - experiments.data_validation - INFO - ✅ Data validation with EDA completed!
2025-10-23 10:21:12,044 - experiments.data_validation - INFO -    Plots generated: 5
2025-10-23 10:21:12,044 - experiments.framework - INFO - 🏁 EXPERIMENT COMPLETED: data_validation_20251023_102102
2025-10-23 10:21:12,044 - experiments.framework - INFO - ⏱️  TOTAL RUNTIME: 9.9 seconds
2025-10-23 10:21:12,044 - experiments.framework - INFO - 🕐 Started: 2025-10-23 10:21:02
2025-10-23 10:21:12,044 - experiments.framework - INFO - 🕑 Finished: 2025-10-23 10:21:12
2025-10-23 10:21:12,044 - experiments.framework - INFO - Experiment completed successfully: data_validation_20251023_102102
2025-10-23 10:21:12,044 - experiments.framework - INFO - 🧹 Performing comprehensive memory cleanup...
2025-10-23 10:21:12,111 - experiments.framework - INFO - Garbage collection freed 0 objects
2025-10-23 10:21:12,299 - experiments.framework - INFO - GPU memory cleanup attempted
2025-10-23 10:21:13,301 - experiments.framework - INFO - ✅ Comprehensive memory cleanup completed
2025-10-23 10:21:17,682 - experiments.framework - INFO - ExperimentFramework initialized with output dir: /cs/student/msc/aibh/2024/madhavan/sgfa_qmap-pd/results/all_rois-sn_conf-age+sex+tiv_K5_percW33_MAD1000.0_run_20251023_102102
2025-10-23 10:21:17,682 - experiments.robustness_testing - INFO -    Using command-line K override: 5 (default is 10)
2025-10-23 10:21:17,682 - experiments.robustness_testing - INFO -    Using global model hyperparameters: K=5, percW=33.0, slab_df=4, slab_scale=2
2025-10-23 10:21:17,682 - experiments.robustness_testing - INFO -    QC outlier threshold (MAD): 1000.0
2025-10-23 10:21:17,682 - experiments.robustness_testing - INFO -    Using model type: sparse_gfa_fixed
2025-10-23 10:21:17,683 - experiments.robustness_testing - INFO - Auto-configured system: 44.1GB memory limit
2025-10-23 10:21:17,684 - experiments.robustness_testing - INFO - ExperimentFramework initialized with output dir: results
2025-10-23 10:21:17,684 - experiments.robustness_testing - INFO - Auto-configured system: 44.1GB memory limit
2025-10-23 10:21:17,684 - experiments.robustness_testing - INFO - Memory optimizer initialized with 44.1GB limit
2025-10-23 10:21:17,684 - experiments.robustness_testing - INFO - Data streaming components initialized
2025-10-23 10:21:17,684 - experiments.robustness_testing - INFO - MCMC memory optimizer initialized
2025-10-23 10:21:17,687 - experiments.framework - INFO - Starting experiment: robustness_tests_20251023_102117
2025-10-23 10:21:17,687 - experiments.robustness_testing - INFO - 🔄 Running comprehensive robustness tests...
2025-10-23 10:21:17,687 - experiments.robustness_testing - INFO - 📁 Set robustness_testing base_output_dir to: /cs/student/msc/aibh/2024/madhavan/sgfa_qmap-pd/results/all_rois-sn_conf-age+sex+tiv_K5_percW33_MAD1000.0_run_20251023_102102/robustness_tests_fixed_K5_percW33_slab4_2_MAD1000.0_tree10_20251023_102117
2025-10-23 10:21:17,687 - experiments.robustness_testing - INFO - 📊 Testing seed robustness...
2025-10-23 10:21:17,742 - experiments.robustness_testing - INFO - ================================================================================
2025-10-23 10:21:17,742 - experiments.robustness_testing - INFO - _RUN_SGFA_ANALYSIS - STARTING
2025-10-23 10:21:17,742 - experiments.robustness_testing - INFO - ================================================================================
2025-10-23 10:21:17,742 - experiments.robustness_testing - INFO - Running SGFA: K=5, n_subjects=86, n_features=1808
2025-10-23 10:21:17,747 - models.models_integration - INFO -    Total features: 1,808
2025-10-23 10:21:17,747 - models.models_integration - INFO -    Views: 2
2025-10-23 10:21:17,747 - models.models_integration - INFO -    Subjects: 86
2025-10-23 10:21:17,747 - models.models_integration - INFO -    Has imaging data: True
2025-10-23 10:21:17,747 - models.models_integration - INFO - ✅ Selected model type: sparse_gfa_fixed
2025-10-23 10:21:17,747 - models.models_integration - INFO - 🏗️ Creating model instance: sparse_gfa_fixed
2025-10-23 10:21:17,747 - models.models_integration - INFO -    Factory method: True
2025-10-23 10:21:17,747 - models.models_integration - INFO -  Model type: sparse_gfa_fixed
2025-10-23 10:21:17,747 - models.models_integration - INFO -  Model factory: True
2025-10-23 10:21:17,747 - models.models_integration - INFO -  Structured management: True
2025-10-23 10:21:17,747 - experiments.robustness_testing - INFO - MCMC configuration: warmup=50, samples=100, chains=1
2025-10-23 10:21:17,815 - experiments.robustness_testing - INFO - NUTS kernel parameters: target_accept_prob=0.8, max_tree_depth=10, dense_mass=False
2025-10-23 10:21:17,815 - experiments.robustness_testing - INFO - Creating MCMC sampler with chain_method=sequential...
2025-10-23 10:21:17,815 - experiments.robustness_testing - INFO - Creating NUTS kernel for standard MCMC execution...
2025-10-23 10:21:41,697 - optimization.profiler - INFO - Performance: seed_42: 23.916s, 2.43GB peak, 98.7% CPU
2025-10-23 10:21:41,697 - experiments.robustness_testing - INFO - ✅ Seed 42: 23.9s, LL=-198146.88
2025-10-23 10:21:41,836 - experiments.robustness_testing - INFO - Creating NUTS kernel for standard MCMC execution...
2025-10-23 10:22:26,208 - optimization.profiler - INFO - Performance: seed_123: 44.353s, 2.44GB peak, 102.0% CPU
2025-10-23 10:22:26,209 - experiments.robustness_testing - INFO - ✅ Seed 123: 44.4s, LL=-203243.52
2025-10-23 10:22:26,353 - experiments.robustness_testing - INFO - Creating NUTS kernel for standard MCMC execution...
2025-10-23 10:22:57,034 - optimization.profiler - INFO - Performance: seed_456: 30.621s, 2.44GB peak, 102.9% CPU
2025-10-23 10:22:57,034 - experiments.robustness_testing - INFO - ✅ Seed 456: 30.6s, LL=-203454.44
2025-10-23 10:22:57,104 - experiments.robustness_testing - INFO - 📊 Testing data perturbation robustness...
2025-10-23 10:22:57,160 - experiments.robustness_testing - INFO - ================================================================================
2025-10-23 10:22:57,160 - experiments.robustness_testing - INFO - _RUN_SGFA_ANALYSIS - STARTING
2025-10-23 10:22:57,160 - experiments.robustness_testing - INFO - ================================================================================
2025-10-23 10:22:57,160 - experiments.robustness_testing - INFO - Running SGFA: K=5, n_subjects=86, n_features=1808
2025-10-23 10:22:57,160 - models.models_integration - INFO -    Total features: 1,808
2025-10-23 10:22:57,160 - models.models_integration - INFO -    Views: 2
2025-10-23 10:22:57,160 - models.models_integration - INFO -    Subjects: 86
2025-10-23 10:22:57,160 - models.models_integration - INFO -    Has imaging data: True
2025-10-23 10:22:57,160 - models.models_integration - INFO - ✅ Selected model type: sparse_gfa_fixed
2025-10-23 10:22:57,160 - models.models_integration - INFO - 🏗️ Creating model instance: sparse_gfa_fixed
2025-10-23 10:22:57,161 - models.models_integration - INFO -    Factory method: True
2025-10-23 10:22:57,161 - models.models_integration - INFO -  Model type: sparse_gfa_fixed
2025-10-23 10:22:57,161 - models.models_integration - INFO -  Model factory: True
2025-10-23 10:22:57,161 - models.models_integration - INFO -  Structured management: True
2025-10-23 10:22:57,161 - experiments.robustness_testing - INFO - MCMC configuration: warmup=50, samples=100, chains=1
2025-10-23 10:22:57,177 - experiments.robustness_testing - INFO - NUTS kernel parameters: target_accept_prob=0.8, max_tree_depth=10, dense_mass=False
2025-10-23 10:22:57,177 - experiments.robustness_testing - INFO - Creating MCMC sampler with chain_method=sequential...
2025-10-23 10:22:57,177 - experiments.robustness_testing - INFO - Creating NUTS kernel for standard MCMC execution...
2025-10-23 10:23:19,587 - optimization.profiler - INFO - Performance: noise_0.01: 22.379s, 2.44GB peak, 104.0% CPU
2025-10-23 10:23:19,587 - experiments.robustness_testing - INFO - ✅ Noise 0.01: 22.4s, LL=-202334.52
2025-10-23 10:23:19,671 - experiments.robustness_testing - INFO - Creating NUTS kernel for standard MCMC execution...
2025-10-23 10:23:41,334 - optimization.profiler - INFO - Performance: noise_0.05: 21.600s, 2.45GB peak, 104.2% CPU
2025-10-23 10:23:41,335 - experiments.robustness_testing - INFO - ✅ Noise 0.05: 21.6s, LL=-186840.52
2025-10-23 10:23:41,420 - experiments.robustness_testing - INFO - Creating NUTS kernel for standard MCMC execution...
2025-10-23 10:24:48,307 - optimization.profiler - INFO - Performance: noise_0.1: 66.856s, 2.46GB peak, 101.3% CPU
2025-10-23 10:24:48,309 - experiments.robustness_testing - INFO - ✅ Noise 0.1: 66.9s, LL=-176001.72
2025-10-23 10:24:48,309 - experiments.robustness_testing - INFO - 📊 Testing initialization robustness...
2025-10-23 10:24:48,374 - experiments.robustness_testing - INFO - ================================================================================
2025-10-23 10:24:48,374 - experiments.robustness_testing - INFO - _RUN_SGFA_ANALYSIS - STARTING
2025-10-23 10:24:48,374 - experiments.robustness_testing - INFO - ================================================================================
2025-10-23 10:24:48,374 - experiments.robustness_testing - INFO - Running SGFA: K=5, n_subjects=86, n_features=1808
2025-10-23 10:24:48,374 - models.models_integration - INFO -    Total features: 1,808
2025-10-23 10:24:48,374 - models.models_integration - INFO -    Views: 2
2025-10-23 10:24:48,374 - models.models_integration - INFO -    Subjects: 86
2025-10-23 10:24:48,374 - models.models_integration - INFO -    Has imaging data: True
2025-10-23 10:24:48,374 - models.models_integration - INFO - ✅ Selected model type: sparse_gfa_fixed
2025-10-23 10:24:48,374 - models.models_integration - INFO - 🏗️ Creating model instance: sparse_gfa_fixed
2025-10-23 10:24:48,374 - models.models_integration - INFO -    Factory method: True
2025-10-23 10:24:48,374 - models.models_integration - INFO -  Model type: sparse_gfa_fixed
2025-10-23 10:24:48,374 - models.models_integration - INFO -  Model factory: True
2025-10-23 10:24:48,374 - models.models_integration - INFO -  Structured management: True
2025-10-23 10:24:48,374 - experiments.robustness_testing - INFO - MCMC configuration: warmup=50, samples=100, chains=1
2025-10-23 10:24:48,390 - experiments.robustness_testing - INFO - NUTS kernel parameters: target_accept_prob=0.8, max_tree_depth=10, dense_mass=False
2025-10-23 10:24:48,390 - experiments.robustness_testing - INFO - Creating MCMC sampler with chain_method=sequential...
2025-10-23 10:24:48,390 - experiments.robustness_testing - INFO - Creating NUTS kernel for standard MCMC execution...
2025-10-23 10:25:12,334 - optimization.profiler - INFO - Performance: init_0: 23.910s, 2.46GB peak, 103.8% CPU
2025-10-23 10:25:12,334 - experiments.robustness_testing - INFO - ✅ Init 0: 23.9s, LL=-203068.23
2025-10-23 10:25:12,416 - experiments.robustness_testing - INFO - Creating NUTS kernel for standard MCMC execution...
2025-10-23 10:25:32,633 - optimization.profiler - INFO - Performance: init_1: 20.185s, 2.46GB peak, 104.5% CPU
2025-10-23 10:25:32,633 - experiments.robustness_testing - INFO - ✅ Init 1: 20.2s, LL=-203592.23
2025-10-23 10:25:32,714 - experiments.robustness_testing - INFO - Creating NUTS kernel for standard MCMC execution...
2025-10-23 10:25:57,457 - optimization.profiler - INFO - Performance: init_2: 24.713s, 2.46GB peak, 103.6% CPU
2025-10-23 10:25:57,457 - experiments.robustness_testing - INFO - ✅ Init 2: 24.7s, LL=-202749.23
2025-10-23 10:25:57,457 - experiments.robustness_testing - INFO - 🔄 Robustness tests completed!
2025-10-23 10:25:57,457 - experiments.robustness_testing - INFO -    Successful tests: 9/9
2025-10-23 10:25:57,495 - experiments.robustness_testing - INFO - 📁 Using experiment output dir: /cs/student/msc/aibh/2024/madhavan/sgfa_qmap-pd/results/all_rois-sn_conf-age+sex+tiv_K5_percW33_MAD1000.0_run_20251023_102102/robustness_tests_fixed_K5_percW33_slab4_2_MAD1000.0_tree10_20251023_102117
2025-10-23 10:25:57,811 - core.io_utils - INFO - Saved 1 plots individually to /cs/student/msc/aibh/2024/madhavan/sgfa_qmap-pd/results/all_rois-sn_conf-age+sex+tiv_K5_percW33_MAD1000.0_run_20251023_102102/robustness_tests_fixed_K5_percW33_slab4_2_MAD1000.0_tree10_20251023_102117/individual_plots (0 skipped)
2025-10-23 10:25:57,811 - core.io_utils - INFO -   Formats: png, pdf
2025-10-23 10:25:57,811 - experiments.robustness_testing - INFO - ✅ Saved 1 individual plots to /cs/student/msc/aibh/2024/madhavan/sgfa_qmap-pd/results/all_rois-sn_conf-age+sex+tiv_K5_percW33_MAD1000.0_run_20251023_102102/robustness_tests_fixed_K5_percW33_slab4_2_MAD1000.0_tree10_20251023_102117/individual_plots
2025-10-23 10:25:57,811 - experiments.framework - INFO - 🏁 EXPERIMENT COMPLETED: robustness_tests_20251023_102117
2025-10-23 10:25:57,811 - experiments.framework - INFO - ⏱️  TOTAL RUNTIME: 4.7 minutes (280s)
2025-10-23 10:25:57,811 - experiments.framework - INFO - 🕐 Started: 2025-10-23 10:21:17
2025-10-23 10:25:57,811 - experiments.framework - INFO - 🕑 Finished: 2025-10-23 10:25:57
2025-10-23 10:25:57,811 - experiments.framework - INFO - Experiment completed successfully: robustness_tests_20251023_102117
2025-10-23 10:25:57,811 - experiments.framework - INFO - 🧹 Performing comprehensive memory cleanup...
2025-10-23 10:25:57,882 - experiments.framework - INFO - Garbage collection freed 90 objects
2025-10-23 10:25:58,088 - experiments.framework - INFO - GPU memory cleanup attempted
2025-10-23 10:25:59,089 - experiments.framework - INFO - ✅ Comprehensive memory cleanup completed
