2025-10-23 02:29:29,415 - experiments.framework - INFO - ExperimentFramework initialized with output dir: /cs/student/msc/aibh/2024/madhavan/sgfa_qmap-pd/results/all_rois-sn_conf-age+sex+tiv_K5_percW33_MAD1000.0_run_20251023_022929
2025-10-23 02:29:29,418 - experiments.framework - INFO - Starting experiment: data_validation_20251023_022929
2025-10-23 02:29:29,418 - experiments.data_validation - INFO - Running comprehensive data validation...
2025-10-23 02:29:29,419 - experiments.data_validation - INFO - Auto-configured system: 44.9GB memory limit
2025-10-23 02:29:29,419 - experiments.data_validation - INFO - ExperimentFramework initialized with output dir: results
2025-10-23 02:29:29,419 - experiments.data_validation - INFO - Auto-configured system: 44.9GB memory limit
2025-10-23 02:29:29,419 - experiments.data_validation - INFO - Memory optimizer initialized with 44.9GB limit
2025-10-23 02:29:29,419 - experiments.data_validation - INFO - Data streaming components initialized
2025-10-23 02:29:29,419 - experiments.data_validation - INFO - MCMC memory optimizer initialized
2025-10-23 02:29:29,419 - experiments.data_validation - INFO - Running data quality assessment
2025-10-23 02:29:29,419 - experiments.data_validation - INFO - Loading qMAP-PD data for quality assessment...
2025-10-23 02:29:29,419 - experiments.data_validation - INFO -    ROI selection: ['volume_sn_voxels.tsv']
2025-10-23 02:29:29,419 - experiments.data_validation - INFO -    Confound regression: ['age', 'sex', 'tiv']
2025-10-23 02:29:29,419 - experiments.data_validation - INFO -    Feature selection: none
2025-10-23 02:29:29,422 - root - INFO - Loading selected ROIs: ['volume_sn_voxels.tsv']
2025-10-23 02:29:29,474 - root - INFO - Preprocessing module imported successfully
2025-10-23 02:29:29,474 - root - INFO - Regressing out confounds: ['age', 'sex', 'tiv']
2025-10-23 02:29:29,485 - root - INFO -   Regressed confounds from volume_sn_voxels: ['age', 'sex', 'tiv']
2025-10-23 02:29:29,485 - root - INFO -   Dropped 3 confound features from clinical: ['age', 'sex', 'tiv']
2025-10-23 02:29:29,486 - root - INFO -   Remaining clinical features: 14
2025-10-23 02:29:29,486 - experiments.data_validation - INFO -    PCA enabled in preprocessing_config: False
2025-10-23 02:29:29,491 - root - INFO - Loading selected ROIs: ['volume_sn_voxels.tsv']
2025-10-23 02:29:29,622 - root - INFO - Starting neuroimaging-aware preprocessing pipeline
2025-10-23 02:29:29,622 - root - INFO - MAD filtering disabled for volume_sn_voxels (threshold=1000.0)
2025-10-23 02:29:29,628 - root - INFO - Applying none feature selection to volume_sn_voxels
2025-10-23 02:29:29,628 - root - INFO - Applying robust scaling to volume_sn_voxels
2025-10-23 02:29:29,672 - root - INFO - Filtered position lookup for volume_sn_voxels: 1794 → 1794 positions (100.0% retained)
2025-10-23 02:29:29,675 - root - INFO - Saved filtered position lookup to /cs/student/msc/aibh/2024/madhavan/sgfa_qmap-pd/results/all_rois-sn_conf-age+sex+tiv_K5_percW33_MAD1000.0_run_20251023_022929/data_validation_tree10_20251023_022929/position_lookup_filtered/position_sn_voxels_filtered.tsv
2025-10-23 02:29:29,676 - root - INFO - Applying none feature selection to clinical
2025-10-23 02:29:29,676 - root - INFO - Applying robust scaling to clinical
2025-10-23 02:29:29,677 - root - INFO - Regressing out confounds: ['age', 'sex', 'tiv']
2025-10-23 02:29:29,686 - root - INFO -   Regressed confounds from volume_sn_voxels: ['age', 'sex', 'tiv']
2025-10-23 02:29:29,686 - root - INFO -   Dropped 3 confound features from clinical: ['age', 'sex', 'tiv']
2025-10-23 02:29:29,686 - root - INFO -   Remaining clinical features: 14
2025-10-23 02:29:29,686 - experiments.data_validation - INFO -    ✅ Filtered position lookups saved to: /cs/student/msc/aibh/2024/madhavan/sgfa_qmap-pd/results/all_rois-sn_conf-age+sex+tiv_K5_percW33_MAD1000.0_run_20251023_022929/data_validation_tree10_20251023_022929/position_lookup_filtered
2025-10-23 02:29:29,686 - experiments.data_validation - INFO -    Creating filtered position lookups with output_dir: /cs/student/msc/aibh/2024/madhavan/sgfa_qmap-pd/results/all_rois-sn_conf-age+sex+tiv_K5_percW33_MAD1000.0_run_20251023_022929/data_validation_tree10_20251023_022929
2025-10-23 02:29:29,686 - experiments.data_validation - INFO -   _create_filtered_position_lookups called:
2025-10-23 02:29:29,686 - experiments.data_validation - INFO -     view_names: ['volume_sn_voxels', 'clinical']
2025-10-23 02:29:29,686 - experiments.data_validation - INFO -     n_views raw: 2, preprocessed: 2
2025-10-23 02:29:29,686 - experiments.data_validation - INFO -   Creating filtered position lookup for volume_sn_voxels...
2025-10-23 02:29:29,687 - experiments.data_validation - INFO -   Original positions: 1794 rows
2025-10-23 02:29:29,687 - experiments.data_validation - INFO -   Raw data: 1794 voxels
2025-10-23 02:29:29,687 - experiments.data_validation - INFO -   Preprocessed data: 1794 voxels
2025-10-23 02:29:29,687 - experiments.data_validation - INFO -   No voxels dropped, position lookup unchanged
2025-10-23 02:29:29,690 - experiments.data_validation - INFO -   ✅ Saved filtered position lookup: /cs/student/msc/aibh/2024/madhavan/sgfa_qmap-pd/results/all_rois-sn_conf-age+sex+tiv_K5_percW33_MAD1000.0_run_20251023_022929/data_validation_tree10_20251023_022929/filtered_position_lookups/sn_filtered_position_lookup.csv
2025-10-23 02:29:29,690 - experiments.data_validation - INFO -      1794 → 1794 rows
2025-10-23 02:29:29,690 - experiments.data_validation - INFO -   Skipping clinical view
2025-10-23 02:29:29,690 - experiments.data_validation - INFO -    ✅ Filtered position lookups saved to: /cs/student/msc/aibh/2024/madhavan/sgfa_qmap-pd/results/all_rois-sn_conf-age+sex+tiv_K5_percW33_MAD1000.0_run_20251023_022929/data_validation_tree10_20251023_022929/filtered_position_lookups
2025-10-23 02:29:29,690 - experiments.data_validation - INFO -    Files created: ['/cs/student/msc/aibh/2024/madhavan/sgfa_qmap-pd/results/all_rois-sn_conf-age+sex+tiv_K5_percW33_MAD1000.0_run_20251023_022929/data_validation_tree10_20251023_022929/filtered_position_lookups/sn_filtered_position_lookup.csv']
2025-10-23 02:29:29,691 - experiments.data_validation - INFO - Data structure analysis completed. Raw: 1808 features, Processed: 1808 features
2025-10-23 02:29:29,691 - experiments.data_validation - INFO - 🔍 Assessing data quality metrics...
2025-10-23 02:29:29,691 - experiments.data_validation - INFO -    Analyzing quality metrics for volume_sn_voxels (86×1794)...
2025-10-23 02:29:29,692 - experiments.data_validation - INFO -    Analyzing quality metrics for clinical (86×14)...
2025-10-23 02:29:29,692 - experiments.data_validation - INFO -       Computing correlation matrix for clinical...
2025-10-23 02:29:29,693 - experiments.data_validation - INFO -    Analyzing quality metrics for volume_sn_voxels (86×1794)...
2025-10-23 02:29:29,694 - experiments.data_validation - INFO -    Analyzing quality metrics for clinical (86×14)...
2025-10-23 02:29:29,694 - experiments.data_validation - INFO -       Computing correlation matrix for clinical...
2025-10-23 02:29:29,698 - experiments.data_validation - INFO - ================================================================================
2025-10-23 02:29:29,698 - experiments.data_validation - INFO - 🔍 MAD THRESHOLD EXPLORATORY DATA ANALYSIS
2025-10-23 02:29:29,698 - experiments.data_validation - INFO - ================================================================================
2025-10-23 02:29:29,698 - experiments.data_validation - INFO - Analyzing optimal MAD threshold values for outlier detection...
2025-10-23 02:29:29,703 - experiments.data_validation - INFO - Analyzing 1 imaging views: ['volume_sn_voxels']
2025-10-23 02:29:29,703 - experiments.data_validation - INFO - 📊 Analyzing MAD distributions...
2025-10-23 02:29:29,703 - experiments.data_validation - INFO -    Processing volume_sn_voxels: (86, 1794)
2025-10-23 02:29:30,102 - experiments.data_validation - INFO -       Saved MAD distribution plot: mad_distribution_sn.png
2025-10-23 02:29:30,102 - experiments.data_validation - INFO -    ✅ MAD distributions analyzed for 1 views
2025-10-23 02:29:30,102 - experiments.data_validation - INFO - 📈 Performing elbow analysis...
2025-10-23 02:29:30,107 - experiments.data_validation - INFO -    volume_sn_voxels: Elbow at 2.26 (7.1% retention)
2025-10-23 02:29:30,273 - experiments.data_validation - INFO -    ✅ Elbow analysis completed, saved to elbow_analysis_all_views.png
2025-10-23 02:29:30,273 - experiments.data_validation - INFO - 🗺️  Analyzing spatial distribution of removed voxels...
2025-10-23 02:29:30,274 - experiments.data_validation - INFO -    Loaded position lookup for volume_sn_voxels: 1793 voxels
2025-10-23 02:29:30,274 - experiments.data_validation - WARNING -    Dimension mismatch for volume_sn_voxels: 1794 MAD values vs 1793 positions. Skipping spatial analysis.
2025-10-23 02:29:30,274 - experiments.data_validation - INFO -    ✅ Spatial analysis completed for 1 views
2025-10-23 02:29:30,274 - experiments.data_validation - INFO - 📊 Analyzing information preservation...
2025-10-23 02:29:30,274 - experiments.data_validation - INFO -    Processing volume_sn_voxels...
2025-10-23 02:29:30,521 - experiments.data_validation - INFO -       Saved information preservation plot: information_preservation_all_views.png
2025-10-23 02:29:30,521 - experiments.data_validation - INFO -    ✅ Information preservation analyzed for 1 views
2025-10-23 02:29:30,521 - experiments.data_validation - INFO - 👤 Analyzing subject-level data quality...
2025-10-23 02:29:30,521 - experiments.data_validation - INFO -    Processing volume_sn_voxels: (86, 1794)
2025-10-23 02:29:30,646 - experiments.data_validation - INFO -       Mean outlier %: 1.1%
2025-10-23 02:29:30,646 - experiments.data_validation - INFO -       Max outlier %: 17.5%
2025-10-23 02:29:30,832 - experiments.data_validation - INFO -       Saved subject outlier distribution plot: subject_outlier_distributions.png
2025-10-23 02:29:30,834 - experiments.data_validation - INFO -       Saved flagged subjects table: flagged_subjects.csv (2 subjects)
2025-10-23 02:29:30,835 - experiments.data_validation - INFO -       Saved flagged subjects report: flagged_subjects_report.txt
2025-10-23 02:29:30,959 - experiments.data_validation - INFO -       Saved subject outlier comparison plot: subject_outlier_comparison.png
2025-10-23 02:29:31,166 - experiments.data_validation - INFO -       Saved subject outlier scatter plot: subject_outlier_scatter.png
2025-10-23 02:29:31,494 - experiments.data_validation - INFO -       Saved top subjects bar chart: subject_outlier_top20.png
2025-10-23 02:29:31,494 - experiments.data_validation - INFO -    ✅ Subject-level analysis completed: 2 subjects flagged
2025-10-23 02:29:31,494 - experiments.data_validation - INFO - 📋 Generating threshold comparison summary...
2025-10-23 02:29:31,496 - experiments.data_validation - INFO -    Saved summary table: mad_threshold_summary_table.csv
2025-10-23 02:29:31,497 - experiments.data_validation - INFO -    📝 Saved recommendations: mad_threshold_recommendations.txt
2025-10-23 02:29:31,497 - experiments.data_validation - INFO - ================================================================================
2025-10-23 02:29:31,497 - experiments.data_validation - INFO - ✅ MAD threshold EDA completed successfully
2025-10-23 02:29:31,497 - experiments.data_validation - INFO - ================================================================================
2025-10-23 02:29:31,497 - experiments.data_validation - INFO - 📊 Generating data validation plots...
2025-10-23 02:29:31,497 - experiments.data_validation - INFO -    Creating distribution histograms for 1 clinical view(s), skipping 1 imaging views
2025-10-23 02:29:31,546 - experiments.data_validation - INFO -    ✅ Distribution histograms created (stored as data_distribution_comparison)
2025-10-23 02:29:31,549 - experiments.data_validation - INFO - 📊 Basic data validation plots completed: 1 plots generated
2025-10-23 02:29:31,549 - experiments.data_validation - INFO - 🎨 Creating comprehensive data validation visualizations for data_quality_assessment
2025-10-23 02:29:31,551 - visualization.preprocessing_plots - INFO - Creating preprocessing plots
2025-10-23 02:29:31,744 - visualization.preprocessing_plots - INFO - Saved: results/plots/preprocessing/feature_reduction.png
2025-10-23 02:29:31,973 - visualization.preprocessing_plots - INFO - Saved: results/plots/preprocessing/variance_distribution.png
2025-10-23 02:29:31,973 - visualization.covariance_plots - INFO - ================================================================================
2025-10-23 02:29:31,973 - visualization.covariance_plots - INFO - COVARIANCE STRUCTURE ANALYSIS
2025-10-23 02:29:31,973 - visualization.covariance_plots - INFO - ================================================================================
2025-10-23 02:29:32,004 - visualization.covariance_plots - INFO - Intra-modality covariance for volume_sn_voxels: 1794x1794
2025-10-23 02:29:32,005 - visualization.covariance_plots - INFO - Intra-modality covariance for clinical: 14x14
2025-10-23 02:29:32,021 - visualization.covariance_plots - INFO - Inter-modality covariance for volume_sn_voxels_vs_clinical: 1794x14
2025-10-23 02:29:32,076 - visualization.covariance_plots - INFO - 
Data structure:
2025-10-23 02:29:32,076 - visualization.covariance_plots - INFO -   Number of views: 2
2025-10-23 02:29:32,076 - visualization.covariance_plots - INFO -   Number of samples: 86
2025-10-23 02:29:32,076 - visualization.covariance_plots - INFO -   volume_sn_voxels: 1794 features
2025-10-23 02:29:32,076 - visualization.covariance_plots - INFO -   clinical: 14 features
2025-10-23 02:29:32,076 - visualization.covariance_plots - INFO - 
Intra-modality correlation statistics:
2025-10-23 02:29:32,076 - visualization.covariance_plots - INFO -   volume_sn_voxels:
2025-10-23 02:29:32,076 - visualization.covariance_plots - INFO -     Mean correlation: 0.388
2025-10-23 02:29:32,076 - visualization.covariance_plots - INFO -     Std correlation: 0.219
2025-10-23 02:29:32,076 - visualization.covariance_plots - INFO -     Max |correlation|: 0.994
2025-10-23 02:29:32,076 - visualization.covariance_plots - INFO -   clinical:
2025-10-23 02:29:32,076 - visualization.covariance_plots - INFO -     Mean correlation: 0.073
2025-10-23 02:29:32,076 - visualization.covariance_plots - INFO -     Std correlation: 0.350
2025-10-23 02:29:32,076 - visualization.covariance_plots - INFO -     Max |correlation|: 0.911
2025-10-23 02:29:32,076 - visualization.covariance_plots - INFO - 
Inter-modality correlation statistics:
2025-10-23 02:29:32,076 - visualization.covariance_plots - INFO -   volume_sn_voxels_vs_clinical:
2025-10-23 02:29:32,076 - visualization.covariance_plots - INFO -     Mean correlation: 0.031
2025-10-23 02:29:32,076 - visualization.covariance_plots - INFO -     Std correlation: 0.121
2025-10-23 02:29:32,076 - visualization.covariance_plots - INFO -     Max |correlation|: 0.371
2025-10-23 02:29:32,077 - visualization.covariance_plots - INFO - 
Generating covariance plots...
2025-10-23 02:29:32,077 - visualization.covariance_plots - INFO - Subsampling covariance matrix from 1808 to 500 features
2025-10-23 02:29:32,636 - visualization.covariance_plots - INFO - Saved block covariance matrix plot to results/plots/block_covariance_matrix.png
2025-10-23 02:29:35,266 - visualization.covariance_plots - INFO - Saved inter/intra comparison plot to results/plots/inter_vs_intra_correlation.png
2025-10-23 02:29:35,267 - visualization.covariance_plots - INFO - Plots saved to results/plots
2025-10-23 02:29:35,267 - visualization.covariance_plots - INFO - ================================================================================
2025-10-23 02:29:35,269 - experiments.data_validation - INFO -    Found 4 plot files to convert
2025-10-23 02:29:35,668 - experiments.data_validation - INFO -    ✅ Created 4 comprehensive data validation visualizations
2025-10-23 02:29:35,668 - experiments.data_validation - INFO - 🎨 Comprehensive data validation plots completed: 4 advanced plots generated
2025-10-23 02:29:35,668 - experiments.data_validation - INFO - 📊 Total plots ready for saving: 5
2025-10-23 02:29:35,668 - experiments.data_validation - INFO - 📁 Using experiment output dir: /cs/student/msc/aibh/2024/madhavan/sgfa_qmap-pd/results/all_rois-sn_conf-age+sex+tiv_K5_percW33_MAD1000.0_run_20251023_022929/data_validation_tree10_20251023_022929
2025-10-23 02:29:39,277 - core.io_utils - INFO - Saved 5 plots individually to /cs/student/msc/aibh/2024/madhavan/sgfa_qmap-pd/results/all_rois-sn_conf-age+sex+tiv_K5_percW33_MAD1000.0_run_20251023_022929/data_validation_tree10_20251023_022929/individual_plots (0 skipped)
2025-10-23 02:29:39,277 - core.io_utils - INFO -   Formats: png, pdf
2025-10-23 02:29:39,277 - experiments.data_validation - INFO - ✅ Saved 5 individual plots to /cs/student/msc/aibh/2024/madhavan/sgfa_qmap-pd/results/all_rois-sn_conf-age+sex+tiv_K5_percW33_MAD1000.0_run_20251023_022929/data_validation_tree10_20251023_022929/individual_plots
2025-10-23 02:29:39,278 - experiments.data_validation - INFO - ✅ Data validation with EDA completed!
2025-10-23 02:29:39,278 - experiments.data_validation - INFO -    Plots generated: 5
2025-10-23 02:29:39,278 - experiments.framework - INFO - 🏁 EXPERIMENT COMPLETED: data_validation_20251023_022929
2025-10-23 02:29:39,278 - experiments.framework - INFO - ⏱️  TOTAL RUNTIME: 9.9 seconds
2025-10-23 02:29:39,278 - experiments.framework - INFO - 🕐 Started: 2025-10-23 02:29:29
2025-10-23 02:29:39,278 - experiments.framework - INFO - 🕑 Finished: 2025-10-23 02:29:39
2025-10-23 02:29:39,278 - experiments.framework - INFO - Experiment completed successfully: data_validation_20251023_022929
2025-10-23 02:29:39,278 - experiments.framework - INFO - 🧹 Performing comprehensive memory cleanup...
2025-10-23 02:29:39,345 - experiments.framework - INFO - Garbage collection freed 0 objects
2025-10-23 02:29:39,549 - experiments.framework - INFO - GPU memory cleanup attempted
2025-10-23 02:29:40,550 - experiments.framework - INFO - ✅ Comprehensive memory cleanup completed
2025-10-23 02:29:44,962 - experiments.framework - INFO - ExperimentFramework initialized with output dir: /cs/student/msc/aibh/2024/madhavan/sgfa_qmap-pd/results/all_rois-sn_conf-age+sex+tiv_K5_percW33_MAD1000.0_run_20251023_022929
2025-10-23 02:29:44,962 - experiments.robustness_testing - INFO -    Using command-line K override: 5 (default is 10)
2025-10-23 02:29:44,962 - experiments.robustness_testing - INFO -    Using global model hyperparameters: K=5, percW=33.0, slab_df=4, slab_scale=2
2025-10-23 02:29:44,962 - experiments.robustness_testing - INFO -    QC outlier threshold (MAD): 1000.0
2025-10-23 02:29:44,962 - experiments.robustness_testing - INFO -    Using model type: sparse_gfa_fixed
2025-10-23 02:29:44,962 - experiments.robustness_testing - INFO - Auto-configured system: 44.2GB memory limit
2025-10-23 02:29:44,963 - experiments.robustness_testing - INFO - ExperimentFramework initialized with output dir: results
2025-10-23 02:29:44,964 - experiments.robustness_testing - INFO - Auto-configured system: 44.2GB memory limit
2025-10-23 02:29:44,964 - experiments.robustness_testing - INFO - Memory optimizer initialized with 44.2GB limit
2025-10-23 02:29:44,964 - experiments.robustness_testing - INFO - Data streaming components initialized
2025-10-23 02:29:44,964 - experiments.robustness_testing - INFO - MCMC memory optimizer initialized
2025-10-23 02:29:44,966 - experiments.framework - INFO - Starting experiment: robustness_tests_20251023_022944
2025-10-23 02:29:44,966 - experiments.robustness_testing - INFO - 🔄 Running comprehensive robustness tests...
2025-10-23 02:29:44,967 - experiments.robustness_testing - INFO - 📁 Set robustness_testing base_output_dir to: /cs/student/msc/aibh/2024/madhavan/sgfa_qmap-pd/results/all_rois-sn_conf-age+sex+tiv_K5_percW33_MAD1000.0_run_20251023_022929/robustness_tests_fixed_K5_percW33_slab4_2_MAD1000.0_tree10_20251023_022944
2025-10-23 02:29:44,967 - experiments.robustness_testing - INFO - 📊 Testing seed robustness...
2025-10-23 02:29:45,025 - experiments.robustness_testing - INFO - ================================================================================
2025-10-23 02:29:45,025 - experiments.robustness_testing - INFO - _RUN_SGFA_ANALYSIS - STARTING
2025-10-23 02:29:45,025 - experiments.robustness_testing - INFO - ================================================================================
2025-10-23 02:29:45,025 - experiments.robustness_testing - INFO - Running SGFA: K=5, n_subjects=86, n_features=1808
2025-10-23 02:29:45,029 - models.models_integration - INFO -    Total features: 1,808
2025-10-23 02:29:45,029 - models.models_integration - INFO -    Views: 2
2025-10-23 02:29:45,029 - models.models_integration - INFO -    Subjects: 86
2025-10-23 02:29:45,029 - models.models_integration - INFO -    Has imaging data: True
2025-10-23 02:29:45,029 - models.models_integration - INFO - ✅ Selected model type: sparse_gfa_fixed
2025-10-23 02:29:45,029 - models.models_integration - INFO - 🏗️ Creating model instance: sparse_gfa_fixed
2025-10-23 02:29:45,029 - models.models_integration - INFO -    Factory method: True
2025-10-23 02:29:45,029 - models.models_integration - INFO -  Model type: sparse_gfa_fixed
2025-10-23 02:29:45,029 - models.models_integration - INFO -  Model factory: True
2025-10-23 02:29:45,029 - models.models_integration - INFO -  Structured management: True
2025-10-23 02:29:45,029 - experiments.robustness_testing - INFO - MCMC configuration: warmup=50, samples=100, chains=1
2025-10-23 02:29:45,097 - experiments.robustness_testing - INFO - NUTS kernel parameters: target_accept_prob=0.8, max_tree_depth=10, dense_mass=False
2025-10-23 02:29:45,097 - experiments.robustness_testing - INFO - Creating MCMC sampler with chain_method=sequential...
2025-10-23 02:29:45,097 - experiments.robustness_testing - INFO - Creating NUTS kernel for standard MCMC execution...
2025-10-23 02:29:45,192 - core.pca_initialization - INFO -   PCA init: K=5, variance explained=69.91%
2025-10-23 02:29:45,378 - experiments.robustness_testing - INFO -    Using PCA initialization for MCMC (model_type=sparse_gfa_fixed)
2025-10-23 02:30:42,183 - optimization.profiler - INFO - Performance: seed_42: 57.130s, 2.34GB peak, 105.6% CPU
2025-10-23 02:30:42,183 - experiments.robustness_testing - INFO - ✅ Seed 42: 57.1s, LL=-2657138688.00
2025-10-23 02:30:42,323 - experiments.robustness_testing - INFO - Creating NUTS kernel for standard MCMC execution...
2025-10-23 02:30:42,329 - core.pca_initialization - INFO -   PCA init: K=5, variance explained=69.91%
2025-10-23 02:30:42,445 - experiments.robustness_testing - INFO -    Using PCA initialization for MCMC (model_type=sparse_gfa_fixed)
2025-10-23 02:31:36,566 - optimization.profiler - INFO - Performance: seed_123: 54.216s, 2.34GB peak, 104.4% CPU
2025-10-23 02:31:36,567 - experiments.robustness_testing - INFO - ✅ Seed 123: 54.2s, LL=-2657836288.00
2025-10-23 02:31:36,707 - experiments.robustness_testing - INFO - Creating NUTS kernel for standard MCMC execution...
2025-10-23 02:31:36,751 - core.pca_initialization - INFO -   PCA init: K=5, variance explained=69.91%
2025-10-23 02:31:36,885 - experiments.robustness_testing - INFO -    Using PCA initialization for MCMC (model_type=sparse_gfa_fixed)
2025-10-23 02:32:33,121 - optimization.profiler - INFO - Performance: seed_456: 56.384s, 2.35GB peak, 105.8% CPU
2025-10-23 02:32:33,122 - experiments.robustness_testing - INFO - ✅ Seed 456: 56.4s, LL=-2658194944.00
2025-10-23 02:32:33,192 - experiments.robustness_testing - INFO - 📊 Testing data perturbation robustness...
2025-10-23 02:32:33,251 - experiments.robustness_testing - INFO - ================================================================================
2025-10-23 02:32:33,251 - experiments.robustness_testing - INFO - _RUN_SGFA_ANALYSIS - STARTING
2025-10-23 02:32:33,251 - experiments.robustness_testing - INFO - ================================================================================
2025-10-23 02:32:33,251 - experiments.robustness_testing - INFO - Running SGFA: K=5, n_subjects=86, n_features=1808
2025-10-23 02:32:33,251 - models.models_integration - INFO -    Total features: 1,808
2025-10-23 02:32:33,251 - models.models_integration - INFO -    Views: 2
2025-10-23 02:32:33,251 - models.models_integration - INFO -    Subjects: 86
2025-10-23 02:32:33,251 - models.models_integration - INFO -    Has imaging data: True
2025-10-23 02:32:33,252 - models.models_integration - INFO - ✅ Selected model type: sparse_gfa_fixed
2025-10-23 02:32:33,252 - models.models_integration - INFO - 🏗️ Creating model instance: sparse_gfa_fixed
2025-10-23 02:32:33,252 - models.models_integration - INFO -    Factory method: True
2025-10-23 02:32:33,252 - models.models_integration - INFO -  Model type: sparse_gfa_fixed
2025-10-23 02:32:33,252 - models.models_integration - INFO -  Model factory: True
2025-10-23 02:32:33,252 - models.models_integration - INFO -  Structured management: True
2025-10-23 02:32:33,252 - experiments.robustness_testing - INFO - MCMC configuration: warmup=50, samples=100, chains=1
2025-10-23 02:32:33,268 - experiments.robustness_testing - INFO - NUTS kernel parameters: target_accept_prob=0.8, max_tree_depth=10, dense_mass=False
2025-10-23 02:32:33,268 - experiments.robustness_testing - INFO - Creating MCMC sampler with chain_method=sequential...
2025-10-23 02:32:33,268 - experiments.robustness_testing - INFO - Creating NUTS kernel for standard MCMC execution...
2025-10-23 02:32:33,309 - core.pca_initialization - INFO -   PCA init: K=5, variance explained=69.90%
2025-10-23 02:32:33,443 - experiments.robustness_testing - INFO -    Using PCA initialization for MCMC (model_type=sparse_gfa_fixed)
2025-10-23 02:33:28,580 - optimization.profiler - INFO - Performance: noise_0.01: 55.282s, 2.35GB peak, 105.7% CPU
2025-10-23 02:33:28,580 - experiments.robustness_testing - INFO - ✅ Noise 0.01: 55.3s, LL=-2657576192.00
2025-10-23 02:33:28,665 - experiments.robustness_testing - INFO - Creating NUTS kernel for standard MCMC execution...
2025-10-23 02:33:28,702 - core.pca_initialization - INFO -   PCA init: K=5, variance explained=69.75%
2025-10-23 02:33:28,834 - experiments.robustness_testing - INFO -    Using PCA initialization for MCMC (model_type=sparse_gfa_fixed)
2025-10-23 02:34:24,589 - optimization.profiler - INFO - Performance: noise_0.05: 55.893s, 2.36GB peak, 105.3% CPU
2025-10-23 02:34:24,589 - experiments.robustness_testing - INFO - ✅ Noise 0.05: 55.9s, LL=-2657410304.00
2025-10-23 02:34:24,676 - experiments.robustness_testing - INFO - Creating NUTS kernel for standard MCMC execution...
2025-10-23 02:34:24,681 - core.pca_initialization - INFO -   PCA init: K=5, variance explained=69.33%
2025-10-23 02:34:24,798 - experiments.robustness_testing - INFO -    Using PCA initialization for MCMC (model_type=sparse_gfa_fixed)
2025-10-23 02:35:17,622 - optimization.profiler - INFO - Performance: noise_0.1: 52.918s, 2.37GB peak, 104.5% CPU
2025-10-23 02:35:17,622 - experiments.robustness_testing - INFO - ✅ Noise 0.1: 52.9s, LL=-2660829696.00
2025-10-23 02:35:17,622 - experiments.robustness_testing - INFO - 📊 Testing initialization robustness...
2025-10-23 02:35:17,691 - experiments.robustness_testing - INFO - ================================================================================
2025-10-23 02:35:17,691 - experiments.robustness_testing - INFO - _RUN_SGFA_ANALYSIS - STARTING
2025-10-23 02:35:17,691 - experiments.robustness_testing - INFO - ================================================================================
2025-10-23 02:35:17,691 - experiments.robustness_testing - INFO - Running SGFA: K=5, n_subjects=86, n_features=1808
2025-10-23 02:35:17,691 - models.models_integration - INFO -    Total features: 1,808
2025-10-23 02:35:17,691 - models.models_integration - INFO -    Views: 2
2025-10-23 02:35:17,691 - models.models_integration - INFO -    Subjects: 86
2025-10-23 02:35:17,691 - models.models_integration - INFO -    Has imaging data: True
2025-10-23 02:35:17,692 - models.models_integration - INFO - ✅ Selected model type: sparse_gfa_fixed
2025-10-23 02:35:17,692 - models.models_integration - INFO - 🏗️ Creating model instance: sparse_gfa_fixed
2025-10-23 02:35:17,692 - models.models_integration - INFO -    Factory method: True
2025-10-23 02:35:17,692 - models.models_integration - INFO -  Model type: sparse_gfa_fixed
2025-10-23 02:35:17,692 - models.models_integration - INFO -  Model factory: True
2025-10-23 02:35:17,692 - models.models_integration - INFO -  Structured management: True
2025-10-23 02:35:17,692 - experiments.robustness_testing - INFO - MCMC configuration: warmup=50, samples=100, chains=1
2025-10-23 02:35:17,708 - experiments.robustness_testing - INFO - NUTS kernel parameters: target_accept_prob=0.8, max_tree_depth=10, dense_mass=False
2025-10-23 02:35:17,708 - experiments.robustness_testing - INFO - Creating MCMC sampler with chain_method=sequential...
2025-10-23 02:35:17,708 - experiments.robustness_testing - INFO - Creating NUTS kernel for standard MCMC execution...
2025-10-23 02:35:17,714 - core.pca_initialization - INFO -   PCA init: K=5, variance explained=69.91%
2025-10-23 02:35:17,853 - experiments.robustness_testing - INFO -    Using PCA initialization for MCMC (model_type=sparse_gfa_fixed)
2025-10-23 02:36:11,402 - optimization.profiler - INFO - Performance: init_0: 53.668s, 2.37GB peak, 104.6% CPU
2025-10-23 02:36:11,402 - experiments.robustness_testing - INFO - ✅ Init 0: 53.7s, LL=-2657860352.00
2025-10-23 02:36:11,487 - experiments.robustness_testing - INFO - Creating NUTS kernel for standard MCMC execution...
2025-10-23 02:36:11,501 - core.pca_initialization - INFO -   PCA init: K=5, variance explained=69.91%
2025-10-23 02:36:11,622 - experiments.robustness_testing - INFO -    Using PCA initialization for MCMC (model_type=sparse_gfa_fixed)
2025-10-23 02:36:59,258 - optimization.profiler - INFO - Performance: init_1: 47.744s, 2.37GB peak, 105.5% CPU
2025-10-23 02:36:59,258 - experiments.robustness_testing - INFO - ✅ Init 1: 47.7s, LL=-2657965056.00
2025-10-23 02:36:59,344 - experiments.robustness_testing - INFO - Creating NUTS kernel for standard MCMC execution...
2025-10-23 02:36:59,350 - core.pca_initialization - INFO -   PCA init: K=5, variance explained=69.91%
2025-10-23 02:36:59,471 - experiments.robustness_testing - INFO -    Using PCA initialization for MCMC (model_type=sparse_gfa_fixed)
2025-10-23 02:37:50,667 - optimization.profiler - INFO - Performance: init_2: 51.266s, 2.37GB peak, 104.7% CPU
2025-10-23 02:37:50,667 - experiments.robustness_testing - INFO - ✅ Init 2: 51.3s, LL=-2658123776.00
2025-10-23 02:37:50,667 - experiments.robustness_testing - INFO - 🔄 Robustness tests completed!
2025-10-23 02:37:50,667 - experiments.robustness_testing - INFO -    Successful tests: 9/9
2025-10-23 02:37:50,708 - experiments.robustness_testing - INFO - 📁 Using experiment output dir: /cs/student/msc/aibh/2024/madhavan/sgfa_qmap-pd/results/all_rois-sn_conf-age+sex+tiv_K5_percW33_MAD1000.0_run_20251023_022929/robustness_tests_fixed_K5_percW33_slab4_2_MAD1000.0_tree10_20251023_022944
2025-10-23 02:37:51,042 - core.io_utils - INFO - Saved 1 plots individually to /cs/student/msc/aibh/2024/madhavan/sgfa_qmap-pd/results/all_rois-sn_conf-age+sex+tiv_K5_percW33_MAD1000.0_run_20251023_022929/robustness_tests_fixed_K5_percW33_slab4_2_MAD1000.0_tree10_20251023_022944/individual_plots (0 skipped)
2025-10-23 02:37:51,042 - core.io_utils - INFO -   Formats: png, pdf
2025-10-23 02:37:51,042 - experiments.robustness_testing - INFO - ✅ Saved 1 individual plots to /cs/student/msc/aibh/2024/madhavan/sgfa_qmap-pd/results/all_rois-sn_conf-age+sex+tiv_K5_percW33_MAD1000.0_run_20251023_022929/robustness_tests_fixed_K5_percW33_slab4_2_MAD1000.0_tree10_20251023_022944/individual_plots
2025-10-23 02:37:51,042 - experiments.framework - INFO - 🏁 EXPERIMENT COMPLETED: robustness_tests_20251023_022944
2025-10-23 02:37:51,042 - experiments.framework - INFO - ⏱️  TOTAL RUNTIME: 8.1 minutes (486s)
2025-10-23 02:37:51,042 - experiments.framework - INFO - 🕐 Started: 2025-10-23 02:29:44
2025-10-23 02:37:51,042 - experiments.framework - INFO - 🕑 Finished: 2025-10-23 02:37:51
2025-10-23 02:37:51,042 - experiments.framework - INFO - Experiment completed successfully: robustness_tests_20251023_022944
2025-10-23 02:37:51,042 - experiments.framework - INFO - 🧹 Performing comprehensive memory cleanup...
2025-10-23 02:37:51,116 - experiments.framework - INFO - Garbage collection freed 58 objects
2025-10-23 02:37:51,355 - experiments.framework - INFO - GPU memory cleanup attempted
2025-10-23 02:37:52,356 - experiments.framework - INFO - ✅ Comprehensive memory cleanup completed
