2025-10-07 15:35:22,611 - experiments.framework - INFO - ExperimentFramework initialized with output dir: /cs/student/msc/aibh/2024/madhavan/sgfa_qmap-pd/results/all_rois-sn+lentiform+putamen_conf-age+sex+tiv_run_20251007_153522
2025-10-07 15:35:22,616 - experiments.framework - INFO - Starting experiment: data_validation_20251007_153522
2025-10-07 15:35:29,546 - experiments.framework - INFO - 🏁 EXPERIMENT COMPLETED: data_validation_20251007_153522
2025-10-07 15:35:29,546 - experiments.framework - INFO - ⏱️  TOTAL RUNTIME: 6.9 seconds
2025-10-07 15:35:29,546 - experiments.framework - INFO - 🕐 Started: 2025-10-07 15:35:22
2025-10-07 15:35:29,546 - experiments.framework - INFO - 🕑 Finished: 2025-10-07 15:35:29
2025-10-07 15:35:29,546 - experiments.framework - INFO - Experiment completed successfully: data_validation_20251007_153522
2025-10-07 15:35:29,546 - experiments.framework - INFO - 🧹 Performing comprehensive memory cleanup...
2025-10-07 15:35:29,581 - experiments.framework - INFO - Garbage collection freed 31925 objects
2025-10-07 15:35:29,687 - experiments.framework - INFO - GPU memory cleanup attempted
2025-10-07 15:35:30,688 - experiments.framework - INFO - ✅ Comprehensive memory cleanup completed
2025-10-07 15:35:30,752 - experiments.framework - INFO - Pickle saving disabled to prevent large files - using JSON and CSV instead
2025-10-07 15:35:30,756 - experiments.framework - INFO - Saving 3 plots to /cs/student/msc/aibh/2024/madhavan/sgfa_qmap-pd/results/all_rois-sn+lentiform+putamen_conf-age+sex+tiv_run_20251007_153522/data_validation_20251007_153522/plots
2025-10-07 15:35:32,501 - experiments.framework - INFO -   ✅ Saved plot: data_distribution_comparison
2025-10-07 15:35:33,504 - experiments.framework - INFO -   ✅ Saved plot: data_validation_feature_reduction
2025-10-07 15:35:33,857 - experiments.framework - INFO -   ✅ Saved plot: data_validation_variance_distribution
2025-10-07 15:35:33,857 - experiments.framework - INFO - All plots saved to: /cs/student/msc/aibh/2024/madhavan/sgfa_qmap-pd/results/all_rois-sn+lentiform+putamen_conf-age+sex+tiv_run_20251007_153522/data_validation_20251007_153522/plots
2025-10-07 15:35:33,895 - experiments.framework - INFO - ExperimentFramework initialized with output dir: /cs/student/msc/aibh/2024/madhavan/sgfa_qmap-pd/results/all_rois-sn+lentiform+putamen_conf-age+sex+tiv_run_20251007_153522
2025-10-07 15:35:33,895 - experiments.framework - INFO - ExperimentFramework initialized with output dir: /cs/student/msc/aibh/2024/madhavan/sgfa_qmap-pd/results/all_rois-sn+lentiform+putamen_conf-age+sex+tiv_run_20251007_153522
2025-10-07 15:35:37,005 - experiments.framework - INFO - Starting experiment: sgfa_hyperparameter_tuning_20251007_153537
2025-10-07 15:35:37,005 - experiments.framework - INFO - Starting experiment: sgfa_hyperparameter_tuning_20251007_153537
2025-10-07 23:02:09,602 - experiments.framework - INFO - 🏁 EXPERIMENT COMPLETED: sgfa_hyperparameter_tuning_20251007_153537
2025-10-07 23:02:09,602 - experiments.framework - INFO - 🏁 EXPERIMENT COMPLETED: sgfa_hyperparameter_tuning_20251007_153537
2025-10-07 23:02:09,604 - experiments.framework - INFO - ⏱️  TOTAL RUNTIME: 7.4 hours (27m 33s)
2025-10-07 23:02:09,604 - experiments.framework - INFO - ⏱️  TOTAL RUNTIME: 7.4 hours (27m 33s)
2025-10-07 23:02:09,604 - experiments.framework - INFO - 🕐 Started: 2025-10-07 15:35:37
2025-10-07 23:02:09,604 - experiments.framework - INFO - 🕐 Started: 2025-10-07 15:35:37
2025-10-07 23:02:09,604 - experiments.framework - INFO - 🕑 Finished: 2025-10-07 23:02:09
2025-10-07 23:02:09,604 - experiments.framework - INFO - 🕑 Finished: 2025-10-07 23:02:09
2025-10-07 23:02:09,604 - experiments.framework - INFO - Experiment completed successfully: sgfa_hyperparameter_tuning_20251007_153537
2025-10-07 23:02:09,604 - experiments.framework - INFO - Experiment completed successfully: sgfa_hyperparameter_tuning_20251007_153537
2025-10-07 23:02:09,604 - experiments.framework - INFO - 🧹 Performing comprehensive memory cleanup...
2025-10-07 23:02:09,604 - experiments.framework - INFO - 🧹 Performing comprehensive memory cleanup...
2025-10-07 23:02:09,648 - experiments.framework - INFO - Garbage collection freed 0 objects
2025-10-07 23:02:09,648 - experiments.framework - INFO - Garbage collection freed 0 objects
2025-10-07 23:02:09,810 - experiments.framework - INFO - GPU memory cleanup attempted
2025-10-07 23:02:09,810 - experiments.framework - INFO - GPU memory cleanup attempted
2025-10-07 23:02:10,811 - experiments.framework - INFO - ✅ Comprehensive memory cleanup completed
2025-10-07 23:02:10,811 - experiments.framework - INFO - ✅ Comprehensive memory cleanup completed
2025-10-07 23:02:11,161 - experiments.framework - INFO - Pickle saving disabled to prevent large files - using JSON and CSV instead
2025-10-07 23:02:11,161 - experiments.framework - INFO - Pickle saving disabled to prevent large files - using JSON and CSV instead
2025-10-07 23:02:11,203 - experiments.framework - INFO - Saving sgfa_K2_percW10_grp0.0 factor scores Z shape: (86, 2)
2025-10-07 23:02:11,203 - experiments.framework - INFO - Saving sgfa_K2_percW10_grp0.0 factor scores Z shape: (86, 2)
2025-10-07 23:02:11,245 - experiments.framework - INFO - Saving sgfa_K2_percW10_grp0.05 factor scores Z shape: (86, 2)
2025-10-07 23:02:11,245 - experiments.framework - INFO - Saving sgfa_K2_percW10_grp0.05 factor scores Z shape: (86, 2)
2025-10-07 23:02:11,288 - experiments.framework - INFO - Saving sgfa_K2_percW10_grp0.1 factor scores Z shape: (86, 2)
2025-10-07 23:02:11,288 - experiments.framework - INFO - Saving sgfa_K2_percW10_grp0.1 factor scores Z shape: (86, 2)
2025-10-07 23:02:11,329 - experiments.framework - INFO - Saving sgfa_K2_percW10_grp0.2 factor scores Z shape: (86, 2)
2025-10-07 23:02:11,329 - experiments.framework - INFO - Saving sgfa_K2_percW10_grp0.2 factor scores Z shape: (86, 2)
2025-10-07 23:02:11,373 - experiments.framework - INFO - Saving sgfa_K2_percW25_grp0.0 factor scores Z shape: (86, 2)
2025-10-07 23:02:11,373 - experiments.framework - INFO - Saving sgfa_K2_percW25_grp0.0 factor scores Z shape: (86, 2)
2025-10-07 23:02:11,417 - experiments.framework - INFO - Saving sgfa_K2_percW25_grp0.05 factor scores Z shape: (86, 2)
2025-10-07 23:02:11,417 - experiments.framework - INFO - Saving sgfa_K2_percW25_grp0.05 factor scores Z shape: (86, 2)
2025-10-07 23:02:11,461 - experiments.framework - INFO - Saving sgfa_K2_percW25_grp0.1 factor scores Z shape: (86, 2)
2025-10-07 23:02:11,461 - experiments.framework - INFO - Saving sgfa_K2_percW25_grp0.1 factor scores Z shape: (86, 2)
2025-10-07 23:02:11,507 - experiments.framework - INFO - Saving sgfa_K2_percW25_grp0.2 factor scores Z shape: (86, 2)
2025-10-07 23:02:11,507 - experiments.framework - INFO - Saving sgfa_K2_percW25_grp0.2 factor scores Z shape: (86, 2)
2025-10-07 23:02:11,549 - experiments.framework - INFO - Saving sgfa_K2_percW33_grp0.0 factor scores Z shape: (86, 2)
2025-10-07 23:02:11,549 - experiments.framework - INFO - Saving sgfa_K2_percW33_grp0.0 factor scores Z shape: (86, 2)
2025-10-07 23:02:11,593 - experiments.framework - INFO - Saving sgfa_K2_percW33_grp0.05 factor scores Z shape: (86, 2)
2025-10-07 23:02:11,593 - experiments.framework - INFO - Saving sgfa_K2_percW33_grp0.05 factor scores Z shape: (86, 2)
2025-10-07 23:02:11,634 - experiments.framework - INFO - Saving sgfa_K2_percW33_grp0.1 factor scores Z shape: (86, 2)
2025-10-07 23:02:11,634 - experiments.framework - INFO - Saving sgfa_K2_percW33_grp0.1 factor scores Z shape: (86, 2)
2025-10-07 23:02:11,677 - experiments.framework - INFO - Saving sgfa_K2_percW33_grp0.2 factor scores Z shape: (86, 2)
2025-10-07 23:02:11,677 - experiments.framework - INFO - Saving sgfa_K2_percW33_grp0.2 factor scores Z shape: (86, 2)
2025-10-07 23:02:11,730 - experiments.framework - INFO - Saving sgfa_K3_percW10_grp0.0 factor scores Z shape: (86, 3)
2025-10-07 23:02:11,730 - experiments.framework - INFO - Saving sgfa_K3_percW10_grp0.0 factor scores Z shape: (86, 3)
2025-10-07 23:02:11,784 - experiments.framework - INFO - Saving sgfa_K3_percW10_grp0.05 factor scores Z shape: (86, 3)
2025-10-07 23:02:11,784 - experiments.framework - INFO - Saving sgfa_K3_percW10_grp0.05 factor scores Z shape: (86, 3)
2025-10-07 23:02:11,839 - experiments.framework - INFO - Saving sgfa_K3_percW10_grp0.1 factor scores Z shape: (86, 3)
2025-10-07 23:02:11,839 - experiments.framework - INFO - Saving sgfa_K3_percW10_grp0.1 factor scores Z shape: (86, 3)
2025-10-07 23:02:11,893 - experiments.framework - INFO - Saving sgfa_K3_percW10_grp0.2 factor scores Z shape: (86, 3)
2025-10-07 23:02:11,893 - experiments.framework - INFO - Saving sgfa_K3_percW10_grp0.2 factor scores Z shape: (86, 3)
2025-10-07 23:02:11,947 - experiments.framework - INFO - Saving sgfa_K3_percW25_grp0.0 factor scores Z shape: (86, 3)
2025-10-07 23:02:11,947 - experiments.framework - INFO - Saving sgfa_K3_percW25_grp0.0 factor scores Z shape: (86, 3)
2025-10-07 23:02:12,002 - experiments.framework - INFO - Saving sgfa_K3_percW25_grp0.05 factor scores Z shape: (86, 3)
2025-10-07 23:02:12,002 - experiments.framework - INFO - Saving sgfa_K3_percW25_grp0.05 factor scores Z shape: (86, 3)
2025-10-07 23:02:12,062 - experiments.framework - INFO - Saving sgfa_K3_percW25_grp0.1 factor scores Z shape: (86, 3)
2025-10-07 23:02:12,062 - experiments.framework - INFO - Saving sgfa_K3_percW25_grp0.1 factor scores Z shape: (86, 3)
2025-10-07 23:02:12,131 - experiments.framework - INFO - Saving sgfa_K3_percW25_grp0.2 factor scores Z shape: (86, 3)
2025-10-07 23:02:12,131 - experiments.framework - INFO - Saving sgfa_K3_percW25_grp0.2 factor scores Z shape: (86, 3)
2025-10-07 23:02:12,184 - experiments.framework - INFO - Saving sgfa_K3_percW33_grp0.0 factor scores Z shape: (86, 3)
2025-10-07 23:02:12,184 - experiments.framework - INFO - Saving sgfa_K3_percW33_grp0.0 factor scores Z shape: (86, 3)
2025-10-07 23:02:12,236 - experiments.framework - INFO - Saving sgfa_K3_percW33_grp0.05 factor scores Z shape: (86, 3)
2025-10-07 23:02:12,236 - experiments.framework - INFO - Saving sgfa_K3_percW33_grp0.05 factor scores Z shape: (86, 3)
2025-10-07 23:02:12,290 - experiments.framework - INFO - Saving sgfa_K3_percW33_grp0.1 factor scores Z shape: (86, 3)
2025-10-07 23:02:12,290 - experiments.framework - INFO - Saving sgfa_K3_percW33_grp0.1 factor scores Z shape: (86, 3)
2025-10-07 23:02:12,342 - experiments.framework - INFO - Saving sgfa_K3_percW33_grp0.2 factor scores Z shape: (86, 3)
2025-10-07 23:02:12,342 - experiments.framework - INFO - Saving sgfa_K3_percW33_grp0.2 factor scores Z shape: (86, 3)
2025-10-07 23:02:12,408 - experiments.framework - INFO - Saving sgfa_K4_percW10_grp0.0 factor scores Z shape: (86, 4)
2025-10-07 23:02:12,408 - experiments.framework - INFO - Saving sgfa_K4_percW10_grp0.0 factor scores Z shape: (86, 4)
2025-10-07 23:02:12,475 - experiments.framework - INFO - Saving sgfa_K4_percW10_grp0.05 factor scores Z shape: (86, 4)
2025-10-07 23:02:12,475 - experiments.framework - INFO - Saving sgfa_K4_percW10_grp0.05 factor scores Z shape: (86, 4)
2025-10-07 23:02:12,541 - experiments.framework - INFO - Saving sgfa_K4_percW10_grp0.1 factor scores Z shape: (86, 4)
2025-10-07 23:02:12,541 - experiments.framework - INFO - Saving sgfa_K4_percW10_grp0.1 factor scores Z shape: (86, 4)
2025-10-07 23:02:12,606 - experiments.framework - INFO - Saving sgfa_K4_percW10_grp0.2 factor scores Z shape: (86, 4)
2025-10-07 23:02:12,606 - experiments.framework - INFO - Saving sgfa_K4_percW10_grp0.2 factor scores Z shape: (86, 4)
2025-10-07 23:02:12,672 - experiments.framework - INFO - Saving sgfa_K4_percW25_grp0.0 factor scores Z shape: (86, 4)
2025-10-07 23:02:12,672 - experiments.framework - INFO - Saving sgfa_K4_percW25_grp0.0 factor scores Z shape: (86, 4)
2025-10-07 23:02:12,737 - experiments.framework - INFO - Saving sgfa_K4_percW25_grp0.05 factor scores Z shape: (86, 4)
2025-10-07 23:02:12,737 - experiments.framework - INFO - Saving sgfa_K4_percW25_grp0.05 factor scores Z shape: (86, 4)
2025-10-07 23:02:12,801 - experiments.framework - INFO - Saving sgfa_K4_percW25_grp0.1 factor scores Z shape: (86, 4)
2025-10-07 23:02:12,801 - experiments.framework - INFO - Saving sgfa_K4_percW25_grp0.1 factor scores Z shape: (86, 4)
2025-10-07 23:02:12,871 - experiments.framework - INFO - Saving sgfa_K4_percW25_grp0.2 factor scores Z shape: (86, 4)
2025-10-07 23:02:12,871 - experiments.framework - INFO - Saving sgfa_K4_percW25_grp0.2 factor scores Z shape: (86, 4)
2025-10-07 23:02:12,934 - experiments.framework - INFO - Saving sgfa_K4_percW33_grp0.0 factor scores Z shape: (86, 4)
2025-10-07 23:02:12,934 - experiments.framework - INFO - Saving sgfa_K4_percW33_grp0.0 factor scores Z shape: (86, 4)
2025-10-07 23:02:12,999 - experiments.framework - INFO - Saving sgfa_K4_percW33_grp0.05 factor scores Z shape: (86, 4)
2025-10-07 23:02:12,999 - experiments.framework - INFO - Saving sgfa_K4_percW33_grp0.05 factor scores Z shape: (86, 4)
2025-10-07 23:02:13,067 - experiments.framework - INFO - Saving sgfa_K4_percW33_grp0.1 factor scores Z shape: (86, 4)
2025-10-07 23:02:13,067 - experiments.framework - INFO - Saving sgfa_K4_percW33_grp0.1 factor scores Z shape: (86, 4)
2025-10-07 23:02:13,132 - experiments.framework - INFO - Saving sgfa_K4_percW33_grp0.2 factor scores Z shape: (86, 4)
2025-10-07 23:02:13,132 - experiments.framework - INFO - Saving sgfa_K4_percW33_grp0.2 factor scores Z shape: (86, 4)
2025-10-07 23:02:13,135 - experiments.framework - INFO - Saving 6 plots to /cs/student/msc/aibh/2024/madhavan/sgfa_qmap-pd/results/all_rois-sn+lentiform+putamen_conf-age+sex+tiv_run_20251007_153522/sgfa_hyperparameter_tuning_20251007_153537/plots
2025-10-07 23:02:13,135 - experiments.framework - INFO - Saving 6 plots to /cs/student/msc/aibh/2024/madhavan/sgfa_qmap-pd/results/all_rois-sn+lentiform+putamen_conf-age+sex+tiv_run_20251007_153522/sgfa_hyperparameter_tuning_20251007_153537/plots
2025-10-07 23:02:14,175 - experiments.framework - INFO -   ✅ Saved plot: sgfa_variant_performance
2025-10-07 23:02:14,175 - experiments.framework - INFO -   ✅ Saved plot: sgfa_variant_performance
2025-10-07 23:02:15,498 - experiments.framework - INFO -   ✅ Saved plot: sgfa_variant_quality
2025-10-07 23:02:15,498 - experiments.framework - INFO -   ✅ Saved plot: sgfa_variant_quality
2025-10-07 23:02:16,013 - experiments.framework - INFO -   ✅ Saved plot: best_factor_loadings
2025-10-07 23:02:16,013 - experiments.framework - INFO -   ✅ Saved plot: best_factor_loadings
2025-10-07 23:02:20,035 - experiments.framework - INFO -   ✅ Saved plot: best_factor_scores
2025-10-07 23:02:20,035 - experiments.framework - INFO -   ✅ Saved plot: best_factor_scores
2025-10-07 23:02:20,410 - experiments.framework - INFO -   ✅ Saved plot: parameter_grid_search
2025-10-07 23:02:20,410 - experiments.framework - INFO -   ✅ Saved plot: parameter_grid_search
2025-10-07 23:02:20,999 - experiments.framework - INFO -   ✅ Saved plot: parameter_heatmaps
2025-10-07 23:02:20,999 - experiments.framework - INFO -   ✅ Saved plot: parameter_heatmaps
2025-10-07 23:02:20,999 - experiments.framework - INFO - All plots saved to: /cs/student/msc/aibh/2024/madhavan/sgfa_qmap-pd/results/all_rois-sn+lentiform+putamen_conf-age+sex+tiv_run_20251007_153522/sgfa_hyperparameter_tuning_20251007_153537/plots
2025-10-07 23:02:20,999 - experiments.framework - INFO - All plots saved to: /cs/student/msc/aibh/2024/madhavan/sgfa_qmap-pd/results/all_rois-sn+lentiform+putamen_conf-age+sex+tiv_run_20251007_153522/sgfa_hyperparameter_tuning_20251007_153537/plots
2025-10-07 23:02:26,822 - experiments.framework - INFO - ExperimentFramework initialized with output dir: /cs/student/msc/aibh/2024/madhavan/sgfa_qmap-pd/results/all_rois-sn+lentiform+putamen_conf-age+sex+tiv_run_20251007_153522
2025-10-07 23:02:26,822 - experiments.framework - INFO - ExperimentFramework initialized with output dir: /cs/student/msc/aibh/2024/madhavan/sgfa_qmap-pd/results/all_rois-sn+lentiform+putamen_conf-age+sex+tiv_run_20251007_153522
2025-10-07 23:02:26,822 - experiments.framework - INFO - ExperimentFramework initialized with output dir: /cs/student/msc/aibh/2024/madhavan/sgfa_qmap-pd/results/all_rois-sn+lentiform+putamen_conf-age+sex+tiv_run_20251007_153522
2025-10-07 23:02:26,825 - experiments.framework - INFO - Starting experiment: methods_comparison_20251007_230226
2025-10-07 23:02:26,825 - experiments.framework - INFO - Starting experiment: methods_comparison_20251007_230226
2025-10-07 23:02:26,825 - experiments.framework - INFO - Starting experiment: methods_comparison_20251007_230226
