2025-10-17 11:25:18,059 - experiments.framework - INFO - ExperimentFramework initialized with output dir: /cs/student/msc/aibh/2024/madhavan/sgfa_qmap-pd/results/all_rois-sn_conf-age+sex+tiv_K20_run_20251017_112518
2025-10-17 11:25:18,063 - experiments.framework - INFO - Starting experiment: data_validation_20251017_112518
2025-10-17 11:25:20,179 - experiments.framework - INFO - 🏁 EXPERIMENT COMPLETED: data_validation_20251017_112518
2025-10-17 11:25:20,179 - experiments.framework - INFO - ⏱️  TOTAL RUNTIME: 2.1 seconds
2025-10-17 11:25:20,179 - experiments.framework - INFO - 🕐 Started: 2025-10-17 11:25:18
2025-10-17 11:25:20,179 - experiments.framework - INFO - 🕑 Finished: 2025-10-17 11:25:20
2025-10-17 11:25:20,179 - experiments.framework - INFO - Experiment completed successfully: data_validation_20251017_112518
2025-10-17 11:25:20,179 - experiments.framework - INFO - 🧹 Performing comprehensive memory cleanup...
2025-10-17 11:25:20,237 - experiments.framework - INFO - Garbage collection freed 18715 objects
2025-10-17 11:25:20,383 - experiments.framework - INFO - GPU memory cleanup attempted
2025-10-17 11:25:21,384 - experiments.framework - INFO - ✅ Comprehensive memory cleanup completed
2025-10-17 11:25:21,445 - experiments.framework - INFO - Pickle saving disabled to prevent large files - using JSON and CSV instead
2025-10-17 11:25:21,449 - experiments.framework - INFO - Saving 3 plots to /cs/student/msc/aibh/2024/madhavan/sgfa_qmap-pd/results/all_rois-sn_conf-age+sex+tiv_K20_run_20251017_112518/data_validation_20251017_112518/plots
2025-10-17 11:25:22,273 - experiments.framework - INFO -   ✅ Saved plot: data_distribution_comparison
2025-10-17 11:25:23,007 - experiments.framework - INFO -   ✅ Saved plot: data_validation_feature_reduction
2025-10-17 11:25:23,300 - experiments.framework - INFO -   ✅ Saved plot: data_validation_variance_distribution
2025-10-17 11:25:23,300 - experiments.framework - INFO - All plots saved to: /cs/student/msc/aibh/2024/madhavan/sgfa_qmap-pd/results/all_rois-sn_conf-age+sex+tiv_K20_run_20251017_112518/data_validation_20251017_112518/plots
2025-10-17 11:25:23,366 - experiments.framework - INFO - ExperimentFramework initialized with output dir: /cs/student/msc/aibh/2024/madhavan/sgfa_qmap-pd/results/all_rois-sn_conf-age+sex+tiv_K20_run_20251017_112518
2025-10-17 11:25:23,366 - experiments.framework - INFO - ExperimentFramework initialized with output dir: /cs/student/msc/aibh/2024/madhavan/sgfa_qmap-pd/results/all_rois-sn_conf-age+sex+tiv_K20_run_20251017_112518
2025-10-17 11:25:23,372 - experiments.framework - INFO - Starting experiment: robustness_tests_20251017_112523
2025-10-17 11:25:23,372 - experiments.framework - INFO - Starting experiment: robustness_tests_20251017_112523
2025-10-17 11:34:00,774 - experiments.framework - INFO - 🏁 EXPERIMENT COMPLETED: robustness_tests_20251017_112523
2025-10-17 11:34:00,774 - experiments.framework - INFO - 🏁 EXPERIMENT COMPLETED: robustness_tests_20251017_112523
2025-10-17 11:34:00,774 - experiments.framework - INFO - ⏱️  TOTAL RUNTIME: 8.6 minutes (517s)
2025-10-17 11:34:00,774 - experiments.framework - INFO - ⏱️  TOTAL RUNTIME: 8.6 minutes (517s)
2025-10-17 11:34:00,774 - experiments.framework - INFO - 🕐 Started: 2025-10-17 11:25:23
2025-10-17 11:34:00,774 - experiments.framework - INFO - 🕐 Started: 2025-10-17 11:25:23
2025-10-17 11:34:00,774 - experiments.framework - INFO - 🕑 Finished: 2025-10-17 11:34:00
2025-10-17 11:34:00,774 - experiments.framework - INFO - 🕑 Finished: 2025-10-17 11:34:00
2025-10-17 11:34:00,774 - experiments.framework - INFO - Experiment completed successfully: robustness_tests_20251017_112523
2025-10-17 11:34:00,774 - experiments.framework - INFO - Experiment completed successfully: robustness_tests_20251017_112523
2025-10-17 11:34:00,774 - experiments.framework - INFO - 🧹 Performing comprehensive memory cleanup...
2025-10-17 11:34:00,774 - experiments.framework - INFO - 🧹 Performing comprehensive memory cleanup...
2025-10-17 11:34:00,837 - experiments.framework - INFO - Garbage collection freed 110 objects
2025-10-17 11:34:00,837 - experiments.framework - INFO - Garbage collection freed 110 objects
2025-10-17 11:34:01,029 - experiments.framework - INFO - GPU memory cleanup attempted
2025-10-17 11:34:01,029 - experiments.framework - INFO - GPU memory cleanup attempted
2025-10-17 11:34:02,031 - experiments.framework - INFO - ✅ Comprehensive memory cleanup completed
2025-10-17 11:34:02,031 - experiments.framework - INFO - ✅ Comprehensive memory cleanup completed
2025-10-17 11:34:02,056 - experiments.framework - INFO - Pickle saving disabled to prevent large files - using JSON and CSV instead
2025-10-17 11:34:02,056 - experiments.framework - INFO - Pickle saving disabled to prevent large files - using JSON and CSV instead
2025-10-17 11:34:02,061 - experiments.framework - INFO - Saving 1 plots to /cs/student/msc/aibh/2024/madhavan/sgfa_qmap-pd/results/all_rois-sn_conf-age+sex+tiv_K20_run_20251017_112518/robustness_tests_K20_percW33_slab4_2_20251017_112523/plots
2025-10-17 11:34:02,061 - experiments.framework - INFO - Saving 1 plots to /cs/student/msc/aibh/2024/madhavan/sgfa_qmap-pd/results/all_rois-sn_conf-age+sex+tiv_K20_run_20251017_112518/robustness_tests_K20_percW33_slab4_2_20251017_112523/plots
2025-10-17 11:34:02,453 - experiments.framework - INFO -   ✅ Saved plot: robustness_summary
2025-10-17 11:34:02,453 - experiments.framework - INFO -   ✅ Saved plot: robustness_summary
2025-10-17 11:34:02,453 - experiments.framework - INFO - All plots saved to: /cs/student/msc/aibh/2024/madhavan/sgfa_qmap-pd/results/all_rois-sn_conf-age+sex+tiv_K20_run_20251017_112518/robustness_tests_K20_percW33_slab4_2_20251017_112523/plots
2025-10-17 11:34:02,453 - experiments.framework - INFO - All plots saved to: /cs/student/msc/aibh/2024/madhavan/sgfa_qmap-pd/results/all_rois-sn_conf-age+sex+tiv_K20_run_20251017_112518/robustness_tests_K20_percW33_slab4_2_20251017_112523/plots
