2025-10-08 22:13:24,094 - experiments.framework - INFO - ExperimentFramework initialized with output dir: /cs/student/msc/aibh/2024/madhavan/sgfa_qmap-pd/results/all_rois-sn+lentiform+putamen_conf-age+sex+tiv_run_20251008_221324
2025-10-08 22:13:24,101 - experiments.framework - INFO - Starting experiment: data_validation_20251008_221324
2025-10-08 22:13:36,345 - experiments.framework - INFO - 🏁 EXPERIMENT COMPLETED: data_validation_20251008_221324
2025-10-08 22:13:36,346 - experiments.framework - INFO - ⏱️  TOTAL RUNTIME: 12.3 seconds
2025-10-08 22:13:36,346 - experiments.framework - INFO - 🕐 Started: 2025-10-08 22:13:24
2025-10-08 22:13:36,347 - experiments.framework - INFO - 🕑 Finished: 2025-10-08 22:13:36
2025-10-08 22:13:36,347 - experiments.framework - INFO - Experiment completed successfully: data_validation_20251008_221324
2025-10-08 22:13:36,347 - experiments.framework - INFO - 🧹 Performing comprehensive memory cleanup...
2025-10-08 22:13:36,429 - experiments.framework - INFO - Garbage collection freed 31925 objects
2025-10-08 22:13:36,689 - experiments.framework - INFO - GPU memory cleanup attempted
2025-10-08 22:13:37,690 - experiments.framework - INFO - ✅ Comprehensive memory cleanup completed
2025-10-08 22:13:37,847 - experiments.framework - INFO - Pickle saving disabled to prevent large files - using JSON and CSV instead
2025-10-08 22:13:37,854 - experiments.framework - INFO - Saving 3 plots to /cs/student/msc/aibh/2024/madhavan/sgfa_qmap-pd/results/all_rois-sn+lentiform+putamen_conf-age+sex+tiv_run_20251008_221324/data_validation_20251008_221324/plots
2025-10-08 22:13:40,876 - experiments.framework - INFO -   ✅ Saved plot: data_distribution_comparison
2025-10-08 22:13:42,815 - experiments.framework - INFO -   ✅ Saved plot: data_validation_feature_reduction
2025-10-08 22:13:43,512 - experiments.framework - INFO -   ✅ Saved plot: data_validation_variance_distribution
2025-10-08 22:13:43,512 - experiments.framework - INFO - All plots saved to: /cs/student/msc/aibh/2024/madhavan/sgfa_qmap-pd/results/all_rois-sn+lentiform+putamen_conf-age+sex+tiv_run_20251008_221324/data_validation_20251008_221324/plots
2025-10-08 22:13:43,601 - experiments.framework - INFO - ExperimentFramework initialized with output dir: /cs/student/msc/aibh/2024/madhavan/sgfa_qmap-pd/results/all_rois-sn+lentiform+putamen_conf-age+sex+tiv_run_20251008_221324
2025-10-08 22:13:43,601 - experiments.framework - INFO - ExperimentFramework initialized with output dir: /cs/student/msc/aibh/2024/madhavan/sgfa_qmap-pd/results/all_rois-sn+lentiform+putamen_conf-age+sex+tiv_run_20251008_221324
2025-10-08 22:13:49,384 - experiments.framework - INFO - Starting experiment: sgfa_hyperparameter_tuning_20251008_221349
2025-10-08 22:13:49,384 - experiments.framework - INFO - Starting experiment: sgfa_hyperparameter_tuning_20251008_221349
2025-10-09 02:52:29,925 - experiments.framework - INFO - 🏁 EXPERIMENT COMPLETED: sgfa_hyperparameter_tuning_20251008_221349
2025-10-09 02:52:29,925 - experiments.framework - INFO - 🏁 EXPERIMENT COMPLETED: sgfa_hyperparameter_tuning_20251008_221349
2025-10-09 02:52:29,927 - experiments.framework - INFO - ⏱️  TOTAL RUNTIME: 4.6 hours (39m 41s)
2025-10-09 02:52:29,927 - experiments.framework - INFO - ⏱️  TOTAL RUNTIME: 4.6 hours (39m 41s)
2025-10-09 02:52:29,927 - experiments.framework - INFO - 🕐 Started: 2025-10-08 22:13:49
2025-10-09 02:52:29,927 - experiments.framework - INFO - 🕐 Started: 2025-10-08 22:13:49
2025-10-09 02:52:29,928 - experiments.framework - INFO - 🕑 Finished: 2025-10-09 02:52:29
2025-10-09 02:52:29,928 - experiments.framework - INFO - 🕑 Finished: 2025-10-09 02:52:29
2025-10-09 02:52:29,928 - experiments.framework - INFO - Experiment completed successfully: sgfa_hyperparameter_tuning_20251008_221349
2025-10-09 02:52:29,928 - experiments.framework - INFO - Experiment completed successfully: sgfa_hyperparameter_tuning_20251008_221349
2025-10-09 02:52:29,928 - experiments.framework - INFO - 🧹 Performing comprehensive memory cleanup...
2025-10-09 02:52:29,928 - experiments.framework - INFO - 🧹 Performing comprehensive memory cleanup...
2025-10-09 02:52:30,027 - experiments.framework - INFO - Garbage collection freed 0 objects
2025-10-09 02:52:30,027 - experiments.framework - INFO - Garbage collection freed 0 objects
2025-10-09 02:52:30,400 - experiments.framework - INFO - GPU memory cleanup attempted
2025-10-09 02:52:30,400 - experiments.framework - INFO - GPU memory cleanup attempted
2025-10-09 02:52:31,401 - experiments.framework - INFO - ✅ Comprehensive memory cleanup completed
2025-10-09 02:52:31,401 - experiments.framework - INFO - ✅ Comprehensive memory cleanup completed
2025-10-09 02:52:32,153 - experiments.framework - INFO - Pickle saving disabled to prevent large files - using JSON and CSV instead
2025-10-09 02:52:32,153 - experiments.framework - INFO - Pickle saving disabled to prevent large files - using JSON and CSV instead
2025-10-09 02:52:32,235 - experiments.framework - INFO - Saving sgfa_K2_percW10_grp0.0 factor scores Z shape: (86, 2)
2025-10-09 02:52:32,235 - experiments.framework - INFO - Saving sgfa_K2_percW10_grp0.0 factor scores Z shape: (86, 2)
2025-10-09 02:52:32,315 - experiments.framework - INFO - Saving sgfa_K2_percW10_grp0.05 factor scores Z shape: (86, 2)
2025-10-09 02:52:32,315 - experiments.framework - INFO - Saving sgfa_K2_percW10_grp0.05 factor scores Z shape: (86, 2)
2025-10-09 02:52:32,394 - experiments.framework - INFO - Saving sgfa_K2_percW10_grp0.1 factor scores Z shape: (86, 2)
2025-10-09 02:52:32,394 - experiments.framework - INFO - Saving sgfa_K2_percW10_grp0.1 factor scores Z shape: (86, 2)
2025-10-09 02:52:32,472 - experiments.framework - INFO - Saving sgfa_K2_percW10_grp0.2 factor scores Z shape: (86, 2)
2025-10-09 02:52:32,472 - experiments.framework - INFO - Saving sgfa_K2_percW10_grp0.2 factor scores Z shape: (86, 2)
2025-10-09 02:52:32,549 - experiments.framework - INFO - Saving sgfa_K2_percW25_grp0.0 factor scores Z shape: (86, 2)
2025-10-09 02:52:32,549 - experiments.framework - INFO - Saving sgfa_K2_percW25_grp0.0 factor scores Z shape: (86, 2)
2025-10-09 02:52:32,626 - experiments.framework - INFO - Saving sgfa_K2_percW25_grp0.05 factor scores Z shape: (86, 2)
2025-10-09 02:52:32,626 - experiments.framework - INFO - Saving sgfa_K2_percW25_grp0.05 factor scores Z shape: (86, 2)
2025-10-09 02:52:32,702 - experiments.framework - INFO - Saving sgfa_K2_percW25_grp0.1 factor scores Z shape: (86, 2)
2025-10-09 02:52:32,702 - experiments.framework - INFO - Saving sgfa_K2_percW25_grp0.1 factor scores Z shape: (86, 2)
2025-10-09 02:52:32,781 - experiments.framework - INFO - Saving sgfa_K2_percW25_grp0.2 factor scores Z shape: (86, 2)
2025-10-09 02:52:32,781 - experiments.framework - INFO - Saving sgfa_K2_percW25_grp0.2 factor scores Z shape: (86, 2)
2025-10-09 02:52:32,858 - experiments.framework - INFO - Saving sgfa_K2_percW33_grp0.0 factor scores Z shape: (86, 2)
2025-10-09 02:52:32,858 - experiments.framework - INFO - Saving sgfa_K2_percW33_grp0.0 factor scores Z shape: (86, 2)
2025-10-09 02:52:32,937 - experiments.framework - INFO - Saving sgfa_K2_percW33_grp0.05 factor scores Z shape: (86, 2)
2025-10-09 02:52:32,937 - experiments.framework - INFO - Saving sgfa_K2_percW33_grp0.05 factor scores Z shape: (86, 2)
2025-10-09 02:52:33,015 - experiments.framework - INFO - Saving sgfa_K2_percW33_grp0.1 factor scores Z shape: (86, 2)
2025-10-09 02:52:33,015 - experiments.framework - INFO - Saving sgfa_K2_percW33_grp0.1 factor scores Z shape: (86, 2)
2025-10-09 02:52:33,116 - experiments.framework - INFO - Saving sgfa_K2_percW33_grp0.2 factor scores Z shape: (86, 2)
2025-10-09 02:52:33,116 - experiments.framework - INFO - Saving sgfa_K2_percW33_grp0.2 factor scores Z shape: (86, 2)
2025-10-09 02:52:33,219 - experiments.framework - INFO - Saving sgfa_K3_percW10_grp0.0 factor scores Z shape: (86, 3)
2025-10-09 02:52:33,219 - experiments.framework - INFO - Saving sgfa_K3_percW10_grp0.0 factor scores Z shape: (86, 3)
2025-10-09 02:52:33,349 - experiments.framework - INFO - Saving sgfa_K3_percW10_grp0.05 factor scores Z shape: (86, 3)
2025-10-09 02:52:33,349 - experiments.framework - INFO - Saving sgfa_K3_percW10_grp0.05 factor scores Z shape: (86, 3)
2025-10-09 02:52:33,449 - experiments.framework - INFO - Saving sgfa_K3_percW10_grp0.1 factor scores Z shape: (86, 3)
2025-10-09 02:52:33,449 - experiments.framework - INFO - Saving sgfa_K3_percW10_grp0.1 factor scores Z shape: (86, 3)
2025-10-09 02:52:33,560 - experiments.framework - INFO - Saving sgfa_K3_percW10_grp0.2 factor scores Z shape: (86, 3)
2025-10-09 02:52:33,560 - experiments.framework - INFO - Saving sgfa_K3_percW10_grp0.2 factor scores Z shape: (86, 3)
2025-10-09 02:52:33,662 - experiments.framework - INFO - Saving sgfa_K3_percW25_grp0.0 factor scores Z shape: (86, 3)
2025-10-09 02:52:33,662 - experiments.framework - INFO - Saving sgfa_K3_percW25_grp0.0 factor scores Z shape: (86, 3)
2025-10-09 02:52:33,764 - experiments.framework - INFO - Saving sgfa_K3_percW25_grp0.05 factor scores Z shape: (86, 3)
2025-10-09 02:52:33,764 - experiments.framework - INFO - Saving sgfa_K3_percW25_grp0.05 factor scores Z shape: (86, 3)
2025-10-09 02:52:33,866 - experiments.framework - INFO - Saving sgfa_K3_percW25_grp0.1 factor scores Z shape: (86, 3)
2025-10-09 02:52:33,866 - experiments.framework - INFO - Saving sgfa_K3_percW25_grp0.1 factor scores Z shape: (86, 3)
2025-10-09 02:52:33,970 - experiments.framework - INFO - Saving sgfa_K3_percW25_grp0.2 factor scores Z shape: (86, 3)
2025-10-09 02:52:33,970 - experiments.framework - INFO - Saving sgfa_K3_percW25_grp0.2 factor scores Z shape: (86, 3)
2025-10-09 02:52:34,072 - experiments.framework - INFO - Saving sgfa_K3_percW33_grp0.0 factor scores Z shape: (86, 3)
2025-10-09 02:52:34,072 - experiments.framework - INFO - Saving sgfa_K3_percW33_grp0.0 factor scores Z shape: (86, 3)
2025-10-09 02:52:34,189 - experiments.framework - INFO - Saving sgfa_K3_percW33_grp0.05 factor scores Z shape: (86, 3)
2025-10-09 02:52:34,189 - experiments.framework - INFO - Saving sgfa_K3_percW33_grp0.05 factor scores Z shape: (86, 3)
2025-10-09 02:52:34,292 - experiments.framework - INFO - Saving sgfa_K3_percW33_grp0.1 factor scores Z shape: (86, 3)
2025-10-09 02:52:34,292 - experiments.framework - INFO - Saving sgfa_K3_percW33_grp0.1 factor scores Z shape: (86, 3)
2025-10-09 02:52:34,407 - experiments.framework - INFO - Saving sgfa_K3_percW33_grp0.2 factor scores Z shape: (86, 3)
2025-10-09 02:52:34,407 - experiments.framework - INFO - Saving sgfa_K3_percW33_grp0.2 factor scores Z shape: (86, 3)
2025-10-09 02:52:34,533 - experiments.framework - INFO - Saving sgfa_K4_percW10_grp0.0 factor scores Z shape: (86, 4)
2025-10-09 02:52:34,533 - experiments.framework - INFO - Saving sgfa_K4_percW10_grp0.0 factor scores Z shape: (86, 4)
2025-10-09 02:52:34,658 - experiments.framework - INFO - Saving sgfa_K4_percW10_grp0.05 factor scores Z shape: (86, 4)
2025-10-09 02:52:34,658 - experiments.framework - INFO - Saving sgfa_K4_percW10_grp0.05 factor scores Z shape: (86, 4)
2025-10-09 02:52:34,786 - experiments.framework - INFO - Saving sgfa_K4_percW10_grp0.1 factor scores Z shape: (86, 4)
2025-10-09 02:52:34,786 - experiments.framework - INFO - Saving sgfa_K4_percW10_grp0.1 factor scores Z shape: (86, 4)
2025-10-09 02:52:34,911 - experiments.framework - INFO - Saving sgfa_K4_percW10_grp0.2 factor scores Z shape: (86, 4)
2025-10-09 02:52:34,911 - experiments.framework - INFO - Saving sgfa_K4_percW10_grp0.2 factor scores Z shape: (86, 4)
2025-10-09 02:52:35,036 - experiments.framework - INFO - Saving sgfa_K4_percW25_grp0.0 factor scores Z shape: (86, 4)
2025-10-09 02:52:35,036 - experiments.framework - INFO - Saving sgfa_K4_percW25_grp0.0 factor scores Z shape: (86, 4)
2025-10-09 02:52:35,178 - experiments.framework - INFO - Saving sgfa_K4_percW25_grp0.05 factor scores Z shape: (86, 4)
2025-10-09 02:52:35,178 - experiments.framework - INFO - Saving sgfa_K4_percW25_grp0.05 factor scores Z shape: (86, 4)
2025-10-09 02:52:35,313 - experiments.framework - INFO - Saving sgfa_K4_percW25_grp0.1 factor scores Z shape: (86, 4)
2025-10-09 02:52:35,313 - experiments.framework - INFO - Saving sgfa_K4_percW25_grp0.1 factor scores Z shape: (86, 4)
2025-10-09 02:52:35,454 - experiments.framework - INFO - Saving sgfa_K4_percW25_grp0.2 factor scores Z shape: (86, 4)
2025-10-09 02:52:35,454 - experiments.framework - INFO - Saving sgfa_K4_percW25_grp0.2 factor scores Z shape: (86, 4)
2025-10-09 02:52:35,597 - experiments.framework - INFO - Saving sgfa_K4_percW33_grp0.0 factor scores Z shape: (86, 4)
2025-10-09 02:52:35,597 - experiments.framework - INFO - Saving sgfa_K4_percW33_grp0.0 factor scores Z shape: (86, 4)
2025-10-09 02:52:35,721 - experiments.framework - INFO - Saving sgfa_K4_percW33_grp0.05 factor scores Z shape: (86, 4)
2025-10-09 02:52:35,721 - experiments.framework - INFO - Saving sgfa_K4_percW33_grp0.05 factor scores Z shape: (86, 4)
2025-10-09 02:52:35,845 - experiments.framework - INFO - Saving sgfa_K4_percW33_grp0.1 factor scores Z shape: (86, 4)
2025-10-09 02:52:35,845 - experiments.framework - INFO - Saving sgfa_K4_percW33_grp0.1 factor scores Z shape: (86, 4)
2025-10-09 02:52:35,977 - experiments.framework - INFO - Saving sgfa_K4_percW33_grp0.2 factor scores Z shape: (86, 4)
2025-10-09 02:52:35,977 - experiments.framework - INFO - Saving sgfa_K4_percW33_grp0.2 factor scores Z shape: (86, 4)
2025-10-09 02:52:35,982 - experiments.framework - INFO - Saving 6 plots to /cs/student/msc/aibh/2024/madhavan/sgfa_qmap-pd/results/all_rois-sn+lentiform+putamen_conf-age+sex+tiv_run_20251008_221324/sgfa_hyperparameter_tuning_20251008_221349/plots
2025-10-09 02:52:35,982 - experiments.framework - INFO - Saving 6 plots to /cs/student/msc/aibh/2024/madhavan/sgfa_qmap-pd/results/all_rois-sn+lentiform+putamen_conf-age+sex+tiv_run_20251008_221324/sgfa_hyperparameter_tuning_20251008_221349/plots
2025-10-09 02:52:38,190 - experiments.framework - INFO -   ✅ Saved plot: sgfa_variant_performance
2025-10-09 02:52:38,190 - experiments.framework - INFO -   ✅ Saved plot: sgfa_variant_performance
2025-10-09 02:52:40,929 - experiments.framework - INFO -   ✅ Saved plot: sgfa_variant_quality
2025-10-09 02:52:40,929 - experiments.framework - INFO -   ✅ Saved plot: sgfa_variant_quality
2025-10-09 02:52:42,001 - experiments.framework - INFO -   ✅ Saved plot: best_factor_loadings
2025-10-09 02:52:42,001 - experiments.framework - INFO -   ✅ Saved plot: best_factor_loadings
2025-10-09 02:52:49,274 - experiments.framework - INFO -   ✅ Saved plot: best_factor_scores
2025-10-09 02:52:49,274 - experiments.framework - INFO -   ✅ Saved plot: best_factor_scores
2025-10-09 02:52:50,052 - experiments.framework - INFO -   ✅ Saved plot: parameter_grid_search
2025-10-09 02:52:50,052 - experiments.framework - INFO -   ✅ Saved plot: parameter_grid_search
2025-10-09 02:52:51,231 - experiments.framework - INFO -   ✅ Saved plot: parameter_heatmaps
2025-10-09 02:52:51,231 - experiments.framework - INFO -   ✅ Saved plot: parameter_heatmaps
2025-10-09 02:52:51,231 - experiments.framework - INFO - All plots saved to: /cs/student/msc/aibh/2024/madhavan/sgfa_qmap-pd/results/all_rois-sn+lentiform+putamen_conf-age+sex+tiv_run_20251008_221324/sgfa_hyperparameter_tuning_20251008_221349/plots
2025-10-09 02:52:51,231 - experiments.framework - INFO - All plots saved to: /cs/student/msc/aibh/2024/madhavan/sgfa_qmap-pd/results/all_rois-sn+lentiform+putamen_conf-age+sex+tiv_run_20251008_221324/sgfa_hyperparameter_tuning_20251008_221349/plots
2025-10-09 02:53:01,220 - experiments.framework - INFO - ExperimentFramework initialized with output dir: /cs/student/msc/aibh/2024/madhavan/sgfa_qmap-pd/results/all_rois-sn+lentiform+putamen_conf-age+sex+tiv_run_20251008_221324
2025-10-09 02:53:01,220 - experiments.framework - INFO - ExperimentFramework initialized with output dir: /cs/student/msc/aibh/2024/madhavan/sgfa_qmap-pd/results/all_rois-sn+lentiform+putamen_conf-age+sex+tiv_run_20251008_221324
2025-10-09 02:53:01,220 - experiments.framework - INFO - ExperimentFramework initialized with output dir: /cs/student/msc/aibh/2024/madhavan/sgfa_qmap-pd/results/all_rois-sn+lentiform+putamen_conf-age+sex+tiv_run_20251008_221324
2025-10-09 02:53:01,227 - experiments.framework - INFO - Starting experiment: methods_comparison_20251009_025301
2025-10-09 02:53:01,227 - experiments.framework - INFO - Starting experiment: methods_comparison_20251009_025301
2025-10-09 02:53:01,227 - experiments.framework - INFO - Starting experiment: methods_comparison_20251009_025301
2025-10-09 03:02:15,672 - experiments.framework - INFO - Saving sparseGFA factor scores Z shape: (86, 5)
2025-10-09 03:02:15,672 - experiments.framework - INFO - Saving sparseGFA factor scores Z shape: (86, 5)
2025-10-09 03:02:15,672 - experiments.framework - INFO - Saving sparseGFA factor scores Z shape: (86, 5)
2025-10-09 03:02:15,973 - experiments.framework - INFO - Saving pca factor scores Z shape: (86, 5)
2025-10-09 03:02:15,973 - experiments.framework - INFO - Saving pca factor scores Z shape: (86, 5)
2025-10-09 03:02:15,973 - experiments.framework - INFO - Saving pca factor scores Z shape: (86, 5)
2025-10-09 03:02:16,254 - experiments.framework - INFO - Saving ica factor scores Z shape: (86, 5)
2025-10-09 03:02:16,254 - experiments.framework - INFO - Saving ica factor scores Z shape: (86, 5)
2025-10-09 03:02:16,254 - experiments.framework - INFO - Saving ica factor scores Z shape: (86, 5)
2025-10-09 03:02:16,480 - experiments.framework - INFO - Saving fa factor scores Z shape: (86, 5)
2025-10-09 03:02:16,480 - experiments.framework - INFO - Saving fa factor scores Z shape: (86, 5)
2025-10-09 03:02:16,480 - experiments.framework - INFO - Saving fa factor scores Z shape: (86, 5)
2025-10-09 03:02:16,694 - experiments.framework - INFO - Saving nmf factor scores Z shape: (86, 5)
2025-10-09 03:02:16,694 - experiments.framework - INFO - Saving nmf factor scores Z shape: (86, 5)
2025-10-09 03:02:16,694 - experiments.framework - INFO - Saving nmf factor scores Z shape: (86, 5)
2025-10-09 03:02:16,903 - experiments.framework - INFO - Saving kmeans factor scores Z shape: (86, 5)
2025-10-09 03:02:16,903 - experiments.framework - INFO - Saving kmeans factor scores Z shape: (86, 5)
2025-10-09 03:02:16,903 - experiments.framework - INFO - Saving kmeans factor scores Z shape: (86, 5)
2025-10-09 03:02:17,131 - experiments.framework - INFO - Saving cca factor scores Z shape: (86, 5)
2025-10-09 03:02:17,131 - experiments.framework - INFO - Saving cca factor scores Z shape: (86, 5)
2025-10-09 03:02:17,131 - experiments.framework - INFO - Saving cca factor scores Z shape: (86, 5)
2025-10-09 03:02:17,408 - experiments.framework - INFO - 🏁 EXPERIMENT COMPLETED: methods_comparison_20251009_025301
2025-10-09 03:02:17,408 - experiments.framework - INFO - 🏁 EXPERIMENT COMPLETED: methods_comparison_20251009_025301
2025-10-09 03:02:17,408 - experiments.framework - INFO - 🏁 EXPERIMENT COMPLETED: methods_comparison_20251009_025301
2025-10-09 03:02:17,408 - experiments.framework - INFO - ⏱️  TOTAL RUNTIME: 9.3 minutes (556s)
2025-10-09 03:02:17,408 - experiments.framework - INFO - ⏱️  TOTAL RUNTIME: 9.3 minutes (556s)
2025-10-09 03:02:17,408 - experiments.framework - INFO - ⏱️  TOTAL RUNTIME: 9.3 minutes (556s)
2025-10-09 03:02:17,408 - experiments.framework - INFO - 🕐 Started: 2025-10-09 02:53:01
2025-10-09 03:02:17,408 - experiments.framework - INFO - 🕐 Started: 2025-10-09 02:53:01
2025-10-09 03:02:17,408 - experiments.framework - INFO - 🕐 Started: 2025-10-09 02:53:01
2025-10-09 03:02:17,408 - experiments.framework - INFO - 🕑 Finished: 2025-10-09 03:02:17
2025-10-09 03:02:17,408 - experiments.framework - INFO - 🕑 Finished: 2025-10-09 03:02:17
2025-10-09 03:02:17,408 - experiments.framework - INFO - 🕑 Finished: 2025-10-09 03:02:17
2025-10-09 03:02:17,408 - experiments.framework - INFO - Experiment completed successfully: methods_comparison_20251009_025301
2025-10-09 03:02:17,408 - experiments.framework - INFO - Experiment completed successfully: methods_comparison_20251009_025301
2025-10-09 03:02:17,408 - experiments.framework - INFO - Experiment completed successfully: methods_comparison_20251009_025301
2025-10-09 03:02:17,408 - experiments.framework - INFO - 🧹 Performing comprehensive memory cleanup...
2025-10-09 03:02:17,408 - experiments.framework - INFO - 🧹 Performing comprehensive memory cleanup...
2025-10-09 03:02:17,408 - experiments.framework - INFO - 🧹 Performing comprehensive memory cleanup...
2025-10-09 03:02:17,524 - experiments.framework - INFO - Garbage collection freed 166 objects
2025-10-09 03:02:17,524 - experiments.framework - INFO - Garbage collection freed 166 objects
2025-10-09 03:02:17,524 - experiments.framework - INFO - Garbage collection freed 166 objects
2025-10-09 03:02:17,963 - experiments.framework - INFO - GPU memory cleanup attempted
2025-10-09 03:02:17,963 - experiments.framework - INFO - GPU memory cleanup attempted
2025-10-09 03:02:17,963 - experiments.framework - INFO - GPU memory cleanup attempted
2025-10-09 03:02:18,965 - experiments.framework - INFO - ✅ Comprehensive memory cleanup completed
2025-10-09 03:02:18,965 - experiments.framework - INFO - ✅ Comprehensive memory cleanup completed
2025-10-09 03:02:18,965 - experiments.framework - INFO - ✅ Comprehensive memory cleanup completed
2025-10-09 03:02:19,566 - experiments.framework - INFO - Pickle saving disabled to prevent large files - using JSON and CSV instead
2025-10-09 03:02:19,566 - experiments.framework - INFO - Pickle saving disabled to prevent large files - using JSON and CSV instead
2025-10-09 03:02:19,566 - experiments.framework - INFO - Pickle saving disabled to prevent large files - using JSON and CSV instead
2025-10-09 03:02:19,572 - experiments.framework - INFO - Saving 6 plots to /cs/student/msc/aibh/2024/madhavan/sgfa_qmap-pd/results/all_rois-sn+lentiform+putamen_conf-age+sex+tiv_run_20251008_221324/methods_comparison_20251009_025301/plots
2025-10-09 03:02:19,572 - experiments.framework - INFO - Saving 6 plots to /cs/student/msc/aibh/2024/madhavan/sgfa_qmap-pd/results/all_rois-sn+lentiform+putamen_conf-age+sex+tiv_run_20251008_221324/methods_comparison_20251009_025301/plots
2025-10-09 03:02:19,572 - experiments.framework - INFO - Saving 6 plots to /cs/student/msc/aibh/2024/madhavan/sgfa_qmap-pd/results/all_rois-sn+lentiform+putamen_conf-age+sex+tiv_run_20251008_221324/methods_comparison_20251009_025301/plots
2025-10-09 03:02:20,294 - experiments.framework - INFO -   ✅ Saved plot: sparsegfa_vs_traditional_performance
2025-10-09 03:02:20,294 - experiments.framework - INFO -   ✅ Saved plot: sparsegfa_vs_traditional_performance
2025-10-09 03:02:20,294 - experiments.framework - INFO -   ✅ Saved plot: sparsegfa_vs_traditional_performance
2025-10-09 03:02:20,787 - experiments.framework - INFO -   ✅ Saved plot: model_reconstruction_quality
2025-10-09 03:02:20,787 - experiments.framework - INFO -   ✅ Saved plot: model_reconstruction_quality
2025-10-09 03:02:20,787 - experiments.framework - INFO -   ✅ Saved plot: model_reconstruction_quality
2025-10-09 03:02:21,260 - experiments.framework - INFO -   ✅ Saved plot: information_criteria
2025-10-09 03:02:21,260 - experiments.framework - INFO -   ✅ Saved plot: information_criteria
2025-10-09 03:02:21,260 - experiments.framework - INFO -   ✅ Saved plot: information_criteria
2025-10-09 03:02:21,839 - experiments.framework - INFO -   ✅ Saved plot: factor_stability
2025-10-09 03:02:21,839 - experiments.framework - INFO -   ✅ Saved plot: factor_stability
2025-10-09 03:02:21,839 - experiments.framework - INFO -   ✅ Saved plot: factor_stability
2025-10-09 03:02:22,313 - experiments.framework - INFO -   ✅ Saved plot: model_performance_vs_quality_tradeoff
2025-10-09 03:02:22,313 - experiments.framework - INFO -   ✅ Saved plot: model_performance_vs_quality_tradeoff
2025-10-09 03:02:22,313 - experiments.framework - INFO -   ✅ Saved plot: model_performance_vs_quality_tradeoff
2025-10-09 03:02:22,866 - experiments.framework - INFO -   ✅ Saved plot: comprehensive_comparison_table
2025-10-09 03:02:22,866 - experiments.framework - INFO -   ✅ Saved plot: comprehensive_comparison_table
2025-10-09 03:02:22,866 - experiments.framework - INFO -   ✅ Saved plot: comprehensive_comparison_table
2025-10-09 03:02:22,867 - experiments.framework - INFO - All plots saved to: /cs/student/msc/aibh/2024/madhavan/sgfa_qmap-pd/results/all_rois-sn+lentiform+putamen_conf-age+sex+tiv_run_20251008_221324/methods_comparison_20251009_025301/plots
2025-10-09 03:02:22,867 - experiments.framework - INFO - All plots saved to: /cs/student/msc/aibh/2024/madhavan/sgfa_qmap-pd/results/all_rois-sn+lentiform+putamen_conf-age+sex+tiv_run_20251008_221324/methods_comparison_20251009_025301/plots
2025-10-09 03:02:22,867 - experiments.framework - INFO - All plots saved to: /cs/student/msc/aibh/2024/madhavan/sgfa_qmap-pd/results/all_rois-sn+lentiform+putamen_conf-age+sex+tiv_run_20251008_221324/methods_comparison_20251009_025301/plots
2025-10-09 03:02:33,211 - experiments.framework - INFO - ExperimentFramework initialized with output dir: /cs/student/msc/aibh/2024/madhavan/sgfa_qmap-pd/results/all_rois-sn+lentiform+putamen_conf-age+sex+tiv_run_20251008_221324
2025-10-09 03:02:33,211 - experiments.framework - INFO - ExperimentFramework initialized with output dir: /cs/student/msc/aibh/2024/madhavan/sgfa_qmap-pd/results/all_rois-sn+lentiform+putamen_conf-age+sex+tiv_run_20251008_221324
2025-10-09 03:02:33,211 - experiments.framework - INFO - ExperimentFramework initialized with output dir: /cs/student/msc/aibh/2024/madhavan/sgfa_qmap-pd/results/all_rois-sn+lentiform+putamen_conf-age+sex+tiv_run_20251008_221324
2025-10-09 03:02:33,211 - experiments.framework - INFO - ExperimentFramework initialized with output dir: /cs/student/msc/aibh/2024/madhavan/sgfa_qmap-pd/results/all_rois-sn+lentiform+putamen_conf-age+sex+tiv_run_20251008_221324
2025-10-09 03:02:33,220 - experiments.framework - INFO - Starting experiment: sensitivity_analysis_20251009_030233
2025-10-09 03:02:33,220 - experiments.framework - INFO - Starting experiment: sensitivity_analysis_20251009_030233
2025-10-09 03:02:33,220 - experiments.framework - INFO - Starting experiment: sensitivity_analysis_20251009_030233
2025-10-09 03:02:33,220 - experiments.framework - INFO - Starting experiment: sensitivity_analysis_20251009_030233
2025-10-09 03:23:18,831 - experiments.framework - INFO - 🏁 EXPERIMENT COMPLETED: sensitivity_analysis_20251009_030233
2025-10-09 03:23:18,831 - experiments.framework - INFO - 🏁 EXPERIMENT COMPLETED: sensitivity_analysis_20251009_030233
2025-10-09 03:23:18,831 - experiments.framework - INFO - 🏁 EXPERIMENT COMPLETED: sensitivity_analysis_20251009_030233
2025-10-09 03:23:18,831 - experiments.framework - INFO - 🏁 EXPERIMENT COMPLETED: sensitivity_analysis_20251009_030233
2025-10-09 03:23:18,832 - experiments.framework - INFO - ⏱️  TOTAL RUNTIME: 20.8 minutes (1246s)
2025-10-09 03:23:18,832 - experiments.framework - INFO - ⏱️  TOTAL RUNTIME: 20.8 minutes (1246s)
2025-10-09 03:23:18,832 - experiments.framework - INFO - ⏱️  TOTAL RUNTIME: 20.8 minutes (1246s)
2025-10-09 03:23:18,832 - experiments.framework - INFO - ⏱️  TOTAL RUNTIME: 20.8 minutes (1246s)
2025-10-09 03:23:18,832 - experiments.framework - INFO - 🕐 Started: 2025-10-09 03:02:33
2025-10-09 03:23:18,832 - experiments.framework - INFO - 🕐 Started: 2025-10-09 03:02:33
2025-10-09 03:23:18,832 - experiments.framework - INFO - 🕐 Started: 2025-10-09 03:02:33
2025-10-09 03:23:18,832 - experiments.framework - INFO - 🕐 Started: 2025-10-09 03:02:33
2025-10-09 03:23:18,832 - experiments.framework - INFO - 🕑 Finished: 2025-10-09 03:23:18
2025-10-09 03:23:18,832 - experiments.framework - INFO - 🕑 Finished: 2025-10-09 03:23:18
2025-10-09 03:23:18,832 - experiments.framework - INFO - 🕑 Finished: 2025-10-09 03:23:18
2025-10-09 03:23:18,832 - experiments.framework - INFO - 🕑 Finished: 2025-10-09 03:23:18
2025-10-09 03:23:18,832 - experiments.framework - INFO - Experiment completed successfully: sensitivity_analysis_20251009_030233
2025-10-09 03:23:18,832 - experiments.framework - INFO - Experiment completed successfully: sensitivity_analysis_20251009_030233
2025-10-09 03:23:18,832 - experiments.framework - INFO - Experiment completed successfully: sensitivity_analysis_20251009_030233
2025-10-09 03:23:18,832 - experiments.framework - INFO - Experiment completed successfully: sensitivity_analysis_20251009_030233
2025-10-09 03:23:18,833 - experiments.framework - INFO - 🧹 Performing comprehensive memory cleanup...
2025-10-09 03:23:18,833 - experiments.framework - INFO - 🧹 Performing comprehensive memory cleanup...
2025-10-09 03:23:18,833 - experiments.framework - INFO - 🧹 Performing comprehensive memory cleanup...
2025-10-09 03:23:18,833 - experiments.framework - INFO - 🧹 Performing comprehensive memory cleanup...
2025-10-09 03:23:18,953 - experiments.framework - INFO - Garbage collection freed 40 objects
2025-10-09 03:23:18,953 - experiments.framework - INFO - Garbage collection freed 40 objects
2025-10-09 03:23:18,953 - experiments.framework - INFO - Garbage collection freed 40 objects
2025-10-09 03:23:18,953 - experiments.framework - INFO - Garbage collection freed 40 objects
2025-10-09 03:23:19,415 - experiments.framework - INFO - GPU memory cleanup attempted
2025-10-09 03:23:19,415 - experiments.framework - INFO - GPU memory cleanup attempted
2025-10-09 03:23:19,415 - experiments.framework - INFO - GPU memory cleanup attempted
2025-10-09 03:23:19,415 - experiments.framework - INFO - GPU memory cleanup attempted
2025-10-09 03:23:20,416 - experiments.framework - INFO - ✅ Comprehensive memory cleanup completed
2025-10-09 03:23:20,416 - experiments.framework - INFO - ✅ Comprehensive memory cleanup completed
2025-10-09 03:23:20,416 - experiments.framework - INFO - ✅ Comprehensive memory cleanup completed
2025-10-09 03:23:20,416 - experiments.framework - INFO - ✅ Comprehensive memory cleanup completed
2025-10-09 03:23:20,527 - experiments.framework - INFO - Pickle saving disabled to prevent large files - using JSON and CSV instead
2025-10-09 03:23:20,527 - experiments.framework - INFO - Pickle saving disabled to prevent large files - using JSON and CSV instead
2025-10-09 03:23:20,527 - experiments.framework - INFO - Pickle saving disabled to prevent large files - using JSON and CSV instead
2025-10-09 03:23:20,527 - experiments.framework - INFO - Pickle saving disabled to prevent large files - using JSON and CSV instead
2025-10-09 03:23:20,534 - experiments.framework - INFO - Saving 1 plots to /cs/student/msc/aibh/2024/madhavan/sgfa_qmap-pd/results/all_rois-sn+lentiform+putamen_conf-age+sex+tiv_run_20251008_221324/sensitivity_analysis_20251009_030233/plots
2025-10-09 03:23:20,534 - experiments.framework - INFO - Saving 1 plots to /cs/student/msc/aibh/2024/madhavan/sgfa_qmap-pd/results/all_rois-sn+lentiform+putamen_conf-age+sex+tiv_run_20251008_221324/sensitivity_analysis_20251009_030233/plots
2025-10-09 03:23:20,534 - experiments.framework - INFO - Saving 1 plots to /cs/student/msc/aibh/2024/madhavan/sgfa_qmap-pd/results/all_rois-sn+lentiform+putamen_conf-age+sex+tiv_run_20251008_221324/sensitivity_analysis_20251009_030233/plots
2025-10-09 03:23:20,534 - experiments.framework - INFO - Saving 1 plots to /cs/student/msc/aibh/2024/madhavan/sgfa_qmap-pd/results/all_rois-sn+lentiform+putamen_conf-age+sex+tiv_run_20251008_221324/sensitivity_analysis_20251009_030233/plots
2025-10-09 03:23:22,521 - experiments.framework - INFO -   ✅ Saved plot: parameter_sensitivity_summary
2025-10-09 03:23:22,521 - experiments.framework - INFO -   ✅ Saved plot: parameter_sensitivity_summary
2025-10-09 03:23:22,521 - experiments.framework - INFO -   ✅ Saved plot: parameter_sensitivity_summary
2025-10-09 03:23:22,521 - experiments.framework - INFO -   ✅ Saved plot: parameter_sensitivity_summary
2025-10-09 03:23:22,521 - experiments.framework - INFO - All plots saved to: /cs/student/msc/aibh/2024/madhavan/sgfa_qmap-pd/results/all_rois-sn+lentiform+putamen_conf-age+sex+tiv_run_20251008_221324/sensitivity_analysis_20251009_030233/plots
2025-10-09 03:23:22,521 - experiments.framework - INFO - All plots saved to: /cs/student/msc/aibh/2024/madhavan/sgfa_qmap-pd/results/all_rois-sn+lentiform+putamen_conf-age+sex+tiv_run_20251008_221324/sensitivity_analysis_20251009_030233/plots
2025-10-09 03:23:22,521 - experiments.framework - INFO - All plots saved to: /cs/student/msc/aibh/2024/madhavan/sgfa_qmap-pd/results/all_rois-sn+lentiform+putamen_conf-age+sex+tiv_run_20251008_221324/sensitivity_analysis_20251009_030233/plots
2025-10-09 03:23:22,521 - experiments.framework - INFO - All plots saved to: /cs/student/msc/aibh/2024/madhavan/sgfa_qmap-pd/results/all_rois-sn+lentiform+putamen_conf-age+sex+tiv_run_20251008_221324/sensitivity_analysis_20251009_030233/plots
2025-10-09 03:23:36,064 - experiments.framework - INFO - ExperimentFramework initialized with output dir: /cs/student/msc/aibh/2024/madhavan/sgfa_qmap-pd/results/all_rois-sn+lentiform+putamen_conf-age+sex+tiv_run_20251008_221324
2025-10-09 03:23:36,064 - experiments.framework - INFO - ExperimentFramework initialized with output dir: /cs/student/msc/aibh/2024/madhavan/sgfa_qmap-pd/results/all_rois-sn+lentiform+putamen_conf-age+sex+tiv_run_20251008_221324
2025-10-09 03:23:36,064 - experiments.framework - INFO - ExperimentFramework initialized with output dir: /cs/student/msc/aibh/2024/madhavan/sgfa_qmap-pd/results/all_rois-sn+lentiform+putamen_conf-age+sex+tiv_run_20251008_221324
2025-10-09 03:23:36,064 - experiments.framework - INFO - ExperimentFramework initialized with output dir: /cs/student/msc/aibh/2024/madhavan/sgfa_qmap-pd/results/all_rois-sn+lentiform+putamen_conf-age+sex+tiv_run_20251008_221324
2025-10-09 03:23:36,064 - experiments.framework - INFO - ExperimentFramework initialized with output dir: /cs/student/msc/aibh/2024/madhavan/sgfa_qmap-pd/results/all_rois-sn+lentiform+putamen_conf-age+sex+tiv_run_20251008_221324
2025-10-09 03:23:36,072 - experiments.framework - INFO - Starting experiment: clinical_validation_20251009_032336
2025-10-09 03:23:36,072 - experiments.framework - INFO - Starting experiment: clinical_validation_20251009_032336
2025-10-09 03:23:36,072 - experiments.framework - INFO - Starting experiment: clinical_validation_20251009_032336
2025-10-09 03:23:36,072 - experiments.framework - INFO - Starting experiment: clinical_validation_20251009_032336
2025-10-09 03:23:36,072 - experiments.framework - INFO - Starting experiment: clinical_validation_20251009_032336
2025-10-09 03:29:53,308 - experiments.framework - INFO - 🏁 EXPERIMENT COMPLETED: clinical_validation_20251009_032336
2025-10-09 03:29:53,308 - experiments.framework - INFO - 🏁 EXPERIMENT COMPLETED: clinical_validation_20251009_032336
2025-10-09 03:29:53,308 - experiments.framework - INFO - 🏁 EXPERIMENT COMPLETED: clinical_validation_20251009_032336
2025-10-09 03:29:53,308 - experiments.framework - INFO - 🏁 EXPERIMENT COMPLETED: clinical_validation_20251009_032336
2025-10-09 03:29:53,308 - experiments.framework - INFO - 🏁 EXPERIMENT COMPLETED: clinical_validation_20251009_032336
2025-10-09 03:29:53,309 - experiments.framework - INFO - ⏱️  TOTAL RUNTIME: 6.3 minutes (377s)
2025-10-09 03:29:53,309 - experiments.framework - INFO - ⏱️  TOTAL RUNTIME: 6.3 minutes (377s)
2025-10-09 03:29:53,309 - experiments.framework - INFO - ⏱️  TOTAL RUNTIME: 6.3 minutes (377s)
2025-10-09 03:29:53,309 - experiments.framework - INFO - ⏱️  TOTAL RUNTIME: 6.3 minutes (377s)
2025-10-09 03:29:53,309 - experiments.framework - INFO - ⏱️  TOTAL RUNTIME: 6.3 minutes (377s)
2025-10-09 03:29:53,309 - experiments.framework - INFO - 🕐 Started: 2025-10-09 03:23:36
2025-10-09 03:29:53,309 - experiments.framework - INFO - 🕐 Started: 2025-10-09 03:23:36
2025-10-09 03:29:53,309 - experiments.framework - INFO - 🕐 Started: 2025-10-09 03:23:36
2025-10-09 03:29:53,309 - experiments.framework - INFO - 🕐 Started: 2025-10-09 03:23:36
2025-10-09 03:29:53,309 - experiments.framework - INFO - 🕐 Started: 2025-10-09 03:23:36
2025-10-09 03:29:53,309 - experiments.framework - INFO - 🕑 Finished: 2025-10-09 03:29:53
2025-10-09 03:29:53,309 - experiments.framework - INFO - 🕑 Finished: 2025-10-09 03:29:53
2025-10-09 03:29:53,309 - experiments.framework - INFO - 🕑 Finished: 2025-10-09 03:29:53
2025-10-09 03:29:53,309 - experiments.framework - INFO - 🕑 Finished: 2025-10-09 03:29:53
2025-10-09 03:29:53,309 - experiments.framework - INFO - 🕑 Finished: 2025-10-09 03:29:53
2025-10-09 03:29:53,309 - experiments.framework - INFO - Experiment completed successfully: clinical_validation_20251009_032336
2025-10-09 03:29:53,309 - experiments.framework - INFO - Experiment completed successfully: clinical_validation_20251009_032336
2025-10-09 03:29:53,309 - experiments.framework - INFO - Experiment completed successfully: clinical_validation_20251009_032336
2025-10-09 03:29:53,309 - experiments.framework - INFO - Experiment completed successfully: clinical_validation_20251009_032336
2025-10-09 03:29:53,309 - experiments.framework - INFO - Experiment completed successfully: clinical_validation_20251009_032336
2025-10-09 03:29:53,309 - experiments.framework - INFO - 🧹 Performing comprehensive memory cleanup...
2025-10-09 03:29:53,309 - experiments.framework - INFO - 🧹 Performing comprehensive memory cleanup...
2025-10-09 03:29:53,309 - experiments.framework - INFO - 🧹 Performing comprehensive memory cleanup...
2025-10-09 03:29:53,309 - experiments.framework - INFO - 🧹 Performing comprehensive memory cleanup...
2025-10-09 03:29:53,309 - experiments.framework - INFO - 🧹 Performing comprehensive memory cleanup...
2025-10-09 03:29:53,497 - experiments.framework - INFO - Garbage collection freed 205 objects
2025-10-09 03:29:53,497 - experiments.framework - INFO - Garbage collection freed 205 objects
2025-10-09 03:29:53,497 - experiments.framework - INFO - Garbage collection freed 205 objects
2025-10-09 03:29:53,497 - experiments.framework - INFO - Garbage collection freed 205 objects
2025-10-09 03:29:53,497 - experiments.framework - INFO - Garbage collection freed 205 objects
2025-10-09 03:29:54,228 - experiments.framework - INFO - GPU memory cleanup attempted
2025-10-09 03:29:54,228 - experiments.framework - INFO - GPU memory cleanup attempted
2025-10-09 03:29:54,228 - experiments.framework - INFO - GPU memory cleanup attempted
2025-10-09 03:29:54,228 - experiments.framework - INFO - GPU memory cleanup attempted
2025-10-09 03:29:54,228 - experiments.framework - INFO - GPU memory cleanup attempted
2025-10-09 03:29:55,229 - experiments.framework - INFO - ✅ Comprehensive memory cleanup completed
2025-10-09 03:29:55,229 - experiments.framework - INFO - ✅ Comprehensive memory cleanup completed
2025-10-09 03:29:55,229 - experiments.framework - INFO - ✅ Comprehensive memory cleanup completed
2025-10-09 03:29:55,229 - experiments.framework - INFO - ✅ Comprehensive memory cleanup completed
2025-10-09 03:29:55,229 - experiments.framework - INFO - ✅ Comprehensive memory cleanup completed
2025-10-09 03:29:55,276 - experiments.framework - INFO - Pickle saving disabled to prevent large files - using JSON and CSV instead
2025-10-09 03:29:55,276 - experiments.framework - INFO - Pickle saving disabled to prevent large files - using JSON and CSV instead
2025-10-09 03:29:55,276 - experiments.framework - INFO - Pickle saving disabled to prevent large files - using JSON and CSV instead
2025-10-09 03:29:55,276 - experiments.framework - INFO - Pickle saving disabled to prevent large files - using JSON and CSV instead
2025-10-09 03:29:55,276 - experiments.framework - INFO - Pickle saving disabled to prevent large files - using JSON and CSV instead
2025-10-09 03:29:55,282 - experiments.framework - INFO - Saving 1 plots to /cs/student/msc/aibh/2024/madhavan/sgfa_qmap-pd/results/all_rois-sn+lentiform+putamen_conf-age+sex+tiv_run_20251008_221324/clinical_validation_20251009_032336/plots
2025-10-09 03:29:55,282 - experiments.framework - INFO - Saving 1 plots to /cs/student/msc/aibh/2024/madhavan/sgfa_qmap-pd/results/all_rois-sn+lentiform+putamen_conf-age+sex+tiv_run_20251008_221324/clinical_validation_20251009_032336/plots
2025-10-09 03:29:55,282 - experiments.framework - INFO - Saving 1 plots to /cs/student/msc/aibh/2024/madhavan/sgfa_qmap-pd/results/all_rois-sn+lentiform+putamen_conf-age+sex+tiv_run_20251008_221324/clinical_validation_20251009_032336/plots
2025-10-09 03:29:55,282 - experiments.framework - INFO - Saving 1 plots to /cs/student/msc/aibh/2024/madhavan/sgfa_qmap-pd/results/all_rois-sn+lentiform+putamen_conf-age+sex+tiv_run_20251008_221324/clinical_validation_20251009_032336/plots
2025-10-09 03:29:55,282 - experiments.framework - INFO - Saving 1 plots to /cs/student/msc/aibh/2024/madhavan/sgfa_qmap-pd/results/all_rois-sn+lentiform+putamen_conf-age+sex+tiv_run_20251008_221324/clinical_validation_20251009_032336/plots
2025-10-09 03:29:55,962 - experiments.framework - INFO -   ✅ Saved plot: clinical_validation_summary
2025-10-09 03:29:55,962 - experiments.framework - INFO -   ✅ Saved plot: clinical_validation_summary
2025-10-09 03:29:55,962 - experiments.framework - INFO -   ✅ Saved plot: clinical_validation_summary
2025-10-09 03:29:55,962 - experiments.framework - INFO -   ✅ Saved plot: clinical_validation_summary
2025-10-09 03:29:55,962 - experiments.framework - INFO -   ✅ Saved plot: clinical_validation_summary
2025-10-09 03:29:55,963 - experiments.framework - INFO - All plots saved to: /cs/student/msc/aibh/2024/madhavan/sgfa_qmap-pd/results/all_rois-sn+lentiform+putamen_conf-age+sex+tiv_run_20251008_221324/clinical_validation_20251009_032336/plots
2025-10-09 03:29:55,963 - experiments.framework - INFO - All plots saved to: /cs/student/msc/aibh/2024/madhavan/sgfa_qmap-pd/results/all_rois-sn+lentiform+putamen_conf-age+sex+tiv_run_20251008_221324/clinical_validation_20251009_032336/plots
2025-10-09 03:29:55,963 - experiments.framework - INFO - All plots saved to: /cs/student/msc/aibh/2024/madhavan/sgfa_qmap-pd/results/all_rois-sn+lentiform+putamen_conf-age+sex+tiv_run_20251008_221324/clinical_validation_20251009_032336/plots
2025-10-09 03:29:55,963 - experiments.framework - INFO - All plots saved to: /cs/student/msc/aibh/2024/madhavan/sgfa_qmap-pd/results/all_rois-sn+lentiform+putamen_conf-age+sex+tiv_run_20251008_221324/clinical_validation_20251009_032336/plots
2025-10-09 03:29:55,963 - experiments.framework - INFO - All plots saved to: /cs/student/msc/aibh/2024/madhavan/sgfa_qmap-pd/results/all_rois-sn+lentiform+putamen_conf-age+sex+tiv_run_20251008_221324/clinical_validation_20251009_032336/plots
2025-10-09 03:30:06,626 - experiments.framework - INFO - ExperimentFramework initialized with output dir: /cs/student/msc/aibh/2024/madhavan/sgfa_qmap-pd/results/all_rois-sn+lentiform+putamen_conf-age+sex+tiv_run_20251008_221324
2025-10-09 03:30:06,626 - experiments.framework - INFO - ExperimentFramework initialized with output dir: /cs/student/msc/aibh/2024/madhavan/sgfa_qmap-pd/results/all_rois-sn+lentiform+putamen_conf-age+sex+tiv_run_20251008_221324
2025-10-09 03:30:06,626 - experiments.framework - INFO - ExperimentFramework initialized with output dir: /cs/student/msc/aibh/2024/madhavan/sgfa_qmap-pd/results/all_rois-sn+lentiform+putamen_conf-age+sex+tiv_run_20251008_221324
2025-10-09 03:30:06,626 - experiments.framework - INFO - ExperimentFramework initialized with output dir: /cs/student/msc/aibh/2024/madhavan/sgfa_qmap-pd/results/all_rois-sn+lentiform+putamen_conf-age+sex+tiv_run_20251008_221324
2025-10-09 03:30:06,626 - experiments.framework - INFO - ExperimentFramework initialized with output dir: /cs/student/msc/aibh/2024/madhavan/sgfa_qmap-pd/results/all_rois-sn+lentiform+putamen_conf-age+sex+tiv_run_20251008_221324
2025-10-09 03:30:06,626 - experiments.framework - INFO - ExperimentFramework initialized with output dir: /cs/student/msc/aibh/2024/madhavan/sgfa_qmap-pd/results/all_rois-sn+lentiform+putamen_conf-age+sex+tiv_run_20251008_221324
2025-10-09 03:30:06,636 - experiments.framework - INFO - Starting experiment: reproducibility_tests_20251009_033006
2025-10-09 03:30:06,636 - experiments.framework - INFO - Starting experiment: reproducibility_tests_20251009_033006
2025-10-09 03:30:06,636 - experiments.framework - INFO - Starting experiment: reproducibility_tests_20251009_033006
2025-10-09 03:30:06,636 - experiments.framework - INFO - Starting experiment: reproducibility_tests_20251009_033006
2025-10-09 03:30:06,636 - experiments.framework - INFO - Starting experiment: reproducibility_tests_20251009_033006
2025-10-09 03:30:06,636 - experiments.framework - INFO - Starting experiment: reproducibility_tests_20251009_033006
2025-10-09 03:44:42,828 - experiments.framework - INFO - 🏁 EXPERIMENT COMPLETED: reproducibility_tests_20251009_033006
2025-10-09 03:44:42,828 - experiments.framework - INFO - 🏁 EXPERIMENT COMPLETED: reproducibility_tests_20251009_033006
2025-10-09 03:44:42,828 - experiments.framework - INFO - 🏁 EXPERIMENT COMPLETED: reproducibility_tests_20251009_033006
2025-10-09 03:44:42,828 - experiments.framework - INFO - 🏁 EXPERIMENT COMPLETED: reproducibility_tests_20251009_033006
2025-10-09 03:44:42,828 - experiments.framework - INFO - 🏁 EXPERIMENT COMPLETED: reproducibility_tests_20251009_033006
2025-10-09 03:44:42,828 - experiments.framework - INFO - 🏁 EXPERIMENT COMPLETED: reproducibility_tests_20251009_033006
2025-10-09 03:44:42,829 - experiments.framework - INFO - ⏱️  TOTAL RUNTIME: 14.6 minutes (876s)
2025-10-09 03:44:42,829 - experiments.framework - INFO - ⏱️  TOTAL RUNTIME: 14.6 minutes (876s)
2025-10-09 03:44:42,829 - experiments.framework - INFO - ⏱️  TOTAL RUNTIME: 14.6 minutes (876s)
2025-10-09 03:44:42,829 - experiments.framework - INFO - ⏱️  TOTAL RUNTIME: 14.6 minutes (876s)
2025-10-09 03:44:42,829 - experiments.framework - INFO - ⏱️  TOTAL RUNTIME: 14.6 minutes (876s)
2025-10-09 03:44:42,829 - experiments.framework - INFO - ⏱️  TOTAL RUNTIME: 14.6 minutes (876s)
2025-10-09 03:44:42,829 - experiments.framework - INFO - 🕐 Started: 2025-10-09 03:30:06
2025-10-09 03:44:42,829 - experiments.framework - INFO - 🕐 Started: 2025-10-09 03:30:06
2025-10-09 03:44:42,829 - experiments.framework - INFO - 🕐 Started: 2025-10-09 03:30:06
2025-10-09 03:44:42,829 - experiments.framework - INFO - 🕐 Started: 2025-10-09 03:30:06
2025-10-09 03:44:42,829 - experiments.framework - INFO - 🕐 Started: 2025-10-09 03:30:06
2025-10-09 03:44:42,829 - experiments.framework - INFO - 🕐 Started: 2025-10-09 03:30:06
2025-10-09 03:44:42,829 - experiments.framework - INFO - 🕑 Finished: 2025-10-09 03:44:42
2025-10-09 03:44:42,829 - experiments.framework - INFO - 🕑 Finished: 2025-10-09 03:44:42
2025-10-09 03:44:42,829 - experiments.framework - INFO - 🕑 Finished: 2025-10-09 03:44:42
2025-10-09 03:44:42,829 - experiments.framework - INFO - 🕑 Finished: 2025-10-09 03:44:42
2025-10-09 03:44:42,829 - experiments.framework - INFO - 🕑 Finished: 2025-10-09 03:44:42
2025-10-09 03:44:42,829 - experiments.framework - INFO - 🕑 Finished: 2025-10-09 03:44:42
2025-10-09 03:44:42,830 - experiments.framework - INFO - Experiment completed successfully: reproducibility_tests_20251009_033006
2025-10-09 03:44:42,830 - experiments.framework - INFO - Experiment completed successfully: reproducibility_tests_20251009_033006
2025-10-09 03:44:42,830 - experiments.framework - INFO - Experiment completed successfully: reproducibility_tests_20251009_033006
2025-10-09 03:44:42,830 - experiments.framework - INFO - Experiment completed successfully: reproducibility_tests_20251009_033006
2025-10-09 03:44:42,830 - experiments.framework - INFO - Experiment completed successfully: reproducibility_tests_20251009_033006
2025-10-09 03:44:42,830 - experiments.framework - INFO - Experiment completed successfully: reproducibility_tests_20251009_033006
2025-10-09 03:44:42,830 - experiments.framework - INFO - 🧹 Performing comprehensive memory cleanup...
2025-10-09 03:44:42,830 - experiments.framework - INFO - 🧹 Performing comprehensive memory cleanup...
2025-10-09 03:44:42,830 - experiments.framework - INFO - 🧹 Performing comprehensive memory cleanup...
2025-10-09 03:44:42,830 - experiments.framework - INFO - 🧹 Performing comprehensive memory cleanup...
2025-10-09 03:44:42,830 - experiments.framework - INFO - 🧹 Performing comprehensive memory cleanup...
2025-10-09 03:44:42,830 - experiments.framework - INFO - 🧹 Performing comprehensive memory cleanup...
2025-10-09 03:44:43,090 - experiments.framework - INFO - Garbage collection freed 40 objects
2025-10-09 03:44:43,090 - experiments.framework - INFO - Garbage collection freed 40 objects
2025-10-09 03:44:43,090 - experiments.framework - INFO - Garbage collection freed 40 objects
2025-10-09 03:44:43,090 - experiments.framework - INFO - Garbage collection freed 40 objects
2025-10-09 03:44:43,090 - experiments.framework - INFO - Garbage collection freed 40 objects
2025-10-09 03:44:43,090 - experiments.framework - INFO - Garbage collection freed 40 objects
2025-10-09 03:44:44,117 - experiments.framework - INFO - GPU memory cleanup attempted
2025-10-09 03:44:44,117 - experiments.framework - INFO - GPU memory cleanup attempted
2025-10-09 03:44:44,117 - experiments.framework - INFO - GPU memory cleanup attempted
2025-10-09 03:44:44,117 - experiments.framework - INFO - GPU memory cleanup attempted
2025-10-09 03:44:44,117 - experiments.framework - INFO - GPU memory cleanup attempted
2025-10-09 03:44:44,117 - experiments.framework - INFO - GPU memory cleanup attempted
2025-10-09 03:44:45,118 - experiments.framework - INFO - ✅ Comprehensive memory cleanup completed
2025-10-09 03:44:45,118 - experiments.framework - INFO - ✅ Comprehensive memory cleanup completed
2025-10-09 03:44:45,118 - experiments.framework - INFO - ✅ Comprehensive memory cleanup completed
2025-10-09 03:44:45,118 - experiments.framework - INFO - ✅ Comprehensive memory cleanup completed
2025-10-09 03:44:45,118 - experiments.framework - INFO - ✅ Comprehensive memory cleanup completed
2025-10-09 03:44:45,118 - experiments.framework - INFO - ✅ Comprehensive memory cleanup completed
2025-10-09 03:44:45,189 - experiments.framework - INFO - Pickle saving disabled to prevent large files - using JSON and CSV instead
2025-10-09 03:44:45,189 - experiments.framework - INFO - Pickle saving disabled to prevent large files - using JSON and CSV instead
2025-10-09 03:44:45,189 - experiments.framework - INFO - Pickle saving disabled to prevent large files - using JSON and CSV instead
2025-10-09 03:44:45,189 - experiments.framework - INFO - Pickle saving disabled to prevent large files - using JSON and CSV instead
2025-10-09 03:44:45,189 - experiments.framework - INFO - Pickle saving disabled to prevent large files - using JSON and CSV instead
2025-10-09 03:44:45,189 - experiments.framework - INFO - Pickle saving disabled to prevent large files - using JSON and CSV instead
2025-10-09 03:44:45,196 - experiments.framework - INFO - Saving 1 plots to /cs/student/msc/aibh/2024/madhavan/sgfa_qmap-pd/results/all_rois-sn+lentiform+putamen_conf-age+sex+tiv_run_20251008_221324/reproducibility_tests_20251009_033006/plots
2025-10-09 03:44:45,196 - experiments.framework - INFO - Saving 1 plots to /cs/student/msc/aibh/2024/madhavan/sgfa_qmap-pd/results/all_rois-sn+lentiform+putamen_conf-age+sex+tiv_run_20251008_221324/reproducibility_tests_20251009_033006/plots
2025-10-09 03:44:45,196 - experiments.framework - INFO - Saving 1 plots to /cs/student/msc/aibh/2024/madhavan/sgfa_qmap-pd/results/all_rois-sn+lentiform+putamen_conf-age+sex+tiv_run_20251008_221324/reproducibility_tests_20251009_033006/plots
2025-10-09 03:44:45,196 - experiments.framework - INFO - Saving 1 plots to /cs/student/msc/aibh/2024/madhavan/sgfa_qmap-pd/results/all_rois-sn+lentiform+putamen_conf-age+sex+tiv_run_20251008_221324/reproducibility_tests_20251009_033006/plots
2025-10-09 03:44:45,196 - experiments.framework - INFO - Saving 1 plots to /cs/student/msc/aibh/2024/madhavan/sgfa_qmap-pd/results/all_rois-sn+lentiform+putamen_conf-age+sex+tiv_run_20251008_221324/reproducibility_tests_20251009_033006/plots
2025-10-09 03:44:45,196 - experiments.framework - INFO - Saving 1 plots to /cs/student/msc/aibh/2024/madhavan/sgfa_qmap-pd/results/all_rois-sn+lentiform+putamen_conf-age+sex+tiv_run_20251008_221324/reproducibility_tests_20251009_033006/plots
2025-10-09 03:44:46,238 - experiments.framework - INFO -   ✅ Saved plot: reproducibility_summary
2025-10-09 03:44:46,238 - experiments.framework - INFO -   ✅ Saved plot: reproducibility_summary
2025-10-09 03:44:46,238 - experiments.framework - INFO -   ✅ Saved plot: reproducibility_summary
2025-10-09 03:44:46,238 - experiments.framework - INFO -   ✅ Saved plot: reproducibility_summary
2025-10-09 03:44:46,238 - experiments.framework - INFO -   ✅ Saved plot: reproducibility_summary
2025-10-09 03:44:46,238 - experiments.framework - INFO -   ✅ Saved plot: reproducibility_summary
2025-10-09 03:44:46,238 - experiments.framework - INFO - All plots saved to: /cs/student/msc/aibh/2024/madhavan/sgfa_qmap-pd/results/all_rois-sn+lentiform+putamen_conf-age+sex+tiv_run_20251008_221324/reproducibility_tests_20251009_033006/plots
2025-10-09 03:44:46,238 - experiments.framework - INFO - All plots saved to: /cs/student/msc/aibh/2024/madhavan/sgfa_qmap-pd/results/all_rois-sn+lentiform+putamen_conf-age+sex+tiv_run_20251008_221324/reproducibility_tests_20251009_033006/plots
2025-10-09 03:44:46,238 - experiments.framework - INFO - All plots saved to: /cs/student/msc/aibh/2024/madhavan/sgfa_qmap-pd/results/all_rois-sn+lentiform+putamen_conf-age+sex+tiv_run_20251008_221324/reproducibility_tests_20251009_033006/plots
2025-10-09 03:44:46,238 - experiments.framework - INFO - All plots saved to: /cs/student/msc/aibh/2024/madhavan/sgfa_qmap-pd/results/all_rois-sn+lentiform+putamen_conf-age+sex+tiv_run_20251008_221324/reproducibility_tests_20251009_033006/plots
2025-10-09 03:44:46,238 - experiments.framework - INFO - All plots saved to: /cs/student/msc/aibh/2024/madhavan/sgfa_qmap-pd/results/all_rois-sn+lentiform+putamen_conf-age+sex+tiv_run_20251008_221324/reproducibility_tests_20251009_033006/plots
2025-10-09 03:44:46,238 - experiments.framework - INFO - All plots saved to: /cs/student/msc/aibh/2024/madhavan/sgfa_qmap-pd/results/all_rois-sn+lentiform+putamen_conf-age+sex+tiv_run_20251008_221324/reproducibility_tests_20251009_033006/plots
