2025-10-16 14:36:22,626 - experiments.framework - INFO - ExperimentFramework initialized with output dir: /cs/student/msc/aibh/2024/madhavan/sgfa_qmap-pd/results/all_rois-sn_conf-age+sex+tiv_run_20251016_143622
2025-10-16 14:36:22,631 - experiments.framework - INFO - Starting experiment: data_validation_20251016_143622
2025-10-16 14:36:25,204 - experiments.framework - INFO - 🏁 EXPERIMENT COMPLETED: data_validation_20251016_143622
2025-10-16 14:36:25,204 - experiments.framework - INFO - ⏱️  TOTAL RUNTIME: 2.6 seconds
2025-10-16 14:36:25,204 - experiments.framework - INFO - 🕐 Started: 2025-10-16 14:36:22
2025-10-16 14:36:25,204 - experiments.framework - INFO - 🕑 Finished: 2025-10-16 14:36:25
2025-10-16 14:36:25,204 - experiments.framework - INFO - Experiment completed successfully: data_validation_20251016_143622
2025-10-16 14:36:25,204 - experiments.framework - INFO - 🧹 Performing comprehensive memory cleanup...
2025-10-16 14:36:25,237 - experiments.framework - INFO - Garbage collection freed 18705 objects
2025-10-16 14:36:25,341 - experiments.framework - INFO - GPU memory cleanup attempted
2025-10-16 14:36:26,342 - experiments.framework - INFO - ✅ Comprehensive memory cleanup completed
2025-10-16 14:36:26,570 - experiments.framework - INFO - Pickle saving disabled to prevent large files - using JSON and CSV instead
2025-10-16 14:36:26,575 - experiments.framework - INFO - Saving 3 plots to /cs/student/msc/aibh/2024/madhavan/sgfa_qmap-pd/results/all_rois-sn_conf-age+sex+tiv_run_20251016_143622/data_validation_20251016_143622/plots
2025-10-16 14:36:27,770 - experiments.framework - INFO -   ✅ Saved plot: data_distribution_comparison
2025-10-16 14:36:28,773 - experiments.framework - INFO -   ✅ Saved plot: data_validation_feature_reduction
2025-10-16 14:36:29,145 - experiments.framework - INFO -   ✅ Saved plot: data_validation_variance_distribution
2025-10-16 14:36:29,145 - experiments.framework - INFO - All plots saved to: /cs/student/msc/aibh/2024/madhavan/sgfa_qmap-pd/results/all_rois-sn_conf-age+sex+tiv_run_20251016_143622/data_validation_20251016_143622/plots
2025-10-16 14:36:29,185 - experiments.framework - INFO - ExperimentFramework initialized with output dir: /cs/student/msc/aibh/2024/madhavan/sgfa_qmap-pd/results/all_rois-sn_conf-age+sex+tiv_run_20251016_143622
2025-10-16 14:36:29,185 - experiments.framework - INFO - ExperimentFramework initialized with output dir: /cs/student/msc/aibh/2024/madhavan/sgfa_qmap-pd/results/all_rois-sn_conf-age+sex+tiv_run_20251016_143622
2025-10-16 14:36:29,192 - experiments.framework - INFO - Starting experiment: robustness_tests_20251016_143629
2025-10-16 14:36:29,192 - experiments.framework - INFO - Starting experiment: robustness_tests_20251016_143629
2025-10-16 14:44:16,734 - experiments.framework - INFO - 🏁 EXPERIMENT COMPLETED: robustness_tests_20251016_143629
2025-10-16 14:44:16,734 - experiments.framework - INFO - 🏁 EXPERIMENT COMPLETED: robustness_tests_20251016_143629
2025-10-16 14:44:16,735 - experiments.framework - INFO - ⏱️  TOTAL RUNTIME: 7.8 minutes (468s)
2025-10-16 14:44:16,735 - experiments.framework - INFO - ⏱️  TOTAL RUNTIME: 7.8 minutes (468s)
2025-10-16 14:44:16,735 - experiments.framework - INFO - 🕐 Started: 2025-10-16 14:36:29
2025-10-16 14:44:16,735 - experiments.framework - INFO - 🕐 Started: 2025-10-16 14:36:29
2025-10-16 14:44:16,735 - experiments.framework - INFO - 🕑 Finished: 2025-10-16 14:44:16
2025-10-16 14:44:16,735 - experiments.framework - INFO - 🕑 Finished: 2025-10-16 14:44:16
2025-10-16 14:44:16,735 - experiments.framework - INFO - Experiment completed successfully: robustness_tests_20251016_143629
2025-10-16 14:44:16,735 - experiments.framework - INFO - Experiment completed successfully: robustness_tests_20251016_143629
2025-10-16 14:44:16,736 - experiments.framework - INFO - 🧹 Performing comprehensive memory cleanup...
2025-10-16 14:44:16,736 - experiments.framework - INFO - 🧹 Performing comprehensive memory cleanup...
2025-10-16 14:44:16,824 - experiments.framework - INFO - Garbage collection freed 115 objects
2025-10-16 14:44:16,824 - experiments.framework - INFO - Garbage collection freed 115 objects
2025-10-16 14:44:17,163 - experiments.framework - INFO - GPU memory cleanup attempted
2025-10-16 14:44:17,163 - experiments.framework - INFO - GPU memory cleanup attempted
2025-10-16 14:44:18,164 - experiments.framework - INFO - ✅ Comprehensive memory cleanup completed
2025-10-16 14:44:18,164 - experiments.framework - INFO - ✅ Comprehensive memory cleanup completed
2025-10-16 14:44:18,198 - experiments.framework - INFO - Pickle saving disabled to prevent large files - using JSON and CSV instead
2025-10-16 14:44:18,198 - experiments.framework - INFO - Pickle saving disabled to prevent large files - using JSON and CSV instead
2025-10-16 14:44:18,202 - experiments.framework - INFO - Saving 1 plots to /cs/student/msc/aibh/2024/madhavan/sgfa_qmap-pd/results/all_rois-sn_conf-age+sex+tiv_run_20251016_143622/robustness_tests_20251016_143629/plots
2025-10-16 14:44:18,202 - experiments.framework - INFO - Saving 1 plots to /cs/student/msc/aibh/2024/madhavan/sgfa_qmap-pd/results/all_rois-sn_conf-age+sex+tiv_run_20251016_143622/robustness_tests_20251016_143629/plots
2025-10-16 14:44:18,657 - experiments.framework - INFO -   ✅ Saved plot: robustness_summary
2025-10-16 14:44:18,657 - experiments.framework - INFO -   ✅ Saved plot: robustness_summary
2025-10-16 14:44:18,657 - experiments.framework - INFO - All plots saved to: /cs/student/msc/aibh/2024/madhavan/sgfa_qmap-pd/results/all_rois-sn_conf-age+sex+tiv_run_20251016_143622/robustness_tests_20251016_143629/plots
2025-10-16 14:44:18,657 - experiments.framework - INFO - All plots saved to: /cs/student/msc/aibh/2024/madhavan/sgfa_qmap-pd/results/all_rois-sn_conf-age+sex+tiv_run_20251016_143622/robustness_tests_20251016_143629/plots
2025-10-16 19:00:47,288 - experiments.framework - INFO - ExperimentFramework initialized with output dir: /cs/student/msc/aibh/2024/madhavan/sgfa_qmap-pd/results/all_rois-sn_conf-age+sex+tiv_run_20251016_143622
2025-10-16 19:00:47,288 - experiments.framework - INFO - ExperimentFramework initialized with output dir: /cs/student/msc/aibh/2024/madhavan/sgfa_qmap-pd/results/all_rois-sn_conf-age+sex+tiv_run_20251016_143622
2025-10-16 19:00:47,288 - experiments.framework - INFO - ExperimentFramework initialized with output dir: /cs/student/msc/aibh/2024/madhavan/sgfa_qmap-pd/results/all_rois-sn_conf-age+sex+tiv_run_20251016_143622
2025-10-16 19:00:47,294 - experiments.framework - INFO - Starting experiment: clinical_validation_20251016_190047
2025-10-16 19:00:47,294 - experiments.framework - INFO - Starting experiment: clinical_validation_20251016_190047
2025-10-16 19:00:47,294 - experiments.framework - INFO - Starting experiment: clinical_validation_20251016_190047
2025-10-16 19:04:42,866 - experiments.framework - INFO - 🏁 EXPERIMENT COMPLETED: clinical_validation_20251016_190047
2025-10-16 19:04:42,866 - experiments.framework - INFO - 🏁 EXPERIMENT COMPLETED: clinical_validation_20251016_190047
2025-10-16 19:04:42,866 - experiments.framework - INFO - 🏁 EXPERIMENT COMPLETED: clinical_validation_20251016_190047
2025-10-16 19:04:42,867 - experiments.framework - INFO - ⏱️  TOTAL RUNTIME: 3.9 minutes (236s)
2025-10-16 19:04:42,867 - experiments.framework - INFO - ⏱️  TOTAL RUNTIME: 3.9 minutes (236s)
2025-10-16 19:04:42,867 - experiments.framework - INFO - ⏱️  TOTAL RUNTIME: 3.9 minutes (236s)
2025-10-16 19:04:42,867 - experiments.framework - INFO - 🕐 Started: 2025-10-16 19:00:47
2025-10-16 19:04:42,867 - experiments.framework - INFO - 🕐 Started: 2025-10-16 19:00:47
2025-10-16 19:04:42,867 - experiments.framework - INFO - 🕐 Started: 2025-10-16 19:00:47
2025-10-16 19:04:42,868 - experiments.framework - INFO - 🕑 Finished: 2025-10-16 19:04:42
2025-10-16 19:04:42,868 - experiments.framework - INFO - 🕑 Finished: 2025-10-16 19:04:42
2025-10-16 19:04:42,868 - experiments.framework - INFO - 🕑 Finished: 2025-10-16 19:04:42
2025-10-16 19:04:42,868 - experiments.framework - INFO - Experiment completed successfully: clinical_validation_20251016_190047
2025-10-16 19:04:42,868 - experiments.framework - INFO - Experiment completed successfully: clinical_validation_20251016_190047
2025-10-16 19:04:42,868 - experiments.framework - INFO - Experiment completed successfully: clinical_validation_20251016_190047
2025-10-16 19:04:42,868 - experiments.framework - INFO - 🧹 Performing comprehensive memory cleanup...
2025-10-16 19:04:42,868 - experiments.framework - INFO - 🧹 Performing comprehensive memory cleanup...
2025-10-16 19:04:42,868 - experiments.framework - INFO - 🧹 Performing comprehensive memory cleanup...
2025-10-16 19:04:43,065 - experiments.framework - INFO - Garbage collection freed 775 objects
2025-10-16 19:04:43,065 - experiments.framework - INFO - Garbage collection freed 775 objects
2025-10-16 19:04:43,065 - experiments.framework - INFO - Garbage collection freed 775 objects
2025-10-16 19:04:43,846 - experiments.framework - INFO - GPU memory cleanup attempted
2025-10-16 19:04:43,846 - experiments.framework - INFO - GPU memory cleanup attempted
2025-10-16 19:04:43,846 - experiments.framework - INFO - GPU memory cleanup attempted
2025-10-16 19:04:44,848 - experiments.framework - INFO - ✅ Comprehensive memory cleanup completed
2025-10-16 19:04:44,848 - experiments.framework - INFO - ✅ Comprehensive memory cleanup completed
2025-10-16 19:04:44,848 - experiments.framework - INFO - ✅ Comprehensive memory cleanup completed
2025-10-16 19:04:44,873 - experiments.framework - INFO - Pickle saving disabled to prevent large files - using JSON and CSV instead
2025-10-16 19:04:44,873 - experiments.framework - INFO - Pickle saving disabled to prevent large files - using JSON and CSV instead
2025-10-16 19:04:44,873 - experiments.framework - INFO - Pickle saving disabled to prevent large files - using JSON and CSV instead
2025-10-16 19:04:44,880 - experiments.framework - INFO - Saving 1 plots to /cs/student/msc/aibh/2024/madhavan/sgfa_qmap-pd/results/all_rois-sn_conf-age+sex+tiv_run_20251016_143622/clinical_validation_20251016_190047/plots
2025-10-16 19:04:44,880 - experiments.framework - INFO - Saving 1 plots to /cs/student/msc/aibh/2024/madhavan/sgfa_qmap-pd/results/all_rois-sn_conf-age+sex+tiv_run_20251016_143622/clinical_validation_20251016_190047/plots
2025-10-16 19:04:44,880 - experiments.framework - INFO - Saving 1 plots to /cs/student/msc/aibh/2024/madhavan/sgfa_qmap-pd/results/all_rois-sn_conf-age+sex+tiv_run_20251016_143622/clinical_validation_20251016_190047/plots
2025-10-16 19:04:45,210 - experiments.framework - INFO -   ✅ Saved plot: clinical_validation_summary
2025-10-16 19:04:45,210 - experiments.framework - INFO -   ✅ Saved plot: clinical_validation_summary
2025-10-16 19:04:45,210 - experiments.framework - INFO -   ✅ Saved plot: clinical_validation_summary
2025-10-16 19:04:45,210 - experiments.framework - INFO - All plots saved to: /cs/student/msc/aibh/2024/madhavan/sgfa_qmap-pd/results/all_rois-sn_conf-age+sex+tiv_run_20251016_143622/clinical_validation_20251016_190047/plots
2025-10-16 19:04:45,210 - experiments.framework - INFO - All plots saved to: /cs/student/msc/aibh/2024/madhavan/sgfa_qmap-pd/results/all_rois-sn_conf-age+sex+tiv_run_20251016_143622/clinical_validation_20251016_190047/plots
2025-10-16 19:04:45,210 - experiments.framework - INFO - All plots saved to: /cs/student/msc/aibh/2024/madhavan/sgfa_qmap-pd/results/all_rois-sn_conf-age+sex+tiv_run_20251016_143622/clinical_validation_20251016_190047/plots
