2025-10-15 17:52:03,364 - experiments.framework - INFO - ExperimentFramework initialized with output dir: /cs/student/msc/aibh/2024/madhavan/sgfa_qmap-pd/results/all_rois-sn_conf-age+sex+tiv_K5_PCA-balanced_MAD4.0_run_20251015_175203
2025-10-15 17:52:03,378 - experiments.framework - INFO - Starting experiment: data_validation_20251015_175203
2025-10-15 17:52:08,742 - experiments.framework - INFO - 🏁 EXPERIMENT COMPLETED: data_validation_20251015_175203
2025-10-15 17:52:08,743 - experiments.framework - INFO - ⏱️  TOTAL RUNTIME: 5.4 seconds
2025-10-15 17:52:08,743 - experiments.framework - INFO - 🕐 Started: 2025-10-15 17:52:03
2025-10-15 17:52:08,743 - experiments.framework - INFO - 🕑 Finished: 2025-10-15 17:52:08
2025-10-15 17:52:08,743 - experiments.framework - INFO - Experiment completed successfully: data_validation_20251015_175203
2025-10-15 17:52:08,743 - experiments.framework - INFO - 🧹 Performing comprehensive memory cleanup...
2025-10-15 17:52:08,826 - experiments.framework - INFO - Garbage collection freed 32430 objects
2025-10-15 17:52:09,070 - experiments.framework - INFO - GPU memory cleanup attempted
2025-10-15 17:52:10,071 - experiments.framework - INFO - ✅ Comprehensive memory cleanup completed
2025-10-15 17:52:10,232 - experiments.framework - INFO - Pickle saving disabled to prevent large files - using JSON and CSV instead
2025-10-15 17:52:10,237 - experiments.framework - INFO - Saving 3 plots to /cs/student/msc/aibh/2024/madhavan/sgfa_qmap-pd/results/all_rois-sn_conf-age+sex+tiv_K5_PCA-balanced_MAD4.0_run_20251015_175203/data_validation_20251015_175203/plots
2025-10-15 17:52:12,416 - experiments.framework - INFO -   ✅ Saved plot: data_distribution_comparison
2025-10-15 17:52:14,354 - experiments.framework - INFO -   ✅ Saved plot: data_validation_feature_reduction
2025-10-15 17:52:15,095 - experiments.framework - INFO -   ✅ Saved plot: data_validation_variance_distribution
2025-10-15 17:52:15,095 - experiments.framework - INFO - All plots saved to: /cs/student/msc/aibh/2024/madhavan/sgfa_qmap-pd/results/all_rois-sn_conf-age+sex+tiv_K5_PCA-balanced_MAD4.0_run_20251015_175203/data_validation_20251015_175203/plots
2025-10-15 17:52:15,180 - experiments.framework - INFO - ExperimentFramework initialized with output dir: /cs/student/msc/aibh/2024/madhavan/sgfa_qmap-pd/results/all_rois-sn_conf-age+sex+tiv_K5_PCA-balanced_MAD4.0_run_20251015_175203
2025-10-15 17:52:15,180 - experiments.framework - INFO - ExperimentFramework initialized with output dir: /cs/student/msc/aibh/2024/madhavan/sgfa_qmap-pd/results/all_rois-sn_conf-age+sex+tiv_K5_PCA-balanced_MAD4.0_run_20251015_175203
2025-10-15 17:52:15,189 - experiments.framework - INFO - Starting experiment: robustness_tests_20251015_175215
2025-10-15 17:52:15,189 - experiments.framework - INFO - Starting experiment: robustness_tests_20251015_175215
2025-10-15 18:00:19,228 - experiments.framework - INFO - 🏁 EXPERIMENT COMPLETED: robustness_tests_20251015_175215
2025-10-15 18:00:19,228 - experiments.framework - INFO - 🏁 EXPERIMENT COMPLETED: robustness_tests_20251015_175215
2025-10-15 18:00:19,229 - experiments.framework - INFO - ⏱️  TOTAL RUNTIME: 8.1 minutes (484s)
2025-10-15 18:00:19,229 - experiments.framework - INFO - ⏱️  TOTAL RUNTIME: 8.1 minutes (484s)
2025-10-15 18:00:19,229 - experiments.framework - INFO - 🕐 Started: 2025-10-15 17:52:15
2025-10-15 18:00:19,229 - experiments.framework - INFO - 🕐 Started: 2025-10-15 17:52:15
2025-10-15 18:00:19,229 - experiments.framework - INFO - 🕑 Finished: 2025-10-15 18:00:19
2025-10-15 18:00:19,229 - experiments.framework - INFO - 🕑 Finished: 2025-10-15 18:00:19
2025-10-15 18:00:19,230 - experiments.framework - INFO - Experiment completed successfully: robustness_tests_20251015_175215
2025-10-15 18:00:19,230 - experiments.framework - INFO - Experiment completed successfully: robustness_tests_20251015_175215
2025-10-15 18:00:19,230 - experiments.framework - INFO - 🧹 Performing comprehensive memory cleanup...
2025-10-15 18:00:19,230 - experiments.framework - INFO - 🧹 Performing comprehensive memory cleanup...
2025-10-15 18:00:19,398 - experiments.framework - INFO - Garbage collection freed 90 objects
2025-10-15 18:00:19,398 - experiments.framework - INFO - Garbage collection freed 90 objects
2025-10-15 18:00:20,040 - experiments.framework - INFO - GPU memory cleanup attempted
2025-10-15 18:00:20,040 - experiments.framework - INFO - GPU memory cleanup attempted
2025-10-15 18:00:21,041 - experiments.framework - INFO - ✅ Comprehensive memory cleanup completed
2025-10-15 18:00:21,041 - experiments.framework - INFO - ✅ Comprehensive memory cleanup completed
2025-10-15 18:00:21,108 - experiments.framework - INFO - Pickle saving disabled to prevent large files - using JSON and CSV instead
2025-10-15 18:00:21,108 - experiments.framework - INFO - Pickle saving disabled to prevent large files - using JSON and CSV instead
2025-10-15 18:00:21,115 - experiments.framework - INFO - Saving 1 plots to /cs/student/msc/aibh/2024/madhavan/sgfa_qmap-pd/results/all_rois-sn_conf-age+sex+tiv_K5_PCA-balanced_MAD4.0_run_20251015_175203/robustness_tests_20251015_175215/plots
2025-10-15 18:00:21,115 - experiments.framework - INFO - Saving 1 plots to /cs/student/msc/aibh/2024/madhavan/sgfa_qmap-pd/results/all_rois-sn_conf-age+sex+tiv_K5_PCA-balanced_MAD4.0_run_20251015_175203/robustness_tests_20251015_175215/plots
2025-10-15 18:00:22,056 - experiments.framework - INFO -   ✅ Saved plot: robustness_summary
2025-10-15 18:00:22,056 - experiments.framework - INFO -   ✅ Saved plot: robustness_summary
2025-10-15 18:00:22,056 - experiments.framework - INFO - All plots saved to: /cs/student/msc/aibh/2024/madhavan/sgfa_qmap-pd/results/all_rois-sn_conf-age+sex+tiv_K5_PCA-balanced_MAD4.0_run_20251015_175203/robustness_tests_20251015_175215/plots
2025-10-15 18:00:22,056 - experiments.framework - INFO - All plots saved to: /cs/student/msc/aibh/2024/madhavan/sgfa_qmap-pd/results/all_rois-sn_conf-age+sex+tiv_K5_PCA-balanced_MAD4.0_run_20251015_175203/robustness_tests_20251015_175215/plots
2025-10-15 20:10:28,587 - experiments.framework - INFO - ExperimentFramework initialized with output dir: /cs/student/msc/aibh/2024/madhavan/sgfa_qmap-pd/results/all_rois-sn_conf-age+sex+tiv_K5_PCA-balanced_MAD4.0_run_20251015_175203
2025-10-15 20:10:28,587 - experiments.framework - INFO - ExperimentFramework initialized with output dir: /cs/student/msc/aibh/2024/madhavan/sgfa_qmap-pd/results/all_rois-sn_conf-age+sex+tiv_K5_PCA-balanced_MAD4.0_run_20251015_175203
2025-10-15 20:10:28,587 - experiments.framework - INFO - ExperimentFramework initialized with output dir: /cs/student/msc/aibh/2024/madhavan/sgfa_qmap-pd/results/all_rois-sn_conf-age+sex+tiv_K5_PCA-balanced_MAD4.0_run_20251015_175203
2025-10-15 20:10:28,606 - experiments.framework - INFO - Starting experiment: clinical_validation_20251015_201028
2025-10-15 20:10:28,606 - experiments.framework - INFO - Starting experiment: clinical_validation_20251015_201028
2025-10-15 20:10:28,606 - experiments.framework - INFO - Starting experiment: clinical_validation_20251015_201028
2025-10-15 20:13:15,408 - experiments.framework - INFO - 🏁 EXPERIMENT COMPLETED: clinical_validation_20251015_201028
2025-10-15 20:13:15,408 - experiments.framework - INFO - 🏁 EXPERIMENT COMPLETED: clinical_validation_20251015_201028
2025-10-15 20:13:15,408 - experiments.framework - INFO - 🏁 EXPERIMENT COMPLETED: clinical_validation_20251015_201028
2025-10-15 20:13:15,410 - experiments.framework - INFO - ⏱️  TOTAL RUNTIME: 2.8 minutes (167s)
2025-10-15 20:13:15,410 - experiments.framework - INFO - ⏱️  TOTAL RUNTIME: 2.8 minutes (167s)
2025-10-15 20:13:15,410 - experiments.framework - INFO - ⏱️  TOTAL RUNTIME: 2.8 minutes (167s)
2025-10-15 20:13:15,410 - experiments.framework - INFO - 🕐 Started: 2025-10-15 20:10:28
2025-10-15 20:13:15,410 - experiments.framework - INFO - 🕐 Started: 2025-10-15 20:10:28
2025-10-15 20:13:15,410 - experiments.framework - INFO - 🕐 Started: 2025-10-15 20:10:28
2025-10-15 20:13:15,411 - experiments.framework - INFO - 🕑 Finished: 2025-10-15 20:13:15
2025-10-15 20:13:15,411 - experiments.framework - INFO - 🕑 Finished: 2025-10-15 20:13:15
2025-10-15 20:13:15,411 - experiments.framework - INFO - 🕑 Finished: 2025-10-15 20:13:15
2025-10-15 20:13:15,411 - experiments.framework - INFO - Experiment completed successfully: clinical_validation_20251015_201028
2025-10-15 20:13:15,411 - experiments.framework - INFO - Experiment completed successfully: clinical_validation_20251015_201028
2025-10-15 20:13:15,411 - experiments.framework - INFO - Experiment completed successfully: clinical_validation_20251015_201028
2025-10-15 20:13:15,411 - experiments.framework - INFO - 🧹 Performing comprehensive memory cleanup...
2025-10-15 20:13:15,411 - experiments.framework - INFO - 🧹 Performing comprehensive memory cleanup...
2025-10-15 20:13:15,411 - experiments.framework - INFO - 🧹 Performing comprehensive memory cleanup...
2025-10-15 20:13:15,665 - experiments.framework - INFO - Garbage collection freed 165 objects
2025-10-15 20:13:15,665 - experiments.framework - INFO - Garbage collection freed 165 objects
2025-10-15 20:13:15,665 - experiments.framework - INFO - Garbage collection freed 165 objects
2025-10-15 20:13:16,645 - experiments.framework - INFO - GPU memory cleanup attempted
2025-10-15 20:13:16,645 - experiments.framework - INFO - GPU memory cleanup attempted
2025-10-15 20:13:16,645 - experiments.framework - INFO - GPU memory cleanup attempted
2025-10-15 20:13:17,646 - experiments.framework - INFO - ✅ Comprehensive memory cleanup completed
2025-10-15 20:13:17,646 - experiments.framework - INFO - ✅ Comprehensive memory cleanup completed
2025-10-15 20:13:17,646 - experiments.framework - INFO - ✅ Comprehensive memory cleanup completed
2025-10-15 20:13:17,693 - experiments.framework - INFO - Pickle saving disabled to prevent large files - using JSON and CSV instead
2025-10-15 20:13:17,693 - experiments.framework - INFO - Pickle saving disabled to prevent large files - using JSON and CSV instead
2025-10-15 20:13:17,693 - experiments.framework - INFO - Pickle saving disabled to prevent large files - using JSON and CSV instead
2025-10-15 20:13:17,700 - experiments.framework - INFO - Saving 1 plots to /cs/student/msc/aibh/2024/madhavan/sgfa_qmap-pd/results/all_rois-sn_conf-age+sex+tiv_K5_PCA-balanced_MAD4.0_run_20251015_175203/clinical_validation_20251015_201028/plots
2025-10-15 20:13:17,700 - experiments.framework - INFO - Saving 1 plots to /cs/student/msc/aibh/2024/madhavan/sgfa_qmap-pd/results/all_rois-sn_conf-age+sex+tiv_K5_PCA-balanced_MAD4.0_run_20251015_175203/clinical_validation_20251015_201028/plots
2025-10-15 20:13:17,700 - experiments.framework - INFO - Saving 1 plots to /cs/student/msc/aibh/2024/madhavan/sgfa_qmap-pd/results/all_rois-sn_conf-age+sex+tiv_K5_PCA-balanced_MAD4.0_run_20251015_175203/clinical_validation_20251015_201028/plots
2025-10-15 20:13:18,384 - experiments.framework - INFO -   ✅ Saved plot: clinical_validation_summary
2025-10-15 20:13:18,384 - experiments.framework - INFO -   ✅ Saved plot: clinical_validation_summary
2025-10-15 20:13:18,384 - experiments.framework - INFO -   ✅ Saved plot: clinical_validation_summary
2025-10-15 20:13:18,384 - experiments.framework - INFO - All plots saved to: /cs/student/msc/aibh/2024/madhavan/sgfa_qmap-pd/results/all_rois-sn_conf-age+sex+tiv_K5_PCA-balanced_MAD4.0_run_20251015_175203/clinical_validation_20251015_201028/plots
2025-10-15 20:13:18,384 - experiments.framework - INFO - All plots saved to: /cs/student/msc/aibh/2024/madhavan/sgfa_qmap-pd/results/all_rois-sn_conf-age+sex+tiv_K5_PCA-balanced_MAD4.0_run_20251015_175203/clinical_validation_20251015_201028/plots
2025-10-15 20:13:18,384 - experiments.framework - INFO - All plots saved to: /cs/student/msc/aibh/2024/madhavan/sgfa_qmap-pd/results/all_rois-sn_conf-age+sex+tiv_K5_PCA-balanced_MAD4.0_run_20251015_175203/clinical_validation_20251015_201028/plots
