2025-10-20 10:50:40,010 - experiments.framework - INFO - ExperimentFramework initialized with output dir: /cs/student/msc/aibh/2024/madhavan/sgfa_qmap-pd/results/all_rois-sn_conf-age+sex+tiv_K2_percW33_MAD100.0_run_20251020_105040
2025-10-20 10:50:40,013 - experiments.framework - INFO - Starting experiment: data_validation_20251020_105040
2025-10-20 10:50:52,366 - experiments.framework - INFO - 🏁 EXPERIMENT COMPLETED: data_validation_20251020_105040
2025-10-20 10:50:52,366 - experiments.framework - INFO - ⏱️  TOTAL RUNTIME: 12.4 seconds
2025-10-20 10:50:52,366 - experiments.framework - INFO - 🕐 Started: 2025-10-20 10:50:40
2025-10-20 10:50:52,366 - experiments.framework - INFO - 🕑 Finished: 2025-10-20 10:50:52
2025-10-20 10:50:52,366 - experiments.framework - INFO - Experiment completed successfully: data_validation_20251020_105040
2025-10-20 10:50:52,366 - experiments.framework - INFO - 🧹 Performing comprehensive memory cleanup...
2025-10-20 10:50:52,402 - experiments.framework - INFO - Garbage collection freed 0 objects
2025-10-20 10:50:52,530 - experiments.framework - INFO - GPU memory cleanup attempted
2025-10-20 10:50:53,531 - experiments.framework - INFO - ✅ Comprehensive memory cleanup completed
2025-10-20 10:50:53,639 - experiments.framework - INFO - Pickle saving disabled to prevent large files - using JSON and CSV instead
2025-10-20 10:50:53,643 - experiments.framework - INFO - Saving 6 plots to /cs/student/msc/aibh/2024/madhavan/sgfa_qmap-pd/results/all_rois-sn_conf-age+sex+tiv_K2_percW33_MAD100.0_run_20251020_105040/data_validation_tree10_20251020_105040/plots
2025-10-20 10:50:54,609 - experiments.framework - INFO -   ✅ Saved plot: data_distribution_comparison
2025-10-20 10:50:55,570 - experiments.framework - INFO -   ✅ Saved plot: covariance_analysis
2025-10-20 10:50:56,566 - experiments.framework - INFO -   ✅ Saved plot: data_validation_block_covariance_matrix
2025-10-20 10:50:58,905 - experiments.framework - INFO -   ✅ Saved plot: data_validation_inter_vs_intra_correlation
2025-10-20 10:50:59,260 - experiments.framework - INFO -   ✅ Saved plot: data_validation_feature_reduction
2025-10-20 10:51:00,226 - experiments.framework - INFO -   ✅ Saved plot: data_validation_variance_distribution
2025-10-20 10:51:00,226 - experiments.framework - INFO - All plots saved to: /cs/student/msc/aibh/2024/madhavan/sgfa_qmap-pd/results/all_rois-sn_conf-age+sex+tiv_K2_percW33_MAD100.0_run_20251020_105040/data_validation_tree10_20251020_105040/plots
2025-10-20 10:51:00,270 - experiments.framework - INFO - ExperimentFramework initialized with output dir: /cs/student/msc/aibh/2024/madhavan/sgfa_qmap-pd/results/all_rois-sn_conf-age+sex+tiv_K2_percW33_MAD100.0_run_20251020_105040
2025-10-20 10:51:00,270 - experiments.framework - INFO - ExperimentFramework initialized with output dir: /cs/student/msc/aibh/2024/madhavan/sgfa_qmap-pd/results/all_rois-sn_conf-age+sex+tiv_K2_percW33_MAD100.0_run_20251020_105040
2025-10-20 10:51:00,276 - experiments.framework - INFO - Starting experiment: robustness_tests_20251020_105100
2025-10-20 10:51:00,276 - experiments.framework - INFO - Starting experiment: robustness_tests_20251020_105100
2025-10-20 10:51:02,959 - experiments.framework - INFO - 🏁 EXPERIMENT COMPLETED: robustness_tests_20251020_105100
2025-10-20 10:51:02,959 - experiments.framework - INFO - 🏁 EXPERIMENT COMPLETED: robustness_tests_20251020_105100
2025-10-20 10:51:02,959 - experiments.framework - INFO - ⏱️  TOTAL RUNTIME: 2.7 seconds
2025-10-20 10:51:02,959 - experiments.framework - INFO - ⏱️  TOTAL RUNTIME: 2.7 seconds
2025-10-20 10:51:02,959 - experiments.framework - INFO - 🕐 Started: 2025-10-20 10:51:00
2025-10-20 10:51:02,959 - experiments.framework - INFO - 🕐 Started: 2025-10-20 10:51:00
2025-10-20 10:51:02,959 - experiments.framework - INFO - 🕑 Finished: 2025-10-20 10:51:02
2025-10-20 10:51:02,959 - experiments.framework - INFO - 🕑 Finished: 2025-10-20 10:51:02
2025-10-20 10:51:02,959 - experiments.framework - INFO - Experiment completed successfully: robustness_tests_20251020_105100
2025-10-20 10:51:02,959 - experiments.framework - INFO - Experiment completed successfully: robustness_tests_20251020_105100
2025-10-20 10:51:02,959 - experiments.framework - INFO - 🧹 Performing comprehensive memory cleanup...
2025-10-20 10:51:02,959 - experiments.framework - INFO - 🧹 Performing comprehensive memory cleanup...
2025-10-20 10:51:02,997 - experiments.framework - INFO - Garbage collection freed 63 objects
2025-10-20 10:51:02,997 - experiments.framework - INFO - Garbage collection freed 63 objects
2025-10-20 10:51:03,134 - experiments.framework - INFO - GPU memory cleanup attempted
2025-10-20 10:51:03,134 - experiments.framework - INFO - GPU memory cleanup attempted
2025-10-20 10:51:04,136 - experiments.framework - INFO - ✅ Comprehensive memory cleanup completed
2025-10-20 10:51:04,136 - experiments.framework - INFO - ✅ Comprehensive memory cleanup completed
2025-10-20 10:51:04,164 - experiments.framework - INFO - Pickle saving disabled to prevent large files - using JSON and CSV instead
2025-10-20 10:51:04,164 - experiments.framework - INFO - Pickle saving disabled to prevent large files - using JSON and CSV instead
2025-10-20 10:51:04,168 - experiments.framework - INFO - Saving 1 plots to /cs/student/msc/aibh/2024/madhavan/sgfa_qmap-pd/results/all_rois-sn_conf-age+sex+tiv_K2_percW33_MAD100.0_run_20251020_105040/robustness_tests_fixed_K2_percW33_slab4_2_MAD100.0_tree10_20251020_105100/plots
2025-10-20 10:51:04,168 - experiments.framework - INFO - Saving 1 plots to /cs/student/msc/aibh/2024/madhavan/sgfa_qmap-pd/results/all_rois-sn_conf-age+sex+tiv_K2_percW33_MAD100.0_run_20251020_105040/robustness_tests_fixed_K2_percW33_slab4_2_MAD100.0_tree10_20251020_105100/plots
2025-10-20 10:51:04,555 - experiments.framework - INFO -   ✅ Saved plot: robustness_summary
2025-10-20 10:51:04,555 - experiments.framework - INFO -   ✅ Saved plot: robustness_summary
2025-10-20 10:51:04,555 - experiments.framework - INFO - All plots saved to: /cs/student/msc/aibh/2024/madhavan/sgfa_qmap-pd/results/all_rois-sn_conf-age+sex+tiv_K2_percW33_MAD100.0_run_20251020_105040/robustness_tests_fixed_K2_percW33_slab4_2_MAD100.0_tree10_20251020_105100/plots
2025-10-20 10:51:04,555 - experiments.framework - INFO - All plots saved to: /cs/student/msc/aibh/2024/madhavan/sgfa_qmap-pd/results/all_rois-sn_conf-age+sex+tiv_K2_percW33_MAD100.0_run_20251020_105040/robustness_tests_fixed_K2_percW33_slab4_2_MAD100.0_tree10_20251020_105100/plots
