2025-10-07 15:32:06,760 - experiments.framework - INFO - ExperimentFramework initialized with output dir: /cs/student/msc/aibh/2024/madhavan/sgfa_qmap-pd/results/all_rois-putamen_conf-age+sex+tiv_run_20251007_153206
2025-10-07 15:32:06,775 - experiments.framework - INFO - Starting experiment: data_validation_20251007_153206
2025-10-07 15:32:14,291 - experiments.framework - INFO - 🏁 EXPERIMENT COMPLETED: data_validation_20251007_153206
2025-10-07 15:32:14,292 - experiments.framework - INFO - ⏱️  TOTAL RUNTIME: 7.5 seconds
2025-10-07 15:32:14,292 - experiments.framework - INFO - 🕐 Started: 2025-10-07 15:32:06
2025-10-07 15:32:14,292 - experiments.framework - INFO - 🕑 Finished: 2025-10-07 15:32:14
2025-10-07 15:32:14,292 - experiments.framework - INFO - Experiment completed successfully: data_validation_20251007_153206
2025-10-07 15:32:14,292 - experiments.framework - INFO - 🧹 Performing comprehensive memory cleanup...
2025-10-07 15:32:14,336 - experiments.framework - INFO - Garbage collection freed 31925 objects
2025-10-07 15:32:14,465 - experiments.framework - INFO - GPU memory cleanup attempted
2025-10-07 15:32:15,467 - experiments.framework - INFO - ✅ Comprehensive memory cleanup completed
2025-10-07 15:32:15,539 - experiments.framework - INFO - Pickle saving disabled to prevent large files - using JSON and CSV instead
2025-10-07 15:32:15,548 - experiments.framework - INFO - Saving 3 plots to /cs/student/msc/aibh/2024/madhavan/sgfa_qmap-pd/results/all_rois-putamen_conf-age+sex+tiv_run_20251007_153206/data_validation_20251007_153206/plots
2025-10-07 15:32:17,742 - experiments.framework - INFO -   ✅ Saved plot: data_distribution_comparison
2025-10-07 15:32:18,804 - experiments.framework - INFO -   ✅ Saved plot: data_validation_feature_reduction
2025-10-07 15:32:19,163 - experiments.framework - INFO -   ✅ Saved plot: data_validation_variance_distribution
2025-10-07 15:32:19,163 - experiments.framework - INFO - All plots saved to: /cs/student/msc/aibh/2024/madhavan/sgfa_qmap-pd/results/all_rois-putamen_conf-age+sex+tiv_run_20251007_153206/data_validation_20251007_153206/plots
2025-10-07 15:32:19,210 - experiments.framework - INFO - ExperimentFramework initialized with output dir: /cs/student/msc/aibh/2024/madhavan/sgfa_qmap-pd/results/all_rois-putamen_conf-age+sex+tiv_run_20251007_153206
2025-10-07 15:32:19,210 - experiments.framework - INFO - ExperimentFramework initialized with output dir: /cs/student/msc/aibh/2024/madhavan/sgfa_qmap-pd/results/all_rois-putamen_conf-age+sex+tiv_run_20251007_153206
2025-10-07 15:32:22,444 - experiments.framework - INFO - Starting experiment: sgfa_hyperparameter_tuning_20251007_153222
2025-10-07 15:32:22,444 - experiments.framework - INFO - Starting experiment: sgfa_hyperparameter_tuning_20251007_153222
2025-10-07 22:58:45,972 - experiments.framework - INFO - 🏁 EXPERIMENT COMPLETED: sgfa_hyperparameter_tuning_20251007_153222
2025-10-07 22:58:45,972 - experiments.framework - INFO - 🏁 EXPERIMENT COMPLETED: sgfa_hyperparameter_tuning_20251007_153222
2025-10-07 22:58:45,975 - experiments.framework - INFO - ⏱️  TOTAL RUNTIME: 7.4 hours (26m 24s)
2025-10-07 22:58:45,975 - experiments.framework - INFO - ⏱️  TOTAL RUNTIME: 7.4 hours (26m 24s)
2025-10-07 22:58:45,975 - experiments.framework - INFO - 🕐 Started: 2025-10-07 15:32:22
2025-10-07 22:58:45,975 - experiments.framework - INFO - 🕐 Started: 2025-10-07 15:32:22
2025-10-07 22:58:45,975 - experiments.framework - INFO - 🕑 Finished: 2025-10-07 22:58:45
2025-10-07 22:58:45,975 - experiments.framework - INFO - 🕑 Finished: 2025-10-07 22:58:45
2025-10-07 22:58:45,975 - experiments.framework - INFO - Experiment completed successfully: sgfa_hyperparameter_tuning_20251007_153222
2025-10-07 22:58:45,975 - experiments.framework - INFO - Experiment completed successfully: sgfa_hyperparameter_tuning_20251007_153222
2025-10-07 22:58:45,975 - experiments.framework - INFO - 🧹 Performing comprehensive memory cleanup...
2025-10-07 22:58:45,975 - experiments.framework - INFO - 🧹 Performing comprehensive memory cleanup...
2025-10-07 22:58:46,026 - experiments.framework - INFO - Garbage collection freed 0 objects
2025-10-07 22:58:46,026 - experiments.framework - INFO - Garbage collection freed 0 objects
2025-10-07 22:58:46,228 - experiments.framework - INFO - GPU memory cleanup attempted
2025-10-07 22:58:46,228 - experiments.framework - INFO - GPU memory cleanup attempted
2025-10-07 22:58:47,229 - experiments.framework - INFO - ✅ Comprehensive memory cleanup completed
2025-10-07 22:58:47,229 - experiments.framework - INFO - ✅ Comprehensive memory cleanup completed
2025-10-07 22:58:47,602 - experiments.framework - INFO - Pickle saving disabled to prevent large files - using JSON and CSV instead
2025-10-07 22:58:47,602 - experiments.framework - INFO - Pickle saving disabled to prevent large files - using JSON and CSV instead
2025-10-07 22:58:47,647 - experiments.framework - INFO - Saving sgfa_K2_percW10_grp0.0 factor scores Z shape: (86, 2)
2025-10-07 22:58:47,647 - experiments.framework - INFO - Saving sgfa_K2_percW10_grp0.0 factor scores Z shape: (86, 2)
2025-10-07 22:58:47,691 - experiments.framework - INFO - Saving sgfa_K2_percW10_grp0.05 factor scores Z shape: (86, 2)
2025-10-07 22:58:47,691 - experiments.framework - INFO - Saving sgfa_K2_percW10_grp0.05 factor scores Z shape: (86, 2)
2025-10-07 22:58:47,733 - experiments.framework - INFO - Saving sgfa_K2_percW10_grp0.1 factor scores Z shape: (86, 2)
2025-10-07 22:58:47,733 - experiments.framework - INFO - Saving sgfa_K2_percW10_grp0.1 factor scores Z shape: (86, 2)
2025-10-07 22:58:47,775 - experiments.framework - INFO - Saving sgfa_K2_percW10_grp0.2 factor scores Z shape: (86, 2)
2025-10-07 22:58:47,775 - experiments.framework - INFO - Saving sgfa_K2_percW10_grp0.2 factor scores Z shape: (86, 2)
2025-10-07 22:58:47,818 - experiments.framework - INFO - Saving sgfa_K2_percW25_grp0.0 factor scores Z shape: (86, 2)
2025-10-07 22:58:47,818 - experiments.framework - INFO - Saving sgfa_K2_percW25_grp0.0 factor scores Z shape: (86, 2)
2025-10-07 22:58:47,862 - experiments.framework - INFO - Saving sgfa_K2_percW25_grp0.05 factor scores Z shape: (86, 2)
2025-10-07 22:58:47,862 - experiments.framework - INFO - Saving sgfa_K2_percW25_grp0.05 factor scores Z shape: (86, 2)
2025-10-07 22:58:47,904 - experiments.framework - INFO - Saving sgfa_K2_percW25_grp0.1 factor scores Z shape: (86, 2)
2025-10-07 22:58:47,904 - experiments.framework - INFO - Saving sgfa_K2_percW25_grp0.1 factor scores Z shape: (86, 2)
2025-10-07 22:58:47,947 - experiments.framework - INFO - Saving sgfa_K2_percW25_grp0.2 factor scores Z shape: (86, 2)
2025-10-07 22:58:47,947 - experiments.framework - INFO - Saving sgfa_K2_percW25_grp0.2 factor scores Z shape: (86, 2)
2025-10-07 22:58:47,991 - experiments.framework - INFO - Saving sgfa_K2_percW33_grp0.0 factor scores Z shape: (86, 2)
2025-10-07 22:58:47,991 - experiments.framework - INFO - Saving sgfa_K2_percW33_grp0.0 factor scores Z shape: (86, 2)
2025-10-07 22:58:48,032 - experiments.framework - INFO - Saving sgfa_K2_percW33_grp0.05 factor scores Z shape: (86, 2)
2025-10-07 22:58:48,032 - experiments.framework - INFO - Saving sgfa_K2_percW33_grp0.05 factor scores Z shape: (86, 2)
2025-10-07 22:58:48,074 - experiments.framework - INFO - Saving sgfa_K2_percW33_grp0.1 factor scores Z shape: (86, 2)
2025-10-07 22:58:48,074 - experiments.framework - INFO - Saving sgfa_K2_percW33_grp0.1 factor scores Z shape: (86, 2)
2025-10-07 22:58:48,115 - experiments.framework - INFO - Saving sgfa_K2_percW33_grp0.2 factor scores Z shape: (86, 2)
2025-10-07 22:58:48,115 - experiments.framework - INFO - Saving sgfa_K2_percW33_grp0.2 factor scores Z shape: (86, 2)
2025-10-07 22:58:48,170 - experiments.framework - INFO - Saving sgfa_K3_percW10_grp0.0 factor scores Z shape: (86, 3)
2025-10-07 22:58:48,170 - experiments.framework - INFO - Saving sgfa_K3_percW10_grp0.0 factor scores Z shape: (86, 3)
2025-10-07 22:58:48,224 - experiments.framework - INFO - Saving sgfa_K3_percW10_grp0.05 factor scores Z shape: (86, 3)
2025-10-07 22:58:48,224 - experiments.framework - INFO - Saving sgfa_K3_percW10_grp0.05 factor scores Z shape: (86, 3)
2025-10-07 22:58:48,277 - experiments.framework - INFO - Saving sgfa_K3_percW10_grp0.1 factor scores Z shape: (86, 3)
2025-10-07 22:58:48,277 - experiments.framework - INFO - Saving sgfa_K3_percW10_grp0.1 factor scores Z shape: (86, 3)
2025-10-07 22:58:48,330 - experiments.framework - INFO - Saving sgfa_K3_percW10_grp0.2 factor scores Z shape: (86, 3)
2025-10-07 22:58:48,330 - experiments.framework - INFO - Saving sgfa_K3_percW10_grp0.2 factor scores Z shape: (86, 3)
2025-10-07 22:58:48,387 - experiments.framework - INFO - Saving sgfa_K3_percW25_grp0.0 factor scores Z shape: (86, 3)
2025-10-07 22:58:48,387 - experiments.framework - INFO - Saving sgfa_K3_percW25_grp0.0 factor scores Z shape: (86, 3)
2025-10-07 22:58:48,440 - experiments.framework - INFO - Saving sgfa_K3_percW25_grp0.05 factor scores Z shape: (86, 3)
2025-10-07 22:58:48,440 - experiments.framework - INFO - Saving sgfa_K3_percW25_grp0.05 factor scores Z shape: (86, 3)
2025-10-07 22:58:48,496 - experiments.framework - INFO - Saving sgfa_K3_percW25_grp0.1 factor scores Z shape: (86, 3)
2025-10-07 22:58:48,496 - experiments.framework - INFO - Saving sgfa_K3_percW25_grp0.1 factor scores Z shape: (86, 3)
2025-10-07 22:58:48,554 - experiments.framework - INFO - Saving sgfa_K3_percW25_grp0.2 factor scores Z shape: (86, 3)
2025-10-07 22:58:48,554 - experiments.framework - INFO - Saving sgfa_K3_percW25_grp0.2 factor scores Z shape: (86, 3)
2025-10-07 22:58:48,612 - experiments.framework - INFO - Saving sgfa_K3_percW33_grp0.0 factor scores Z shape: (86, 3)
2025-10-07 22:58:48,612 - experiments.framework - INFO - Saving sgfa_K3_percW33_grp0.0 factor scores Z shape: (86, 3)
2025-10-07 22:58:48,672 - experiments.framework - INFO - Saving sgfa_K3_percW33_grp0.05 factor scores Z shape: (86, 3)
2025-10-07 22:58:48,672 - experiments.framework - INFO - Saving sgfa_K3_percW33_grp0.05 factor scores Z shape: (86, 3)
2025-10-07 22:58:48,726 - experiments.framework - INFO - Saving sgfa_K3_percW33_grp0.1 factor scores Z shape: (86, 3)
2025-10-07 22:58:48,726 - experiments.framework - INFO - Saving sgfa_K3_percW33_grp0.1 factor scores Z shape: (86, 3)
2025-10-07 22:58:48,780 - experiments.framework - INFO - Saving sgfa_K3_percW33_grp0.2 factor scores Z shape: (86, 3)
2025-10-07 22:58:48,780 - experiments.framework - INFO - Saving sgfa_K3_percW33_grp0.2 factor scores Z shape: (86, 3)
2025-10-07 22:58:48,849 - experiments.framework - INFO - Saving sgfa_K4_percW10_grp0.0 factor scores Z shape: (86, 4)
2025-10-07 22:58:48,849 - experiments.framework - INFO - Saving sgfa_K4_percW10_grp0.0 factor scores Z shape: (86, 4)
2025-10-07 22:58:48,921 - experiments.framework - INFO - Saving sgfa_K4_percW10_grp0.05 factor scores Z shape: (86, 4)
2025-10-07 22:58:48,921 - experiments.framework - INFO - Saving sgfa_K4_percW10_grp0.05 factor scores Z shape: (86, 4)
2025-10-07 22:58:48,988 - experiments.framework - INFO - Saving sgfa_K4_percW10_grp0.1 factor scores Z shape: (86, 4)
2025-10-07 22:58:48,988 - experiments.framework - INFO - Saving sgfa_K4_percW10_grp0.1 factor scores Z shape: (86, 4)
2025-10-07 22:58:49,053 - experiments.framework - INFO - Saving sgfa_K4_percW10_grp0.2 factor scores Z shape: (86, 4)
2025-10-07 22:58:49,053 - experiments.framework - INFO - Saving sgfa_K4_percW10_grp0.2 factor scores Z shape: (86, 4)
2025-10-07 22:58:49,121 - experiments.framework - INFO - Saving sgfa_K4_percW25_grp0.0 factor scores Z shape: (86, 4)
2025-10-07 22:58:49,121 - experiments.framework - INFO - Saving sgfa_K4_percW25_grp0.0 factor scores Z shape: (86, 4)
2025-10-07 22:58:49,188 - experiments.framework - INFO - Saving sgfa_K4_percW25_grp0.05 factor scores Z shape: (86, 4)
2025-10-07 22:58:49,188 - experiments.framework - INFO - Saving sgfa_K4_percW25_grp0.05 factor scores Z shape: (86, 4)
2025-10-07 22:58:49,256 - experiments.framework - INFO - Saving sgfa_K4_percW25_grp0.1 factor scores Z shape: (86, 4)
2025-10-07 22:58:49,256 - experiments.framework - INFO - Saving sgfa_K4_percW25_grp0.1 factor scores Z shape: (86, 4)
2025-10-07 22:58:49,323 - experiments.framework - INFO - Saving sgfa_K4_percW25_grp0.2 factor scores Z shape: (86, 4)
2025-10-07 22:58:49,323 - experiments.framework - INFO - Saving sgfa_K4_percW25_grp0.2 factor scores Z shape: (86, 4)
2025-10-07 22:58:49,391 - experiments.framework - INFO - Saving sgfa_K4_percW33_grp0.0 factor scores Z shape: (86, 4)
2025-10-07 22:58:49,391 - experiments.framework - INFO - Saving sgfa_K4_percW33_grp0.0 factor scores Z shape: (86, 4)
2025-10-07 22:58:49,458 - experiments.framework - INFO - Saving sgfa_K4_percW33_grp0.05 factor scores Z shape: (86, 4)
2025-10-07 22:58:49,458 - experiments.framework - INFO - Saving sgfa_K4_percW33_grp0.05 factor scores Z shape: (86, 4)
2025-10-07 22:58:49,524 - experiments.framework - INFO - Saving sgfa_K4_percW33_grp0.1 factor scores Z shape: (86, 4)
2025-10-07 22:58:49,524 - experiments.framework - INFO - Saving sgfa_K4_percW33_grp0.1 factor scores Z shape: (86, 4)
2025-10-07 22:58:49,591 - experiments.framework - INFO - Saving sgfa_K4_percW33_grp0.2 factor scores Z shape: (86, 4)
2025-10-07 22:58:49,591 - experiments.framework - INFO - Saving sgfa_K4_percW33_grp0.2 factor scores Z shape: (86, 4)
2025-10-07 22:58:49,594 - experiments.framework - INFO - Saving 6 plots to /cs/student/msc/aibh/2024/madhavan/sgfa_qmap-pd/results/all_rois-putamen_conf-age+sex+tiv_run_20251007_153206/sgfa_hyperparameter_tuning_20251007_153222/plots
2025-10-07 22:58:49,594 - experiments.framework - INFO - Saving 6 plots to /cs/student/msc/aibh/2024/madhavan/sgfa_qmap-pd/results/all_rois-putamen_conf-age+sex+tiv_run_20251007_153206/sgfa_hyperparameter_tuning_20251007_153222/plots
2025-10-07 22:58:50,716 - experiments.framework - INFO -   ✅ Saved plot: sgfa_variant_performance
2025-10-07 22:58:50,716 - experiments.framework - INFO -   ✅ Saved plot: sgfa_variant_performance
2025-10-07 22:58:51,962 - experiments.framework - INFO -   ✅ Saved plot: sgfa_variant_quality
2025-10-07 22:58:51,962 - experiments.framework - INFO -   ✅ Saved plot: sgfa_variant_quality
2025-10-07 22:58:52,513 - experiments.framework - INFO -   ✅ Saved plot: best_factor_loadings
2025-10-07 22:58:52,513 - experiments.framework - INFO -   ✅ Saved plot: best_factor_loadings
2025-10-07 22:58:56,661 - experiments.framework - INFO -   ✅ Saved plot: best_factor_scores
2025-10-07 22:58:56,661 - experiments.framework - INFO -   ✅ Saved plot: best_factor_scores
2025-10-07 22:58:57,064 - experiments.framework - INFO -   ✅ Saved plot: parameter_grid_search
2025-10-07 22:58:57,064 - experiments.framework - INFO -   ✅ Saved plot: parameter_grid_search
2025-10-07 22:58:57,657 - experiments.framework - INFO -   ✅ Saved plot: parameter_heatmaps
2025-10-07 22:58:57,657 - experiments.framework - INFO -   ✅ Saved plot: parameter_heatmaps
2025-10-07 22:58:57,657 - experiments.framework - INFO - All plots saved to: /cs/student/msc/aibh/2024/madhavan/sgfa_qmap-pd/results/all_rois-putamen_conf-age+sex+tiv_run_20251007_153206/sgfa_hyperparameter_tuning_20251007_153222/plots
2025-10-07 22:58:57,657 - experiments.framework - INFO - All plots saved to: /cs/student/msc/aibh/2024/madhavan/sgfa_qmap-pd/results/all_rois-putamen_conf-age+sex+tiv_run_20251007_153206/sgfa_hyperparameter_tuning_20251007_153222/plots
2025-10-07 22:59:02,739 - experiments.framework - INFO - ExperimentFramework initialized with output dir: /cs/student/msc/aibh/2024/madhavan/sgfa_qmap-pd/results/all_rois-putamen_conf-age+sex+tiv_run_20251007_153206
2025-10-07 22:59:02,739 - experiments.framework - INFO - ExperimentFramework initialized with output dir: /cs/student/msc/aibh/2024/madhavan/sgfa_qmap-pd/results/all_rois-putamen_conf-age+sex+tiv_run_20251007_153206
2025-10-07 22:59:02,739 - experiments.framework - INFO - ExperimentFramework initialized with output dir: /cs/student/msc/aibh/2024/madhavan/sgfa_qmap-pd/results/all_rois-putamen_conf-age+sex+tiv_run_20251007_153206
2025-10-07 22:59:02,742 - experiments.framework - INFO - Starting experiment: methods_comparison_20251007_225902
2025-10-07 22:59:02,742 - experiments.framework - INFO - Starting experiment: methods_comparison_20251007_225902
2025-10-07 22:59:02,742 - experiments.framework - INFO - Starting experiment: methods_comparison_20251007_225902
2025-10-07 23:07:33,121 - experiments.framework - INFO - 🏁 EXPERIMENT COMPLETED: methods_comparison_20251007_225902
2025-10-07 23:07:33,121 - experiments.framework - INFO - 🏁 EXPERIMENT COMPLETED: methods_comparison_20251007_225902
2025-10-07 23:07:33,121 - experiments.framework - INFO - 🏁 EXPERIMENT COMPLETED: methods_comparison_20251007_225902
2025-10-07 23:07:33,121 - experiments.framework - INFO - ⏱️  TOTAL RUNTIME: 8.5 minutes (510s)
2025-10-07 23:07:33,121 - experiments.framework - INFO - ⏱️  TOTAL RUNTIME: 8.5 minutes (510s)
2025-10-07 23:07:33,121 - experiments.framework - INFO - ⏱️  TOTAL RUNTIME: 8.5 minutes (510s)
2025-10-07 23:07:33,122 - experiments.framework - INFO - 🕐 Started: 2025-10-07 22:59:02
2025-10-07 23:07:33,122 - experiments.framework - INFO - 🕐 Started: 2025-10-07 22:59:02
2025-10-07 23:07:33,122 - experiments.framework - INFO - 🕐 Started: 2025-10-07 22:59:02
2025-10-07 23:07:33,122 - experiments.framework - INFO - 🕑 Finished: 2025-10-07 23:07:33
2025-10-07 23:07:33,122 - experiments.framework - INFO - 🕑 Finished: 2025-10-07 23:07:33
2025-10-07 23:07:33,122 - experiments.framework - INFO - 🕑 Finished: 2025-10-07 23:07:33
2025-10-07 23:07:33,122 - experiments.framework - INFO - Experiment completed successfully: methods_comparison_20251007_225902
2025-10-07 23:07:33,122 - experiments.framework - INFO - Experiment completed successfully: methods_comparison_20251007_225902
2025-10-07 23:07:33,122 - experiments.framework - INFO - Experiment completed successfully: methods_comparison_20251007_225902
2025-10-07 23:07:33,122 - experiments.framework - INFO - 🧹 Performing comprehensive memory cleanup...
2025-10-07 23:07:33,122 - experiments.framework - INFO - 🧹 Performing comprehensive memory cleanup...
2025-10-07 23:07:33,122 - experiments.framework - INFO - 🧹 Performing comprehensive memory cleanup...
2025-10-07 23:07:33,192 - experiments.framework - INFO - Garbage collection freed 116 objects
2025-10-07 23:07:33,192 - experiments.framework - INFO - Garbage collection freed 116 objects
2025-10-07 23:07:33,192 - experiments.framework - INFO - Garbage collection freed 116 objects
2025-10-07 23:07:33,415 - experiments.framework - INFO - GPU memory cleanup attempted
2025-10-07 23:07:33,415 - experiments.framework - INFO - GPU memory cleanup attempted
2025-10-07 23:07:33,415 - experiments.framework - INFO - GPU memory cleanup attempted
2025-10-07 23:07:34,416 - experiments.framework - INFO - ✅ Comprehensive memory cleanup completed
2025-10-07 23:07:34,416 - experiments.framework - INFO - ✅ Comprehensive memory cleanup completed
2025-10-07 23:07:34,416 - experiments.framework - INFO - ✅ Comprehensive memory cleanup completed
2025-10-07 23:07:34,456 - experiments.framework - INFO - Pickle saving disabled to prevent large files - using JSON and CSV instead
2025-10-07 23:07:34,456 - experiments.framework - INFO - Pickle saving disabled to prevent large files - using JSON and CSV instead
2025-10-07 23:07:34,456 - experiments.framework - INFO - Pickle saving disabled to prevent large files - using JSON and CSV instead
2025-10-07 23:07:38,996 - experiments.framework - INFO - ExperimentFramework initialized with output dir: /cs/student/msc/aibh/2024/madhavan/sgfa_qmap-pd/results/all_rois-putamen_conf-age+sex+tiv_run_20251007_153206
2025-10-07 23:07:38,996 - experiments.framework - INFO - ExperimentFramework initialized with output dir: /cs/student/msc/aibh/2024/madhavan/sgfa_qmap-pd/results/all_rois-putamen_conf-age+sex+tiv_run_20251007_153206
2025-10-07 23:07:38,996 - experiments.framework - INFO - ExperimentFramework initialized with output dir: /cs/student/msc/aibh/2024/madhavan/sgfa_qmap-pd/results/all_rois-putamen_conf-age+sex+tiv_run_20251007_153206
2025-10-07 23:07:38,996 - experiments.framework - INFO - ExperimentFramework initialized with output dir: /cs/student/msc/aibh/2024/madhavan/sgfa_qmap-pd/results/all_rois-putamen_conf-age+sex+tiv_run_20251007_153206
2025-10-07 23:07:39,039 - experiments.framework - INFO - Starting experiment: sensitivity_analysis_20251007_230739
2025-10-07 23:07:39,039 - experiments.framework - INFO - Starting experiment: sensitivity_analysis_20251007_230739
2025-10-07 23:07:39,039 - experiments.framework - INFO - Starting experiment: sensitivity_analysis_20251007_230739
2025-10-07 23:07:39,039 - experiments.framework - INFO - Starting experiment: sensitivity_analysis_20251007_230739
2025-10-07 23:25:02,642 - experiments.framework - INFO - 🏁 EXPERIMENT COMPLETED: sensitivity_analysis_20251007_230739
2025-10-07 23:25:02,642 - experiments.framework - INFO - 🏁 EXPERIMENT COMPLETED: sensitivity_analysis_20251007_230739
2025-10-07 23:25:02,642 - experiments.framework - INFO - 🏁 EXPERIMENT COMPLETED: sensitivity_analysis_20251007_230739
2025-10-07 23:25:02,642 - experiments.framework - INFO - 🏁 EXPERIMENT COMPLETED: sensitivity_analysis_20251007_230739
2025-10-07 23:25:02,643 - experiments.framework - INFO - ⏱️  TOTAL RUNTIME: 17.4 minutes (1044s)
2025-10-07 23:25:02,643 - experiments.framework - INFO - ⏱️  TOTAL RUNTIME: 17.4 minutes (1044s)
2025-10-07 23:25:02,643 - experiments.framework - INFO - ⏱️  TOTAL RUNTIME: 17.4 minutes (1044s)
2025-10-07 23:25:02,643 - experiments.framework - INFO - ⏱️  TOTAL RUNTIME: 17.4 minutes (1044s)
2025-10-07 23:25:02,643 - experiments.framework - INFO - 🕐 Started: 2025-10-07 23:07:39
2025-10-07 23:25:02,643 - experiments.framework - INFO - 🕐 Started: 2025-10-07 23:07:39
2025-10-07 23:25:02,643 - experiments.framework - INFO - 🕐 Started: 2025-10-07 23:07:39
2025-10-07 23:25:02,643 - experiments.framework - INFO - 🕐 Started: 2025-10-07 23:07:39
2025-10-07 23:25:02,643 - experiments.framework - INFO - 🕑 Finished: 2025-10-07 23:25:02
2025-10-07 23:25:02,643 - experiments.framework - INFO - 🕑 Finished: 2025-10-07 23:25:02
2025-10-07 23:25:02,643 - experiments.framework - INFO - 🕑 Finished: 2025-10-07 23:25:02
2025-10-07 23:25:02,643 - experiments.framework - INFO - 🕑 Finished: 2025-10-07 23:25:02
2025-10-07 23:25:02,643 - experiments.framework - INFO - Experiment completed successfully: sensitivity_analysis_20251007_230739
2025-10-07 23:25:02,643 - experiments.framework - INFO - Experiment completed successfully: sensitivity_analysis_20251007_230739
2025-10-07 23:25:02,643 - experiments.framework - INFO - Experiment completed successfully: sensitivity_analysis_20251007_230739
2025-10-07 23:25:02,643 - experiments.framework - INFO - Experiment completed successfully: sensitivity_analysis_20251007_230739
2025-10-07 23:25:02,643 - experiments.framework - INFO - 🧹 Performing comprehensive memory cleanup...
2025-10-07 23:25:02,643 - experiments.framework - INFO - 🧹 Performing comprehensive memory cleanup...
2025-10-07 23:25:02,643 - experiments.framework - INFO - 🧹 Performing comprehensive memory cleanup...
2025-10-07 23:25:02,643 - experiments.framework - INFO - 🧹 Performing comprehensive memory cleanup...
2025-10-07 23:25:02,708 - experiments.framework - INFO - Garbage collection freed 35 objects
2025-10-07 23:25:02,708 - experiments.framework - INFO - Garbage collection freed 35 objects
2025-10-07 23:25:02,708 - experiments.framework - INFO - Garbage collection freed 35 objects
2025-10-07 23:25:02,708 - experiments.framework - INFO - Garbage collection freed 35 objects
2025-10-07 23:25:02,941 - experiments.framework - INFO - GPU memory cleanup attempted
2025-10-07 23:25:02,941 - experiments.framework - INFO - GPU memory cleanup attempted
2025-10-07 23:25:02,941 - experiments.framework - INFO - GPU memory cleanup attempted
2025-10-07 23:25:02,941 - experiments.framework - INFO - GPU memory cleanup attempted
2025-10-07 23:25:03,942 - experiments.framework - INFO - ✅ Comprehensive memory cleanup completed
2025-10-07 23:25:03,942 - experiments.framework - INFO - ✅ Comprehensive memory cleanup completed
2025-10-07 23:25:03,942 - experiments.framework - INFO - ✅ Comprehensive memory cleanup completed
2025-10-07 23:25:03,942 - experiments.framework - INFO - ✅ Comprehensive memory cleanup completed
2025-10-07 23:25:03,994 - experiments.framework - INFO - Pickle saving disabled to prevent large files - using JSON and CSV instead
2025-10-07 23:25:03,994 - experiments.framework - INFO - Pickle saving disabled to prevent large files - using JSON and CSV instead
2025-10-07 23:25:03,994 - experiments.framework - INFO - Pickle saving disabled to prevent large files - using JSON and CSV instead
2025-10-07 23:25:03,994 - experiments.framework - INFO - Pickle saving disabled to prevent large files - using JSON and CSV instead
2025-10-07 23:25:03,998 - experiments.framework - INFO - Saving 1 plots to /cs/student/msc/aibh/2024/madhavan/sgfa_qmap-pd/results/all_rois-putamen_conf-age+sex+tiv_run_20251007_153206/sensitivity_analysis_20251007_230739/plots
2025-10-07 23:25:03,998 - experiments.framework - INFO - Saving 1 plots to /cs/student/msc/aibh/2024/madhavan/sgfa_qmap-pd/results/all_rois-putamen_conf-age+sex+tiv_run_20251007_153206/sensitivity_analysis_20251007_230739/plots
2025-10-07 23:25:03,998 - experiments.framework - INFO - Saving 1 plots to /cs/student/msc/aibh/2024/madhavan/sgfa_qmap-pd/results/all_rois-putamen_conf-age+sex+tiv_run_20251007_153206/sensitivity_analysis_20251007_230739/plots
2025-10-07 23:25:03,998 - experiments.framework - INFO - Saving 1 plots to /cs/student/msc/aibh/2024/madhavan/sgfa_qmap-pd/results/all_rois-putamen_conf-age+sex+tiv_run_20251007_153206/sensitivity_analysis_20251007_230739/plots
2025-10-07 23:25:04,967 - experiments.framework - INFO -   ✅ Saved plot: parameter_sensitivity_summary
2025-10-07 23:25:04,967 - experiments.framework - INFO -   ✅ Saved plot: parameter_sensitivity_summary
2025-10-07 23:25:04,967 - experiments.framework - INFO -   ✅ Saved plot: parameter_sensitivity_summary
2025-10-07 23:25:04,967 - experiments.framework - INFO -   ✅ Saved plot: parameter_sensitivity_summary
2025-10-07 23:25:04,967 - experiments.framework - INFO - All plots saved to: /cs/student/msc/aibh/2024/madhavan/sgfa_qmap-pd/results/all_rois-putamen_conf-age+sex+tiv_run_20251007_153206/sensitivity_analysis_20251007_230739/plots
2025-10-07 23:25:04,967 - experiments.framework - INFO - All plots saved to: /cs/student/msc/aibh/2024/madhavan/sgfa_qmap-pd/results/all_rois-putamen_conf-age+sex+tiv_run_20251007_153206/sensitivity_analysis_20251007_230739/plots
2025-10-07 23:25:04,967 - experiments.framework - INFO - All plots saved to: /cs/student/msc/aibh/2024/madhavan/sgfa_qmap-pd/results/all_rois-putamen_conf-age+sex+tiv_run_20251007_153206/sensitivity_analysis_20251007_230739/plots
2025-10-07 23:25:04,967 - experiments.framework - INFO - All plots saved to: /cs/student/msc/aibh/2024/madhavan/sgfa_qmap-pd/results/all_rois-putamen_conf-age+sex+tiv_run_20251007_153206/sensitivity_analysis_20251007_230739/plots
2025-10-07 23:25:11,803 - experiments.framework - INFO - ExperimentFramework initialized with output dir: /cs/student/msc/aibh/2024/madhavan/sgfa_qmap-pd/results/all_rois-putamen_conf-age+sex+tiv_run_20251007_153206
2025-10-07 23:25:11,803 - experiments.framework - INFO - ExperimentFramework initialized with output dir: /cs/student/msc/aibh/2024/madhavan/sgfa_qmap-pd/results/all_rois-putamen_conf-age+sex+tiv_run_20251007_153206
2025-10-07 23:25:11,803 - experiments.framework - INFO - ExperimentFramework initialized with output dir: /cs/student/msc/aibh/2024/madhavan/sgfa_qmap-pd/results/all_rois-putamen_conf-age+sex+tiv_run_20251007_153206
2025-10-07 23:25:11,803 - experiments.framework - INFO - ExperimentFramework initialized with output dir: /cs/student/msc/aibh/2024/madhavan/sgfa_qmap-pd/results/all_rois-putamen_conf-age+sex+tiv_run_20251007_153206
2025-10-07 23:25:11,803 - experiments.framework - INFO - ExperimentFramework initialized with output dir: /cs/student/msc/aibh/2024/madhavan/sgfa_qmap-pd/results/all_rois-putamen_conf-age+sex+tiv_run_20251007_153206
2025-10-07 23:25:11,808 - experiments.framework - INFO - Starting experiment: clinical_validation_20251007_232511
2025-10-07 23:25:11,808 - experiments.framework - INFO - Starting experiment: clinical_validation_20251007_232511
2025-10-07 23:25:11,808 - experiments.framework - INFO - Starting experiment: clinical_validation_20251007_232511
2025-10-07 23:25:11,808 - experiments.framework - INFO - Starting experiment: clinical_validation_20251007_232511
2025-10-07 23:25:11,808 - experiments.framework - INFO - Starting experiment: clinical_validation_20251007_232511
2025-10-07 23:27:35,724 - experiments.framework - INFO - 🏁 EXPERIMENT COMPLETED: clinical_validation_20251007_232511
2025-10-07 23:27:35,724 - experiments.framework - INFO - 🏁 EXPERIMENT COMPLETED: clinical_validation_20251007_232511
2025-10-07 23:27:35,724 - experiments.framework - INFO - 🏁 EXPERIMENT COMPLETED: clinical_validation_20251007_232511
2025-10-07 23:27:35,724 - experiments.framework - INFO - 🏁 EXPERIMENT COMPLETED: clinical_validation_20251007_232511
2025-10-07 23:27:35,724 - experiments.framework - INFO - 🏁 EXPERIMENT COMPLETED: clinical_validation_20251007_232511
2025-10-07 23:27:35,724 - experiments.framework - INFO - ⏱️  TOTAL RUNTIME: 2.4 minutes (144s)
2025-10-07 23:27:35,724 - experiments.framework - INFO - ⏱️  TOTAL RUNTIME: 2.4 minutes (144s)
2025-10-07 23:27:35,724 - experiments.framework - INFO - ⏱️  TOTAL RUNTIME: 2.4 minutes (144s)
2025-10-07 23:27:35,724 - experiments.framework - INFO - ⏱️  TOTAL RUNTIME: 2.4 minutes (144s)
2025-10-07 23:27:35,724 - experiments.framework - INFO - ⏱️  TOTAL RUNTIME: 2.4 minutes (144s)
2025-10-07 23:27:35,724 - experiments.framework - INFO - 🕐 Started: 2025-10-07 23:25:11
2025-10-07 23:27:35,724 - experiments.framework - INFO - 🕐 Started: 2025-10-07 23:25:11
2025-10-07 23:27:35,724 - experiments.framework - INFO - 🕐 Started: 2025-10-07 23:25:11
2025-10-07 23:27:35,724 - experiments.framework - INFO - 🕐 Started: 2025-10-07 23:25:11
2025-10-07 23:27:35,724 - experiments.framework - INFO - 🕐 Started: 2025-10-07 23:25:11
2025-10-07 23:27:35,725 - experiments.framework - INFO - 🕑 Finished: 2025-10-07 23:27:35
2025-10-07 23:27:35,725 - experiments.framework - INFO - 🕑 Finished: 2025-10-07 23:27:35
2025-10-07 23:27:35,725 - experiments.framework - INFO - 🕑 Finished: 2025-10-07 23:27:35
2025-10-07 23:27:35,725 - experiments.framework - INFO - 🕑 Finished: 2025-10-07 23:27:35
2025-10-07 23:27:35,725 - experiments.framework - INFO - 🕑 Finished: 2025-10-07 23:27:35
2025-10-07 23:27:35,725 - experiments.framework - INFO - Experiment completed successfully: clinical_validation_20251007_232511
2025-10-07 23:27:35,725 - experiments.framework - INFO - Experiment completed successfully: clinical_validation_20251007_232511
2025-10-07 23:27:35,725 - experiments.framework - INFO - Experiment completed successfully: clinical_validation_20251007_232511
2025-10-07 23:27:35,725 - experiments.framework - INFO - Experiment completed successfully: clinical_validation_20251007_232511
2025-10-07 23:27:35,725 - experiments.framework - INFO - Experiment completed successfully: clinical_validation_20251007_232511
2025-10-07 23:27:35,725 - experiments.framework - INFO - 🧹 Performing comprehensive memory cleanup...
2025-10-07 23:27:35,725 - experiments.framework - INFO - 🧹 Performing comprehensive memory cleanup...
2025-10-07 23:27:35,725 - experiments.framework - INFO - 🧹 Performing comprehensive memory cleanup...
2025-10-07 23:27:35,725 - experiments.framework - INFO - 🧹 Performing comprehensive memory cleanup...
2025-10-07 23:27:35,725 - experiments.framework - INFO - 🧹 Performing comprehensive memory cleanup...
2025-10-07 23:27:35,818 - experiments.framework - INFO - Garbage collection freed 195 objects
2025-10-07 23:27:35,818 - experiments.framework - INFO - Garbage collection freed 195 objects
2025-10-07 23:27:35,818 - experiments.framework - INFO - Garbage collection freed 195 objects
2025-10-07 23:27:35,818 - experiments.framework - INFO - Garbage collection freed 195 objects
2025-10-07 23:27:35,818 - experiments.framework - INFO - Garbage collection freed 195 objects
2025-10-07 23:27:36,163 - experiments.framework - INFO - GPU memory cleanup attempted
2025-10-07 23:27:36,163 - experiments.framework - INFO - GPU memory cleanup attempted
2025-10-07 23:27:36,163 - experiments.framework - INFO - GPU memory cleanup attempted
2025-10-07 23:27:36,163 - experiments.framework - INFO - GPU memory cleanup attempted
2025-10-07 23:27:36,163 - experiments.framework - INFO - GPU memory cleanup attempted
2025-10-07 23:27:37,165 - experiments.framework - INFO - ✅ Comprehensive memory cleanup completed
2025-10-07 23:27:37,165 - experiments.framework - INFO - ✅ Comprehensive memory cleanup completed
2025-10-07 23:27:37,165 - experiments.framework - INFO - ✅ Comprehensive memory cleanup completed
2025-10-07 23:27:37,165 - experiments.framework - INFO - ✅ Comprehensive memory cleanup completed
2025-10-07 23:27:37,165 - experiments.framework - INFO - ✅ Comprehensive memory cleanup completed
2025-10-07 23:27:37,186 - experiments.framework - INFO - Pickle saving disabled to prevent large files - using JSON and CSV instead
2025-10-07 23:27:37,186 - experiments.framework - INFO - Pickle saving disabled to prevent large files - using JSON and CSV instead
2025-10-07 23:27:37,186 - experiments.framework - INFO - Pickle saving disabled to prevent large files - using JSON and CSV instead
2025-10-07 23:27:37,186 - experiments.framework - INFO - Pickle saving disabled to prevent large files - using JSON and CSV instead
2025-10-07 23:27:37,186 - experiments.framework - INFO - Pickle saving disabled to prevent large files - using JSON and CSV instead
2025-10-07 23:27:37,188 - experiments.framework - INFO - Saving 1 plots to /cs/student/msc/aibh/2024/madhavan/sgfa_qmap-pd/results/all_rois-putamen_conf-age+sex+tiv_run_20251007_153206/clinical_validation_20251007_232511/plots
2025-10-07 23:27:37,188 - experiments.framework - INFO - Saving 1 plots to /cs/student/msc/aibh/2024/madhavan/sgfa_qmap-pd/results/all_rois-putamen_conf-age+sex+tiv_run_20251007_153206/clinical_validation_20251007_232511/plots
2025-10-07 23:27:37,188 - experiments.framework - INFO - Saving 1 plots to /cs/student/msc/aibh/2024/madhavan/sgfa_qmap-pd/results/all_rois-putamen_conf-age+sex+tiv_run_20251007_153206/clinical_validation_20251007_232511/plots
2025-10-07 23:27:37,188 - experiments.framework - INFO - Saving 1 plots to /cs/student/msc/aibh/2024/madhavan/sgfa_qmap-pd/results/all_rois-putamen_conf-age+sex+tiv_run_20251007_153206/clinical_validation_20251007_232511/plots
2025-10-07 23:27:37,188 - experiments.framework - INFO - Saving 1 plots to /cs/student/msc/aibh/2024/madhavan/sgfa_qmap-pd/results/all_rois-putamen_conf-age+sex+tiv_run_20251007_153206/clinical_validation_20251007_232511/plots
2025-10-07 23:27:37,523 - experiments.framework - INFO -   ✅ Saved plot: clinical_validation_summary
2025-10-07 23:27:37,523 - experiments.framework - INFO -   ✅ Saved plot: clinical_validation_summary
2025-10-07 23:27:37,523 - experiments.framework - INFO -   ✅ Saved plot: clinical_validation_summary
2025-10-07 23:27:37,523 - experiments.framework - INFO -   ✅ Saved plot: clinical_validation_summary
2025-10-07 23:27:37,523 - experiments.framework - INFO -   ✅ Saved plot: clinical_validation_summary
2025-10-07 23:27:37,524 - experiments.framework - INFO - All plots saved to: /cs/student/msc/aibh/2024/madhavan/sgfa_qmap-pd/results/all_rois-putamen_conf-age+sex+tiv_run_20251007_153206/clinical_validation_20251007_232511/plots
2025-10-07 23:27:37,524 - experiments.framework - INFO - All plots saved to: /cs/student/msc/aibh/2024/madhavan/sgfa_qmap-pd/results/all_rois-putamen_conf-age+sex+tiv_run_20251007_153206/clinical_validation_20251007_232511/plots
2025-10-07 23:27:37,524 - experiments.framework - INFO - All plots saved to: /cs/student/msc/aibh/2024/madhavan/sgfa_qmap-pd/results/all_rois-putamen_conf-age+sex+tiv_run_20251007_153206/clinical_validation_20251007_232511/plots
2025-10-07 23:27:37,524 - experiments.framework - INFO - All plots saved to: /cs/student/msc/aibh/2024/madhavan/sgfa_qmap-pd/results/all_rois-putamen_conf-age+sex+tiv_run_20251007_153206/clinical_validation_20251007_232511/plots
2025-10-07 23:27:37,524 - experiments.framework - INFO - All plots saved to: /cs/student/msc/aibh/2024/madhavan/sgfa_qmap-pd/results/all_rois-putamen_conf-age+sex+tiv_run_20251007_153206/clinical_validation_20251007_232511/plots
2025-10-07 23:27:42,296 - experiments.framework - INFO - ExperimentFramework initialized with output dir: /cs/student/msc/aibh/2024/madhavan/sgfa_qmap-pd/results/all_rois-putamen_conf-age+sex+tiv_run_20251007_153206
2025-10-07 23:27:42,296 - experiments.framework - INFO - ExperimentFramework initialized with output dir: /cs/student/msc/aibh/2024/madhavan/sgfa_qmap-pd/results/all_rois-putamen_conf-age+sex+tiv_run_20251007_153206
2025-10-07 23:27:42,296 - experiments.framework - INFO - ExperimentFramework initialized with output dir: /cs/student/msc/aibh/2024/madhavan/sgfa_qmap-pd/results/all_rois-putamen_conf-age+sex+tiv_run_20251007_153206
2025-10-07 23:27:42,296 - experiments.framework - INFO - ExperimentFramework initialized with output dir: /cs/student/msc/aibh/2024/madhavan/sgfa_qmap-pd/results/all_rois-putamen_conf-age+sex+tiv_run_20251007_153206
2025-10-07 23:27:42,296 - experiments.framework - INFO - ExperimentFramework initialized with output dir: /cs/student/msc/aibh/2024/madhavan/sgfa_qmap-pd/results/all_rois-putamen_conf-age+sex+tiv_run_20251007_153206
2025-10-07 23:27:42,296 - experiments.framework - INFO - ExperimentFramework initialized with output dir: /cs/student/msc/aibh/2024/madhavan/sgfa_qmap-pd/results/all_rois-putamen_conf-age+sex+tiv_run_20251007_153206
2025-10-07 23:27:42,300 - experiments.framework - INFO - Starting experiment: reproducibility_tests_20251007_232742
2025-10-07 23:27:42,300 - experiments.framework - INFO - Starting experiment: reproducibility_tests_20251007_232742
2025-10-07 23:27:42,300 - experiments.framework - INFO - Starting experiment: reproducibility_tests_20251007_232742
2025-10-07 23:27:42,300 - experiments.framework - INFO - Starting experiment: reproducibility_tests_20251007_232742
2025-10-07 23:27:42,300 - experiments.framework - INFO - Starting experiment: reproducibility_tests_20251007_232742
2025-10-07 23:27:42,300 - experiments.framework - INFO - Starting experiment: reproducibility_tests_20251007_232742
2025-10-07 23:40:55,199 - experiments.framework - INFO - 🏁 EXPERIMENT COMPLETED: reproducibility_tests_20251007_232742
2025-10-07 23:40:55,199 - experiments.framework - INFO - 🏁 EXPERIMENT COMPLETED: reproducibility_tests_20251007_232742
2025-10-07 23:40:55,199 - experiments.framework - INFO - 🏁 EXPERIMENT COMPLETED: reproducibility_tests_20251007_232742
2025-10-07 23:40:55,199 - experiments.framework - INFO - 🏁 EXPERIMENT COMPLETED: reproducibility_tests_20251007_232742
2025-10-07 23:40:55,199 - experiments.framework - INFO - 🏁 EXPERIMENT COMPLETED: reproducibility_tests_20251007_232742
2025-10-07 23:40:55,199 - experiments.framework - INFO - 🏁 EXPERIMENT COMPLETED: reproducibility_tests_20251007_232742
2025-10-07 23:40:55,200 - experiments.framework - INFO - ⏱️  TOTAL RUNTIME: 13.2 minutes (793s)
2025-10-07 23:40:55,200 - experiments.framework - INFO - ⏱️  TOTAL RUNTIME: 13.2 minutes (793s)
2025-10-07 23:40:55,200 - experiments.framework - INFO - ⏱️  TOTAL RUNTIME: 13.2 minutes (793s)
2025-10-07 23:40:55,200 - experiments.framework - INFO - ⏱️  TOTAL RUNTIME: 13.2 minutes (793s)
2025-10-07 23:40:55,200 - experiments.framework - INFO - ⏱️  TOTAL RUNTIME: 13.2 minutes (793s)
2025-10-07 23:40:55,200 - experiments.framework - INFO - ⏱️  TOTAL RUNTIME: 13.2 minutes (793s)
2025-10-07 23:40:55,200 - experiments.framework - INFO - 🕐 Started: 2025-10-07 23:27:42
2025-10-07 23:40:55,200 - experiments.framework - INFO - 🕐 Started: 2025-10-07 23:27:42
2025-10-07 23:40:55,200 - experiments.framework - INFO - 🕐 Started: 2025-10-07 23:27:42
2025-10-07 23:40:55,200 - experiments.framework - INFO - 🕐 Started: 2025-10-07 23:27:42
2025-10-07 23:40:55,200 - experiments.framework - INFO - 🕐 Started: 2025-10-07 23:27:42
2025-10-07 23:40:55,200 - experiments.framework - INFO - 🕐 Started: 2025-10-07 23:27:42
2025-10-07 23:40:55,200 - experiments.framework - INFO - 🕑 Finished: 2025-10-07 23:40:55
2025-10-07 23:40:55,200 - experiments.framework - INFO - 🕑 Finished: 2025-10-07 23:40:55
2025-10-07 23:40:55,200 - experiments.framework - INFO - 🕑 Finished: 2025-10-07 23:40:55
2025-10-07 23:40:55,200 - experiments.framework - INFO - 🕑 Finished: 2025-10-07 23:40:55
2025-10-07 23:40:55,200 - experiments.framework - INFO - 🕑 Finished: 2025-10-07 23:40:55
2025-10-07 23:40:55,200 - experiments.framework - INFO - 🕑 Finished: 2025-10-07 23:40:55
2025-10-07 23:40:55,200 - experiments.framework - INFO - Experiment completed successfully: reproducibility_tests_20251007_232742
2025-10-07 23:40:55,200 - experiments.framework - INFO - Experiment completed successfully: reproducibility_tests_20251007_232742
2025-10-07 23:40:55,200 - experiments.framework - INFO - Experiment completed successfully: reproducibility_tests_20251007_232742
2025-10-07 23:40:55,200 - experiments.framework - INFO - Experiment completed successfully: reproducibility_tests_20251007_232742
2025-10-07 23:40:55,200 - experiments.framework - INFO - Experiment completed successfully: reproducibility_tests_20251007_232742
2025-10-07 23:40:55,200 - experiments.framework - INFO - Experiment completed successfully: reproducibility_tests_20251007_232742
2025-10-07 23:40:55,201 - experiments.framework - INFO - 🧹 Performing comprehensive memory cleanup...
2025-10-07 23:40:55,201 - experiments.framework - INFO - 🧹 Performing comprehensive memory cleanup...
2025-10-07 23:40:55,201 - experiments.framework - INFO - 🧹 Performing comprehensive memory cleanup...
2025-10-07 23:40:55,201 - experiments.framework - INFO - 🧹 Performing comprehensive memory cleanup...
2025-10-07 23:40:55,201 - experiments.framework - INFO - 🧹 Performing comprehensive memory cleanup...
2025-10-07 23:40:55,201 - experiments.framework - INFO - 🧹 Performing comprehensive memory cleanup...
2025-10-07 23:40:55,328 - experiments.framework - INFO - Garbage collection freed 120 objects
2025-10-07 23:40:55,328 - experiments.framework - INFO - Garbage collection freed 120 objects
2025-10-07 23:40:55,328 - experiments.framework - INFO - Garbage collection freed 120 objects
2025-10-07 23:40:55,328 - experiments.framework - INFO - Garbage collection freed 120 objects
2025-10-07 23:40:55,328 - experiments.framework - INFO - Garbage collection freed 120 objects
2025-10-07 23:40:55,328 - experiments.framework - INFO - Garbage collection freed 120 objects
2025-10-07 23:40:55,820 - experiments.framework - INFO - GPU memory cleanup attempted
2025-10-07 23:40:55,820 - experiments.framework - INFO - GPU memory cleanup attempted
2025-10-07 23:40:55,820 - experiments.framework - INFO - GPU memory cleanup attempted
2025-10-07 23:40:55,820 - experiments.framework - INFO - GPU memory cleanup attempted
2025-10-07 23:40:55,820 - experiments.framework - INFO - GPU memory cleanup attempted
2025-10-07 23:40:55,820 - experiments.framework - INFO - GPU memory cleanup attempted
2025-10-07 23:40:56,821 - experiments.framework - INFO - ✅ Comprehensive memory cleanup completed
2025-10-07 23:40:56,821 - experiments.framework - INFO - ✅ Comprehensive memory cleanup completed
2025-10-07 23:40:56,821 - experiments.framework - INFO - ✅ Comprehensive memory cleanup completed
2025-10-07 23:40:56,821 - experiments.framework - INFO - ✅ Comprehensive memory cleanup completed
2025-10-07 23:40:56,821 - experiments.framework - INFO - ✅ Comprehensive memory cleanup completed
2025-10-07 23:40:56,821 - experiments.framework - INFO - ✅ Comprehensive memory cleanup completed
2025-10-07 23:40:56,852 - experiments.framework - INFO - Pickle saving disabled to prevent large files - using JSON and CSV instead
2025-10-07 23:40:56,852 - experiments.framework - INFO - Pickle saving disabled to prevent large files - using JSON and CSV instead
2025-10-07 23:40:56,852 - experiments.framework - INFO - Pickle saving disabled to prevent large files - using JSON and CSV instead
2025-10-07 23:40:56,852 - experiments.framework - INFO - Pickle saving disabled to prevent large files - using JSON and CSV instead
2025-10-07 23:40:56,852 - experiments.framework - INFO - Pickle saving disabled to prevent large files - using JSON and CSV instead
2025-10-07 23:40:56,852 - experiments.framework - INFO - Pickle saving disabled to prevent large files - using JSON and CSV instead
2025-10-07 23:40:56,857 - experiments.framework - INFO - Saving 1 plots to /cs/student/msc/aibh/2024/madhavan/sgfa_qmap-pd/results/all_rois-putamen_conf-age+sex+tiv_run_20251007_153206/reproducibility_tests_20251007_232742/plots
2025-10-07 23:40:56,857 - experiments.framework - INFO - Saving 1 plots to /cs/student/msc/aibh/2024/madhavan/sgfa_qmap-pd/results/all_rois-putamen_conf-age+sex+tiv_run_20251007_153206/reproducibility_tests_20251007_232742/plots
2025-10-07 23:40:56,857 - experiments.framework - INFO - Saving 1 plots to /cs/student/msc/aibh/2024/madhavan/sgfa_qmap-pd/results/all_rois-putamen_conf-age+sex+tiv_run_20251007_153206/reproducibility_tests_20251007_232742/plots
2025-10-07 23:40:56,857 - experiments.framework - INFO - Saving 1 plots to /cs/student/msc/aibh/2024/madhavan/sgfa_qmap-pd/results/all_rois-putamen_conf-age+sex+tiv_run_20251007_153206/reproducibility_tests_20251007_232742/plots
2025-10-07 23:40:56,857 - experiments.framework - INFO - Saving 1 plots to /cs/student/msc/aibh/2024/madhavan/sgfa_qmap-pd/results/all_rois-putamen_conf-age+sex+tiv_run_20251007_153206/reproducibility_tests_20251007_232742/plots
2025-10-07 23:40:56,857 - experiments.framework - INFO - Saving 1 plots to /cs/student/msc/aibh/2024/madhavan/sgfa_qmap-pd/results/all_rois-putamen_conf-age+sex+tiv_run_20251007_153206/reproducibility_tests_20251007_232742/plots
2025-10-07 23:40:57,317 - experiments.framework - INFO -   ✅ Saved plot: reproducibility_summary
2025-10-07 23:40:57,317 - experiments.framework - INFO -   ✅ Saved plot: reproducibility_summary
2025-10-07 23:40:57,317 - experiments.framework - INFO -   ✅ Saved plot: reproducibility_summary
2025-10-07 23:40:57,317 - experiments.framework - INFO -   ✅ Saved plot: reproducibility_summary
2025-10-07 23:40:57,317 - experiments.framework - INFO -   ✅ Saved plot: reproducibility_summary
2025-10-07 23:40:57,317 - experiments.framework - INFO -   ✅ Saved plot: reproducibility_summary
2025-10-07 23:40:57,317 - experiments.framework - INFO - All plots saved to: /cs/student/msc/aibh/2024/madhavan/sgfa_qmap-pd/results/all_rois-putamen_conf-age+sex+tiv_run_20251007_153206/reproducibility_tests_20251007_232742/plots
2025-10-07 23:40:57,317 - experiments.framework - INFO - All plots saved to: /cs/student/msc/aibh/2024/madhavan/sgfa_qmap-pd/results/all_rois-putamen_conf-age+sex+tiv_run_20251007_153206/reproducibility_tests_20251007_232742/plots
2025-10-07 23:40:57,317 - experiments.framework - INFO - All plots saved to: /cs/student/msc/aibh/2024/madhavan/sgfa_qmap-pd/results/all_rois-putamen_conf-age+sex+tiv_run_20251007_153206/reproducibility_tests_20251007_232742/plots
2025-10-07 23:40:57,317 - experiments.framework - INFO - All plots saved to: /cs/student/msc/aibh/2024/madhavan/sgfa_qmap-pd/results/all_rois-putamen_conf-age+sex+tiv_run_20251007_153206/reproducibility_tests_20251007_232742/plots
2025-10-07 23:40:57,317 - experiments.framework - INFO - All plots saved to: /cs/student/msc/aibh/2024/madhavan/sgfa_qmap-pd/results/all_rois-putamen_conf-age+sex+tiv_run_20251007_153206/reproducibility_tests_20251007_232742/plots
2025-10-07 23:40:57,317 - experiments.framework - INFO - All plots saved to: /cs/student/msc/aibh/2024/madhavan/sgfa_qmap-pd/results/all_rois-putamen_conf-age+sex+tiv_run_20251007_153206/reproducibility_tests_20251007_232742/plots
