2025-10-07 15:33:31,481 - experiments.framework - INFO - ExperimentFramework initialized with output dir: /cs/student/msc/aibh/2024/madhavan/sgfa_qmap-pd/results/all_conf-age+sex+tiv_run_20251007_153331
2025-10-07 15:33:31,488 - experiments.framework - INFO - Starting experiment: data_validation_20251007_153331
2025-10-07 15:33:43,337 - experiments.framework - INFO - 🏁 EXPERIMENT COMPLETED: data_validation_20251007_153331
2025-10-07 15:33:43,337 - experiments.framework - INFO - ⏱️  TOTAL RUNTIME: 11.9 seconds
2025-10-07 15:33:43,338 - experiments.framework - INFO - 🕐 Started: 2025-10-07 15:33:31
2025-10-07 15:33:43,338 - experiments.framework - INFO - 🕑 Finished: 2025-10-07 15:33:43
2025-10-07 15:33:43,338 - experiments.framework - INFO - Experiment completed successfully: data_validation_20251007_153331
2025-10-07 15:33:43,338 - experiments.framework - INFO - 🧹 Performing comprehensive memory cleanup...
2025-10-07 15:33:43,373 - experiments.framework - INFO - Garbage collection freed 31925 objects
2025-10-07 15:33:43,479 - experiments.framework - INFO - GPU memory cleanup attempted
2025-10-07 15:33:44,481 - experiments.framework - INFO - ✅ Comprehensive memory cleanup completed
2025-10-07 15:33:44,813 - experiments.framework - INFO - Pickle saving disabled to prevent large files - using JSON and CSV instead
2025-10-07 15:33:46,724 - experiments.framework - INFO - Saving 3 plots to /cs/student/msc/aibh/2024/madhavan/sgfa_qmap-pd/results/all_conf-age+sex+tiv_run_20251007_153331/data_validation_20251007_153331/plots
2025-10-07 15:33:48,802 - experiments.framework - INFO -   ✅ Saved plot: data_distribution_comparison
2025-10-07 15:33:49,812 - experiments.framework - INFO -   ✅ Saved plot: data_validation_feature_reduction
2025-10-07 15:33:50,164 - experiments.framework - INFO -   ✅ Saved plot: data_validation_variance_distribution
2025-10-07 15:33:50,164 - experiments.framework - INFO - All plots saved to: /cs/student/msc/aibh/2024/madhavan/sgfa_qmap-pd/results/all_conf-age+sex+tiv_run_20251007_153331/data_validation_20251007_153331/plots
2025-10-07 15:33:50,203 - experiments.framework - INFO - ExperimentFramework initialized with output dir: /cs/student/msc/aibh/2024/madhavan/sgfa_qmap-pd/results/all_conf-age+sex+tiv_run_20251007_153331
2025-10-07 15:33:50,203 - experiments.framework - INFO - ExperimentFramework initialized with output dir: /cs/student/msc/aibh/2024/madhavan/sgfa_qmap-pd/results/all_conf-age+sex+tiv_run_20251007_153331
2025-10-07 15:33:53,316 - experiments.framework - INFO - Starting experiment: sgfa_hyperparameter_tuning_20251007_153353
2025-10-07 15:33:53,316 - experiments.framework - INFO - Starting experiment: sgfa_hyperparameter_tuning_20251007_153353
2025-10-07 22:47:48,398 - experiments.framework - INFO - 🏁 EXPERIMENT COMPLETED: sgfa_hyperparameter_tuning_20251007_153353
2025-10-07 22:47:48,398 - experiments.framework - INFO - 🏁 EXPERIMENT COMPLETED: sgfa_hyperparameter_tuning_20251007_153353
2025-10-07 22:47:48,400 - experiments.framework - INFO - ⏱️  TOTAL RUNTIME: 7.2 hours (14m 55s)
2025-10-07 22:47:48,400 - experiments.framework - INFO - ⏱️  TOTAL RUNTIME: 7.2 hours (14m 55s)
2025-10-07 22:47:48,401 - experiments.framework - INFO - 🕐 Started: 2025-10-07 15:33:53
2025-10-07 22:47:48,401 - experiments.framework - INFO - 🕐 Started: 2025-10-07 15:33:53
2025-10-07 22:47:48,401 - experiments.framework - INFO - 🕑 Finished: 2025-10-07 22:47:48
2025-10-07 22:47:48,401 - experiments.framework - INFO - 🕑 Finished: 2025-10-07 22:47:48
2025-10-07 22:47:48,401 - experiments.framework - INFO - Experiment completed successfully: sgfa_hyperparameter_tuning_20251007_153353
2025-10-07 22:47:48,401 - experiments.framework - INFO - Experiment completed successfully: sgfa_hyperparameter_tuning_20251007_153353
2025-10-07 22:47:48,401 - experiments.framework - INFO - 🧹 Performing comprehensive memory cleanup...
2025-10-07 22:47:48,401 - experiments.framework - INFO - 🧹 Performing comprehensive memory cleanup...
2025-10-07 22:47:48,445 - experiments.framework - INFO - Garbage collection freed 0 objects
2025-10-07 22:47:48,445 - experiments.framework - INFO - Garbage collection freed 0 objects
2025-10-07 22:47:48,610 - experiments.framework - INFO - GPU memory cleanup attempted
2025-10-07 22:47:48,610 - experiments.framework - INFO - GPU memory cleanup attempted
2025-10-07 22:47:49,611 - experiments.framework - INFO - ✅ Comprehensive memory cleanup completed
2025-10-07 22:47:49,611 - experiments.framework - INFO - ✅ Comprehensive memory cleanup completed
2025-10-07 22:47:49,968 - experiments.framework - INFO - Pickle saving disabled to prevent large files - using JSON and CSV instead
2025-10-07 22:47:49,968 - experiments.framework - INFO - Pickle saving disabled to prevent large files - using JSON and CSV instead
2025-10-07 22:47:50,013 - experiments.framework - INFO - Saving sgfa_K2_percW10_grp0.0 factor scores Z shape: (86, 2)
2025-10-07 22:47:50,013 - experiments.framework - INFO - Saving sgfa_K2_percW10_grp0.0 factor scores Z shape: (86, 2)
2025-10-07 22:47:50,054 - experiments.framework - INFO - Saving sgfa_K2_percW10_grp0.05 factor scores Z shape: (86, 2)
2025-10-07 22:47:50,054 - experiments.framework - INFO - Saving sgfa_K2_percW10_grp0.05 factor scores Z shape: (86, 2)
2025-10-07 22:47:50,094 - experiments.framework - INFO - Saving sgfa_K2_percW10_grp0.1 factor scores Z shape: (86, 2)
2025-10-07 22:47:50,094 - experiments.framework - INFO - Saving sgfa_K2_percW10_grp0.1 factor scores Z shape: (86, 2)
2025-10-07 22:47:50,138 - experiments.framework - INFO - Saving sgfa_K2_percW10_grp0.2 factor scores Z shape: (86, 2)
2025-10-07 22:47:50,138 - experiments.framework - INFO - Saving sgfa_K2_percW10_grp0.2 factor scores Z shape: (86, 2)
2025-10-07 22:47:50,182 - experiments.framework - INFO - Saving sgfa_K2_percW25_grp0.0 factor scores Z shape: (86, 2)
2025-10-07 22:47:50,182 - experiments.framework - INFO - Saving sgfa_K2_percW25_grp0.0 factor scores Z shape: (86, 2)
2025-10-07 22:47:50,223 - experiments.framework - INFO - Saving sgfa_K2_percW25_grp0.05 factor scores Z shape: (86, 2)
2025-10-07 22:47:50,223 - experiments.framework - INFO - Saving sgfa_K2_percW25_grp0.05 factor scores Z shape: (86, 2)
2025-10-07 22:47:50,266 - experiments.framework - INFO - Saving sgfa_K2_percW25_grp0.1 factor scores Z shape: (86, 2)
2025-10-07 22:47:50,266 - experiments.framework - INFO - Saving sgfa_K2_percW25_grp0.1 factor scores Z shape: (86, 2)
2025-10-07 22:47:50,311 - experiments.framework - INFO - Saving sgfa_K2_percW25_grp0.2 factor scores Z shape: (86, 2)
2025-10-07 22:47:50,311 - experiments.framework - INFO - Saving sgfa_K2_percW25_grp0.2 factor scores Z shape: (86, 2)
2025-10-07 22:47:50,354 - experiments.framework - INFO - Saving sgfa_K2_percW33_grp0.0 factor scores Z shape: (86, 2)
2025-10-07 22:47:50,354 - experiments.framework - INFO - Saving sgfa_K2_percW33_grp0.0 factor scores Z shape: (86, 2)
2025-10-07 22:47:50,393 - experiments.framework - INFO - Saving sgfa_K2_percW33_grp0.05 factor scores Z shape: (86, 2)
2025-10-07 22:47:50,393 - experiments.framework - INFO - Saving sgfa_K2_percW33_grp0.05 factor scores Z shape: (86, 2)
2025-10-07 22:47:50,434 - experiments.framework - INFO - Saving sgfa_K2_percW33_grp0.1 factor scores Z shape: (86, 2)
2025-10-07 22:47:50,434 - experiments.framework - INFO - Saving sgfa_K2_percW33_grp0.1 factor scores Z shape: (86, 2)
2025-10-07 22:47:50,476 - experiments.framework - INFO - Saving sgfa_K2_percW33_grp0.2 factor scores Z shape: (86, 2)
2025-10-07 22:47:50,476 - experiments.framework - INFO - Saving sgfa_K2_percW33_grp0.2 factor scores Z shape: (86, 2)
2025-10-07 22:47:50,533 - experiments.framework - INFO - Saving sgfa_K3_percW10_grp0.0 factor scores Z shape: (86, 3)
2025-10-07 22:47:50,533 - experiments.framework - INFO - Saving sgfa_K3_percW10_grp0.0 factor scores Z shape: (86, 3)
2025-10-07 22:47:50,602 - experiments.framework - INFO - Saving sgfa_K3_percW10_grp0.05 factor scores Z shape: (86, 3)
2025-10-07 22:47:50,602 - experiments.framework - INFO - Saving sgfa_K3_percW10_grp0.05 factor scores Z shape: (86, 3)
2025-10-07 22:47:50,661 - experiments.framework - INFO - Saving sgfa_K3_percW10_grp0.1 factor scores Z shape: (86, 3)
2025-10-07 22:47:50,661 - experiments.framework - INFO - Saving sgfa_K3_percW10_grp0.1 factor scores Z shape: (86, 3)
2025-10-07 22:47:50,716 - experiments.framework - INFO - Saving sgfa_K3_percW10_grp0.2 factor scores Z shape: (86, 3)
2025-10-07 22:47:50,716 - experiments.framework - INFO - Saving sgfa_K3_percW10_grp0.2 factor scores Z shape: (86, 3)
2025-10-07 22:47:50,771 - experiments.framework - INFO - Saving sgfa_K3_percW25_grp0.0 factor scores Z shape: (86, 3)
2025-10-07 22:47:50,771 - experiments.framework - INFO - Saving sgfa_K3_percW25_grp0.0 factor scores Z shape: (86, 3)
2025-10-07 22:47:50,827 - experiments.framework - INFO - Saving sgfa_K3_percW25_grp0.05 factor scores Z shape: (86, 3)
2025-10-07 22:47:50,827 - experiments.framework - INFO - Saving sgfa_K3_percW25_grp0.05 factor scores Z shape: (86, 3)
2025-10-07 22:47:50,885 - experiments.framework - INFO - Saving sgfa_K3_percW25_grp0.1 factor scores Z shape: (86, 3)
2025-10-07 22:47:50,885 - experiments.framework - INFO - Saving sgfa_K3_percW25_grp0.1 factor scores Z shape: (86, 3)
2025-10-07 22:47:50,946 - experiments.framework - INFO - Saving sgfa_K3_percW25_grp0.2 factor scores Z shape: (86, 3)
2025-10-07 22:47:50,946 - experiments.framework - INFO - Saving sgfa_K3_percW25_grp0.2 factor scores Z shape: (86, 3)
2025-10-07 22:47:51,003 - experiments.framework - INFO - Saving sgfa_K3_percW33_grp0.0 factor scores Z shape: (86, 3)
2025-10-07 22:47:51,003 - experiments.framework - INFO - Saving sgfa_K3_percW33_grp0.0 factor scores Z shape: (86, 3)
2025-10-07 22:47:51,058 - experiments.framework - INFO - Saving sgfa_K3_percW33_grp0.05 factor scores Z shape: (86, 3)
2025-10-07 22:47:51,058 - experiments.framework - INFO - Saving sgfa_K3_percW33_grp0.05 factor scores Z shape: (86, 3)
2025-10-07 22:47:51,113 - experiments.framework - INFO - Saving sgfa_K3_percW33_grp0.1 factor scores Z shape: (86, 3)
2025-10-07 22:47:51,113 - experiments.framework - INFO - Saving sgfa_K3_percW33_grp0.1 factor scores Z shape: (86, 3)
2025-10-07 22:47:51,188 - experiments.framework - INFO - Saving sgfa_K3_percW33_grp0.2 factor scores Z shape: (86, 3)
2025-10-07 22:47:51,188 - experiments.framework - INFO - Saving sgfa_K3_percW33_grp0.2 factor scores Z shape: (86, 3)
2025-10-07 22:47:51,278 - experiments.framework - INFO - Saving sgfa_K4_percW10_grp0.0 factor scores Z shape: (86, 4)
2025-10-07 22:47:51,278 - experiments.framework - INFO - Saving sgfa_K4_percW10_grp0.0 factor scores Z shape: (86, 4)
2025-10-07 22:47:51,360 - experiments.framework - INFO - Saving sgfa_K4_percW10_grp0.05 factor scores Z shape: (86, 4)
2025-10-07 22:47:51,360 - experiments.framework - INFO - Saving sgfa_K4_percW10_grp0.05 factor scores Z shape: (86, 4)
2025-10-07 22:47:51,431 - experiments.framework - INFO - Saving sgfa_K4_percW10_grp0.1 factor scores Z shape: (86, 4)
2025-10-07 22:47:51,431 - experiments.framework - INFO - Saving sgfa_K4_percW10_grp0.1 factor scores Z shape: (86, 4)
2025-10-07 22:47:51,501 - experiments.framework - INFO - Saving sgfa_K4_percW10_grp0.2 factor scores Z shape: (86, 4)
2025-10-07 22:47:51,501 - experiments.framework - INFO - Saving sgfa_K4_percW10_grp0.2 factor scores Z shape: (86, 4)
2025-10-07 22:47:51,586 - experiments.framework - INFO - Saving sgfa_K4_percW25_grp0.0 factor scores Z shape: (86, 4)
2025-10-07 22:47:51,586 - experiments.framework - INFO - Saving sgfa_K4_percW25_grp0.0 factor scores Z shape: (86, 4)
2025-10-07 22:47:51,653 - experiments.framework - INFO - Saving sgfa_K4_percW25_grp0.05 factor scores Z shape: (86, 4)
2025-10-07 22:47:51,653 - experiments.framework - INFO - Saving sgfa_K4_percW25_grp0.05 factor scores Z shape: (86, 4)
2025-10-07 22:47:51,722 - experiments.framework - INFO - Saving sgfa_K4_percW25_grp0.1 factor scores Z shape: (86, 4)
2025-10-07 22:47:51,722 - experiments.framework - INFO - Saving sgfa_K4_percW25_grp0.1 factor scores Z shape: (86, 4)
2025-10-07 22:47:51,787 - experiments.framework - INFO - Saving sgfa_K4_percW25_grp0.2 factor scores Z shape: (86, 4)
2025-10-07 22:47:51,787 - experiments.framework - INFO - Saving sgfa_K4_percW25_grp0.2 factor scores Z shape: (86, 4)
2025-10-07 22:47:51,857 - experiments.framework - INFO - Saving sgfa_K4_percW33_grp0.0 factor scores Z shape: (86, 4)
2025-10-07 22:47:51,857 - experiments.framework - INFO - Saving sgfa_K4_percW33_grp0.0 factor scores Z shape: (86, 4)
2025-10-07 22:47:51,925 - experiments.framework - INFO - Saving sgfa_K4_percW33_grp0.05 factor scores Z shape: (86, 4)
2025-10-07 22:47:51,925 - experiments.framework - INFO - Saving sgfa_K4_percW33_grp0.05 factor scores Z shape: (86, 4)
2025-10-07 22:47:51,993 - experiments.framework - INFO - Saving sgfa_K4_percW33_grp0.1 factor scores Z shape: (86, 4)
2025-10-07 22:47:51,993 - experiments.framework - INFO - Saving sgfa_K4_percW33_grp0.1 factor scores Z shape: (86, 4)
2025-10-07 22:47:52,060 - experiments.framework - INFO - Saving sgfa_K4_percW33_grp0.2 factor scores Z shape: (86, 4)
2025-10-07 22:47:52,060 - experiments.framework - INFO - Saving sgfa_K4_percW33_grp0.2 factor scores Z shape: (86, 4)
2025-10-07 22:47:52,063 - experiments.framework - INFO - Saving 6 plots to /cs/student/msc/aibh/2024/madhavan/sgfa_qmap-pd/results/all_conf-age+sex+tiv_run_20251007_153331/sgfa_hyperparameter_tuning_20251007_153353/plots
2025-10-07 22:47:52,063 - experiments.framework - INFO - Saving 6 plots to /cs/student/msc/aibh/2024/madhavan/sgfa_qmap-pd/results/all_conf-age+sex+tiv_run_20251007_153331/sgfa_hyperparameter_tuning_20251007_153353/plots
2025-10-07 22:47:53,116 - experiments.framework - INFO -   ✅ Saved plot: sgfa_variant_performance
2025-10-07 22:47:53,116 - experiments.framework - INFO -   ✅ Saved plot: sgfa_variant_performance
2025-10-07 22:47:54,352 - experiments.framework - INFO -   ✅ Saved plot: sgfa_variant_quality
2025-10-07 22:47:54,352 - experiments.framework - INFO -   ✅ Saved plot: sgfa_variant_quality
2025-10-07 22:47:54,873 - experiments.framework - INFO -   ✅ Saved plot: best_factor_loadings
2025-10-07 22:47:54,873 - experiments.framework - INFO -   ✅ Saved plot: best_factor_loadings
2025-10-07 22:47:58,887 - experiments.framework - INFO -   ✅ Saved plot: best_factor_scores
2025-10-07 22:47:58,887 - experiments.framework - INFO -   ✅ Saved plot: best_factor_scores
2025-10-07 22:47:59,286 - experiments.framework - INFO -   ✅ Saved plot: parameter_grid_search
2025-10-07 22:47:59,286 - experiments.framework - INFO -   ✅ Saved plot: parameter_grid_search
2025-10-07 22:47:59,875 - experiments.framework - INFO -   ✅ Saved plot: parameter_heatmaps
2025-10-07 22:47:59,875 - experiments.framework - INFO -   ✅ Saved plot: parameter_heatmaps
2025-10-07 22:47:59,875 - experiments.framework - INFO - All plots saved to: /cs/student/msc/aibh/2024/madhavan/sgfa_qmap-pd/results/all_conf-age+sex+tiv_run_20251007_153331/sgfa_hyperparameter_tuning_20251007_153353/plots
2025-10-07 22:47:59,875 - experiments.framework - INFO - All plots saved to: /cs/student/msc/aibh/2024/madhavan/sgfa_qmap-pd/results/all_conf-age+sex+tiv_run_20251007_153331/sgfa_hyperparameter_tuning_20251007_153353/plots
2025-10-07 22:48:05,769 - experiments.framework - INFO - ExperimentFramework initialized with output dir: /cs/student/msc/aibh/2024/madhavan/sgfa_qmap-pd/results/all_conf-age+sex+tiv_run_20251007_153331
2025-10-07 22:48:05,769 - experiments.framework - INFO - ExperimentFramework initialized with output dir: /cs/student/msc/aibh/2024/madhavan/sgfa_qmap-pd/results/all_conf-age+sex+tiv_run_20251007_153331
2025-10-07 22:48:05,769 - experiments.framework - INFO - ExperimentFramework initialized with output dir: /cs/student/msc/aibh/2024/madhavan/sgfa_qmap-pd/results/all_conf-age+sex+tiv_run_20251007_153331
2025-10-07 22:48:05,772 - experiments.framework - INFO - Starting experiment: methods_comparison_20251007_224805
2025-10-07 22:48:05,772 - experiments.framework - INFO - Starting experiment: methods_comparison_20251007_224805
2025-10-07 22:48:05,772 - experiments.framework - INFO - Starting experiment: methods_comparison_20251007_224805
