2025-10-21 12:52:48,669 - experiments.framework - INFO - ExperimentFramework initialized with output dir: /cs/student/msc/aibh/2024/madhavan/sgfa_qmap-pd/results/all_rois-sn_conf-age+sex+tiv_K2_percW33_MAD3.0_run_20251021_125248
2025-10-21 12:52:48,672 - experiments.framework - INFO - Starting experiment: data_validation_20251021_125248
2025-10-21 12:52:56,408 - experiments.framework - INFO - 🏁 EXPERIMENT COMPLETED: data_validation_20251021_125248
2025-10-21 12:52:56,408 - experiments.framework - INFO - ⏱️  TOTAL RUNTIME: 7.7 seconds
2025-10-21 12:52:56,408 - experiments.framework - INFO - 🕐 Started: 2025-10-21 12:52:48
2025-10-21 12:52:56,408 - experiments.framework - INFO - 🕑 Finished: 2025-10-21 12:52:56
2025-10-21 12:52:56,408 - experiments.framework - INFO - Experiment completed successfully: data_validation_20251021_125248
2025-10-21 12:52:56,408 - experiments.framework - INFO - 🧹 Performing comprehensive memory cleanup...
2025-10-21 12:52:56,476 - experiments.framework - INFO - Garbage collection freed 0 objects
2025-10-21 12:52:56,674 - experiments.framework - INFO - GPU memory cleanup attempted
2025-10-21 12:52:57,675 - experiments.framework - INFO - ✅ Comprehensive memory cleanup completed
2025-10-21 12:52:57,765 - experiments.framework - INFO - Pickle saving disabled to prevent large files - using JSON and CSV instead
2025-10-21 12:52:57,768 - experiments.framework - INFO - Saving 5 plots to /cs/student/msc/aibh/2024/madhavan/sgfa_qmap-pd/results/all_rois-sn_conf-age+sex+tiv_K2_percW33_MAD3.0_run_20251021_125248/data_validation_tree10_20251021_125248/plots
2025-10-21 12:52:58,512 - experiments.framework - INFO -   ✅ Saved plot: data_distribution_comparison
2025-10-21 12:52:59,242 - experiments.framework - INFO -   ✅ Saved plot: data_validation_inter_vs_intra_correlation
2025-10-21 12:53:01,082 - experiments.framework - INFO -   ✅ Saved plot: data_validation_block_covariance_matrix
2025-10-21 12:53:01,837 - experiments.framework - INFO -   ✅ Saved plot: data_validation_feature_reduction
2025-10-21 12:53:02,137 - experiments.framework - INFO -   ✅ Saved plot: data_validation_variance_distribution
2025-10-21 12:53:02,137 - experiments.framework - INFO - All plots saved to: /cs/student/msc/aibh/2024/madhavan/sgfa_qmap-pd/results/all_rois-sn_conf-age+sex+tiv_K2_percW33_MAD3.0_run_20251021_125248/data_validation_tree10_20251021_125248/plots
2025-10-21 12:53:02,215 - experiments.framework - INFO - ExperimentFramework initialized with output dir: /cs/student/msc/aibh/2024/madhavan/sgfa_qmap-pd/results/all_rois-sn_conf-age+sex+tiv_K2_percW33_MAD3.0_run_20251021_125248
2025-10-21 12:53:02,215 - experiments.framework - INFO - ExperimentFramework initialized with output dir: /cs/student/msc/aibh/2024/madhavan/sgfa_qmap-pd/results/all_rois-sn_conf-age+sex+tiv_K2_percW33_MAD3.0_run_20251021_125248
2025-10-21 12:53:02,226 - experiments.framework - INFO - Starting experiment: robustness_tests_20251021_125302
2025-10-21 12:53:02,226 - experiments.framework - INFO - Starting experiment: robustness_tests_20251021_125302
2025-10-21 12:58:20,415 - experiments.framework - INFO - 🏁 EXPERIMENT COMPLETED: robustness_tests_20251021_125302
2025-10-21 12:58:20,415 - experiments.framework - INFO - 🏁 EXPERIMENT COMPLETED: robustness_tests_20251021_125302
2025-10-21 12:58:20,415 - experiments.framework - INFO - ⏱️  TOTAL RUNTIME: 5.3 minutes (318s)
2025-10-21 12:58:20,415 - experiments.framework - INFO - ⏱️  TOTAL RUNTIME: 5.3 minutes (318s)
2025-10-21 12:58:20,415 - experiments.framework - INFO - 🕐 Started: 2025-10-21 12:53:02
2025-10-21 12:58:20,415 - experiments.framework - INFO - 🕐 Started: 2025-10-21 12:53:02
2025-10-21 12:58:20,415 - experiments.framework - INFO - 🕑 Finished: 2025-10-21 12:58:20
2025-10-21 12:58:20,415 - experiments.framework - INFO - 🕑 Finished: 2025-10-21 12:58:20
2025-10-21 12:58:20,415 - experiments.framework - INFO - Experiment completed successfully: robustness_tests_20251021_125302
2025-10-21 12:58:20,415 - experiments.framework - INFO - Experiment completed successfully: robustness_tests_20251021_125302
2025-10-21 12:58:20,415 - experiments.framework - INFO - 🧹 Performing comprehensive memory cleanup...
2025-10-21 12:58:20,415 - experiments.framework - INFO - 🧹 Performing comprehensive memory cleanup...
2025-10-21 12:58:20,488 - experiments.framework - INFO - Garbage collection freed 63 objects
2025-10-21 12:58:20,488 - experiments.framework - INFO - Garbage collection freed 63 objects
2025-10-21 12:58:20,725 - experiments.framework - INFO - GPU memory cleanup attempted
2025-10-21 12:58:20,725 - experiments.framework - INFO - GPU memory cleanup attempted
2025-10-21 12:58:21,726 - experiments.framework - INFO - ✅ Comprehensive memory cleanup completed
2025-10-21 12:58:21,726 - experiments.framework - INFO - ✅ Comprehensive memory cleanup completed
2025-10-21 12:58:21,755 - experiments.framework - INFO - Pickle saving disabled to prevent large files - using JSON and CSV instead
2025-10-21 12:58:21,755 - experiments.framework - INFO - Pickle saving disabled to prevent large files - using JSON and CSV instead
2025-10-21 12:58:21,759 - experiments.framework - INFO - Saving 1 plots to /cs/student/msc/aibh/2024/madhavan/sgfa_qmap-pd/results/all_rois-sn_conf-age+sex+tiv_K2_percW33_MAD3.0_run_20251021_125248/robustness_tests_fixed_K2_percW33_slab4_2_MAD3.0_tree10_20251021_125302/plots
2025-10-21 12:58:21,759 - experiments.framework - INFO - Saving 1 plots to /cs/student/msc/aibh/2024/madhavan/sgfa_qmap-pd/results/all_rois-sn_conf-age+sex+tiv_K2_percW33_MAD3.0_run_20251021_125248/robustness_tests_fixed_K2_percW33_slab4_2_MAD3.0_tree10_20251021_125302/plots
2025-10-21 12:58:22,177 - experiments.framework - INFO -   ✅ Saved plot: robustness_summary
2025-10-21 12:58:22,177 - experiments.framework - INFO -   ✅ Saved plot: robustness_summary
2025-10-21 12:58:22,177 - experiments.framework - INFO - All plots saved to: /cs/student/msc/aibh/2024/madhavan/sgfa_qmap-pd/results/all_rois-sn_conf-age+sex+tiv_K2_percW33_MAD3.0_run_20251021_125248/robustness_tests_fixed_K2_percW33_slab4_2_MAD3.0_tree10_20251021_125302/plots
2025-10-21 12:58:22,177 - experiments.framework - INFO - All plots saved to: /cs/student/msc/aibh/2024/madhavan/sgfa_qmap-pd/results/all_rois-sn_conf-age+sex+tiv_K2_percW33_MAD3.0_run_20251021_125248/robustness_tests_fixed_K2_percW33_slab4_2_MAD3.0_tree10_20251021_125302/plots
