2025-10-21 14:33:42,760 - experiments.framework - INFO - ExperimentFramework initialized with output dir: /cs/student/msc/aibh/2024/madhavan/sgfa_qmap-pd/results/all_rois-sn_conf-age+sex+tiv_K2_percW33_MAD2.5_run_20251021_143342
2025-10-21 14:33:42,764 - experiments.framework - INFO - Starting experiment: data_validation_20251021_143342
2025-10-21 14:33:49,862 - experiments.framework - INFO - 🏁 EXPERIMENT COMPLETED: data_validation_20251021_143342
2025-10-21 14:33:49,862 - experiments.framework - INFO - ⏱️  TOTAL RUNTIME: 7.1 seconds
2025-10-21 14:33:49,862 - experiments.framework - INFO - 🕐 Started: 2025-10-21 14:33:42
2025-10-21 14:33:49,862 - experiments.framework - INFO - 🕑 Finished: 2025-10-21 14:33:49
2025-10-21 14:33:49,862 - experiments.framework - INFO - Experiment completed successfully: data_validation_20251021_143342
2025-10-21 14:33:49,862 - experiments.framework - INFO - 🧹 Performing comprehensive memory cleanup...
2025-10-21 14:33:49,931 - experiments.framework - INFO - Garbage collection freed 0 objects
2025-10-21 14:33:50,139 - experiments.framework - INFO - GPU memory cleanup attempted
2025-10-21 14:33:51,141 - experiments.framework - INFO - ✅ Comprehensive memory cleanup completed
2025-10-21 14:33:51,229 - experiments.framework - INFO - Pickle saving disabled to prevent large files - using JSON and CSV instead
2025-10-21 14:33:51,233 - experiments.framework - INFO - Saving 5 plots to /cs/student/msc/aibh/2024/madhavan/sgfa_qmap-pd/results/all_rois-sn_conf-age+sex+tiv_K2_percW33_MAD2.5_run_20251021_143342/data_validation_tree10_20251021_143342/plots
2025-10-21 14:33:51,974 - experiments.framework - INFO -   ✅ Saved plot: data_distribution_comparison
2025-10-21 14:33:52,701 - experiments.framework - INFO -   ✅ Saved plot: data_validation_inter_vs_intra_correlation
2025-10-21 14:33:53,997 - experiments.framework - INFO -   ✅ Saved plot: data_validation_block_covariance_matrix
2025-10-21 14:33:54,757 - experiments.framework - INFO -   ✅ Saved plot: data_validation_feature_reduction
2025-10-21 14:33:55,058 - experiments.framework - INFO -   ✅ Saved plot: data_validation_variance_distribution
2025-10-21 14:33:55,058 - experiments.framework - INFO - All plots saved to: /cs/student/msc/aibh/2024/madhavan/sgfa_qmap-pd/results/all_rois-sn_conf-age+sex+tiv_K2_percW33_MAD2.5_run_20251021_143342/data_validation_tree10_20251021_143342/plots
2025-10-21 14:33:55,134 - experiments.framework - INFO - ExperimentFramework initialized with output dir: /cs/student/msc/aibh/2024/madhavan/sgfa_qmap-pd/results/all_rois-sn_conf-age+sex+tiv_K2_percW33_MAD2.5_run_20251021_143342
2025-10-21 14:33:55,134 - experiments.framework - INFO - ExperimentFramework initialized with output dir: /cs/student/msc/aibh/2024/madhavan/sgfa_qmap-pd/results/all_rois-sn_conf-age+sex+tiv_K2_percW33_MAD2.5_run_20251021_143342
2025-10-21 14:33:55,140 - experiments.framework - INFO - Starting experiment: robustness_tests_20251021_143355
2025-10-21 14:33:55,140 - experiments.framework - INFO - Starting experiment: robustness_tests_20251021_143355
2025-10-21 14:40:56,966 - experiments.framework - INFO - 🏁 EXPERIMENT COMPLETED: robustness_tests_20251021_143355
2025-10-21 14:40:56,966 - experiments.framework - INFO - 🏁 EXPERIMENT COMPLETED: robustness_tests_20251021_143355
2025-10-21 14:40:56,966 - experiments.framework - INFO - ⏱️  TOTAL RUNTIME: 7.0 minutes (422s)
2025-10-21 14:40:56,966 - experiments.framework - INFO - ⏱️  TOTAL RUNTIME: 7.0 minutes (422s)
2025-10-21 14:40:56,966 - experiments.framework - INFO - 🕐 Started: 2025-10-21 14:33:55
2025-10-21 14:40:56,966 - experiments.framework - INFO - 🕐 Started: 2025-10-21 14:33:55
2025-10-21 14:40:56,967 - experiments.framework - INFO - 🕑 Finished: 2025-10-21 14:40:56
2025-10-21 14:40:56,967 - experiments.framework - INFO - 🕑 Finished: 2025-10-21 14:40:56
2025-10-21 14:40:56,967 - experiments.framework - INFO - Experiment completed successfully: robustness_tests_20251021_143355
2025-10-21 14:40:56,967 - experiments.framework - INFO - Experiment completed successfully: robustness_tests_20251021_143355
2025-10-21 14:40:56,967 - experiments.framework - INFO - 🧹 Performing comprehensive memory cleanup...
2025-10-21 14:40:56,967 - experiments.framework - INFO - 🧹 Performing comprehensive memory cleanup...
2025-10-21 14:40:57,039 - experiments.framework - INFO - Garbage collection freed 25 objects
2025-10-21 14:40:57,039 - experiments.framework - INFO - Garbage collection freed 25 objects
2025-10-21 14:40:57,265 - experiments.framework - INFO - GPU memory cleanup attempted
2025-10-21 14:40:57,265 - experiments.framework - INFO - GPU memory cleanup attempted
2025-10-21 14:40:58,266 - experiments.framework - INFO - ✅ Comprehensive memory cleanup completed
2025-10-21 14:40:58,266 - experiments.framework - INFO - ✅ Comprehensive memory cleanup completed
2025-10-21 14:40:58,294 - experiments.framework - INFO - Pickle saving disabled to prevent large files - using JSON and CSV instead
2025-10-21 14:40:58,294 - experiments.framework - INFO - Pickle saving disabled to prevent large files - using JSON and CSV instead
2025-10-21 14:40:58,300 - experiments.framework - INFO - Saving 1 plots to /cs/student/msc/aibh/2024/madhavan/sgfa_qmap-pd/results/all_rois-sn_conf-age+sex+tiv_K2_percW33_MAD2.5_run_20251021_143342/robustness_tests_fixed_K2_percW33_slab4_2_MAD2.5_tree10_20251021_143355/plots
2025-10-21 14:40:58,300 - experiments.framework - INFO - Saving 1 plots to /cs/student/msc/aibh/2024/madhavan/sgfa_qmap-pd/results/all_rois-sn_conf-age+sex+tiv_K2_percW33_MAD2.5_run_20251021_143342/robustness_tests_fixed_K2_percW33_slab4_2_MAD2.5_tree10_20251021_143355/plots
2025-10-21 14:40:58,682 - experiments.framework - INFO -   ✅ Saved plot: robustness_summary
2025-10-21 14:40:58,682 - experiments.framework - INFO -   ✅ Saved plot: robustness_summary
2025-10-21 14:40:58,682 - experiments.framework - INFO - All plots saved to: /cs/student/msc/aibh/2024/madhavan/sgfa_qmap-pd/results/all_rois-sn_conf-age+sex+tiv_K2_percW33_MAD2.5_run_20251021_143342/robustness_tests_fixed_K2_percW33_slab4_2_MAD2.5_tree10_20251021_143355/plots
2025-10-21 14:40:58,682 - experiments.framework - INFO - All plots saved to: /cs/student/msc/aibh/2024/madhavan/sgfa_qmap-pd/results/all_rois-sn_conf-age+sex+tiv_K2_percW33_MAD2.5_run_20251021_143342/robustness_tests_fixed_K2_percW33_slab4_2_MAD2.5_tree10_20251021_143355/plots
