2025-10-15 14:17:12,173 - experiments.framework - INFO - ExperimentFramework initialized with output dir: /cs/student/msc/aibh/2024/madhavan/sgfa_qmap-pd/results/all_conf-age+sex+tiv_K5_PCA-balanced_MAD3.0_run_20251015_141712
2025-10-15 14:17:12,181 - experiments.framework - INFO - Starting experiment: data_validation_20251015_141712
2025-10-15 14:17:41,514 - experiments.framework - INFO - 🏁 EXPERIMENT COMPLETED: data_validation_20251015_141712
2025-10-15 14:17:41,514 - experiments.framework - INFO - ⏱️  TOTAL RUNTIME: 29.3 seconds
2025-10-15 14:17:41,514 - experiments.framework - INFO - 🕐 Started: 2025-10-15 14:17:12
2025-10-15 14:17:41,514 - experiments.framework - INFO - 🕑 Finished: 2025-10-15 14:17:41
2025-10-15 14:17:41,514 - experiments.framework - INFO - Experiment completed successfully: data_validation_20251015_141712
2025-10-15 14:17:41,514 - experiments.framework - INFO - 🧹 Performing comprehensive memory cleanup...
2025-10-15 14:17:41,596 - experiments.framework - INFO - Garbage collection freed 25466 objects
2025-10-15 14:17:41,847 - experiments.framework - INFO - GPU memory cleanup attempted
2025-10-15 14:17:42,848 - experiments.framework - INFO - ✅ Comprehensive memory cleanup completed
2025-10-15 14:17:43,069 - experiments.framework - INFO - Pickle saving disabled to prevent large files - using JSON and CSV instead
2025-10-15 14:17:43,074 - experiments.framework - INFO - Saving 3 plots to /cs/student/msc/aibh/2024/madhavan/sgfa_qmap-pd/results/all_conf-age+sex+tiv_K5_PCA-balanced_MAD3.0_run_20251015_141712/data_validation_20251015_141712/plots
2025-10-15 14:17:45,997 - experiments.framework - INFO -   ✅ Saved plot: data_distribution_comparison
2025-10-15 14:17:47,938 - experiments.framework - INFO -   ✅ Saved plot: data_validation_feature_reduction
2025-10-15 14:17:48,677 - experiments.framework - INFO -   ✅ Saved plot: data_validation_variance_distribution
2025-10-15 14:17:48,678 - experiments.framework - INFO - All plots saved to: /cs/student/msc/aibh/2024/madhavan/sgfa_qmap-pd/results/all_conf-age+sex+tiv_K5_PCA-balanced_MAD3.0_run_20251015_141712/data_validation_20251015_141712/plots
2025-10-15 14:17:48,767 - experiments.framework - INFO - ExperimentFramework initialized with output dir: /cs/student/msc/aibh/2024/madhavan/sgfa_qmap-pd/results/all_conf-age+sex+tiv_K5_PCA-balanced_MAD3.0_run_20251015_141712
2025-10-15 14:17:48,767 - experiments.framework - INFO - ExperimentFramework initialized with output dir: /cs/student/msc/aibh/2024/madhavan/sgfa_qmap-pd/results/all_conf-age+sex+tiv_K5_PCA-balanced_MAD3.0_run_20251015_141712
2025-10-15 14:17:48,773 - experiments.framework - INFO - Starting experiment: robustness_tests_20251015_141748
2025-10-15 14:17:48,773 - experiments.framework - INFO - Starting experiment: robustness_tests_20251015_141748
2025-10-15 14:20:46,993 - experiments.framework - INFO - 🧹 Performing comprehensive memory cleanup...
2025-10-15 14:20:46,993 - experiments.framework - INFO - 🧹 Performing comprehensive memory cleanup...
2025-10-15 14:20:47,133 - experiments.framework - INFO - Garbage collection freed 0 objects
2025-10-15 14:20:47,133 - experiments.framework - INFO - Garbage collection freed 0 objects
2025-10-15 14:20:47,620 - experiments.framework - INFO - GPU memory cleanup attempted
2025-10-15 14:20:47,620 - experiments.framework - INFO - GPU memory cleanup attempted
2025-10-15 14:20:48,621 - experiments.framework - INFO - ✅ Comprehensive memory cleanup completed
2025-10-15 14:20:48,621 - experiments.framework - INFO - ✅ Comprehensive memory cleanup completed
