2025-10-21 15:55:17,082 - experiments.framework - INFO - ExperimentFramework initialized with output dir: /cs/student/msc/aibh/2024/madhavan/sgfa_qmap-pd/results/all_rois-sn_conf-age+sex+tiv_K50_percW33_MAD1000.0_run_20251021_155517
2025-10-21 15:55:17,088 - experiments.framework - INFO - Starting experiment: data_validation_20251021_155517
2025-10-21 15:55:42,866 - experiments.framework - INFO - 🏁 EXPERIMENT COMPLETED: data_validation_20251021_155517
2025-10-21 15:55:42,867 - experiments.framework - INFO - ⏱️  TOTAL RUNTIME: 25.8 seconds
2025-10-21 15:55:42,867 - experiments.framework - INFO - 🕐 Started: 2025-10-21 15:55:17
2025-10-21 15:55:42,867 - experiments.framework - INFO - 🕑 Finished: 2025-10-21 15:55:42
2025-10-21 15:55:42,867 - experiments.framework - INFO - Experiment completed successfully: data_validation_20251021_155517
2025-10-21 15:55:42,867 - experiments.framework - INFO - 🧹 Performing comprehensive memory cleanup...
2025-10-21 15:55:42,949 - experiments.framework - INFO - Garbage collection freed 0 objects
2025-10-21 15:55:43,242 - experiments.framework - INFO - GPU memory cleanup attempted
2025-10-21 15:55:44,243 - experiments.framework - INFO - ✅ Comprehensive memory cleanup completed
2025-10-21 15:55:44,473 - experiments.framework - INFO - Pickle saving disabled to prevent large files - using JSON and CSV instead
2025-10-21 15:55:44,476 - experiments.framework - INFO - Saving 5 plots to /cs/student/msc/aibh/2024/madhavan/sgfa_qmap-pd/results/all_rois-sn_conf-age+sex+tiv_K50_percW33_MAD1000.0_run_20251021_155517/data_validation_tree10_20251021_155517/plots
2025-10-21 15:55:46,353 - experiments.framework - INFO -   ✅ Saved plot: data_distribution_comparison
2025-10-21 15:55:48,204 - experiments.framework - INFO -   ✅ Saved plot: data_validation_inter_vs_intra_correlation
2025-10-21 15:55:52,330 - experiments.framework - INFO -   ✅ Saved plot: data_validation_block_covariance_matrix
2025-10-21 15:55:54,231 - experiments.framework - INFO -   ✅ Saved plot: data_validation_feature_reduction
2025-10-21 15:55:54,961 - experiments.framework - INFO -   ✅ Saved plot: data_validation_variance_distribution
2025-10-21 15:55:54,961 - experiments.framework - INFO - All plots saved to: /cs/student/msc/aibh/2024/madhavan/sgfa_qmap-pd/results/all_rois-sn_conf-age+sex+tiv_K50_percW33_MAD1000.0_run_20251021_155517/data_validation_tree10_20251021_155517/plots
2025-10-21 15:55:55,054 - experiments.framework - INFO - ExperimentFramework initialized with output dir: /cs/student/msc/aibh/2024/madhavan/sgfa_qmap-pd/results/all_rois-sn_conf-age+sex+tiv_K50_percW33_MAD1000.0_run_20251021_155517
2025-10-21 15:55:55,054 - experiments.framework - INFO - ExperimentFramework initialized with output dir: /cs/student/msc/aibh/2024/madhavan/sgfa_qmap-pd/results/all_rois-sn_conf-age+sex+tiv_K50_percW33_MAD1000.0_run_20251021_155517
2025-10-21 15:55:55,062 - experiments.framework - INFO - Starting experiment: robustness_tests_20251021_155555
2025-10-21 15:55:55,062 - experiments.framework - INFO - Starting experiment: robustness_tests_20251021_155555
