2025-10-19 21:31:10,503 - experiments.framework - INFO - ExperimentFramework initialized with output dir: /cs/student/msc/aibh/2024/madhavan/sgfa_qmap-pd/results/all_rois-sn_run_20251019_213110
2025-10-19 21:31:10,508 - experiments.framework - INFO - Starting experiment: data_validation_20251019_213110
2025-10-19 21:31:10,745 - experiments.framework - INFO - 🏁 EXPERIMENT COMPLETED: data_validation_20251019_213110
2025-10-19 21:31:10,745 - experiments.framework - INFO - ⏱️  TOTAL RUNTIME: 0.2 seconds
2025-10-19 21:31:10,745 - experiments.framework - INFO - 🕐 Started: 2025-10-19 21:31:10
2025-10-19 21:31:10,745 - experiments.framework - INFO - 🕑 Finished: 2025-10-19 21:31:10
2025-10-19 21:31:10,745 - experiments.framework - INFO - Experiment completed successfully: data_validation_20251019_213110
2025-10-19 21:31:10,745 - experiments.framework - INFO - 🧹 Performing comprehensive memory cleanup...
2025-10-19 21:31:10,771 - experiments.framework - INFO - Garbage collection freed 0 objects
2025-10-19 21:31:10,863 - experiments.framework - INFO - GPU memory cleanup attempted
2025-10-19 21:31:11,865 - experiments.framework - INFO - ✅ Comprehensive memory cleanup completed
2025-10-19 21:31:11,871 - experiments.framework - INFO - Pickle saving disabled to prevent large files - using JSON and CSV instead
2025-10-19 21:31:12,128 - experiments.framework - INFO - ExperimentFramework initialized with output dir: /cs/student/msc/aibh/2024/madhavan/sgfa_qmap-pd/results/all_rois-sn_run_20251019_213110
2025-10-19 21:31:12,128 - experiments.framework - INFO - ExperimentFramework initialized with output dir: /cs/student/msc/aibh/2024/madhavan/sgfa_qmap-pd/results/all_rois-sn_run_20251019_213110
2025-10-19 21:31:12,135 - experiments.framework - INFO - Starting experiment: robustness_tests_20251019_213112
2025-10-19 21:31:12,135 - experiments.framework - INFO - Starting experiment: robustness_tests_20251019_213112
2025-10-19 21:31:56,406 - experiments.framework - INFO - 🏁 EXPERIMENT COMPLETED: robustness_tests_20251019_213112
2025-10-19 21:31:56,406 - experiments.framework - INFO - 🏁 EXPERIMENT COMPLETED: robustness_tests_20251019_213112
2025-10-19 21:31:56,407 - experiments.framework - INFO - ⏱️  TOTAL RUNTIME: 44.3 seconds
2025-10-19 21:31:56,407 - experiments.framework - INFO - ⏱️  TOTAL RUNTIME: 44.3 seconds
2025-10-19 21:31:56,407 - experiments.framework - INFO - 🕐 Started: 2025-10-19 21:31:12
2025-10-19 21:31:56,407 - experiments.framework - INFO - 🕐 Started: 2025-10-19 21:31:12
2025-10-19 21:31:56,407 - experiments.framework - INFO - 🕑 Finished: 2025-10-19 21:31:56
2025-10-19 21:31:56,407 - experiments.framework - INFO - 🕑 Finished: 2025-10-19 21:31:56
2025-10-19 21:31:56,407 - experiments.framework - INFO - Experiment completed successfully: robustness_tests_20251019_213112
2025-10-19 21:31:56,407 - experiments.framework - INFO - Experiment completed successfully: robustness_tests_20251019_213112
2025-10-19 21:31:56,407 - experiments.framework - INFO - 🧹 Performing comprehensive memory cleanup...
2025-10-19 21:31:56,407 - experiments.framework - INFO - 🧹 Performing comprehensive memory cleanup...
2025-10-19 21:31:56,445 - experiments.framework - INFO - Garbage collection freed 32 objects
2025-10-19 21:31:56,445 - experiments.framework - INFO - Garbage collection freed 32 objects
2025-10-19 21:31:56,563 - experiments.framework - INFO - GPU memory cleanup attempted
2025-10-19 21:31:56,563 - experiments.framework - INFO - GPU memory cleanup attempted
2025-10-19 21:31:57,565 - experiments.framework - INFO - ✅ Comprehensive memory cleanup completed
2025-10-19 21:31:57,565 - experiments.framework - INFO - ✅ Comprehensive memory cleanup completed
2025-10-19 21:31:57,594 - experiments.framework - INFO - Pickle saving disabled to prevent large files - using JSON and CSV instead
2025-10-19 21:31:57,594 - experiments.framework - INFO - Pickle saving disabled to prevent large files - using JSON and CSV instead
2025-10-19 21:31:57,598 - experiments.framework - INFO - Saving 1 plots to /cs/student/msc/aibh/2024/madhavan/sgfa_qmap-pd/results/all_rois-sn_run_20251019_213110/robustness_tests_K8_percW33_slab4_2_20251019_213112/plots
2025-10-19 21:31:57,598 - experiments.framework - INFO - Saving 1 plots to /cs/student/msc/aibh/2024/madhavan/sgfa_qmap-pd/results/all_rois-sn_run_20251019_213110/robustness_tests_K8_percW33_slab4_2_20251019_213112/plots
2025-10-19 21:31:58,020 - experiments.framework - INFO -   ✅ Saved plot: robustness_summary
2025-10-19 21:31:58,020 - experiments.framework - INFO -   ✅ Saved plot: robustness_summary
2025-10-19 21:31:58,020 - experiments.framework - INFO - All plots saved to: /cs/student/msc/aibh/2024/madhavan/sgfa_qmap-pd/results/all_rois-sn_run_20251019_213110/robustness_tests_K8_percW33_slab4_2_20251019_213112/plots
2025-10-19 21:31:58,020 - experiments.framework - INFO - All plots saved to: /cs/student/msc/aibh/2024/madhavan/sgfa_qmap-pd/results/all_rois-sn_run_20251019_213110/robustness_tests_K8_percW33_slab4_2_20251019_213112/plots
