2025-10-21 14:23:22,880 - experiments.framework - INFO - ExperimentFramework initialized with output dir: /cs/student/msc/aibh/2024/madhavan/sgfa_qmap-pd/results/all_rois-sn_conf-age+sex+tiv_K2_percW33_MAD2.5_run_20251021_142322
2025-10-21 14:23:22,883 - experiments.framework - INFO - Starting experiment: data_validation_20251021_142322
2025-10-21 14:23:29,937 - experiments.framework - INFO - 🏁 EXPERIMENT COMPLETED: data_validation_20251021_142322
2025-10-21 14:23:29,937 - experiments.framework - INFO - ⏱️  TOTAL RUNTIME: 7.1 seconds
2025-10-21 14:23:29,937 - experiments.framework - INFO - 🕐 Started: 2025-10-21 14:23:22
2025-10-21 14:23:29,937 - experiments.framework - INFO - 🕑 Finished: 2025-10-21 14:23:29
2025-10-21 14:23:29,937 - experiments.framework - INFO - Experiment completed successfully: data_validation_20251021_142322
2025-10-21 14:23:29,937 - experiments.framework - INFO - 🧹 Performing comprehensive memory cleanup...
2025-10-21 14:23:30,006 - experiments.framework - INFO - Garbage collection freed 0 objects
2025-10-21 14:23:30,210 - experiments.framework - INFO - GPU memory cleanup attempted
2025-10-21 14:23:31,211 - experiments.framework - INFO - ✅ Comprehensive memory cleanup completed
2025-10-21 14:23:31,302 - experiments.framework - INFO - Pickle saving disabled to prevent large files - using JSON and CSV instead
2025-10-21 14:23:31,305 - experiments.framework - INFO - Saving 5 plots to /cs/student/msc/aibh/2024/madhavan/sgfa_qmap-pd/results/all_rois-sn_conf-age+sex+tiv_K2_percW33_MAD2.5_run_20251021_142322/data_validation_tree10_20251021_142322/plots
2025-10-21 14:23:32,311 - experiments.framework - INFO -   ✅ Saved plot: data_distribution_comparison
2025-10-21 14:23:33,043 - experiments.framework - INFO -   ✅ Saved plot: data_validation_inter_vs_intra_correlation
2025-10-21 14:23:34,346 - experiments.framework - INFO -   ✅ Saved plot: data_validation_block_covariance_matrix
2025-10-21 14:23:35,100 - experiments.framework - INFO -   ✅ Saved plot: data_validation_feature_reduction
2025-10-21 14:23:35,400 - experiments.framework - INFO -   ✅ Saved plot: data_validation_variance_distribution
2025-10-21 14:23:35,401 - experiments.framework - INFO - All plots saved to: /cs/student/msc/aibh/2024/madhavan/sgfa_qmap-pd/results/all_rois-sn_conf-age+sex+tiv_K2_percW33_MAD2.5_run_20251021_142322/data_validation_tree10_20251021_142322/plots
2025-10-21 14:23:35,476 - experiments.framework - INFO - ExperimentFramework initialized with output dir: /cs/student/msc/aibh/2024/madhavan/sgfa_qmap-pd/results/all_rois-sn_conf-age+sex+tiv_K2_percW33_MAD2.5_run_20251021_142322
2025-10-21 14:23:35,476 - experiments.framework - INFO - ExperimentFramework initialized with output dir: /cs/student/msc/aibh/2024/madhavan/sgfa_qmap-pd/results/all_rois-sn_conf-age+sex+tiv_K2_percW33_MAD2.5_run_20251021_142322
2025-10-21 14:23:35,485 - experiments.framework - INFO - Starting experiment: robustness_tests_20251021_142335
2025-10-21 14:23:35,485 - experiments.framework - INFO - Starting experiment: robustness_tests_20251021_142335
2025-10-21 14:26:46,473 - experiments.framework - INFO - 🧹 Performing comprehensive memory cleanup...
2025-10-21 14:26:46,473 - experiments.framework - INFO - 🧹 Performing comprehensive memory cleanup...
2025-10-21 14:26:46,578 - experiments.framework - INFO - Garbage collection freed 0 objects
2025-10-21 14:26:46,578 - experiments.framework - INFO - Garbage collection freed 0 objects
2025-10-21 14:26:46,932 - experiments.framework - INFO - GPU memory cleanup attempted
2025-10-21 14:26:46,932 - experiments.framework - INFO - GPU memory cleanup attempted
2025-10-21 14:26:47,934 - experiments.framework - INFO - ✅ Comprehensive memory cleanup completed
2025-10-21 14:26:47,934 - experiments.framework - INFO - ✅ Comprehensive memory cleanup completed
