2025-10-23 10:25:53,622 - experiments.framework - INFO - ExperimentFramework initialized with output dir: /cs/student/msc/aibh/2024/madhavan/sgfa_qmap-pd/results/all_rois-sn_conf-age+sex+tiv_K12_percW33_MAD1000.0_run_20251023_102553
2025-10-23 10:25:53,635 - experiments.framework - INFO - Starting experiment: data_validation_20251023_102553
2025-10-23 10:25:53,635 - experiments.data_validation - INFO - Running comprehensive data validation...
2025-10-23 10:25:53,636 - experiments.data_validation - INFO - Auto-configured system: 21.0GB memory limit
2025-10-23 10:25:53,638 - experiments.data_validation - INFO - ExperimentFramework initialized with output dir: results
2025-10-23 10:25:53,638 - experiments.data_validation - INFO - Auto-configured system: 21.0GB memory limit
2025-10-23 10:25:53,639 - experiments.data_validation - INFO - Memory optimizer initialized with 21.0GB limit
2025-10-23 10:25:53,639 - experiments.data_validation - INFO - Data streaming components initialized
2025-10-23 10:25:53,639 - experiments.data_validation - INFO - MCMC memory optimizer initialized
2025-10-23 10:25:53,640 - experiments.data_validation - INFO - Running data quality assessment
2025-10-23 10:25:53,640 - experiments.data_validation - INFO - Loading qMAP-PD data for quality assessment...
2025-10-23 10:25:53,640 - experiments.data_validation - INFO -    ROI selection: ['volume_sn_voxels.tsv']
2025-10-23 10:25:53,640 - experiments.data_validation - INFO -    Confound regression: ['age', 'sex', 'tiv']
2025-10-23 10:25:53,640 - experiments.data_validation - INFO -    Feature selection: none
2025-10-23 10:25:53,715 - root - INFO - Loading selected ROIs: ['volume_sn_voxels.tsv']
2025-10-23 10:25:53,911 - root - INFO - Preprocessing module imported successfully
2025-10-23 10:25:53,913 - root - INFO - Regressing out confounds: ['age', 'sex', 'tiv']
2025-10-23 10:25:53,976 - root - INFO -   Regressed confounds from volume_sn_voxels: ['age', 'sex', 'tiv']
2025-10-23 10:25:53,976 - root - INFO -   Dropped 3 confound features from clinical: ['age', 'sex', 'tiv']
2025-10-23 10:25:53,976 - root - INFO -   Remaining clinical features: 14
2025-10-23 10:25:53,977 - experiments.data_validation - INFO -    PCA enabled in preprocessing_config: False
2025-10-23 10:25:53,991 - root - INFO - Loading selected ROIs: ['volume_sn_voxels.tsv']
2025-10-23 10:25:54,207 - root - INFO - Starting neuroimaging-aware preprocessing pipeline
2025-10-23 10:25:54,207 - root - INFO - MAD filtering disabled for volume_sn_voxels (threshold=1000.0)
2025-10-23 10:25:54,227 - root - INFO - Applying none feature selection to volume_sn_voxels
2025-10-23 10:25:54,227 - root - INFO - Applying robust scaling to volume_sn_voxels
2025-10-23 10:25:54,347 - root - INFO - Filtered position lookup for volume_sn_voxels: 1794 → 1794 positions (100.0% retained)
2025-10-23 10:25:54,357 - root - INFO - Saved filtered position lookup to /cs/student/msc/aibh/2024/madhavan/sgfa_qmap-pd/results/all_rois-sn_conf-age+sex+tiv_K12_percW33_MAD1000.0_run_20251023_102553/data_validation_tree10_20251023_102553/position_lookup_filtered/position_sn_voxels_filtered.tsv
2025-10-23 10:25:54,358 - root - INFO - Applying none feature selection to clinical
2025-10-23 10:25:54,358 - root - INFO - Applying robust scaling to clinical
2025-10-23 10:25:54,360 - root - INFO - Regressing out confounds: ['age', 'sex', 'tiv']
2025-10-23 10:25:54,364 - root - INFO -   Regressed confounds from volume_sn_voxels: ['age', 'sex', 'tiv']
2025-10-23 10:25:54,364 - root - INFO -   Dropped 3 confound features from clinical: ['age', 'sex', 'tiv']
2025-10-23 10:25:54,364 - root - INFO -   Remaining clinical features: 14
2025-10-23 10:25:54,364 - experiments.data_validation - INFO -    ✅ Filtered position lookups saved to: /cs/student/msc/aibh/2024/madhavan/sgfa_qmap-pd/results/all_rois-sn_conf-age+sex+tiv_K12_percW33_MAD1000.0_run_20251023_102553/data_validation_tree10_20251023_102553/position_lookup_filtered
2025-10-23 10:25:54,364 - experiments.data_validation - INFO -    Creating filtered position lookups with output_dir: /cs/student/msc/aibh/2024/madhavan/sgfa_qmap-pd/results/all_rois-sn_conf-age+sex+tiv_K12_percW33_MAD1000.0_run_20251023_102553/data_validation_tree10_20251023_102553
2025-10-23 10:25:54,365 - experiments.data_validation - INFO -   _create_filtered_position_lookups called:
2025-10-23 10:25:54,365 - experiments.data_validation - INFO -     view_names: ['volume_sn_voxels', 'clinical']
2025-10-23 10:25:54,365 - experiments.data_validation - INFO -     n_views raw: 2, preprocessed: 2
2025-10-23 10:25:54,365 - experiments.data_validation - INFO -   Creating filtered position lookup for volume_sn_voxels...
2025-10-23 10:25:54,368 - experiments.data_validation - INFO -   Original positions: 1794 rows
2025-10-23 10:25:54,368 - experiments.data_validation - INFO -   Raw data: 1794 voxels
2025-10-23 10:25:54,368 - experiments.data_validation - INFO -   Preprocessed data: 1794 voxels
2025-10-23 10:25:54,368 - experiments.data_validation - INFO -   No voxels dropped, position lookup unchanged
2025-10-23 10:25:54,379 - experiments.data_validation - INFO -   ✅ Saved filtered position lookup: /cs/student/msc/aibh/2024/madhavan/sgfa_qmap-pd/results/all_rois-sn_conf-age+sex+tiv_K12_percW33_MAD1000.0_run_20251023_102553/data_validation_tree10_20251023_102553/filtered_position_lookups/sn_filtered_position_lookup.csv
2025-10-23 10:25:54,379 - experiments.data_validation - INFO -      1794 → 1794 rows
2025-10-23 10:25:54,379 - experiments.data_validation - INFO -   Skipping clinical view
2025-10-23 10:25:54,379 - experiments.data_validation - INFO -    ✅ Filtered position lookups saved to: /cs/student/msc/aibh/2024/madhavan/sgfa_qmap-pd/results/all_rois-sn_conf-age+sex+tiv_K12_percW33_MAD1000.0_run_20251023_102553/data_validation_tree10_20251023_102553/filtered_position_lookups
2025-10-23 10:25:54,379 - experiments.data_validation - INFO -    Files created: ['/cs/student/msc/aibh/2024/madhavan/sgfa_qmap-pd/results/all_rois-sn_conf-age+sex+tiv_K12_percW33_MAD1000.0_run_20251023_102553/data_validation_tree10_20251023_102553/filtered_position_lookups/sn_filtered_position_lookup.csv']
2025-10-23 10:25:54,381 - experiments.data_validation - INFO - Data structure analysis completed. Raw: 1808 features, Processed: 1808 features
2025-10-23 10:25:54,381 - experiments.data_validation - INFO - 🔍 Assessing data quality metrics...
2025-10-23 10:25:54,381 - experiments.data_validation - INFO -    Analyzing quality metrics for volume_sn_voxels (86×1794)...
2025-10-23 10:25:54,388 - experiments.data_validation - INFO -    Analyzing quality metrics for clinical (86×14)...
2025-10-23 10:25:54,389 - experiments.data_validation - INFO -       Computing correlation matrix for clinical...
2025-10-23 10:25:54,429 - experiments.data_validation - INFO -    Analyzing quality metrics for volume_sn_voxels (86×1794)...
2025-10-23 10:25:54,434 - experiments.data_validation - INFO -    Analyzing quality metrics for clinical (86×14)...
2025-10-23 10:25:54,434 - experiments.data_validation - INFO -       Computing correlation matrix for clinical...
2025-10-23 10:25:54,445 - experiments.data_validation - INFO - ================================================================================
2025-10-23 10:25:54,445 - experiments.data_validation - INFO - 🔍 MAD THRESHOLD EXPLORATORY DATA ANALYSIS
2025-10-23 10:25:54,445 - experiments.data_validation - INFO - ================================================================================
2025-10-23 10:25:54,445 - experiments.data_validation - INFO - Analyzing optimal MAD threshold values for outlier detection...
2025-10-23 10:25:54,445 - experiments.data_validation - INFO - Analyzing 1 imaging views: ['volume_sn_voxels']
2025-10-23 10:25:54,445 - experiments.data_validation - INFO - 📊 Analyzing MAD distributions...
2025-10-23 10:25:54,445 - experiments.data_validation - INFO -    Processing volume_sn_voxels: (86, 1794)
2025-10-23 10:25:55,519 - experiments.data_validation - INFO -       Saved MAD distribution plot: mad_distribution_sn.png
2025-10-23 10:25:55,519 - experiments.data_validation - INFO -    ✅ MAD distributions analyzed for 1 views
2025-10-23 10:25:55,519 - experiments.data_validation - INFO - 📈 Performing elbow analysis...
2025-10-23 10:25:55,531 - experiments.data_validation - INFO -    volume_sn_voxels: Elbow at 2.26 (7.1% retention)
2025-10-23 10:25:55,960 - experiments.data_validation - INFO -    ✅ Elbow analysis completed, saved to elbow_analysis_all_views.png
2025-10-23 10:25:55,960 - experiments.data_validation - INFO - 🗺️  Analyzing spatial distribution of removed voxels...
2025-10-23 10:25:55,961 - experiments.data_validation - INFO -    Loaded position lookup for volume_sn_voxels: 1793 voxels
2025-10-23 10:25:55,961 - experiments.data_validation - WARNING -    Dimension mismatch for volume_sn_voxels: 1794 MAD values vs 1793 positions. Skipping spatial analysis.
2025-10-23 10:25:55,961 - experiments.data_validation - INFO -    ✅ Spatial analysis completed for 1 views
2025-10-23 10:25:55,961 - experiments.data_validation - INFO - 📊 Analyzing information preservation...
2025-10-23 10:25:55,962 - experiments.data_validation - INFO -    Processing volume_sn_voxels...
2025-10-23 10:25:56,589 - experiments.data_validation - INFO -       Saved information preservation plot: information_preservation_all_views.png
2025-10-23 10:25:56,589 - experiments.data_validation - INFO -    ✅ Information preservation analyzed for 1 views
2025-10-23 10:25:56,589 - experiments.data_validation - INFO - 👤 Analyzing subject-level data quality...
2025-10-23 10:25:56,589 - experiments.data_validation - INFO -    Processing volume_sn_voxels: (86, 1794)
2025-10-23 10:25:56,863 - experiments.data_validation - INFO -       Mean outlier %: 1.1%
2025-10-23 10:25:56,864 - experiments.data_validation - INFO -       Max outlier %: 17.5%
2025-10-23 10:25:57,330 - experiments.data_validation - INFO -       Saved subject outlier distribution plot: subject_outlier_distributions.png
2025-10-23 10:25:57,334 - experiments.data_validation - INFO -       Saved flagged subjects table: flagged_subjects.csv (2 subjects)
2025-10-23 10:25:57,336 - experiments.data_validation - INFO -       Saved flagged subjects report: flagged_subjects_report.txt
2025-10-23 10:25:57,639 - experiments.data_validation - INFO -       Saved subject outlier comparison plot: subject_outlier_comparison.png
2025-10-23 10:25:58,162 - experiments.data_validation - INFO -       Saved subject outlier scatter plot: subject_outlier_scatter.png
2025-10-23 10:25:58,892 - experiments.data_validation - INFO -       Saved top subjects bar chart: subject_outlier_top20.png
2025-10-23 10:25:58,892 - experiments.data_validation - INFO -    ✅ Subject-level analysis completed: 2 subjects flagged
2025-10-23 10:25:58,892 - experiments.data_validation - INFO - 📋 Generating threshold comparison summary...
2025-10-23 10:25:58,895 - experiments.data_validation - INFO -    Saved summary table: mad_threshold_summary_table.csv
2025-10-23 10:25:58,897 - experiments.data_validation - INFO -    📝 Saved recommendations: mad_threshold_recommendations.txt
2025-10-23 10:25:58,897 - experiments.data_validation - INFO - ================================================================================
2025-10-23 10:25:58,898 - experiments.data_validation - INFO - ✅ MAD threshold EDA completed successfully
2025-10-23 10:25:58,898 - experiments.data_validation - INFO - ================================================================================
2025-10-23 10:25:58,898 - experiments.data_validation - INFO - 📊 Generating data validation plots...
2025-10-23 10:25:58,898 - experiments.data_validation - INFO -    Creating distribution histograms for 1 clinical view(s), skipping 1 imaging views
2025-10-23 10:25:59,023 - experiments.data_validation - INFO -    ✅ Distribution histograms created (stored as data_distribution_comparison)
2025-10-23 10:25:59,030 - experiments.data_validation - INFO - 📊 Basic data validation plots completed: 1 plots generated
2025-10-23 10:25:59,031 - experiments.data_validation - INFO - 🎨 Creating comprehensive data validation visualizations for data_quality_assessment
2025-10-23 10:25:59,039 - visualization.preprocessing_plots - INFO - Creating preprocessing plots
2025-10-23 10:25:59,541 - visualization.preprocessing_plots - INFO - Saved: results/plots/preprocessing/feature_reduction.png
2025-10-23 10:26:00,145 - visualization.preprocessing_plots - INFO - Saved: results/plots/preprocessing/variance_distribution.png
2025-10-23 10:26:00,149 - visualization.covariance_plots - INFO - ================================================================================
2025-10-23 10:26:00,149 - visualization.covariance_plots - INFO - COVARIANCE STRUCTURE ANALYSIS
2025-10-23 10:26:00,149 - visualization.covariance_plots - INFO - ================================================================================
2025-10-23 10:26:00,257 - visualization.covariance_plots - INFO - Intra-modality covariance for volume_sn_voxels: 1794x1794
2025-10-23 10:26:00,258 - visualization.covariance_plots - INFO - Intra-modality covariance for clinical: 14x14
2025-10-23 10:26:00,316 - visualization.covariance_plots - INFO - Inter-modality covariance for volume_sn_voxels_vs_clinical: 1794x14
2025-10-23 10:26:00,420 - visualization.covariance_plots - INFO - 
Data structure:
2025-10-23 10:26:00,421 - visualization.covariance_plots - INFO -   Number of views: 2
2025-10-23 10:26:00,421 - visualization.covariance_plots - INFO -   Number of samples: 86
2025-10-23 10:26:00,421 - visualization.covariance_plots - INFO -   volume_sn_voxels: 1794 features
2025-10-23 10:26:00,421 - visualization.covariance_plots - INFO -   clinical: 14 features
2025-10-23 10:26:00,421 - visualization.covariance_plots - INFO - 
Intra-modality correlation statistics:
2025-10-23 10:26:00,421 - visualization.covariance_plots - INFO -   volume_sn_voxels:
2025-10-23 10:26:00,421 - visualization.covariance_plots - INFO -     Mean correlation: 0.388
2025-10-23 10:26:00,421 - visualization.covariance_plots - INFO -     Std correlation: 0.219
2025-10-23 10:26:00,421 - visualization.covariance_plots - INFO -     Max |correlation|: 0.994
2025-10-23 10:26:00,421 - visualization.covariance_plots - INFO -   clinical:
2025-10-23 10:26:00,421 - visualization.covariance_plots - INFO -     Mean correlation: 0.073
2025-10-23 10:26:00,421 - visualization.covariance_plots - INFO -     Std correlation: 0.350
2025-10-23 10:26:00,421 - visualization.covariance_plots - INFO -     Max |correlation|: 0.911
2025-10-23 10:26:00,421 - visualization.covariance_plots - INFO - 
Inter-modality correlation statistics:
2025-10-23 10:26:00,421 - visualization.covariance_plots - INFO -   volume_sn_voxels_vs_clinical:
2025-10-23 10:26:00,421 - visualization.covariance_plots - INFO -     Mean correlation: 0.031
2025-10-23 10:26:00,421 - visualization.covariance_plots - INFO -     Std correlation: 0.121
2025-10-23 10:26:00,421 - visualization.covariance_plots - INFO -     Max |correlation|: 0.371
2025-10-23 10:26:00,422 - visualization.covariance_plots - INFO - 
Generating covariance plots...
2025-10-23 10:26:00,422 - visualization.covariance_plots - INFO - Subsampling covariance matrix from 1808 to 500 features
2025-10-23 10:26:01,779 - visualization.covariance_plots - INFO - Saved block covariance matrix plot to results/plots/block_covariance_matrix.png
2025-10-23 10:26:10,295 - visualization.covariance_plots - INFO - Saved inter/intra comparison plot to results/plots/inter_vs_intra_correlation.png
2025-10-23 10:26:10,296 - visualization.covariance_plots - INFO - Plots saved to results/plots
2025-10-23 10:26:10,296 - visualization.covariance_plots - INFO - ================================================================================
2025-10-23 10:26:10,305 - experiments.data_validation - INFO -    Found 4 plot files to convert
2025-10-23 10:26:11,050 - experiments.data_validation - INFO -    ✅ Created 4 comprehensive data validation visualizations
2025-10-23 10:26:11,050 - experiments.data_validation - INFO - 🎨 Comprehensive data validation plots completed: 4 advanced plots generated
2025-10-23 10:26:11,050 - experiments.data_validation - INFO - 📊 Total plots ready for saving: 5
2025-10-23 10:26:11,051 - experiments.data_validation - INFO - 📁 Using experiment output dir: /cs/student/msc/aibh/2024/madhavan/sgfa_qmap-pd/results/all_rois-sn_conf-age+sex+tiv_K12_percW33_MAD1000.0_run_20251023_102553/data_validation_tree10_20251023_102553
2025-10-23 10:26:20,476 - core.io_utils - INFO - Saved 5 plots individually to /cs/student/msc/aibh/2024/madhavan/sgfa_qmap-pd/results/all_rois-sn_conf-age+sex+tiv_K12_percW33_MAD1000.0_run_20251023_102553/data_validation_tree10_20251023_102553/individual_plots (0 skipped)
2025-10-23 10:26:20,476 - core.io_utils - INFO -   Formats: png, pdf
2025-10-23 10:26:20,476 - experiments.data_validation - INFO - ✅ Saved 5 individual plots to /cs/student/msc/aibh/2024/madhavan/sgfa_qmap-pd/results/all_rois-sn_conf-age+sex+tiv_K12_percW33_MAD1000.0_run_20251023_102553/data_validation_tree10_20251023_102553/individual_plots
2025-10-23 10:26:20,476 - experiments.data_validation - INFO - ✅ Data validation with EDA completed!
2025-10-23 10:26:20,476 - experiments.data_validation - INFO -    Plots generated: 5
2025-10-23 10:26:20,476 - experiments.framework - INFO - 🏁 EXPERIMENT COMPLETED: data_validation_20251023_102553
2025-10-23 10:26:20,476 - experiments.framework - INFO - ⏱️  TOTAL RUNTIME: 26.9 seconds
2025-10-23 10:26:20,476 - experiments.framework - INFO - 🕐 Started: 2025-10-23 10:25:53
2025-10-23 10:26:20,476 - experiments.framework - INFO - 🕑 Finished: 2025-10-23 10:26:20
2025-10-23 10:26:20,476 - experiments.framework - INFO - Experiment completed successfully: data_validation_20251023_102553
2025-10-23 10:26:20,476 - experiments.framework - INFO - 🧹 Performing comprehensive memory cleanup...
2025-10-23 10:26:20,559 - experiments.framework - INFO - Garbage collection freed 0 objects
2025-10-23 10:26:20,851 - experiments.framework - INFO - GPU memory cleanup attempted
2025-10-23 10:26:21,853 - experiments.framework - INFO - ✅ Comprehensive memory cleanup completed
2025-10-23 10:26:32,697 - experiments.framework - INFO - ExperimentFramework initialized with output dir: /cs/student/msc/aibh/2024/madhavan/sgfa_qmap-pd/results/all_rois-sn_conf-age+sex+tiv_K12_percW33_MAD1000.0_run_20251023_102553
2025-10-23 10:26:32,697 - experiments.robustness_testing - INFO -    Using command-line K override: 12 (default is 10)
2025-10-23 10:26:32,697 - experiments.robustness_testing - INFO -    Using global model hyperparameters: K=12, percW=33.0, slab_df=4, slab_scale=2
2025-10-23 10:26:32,697 - experiments.robustness_testing - INFO -    QC outlier threshold (MAD): 1000.0
2025-10-23 10:26:32,697 - experiments.robustness_testing - INFO -    Using model type: sparse_gfa_fixed
2025-10-23 10:26:32,698 - experiments.robustness_testing - INFO - Auto-configured system: 20.2GB memory limit
2025-10-23 10:26:32,699 - experiments.robustness_testing - INFO - ExperimentFramework initialized with output dir: results
2025-10-23 10:26:32,700 - experiments.robustness_testing - INFO - Auto-configured system: 20.2GB memory limit
2025-10-23 10:26:32,701 - experiments.robustness_testing - INFO - Memory optimizer initialized with 20.2GB limit
2025-10-23 10:26:32,701 - experiments.robustness_testing - INFO - Data streaming components initialized
2025-10-23 10:26:32,701 - experiments.robustness_testing - INFO - MCMC memory optimizer initialized
2025-10-23 10:26:32,707 - experiments.framework - INFO - Starting experiment: robustness_tests_20251023_102632
2025-10-23 10:26:32,707 - experiments.robustness_testing - INFO - 🔄 Running comprehensive robustness tests...
2025-10-23 10:26:32,707 - experiments.robustness_testing - INFO - 📁 Set robustness_testing base_output_dir to: /cs/student/msc/aibh/2024/madhavan/sgfa_qmap-pd/results/all_rois-sn_conf-age+sex+tiv_K12_percW33_MAD1000.0_run_20251023_102553/robustness_tests_fixed_K12_percW33_slab4_2_MAD1000.0_tree10_20251023_102632
2025-10-23 10:26:32,707 - experiments.robustness_testing - INFO - 📊 Testing seed robustness...
2025-10-23 10:26:32,786 - experiments.robustness_testing - INFO - ================================================================================
2025-10-23 10:26:32,786 - experiments.robustness_testing - INFO - _RUN_SGFA_ANALYSIS - STARTING
2025-10-23 10:26:32,786 - experiments.robustness_testing - INFO - ================================================================================
2025-10-23 10:26:32,787 - experiments.robustness_testing - INFO - Running SGFA: K=12, n_subjects=86, n_features=1808
2025-10-23 10:26:32,825 - models.models_integration - INFO -    Total features: 1,808
2025-10-23 10:26:32,825 - models.models_integration - INFO -    Views: 2
2025-10-23 10:26:32,825 - models.models_integration - INFO -    Subjects: 86
2025-10-23 10:26:32,825 - models.models_integration - INFO -    Has imaging data: True
2025-10-23 10:26:32,826 - models.models_integration - INFO - ✅ Selected model type: sparse_gfa_fixed
2025-10-23 10:26:32,826 - models.models_integration - INFO - 🏗️ Creating model instance: sparse_gfa_fixed
2025-10-23 10:26:32,826 - models.models_integration - INFO -    Factory method: True
2025-10-23 10:26:32,826 - models.models_integration - INFO -  Model type: sparse_gfa_fixed
2025-10-23 10:26:32,826 - models.models_integration - INFO -  Model factory: True
2025-10-23 10:26:32,826 - models.models_integration - INFO -  Structured management: True
2025-10-23 10:26:32,826 - experiments.robustness_testing - INFO - MCMC configuration: warmup=50, samples=100, chains=1
2025-10-23 10:26:34,089 - experiments.robustness_testing - INFO - NUTS kernel parameters: target_accept_prob=0.8, max_tree_depth=10, dense_mass=False
2025-10-23 10:26:34,089 - experiments.robustness_testing - INFO - Creating MCMC sampler with chain_method=sequential...
2025-10-23 10:26:34,090 - experiments.robustness_testing - INFO - Creating NUTS kernel for standard MCMC execution...
2025-10-23 10:27:57,734 - optimization.profiler - INFO - Performance: seed_42: 84.942s, 2.34GB peak, 100.0% CPU
2025-10-23 10:27:57,735 - experiments.robustness_testing - INFO - ✅ Seed 42: 84.9s, LL=-235512.39
2025-10-23 10:27:57,954 - experiments.robustness_testing - INFO - Creating NUTS kernel for standard MCMC execution...
2025-10-23 10:29:12,957 - optimization.profiler - INFO - Performance: seed_123: 75.046s, 2.35GB peak, 108.2% CPU
2025-10-23 10:29:12,958 - experiments.robustness_testing - INFO - ✅ Seed 123: 75.0s, LL=-195173.09
2025-10-23 10:29:13,157 - experiments.robustness_testing - INFO - Creating NUTS kernel for standard MCMC execution...
2025-10-23 10:30:09,810 - optimization.profiler - INFO - Performance: seed_456: 56.663s, 2.35GB peak, 111.1% CPU
2025-10-23 10:30:09,810 - experiments.robustness_testing - INFO - ✅ Seed 456: 56.7s, LL=-246048.28
2025-10-23 10:30:09,908 - experiments.robustness_testing - INFO - 📊 Testing data perturbation robustness...
2025-10-23 10:30:09,993 - experiments.robustness_testing - INFO - ================================================================================
2025-10-23 10:30:09,993 - experiments.robustness_testing - INFO - _RUN_SGFA_ANALYSIS - STARTING
2025-10-23 10:30:09,993 - experiments.robustness_testing - INFO - ================================================================================
2025-10-23 10:30:09,994 - experiments.robustness_testing - INFO - Running SGFA: K=12, n_subjects=86, n_features=1808
2025-10-23 10:30:09,994 - models.models_integration - INFO -    Total features: 1,808
2025-10-23 10:30:09,994 - models.models_integration - INFO -    Views: 2
2025-10-23 10:30:09,994 - models.models_integration - INFO -    Subjects: 86
2025-10-23 10:30:09,994 - models.models_integration - INFO -    Has imaging data: True
2025-10-23 10:30:09,994 - models.models_integration - INFO - ✅ Selected model type: sparse_gfa_fixed
2025-10-23 10:30:09,995 - models.models_integration - INFO - 🏗️ Creating model instance: sparse_gfa_fixed
2025-10-23 10:30:09,995 - models.models_integration - INFO -    Factory method: True
2025-10-23 10:30:09,995 - models.models_integration - INFO -  Model type: sparse_gfa_fixed
2025-10-23 10:30:09,995 - models.models_integration - INFO -  Model factory: True
2025-10-23 10:30:09,995 - models.models_integration - INFO -  Structured management: True
2025-10-23 10:30:09,995 - experiments.robustness_testing - INFO - MCMC configuration: warmup=50, samples=100, chains=1
2025-10-23 10:30:10,023 - experiments.robustness_testing - INFO - NUTS kernel parameters: target_accept_prob=0.8, max_tree_depth=10, dense_mass=False
2025-10-23 10:30:10,023 - experiments.robustness_testing - INFO - Creating MCMC sampler with chain_method=sequential...
2025-10-23 10:30:10,023 - experiments.robustness_testing - INFO - Creating NUTS kernel for standard MCMC execution...
2025-10-23 10:31:24,352 - optimization.profiler - INFO - Performance: noise_0.01: 74.355s, 2.35GB peak, 108.2% CPU
2025-10-23 10:31:24,353 - experiments.robustness_testing - INFO - ✅ Noise 0.01: 74.4s, LL=-234134.42
2025-10-23 10:31:24,478 - experiments.robustness_testing - INFO - Creating NUTS kernel for standard MCMC execution...
2025-10-23 10:32:37,093 - optimization.profiler - INFO - Performance: noise_0.05: 72.557s, 2.36GB peak, 108.5% CPU
2025-10-23 10:32:37,094 - experiments.robustness_testing - INFO - ✅ Noise 0.05: 72.6s, LL=-224385.75
2025-10-23 10:32:37,227 - experiments.robustness_testing - INFO - Creating NUTS kernel for standard MCMC execution...
2025-10-23 10:33:49,719 - optimization.profiler - INFO - Performance: noise_0.1: 72.425s, 2.36GB peak, 108.5% CPU
2025-10-23 10:33:49,720 - experiments.robustness_testing - INFO - ✅ Noise 0.1: 72.4s, LL=-236711.00
2025-10-23 10:33:49,720 - experiments.robustness_testing - INFO - 📊 Testing initialization robustness...
2025-10-23 10:33:49,818 - experiments.robustness_testing - INFO - ================================================================================
2025-10-23 10:33:49,819 - experiments.robustness_testing - INFO - _RUN_SGFA_ANALYSIS - STARTING
2025-10-23 10:33:49,819 - experiments.robustness_testing - INFO - ================================================================================
2025-10-23 10:33:49,819 - experiments.robustness_testing - INFO - Running SGFA: K=12, n_subjects=86, n_features=1808
2025-10-23 10:33:49,820 - models.models_integration - INFO -    Total features: 1,808
2025-10-23 10:33:49,820 - models.models_integration - INFO -    Views: 2
2025-10-23 10:33:49,820 - models.models_integration - INFO -    Subjects: 86
2025-10-23 10:33:49,820 - models.models_integration - INFO -    Has imaging data: True
2025-10-23 10:33:49,820 - models.models_integration - INFO - ✅ Selected model type: sparse_gfa_fixed
2025-10-23 10:33:49,820 - models.models_integration - INFO - 🏗️ Creating model instance: sparse_gfa_fixed
2025-10-23 10:33:49,820 - models.models_integration - INFO -    Factory method: True
2025-10-23 10:33:49,820 - models.models_integration - INFO -  Model type: sparse_gfa_fixed
2025-10-23 10:33:49,820 - models.models_integration - INFO -  Model factory: True
2025-10-23 10:33:49,820 - models.models_integration - INFO -  Structured management: True
2025-10-23 10:33:49,820 - experiments.robustness_testing - INFO - MCMC configuration: warmup=50, samples=100, chains=1
2025-10-23 10:33:49,847 - experiments.robustness_testing - INFO - NUTS kernel parameters: target_accept_prob=0.8, max_tree_depth=10, dense_mass=False
2025-10-23 10:33:49,847 - experiments.robustness_testing - INFO - Creating MCMC sampler with chain_method=sequential...
2025-10-23 10:33:49,847 - experiments.robustness_testing - INFO - Creating NUTS kernel for standard MCMC execution...
2025-10-23 10:35:03,380 - optimization.profiler - INFO - Performance: init_0: 73.468s, 2.37GB peak, 108.4% CPU
2025-10-23 10:35:03,381 - experiments.robustness_testing - INFO - ✅ Init 0: 73.5s, LL=-213217.64
2025-10-23 10:35:03,504 - experiments.robustness_testing - INFO - Creating NUTS kernel for standard MCMC execution...
2025-10-23 10:35:33,850 - optimization.profiler - INFO - Performance: init_1: 30.366s, 2.37GB peak, 121.1% CPU
2025-10-23 10:35:33,850 - experiments.robustness_testing - INFO - ✅ Init 1: 30.4s, LL=-243896.88
2025-10-23 10:35:33,966 - experiments.robustness_testing - INFO - Creating NUTS kernel for standard MCMC execution...
2025-10-23 10:36:09,499 - optimization.profiler - INFO - Performance: init_2: 35.465s, 2.37GB peak, 117.8% CPU
2025-10-23 10:36:09,499 - experiments.robustness_testing - INFO - ✅ Init 2: 35.5s, LL=-246076.47
2025-10-23 10:36:09,499 - experiments.robustness_testing - INFO - 🔄 Robustness tests completed!
2025-10-23 10:36:09,499 - experiments.robustness_testing - INFO -    Successful tests: 9/9
2025-10-23 10:36:09,607 - experiments.robustness_testing - INFO - 📁 Using experiment output dir: /cs/student/msc/aibh/2024/madhavan/sgfa_qmap-pd/results/all_rois-sn_conf-age+sex+tiv_K12_percW33_MAD1000.0_run_20251023_102553/robustness_tests_fixed_K12_percW33_slab4_2_MAD1000.0_tree10_20251023_102632
2025-10-23 10:36:10,391 - core.io_utils - INFO - Saved 1 plots individually to /cs/student/msc/aibh/2024/madhavan/sgfa_qmap-pd/results/all_rois-sn_conf-age+sex+tiv_K12_percW33_MAD1000.0_run_20251023_102553/robustness_tests_fixed_K12_percW33_slab4_2_MAD1000.0_tree10_20251023_102632/individual_plots (0 skipped)
2025-10-23 10:36:10,391 - core.io_utils - INFO -   Formats: png, pdf
2025-10-23 10:36:10,391 - experiments.robustness_testing - INFO - ✅ Saved 1 individual plots to /cs/student/msc/aibh/2024/madhavan/sgfa_qmap-pd/results/all_rois-sn_conf-age+sex+tiv_K12_percW33_MAD1000.0_run_20251023_102553/robustness_tests_fixed_K12_percW33_slab4_2_MAD1000.0_tree10_20251023_102632/individual_plots
2025-10-23 10:36:10,391 - experiments.framework - INFO - 🏁 EXPERIMENT COMPLETED: robustness_tests_20251023_102632
2025-10-23 10:36:10,391 - experiments.framework - INFO - ⏱️  TOTAL RUNTIME: 9.6 minutes (578s)
2025-10-23 10:36:10,391 - experiments.framework - INFO - 🕐 Started: 2025-10-23 10:26:32
2025-10-23 10:36:10,391 - experiments.framework - INFO - 🕑 Finished: 2025-10-23 10:36:10
2025-10-23 10:36:10,391 - experiments.framework - INFO - Experiment completed successfully: robustness_tests_20251023_102632
2025-10-23 10:36:10,391 - experiments.framework - INFO - 🧹 Performing comprehensive memory cleanup...
2025-10-23 10:36:10,482 - experiments.framework - INFO - Garbage collection freed 3 objects
2025-10-23 10:36:10,808 - experiments.framework - INFO - GPU memory cleanup attempted
2025-10-23 10:36:11,809 - experiments.framework - INFO - ✅ Comprehensive memory cleanup completed
