2025-10-15 17:14:08,625 - experiments.framework - INFO - ExperimentFramework initialized with output dir: /cs/student/msc/aibh/2024/madhavan/sgfa_qmap-pd/results/all_rois-sn_conf-age+sex+tiv_K5_PCA-balanced_MAD3.0_run_20251015_171408
2025-10-15 17:14:08,635 - experiments.framework - INFO - Starting experiment: data_validation_20251015_171408
2025-10-15 17:14:13,661 - experiments.framework - INFO - 🏁 EXPERIMENT COMPLETED: data_validation_20251015_171408
2025-10-15 17:14:13,661 - experiments.framework - INFO - ⏱️  TOTAL RUNTIME: 5.0 seconds
2025-10-15 17:14:13,661 - experiments.framework - INFO - 🕐 Started: 2025-10-15 17:14:08
2025-10-15 17:14:13,662 - experiments.framework - INFO - 🕑 Finished: 2025-10-15 17:14:13
2025-10-15 17:14:13,662 - experiments.framework - INFO - Experiment completed successfully: data_validation_20251015_171408
2025-10-15 17:14:13,662 - experiments.framework - INFO - 🧹 Performing comprehensive memory cleanup...
2025-10-15 17:14:13,740 - experiments.framework - INFO - Garbage collection freed 18240 objects
2025-10-15 17:14:13,987 - experiments.framework - INFO - GPU memory cleanup attempted
2025-10-15 17:14:14,989 - experiments.framework - INFO - ✅ Comprehensive memory cleanup completed
2025-10-15 17:14:15,140 - experiments.framework - INFO - Pickle saving disabled to prevent large files - using JSON and CSV instead
2025-10-15 17:14:15,144 - experiments.framework - INFO - Saving 3 plots to /cs/student/msc/aibh/2024/madhavan/sgfa_qmap-pd/results/all_rois-sn_conf-age+sex+tiv_K5_PCA-balanced_MAD3.0_run_20251015_171408/data_validation_20251015_171408/plots
2025-10-15 17:14:17,240 - experiments.framework - INFO -   ✅ Saved plot: data_distribution_comparison
2025-10-15 17:14:19,185 - experiments.framework - INFO -   ✅ Saved plot: data_validation_feature_reduction
2025-10-15 17:14:19,936 - experiments.framework - INFO -   ✅ Saved plot: data_validation_variance_distribution
2025-10-15 17:14:19,936 - experiments.framework - INFO - All plots saved to: /cs/student/msc/aibh/2024/madhavan/sgfa_qmap-pd/results/all_rois-sn_conf-age+sex+tiv_K5_PCA-balanced_MAD3.0_run_20251015_171408/data_validation_20251015_171408/plots
2025-10-15 17:14:20,023 - experiments.framework - INFO - ExperimentFramework initialized with output dir: /cs/student/msc/aibh/2024/madhavan/sgfa_qmap-pd/results/all_rois-sn_conf-age+sex+tiv_K5_PCA-balanced_MAD3.0_run_20251015_171408
2025-10-15 17:14:20,023 - experiments.framework - INFO - ExperimentFramework initialized with output dir: /cs/student/msc/aibh/2024/madhavan/sgfa_qmap-pd/results/all_rois-sn_conf-age+sex+tiv_K5_PCA-balanced_MAD3.0_run_20251015_171408
2025-10-15 17:14:20,031 - experiments.framework - INFO - Starting experiment: robustness_tests_20251015_171420
2025-10-15 17:14:20,031 - experiments.framework - INFO - Starting experiment: robustness_tests_20251015_171420
2025-10-15 17:22:52,665 - experiments.framework - INFO - 🏁 EXPERIMENT COMPLETED: robustness_tests_20251015_171420
2025-10-15 17:22:52,665 - experiments.framework - INFO - 🏁 EXPERIMENT COMPLETED: robustness_tests_20251015_171420
2025-10-15 17:22:52,666 - experiments.framework - INFO - ⏱️  TOTAL RUNTIME: 8.5 minutes (513s)
2025-10-15 17:22:52,666 - experiments.framework - INFO - ⏱️  TOTAL RUNTIME: 8.5 minutes (513s)
2025-10-15 17:22:52,666 - experiments.framework - INFO - 🕐 Started: 2025-10-15 17:14:20
2025-10-15 17:22:52,666 - experiments.framework - INFO - 🕐 Started: 2025-10-15 17:14:20
2025-10-15 17:22:52,666 - experiments.framework - INFO - 🕑 Finished: 2025-10-15 17:22:52
2025-10-15 17:22:52,666 - experiments.framework - INFO - 🕑 Finished: 2025-10-15 17:22:52
2025-10-15 17:22:52,666 - experiments.framework - INFO - Experiment completed successfully: robustness_tests_20251015_171420
2025-10-15 17:22:52,666 - experiments.framework - INFO - Experiment completed successfully: robustness_tests_20251015_171420
2025-10-15 17:22:52,666 - experiments.framework - INFO - 🧹 Performing comprehensive memory cleanup...
2025-10-15 17:22:52,666 - experiments.framework - INFO - 🧹 Performing comprehensive memory cleanup...
2025-10-15 17:22:52,834 - experiments.framework - INFO - Garbage collection freed 165 objects
2025-10-15 17:22:52,834 - experiments.framework - INFO - Garbage collection freed 165 objects
2025-10-15 17:22:53,479 - experiments.framework - INFO - GPU memory cleanup attempted
2025-10-15 17:22:53,479 - experiments.framework - INFO - GPU memory cleanup attempted
2025-10-15 17:22:54,481 - experiments.framework - INFO - ✅ Comprehensive memory cleanup completed
2025-10-15 17:22:54,481 - experiments.framework - INFO - ✅ Comprehensive memory cleanup completed
2025-10-15 17:22:54,547 - experiments.framework - INFO - Pickle saving disabled to prevent large files - using JSON and CSV instead
2025-10-15 17:22:54,547 - experiments.framework - INFO - Pickle saving disabled to prevent large files - using JSON and CSV instead
2025-10-15 17:22:54,552 - experiments.framework - INFO - Saving 1 plots to /cs/student/msc/aibh/2024/madhavan/sgfa_qmap-pd/results/all_rois-sn_conf-age+sex+tiv_K5_PCA-balanced_MAD3.0_run_20251015_171408/robustness_tests_20251015_171420/plots
2025-10-15 17:22:54,552 - experiments.framework - INFO - Saving 1 plots to /cs/student/msc/aibh/2024/madhavan/sgfa_qmap-pd/results/all_rois-sn_conf-age+sex+tiv_K5_PCA-balanced_MAD3.0_run_20251015_171408/robustness_tests_20251015_171420/plots
2025-10-15 17:22:55,516 - experiments.framework - INFO -   ✅ Saved plot: robustness_summary
2025-10-15 17:22:55,516 - experiments.framework - INFO -   ✅ Saved plot: robustness_summary
2025-10-15 17:22:55,516 - experiments.framework - INFO - All plots saved to: /cs/student/msc/aibh/2024/madhavan/sgfa_qmap-pd/results/all_rois-sn_conf-age+sex+tiv_K5_PCA-balanced_MAD3.0_run_20251015_171408/robustness_tests_20251015_171420/plots
2025-10-15 17:22:55,516 - experiments.framework - INFO - All plots saved to: /cs/student/msc/aibh/2024/madhavan/sgfa_qmap-pd/results/all_rois-sn_conf-age+sex+tiv_K5_PCA-balanced_MAD3.0_run_20251015_171408/robustness_tests_20251015_171420/plots
