2025-10-18 13:15:19,148 - experiments.framework - INFO - ExperimentFramework initialized with output dir: /cs/student/msc/aibh/2024/madhavan/sgfa_qmap-pd/results/all_rois-sn_conf-age+sex+tiv_K50_percW20_MAD3.0_run_20251018_131519
2025-10-18 13:15:19,162 - experiments.framework - INFO - Starting experiment: data_validation_20251018_131519
2025-10-18 13:15:28,124 - experiments.framework - INFO - 🏁 EXPERIMENT COMPLETED: data_validation_20251018_131519
2025-10-18 13:15:28,124 - experiments.framework - INFO - ⏱️  TOTAL RUNTIME: 9.0 seconds
2025-10-18 13:15:28,125 - experiments.framework - INFO - 🕐 Started: 2025-10-18 13:15:19
2025-10-18 13:15:28,125 - experiments.framework - INFO - 🕑 Finished: 2025-10-18 13:15:28
2025-10-18 13:15:28,125 - experiments.framework - INFO - Experiment completed successfully: data_validation_20251018_131519
2025-10-18 13:15:28,125 - experiments.framework - INFO - 🧹 Performing comprehensive memory cleanup...
2025-10-18 13:15:28,207 - experiments.framework - INFO - Garbage collection freed 18248 objects
2025-10-18 13:15:28,471 - experiments.framework - INFO - GPU memory cleanup attempted
2025-10-18 13:15:29,473 - experiments.framework - INFO - ✅ Comprehensive memory cleanup completed
2025-10-18 13:15:29,621 - experiments.framework - INFO - Pickle saving disabled to prevent large files - using JSON and CSV instead
2025-10-18 13:15:29,629 - experiments.framework - INFO - Saving 3 plots to /cs/student/msc/aibh/2024/madhavan/sgfa_qmap-pd/results/all_rois-sn_conf-age+sex+tiv_K50_percW20_MAD3.0_run_20251018_131519/data_validation_20251018_131519/plots
2025-10-18 13:15:31,495 - experiments.framework - INFO -   ✅ Saved plot: data_distribution_comparison
2025-10-18 13:15:33,339 - experiments.framework - INFO -   ✅ Saved plot: data_validation_feature_reduction
2025-10-18 13:15:34,097 - experiments.framework - INFO -   ✅ Saved plot: data_validation_variance_distribution
2025-10-18 13:15:34,098 - experiments.framework - INFO - All plots saved to: /cs/student/msc/aibh/2024/madhavan/sgfa_qmap-pd/results/all_rois-sn_conf-age+sex+tiv_K50_percW20_MAD3.0_run_20251018_131519/data_validation_20251018_131519/plots
2025-10-18 13:15:34,183 - experiments.framework - INFO - ExperimentFramework initialized with output dir: /cs/student/msc/aibh/2024/madhavan/sgfa_qmap-pd/results/all_rois-sn_conf-age+sex+tiv_K50_percW20_MAD3.0_run_20251018_131519
2025-10-18 13:15:34,183 - experiments.framework - INFO - ExperimentFramework initialized with output dir: /cs/student/msc/aibh/2024/madhavan/sgfa_qmap-pd/results/all_rois-sn_conf-age+sex+tiv_K50_percW20_MAD3.0_run_20251018_131519
2025-10-18 13:15:34,191 - experiments.framework - INFO - Starting experiment: robustness_tests_20251018_131534
2025-10-18 13:15:34,191 - experiments.framework - INFO - Starting experiment: robustness_tests_20251018_131534
2025-10-18 14:17:34,116 - experiments.framework - INFO - 🏁 EXPERIMENT COMPLETED: robustness_tests_20251018_131534
2025-10-18 14:17:34,116 - experiments.framework - INFO - 🏁 EXPERIMENT COMPLETED: robustness_tests_20251018_131534
2025-10-18 14:17:34,117 - experiments.framework - INFO - ⏱️  TOTAL RUNTIME: 1.0 hours (2m 60s)
2025-10-18 14:17:34,117 - experiments.framework - INFO - ⏱️  TOTAL RUNTIME: 1.0 hours (2m 60s)
2025-10-18 14:17:34,117 - experiments.framework - INFO - 🕐 Started: 2025-10-18 13:15:34
2025-10-18 14:17:34,117 - experiments.framework - INFO - 🕐 Started: 2025-10-18 13:15:34
2025-10-18 14:17:34,117 - experiments.framework - INFO - 🕑 Finished: 2025-10-18 14:17:34
2025-10-18 14:17:34,117 - experiments.framework - INFO - 🕑 Finished: 2025-10-18 14:17:34
2025-10-18 14:17:34,117 - experiments.framework - INFO - Experiment completed successfully: robustness_tests_20251018_131534
2025-10-18 14:17:34,117 - experiments.framework - INFO - Experiment completed successfully: robustness_tests_20251018_131534
2025-10-18 14:17:34,117 - experiments.framework - INFO - 🧹 Performing comprehensive memory cleanup...
2025-10-18 14:17:34,117 - experiments.framework - INFO - 🧹 Performing comprehensive memory cleanup...
2025-10-18 14:17:34,198 - experiments.framework - INFO - Garbage collection freed 0 objects
2025-10-18 14:17:34,198 - experiments.framework - INFO - Garbage collection freed 0 objects
2025-10-18 14:17:34,488 - experiments.framework - INFO - GPU memory cleanup attempted
2025-10-18 14:17:34,488 - experiments.framework - INFO - GPU memory cleanup attempted
2025-10-18 14:17:35,489 - experiments.framework - INFO - ✅ Comprehensive memory cleanup completed
2025-10-18 14:17:35,489 - experiments.framework - INFO - ✅ Comprehensive memory cleanup completed
2025-10-18 14:17:35,556 - experiments.framework - INFO - Pickle saving disabled to prevent large files - using JSON and CSV instead
2025-10-18 14:17:35,556 - experiments.framework - INFO - Pickle saving disabled to prevent large files - using JSON and CSV instead
2025-10-18 14:17:35,563 - experiments.framework - INFO - Saving 1 plots to /cs/student/msc/aibh/2024/madhavan/sgfa_qmap-pd/results/all_rois-sn_conf-age+sex+tiv_K50_percW20_MAD3.0_run_20251018_131519/robustness_tests_K50_percW20_slab4_2_MAD3.0_20251018_131534/plots
2025-10-18 14:17:35,563 - experiments.framework - INFO - Saving 1 plots to /cs/student/msc/aibh/2024/madhavan/sgfa_qmap-pd/results/all_rois-sn_conf-age+sex+tiv_K50_percW20_MAD3.0_run_20251018_131519/robustness_tests_K50_percW20_slab4_2_MAD3.0_20251018_131534/plots
2025-10-18 14:17:36,470 - experiments.framework - INFO -   ✅ Saved plot: robustness_summary
2025-10-18 14:17:36,470 - experiments.framework - INFO -   ✅ Saved plot: robustness_summary
2025-10-18 14:17:36,470 - experiments.framework - INFO - All plots saved to: /cs/student/msc/aibh/2024/madhavan/sgfa_qmap-pd/results/all_rois-sn_conf-age+sex+tiv_K50_percW20_MAD3.0_run_20251018_131519/robustness_tests_K50_percW20_slab4_2_MAD3.0_20251018_131534/plots
2025-10-18 14:17:36,470 - experiments.framework - INFO - All plots saved to: /cs/student/msc/aibh/2024/madhavan/sgfa_qmap-pd/results/all_rois-sn_conf-age+sex+tiv_K50_percW20_MAD3.0_run_20251018_131519/robustness_tests_K50_percW20_slab4_2_MAD3.0_20251018_131534/plots
