2025-10-15 17:12:48,491 - experiments.framework - INFO - ExperimentFramework initialized with output dir: /cs/student/msc/aibh/2024/madhavan/sgfa_qmap-pd/results/all_rois-sn_conf-age+sex+tiv_K5_MAD4.0_run_20251015_171248
2025-10-15 17:12:48,494 - experiments.framework - INFO - Starting experiment: data_validation_20251015_171248
2025-10-15 17:12:51,127 - experiments.framework - INFO - 🏁 EXPERIMENT COMPLETED: data_validation_20251015_171248
2025-10-15 17:12:51,127 - experiments.framework - INFO - ⏱️  TOTAL RUNTIME: 2.6 seconds
2025-10-15 17:12:51,127 - experiments.framework - INFO - 🕐 Started: 2025-10-15 17:12:48
2025-10-15 17:12:51,127 - experiments.framework - INFO - 🕑 Finished: 2025-10-15 17:12:51
2025-10-15 17:12:51,127 - experiments.framework - INFO - Experiment completed successfully: data_validation_20251015_171248
2025-10-15 17:12:51,127 - experiments.framework - INFO - 🧹 Performing comprehensive memory cleanup...
2025-10-15 17:12:51,167 - experiments.framework - INFO - Garbage collection freed 18632 objects
2025-10-15 17:12:51,293 - experiments.framework - INFO - GPU memory cleanup attempted
2025-10-15 17:12:52,295 - experiments.framework - INFO - ✅ Comprehensive memory cleanup completed
2025-10-15 17:12:52,366 - experiments.framework - INFO - Pickle saving disabled to prevent large files - using JSON and CSV instead
2025-10-15 17:12:52,371 - experiments.framework - INFO - Saving 3 plots to /cs/student/msc/aibh/2024/madhavan/sgfa_qmap-pd/results/all_rois-sn_conf-age+sex+tiv_K5_MAD4.0_run_20251015_171248/data_validation_20251015_171248/plots
2025-10-15 17:12:53,535 - experiments.framework - INFO -   ✅ Saved plot: data_distribution_comparison
2025-10-15 17:12:54,611 - experiments.framework - INFO -   ✅ Saved plot: data_validation_feature_reduction
2025-10-15 17:12:54,984 - experiments.framework - INFO -   ✅ Saved plot: data_validation_variance_distribution
2025-10-15 17:12:54,984 - experiments.framework - INFO - All plots saved to: /cs/student/msc/aibh/2024/madhavan/sgfa_qmap-pd/results/all_rois-sn_conf-age+sex+tiv_K5_MAD4.0_run_20251015_171248/data_validation_20251015_171248/plots
2025-10-15 17:12:55,031 - experiments.framework - INFO - ExperimentFramework initialized with output dir: /cs/student/msc/aibh/2024/madhavan/sgfa_qmap-pd/results/all_rois-sn_conf-age+sex+tiv_K5_MAD4.0_run_20251015_171248
2025-10-15 17:12:55,031 - experiments.framework - INFO - ExperimentFramework initialized with output dir: /cs/student/msc/aibh/2024/madhavan/sgfa_qmap-pd/results/all_rois-sn_conf-age+sex+tiv_K5_MAD4.0_run_20251015_171248
2025-10-15 17:12:55,036 - experiments.framework - INFO - Starting experiment: robustness_tests_20251015_171255
2025-10-15 17:12:55,036 - experiments.framework - INFO - Starting experiment: robustness_tests_20251015_171255
2025-10-15 17:22:40,998 - experiments.framework - INFO - 🏁 EXPERIMENT COMPLETED: robustness_tests_20251015_171255
2025-10-15 17:22:40,998 - experiments.framework - INFO - 🏁 EXPERIMENT COMPLETED: robustness_tests_20251015_171255
2025-10-15 17:22:40,998 - experiments.framework - INFO - ⏱️  TOTAL RUNTIME: 9.8 minutes (586s)
2025-10-15 17:22:40,998 - experiments.framework - INFO - ⏱️  TOTAL RUNTIME: 9.8 minutes (586s)
2025-10-15 17:22:40,998 - experiments.framework - INFO - 🕐 Started: 2025-10-15 17:12:55
2025-10-15 17:22:40,998 - experiments.framework - INFO - 🕐 Started: 2025-10-15 17:12:55
2025-10-15 17:22:40,999 - experiments.framework - INFO - 🕑 Finished: 2025-10-15 17:22:40
2025-10-15 17:22:40,999 - experiments.framework - INFO - 🕑 Finished: 2025-10-15 17:22:40
2025-10-15 17:22:40,999 - experiments.framework - INFO - Experiment completed successfully: robustness_tests_20251015_171255
2025-10-15 17:22:40,999 - experiments.framework - INFO - Experiment completed successfully: robustness_tests_20251015_171255
2025-10-15 17:22:40,999 - experiments.framework - INFO - 🧹 Performing comprehensive memory cleanup...
2025-10-15 17:22:40,999 - experiments.framework - INFO - 🧹 Performing comprehensive memory cleanup...
2025-10-15 17:22:41,086 - experiments.framework - INFO - Garbage collection freed 110 objects
2025-10-15 17:22:41,086 - experiments.framework - INFO - Garbage collection freed 110 objects
2025-10-15 17:22:41,422 - experiments.framework - INFO - GPU memory cleanup attempted
2025-10-15 17:22:41,422 - experiments.framework - INFO - GPU memory cleanup attempted
2025-10-15 17:22:42,423 - experiments.framework - INFO - ✅ Comprehensive memory cleanup completed
2025-10-15 17:22:42,423 - experiments.framework - INFO - ✅ Comprehensive memory cleanup completed
2025-10-15 17:22:42,454 - experiments.framework - INFO - Pickle saving disabled to prevent large files - using JSON and CSV instead
2025-10-15 17:22:42,454 - experiments.framework - INFO - Pickle saving disabled to prevent large files - using JSON and CSV instead
2025-10-15 17:22:42,458 - experiments.framework - INFO - Saving 1 plots to /cs/student/msc/aibh/2024/madhavan/sgfa_qmap-pd/results/all_rois-sn_conf-age+sex+tiv_K5_MAD4.0_run_20251015_171248/robustness_tests_20251015_171255/plots
2025-10-15 17:22:42,458 - experiments.framework - INFO - Saving 1 plots to /cs/student/msc/aibh/2024/madhavan/sgfa_qmap-pd/results/all_rois-sn_conf-age+sex+tiv_K5_MAD4.0_run_20251015_171248/robustness_tests_20251015_171255/plots
2025-10-15 17:22:42,965 - experiments.framework - INFO -   ✅ Saved plot: robustness_summary
2025-10-15 17:22:42,965 - experiments.framework - INFO -   ✅ Saved plot: robustness_summary
2025-10-15 17:22:42,965 - experiments.framework - INFO - All plots saved to: /cs/student/msc/aibh/2024/madhavan/sgfa_qmap-pd/results/all_rois-sn_conf-age+sex+tiv_K5_MAD4.0_run_20251015_171248/robustness_tests_20251015_171255/plots
2025-10-15 17:22:42,965 - experiments.framework - INFO - All plots saved to: /cs/student/msc/aibh/2024/madhavan/sgfa_qmap-pd/results/all_rois-sn_conf-age+sex+tiv_K5_MAD4.0_run_20251015_171248/robustness_tests_20251015_171255/plots
2025-10-15 20:47:59,872 - experiments.framework - INFO - ExperimentFramework initialized with output dir: /cs/student/msc/aibh/2024/madhavan/sgfa_qmap-pd/results/all_rois-sn_conf-age+sex+tiv_K5_MAD4.0_run_20251015_171248
2025-10-15 20:47:59,872 - experiments.framework - INFO - ExperimentFramework initialized with output dir: /cs/student/msc/aibh/2024/madhavan/sgfa_qmap-pd/results/all_rois-sn_conf-age+sex+tiv_K5_MAD4.0_run_20251015_171248
2025-10-15 20:47:59,872 - experiments.framework - INFO - ExperimentFramework initialized with output dir: /cs/student/msc/aibh/2024/madhavan/sgfa_qmap-pd/results/all_rois-sn_conf-age+sex+tiv_K5_MAD4.0_run_20251015_171248
2025-10-15 20:47:59,879 - experiments.framework - INFO - Starting experiment: clinical_validation_20251015_204759
2025-10-15 20:47:59,879 - experiments.framework - INFO - Starting experiment: clinical_validation_20251015_204759
2025-10-15 20:47:59,879 - experiments.framework - INFO - Starting experiment: clinical_validation_20251015_204759
2025-10-15 20:51:48,546 - experiments.framework - INFO - 🏁 EXPERIMENT COMPLETED: clinical_validation_20251015_204759
2025-10-15 20:51:48,546 - experiments.framework - INFO - 🏁 EXPERIMENT COMPLETED: clinical_validation_20251015_204759
2025-10-15 20:51:48,546 - experiments.framework - INFO - 🏁 EXPERIMENT COMPLETED: clinical_validation_20251015_204759
2025-10-15 20:51:48,547 - experiments.framework - INFO - ⏱️  TOTAL RUNTIME: 3.8 minutes (229s)
2025-10-15 20:51:48,547 - experiments.framework - INFO - ⏱️  TOTAL RUNTIME: 3.8 minutes (229s)
2025-10-15 20:51:48,547 - experiments.framework - INFO - ⏱️  TOTAL RUNTIME: 3.8 minutes (229s)
2025-10-15 20:51:48,547 - experiments.framework - INFO - 🕐 Started: 2025-10-15 20:47:59
2025-10-15 20:51:48,547 - experiments.framework - INFO - 🕐 Started: 2025-10-15 20:47:59
2025-10-15 20:51:48,547 - experiments.framework - INFO - 🕐 Started: 2025-10-15 20:47:59
2025-10-15 20:51:48,547 - experiments.framework - INFO - 🕑 Finished: 2025-10-15 20:51:48
2025-10-15 20:51:48,547 - experiments.framework - INFO - 🕑 Finished: 2025-10-15 20:51:48
2025-10-15 20:51:48,547 - experiments.framework - INFO - 🕑 Finished: 2025-10-15 20:51:48
2025-10-15 20:51:48,547 - experiments.framework - INFO - Experiment completed successfully: clinical_validation_20251015_204759
2025-10-15 20:51:48,547 - experiments.framework - INFO - Experiment completed successfully: clinical_validation_20251015_204759
2025-10-15 20:51:48,547 - experiments.framework - INFO - Experiment completed successfully: clinical_validation_20251015_204759
2025-10-15 20:51:48,547 - experiments.framework - INFO - 🧹 Performing comprehensive memory cleanup...
2025-10-15 20:51:48,547 - experiments.framework - INFO - 🧹 Performing comprehensive memory cleanup...
2025-10-15 20:51:48,547 - experiments.framework - INFO - 🧹 Performing comprehensive memory cleanup...
2025-10-15 20:51:48,683 - experiments.framework - INFO - Garbage collection freed 315 objects
2025-10-15 20:51:48,683 - experiments.framework - INFO - Garbage collection freed 315 objects
2025-10-15 20:51:48,683 - experiments.framework - INFO - Garbage collection freed 315 objects
2025-10-15 20:51:49,213 - experiments.framework - INFO - GPU memory cleanup attempted
2025-10-15 20:51:49,213 - experiments.framework - INFO - GPU memory cleanup attempted
2025-10-15 20:51:49,213 - experiments.framework - INFO - GPU memory cleanup attempted
2025-10-15 20:51:50,215 - experiments.framework - INFO - ✅ Comprehensive memory cleanup completed
2025-10-15 20:51:50,215 - experiments.framework - INFO - ✅ Comprehensive memory cleanup completed
2025-10-15 20:51:50,215 - experiments.framework - INFO - ✅ Comprehensive memory cleanup completed
2025-10-15 20:51:50,238 - experiments.framework - INFO - Pickle saving disabled to prevent large files - using JSON and CSV instead
2025-10-15 20:51:50,238 - experiments.framework - INFO - Pickle saving disabled to prevent large files - using JSON and CSV instead
2025-10-15 20:51:50,238 - experiments.framework - INFO - Pickle saving disabled to prevent large files - using JSON and CSV instead
2025-10-15 20:51:50,242 - experiments.framework - INFO - Saving 1 plots to /cs/student/msc/aibh/2024/madhavan/sgfa_qmap-pd/results/all_rois-sn_conf-age+sex+tiv_K5_MAD4.0_run_20251015_171248/clinical_validation_20251015_204759/plots
2025-10-15 20:51:50,242 - experiments.framework - INFO - Saving 1 plots to /cs/student/msc/aibh/2024/madhavan/sgfa_qmap-pd/results/all_rois-sn_conf-age+sex+tiv_K5_MAD4.0_run_20251015_171248/clinical_validation_20251015_204759/plots
2025-10-15 20:51:50,242 - experiments.framework - INFO - Saving 1 plots to /cs/student/msc/aibh/2024/madhavan/sgfa_qmap-pd/results/all_rois-sn_conf-age+sex+tiv_K5_MAD4.0_run_20251015_171248/clinical_validation_20251015_204759/plots
2025-10-15 20:51:50,570 - experiments.framework - INFO -   ✅ Saved plot: clinical_validation_summary
2025-10-15 20:51:50,570 - experiments.framework - INFO -   ✅ Saved plot: clinical_validation_summary
2025-10-15 20:51:50,570 - experiments.framework - INFO -   ✅ Saved plot: clinical_validation_summary
2025-10-15 20:51:50,570 - experiments.framework - INFO - All plots saved to: /cs/student/msc/aibh/2024/madhavan/sgfa_qmap-pd/results/all_rois-sn_conf-age+sex+tiv_K5_MAD4.0_run_20251015_171248/clinical_validation_20251015_204759/plots
2025-10-15 20:51:50,570 - experiments.framework - INFO - All plots saved to: /cs/student/msc/aibh/2024/madhavan/sgfa_qmap-pd/results/all_rois-sn_conf-age+sex+tiv_K5_MAD4.0_run_20251015_171248/clinical_validation_20251015_204759/plots
2025-10-15 20:51:50,570 - experiments.framework - INFO - All plots saved to: /cs/student/msc/aibh/2024/madhavan/sgfa_qmap-pd/results/all_rois-sn_conf-age+sex+tiv_K5_MAD4.0_run_20251015_171248/clinical_validation_20251015_204759/plots
