2025-10-15 17:10:20,312 - experiments.framework - INFO - ExperimentFramework initialized with output dir: /cs/student/msc/aibh/2024/madhavan/sgfa_qmap-pd/results/all_rois-sn_conf-age+sex+tiv_K5_MAD4.0_run_20251015_171020
2025-10-15 17:10:20,316 - experiments.framework - INFO - Starting experiment: data_validation_20251015_171020
2025-10-15 17:10:22,934 - experiments.framework - INFO - 🏁 EXPERIMENT COMPLETED: data_validation_20251015_171020
2025-10-15 17:10:22,934 - experiments.framework - INFO - ⏱️  TOTAL RUNTIME: 2.6 seconds
2025-10-15 17:10:22,934 - experiments.framework - INFO - 🕐 Started: 2025-10-15 17:10:20
2025-10-15 17:10:22,934 - experiments.framework - INFO - 🕑 Finished: 2025-10-15 17:10:22
2025-10-15 17:10:22,934 - experiments.framework - INFO - Experiment completed successfully: data_validation_20251015_171020
2025-10-15 17:10:22,934 - experiments.framework - INFO - 🧹 Performing comprehensive memory cleanup...
2025-10-15 17:10:22,974 - experiments.framework - INFO - Garbage collection freed 18632 objects
2025-10-15 17:10:23,098 - experiments.framework - INFO - GPU memory cleanup attempted
2025-10-15 17:10:24,099 - experiments.framework - INFO - ✅ Comprehensive memory cleanup completed
2025-10-15 17:10:24,168 - experiments.framework - INFO - Pickle saving disabled to prevent large files - using JSON and CSV instead
2025-10-15 17:10:24,173 - experiments.framework - INFO - Saving 3 plots to /cs/student/msc/aibh/2024/madhavan/sgfa_qmap-pd/results/all_rois-sn_conf-age+sex+tiv_K5_MAD4.0_run_20251015_171020/data_validation_20251015_171020/plots
2025-10-15 17:10:25,352 - experiments.framework - INFO -   ✅ Saved plot: data_distribution_comparison
2025-10-15 17:10:26,417 - experiments.framework - INFO -   ✅ Saved plot: data_validation_feature_reduction
2025-10-15 17:10:26,787 - experiments.framework - INFO -   ✅ Saved plot: data_validation_variance_distribution
2025-10-15 17:10:26,787 - experiments.framework - INFO - All plots saved to: /cs/student/msc/aibh/2024/madhavan/sgfa_qmap-pd/results/all_rois-sn_conf-age+sex+tiv_K5_MAD4.0_run_20251015_171020/data_validation_20251015_171020/plots
2025-10-15 17:10:26,838 - experiments.framework - INFO - ExperimentFramework initialized with output dir: /cs/student/msc/aibh/2024/madhavan/sgfa_qmap-pd/results/all_rois-sn_conf-age+sex+tiv_K5_MAD4.0_run_20251015_171020
2025-10-15 17:10:26,838 - experiments.framework - INFO - ExperimentFramework initialized with output dir: /cs/student/msc/aibh/2024/madhavan/sgfa_qmap-pd/results/all_rois-sn_conf-age+sex+tiv_K5_MAD4.0_run_20251015_171020
2025-10-15 17:10:26,843 - experiments.framework - INFO - Starting experiment: robustness_tests_20251015_171026
2025-10-15 17:10:26,843 - experiments.framework - INFO - Starting experiment: robustness_tests_20251015_171026
2025-10-15 17:10:44,805 - experiments.framework - INFO - 🧹 Performing comprehensive memory cleanup...
2025-10-15 17:10:44,805 - experiments.framework - INFO - 🧹 Performing comprehensive memory cleanup...
2025-10-15 17:10:44,865 - experiments.framework - INFO - Garbage collection freed 0 objects
2025-10-15 17:10:44,865 - experiments.framework - INFO - Garbage collection freed 0 objects
2025-10-15 17:10:45,083 - experiments.framework - INFO - GPU memory cleanup attempted
2025-10-15 17:10:45,083 - experiments.framework - INFO - GPU memory cleanup attempted
2025-10-15 17:10:46,084 - experiments.framework - INFO - ✅ Comprehensive memory cleanup completed
2025-10-15 17:10:46,084 - experiments.framework - INFO - ✅ Comprehensive memory cleanup completed
