2025-10-19 11:41:37,701 - experiments.framework - INFO - ExperimentFramework initialized with output dir: /cs/student/msc/aibh/2024/madhavan/sgfa_qmap-pd/results/all_rois-sn_conf-age+sex+tiv_K20_percW10_MAD3.0_run_20251019_114137
2025-10-19 11:41:37,715 - experiments.framework - INFO - Starting experiment: data_validation_20251019_114137
2025-10-19 11:41:48,078 - experiments.framework - INFO - 🏁 EXPERIMENT COMPLETED: data_validation_20251019_114137
2025-10-19 11:41:48,078 - experiments.framework - INFO - ⏱️  TOTAL RUNTIME: 10.4 seconds
2025-10-19 11:41:48,078 - experiments.framework - INFO - 🕐 Started: 2025-10-19 11:41:37
2025-10-19 11:41:48,078 - experiments.framework - INFO - 🕑 Finished: 2025-10-19 11:41:48
2025-10-19 11:41:48,079 - experiments.framework - INFO - Experiment completed successfully: data_validation_20251019_114137
2025-10-19 11:41:48,079 - experiments.framework - INFO - 🧹 Performing comprehensive memory cleanup...
2025-10-19 11:41:48,163 - experiments.framework - INFO - Garbage collection freed 25509 objects
2025-10-19 11:41:48,429 - experiments.framework - INFO - GPU memory cleanup attempted
2025-10-19 11:41:49,431 - experiments.framework - INFO - ✅ Comprehensive memory cleanup completed
2025-10-19 11:41:49,580 - experiments.framework - INFO - Pickle saving disabled to prevent large files - using JSON and CSV instead
2025-10-19 11:41:49,586 - experiments.framework - INFO - Saving 3 plots to /cs/student/msc/aibh/2024/madhavan/sgfa_qmap-pd/results/all_rois-sn_conf-age+sex+tiv_K20_percW10_MAD3.0_run_20251019_114137/data_validation_tree10_20251019_114137/plots
2025-10-19 11:41:51,479 - experiments.framework - INFO -   ✅ Saved plot: data_distribution_comparison
2025-10-19 11:41:53,340 - experiments.framework - INFO -   ✅ Saved plot: data_validation_feature_reduction
2025-10-19 11:41:54,076 - experiments.framework - INFO -   ✅ Saved plot: data_validation_variance_distribution
2025-10-19 11:41:54,076 - experiments.framework - INFO - All plots saved to: /cs/student/msc/aibh/2024/madhavan/sgfa_qmap-pd/results/all_rois-sn_conf-age+sex+tiv_K20_percW10_MAD3.0_run_20251019_114137/data_validation_tree10_20251019_114137/plots
2025-10-19 11:41:54,162 - experiments.framework - INFO - ExperimentFramework initialized with output dir: /cs/student/msc/aibh/2024/madhavan/sgfa_qmap-pd/results/all_rois-sn_conf-age+sex+tiv_K20_percW10_MAD3.0_run_20251019_114137
2025-10-19 11:41:54,162 - experiments.framework - INFO - ExperimentFramework initialized with output dir: /cs/student/msc/aibh/2024/madhavan/sgfa_qmap-pd/results/all_rois-sn_conf-age+sex+tiv_K20_percW10_MAD3.0_run_20251019_114137
2025-10-19 11:41:54,169 - experiments.framework - INFO - Starting experiment: robustness_tests_20251019_114154
2025-10-19 11:41:54,169 - experiments.framework - INFO - Starting experiment: robustness_tests_20251019_114154
2025-10-19 11:52:06,181 - experiments.framework - INFO - 🏁 EXPERIMENT COMPLETED: robustness_tests_20251019_114154
2025-10-19 11:52:06,181 - experiments.framework - INFO - 🏁 EXPERIMENT COMPLETED: robustness_tests_20251019_114154
2025-10-19 11:52:06,181 - experiments.framework - INFO - ⏱️  TOTAL RUNTIME: 10.2 minutes (612s)
2025-10-19 11:52:06,181 - experiments.framework - INFO - ⏱️  TOTAL RUNTIME: 10.2 minutes (612s)
2025-10-19 11:52:06,181 - experiments.framework - INFO - 🕐 Started: 2025-10-19 11:41:54
2025-10-19 11:52:06,181 - experiments.framework - INFO - 🕐 Started: 2025-10-19 11:41:54
2025-10-19 11:52:06,181 - experiments.framework - INFO - 🕑 Finished: 2025-10-19 11:52:06
2025-10-19 11:52:06,181 - experiments.framework - INFO - 🕑 Finished: 2025-10-19 11:52:06
2025-10-19 11:52:06,181 - experiments.framework - INFO - Experiment completed successfully: robustness_tests_20251019_114154
2025-10-19 11:52:06,181 - experiments.framework - INFO - Experiment completed successfully: robustness_tests_20251019_114154
2025-10-19 11:52:06,181 - experiments.framework - INFO - 🧹 Performing comprehensive memory cleanup...
2025-10-19 11:52:06,181 - experiments.framework - INFO - 🧹 Performing comprehensive memory cleanup...
2025-10-19 11:52:06,263 - experiments.framework - INFO - Garbage collection freed 53 objects
2025-10-19 11:52:06,263 - experiments.framework - INFO - Garbage collection freed 53 objects
2025-10-19 11:52:06,555 - experiments.framework - INFO - GPU memory cleanup attempted
2025-10-19 11:52:06,555 - experiments.framework - INFO - GPU memory cleanup attempted
2025-10-19 11:52:07,556 - experiments.framework - INFO - ✅ Comprehensive memory cleanup completed
2025-10-19 11:52:07,556 - experiments.framework - INFO - ✅ Comprehensive memory cleanup completed
2025-10-19 11:52:07,623 - experiments.framework - INFO - Pickle saving disabled to prevent large files - using JSON and CSV instead
2025-10-19 11:52:07,623 - experiments.framework - INFO - Pickle saving disabled to prevent large files - using JSON and CSV instead
2025-10-19 11:52:07,632 - experiments.framework - INFO - Saving 1 plots to /cs/student/msc/aibh/2024/madhavan/sgfa_qmap-pd/results/all_rois-sn_conf-age+sex+tiv_K20_percW10_MAD3.0_run_20251019_114137/robustness_tests_K20_percW10_slab4_2_MAD3.0_tree10_20251019_114154/plots
2025-10-19 11:52:07,632 - experiments.framework - INFO - Saving 1 plots to /cs/student/msc/aibh/2024/madhavan/sgfa_qmap-pd/results/all_rois-sn_conf-age+sex+tiv_K20_percW10_MAD3.0_run_20251019_114137/robustness_tests_K20_percW10_slab4_2_MAD3.0_tree10_20251019_114154/plots
2025-10-19 11:52:08,546 - experiments.framework - INFO -   ✅ Saved plot: robustness_summary
2025-10-19 11:52:08,546 - experiments.framework - INFO -   ✅ Saved plot: robustness_summary
2025-10-19 11:52:08,547 - experiments.framework - INFO - All plots saved to: /cs/student/msc/aibh/2024/madhavan/sgfa_qmap-pd/results/all_rois-sn_conf-age+sex+tiv_K20_percW10_MAD3.0_run_20251019_114137/robustness_tests_K20_percW10_slab4_2_MAD3.0_tree10_20251019_114154/plots
2025-10-19 11:52:08,547 - experiments.framework - INFO - All plots saved to: /cs/student/msc/aibh/2024/madhavan/sgfa_qmap-pd/results/all_rois-sn_conf-age+sex+tiv_K20_percW10_MAD3.0_run_20251019_114137/robustness_tests_K20_percW10_slab4_2_MAD3.0_tree10_20251019_114154/plots
