2025-10-21 12:44:45,959 - experiments.framework - INFO - ExperimentFramework initialized with output dir: /cs/student/msc/aibh/2024/madhavan/sgfa_qmap-pd/results/all_rois-sn_conf-age+sex+tiv_K2_percW33_MAD3.0_run_20251021_124445
2025-10-21 12:44:45,962 - experiments.framework - INFO - Starting experiment: data_validation_20251021_124445
2025-10-21 12:44:53,655 - experiments.framework - INFO - 🏁 EXPERIMENT COMPLETED: data_validation_20251021_124445
2025-10-21 12:44:53,655 - experiments.framework - INFO - ⏱️  TOTAL RUNTIME: 7.7 seconds
2025-10-21 12:44:53,656 - experiments.framework - INFO - 🕐 Started: 2025-10-21 12:44:45
2025-10-21 12:44:53,656 - experiments.framework - INFO - 🕑 Finished: 2025-10-21 12:44:53
2025-10-21 12:44:53,656 - experiments.framework - INFO - Experiment completed successfully: data_validation_20251021_124445
2025-10-21 12:44:53,656 - experiments.framework - INFO - 🧹 Performing comprehensive memory cleanup...
2025-10-21 12:44:53,725 - experiments.framework - INFO - Garbage collection freed 0 objects
2025-10-21 12:44:53,931 - experiments.framework - INFO - GPU memory cleanup attempted
2025-10-21 12:44:54,932 - experiments.framework - INFO - ✅ Comprehensive memory cleanup completed
2025-10-21 12:44:55,021 - experiments.framework - INFO - Pickle saving disabled to prevent large files - using JSON and CSV instead
2025-10-21 12:44:55,024 - experiments.framework - INFO - Saving 5 plots to /cs/student/msc/aibh/2024/madhavan/sgfa_qmap-pd/results/all_rois-sn_conf-age+sex+tiv_K2_percW33_MAD3.0_run_20251021_124445/data_validation_tree10_20251021_124445/plots
2025-10-21 12:44:55,763 - experiments.framework - INFO -   ✅ Saved plot: data_distribution_comparison
2025-10-21 12:44:56,494 - experiments.framework - INFO -   ✅ Saved plot: data_validation_inter_vs_intra_correlation
2025-10-21 12:44:58,336 - experiments.framework - INFO -   ✅ Saved plot: data_validation_block_covariance_matrix
2025-10-21 12:44:59,091 - experiments.framework - INFO -   ✅ Saved plot: data_validation_feature_reduction
2025-10-21 12:44:59,391 - experiments.framework - INFO -   ✅ Saved plot: data_validation_variance_distribution
2025-10-21 12:44:59,392 - experiments.framework - INFO - All plots saved to: /cs/student/msc/aibh/2024/madhavan/sgfa_qmap-pd/results/all_rois-sn_conf-age+sex+tiv_K2_percW33_MAD3.0_run_20251021_124445/data_validation_tree10_20251021_124445/plots
2025-10-21 12:44:59,468 - experiments.framework - INFO - ExperimentFramework initialized with output dir: /cs/student/msc/aibh/2024/madhavan/sgfa_qmap-pd/results/all_rois-sn_conf-age+sex+tiv_K2_percW33_MAD3.0_run_20251021_124445
2025-10-21 12:44:59,468 - experiments.framework - INFO - ExperimentFramework initialized with output dir: /cs/student/msc/aibh/2024/madhavan/sgfa_qmap-pd/results/all_rois-sn_conf-age+sex+tiv_K2_percW33_MAD3.0_run_20251021_124445
2025-10-21 12:44:59,472 - experiments.framework - INFO - Starting experiment: robustness_tests_20251021_124459
2025-10-21 12:44:59,472 - experiments.framework - INFO - Starting experiment: robustness_tests_20251021_124459
2025-10-21 12:45:40,100 - experiments.framework - INFO - 🏁 EXPERIMENT COMPLETED: robustness_tests_20251021_124459
2025-10-21 12:45:40,100 - experiments.framework - INFO - 🏁 EXPERIMENT COMPLETED: robustness_tests_20251021_124459
2025-10-21 12:45:40,101 - experiments.framework - INFO - ⏱️  TOTAL RUNTIME: 40.6 seconds
2025-10-21 12:45:40,101 - experiments.framework - INFO - ⏱️  TOTAL RUNTIME: 40.6 seconds
2025-10-21 12:45:40,101 - experiments.framework - INFO - 🕐 Started: 2025-10-21 12:44:59
2025-10-21 12:45:40,101 - experiments.framework - INFO - 🕐 Started: 2025-10-21 12:44:59
2025-10-21 12:45:40,101 - experiments.framework - INFO - 🕑 Finished: 2025-10-21 12:45:40
2025-10-21 12:45:40,101 - experiments.framework - INFO - 🕑 Finished: 2025-10-21 12:45:40
2025-10-21 12:45:40,101 - experiments.framework - INFO - Experiment completed successfully: robustness_tests_20251021_124459
2025-10-21 12:45:40,101 - experiments.framework - INFO - Experiment completed successfully: robustness_tests_20251021_124459
2025-10-21 12:45:40,101 - experiments.framework - INFO - 🧹 Performing comprehensive memory cleanup...
2025-10-21 12:45:40,101 - experiments.framework - INFO - 🧹 Performing comprehensive memory cleanup...
2025-10-21 12:45:40,173 - experiments.framework - INFO - Garbage collection freed 73 objects
2025-10-21 12:45:40,173 - experiments.framework - INFO - Garbage collection freed 73 objects
2025-10-21 12:45:40,393 - experiments.framework - INFO - GPU memory cleanup attempted
2025-10-21 12:45:40,393 - experiments.framework - INFO - GPU memory cleanup attempted
2025-10-21 12:45:41,394 - experiments.framework - INFO - ✅ Comprehensive memory cleanup completed
2025-10-21 12:45:41,394 - experiments.framework - INFO - ✅ Comprehensive memory cleanup completed
2025-10-21 12:45:41,419 - experiments.framework - INFO - Pickle saving disabled to prevent large files - using JSON and CSV instead
2025-10-21 12:45:41,419 - experiments.framework - INFO - Pickle saving disabled to prevent large files - using JSON and CSV instead
2025-10-21 12:45:41,421 - experiments.framework - INFO - Saving 1 plots to /cs/student/msc/aibh/2024/madhavan/sgfa_qmap-pd/results/all_rois-sn_conf-age+sex+tiv_K2_percW33_MAD3.0_run_20251021_124445/robustness_tests_fixed_K2_percW33_slab4_2_MAD3.0_tree10_20251021_124459/plots
2025-10-21 12:45:41,421 - experiments.framework - INFO - Saving 1 plots to /cs/student/msc/aibh/2024/madhavan/sgfa_qmap-pd/results/all_rois-sn_conf-age+sex+tiv_K2_percW33_MAD3.0_run_20251021_124445/robustness_tests_fixed_K2_percW33_slab4_2_MAD3.0_tree10_20251021_124459/plots
2025-10-21 12:45:41,771 - experiments.framework - INFO -   ✅ Saved plot: robustness_summary
2025-10-21 12:45:41,771 - experiments.framework - INFO -   ✅ Saved plot: robustness_summary
2025-10-21 12:45:41,771 - experiments.framework - INFO - All plots saved to: /cs/student/msc/aibh/2024/madhavan/sgfa_qmap-pd/results/all_rois-sn_conf-age+sex+tiv_K2_percW33_MAD3.0_run_20251021_124445/robustness_tests_fixed_K2_percW33_slab4_2_MAD3.0_tree10_20251021_124459/plots
2025-10-21 12:45:41,771 - experiments.framework - INFO - All plots saved to: /cs/student/msc/aibh/2024/madhavan/sgfa_qmap-pd/results/all_rois-sn_conf-age+sex+tiv_K2_percW33_MAD3.0_run_20251021_124445/robustness_tests_fixed_K2_percW33_slab4_2_MAD3.0_tree10_20251021_124459/plots
