2025-10-19 21:52:53,016 - experiments.framework - INFO - ExperimentFramework initialized with output dir: /cs/student/msc/aibh/2024/madhavan/sgfa_qmap-pd/results/all_rois-sn_run_20251019_215253
2025-10-19 21:52:53,021 - experiments.framework - INFO - Starting experiment: data_validation_20251019_215253
2025-10-19 21:52:53,252 - experiments.framework - INFO - 🏁 EXPERIMENT COMPLETED: data_validation_20251019_215253
2025-10-19 21:52:53,252 - experiments.framework - INFO - ⏱️  TOTAL RUNTIME: 0.2 seconds
2025-10-19 21:52:53,252 - experiments.framework - INFO - 🕐 Started: 2025-10-19 21:52:53
2025-10-19 21:52:53,252 - experiments.framework - INFO - 🕑 Finished: 2025-10-19 21:52:53
2025-10-19 21:52:53,252 - experiments.framework - INFO - Experiment completed successfully: data_validation_20251019_215253
2025-10-19 21:52:53,252 - experiments.framework - INFO - 🧹 Performing comprehensive memory cleanup...
2025-10-19 21:52:53,278 - experiments.framework - INFO - Garbage collection freed 0 objects
2025-10-19 21:52:53,371 - experiments.framework - INFO - GPU memory cleanup attempted
2025-10-19 21:52:54,372 - experiments.framework - INFO - ✅ Comprehensive memory cleanup completed
2025-10-19 21:52:54,377 - experiments.framework - INFO - Pickle saving disabled to prevent large files - using JSON and CSV instead
2025-10-19 21:52:54,626 - experiments.framework - INFO - ExperimentFramework initialized with output dir: /cs/student/msc/aibh/2024/madhavan/sgfa_qmap-pd/results/all_rois-sn_run_20251019_215253
2025-10-19 21:52:54,626 - experiments.framework - INFO - ExperimentFramework initialized with output dir: /cs/student/msc/aibh/2024/madhavan/sgfa_qmap-pd/results/all_rois-sn_run_20251019_215253
2025-10-19 21:52:54,632 - experiments.framework - INFO - Starting experiment: robustness_tests_20251019_215254
2025-10-19 21:52:54,632 - experiments.framework - INFO - Starting experiment: robustness_tests_20251019_215254
2025-10-19 21:53:35,021 - experiments.framework - INFO - 🏁 EXPERIMENT COMPLETED: robustness_tests_20251019_215254
2025-10-19 21:53:35,021 - experiments.framework - INFO - 🏁 EXPERIMENT COMPLETED: robustness_tests_20251019_215254
2025-10-19 21:53:35,022 - experiments.framework - INFO - ⏱️  TOTAL RUNTIME: 40.4 seconds
2025-10-19 21:53:35,022 - experiments.framework - INFO - ⏱️  TOTAL RUNTIME: 40.4 seconds
2025-10-19 21:53:35,022 - experiments.framework - INFO - 🕐 Started: 2025-10-19 21:52:54
2025-10-19 21:53:35,022 - experiments.framework - INFO - 🕐 Started: 2025-10-19 21:52:54
2025-10-19 21:53:35,022 - experiments.framework - INFO - 🕑 Finished: 2025-10-19 21:53:35
2025-10-19 21:53:35,022 - experiments.framework - INFO - 🕑 Finished: 2025-10-19 21:53:35
2025-10-19 21:53:35,022 - experiments.framework - INFO - Experiment completed successfully: robustness_tests_20251019_215254
2025-10-19 21:53:35,022 - experiments.framework - INFO - Experiment completed successfully: robustness_tests_20251019_215254
2025-10-19 21:53:35,022 - experiments.framework - INFO - 🧹 Performing comprehensive memory cleanup...
2025-10-19 21:53:35,022 - experiments.framework - INFO - 🧹 Performing comprehensive memory cleanup...
2025-10-19 21:53:35,055 - experiments.framework - INFO - Garbage collection freed 13 objects
2025-10-19 21:53:35,055 - experiments.framework - INFO - Garbage collection freed 13 objects
2025-10-19 21:53:35,174 - experiments.framework - INFO - GPU memory cleanup attempted
2025-10-19 21:53:35,174 - experiments.framework - INFO - GPU memory cleanup attempted
2025-10-19 21:53:36,175 - experiments.framework - INFO - ✅ Comprehensive memory cleanup completed
2025-10-19 21:53:36,175 - experiments.framework - INFO - ✅ Comprehensive memory cleanup completed
2025-10-19 21:53:36,204 - experiments.framework - INFO - Pickle saving disabled to prevent large files - using JSON and CSV instead
2025-10-19 21:53:36,204 - experiments.framework - INFO - Pickle saving disabled to prevent large files - using JSON and CSV instead
2025-10-19 21:53:36,209 - experiments.framework - INFO - Saving 1 plots to /cs/student/msc/aibh/2024/madhavan/sgfa_qmap-pd/results/all_rois-sn_run_20251019_215253/robustness_tests_K2_percW33_slab4_2_20251019_215254/plots
2025-10-19 21:53:36,209 - experiments.framework - INFO - Saving 1 plots to /cs/student/msc/aibh/2024/madhavan/sgfa_qmap-pd/results/all_rois-sn_run_20251019_215253/robustness_tests_K2_percW33_slab4_2_20251019_215254/plots
2025-10-19 21:53:36,633 - experiments.framework - INFO -   ✅ Saved plot: robustness_summary
2025-10-19 21:53:36,633 - experiments.framework - INFO -   ✅ Saved plot: robustness_summary
2025-10-19 21:53:36,633 - experiments.framework - INFO - All plots saved to: /cs/student/msc/aibh/2024/madhavan/sgfa_qmap-pd/results/all_rois-sn_run_20251019_215253/robustness_tests_K2_percW33_slab4_2_20251019_215254/plots
2025-10-19 21:53:36,633 - experiments.framework - INFO - All plots saved to: /cs/student/msc/aibh/2024/madhavan/sgfa_qmap-pd/results/all_rois-sn_run_20251019_215253/robustness_tests_K2_percW33_slab4_2_20251019_215254/plots
