2025-10-19 11:41:05,881 - experiments.framework - INFO - ExperimentFramework initialized with output dir: /cs/student/msc/aibh/2024/madhavan/sgfa_qmap-pd/results/all_rois-sn_conf-age+sex+tiv_K30_percW33_MAD3.0_run_20251019_114105
2025-10-19 11:41:05,887 - experiments.framework - INFO - Starting experiment: data_validation_20251019_114105
2025-10-19 11:41:11,026 - experiments.framework - INFO - 🏁 EXPERIMENT COMPLETED: data_validation_20251019_114105
2025-10-19 11:41:11,026 - experiments.framework - INFO - ⏱️  TOTAL RUNTIME: 5.1 seconds
2025-10-19 11:41:11,026 - experiments.framework - INFO - 🕐 Started: 2025-10-19 11:41:05
2025-10-19 11:41:11,026 - experiments.framework - INFO - 🕑 Finished: 2025-10-19 11:41:11
2025-10-19 11:41:11,026 - experiments.framework - INFO - Experiment completed successfully: data_validation_20251019_114105
2025-10-19 11:41:11,026 - experiments.framework - INFO - 🧹 Performing comprehensive memory cleanup...
2025-10-19 11:41:11,064 - experiments.framework - INFO - Garbage collection freed 25509 objects
2025-10-19 11:41:11,182 - experiments.framework - INFO - GPU memory cleanup attempted
2025-10-19 11:41:12,183 - experiments.framework - INFO - ✅ Comprehensive memory cleanup completed
2025-10-19 11:41:12,245 - experiments.framework - INFO - Pickle saving disabled to prevent large files - using JSON and CSV instead
2025-10-19 11:41:12,251 - experiments.framework - INFO - Saving 3 plots to /cs/student/msc/aibh/2024/madhavan/sgfa_qmap-pd/results/all_rois-sn_conf-age+sex+tiv_K30_percW33_MAD3.0_run_20251019_114105/data_validation_tree10_20251019_114105/plots
2025-10-19 11:41:13,223 - experiments.framework - INFO -   ✅ Saved plot: data_distribution_comparison
2025-10-19 11:41:14,187 - experiments.framework - INFO -   ✅ Saved plot: data_validation_feature_reduction
2025-10-19 11:41:14,556 - experiments.framework - INFO -   ✅ Saved plot: data_validation_variance_distribution
2025-10-19 11:41:14,556 - experiments.framework - INFO - All plots saved to: /cs/student/msc/aibh/2024/madhavan/sgfa_qmap-pd/results/all_rois-sn_conf-age+sex+tiv_K30_percW33_MAD3.0_run_20251019_114105/data_validation_tree10_20251019_114105/plots
2025-10-19 11:41:14,599 - experiments.framework - INFO - ExperimentFramework initialized with output dir: /cs/student/msc/aibh/2024/madhavan/sgfa_qmap-pd/results/all_rois-sn_conf-age+sex+tiv_K30_percW33_MAD3.0_run_20251019_114105
2025-10-19 11:41:14,599 - experiments.framework - INFO - ExperimentFramework initialized with output dir: /cs/student/msc/aibh/2024/madhavan/sgfa_qmap-pd/results/all_rois-sn_conf-age+sex+tiv_K30_percW33_MAD3.0_run_20251019_114105
2025-10-19 11:41:14,605 - experiments.framework - INFO - Starting experiment: robustness_tests_20251019_114114
2025-10-19 11:41:14,605 - experiments.framework - INFO - Starting experiment: robustness_tests_20251019_114114
2025-10-19 11:53:47,509 - experiments.framework - INFO - 🏁 EXPERIMENT COMPLETED: robustness_tests_20251019_114114
2025-10-19 11:53:47,509 - experiments.framework - INFO - 🏁 EXPERIMENT COMPLETED: robustness_tests_20251019_114114
2025-10-19 11:53:47,510 - experiments.framework - INFO - ⏱️  TOTAL RUNTIME: 12.5 minutes (753s)
2025-10-19 11:53:47,510 - experiments.framework - INFO - ⏱️  TOTAL RUNTIME: 12.5 minutes (753s)
2025-10-19 11:53:47,510 - experiments.framework - INFO - 🕐 Started: 2025-10-19 11:41:14
2025-10-19 11:53:47,510 - experiments.framework - INFO - 🕐 Started: 2025-10-19 11:41:14
2025-10-19 11:53:47,510 - experiments.framework - INFO - 🕑 Finished: 2025-10-19 11:53:47
2025-10-19 11:53:47,510 - experiments.framework - INFO - 🕑 Finished: 2025-10-19 11:53:47
2025-10-19 11:53:47,510 - experiments.framework - INFO - Experiment completed successfully: robustness_tests_20251019_114114
2025-10-19 11:53:47,510 - experiments.framework - INFO - Experiment completed successfully: robustness_tests_20251019_114114
2025-10-19 11:53:47,510 - experiments.framework - INFO - 🧹 Performing comprehensive memory cleanup...
2025-10-19 11:53:47,510 - experiments.framework - INFO - 🧹 Performing comprehensive memory cleanup...
2025-10-19 11:53:47,548 - experiments.framework - INFO - Garbage collection freed 113 objects
2025-10-19 11:53:47,548 - experiments.framework - INFO - Garbage collection freed 113 objects
2025-10-19 11:53:47,680 - experiments.framework - INFO - GPU memory cleanup attempted
2025-10-19 11:53:47,680 - experiments.framework - INFO - GPU memory cleanup attempted
2025-10-19 11:53:48,681 - experiments.framework - INFO - ✅ Comprehensive memory cleanup completed
2025-10-19 11:53:48,681 - experiments.framework - INFO - ✅ Comprehensive memory cleanup completed
2025-10-19 11:53:48,715 - experiments.framework - INFO - Pickle saving disabled to prevent large files - using JSON and CSV instead
2025-10-19 11:53:48,715 - experiments.framework - INFO - Pickle saving disabled to prevent large files - using JSON and CSV instead
2025-10-19 11:53:48,722 - experiments.framework - INFO - Saving 1 plots to /cs/student/msc/aibh/2024/madhavan/sgfa_qmap-pd/results/all_rois-sn_conf-age+sex+tiv_K30_percW33_MAD3.0_run_20251019_114105/robustness_tests_K30_percW33_slab4_2_MAD3.0_tree10_20251019_114114/plots
2025-10-19 11:53:48,722 - experiments.framework - INFO - Saving 1 plots to /cs/student/msc/aibh/2024/madhavan/sgfa_qmap-pd/results/all_rois-sn_conf-age+sex+tiv_K30_percW33_MAD3.0_run_20251019_114105/robustness_tests_K30_percW33_slab4_2_MAD3.0_tree10_20251019_114114/plots
2025-10-19 11:53:49,177 - experiments.framework - INFO -   ✅ Saved plot: robustness_summary
2025-10-19 11:53:49,177 - experiments.framework - INFO -   ✅ Saved plot: robustness_summary
2025-10-19 11:53:49,177 - experiments.framework - INFO - All plots saved to: /cs/student/msc/aibh/2024/madhavan/sgfa_qmap-pd/results/all_rois-sn_conf-age+sex+tiv_K30_percW33_MAD3.0_run_20251019_114105/robustness_tests_K30_percW33_slab4_2_MAD3.0_tree10_20251019_114114/plots
2025-10-19 11:53:49,177 - experiments.framework - INFO - All plots saved to: /cs/student/msc/aibh/2024/madhavan/sgfa_qmap-pd/results/all_rois-sn_conf-age+sex+tiv_K30_percW33_MAD3.0_run_20251019_114105/robustness_tests_K30_percW33_slab4_2_MAD3.0_tree10_20251019_114114/plots
