2025-10-18 13:15:21,625 - experiments.framework - INFO - ExperimentFramework initialized with output dir: /cs/student/msc/aibh/2024/madhavan/sgfa_qmap-pd/results/all_rois-sn_conf-age+sex+tiv_K50_percW10_MAD3.0_run_20251018_131521
2025-10-18 13:15:21,630 - experiments.framework - INFO - Starting experiment: data_validation_20251018_131521
2025-10-18 13:15:26,086 - experiments.framework - INFO - 🏁 EXPERIMENT COMPLETED: data_validation_20251018_131521
2025-10-18 13:15:26,086 - experiments.framework - INFO - ⏱️  TOTAL RUNTIME: 4.5 seconds
2025-10-18 13:15:26,086 - experiments.framework - INFO - 🕐 Started: 2025-10-18 13:15:21
2025-10-18 13:15:26,086 - experiments.framework - INFO - 🕑 Finished: 2025-10-18 13:15:26
2025-10-18 13:15:26,086 - experiments.framework - INFO - Experiment completed successfully: data_validation_20251018_131521
2025-10-18 13:15:26,086 - experiments.framework - INFO - 🧹 Performing comprehensive memory cleanup...
2025-10-18 13:15:26,128 - experiments.framework - INFO - Garbage collection freed 18248 objects
2025-10-18 13:15:26,260 - experiments.framework - INFO - GPU memory cleanup attempted
2025-10-18 13:15:27,262 - experiments.framework - INFO - ✅ Comprehensive memory cleanup completed
2025-10-18 13:15:27,319 - experiments.framework - INFO - Pickle saving disabled to prevent large files - using JSON and CSV instead
2025-10-18 13:15:27,325 - experiments.framework - INFO - Saving 3 plots to /cs/student/msc/aibh/2024/madhavan/sgfa_qmap-pd/results/all_rois-sn_conf-age+sex+tiv_K50_percW10_MAD3.0_run_20251018_131521/data_validation_20251018_131521/plots
2025-10-18 13:15:28,305 - experiments.framework - INFO -   ✅ Saved plot: data_distribution_comparison
2025-10-18 13:15:29,278 - experiments.framework - INFO -   ✅ Saved plot: data_validation_feature_reduction
2025-10-18 13:15:29,649 - experiments.framework - INFO -   ✅ Saved plot: data_validation_variance_distribution
2025-10-18 13:15:29,649 - experiments.framework - INFO - All plots saved to: /cs/student/msc/aibh/2024/madhavan/sgfa_qmap-pd/results/all_rois-sn_conf-age+sex+tiv_K50_percW10_MAD3.0_run_20251018_131521/data_validation_20251018_131521/plots
2025-10-18 13:15:29,692 - experiments.framework - INFO - ExperimentFramework initialized with output dir: /cs/student/msc/aibh/2024/madhavan/sgfa_qmap-pd/results/all_rois-sn_conf-age+sex+tiv_K50_percW10_MAD3.0_run_20251018_131521
2025-10-18 13:15:29,692 - experiments.framework - INFO - ExperimentFramework initialized with output dir: /cs/student/msc/aibh/2024/madhavan/sgfa_qmap-pd/results/all_rois-sn_conf-age+sex+tiv_K50_percW10_MAD3.0_run_20251018_131521
2025-10-18 13:15:29,697 - experiments.framework - INFO - Starting experiment: robustness_tests_20251018_131529
2025-10-18 13:15:29,697 - experiments.framework - INFO - Starting experiment: robustness_tests_20251018_131529
2025-10-18 14:46:52,152 - experiments.framework - INFO - 🏁 EXPERIMENT COMPLETED: robustness_tests_20251018_131529
2025-10-18 14:46:52,152 - experiments.framework - INFO - 🏁 EXPERIMENT COMPLETED: robustness_tests_20251018_131529
2025-10-18 14:46:52,152 - experiments.framework - INFO - ⏱️  TOTAL RUNTIME: 1.5 hours (31m 22s)
2025-10-18 14:46:52,152 - experiments.framework - INFO - ⏱️  TOTAL RUNTIME: 1.5 hours (31m 22s)
2025-10-18 14:46:52,152 - experiments.framework - INFO - 🕐 Started: 2025-10-18 13:15:29
2025-10-18 14:46:52,152 - experiments.framework - INFO - 🕐 Started: 2025-10-18 13:15:29
2025-10-18 14:46:52,152 - experiments.framework - INFO - 🕑 Finished: 2025-10-18 14:46:52
2025-10-18 14:46:52,152 - experiments.framework - INFO - 🕑 Finished: 2025-10-18 14:46:52
2025-10-18 14:46:52,152 - experiments.framework - INFO - Experiment completed successfully: robustness_tests_20251018_131529
2025-10-18 14:46:52,152 - experiments.framework - INFO - Experiment completed successfully: robustness_tests_20251018_131529
2025-10-18 14:46:52,152 - experiments.framework - INFO - 🧹 Performing comprehensive memory cleanup...
2025-10-18 14:46:52,152 - experiments.framework - INFO - 🧹 Performing comprehensive memory cleanup...
2025-10-18 14:46:52,195 - experiments.framework - INFO - Garbage collection freed 93 objects
2025-10-18 14:46:52,195 - experiments.framework - INFO - Garbage collection freed 93 objects
2025-10-18 14:46:52,343 - experiments.framework - INFO - GPU memory cleanup attempted
2025-10-18 14:46:52,343 - experiments.framework - INFO - GPU memory cleanup attempted
2025-10-18 14:46:53,344 - experiments.framework - INFO - ✅ Comprehensive memory cleanup completed
2025-10-18 14:46:53,344 - experiments.framework - INFO - ✅ Comprehensive memory cleanup completed
2025-10-18 14:46:53,367 - experiments.framework - INFO - Pickle saving disabled to prevent large files - using JSON and CSV instead
2025-10-18 14:46:53,367 - experiments.framework - INFO - Pickle saving disabled to prevent large files - using JSON and CSV instead
2025-10-18 14:46:53,372 - experiments.framework - INFO - Saving 1 plots to /cs/student/msc/aibh/2024/madhavan/sgfa_qmap-pd/results/all_rois-sn_conf-age+sex+tiv_K50_percW10_MAD3.0_run_20251018_131521/robustness_tests_K50_percW10_slab4_2_MAD3.0_20251018_131529/plots
2025-10-18 14:46:53,372 - experiments.framework - INFO - Saving 1 plots to /cs/student/msc/aibh/2024/madhavan/sgfa_qmap-pd/results/all_rois-sn_conf-age+sex+tiv_K50_percW10_MAD3.0_run_20251018_131521/robustness_tests_K50_percW10_slab4_2_MAD3.0_20251018_131529/plots
2025-10-18 14:46:53,807 - experiments.framework - INFO -   ✅ Saved plot: robustness_summary
2025-10-18 14:46:53,807 - experiments.framework - INFO -   ✅ Saved plot: robustness_summary
2025-10-18 14:46:53,807 - experiments.framework - INFO - All plots saved to: /cs/student/msc/aibh/2024/madhavan/sgfa_qmap-pd/results/all_rois-sn_conf-age+sex+tiv_K50_percW10_MAD3.0_run_20251018_131521/robustness_tests_K50_percW10_slab4_2_MAD3.0_20251018_131529/plots
2025-10-18 14:46:53,807 - experiments.framework - INFO - All plots saved to: /cs/student/msc/aibh/2024/madhavan/sgfa_qmap-pd/results/all_rois-sn_conf-age+sex+tiv_K50_percW10_MAD3.0_run_20251018_131521/robustness_tests_K50_percW10_slab4_2_MAD3.0_20251018_131529/plots
