2025-10-08 22:09:14,214 - experiments.framework - INFO - ExperimentFramework initialized with output dir: /cs/student/msc/aibh/2024/madhavan/sgfa_qmap-pd/results/all_rois-putamen_conf-age+sex+tiv_run_20251008_220914
2025-10-08 22:09:14,218 - experiments.framework - INFO - Starting experiment: data_validation_20251008_220914
2025-10-08 22:09:26,626 - experiments.framework - INFO - 🏁 EXPERIMENT COMPLETED: data_validation_20251008_220914
2025-10-08 22:09:26,627 - experiments.framework - INFO - ⏱️  TOTAL RUNTIME: 12.4 seconds
2025-10-08 22:09:26,627 - experiments.framework - INFO - 🕐 Started: 2025-10-08 22:09:14
2025-10-08 22:09:26,627 - experiments.framework - INFO - 🕑 Finished: 2025-10-08 22:09:26
2025-10-08 22:09:26,627 - experiments.framework - INFO - Experiment completed successfully: data_validation_20251008_220914
2025-10-08 22:09:26,627 - experiments.framework - INFO - 🧹 Performing comprehensive memory cleanup...
2025-10-08 22:09:26,709 - experiments.framework - INFO - Garbage collection freed 31925 objects
2025-10-08 22:09:26,952 - experiments.framework - INFO - GPU memory cleanup attempted
2025-10-08 22:09:27,954 - experiments.framework - INFO - ✅ Comprehensive memory cleanup completed
2025-10-08 22:09:28,093 - experiments.framework - INFO - Pickle saving disabled to prevent large files - using JSON and CSV instead
2025-10-08 22:09:28,101 - experiments.framework - INFO - Saving 3 plots to /cs/student/msc/aibh/2024/madhavan/sgfa_qmap-pd/results/all_rois-putamen_conf-age+sex+tiv_run_20251008_220914/data_validation_20251008_220914/plots
2025-10-08 22:09:31,179 - experiments.framework - INFO -   ✅ Saved plot: data_distribution_comparison
2025-10-08 22:09:33,102 - experiments.framework - INFO -   ✅ Saved plot: data_validation_feature_reduction
2025-10-08 22:09:33,794 - experiments.framework - INFO -   ✅ Saved plot: data_validation_variance_distribution
2025-10-08 22:09:33,794 - experiments.framework - INFO - All plots saved to: /cs/student/msc/aibh/2024/madhavan/sgfa_qmap-pd/results/all_rois-putamen_conf-age+sex+tiv_run_20251008_220914/data_validation_20251008_220914/plots
2025-10-08 22:09:33,879 - experiments.framework - INFO - ExperimentFramework initialized with output dir: /cs/student/msc/aibh/2024/madhavan/sgfa_qmap-pd/results/all_rois-putamen_conf-age+sex+tiv_run_20251008_220914
2025-10-08 22:09:33,879 - experiments.framework - INFO - ExperimentFramework initialized with output dir: /cs/student/msc/aibh/2024/madhavan/sgfa_qmap-pd/results/all_rois-putamen_conf-age+sex+tiv_run_20251008_220914
2025-10-08 22:09:39,493 - experiments.framework - INFO - Starting experiment: sgfa_hyperparameter_tuning_20251008_220939
2025-10-08 22:09:39,493 - experiments.framework - INFO - Starting experiment: sgfa_hyperparameter_tuning_20251008_220939
2025-10-09 02:50:43,112 - experiments.framework - INFO - 🏁 EXPERIMENT COMPLETED: sgfa_hyperparameter_tuning_20251008_220939
2025-10-09 02:50:43,112 - experiments.framework - INFO - 🏁 EXPERIMENT COMPLETED: sgfa_hyperparameter_tuning_20251008_220939
2025-10-09 02:50:43,112 - experiments.framework - INFO - ⏱️  TOTAL RUNTIME: 4.7 hours (41m 4s)
2025-10-09 02:50:43,112 - experiments.framework - INFO - ⏱️  TOTAL RUNTIME: 4.7 hours (41m 4s)
2025-10-09 02:50:43,114 - experiments.framework - INFO - 🕐 Started: 2025-10-08 22:09:39
2025-10-09 02:50:43,114 - experiments.framework - INFO - 🕐 Started: 2025-10-08 22:09:39
2025-10-09 02:50:43,114 - experiments.framework - INFO - 🕑 Finished: 2025-10-09 02:50:43
2025-10-09 02:50:43,114 - experiments.framework - INFO - 🕑 Finished: 2025-10-09 02:50:43
2025-10-09 02:50:43,114 - experiments.framework - INFO - Experiment completed successfully: sgfa_hyperparameter_tuning_20251008_220939
2025-10-09 02:50:43,114 - experiments.framework - INFO - Experiment completed successfully: sgfa_hyperparameter_tuning_20251008_220939
2025-10-09 02:50:43,114 - experiments.framework - INFO - 🧹 Performing comprehensive memory cleanup...
2025-10-09 02:50:43,114 - experiments.framework - INFO - 🧹 Performing comprehensive memory cleanup...
2025-10-09 02:50:43,206 - experiments.framework - INFO - Garbage collection freed 0 objects
2025-10-09 02:50:43,206 - experiments.framework - INFO - Garbage collection freed 0 objects
2025-10-09 02:50:43,573 - experiments.framework - INFO - GPU memory cleanup attempted
2025-10-09 02:50:43,573 - experiments.framework - INFO - GPU memory cleanup attempted
2025-10-09 02:50:44,575 - experiments.framework - INFO - ✅ Comprehensive memory cleanup completed
2025-10-09 02:50:44,575 - experiments.framework - INFO - ✅ Comprehensive memory cleanup completed
2025-10-09 02:50:45,248 - experiments.framework - INFO - Pickle saving disabled to prevent large files - using JSON and CSV instead
2025-10-09 02:50:45,248 - experiments.framework - INFO - Pickle saving disabled to prevent large files - using JSON and CSV instead
2025-10-09 02:50:45,328 - experiments.framework - INFO - Saving sgfa_K2_percW10_grp0.0 factor scores Z shape: (86, 2)
2025-10-09 02:50:45,328 - experiments.framework - INFO - Saving sgfa_K2_percW10_grp0.0 factor scores Z shape: (86, 2)
2025-10-09 02:50:45,405 - experiments.framework - INFO - Saving sgfa_K2_percW10_grp0.05 factor scores Z shape: (86, 2)
2025-10-09 02:50:45,405 - experiments.framework - INFO - Saving sgfa_K2_percW10_grp0.05 factor scores Z shape: (86, 2)
2025-10-09 02:50:45,481 - experiments.framework - INFO - Saving sgfa_K2_percW10_grp0.1 factor scores Z shape: (86, 2)
2025-10-09 02:50:45,481 - experiments.framework - INFO - Saving sgfa_K2_percW10_grp0.1 factor scores Z shape: (86, 2)
2025-10-09 02:50:45,558 - experiments.framework - INFO - Saving sgfa_K2_percW10_grp0.2 factor scores Z shape: (86, 2)
2025-10-09 02:50:45,558 - experiments.framework - INFO - Saving sgfa_K2_percW10_grp0.2 factor scores Z shape: (86, 2)
2025-10-09 02:50:45,633 - experiments.framework - INFO - Saving sgfa_K2_percW25_grp0.0 factor scores Z shape: (86, 2)
2025-10-09 02:50:45,633 - experiments.framework - INFO - Saving sgfa_K2_percW25_grp0.0 factor scores Z shape: (86, 2)
2025-10-09 02:50:45,712 - experiments.framework - INFO - Saving sgfa_K2_percW25_grp0.05 factor scores Z shape: (86, 2)
2025-10-09 02:50:45,712 - experiments.framework - INFO - Saving sgfa_K2_percW25_grp0.05 factor scores Z shape: (86, 2)
2025-10-09 02:50:45,789 - experiments.framework - INFO - Saving sgfa_K2_percW25_grp0.1 factor scores Z shape: (86, 2)
2025-10-09 02:50:45,789 - experiments.framework - INFO - Saving sgfa_K2_percW25_grp0.1 factor scores Z shape: (86, 2)
2025-10-09 02:50:45,866 - experiments.framework - INFO - Saving sgfa_K2_percW25_grp0.2 factor scores Z shape: (86, 2)
2025-10-09 02:50:45,866 - experiments.framework - INFO - Saving sgfa_K2_percW25_grp0.2 factor scores Z shape: (86, 2)
2025-10-09 02:50:45,943 - experiments.framework - INFO - Saving sgfa_K2_percW33_grp0.0 factor scores Z shape: (86, 2)
2025-10-09 02:50:45,943 - experiments.framework - INFO - Saving sgfa_K2_percW33_grp0.0 factor scores Z shape: (86, 2)
2025-10-09 02:50:46,021 - experiments.framework - INFO - Saving sgfa_K2_percW33_grp0.05 factor scores Z shape: (86, 2)
2025-10-09 02:50:46,021 - experiments.framework - INFO - Saving sgfa_K2_percW33_grp0.05 factor scores Z shape: (86, 2)
2025-10-09 02:50:46,099 - experiments.framework - INFO - Saving sgfa_K2_percW33_grp0.1 factor scores Z shape: (86, 2)
2025-10-09 02:50:46,099 - experiments.framework - INFO - Saving sgfa_K2_percW33_grp0.1 factor scores Z shape: (86, 2)
2025-10-09 02:50:46,175 - experiments.framework - INFO - Saving sgfa_K2_percW33_grp0.2 factor scores Z shape: (86, 2)
2025-10-09 02:50:46,175 - experiments.framework - INFO - Saving sgfa_K2_percW33_grp0.2 factor scores Z shape: (86, 2)
2025-10-09 02:50:46,274 - experiments.framework - INFO - Saving sgfa_K3_percW10_grp0.0 factor scores Z shape: (86, 3)
2025-10-09 02:50:46,274 - experiments.framework - INFO - Saving sgfa_K3_percW10_grp0.0 factor scores Z shape: (86, 3)
2025-10-09 02:50:46,373 - experiments.framework - INFO - Saving sgfa_K3_percW10_grp0.05 factor scores Z shape: (86, 3)
2025-10-09 02:50:46,373 - experiments.framework - INFO - Saving sgfa_K3_percW10_grp0.05 factor scores Z shape: (86, 3)
2025-10-09 02:50:46,473 - experiments.framework - INFO - Saving sgfa_K3_percW10_grp0.1 factor scores Z shape: (86, 3)
2025-10-09 02:50:46,473 - experiments.framework - INFO - Saving sgfa_K3_percW10_grp0.1 factor scores Z shape: (86, 3)
2025-10-09 02:50:46,571 - experiments.framework - INFO - Saving sgfa_K3_percW10_grp0.2 factor scores Z shape: (86, 3)
2025-10-09 02:50:46,571 - experiments.framework - INFO - Saving sgfa_K3_percW10_grp0.2 factor scores Z shape: (86, 3)
2025-10-09 02:50:46,670 - experiments.framework - INFO - Saving sgfa_K3_percW25_grp0.0 factor scores Z shape: (86, 3)
2025-10-09 02:50:46,670 - experiments.framework - INFO - Saving sgfa_K3_percW25_grp0.0 factor scores Z shape: (86, 3)
2025-10-09 02:50:46,768 - experiments.framework - INFO - Saving sgfa_K3_percW25_grp0.05 factor scores Z shape: (86, 3)
2025-10-09 02:50:46,768 - experiments.framework - INFO - Saving sgfa_K3_percW25_grp0.05 factor scores Z shape: (86, 3)
2025-10-09 02:50:46,869 - experiments.framework - INFO - Saving sgfa_K3_percW25_grp0.1 factor scores Z shape: (86, 3)
2025-10-09 02:50:46,869 - experiments.framework - INFO - Saving sgfa_K3_percW25_grp0.1 factor scores Z shape: (86, 3)
2025-10-09 02:50:46,968 - experiments.framework - INFO - Saving sgfa_K3_percW25_grp0.2 factor scores Z shape: (86, 3)
2025-10-09 02:50:46,968 - experiments.framework - INFO - Saving sgfa_K3_percW25_grp0.2 factor scores Z shape: (86, 3)
2025-10-09 02:50:47,067 - experiments.framework - INFO - Saving sgfa_K3_percW33_grp0.0 factor scores Z shape: (86, 3)
2025-10-09 02:50:47,067 - experiments.framework - INFO - Saving sgfa_K3_percW33_grp0.0 factor scores Z shape: (86, 3)
2025-10-09 02:50:47,164 - experiments.framework - INFO - Saving sgfa_K3_percW33_grp0.05 factor scores Z shape: (86, 3)
2025-10-09 02:50:47,164 - experiments.framework - INFO - Saving sgfa_K3_percW33_grp0.05 factor scores Z shape: (86, 3)
2025-10-09 02:50:47,262 - experiments.framework - INFO - Saving sgfa_K3_percW33_grp0.1 factor scores Z shape: (86, 3)
2025-10-09 02:50:47,262 - experiments.framework - INFO - Saving sgfa_K3_percW33_grp0.1 factor scores Z shape: (86, 3)
2025-10-09 02:50:47,422 - experiments.framework - INFO - Saving sgfa_K3_percW33_grp0.2 factor scores Z shape: (86, 3)
2025-10-09 02:50:47,422 - experiments.framework - INFO - Saving sgfa_K3_percW33_grp0.2 factor scores Z shape: (86, 3)
2025-10-09 02:50:47,542 - experiments.framework - INFO - Saving sgfa_K4_percW10_grp0.0 factor scores Z shape: (86, 4)
2025-10-09 02:50:47,542 - experiments.framework - INFO - Saving sgfa_K4_percW10_grp0.0 factor scores Z shape: (86, 4)
2025-10-09 02:50:47,663 - experiments.framework - INFO - Saving sgfa_K4_percW10_grp0.05 factor scores Z shape: (86, 4)
2025-10-09 02:50:47,663 - experiments.framework - INFO - Saving sgfa_K4_percW10_grp0.05 factor scores Z shape: (86, 4)
2025-10-09 02:50:47,786 - experiments.framework - INFO - Saving sgfa_K4_percW10_grp0.1 factor scores Z shape: (86, 4)
2025-10-09 02:50:47,786 - experiments.framework - INFO - Saving sgfa_K4_percW10_grp0.1 factor scores Z shape: (86, 4)
2025-10-09 02:50:47,907 - experiments.framework - INFO - Saving sgfa_K4_percW10_grp0.2 factor scores Z shape: (86, 4)
2025-10-09 02:50:47,907 - experiments.framework - INFO - Saving sgfa_K4_percW10_grp0.2 factor scores Z shape: (86, 4)
2025-10-09 02:50:48,028 - experiments.framework - INFO - Saving sgfa_K4_percW25_grp0.0 factor scores Z shape: (86, 4)
2025-10-09 02:50:48,028 - experiments.framework - INFO - Saving sgfa_K4_percW25_grp0.0 factor scores Z shape: (86, 4)
2025-10-09 02:50:48,148 - experiments.framework - INFO - Saving sgfa_K4_percW25_grp0.05 factor scores Z shape: (86, 4)
2025-10-09 02:50:48,148 - experiments.framework - INFO - Saving sgfa_K4_percW25_grp0.05 factor scores Z shape: (86, 4)
2025-10-09 02:50:48,269 - experiments.framework - INFO - Saving sgfa_K4_percW25_grp0.1 factor scores Z shape: (86, 4)
2025-10-09 02:50:48,269 - experiments.framework - INFO - Saving sgfa_K4_percW25_grp0.1 factor scores Z shape: (86, 4)
2025-10-09 02:50:48,391 - experiments.framework - INFO - Saving sgfa_K4_percW25_grp0.2 factor scores Z shape: (86, 4)
2025-10-09 02:50:48,391 - experiments.framework - INFO - Saving sgfa_K4_percW25_grp0.2 factor scores Z shape: (86, 4)
2025-10-09 02:50:48,522 - experiments.framework - INFO - Saving sgfa_K4_percW33_grp0.0 factor scores Z shape: (86, 4)
2025-10-09 02:50:48,522 - experiments.framework - INFO - Saving sgfa_K4_percW33_grp0.0 factor scores Z shape: (86, 4)
2025-10-09 02:50:48,645 - experiments.framework - INFO - Saving sgfa_K4_percW33_grp0.05 factor scores Z shape: (86, 4)
2025-10-09 02:50:48,645 - experiments.framework - INFO - Saving sgfa_K4_percW33_grp0.05 factor scores Z shape: (86, 4)
2025-10-09 02:50:48,767 - experiments.framework - INFO - Saving sgfa_K4_percW33_grp0.1 factor scores Z shape: (86, 4)
2025-10-09 02:50:48,767 - experiments.framework - INFO - Saving sgfa_K4_percW33_grp0.1 factor scores Z shape: (86, 4)
2025-10-09 02:50:48,891 - experiments.framework - INFO - Saving sgfa_K4_percW33_grp0.2 factor scores Z shape: (86, 4)
2025-10-09 02:50:48,891 - experiments.framework - INFO - Saving sgfa_K4_percW33_grp0.2 factor scores Z shape: (86, 4)
2025-10-09 02:50:48,895 - experiments.framework - INFO - Saving 6 plots to /cs/student/msc/aibh/2024/madhavan/sgfa_qmap-pd/results/all_rois-putamen_conf-age+sex+tiv_run_20251008_220914/sgfa_hyperparameter_tuning_20251008_220939/plots
2025-10-09 02:50:48,895 - experiments.framework - INFO - Saving 6 plots to /cs/student/msc/aibh/2024/madhavan/sgfa_qmap-pd/results/all_rois-putamen_conf-age+sex+tiv_run_20251008_220914/sgfa_hyperparameter_tuning_20251008_220939/plots
2025-10-09 02:50:50,984 - experiments.framework - INFO -   ✅ Saved plot: sgfa_variant_performance
2025-10-09 02:50:50,984 - experiments.framework - INFO -   ✅ Saved plot: sgfa_variant_performance
2025-10-09 02:50:53,592 - experiments.framework - INFO -   ✅ Saved plot: sgfa_variant_quality
2025-10-09 02:50:53,592 - experiments.framework - INFO -   ✅ Saved plot: sgfa_variant_quality
2025-10-09 02:50:54,621 - experiments.framework - INFO -   ✅ Saved plot: best_factor_loadings
2025-10-09 02:50:54,621 - experiments.framework - INFO -   ✅ Saved plot: best_factor_loadings
2025-10-09 02:51:01,694 - experiments.framework - INFO -   ✅ Saved plot: best_factor_scores
2025-10-09 02:51:01,694 - experiments.framework - INFO -   ✅ Saved plot: best_factor_scores
2025-10-09 02:51:02,468 - experiments.framework - INFO -   ✅ Saved plot: parameter_grid_search
2025-10-09 02:51:02,468 - experiments.framework - INFO -   ✅ Saved plot: parameter_grid_search
2025-10-09 02:51:03,627 - experiments.framework - INFO -   ✅ Saved plot: parameter_heatmaps
2025-10-09 02:51:03,627 - experiments.framework - INFO -   ✅ Saved plot: parameter_heatmaps
2025-10-09 02:51:03,628 - experiments.framework - INFO - All plots saved to: /cs/student/msc/aibh/2024/madhavan/sgfa_qmap-pd/results/all_rois-putamen_conf-age+sex+tiv_run_20251008_220914/sgfa_hyperparameter_tuning_20251008_220939/plots
2025-10-09 02:51:03,628 - experiments.framework - INFO - All plots saved to: /cs/student/msc/aibh/2024/madhavan/sgfa_qmap-pd/results/all_rois-putamen_conf-age+sex+tiv_run_20251008_220914/sgfa_hyperparameter_tuning_20251008_220939/plots
2025-10-09 02:51:11,016 - experiments.framework - INFO - ExperimentFramework initialized with output dir: /cs/student/msc/aibh/2024/madhavan/sgfa_qmap-pd/results/all_rois-putamen_conf-age+sex+tiv_run_20251008_220914
2025-10-09 02:51:11,016 - experiments.framework - INFO - ExperimentFramework initialized with output dir: /cs/student/msc/aibh/2024/madhavan/sgfa_qmap-pd/results/all_rois-putamen_conf-age+sex+tiv_run_20251008_220914
2025-10-09 02:51:11,016 - experiments.framework - INFO - ExperimentFramework initialized with output dir: /cs/student/msc/aibh/2024/madhavan/sgfa_qmap-pd/results/all_rois-putamen_conf-age+sex+tiv_run_20251008_220914
2025-10-09 02:51:11,021 - experiments.framework - INFO - Starting experiment: methods_comparison_20251009_025111
2025-10-09 02:51:11,021 - experiments.framework - INFO - Starting experiment: methods_comparison_20251009_025111
2025-10-09 02:51:11,021 - experiments.framework - INFO - Starting experiment: methods_comparison_20251009_025111
2025-10-09 02:57:53,065 - experiments.framework - INFO - Saving sparseGFA factor scores Z shape: (86, 5)
2025-10-09 02:57:53,065 - experiments.framework - INFO - Saving sparseGFA factor scores Z shape: (86, 5)
2025-10-09 02:57:53,065 - experiments.framework - INFO - Saving sparseGFA factor scores Z shape: (86, 5)
2025-10-09 02:57:53,231 - experiments.framework - INFO - Saving pca factor scores Z shape: (86, 5)
2025-10-09 02:57:53,231 - experiments.framework - INFO - Saving pca factor scores Z shape: (86, 5)
2025-10-09 02:57:53,231 - experiments.framework - INFO - Saving pca factor scores Z shape: (86, 5)
2025-10-09 02:57:53,402 - experiments.framework - INFO - Saving ica factor scores Z shape: (86, 5)
2025-10-09 02:57:53,402 - experiments.framework - INFO - Saving ica factor scores Z shape: (86, 5)
2025-10-09 02:57:53,402 - experiments.framework - INFO - Saving ica factor scores Z shape: (86, 5)
2025-10-09 02:57:53,556 - experiments.framework - INFO - Saving fa factor scores Z shape: (86, 5)
2025-10-09 02:57:53,556 - experiments.framework - INFO - Saving fa factor scores Z shape: (86, 5)
2025-10-09 02:57:53,556 - experiments.framework - INFO - Saving fa factor scores Z shape: (86, 5)
2025-10-09 02:57:53,697 - experiments.framework - INFO - Saving nmf factor scores Z shape: (86, 5)
2025-10-09 02:57:53,697 - experiments.framework - INFO - Saving nmf factor scores Z shape: (86, 5)
2025-10-09 02:57:53,697 - experiments.framework - INFO - Saving nmf factor scores Z shape: (86, 5)
2025-10-09 02:57:53,945 - experiments.framework - INFO - Saving kmeans factor scores Z shape: (86, 5)
2025-10-09 02:57:53,945 - experiments.framework - INFO - Saving kmeans factor scores Z shape: (86, 5)
2025-10-09 02:57:53,945 - experiments.framework - INFO - Saving kmeans factor scores Z shape: (86, 5)
2025-10-09 02:57:54,106 - experiments.framework - INFO - Saving cca factor scores Z shape: (86, 5)
2025-10-09 02:57:54,106 - experiments.framework - INFO - Saving cca factor scores Z shape: (86, 5)
2025-10-09 02:57:54,106 - experiments.framework - INFO - Saving cca factor scores Z shape: (86, 5)
2025-10-09 02:57:54,373 - experiments.framework - INFO - 🏁 EXPERIMENT COMPLETED: methods_comparison_20251009_025111
2025-10-09 02:57:54,373 - experiments.framework - INFO - 🏁 EXPERIMENT COMPLETED: methods_comparison_20251009_025111
2025-10-09 02:57:54,373 - experiments.framework - INFO - 🏁 EXPERIMENT COMPLETED: methods_comparison_20251009_025111
2025-10-09 02:57:54,373 - experiments.framework - INFO - ⏱️  TOTAL RUNTIME: 6.7 minutes (403s)
2025-10-09 02:57:54,373 - experiments.framework - INFO - ⏱️  TOTAL RUNTIME: 6.7 minutes (403s)
2025-10-09 02:57:54,373 - experiments.framework - INFO - ⏱️  TOTAL RUNTIME: 6.7 minutes (403s)
2025-10-09 02:57:54,373 - experiments.framework - INFO - 🕐 Started: 2025-10-09 02:51:11
2025-10-09 02:57:54,373 - experiments.framework - INFO - 🕐 Started: 2025-10-09 02:51:11
2025-10-09 02:57:54,373 - experiments.framework - INFO - 🕐 Started: 2025-10-09 02:51:11
2025-10-09 02:57:54,373 - experiments.framework - INFO - 🕑 Finished: 2025-10-09 02:57:54
2025-10-09 02:57:54,373 - experiments.framework - INFO - 🕑 Finished: 2025-10-09 02:57:54
2025-10-09 02:57:54,373 - experiments.framework - INFO - 🕑 Finished: 2025-10-09 02:57:54
2025-10-09 02:57:54,373 - experiments.framework - INFO - Experiment completed successfully: methods_comparison_20251009_025111
2025-10-09 02:57:54,373 - experiments.framework - INFO - Experiment completed successfully: methods_comparison_20251009_025111
2025-10-09 02:57:54,373 - experiments.framework - INFO - Experiment completed successfully: methods_comparison_20251009_025111
2025-10-09 02:57:54,373 - experiments.framework - INFO - 🧹 Performing comprehensive memory cleanup...
2025-10-09 02:57:54,373 - experiments.framework - INFO - 🧹 Performing comprehensive memory cleanup...
2025-10-09 02:57:54,373 - experiments.framework - INFO - 🧹 Performing comprehensive memory cleanup...
2025-10-09 02:57:54,488 - experiments.framework - INFO - Garbage collection freed 91 objects
2025-10-09 02:57:54,488 - experiments.framework - INFO - Garbage collection freed 91 objects
2025-10-09 02:57:54,488 - experiments.framework - INFO - Garbage collection freed 91 objects
2025-10-09 02:57:54,921 - experiments.framework - INFO - GPU memory cleanup attempted
2025-10-09 02:57:54,921 - experiments.framework - INFO - GPU memory cleanup attempted
2025-10-09 02:57:54,921 - experiments.framework - INFO - GPU memory cleanup attempted
2025-10-09 02:57:55,923 - experiments.framework - INFO - ✅ Comprehensive memory cleanup completed
2025-10-09 02:57:55,923 - experiments.framework - INFO - ✅ Comprehensive memory cleanup completed
2025-10-09 02:57:55,923 - experiments.framework - INFO - ✅ Comprehensive memory cleanup completed
2025-10-09 02:57:56,367 - experiments.framework - INFO - Pickle saving disabled to prevent large files - using JSON and CSV instead
2025-10-09 02:57:56,367 - experiments.framework - INFO - Pickle saving disabled to prevent large files - using JSON and CSV instead
2025-10-09 02:57:56,367 - experiments.framework - INFO - Pickle saving disabled to prevent large files - using JSON and CSV instead
2025-10-09 02:57:56,371 - experiments.framework - INFO - Saving 6 plots to /cs/student/msc/aibh/2024/madhavan/sgfa_qmap-pd/results/all_rois-putamen_conf-age+sex+tiv_run_20251008_220914/methods_comparison_20251009_025111/plots
2025-10-09 02:57:56,371 - experiments.framework - INFO - Saving 6 plots to /cs/student/msc/aibh/2024/madhavan/sgfa_qmap-pd/results/all_rois-putamen_conf-age+sex+tiv_run_20251008_220914/methods_comparison_20251009_025111/plots
2025-10-09 02:57:56,371 - experiments.framework - INFO - Saving 6 plots to /cs/student/msc/aibh/2024/madhavan/sgfa_qmap-pd/results/all_rois-putamen_conf-age+sex+tiv_run_20251008_220914/methods_comparison_20251009_025111/plots
2025-10-09 02:57:57,061 - experiments.framework - INFO -   ✅ Saved plot: sparsegfa_vs_traditional_performance
2025-10-09 02:57:57,061 - experiments.framework - INFO -   ✅ Saved plot: sparsegfa_vs_traditional_performance
2025-10-09 02:57:57,061 - experiments.framework - INFO -   ✅ Saved plot: sparsegfa_vs_traditional_performance
2025-10-09 02:57:57,533 - experiments.framework - INFO -   ✅ Saved plot: model_reconstruction_quality
2025-10-09 02:57:57,533 - experiments.framework - INFO -   ✅ Saved plot: model_reconstruction_quality
2025-10-09 02:57:57,533 - experiments.framework - INFO -   ✅ Saved plot: model_reconstruction_quality
2025-10-09 02:57:57,990 - experiments.framework - INFO -   ✅ Saved plot: information_criteria
2025-10-09 02:57:57,990 - experiments.framework - INFO -   ✅ Saved plot: information_criteria
2025-10-09 02:57:57,990 - experiments.framework - INFO -   ✅ Saved plot: information_criteria
2025-10-09 02:57:58,543 - experiments.framework - INFO -   ✅ Saved plot: factor_stability
2025-10-09 02:57:58,543 - experiments.framework - INFO -   ✅ Saved plot: factor_stability
2025-10-09 02:57:58,543 - experiments.framework - INFO -   ✅ Saved plot: factor_stability
2025-10-09 02:57:59,013 - experiments.framework - INFO -   ✅ Saved plot: model_performance_vs_quality_tradeoff
2025-10-09 02:57:59,013 - experiments.framework - INFO -   ✅ Saved plot: model_performance_vs_quality_tradeoff
2025-10-09 02:57:59,013 - experiments.framework - INFO -   ✅ Saved plot: model_performance_vs_quality_tradeoff
2025-10-09 02:57:59,604 - experiments.framework - INFO -   ✅ Saved plot: comprehensive_comparison_table
2025-10-09 02:57:59,604 - experiments.framework - INFO -   ✅ Saved plot: comprehensive_comparison_table
2025-10-09 02:57:59,604 - experiments.framework - INFO -   ✅ Saved plot: comprehensive_comparison_table
2025-10-09 02:57:59,604 - experiments.framework - INFO - All plots saved to: /cs/student/msc/aibh/2024/madhavan/sgfa_qmap-pd/results/all_rois-putamen_conf-age+sex+tiv_run_20251008_220914/methods_comparison_20251009_025111/plots
2025-10-09 02:57:59,604 - experiments.framework - INFO - All plots saved to: /cs/student/msc/aibh/2024/madhavan/sgfa_qmap-pd/results/all_rois-putamen_conf-age+sex+tiv_run_20251008_220914/methods_comparison_20251009_025111/plots
2025-10-09 02:57:59,604 - experiments.framework - INFO - All plots saved to: /cs/student/msc/aibh/2024/madhavan/sgfa_qmap-pd/results/all_rois-putamen_conf-age+sex+tiv_run_20251008_220914/methods_comparison_20251009_025111/plots
2025-10-09 02:58:06,997 - experiments.framework - INFO - ExperimentFramework initialized with output dir: /cs/student/msc/aibh/2024/madhavan/sgfa_qmap-pd/results/all_rois-putamen_conf-age+sex+tiv_run_20251008_220914
2025-10-09 02:58:06,997 - experiments.framework - INFO - ExperimentFramework initialized with output dir: /cs/student/msc/aibh/2024/madhavan/sgfa_qmap-pd/results/all_rois-putamen_conf-age+sex+tiv_run_20251008_220914
2025-10-09 02:58:06,997 - experiments.framework - INFO - ExperimentFramework initialized with output dir: /cs/student/msc/aibh/2024/madhavan/sgfa_qmap-pd/results/all_rois-putamen_conf-age+sex+tiv_run_20251008_220914
2025-10-09 02:58:06,997 - experiments.framework - INFO - ExperimentFramework initialized with output dir: /cs/student/msc/aibh/2024/madhavan/sgfa_qmap-pd/results/all_rois-putamen_conf-age+sex+tiv_run_20251008_220914
2025-10-09 02:58:07,004 - experiments.framework - INFO - Starting experiment: sensitivity_analysis_20251009_025807
2025-10-09 02:58:07,004 - experiments.framework - INFO - Starting experiment: sensitivity_analysis_20251009_025807
2025-10-09 02:58:07,004 - experiments.framework - INFO - Starting experiment: sensitivity_analysis_20251009_025807
2025-10-09 02:58:07,004 - experiments.framework - INFO - Starting experiment: sensitivity_analysis_20251009_025807
2025-10-09 03:09:56,868 - experiments.framework - INFO - 🏁 EXPERIMENT COMPLETED: sensitivity_analysis_20251009_025807
2025-10-09 03:09:56,868 - experiments.framework - INFO - 🏁 EXPERIMENT COMPLETED: sensitivity_analysis_20251009_025807
2025-10-09 03:09:56,868 - experiments.framework - INFO - 🏁 EXPERIMENT COMPLETED: sensitivity_analysis_20251009_025807
2025-10-09 03:09:56,868 - experiments.framework - INFO - 🏁 EXPERIMENT COMPLETED: sensitivity_analysis_20251009_025807
2025-10-09 03:09:56,868 - experiments.framework - INFO - ⏱️  TOTAL RUNTIME: 11.8 minutes (710s)
2025-10-09 03:09:56,868 - experiments.framework - INFO - ⏱️  TOTAL RUNTIME: 11.8 minutes (710s)
2025-10-09 03:09:56,868 - experiments.framework - INFO - ⏱️  TOTAL RUNTIME: 11.8 minutes (710s)
2025-10-09 03:09:56,868 - experiments.framework - INFO - ⏱️  TOTAL RUNTIME: 11.8 minutes (710s)
2025-10-09 03:09:56,868 - experiments.framework - INFO - 🕐 Started: 2025-10-09 02:58:07
2025-10-09 03:09:56,868 - experiments.framework - INFO - 🕐 Started: 2025-10-09 02:58:07
2025-10-09 03:09:56,868 - experiments.framework - INFO - 🕐 Started: 2025-10-09 02:58:07
2025-10-09 03:09:56,868 - experiments.framework - INFO - 🕐 Started: 2025-10-09 02:58:07
2025-10-09 03:09:56,868 - experiments.framework - INFO - 🕑 Finished: 2025-10-09 03:09:56
2025-10-09 03:09:56,868 - experiments.framework - INFO - 🕑 Finished: 2025-10-09 03:09:56
2025-10-09 03:09:56,868 - experiments.framework - INFO - 🕑 Finished: 2025-10-09 03:09:56
2025-10-09 03:09:56,868 - experiments.framework - INFO - 🕑 Finished: 2025-10-09 03:09:56
2025-10-09 03:09:56,868 - experiments.framework - INFO - Experiment completed successfully: sensitivity_analysis_20251009_025807
2025-10-09 03:09:56,868 - experiments.framework - INFO - Experiment completed successfully: sensitivity_analysis_20251009_025807
2025-10-09 03:09:56,868 - experiments.framework - INFO - Experiment completed successfully: sensitivity_analysis_20251009_025807
2025-10-09 03:09:56,868 - experiments.framework - INFO - Experiment completed successfully: sensitivity_analysis_20251009_025807
2025-10-09 03:09:56,868 - experiments.framework - INFO - 🧹 Performing comprehensive memory cleanup...
2025-10-09 03:09:56,868 - experiments.framework - INFO - 🧹 Performing comprehensive memory cleanup...
2025-10-09 03:09:56,868 - experiments.framework - INFO - 🧹 Performing comprehensive memory cleanup...
2025-10-09 03:09:56,868 - experiments.framework - INFO - 🧹 Performing comprehensive memory cleanup...
2025-10-09 03:09:56,987 - experiments.framework - INFO - Garbage collection freed 75 objects
2025-10-09 03:09:56,987 - experiments.framework - INFO - Garbage collection freed 75 objects
2025-10-09 03:09:56,987 - experiments.framework - INFO - Garbage collection freed 75 objects
2025-10-09 03:09:56,987 - experiments.framework - INFO - Garbage collection freed 75 objects
2025-10-09 03:09:57,444 - experiments.framework - INFO - GPU memory cleanup attempted
2025-10-09 03:09:57,444 - experiments.framework - INFO - GPU memory cleanup attempted
2025-10-09 03:09:57,444 - experiments.framework - INFO - GPU memory cleanup attempted
2025-10-09 03:09:57,444 - experiments.framework - INFO - GPU memory cleanup attempted
2025-10-09 03:09:58,445 - experiments.framework - INFO - ✅ Comprehensive memory cleanup completed
2025-10-09 03:09:58,445 - experiments.framework - INFO - ✅ Comprehensive memory cleanup completed
2025-10-09 03:09:58,445 - experiments.framework - INFO - ✅ Comprehensive memory cleanup completed
2025-10-09 03:09:58,445 - experiments.framework - INFO - ✅ Comprehensive memory cleanup completed
2025-10-09 03:09:58,543 - experiments.framework - INFO - Pickle saving disabled to prevent large files - using JSON and CSV instead
2025-10-09 03:09:58,543 - experiments.framework - INFO - Pickle saving disabled to prevent large files - using JSON and CSV instead
2025-10-09 03:09:58,543 - experiments.framework - INFO - Pickle saving disabled to prevent large files - using JSON and CSV instead
2025-10-09 03:09:58,543 - experiments.framework - INFO - Pickle saving disabled to prevent large files - using JSON and CSV instead
2025-10-09 03:09:58,548 - experiments.framework - INFO - Saving 1 plots to /cs/student/msc/aibh/2024/madhavan/sgfa_qmap-pd/results/all_rois-putamen_conf-age+sex+tiv_run_20251008_220914/sensitivity_analysis_20251009_025807/plots
2025-10-09 03:09:58,548 - experiments.framework - INFO - Saving 1 plots to /cs/student/msc/aibh/2024/madhavan/sgfa_qmap-pd/results/all_rois-putamen_conf-age+sex+tiv_run_20251008_220914/sensitivity_analysis_20251009_025807/plots
2025-10-09 03:09:58,548 - experiments.framework - INFO - Saving 1 plots to /cs/student/msc/aibh/2024/madhavan/sgfa_qmap-pd/results/all_rois-putamen_conf-age+sex+tiv_run_20251008_220914/sensitivity_analysis_20251009_025807/plots
2025-10-09 03:09:58,548 - experiments.framework - INFO - Saving 1 plots to /cs/student/msc/aibh/2024/madhavan/sgfa_qmap-pd/results/all_rois-putamen_conf-age+sex+tiv_run_20251008_220914/sensitivity_analysis_20251009_025807/plots
2025-10-09 03:10:00,549 - experiments.framework - INFO -   ✅ Saved plot: parameter_sensitivity_summary
2025-10-09 03:10:00,549 - experiments.framework - INFO -   ✅ Saved plot: parameter_sensitivity_summary
2025-10-09 03:10:00,549 - experiments.framework - INFO -   ✅ Saved plot: parameter_sensitivity_summary
2025-10-09 03:10:00,549 - experiments.framework - INFO -   ✅ Saved plot: parameter_sensitivity_summary
2025-10-09 03:10:00,549 - experiments.framework - INFO - All plots saved to: /cs/student/msc/aibh/2024/madhavan/sgfa_qmap-pd/results/all_rois-putamen_conf-age+sex+tiv_run_20251008_220914/sensitivity_analysis_20251009_025807/plots
2025-10-09 03:10:00,549 - experiments.framework - INFO - All plots saved to: /cs/student/msc/aibh/2024/madhavan/sgfa_qmap-pd/results/all_rois-putamen_conf-age+sex+tiv_run_20251008_220914/sensitivity_analysis_20251009_025807/plots
2025-10-09 03:10:00,549 - experiments.framework - INFO - All plots saved to: /cs/student/msc/aibh/2024/madhavan/sgfa_qmap-pd/results/all_rois-putamen_conf-age+sex+tiv_run_20251008_220914/sensitivity_analysis_20251009_025807/plots
2025-10-09 03:10:00,549 - experiments.framework - INFO - All plots saved to: /cs/student/msc/aibh/2024/madhavan/sgfa_qmap-pd/results/all_rois-putamen_conf-age+sex+tiv_run_20251008_220914/sensitivity_analysis_20251009_025807/plots
2025-10-09 03:10:11,425 - experiments.framework - INFO - ExperimentFramework initialized with output dir: /cs/student/msc/aibh/2024/madhavan/sgfa_qmap-pd/results/all_rois-putamen_conf-age+sex+tiv_run_20251008_220914
2025-10-09 03:10:11,425 - experiments.framework - INFO - ExperimentFramework initialized with output dir: /cs/student/msc/aibh/2024/madhavan/sgfa_qmap-pd/results/all_rois-putamen_conf-age+sex+tiv_run_20251008_220914
2025-10-09 03:10:11,425 - experiments.framework - INFO - ExperimentFramework initialized with output dir: /cs/student/msc/aibh/2024/madhavan/sgfa_qmap-pd/results/all_rois-putamen_conf-age+sex+tiv_run_20251008_220914
2025-10-09 03:10:11,425 - experiments.framework - INFO - ExperimentFramework initialized with output dir: /cs/student/msc/aibh/2024/madhavan/sgfa_qmap-pd/results/all_rois-putamen_conf-age+sex+tiv_run_20251008_220914
2025-10-09 03:10:11,425 - experiments.framework - INFO - ExperimentFramework initialized with output dir: /cs/student/msc/aibh/2024/madhavan/sgfa_qmap-pd/results/all_rois-putamen_conf-age+sex+tiv_run_20251008_220914
2025-10-09 03:10:11,432 - experiments.framework - INFO - Starting experiment: clinical_validation_20251009_031011
2025-10-09 03:10:11,432 - experiments.framework - INFO - Starting experiment: clinical_validation_20251009_031011
2025-10-09 03:10:11,432 - experiments.framework - INFO - Starting experiment: clinical_validation_20251009_031011
2025-10-09 03:10:11,432 - experiments.framework - INFO - Starting experiment: clinical_validation_20251009_031011
2025-10-09 03:10:11,432 - experiments.framework - INFO - Starting experiment: clinical_validation_20251009_031011
2025-10-09 03:15:38,765 - experiments.framework - INFO - 🏁 EXPERIMENT COMPLETED: clinical_validation_20251009_031011
2025-10-09 03:15:38,765 - experiments.framework - INFO - 🏁 EXPERIMENT COMPLETED: clinical_validation_20251009_031011
2025-10-09 03:15:38,765 - experiments.framework - INFO - 🏁 EXPERIMENT COMPLETED: clinical_validation_20251009_031011
2025-10-09 03:15:38,765 - experiments.framework - INFO - 🏁 EXPERIMENT COMPLETED: clinical_validation_20251009_031011
2025-10-09 03:15:38,765 - experiments.framework - INFO - 🏁 EXPERIMENT COMPLETED: clinical_validation_20251009_031011
2025-10-09 03:15:38,766 - experiments.framework - INFO - ⏱️  TOTAL RUNTIME: 5.5 minutes (327s)
2025-10-09 03:15:38,766 - experiments.framework - INFO - ⏱️  TOTAL RUNTIME: 5.5 minutes (327s)
2025-10-09 03:15:38,766 - experiments.framework - INFO - ⏱️  TOTAL RUNTIME: 5.5 minutes (327s)
2025-10-09 03:15:38,766 - experiments.framework - INFO - ⏱️  TOTAL RUNTIME: 5.5 minutes (327s)
2025-10-09 03:15:38,766 - experiments.framework - INFO - ⏱️  TOTAL RUNTIME: 5.5 minutes (327s)
2025-10-09 03:15:38,766 - experiments.framework - INFO - 🕐 Started: 2025-10-09 03:10:11
2025-10-09 03:15:38,766 - experiments.framework - INFO - 🕐 Started: 2025-10-09 03:10:11
2025-10-09 03:15:38,766 - experiments.framework - INFO - 🕐 Started: 2025-10-09 03:10:11
2025-10-09 03:15:38,766 - experiments.framework - INFO - 🕐 Started: 2025-10-09 03:10:11
2025-10-09 03:15:38,766 - experiments.framework - INFO - 🕐 Started: 2025-10-09 03:10:11
2025-10-09 03:15:38,766 - experiments.framework - INFO - 🕑 Finished: 2025-10-09 03:15:38
2025-10-09 03:15:38,766 - experiments.framework - INFO - 🕑 Finished: 2025-10-09 03:15:38
2025-10-09 03:15:38,766 - experiments.framework - INFO - 🕑 Finished: 2025-10-09 03:15:38
2025-10-09 03:15:38,766 - experiments.framework - INFO - 🕑 Finished: 2025-10-09 03:15:38
2025-10-09 03:15:38,766 - experiments.framework - INFO - 🕑 Finished: 2025-10-09 03:15:38
2025-10-09 03:15:38,766 - experiments.framework - INFO - Experiment completed successfully: clinical_validation_20251009_031011
2025-10-09 03:15:38,766 - experiments.framework - INFO - Experiment completed successfully: clinical_validation_20251009_031011
2025-10-09 03:15:38,766 - experiments.framework - INFO - Experiment completed successfully: clinical_validation_20251009_031011
2025-10-09 03:15:38,766 - experiments.framework - INFO - Experiment completed successfully: clinical_validation_20251009_031011
2025-10-09 03:15:38,766 - experiments.framework - INFO - Experiment completed successfully: clinical_validation_20251009_031011
2025-10-09 03:15:38,766 - experiments.framework - INFO - 🧹 Performing comprehensive memory cleanup...
2025-10-09 03:15:38,766 - experiments.framework - INFO - 🧹 Performing comprehensive memory cleanup...
2025-10-09 03:15:38,766 - experiments.framework - INFO - 🧹 Performing comprehensive memory cleanup...
2025-10-09 03:15:38,766 - experiments.framework - INFO - 🧹 Performing comprehensive memory cleanup...
2025-10-09 03:15:38,766 - experiments.framework - INFO - 🧹 Performing comprehensive memory cleanup...
2025-10-09 03:15:38,942 - experiments.framework - INFO - Garbage collection freed 155 objects
2025-10-09 03:15:38,942 - experiments.framework - INFO - Garbage collection freed 155 objects
2025-10-09 03:15:38,942 - experiments.framework - INFO - Garbage collection freed 155 objects
2025-10-09 03:15:38,942 - experiments.framework - INFO - Garbage collection freed 155 objects
2025-10-09 03:15:38,942 - experiments.framework - INFO - Garbage collection freed 155 objects
2025-10-09 03:15:39,616 - experiments.framework - INFO - GPU memory cleanup attempted
2025-10-09 03:15:39,616 - experiments.framework - INFO - GPU memory cleanup attempted
2025-10-09 03:15:39,616 - experiments.framework - INFO - GPU memory cleanup attempted
2025-10-09 03:15:39,616 - experiments.framework - INFO - GPU memory cleanup attempted
2025-10-09 03:15:39,616 - experiments.framework - INFO - GPU memory cleanup attempted
2025-10-09 03:15:40,617 - experiments.framework - INFO - ✅ Comprehensive memory cleanup completed
2025-10-09 03:15:40,617 - experiments.framework - INFO - ✅ Comprehensive memory cleanup completed
2025-10-09 03:15:40,617 - experiments.framework - INFO - ✅ Comprehensive memory cleanup completed
2025-10-09 03:15:40,617 - experiments.framework - INFO - ✅ Comprehensive memory cleanup completed
2025-10-09 03:15:40,617 - experiments.framework - INFO - ✅ Comprehensive memory cleanup completed
2025-10-09 03:15:40,647 - experiments.framework - INFO - Pickle saving disabled to prevent large files - using JSON and CSV instead
2025-10-09 03:15:40,647 - experiments.framework - INFO - Pickle saving disabled to prevent large files - using JSON and CSV instead
2025-10-09 03:15:40,647 - experiments.framework - INFO - Pickle saving disabled to prevent large files - using JSON and CSV instead
2025-10-09 03:15:40,647 - experiments.framework - INFO - Pickle saving disabled to prevent large files - using JSON and CSV instead
2025-10-09 03:15:40,647 - experiments.framework - INFO - Pickle saving disabled to prevent large files - using JSON and CSV instead
2025-10-09 03:15:40,652 - experiments.framework - INFO - Saving 1 plots to /cs/student/msc/aibh/2024/madhavan/sgfa_qmap-pd/results/all_rois-putamen_conf-age+sex+tiv_run_20251008_220914/clinical_validation_20251009_031011/plots
2025-10-09 03:15:40,652 - experiments.framework - INFO - Saving 1 plots to /cs/student/msc/aibh/2024/madhavan/sgfa_qmap-pd/results/all_rois-putamen_conf-age+sex+tiv_run_20251008_220914/clinical_validation_20251009_031011/plots
2025-10-09 03:15:40,652 - experiments.framework - INFO - Saving 1 plots to /cs/student/msc/aibh/2024/madhavan/sgfa_qmap-pd/results/all_rois-putamen_conf-age+sex+tiv_run_20251008_220914/clinical_validation_20251009_031011/plots
2025-10-09 03:15:40,652 - experiments.framework - INFO - Saving 1 plots to /cs/student/msc/aibh/2024/madhavan/sgfa_qmap-pd/results/all_rois-putamen_conf-age+sex+tiv_run_20251008_220914/clinical_validation_20251009_031011/plots
2025-10-09 03:15:40,652 - experiments.framework - INFO - Saving 1 plots to /cs/student/msc/aibh/2024/madhavan/sgfa_qmap-pd/results/all_rois-putamen_conf-age+sex+tiv_run_20251008_220914/clinical_validation_20251009_031011/plots
2025-10-09 03:15:41,315 - experiments.framework - INFO -   ✅ Saved plot: clinical_validation_summary
2025-10-09 03:15:41,315 - experiments.framework - INFO -   ✅ Saved plot: clinical_validation_summary
2025-10-09 03:15:41,315 - experiments.framework - INFO -   ✅ Saved plot: clinical_validation_summary
2025-10-09 03:15:41,315 - experiments.framework - INFO -   ✅ Saved plot: clinical_validation_summary
2025-10-09 03:15:41,315 - experiments.framework - INFO -   ✅ Saved plot: clinical_validation_summary
2025-10-09 03:15:41,316 - experiments.framework - INFO - All plots saved to: /cs/student/msc/aibh/2024/madhavan/sgfa_qmap-pd/results/all_rois-putamen_conf-age+sex+tiv_run_20251008_220914/clinical_validation_20251009_031011/plots
2025-10-09 03:15:41,316 - experiments.framework - INFO - All plots saved to: /cs/student/msc/aibh/2024/madhavan/sgfa_qmap-pd/results/all_rois-putamen_conf-age+sex+tiv_run_20251008_220914/clinical_validation_20251009_031011/plots
2025-10-09 03:15:41,316 - experiments.framework - INFO - All plots saved to: /cs/student/msc/aibh/2024/madhavan/sgfa_qmap-pd/results/all_rois-putamen_conf-age+sex+tiv_run_20251008_220914/clinical_validation_20251009_031011/plots
2025-10-09 03:15:41,316 - experiments.framework - INFO - All plots saved to: /cs/student/msc/aibh/2024/madhavan/sgfa_qmap-pd/results/all_rois-putamen_conf-age+sex+tiv_run_20251008_220914/clinical_validation_20251009_031011/plots
2025-10-09 03:15:41,316 - experiments.framework - INFO - All plots saved to: /cs/student/msc/aibh/2024/madhavan/sgfa_qmap-pd/results/all_rois-putamen_conf-age+sex+tiv_run_20251008_220914/clinical_validation_20251009_031011/plots
2025-10-09 03:15:49,240 - experiments.framework - INFO - ExperimentFramework initialized with output dir: /cs/student/msc/aibh/2024/madhavan/sgfa_qmap-pd/results/all_rois-putamen_conf-age+sex+tiv_run_20251008_220914
2025-10-09 03:15:49,240 - experiments.framework - INFO - ExperimentFramework initialized with output dir: /cs/student/msc/aibh/2024/madhavan/sgfa_qmap-pd/results/all_rois-putamen_conf-age+sex+tiv_run_20251008_220914
2025-10-09 03:15:49,240 - experiments.framework - INFO - ExperimentFramework initialized with output dir: /cs/student/msc/aibh/2024/madhavan/sgfa_qmap-pd/results/all_rois-putamen_conf-age+sex+tiv_run_20251008_220914
2025-10-09 03:15:49,240 - experiments.framework - INFO - ExperimentFramework initialized with output dir: /cs/student/msc/aibh/2024/madhavan/sgfa_qmap-pd/results/all_rois-putamen_conf-age+sex+tiv_run_20251008_220914
2025-10-09 03:15:49,240 - experiments.framework - INFO - ExperimentFramework initialized with output dir: /cs/student/msc/aibh/2024/madhavan/sgfa_qmap-pd/results/all_rois-putamen_conf-age+sex+tiv_run_20251008_220914
2025-10-09 03:15:49,240 - experiments.framework - INFO - ExperimentFramework initialized with output dir: /cs/student/msc/aibh/2024/madhavan/sgfa_qmap-pd/results/all_rois-putamen_conf-age+sex+tiv_run_20251008_220914
2025-10-09 03:15:49,247 - experiments.framework - INFO - Starting experiment: reproducibility_tests_20251009_031549
2025-10-09 03:15:49,247 - experiments.framework - INFO - Starting experiment: reproducibility_tests_20251009_031549
2025-10-09 03:15:49,247 - experiments.framework - INFO - Starting experiment: reproducibility_tests_20251009_031549
2025-10-09 03:15:49,247 - experiments.framework - INFO - Starting experiment: reproducibility_tests_20251009_031549
2025-10-09 03:15:49,247 - experiments.framework - INFO - Starting experiment: reproducibility_tests_20251009_031549
2025-10-09 03:15:49,247 - experiments.framework - INFO - Starting experiment: reproducibility_tests_20251009_031549
2025-10-09 03:25:38,458 - experiments.framework - INFO - 🏁 EXPERIMENT COMPLETED: reproducibility_tests_20251009_031549
2025-10-09 03:25:38,458 - experiments.framework - INFO - 🏁 EXPERIMENT COMPLETED: reproducibility_tests_20251009_031549
2025-10-09 03:25:38,458 - experiments.framework - INFO - 🏁 EXPERIMENT COMPLETED: reproducibility_tests_20251009_031549
2025-10-09 03:25:38,458 - experiments.framework - INFO - 🏁 EXPERIMENT COMPLETED: reproducibility_tests_20251009_031549
2025-10-09 03:25:38,458 - experiments.framework - INFO - 🏁 EXPERIMENT COMPLETED: reproducibility_tests_20251009_031549
2025-10-09 03:25:38,458 - experiments.framework - INFO - 🏁 EXPERIMENT COMPLETED: reproducibility_tests_20251009_031549
2025-10-09 03:25:38,459 - experiments.framework - INFO - ⏱️  TOTAL RUNTIME: 9.8 minutes (589s)
2025-10-09 03:25:38,459 - experiments.framework - INFO - ⏱️  TOTAL RUNTIME: 9.8 minutes (589s)
2025-10-09 03:25:38,459 - experiments.framework - INFO - ⏱️  TOTAL RUNTIME: 9.8 minutes (589s)
2025-10-09 03:25:38,459 - experiments.framework - INFO - ⏱️  TOTAL RUNTIME: 9.8 minutes (589s)
2025-10-09 03:25:38,459 - experiments.framework - INFO - ⏱️  TOTAL RUNTIME: 9.8 minutes (589s)
2025-10-09 03:25:38,459 - experiments.framework - INFO - ⏱️  TOTAL RUNTIME: 9.8 minutes (589s)
2025-10-09 03:25:38,459 - experiments.framework - INFO - 🕐 Started: 2025-10-09 03:15:49
2025-10-09 03:25:38,459 - experiments.framework - INFO - 🕐 Started: 2025-10-09 03:15:49
2025-10-09 03:25:38,459 - experiments.framework - INFO - 🕐 Started: 2025-10-09 03:15:49
2025-10-09 03:25:38,459 - experiments.framework - INFO - 🕐 Started: 2025-10-09 03:15:49
2025-10-09 03:25:38,459 - experiments.framework - INFO - 🕐 Started: 2025-10-09 03:15:49
2025-10-09 03:25:38,459 - experiments.framework - INFO - 🕐 Started: 2025-10-09 03:15:49
2025-10-09 03:25:38,459 - experiments.framework - INFO - 🕑 Finished: 2025-10-09 03:25:38
2025-10-09 03:25:38,459 - experiments.framework - INFO - 🕑 Finished: 2025-10-09 03:25:38
2025-10-09 03:25:38,459 - experiments.framework - INFO - 🕑 Finished: 2025-10-09 03:25:38
2025-10-09 03:25:38,459 - experiments.framework - INFO - 🕑 Finished: 2025-10-09 03:25:38
2025-10-09 03:25:38,459 - experiments.framework - INFO - 🕑 Finished: 2025-10-09 03:25:38
2025-10-09 03:25:38,459 - experiments.framework - INFO - 🕑 Finished: 2025-10-09 03:25:38
2025-10-09 03:25:38,459 - experiments.framework - INFO - Experiment completed successfully: reproducibility_tests_20251009_031549
2025-10-09 03:25:38,459 - experiments.framework - INFO - Experiment completed successfully: reproducibility_tests_20251009_031549
2025-10-09 03:25:38,459 - experiments.framework - INFO - Experiment completed successfully: reproducibility_tests_20251009_031549
2025-10-09 03:25:38,459 - experiments.framework - INFO - Experiment completed successfully: reproducibility_tests_20251009_031549
2025-10-09 03:25:38,459 - experiments.framework - INFO - Experiment completed successfully: reproducibility_tests_20251009_031549
2025-10-09 03:25:38,459 - experiments.framework - INFO - Experiment completed successfully: reproducibility_tests_20251009_031549
2025-10-09 03:25:38,459 - experiments.framework - INFO - 🧹 Performing comprehensive memory cleanup...
2025-10-09 03:25:38,459 - experiments.framework - INFO - 🧹 Performing comprehensive memory cleanup...
2025-10-09 03:25:38,459 - experiments.framework - INFO - 🧹 Performing comprehensive memory cleanup...
2025-10-09 03:25:38,459 - experiments.framework - INFO - 🧹 Performing comprehensive memory cleanup...
2025-10-09 03:25:38,459 - experiments.framework - INFO - 🧹 Performing comprehensive memory cleanup...
2025-10-09 03:25:38,459 - experiments.framework - INFO - 🧹 Performing comprehensive memory cleanup...
2025-10-09 03:25:38,697 - experiments.framework - INFO - Garbage collection freed 70 objects
2025-10-09 03:25:38,697 - experiments.framework - INFO - Garbage collection freed 70 objects
2025-10-09 03:25:38,697 - experiments.framework - INFO - Garbage collection freed 70 objects
2025-10-09 03:25:38,697 - experiments.framework - INFO - Garbage collection freed 70 objects
2025-10-09 03:25:38,697 - experiments.framework - INFO - Garbage collection freed 70 objects
2025-10-09 03:25:38,697 - experiments.framework - INFO - Garbage collection freed 70 objects
2025-10-09 03:25:39,617 - experiments.framework - INFO - GPU memory cleanup attempted
2025-10-09 03:25:39,617 - experiments.framework - INFO - GPU memory cleanup attempted
2025-10-09 03:25:39,617 - experiments.framework - INFO - GPU memory cleanup attempted
2025-10-09 03:25:39,617 - experiments.framework - INFO - GPU memory cleanup attempted
2025-10-09 03:25:39,617 - experiments.framework - INFO - GPU memory cleanup attempted
2025-10-09 03:25:39,617 - experiments.framework - INFO - GPU memory cleanup attempted
2025-10-09 03:25:40,619 - experiments.framework - INFO - ✅ Comprehensive memory cleanup completed
2025-10-09 03:25:40,619 - experiments.framework - INFO - ✅ Comprehensive memory cleanup completed
2025-10-09 03:25:40,619 - experiments.framework - INFO - ✅ Comprehensive memory cleanup completed
2025-10-09 03:25:40,619 - experiments.framework - INFO - ✅ Comprehensive memory cleanup completed
2025-10-09 03:25:40,619 - experiments.framework - INFO - ✅ Comprehensive memory cleanup completed
2025-10-09 03:25:40,619 - experiments.framework - INFO - ✅ Comprehensive memory cleanup completed
2025-10-09 03:25:40,668 - experiments.framework - INFO - Pickle saving disabled to prevent large files - using JSON and CSV instead
2025-10-09 03:25:40,668 - experiments.framework - INFO - Pickle saving disabled to prevent large files - using JSON and CSV instead
2025-10-09 03:25:40,668 - experiments.framework - INFO - Pickle saving disabled to prevent large files - using JSON and CSV instead
2025-10-09 03:25:40,668 - experiments.framework - INFO - Pickle saving disabled to prevent large files - using JSON and CSV instead
2025-10-09 03:25:40,668 - experiments.framework - INFO - Pickle saving disabled to prevent large files - using JSON and CSV instead
2025-10-09 03:25:40,668 - experiments.framework - INFO - Pickle saving disabled to prevent large files - using JSON and CSV instead
2025-10-09 03:25:40,673 - experiments.framework - INFO - Saving 1 plots to /cs/student/msc/aibh/2024/madhavan/sgfa_qmap-pd/results/all_rois-putamen_conf-age+sex+tiv_run_20251008_220914/reproducibility_tests_20251009_031549/plots
2025-10-09 03:25:40,673 - experiments.framework - INFO - Saving 1 plots to /cs/student/msc/aibh/2024/madhavan/sgfa_qmap-pd/results/all_rois-putamen_conf-age+sex+tiv_run_20251008_220914/reproducibility_tests_20251009_031549/plots
2025-10-09 03:25:40,673 - experiments.framework - INFO - Saving 1 plots to /cs/student/msc/aibh/2024/madhavan/sgfa_qmap-pd/results/all_rois-putamen_conf-age+sex+tiv_run_20251008_220914/reproducibility_tests_20251009_031549/plots
2025-10-09 03:25:40,673 - experiments.framework - INFO - Saving 1 plots to /cs/student/msc/aibh/2024/madhavan/sgfa_qmap-pd/results/all_rois-putamen_conf-age+sex+tiv_run_20251008_220914/reproducibility_tests_20251009_031549/plots
2025-10-09 03:25:40,673 - experiments.framework - INFO - Saving 1 plots to /cs/student/msc/aibh/2024/madhavan/sgfa_qmap-pd/results/all_rois-putamen_conf-age+sex+tiv_run_20251008_220914/reproducibility_tests_20251009_031549/plots
2025-10-09 03:25:40,673 - experiments.framework - INFO - Saving 1 plots to /cs/student/msc/aibh/2024/madhavan/sgfa_qmap-pd/results/all_rois-putamen_conf-age+sex+tiv_run_20251008_220914/reproducibility_tests_20251009_031549/plots
2025-10-09 03:25:41,588 - experiments.framework - INFO -   ✅ Saved plot: reproducibility_summary
2025-10-09 03:25:41,588 - experiments.framework - INFO -   ✅ Saved plot: reproducibility_summary
2025-10-09 03:25:41,588 - experiments.framework - INFO -   ✅ Saved plot: reproducibility_summary
2025-10-09 03:25:41,588 - experiments.framework - INFO -   ✅ Saved plot: reproducibility_summary
2025-10-09 03:25:41,588 - experiments.framework - INFO -   ✅ Saved plot: reproducibility_summary
2025-10-09 03:25:41,588 - experiments.framework - INFO -   ✅ Saved plot: reproducibility_summary
2025-10-09 03:25:41,588 - experiments.framework - INFO - All plots saved to: /cs/student/msc/aibh/2024/madhavan/sgfa_qmap-pd/results/all_rois-putamen_conf-age+sex+tiv_run_20251008_220914/reproducibility_tests_20251009_031549/plots
2025-10-09 03:25:41,588 - experiments.framework - INFO - All plots saved to: /cs/student/msc/aibh/2024/madhavan/sgfa_qmap-pd/results/all_rois-putamen_conf-age+sex+tiv_run_20251008_220914/reproducibility_tests_20251009_031549/plots
2025-10-09 03:25:41,588 - experiments.framework - INFO - All plots saved to: /cs/student/msc/aibh/2024/madhavan/sgfa_qmap-pd/results/all_rois-putamen_conf-age+sex+tiv_run_20251008_220914/reproducibility_tests_20251009_031549/plots
2025-10-09 03:25:41,588 - experiments.framework - INFO - All plots saved to: /cs/student/msc/aibh/2024/madhavan/sgfa_qmap-pd/results/all_rois-putamen_conf-age+sex+tiv_run_20251008_220914/reproducibility_tests_20251009_031549/plots
2025-10-09 03:25:41,588 - experiments.framework - INFO - All plots saved to: /cs/student/msc/aibh/2024/madhavan/sgfa_qmap-pd/results/all_rois-putamen_conf-age+sex+tiv_run_20251008_220914/reproducibility_tests_20251009_031549/plots
2025-10-09 03:25:41,588 - experiments.framework - INFO - All plots saved to: /cs/student/msc/aibh/2024/madhavan/sgfa_qmap-pd/results/all_rois-putamen_conf-age+sex+tiv_run_20251008_220914/reproducibility_tests_20251009_031549/plots
