2025-10-19 21:30:49,432 - experiments.framework - INFO - ExperimentFramework initialized with output dir: /cs/student/msc/aibh/2024/madhavan/sgfa_qmap-pd/results/all_rois-sn_run_20251019_213049
2025-10-19 21:30:49,443 - experiments.framework - INFO - Starting experiment: data_validation_20251019_213049
2025-10-19 21:30:49,935 - experiments.framework - INFO - 🏁 EXPERIMENT COMPLETED: data_validation_20251019_213049
2025-10-19 21:30:49,935 - experiments.framework - INFO - ⏱️  TOTAL RUNTIME: 0.5 seconds
2025-10-19 21:30:49,935 - experiments.framework - INFO - 🕐 Started: 2025-10-19 21:30:49
2025-10-19 21:30:49,935 - experiments.framework - INFO - 🕑 Finished: 2025-10-19 21:30:49
2025-10-19 21:30:49,935 - experiments.framework - INFO - Experiment completed successfully: data_validation_20251019_213049
2025-10-19 21:30:49,935 - experiments.framework - INFO - 🧹 Performing comprehensive memory cleanup...
2025-10-19 21:30:49,998 - experiments.framework - INFO - Garbage collection freed 0 objects
2025-10-19 21:30:50,216 - experiments.framework - INFO - GPU memory cleanup attempted
2025-10-19 21:30:51,218 - experiments.framework - INFO - ✅ Comprehensive memory cleanup completed
2025-10-19 21:30:51,222 - experiments.framework - INFO - Pickle saving disabled to prevent large files - using JSON and CSV instead
2025-10-19 21:30:51,723 - experiments.framework - INFO - ExperimentFramework initialized with output dir: /cs/student/msc/aibh/2024/madhavan/sgfa_qmap-pd/results/all_rois-sn_run_20251019_213049
2025-10-19 21:30:51,723 - experiments.framework - INFO - ExperimentFramework initialized with output dir: /cs/student/msc/aibh/2024/madhavan/sgfa_qmap-pd/results/all_rois-sn_run_20251019_213049
2025-10-19 21:30:51,732 - experiments.framework - INFO - Starting experiment: robustness_tests_20251019_213051
2025-10-19 21:30:51,732 - experiments.framework - INFO - Starting experiment: robustness_tests_20251019_213051
2025-10-19 21:32:13,890 - experiments.framework - INFO - 🏁 EXPERIMENT COMPLETED: robustness_tests_20251019_213051
2025-10-19 21:32:13,890 - experiments.framework - INFO - 🏁 EXPERIMENT COMPLETED: robustness_tests_20251019_213051
2025-10-19 21:32:13,890 - experiments.framework - INFO - ⏱️  TOTAL RUNTIME: 1.4 minutes (82s)
2025-10-19 21:32:13,890 - experiments.framework - INFO - ⏱️  TOTAL RUNTIME: 1.4 minutes (82s)
2025-10-19 21:32:13,890 - experiments.framework - INFO - 🕐 Started: 2025-10-19 21:30:51
2025-10-19 21:32:13,890 - experiments.framework - INFO - 🕐 Started: 2025-10-19 21:30:51
2025-10-19 21:32:13,890 - experiments.framework - INFO - 🕑 Finished: 2025-10-19 21:32:13
2025-10-19 21:32:13,890 - experiments.framework - INFO - 🕑 Finished: 2025-10-19 21:32:13
2025-10-19 21:32:13,890 - experiments.framework - INFO - Experiment completed successfully: robustness_tests_20251019_213051
2025-10-19 21:32:13,890 - experiments.framework - INFO - Experiment completed successfully: robustness_tests_20251019_213051
2025-10-19 21:32:13,891 - experiments.framework - INFO - 🧹 Performing comprehensive memory cleanup...
2025-10-19 21:32:13,891 - experiments.framework - INFO - 🧹 Performing comprehensive memory cleanup...
2025-10-19 21:32:13,966 - experiments.framework - INFO - Garbage collection freed 33 objects
2025-10-19 21:32:13,966 - experiments.framework - INFO - Garbage collection freed 33 objects
2025-10-19 21:32:14,234 - experiments.framework - INFO - GPU memory cleanup attempted
2025-10-19 21:32:14,234 - experiments.framework - INFO - GPU memory cleanup attempted
2025-10-19 21:32:15,235 - experiments.framework - INFO - ✅ Comprehensive memory cleanup completed
2025-10-19 21:32:15,235 - experiments.framework - INFO - ✅ Comprehensive memory cleanup completed
2025-10-19 21:32:15,297 - experiments.framework - INFO - Pickle saving disabled to prevent large files - using JSON and CSV instead
2025-10-19 21:32:15,297 - experiments.framework - INFO - Pickle saving disabled to prevent large files - using JSON and CSV instead
2025-10-19 21:32:15,302 - experiments.framework - INFO - Saving 1 plots to /cs/student/msc/aibh/2024/madhavan/sgfa_qmap-pd/results/all_rois-sn_run_20251019_213049/robustness_tests_K5_percW33_slab4_2_20251019_213051/plots
2025-10-19 21:32:15,302 - experiments.framework - INFO - Saving 1 plots to /cs/student/msc/aibh/2024/madhavan/sgfa_qmap-pd/results/all_rois-sn_run_20251019_213049/robustness_tests_K5_percW33_slab4_2_20251019_213051/plots
2025-10-19 21:32:16,180 - experiments.framework - INFO -   ✅ Saved plot: robustness_summary
2025-10-19 21:32:16,180 - experiments.framework - INFO -   ✅ Saved plot: robustness_summary
2025-10-19 21:32:16,180 - experiments.framework - INFO - All plots saved to: /cs/student/msc/aibh/2024/madhavan/sgfa_qmap-pd/results/all_rois-sn_run_20251019_213049/robustness_tests_K5_percW33_slab4_2_20251019_213051/plots
2025-10-19 21:32:16,180 - experiments.framework - INFO - All plots saved to: /cs/student/msc/aibh/2024/madhavan/sgfa_qmap-pd/results/all_rois-sn_run_20251019_213049/robustness_tests_K5_percW33_slab4_2_20251019_213051/plots
