2025-10-19 11:40:42,037 - experiments.framework - INFO - ExperimentFramework initialized with output dir: /cs/student/msc/aibh/2024/madhavan/sgfa_qmap-pd/results/all_rois-sn_conf-age+sex+tiv_K20_percW33_MAD3.0_run_20251019_114042
2025-10-19 11:40:42,050 - experiments.framework - INFO - Starting experiment: data_validation_20251019_114042
2025-10-19 11:40:52,305 - experiments.framework - INFO - 🏁 EXPERIMENT COMPLETED: data_validation_20251019_114042
2025-10-19 11:40:52,305 - experiments.framework - INFO - ⏱️  TOTAL RUNTIME: 10.3 seconds
2025-10-19 11:40:52,305 - experiments.framework - INFO - 🕐 Started: 2025-10-19 11:40:42
2025-10-19 11:40:52,305 - experiments.framework - INFO - 🕑 Finished: 2025-10-19 11:40:52
2025-10-19 11:40:52,305 - experiments.framework - INFO - Experiment completed successfully: data_validation_20251019_114042
2025-10-19 11:40:52,305 - experiments.framework - INFO - 🧹 Performing comprehensive memory cleanup...
2025-10-19 11:40:52,392 - experiments.framework - INFO - Garbage collection freed 25505 objects
2025-10-19 11:40:52,659 - experiments.framework - INFO - GPU memory cleanup attempted
2025-10-19 11:40:53,660 - experiments.framework - INFO - ✅ Comprehensive memory cleanup completed
2025-10-19 11:40:53,806 - experiments.framework - INFO - Pickle saving disabled to prevent large files - using JSON and CSV instead
2025-10-19 11:40:53,811 - experiments.framework - INFO - Saving 3 plots to /cs/student/msc/aibh/2024/madhavan/sgfa_qmap-pd/results/all_rois-sn_conf-age+sex+tiv_K20_percW33_MAD3.0_run_20251019_114042/data_validation_tree10_20251019_114042/plots
2025-10-19 11:40:55,699 - experiments.framework - INFO -   ✅ Saved plot: data_distribution_comparison
2025-10-19 11:40:57,563 - experiments.framework - INFO -   ✅ Saved plot: data_validation_feature_reduction
2025-10-19 11:40:58,314 - experiments.framework - INFO -   ✅ Saved plot: data_validation_variance_distribution
2025-10-19 11:40:58,314 - experiments.framework - INFO - All plots saved to: /cs/student/msc/aibh/2024/madhavan/sgfa_qmap-pd/results/all_rois-sn_conf-age+sex+tiv_K20_percW33_MAD3.0_run_20251019_114042/data_validation_tree10_20251019_114042/plots
2025-10-19 11:40:58,402 - experiments.framework - INFO - ExperimentFramework initialized with output dir: /cs/student/msc/aibh/2024/madhavan/sgfa_qmap-pd/results/all_rois-sn_conf-age+sex+tiv_K20_percW33_MAD3.0_run_20251019_114042
2025-10-19 11:40:58,402 - experiments.framework - INFO - ExperimentFramework initialized with output dir: /cs/student/msc/aibh/2024/madhavan/sgfa_qmap-pd/results/all_rois-sn_conf-age+sex+tiv_K20_percW33_MAD3.0_run_20251019_114042
2025-10-19 11:40:58,413 - experiments.framework - INFO - Starting experiment: robustness_tests_20251019_114058
2025-10-19 11:40:58,413 - experiments.framework - INFO - Starting experiment: robustness_tests_20251019_114058
2025-10-19 11:50:45,506 - experiments.framework - INFO - 🏁 EXPERIMENT COMPLETED: robustness_tests_20251019_114058
2025-10-19 11:50:45,506 - experiments.framework - INFO - 🏁 EXPERIMENT COMPLETED: robustness_tests_20251019_114058
2025-10-19 11:50:45,507 - experiments.framework - INFO - ⏱️  TOTAL RUNTIME: 9.8 minutes (587s)
2025-10-19 11:50:45,507 - experiments.framework - INFO - ⏱️  TOTAL RUNTIME: 9.8 minutes (587s)
2025-10-19 11:50:45,507 - experiments.framework - INFO - 🕐 Started: 2025-10-19 11:40:58
2025-10-19 11:50:45,507 - experiments.framework - INFO - 🕐 Started: 2025-10-19 11:40:58
2025-10-19 11:50:45,507 - experiments.framework - INFO - 🕑 Finished: 2025-10-19 11:50:45
2025-10-19 11:50:45,507 - experiments.framework - INFO - 🕑 Finished: 2025-10-19 11:50:45
2025-10-19 11:50:45,507 - experiments.framework - INFO - Experiment completed successfully: robustness_tests_20251019_114058
2025-10-19 11:50:45,507 - experiments.framework - INFO - Experiment completed successfully: robustness_tests_20251019_114058
2025-10-19 11:50:45,507 - experiments.framework - INFO - 🧹 Performing comprehensive memory cleanup...
2025-10-19 11:50:45,507 - experiments.framework - INFO - 🧹 Performing comprehensive memory cleanup...
2025-10-19 11:50:45,591 - experiments.framework - INFO - Garbage collection freed 33 objects
2025-10-19 11:50:45,591 - experiments.framework - INFO - Garbage collection freed 33 objects
2025-10-19 11:50:45,890 - experiments.framework - INFO - GPU memory cleanup attempted
2025-10-19 11:50:45,890 - experiments.framework - INFO - GPU memory cleanup attempted
2025-10-19 11:50:46,891 - experiments.framework - INFO - ✅ Comprehensive memory cleanup completed
2025-10-19 11:50:46,891 - experiments.framework - INFO - ✅ Comprehensive memory cleanup completed
2025-10-19 11:50:46,957 - experiments.framework - INFO - Pickle saving disabled to prevent large files - using JSON and CSV instead
2025-10-19 11:50:46,957 - experiments.framework - INFO - Pickle saving disabled to prevent large files - using JSON and CSV instead
2025-10-19 11:50:46,962 - experiments.framework - INFO - Saving 1 plots to /cs/student/msc/aibh/2024/madhavan/sgfa_qmap-pd/results/all_rois-sn_conf-age+sex+tiv_K20_percW33_MAD3.0_run_20251019_114042/robustness_tests_K20_percW33_slab4_2_MAD3.0_tree10_20251019_114058/plots
2025-10-19 11:50:46,962 - experiments.framework - INFO - Saving 1 plots to /cs/student/msc/aibh/2024/madhavan/sgfa_qmap-pd/results/all_rois-sn_conf-age+sex+tiv_K20_percW33_MAD3.0_run_20251019_114042/robustness_tests_K20_percW33_slab4_2_MAD3.0_tree10_20251019_114058/plots
2025-10-19 11:50:47,861 - experiments.framework - INFO -   ✅ Saved plot: robustness_summary
2025-10-19 11:50:47,861 - experiments.framework - INFO -   ✅ Saved plot: robustness_summary
2025-10-19 11:50:47,861 - experiments.framework - INFO - All plots saved to: /cs/student/msc/aibh/2024/madhavan/sgfa_qmap-pd/results/all_rois-sn_conf-age+sex+tiv_K20_percW33_MAD3.0_run_20251019_114042/robustness_tests_K20_percW33_slab4_2_MAD3.0_tree10_20251019_114058/plots
2025-10-19 11:50:47,861 - experiments.framework - INFO - All plots saved to: /cs/student/msc/aibh/2024/madhavan/sgfa_qmap-pd/results/all_rois-sn_conf-age+sex+tiv_K20_percW33_MAD3.0_run_20251019_114042/robustness_tests_K20_percW33_slab4_2_MAD3.0_tree10_20251019_114058/plots
