2025-10-15 17:17:50,645 - experiments.framework - INFO - ExperimentFramework initialized with output dir: /cs/student/msc/aibh/2024/madhavan/sgfa_qmap-pd/results/all_rois-sn_conf-age+sex+tiv_K5_PCA-balanced_MAD10.0_run_20251015_171750
2025-10-15 17:17:50,658 - experiments.framework - INFO - Starting experiment: data_validation_20251015_171750
2025-10-15 17:17:55,766 - experiments.framework - INFO - 🏁 EXPERIMENT COMPLETED: data_validation_20251015_171750
2025-10-15 17:17:55,766 - experiments.framework - INFO - ⏱️  TOTAL RUNTIME: 5.1 seconds
2025-10-15 17:17:55,766 - experiments.framework - INFO - 🕐 Started: 2025-10-15 17:17:50
2025-10-15 17:17:55,766 - experiments.framework - INFO - 🕑 Finished: 2025-10-15 17:17:55
2025-10-15 17:17:55,766 - experiments.framework - INFO - Experiment completed successfully: data_validation_20251015_171750
2025-10-15 17:17:55,766 - experiments.framework - INFO - 🧹 Performing comprehensive memory cleanup...
2025-10-15 17:17:55,843 - experiments.framework - INFO - Garbage collection freed 18617 objects
2025-10-15 17:17:56,086 - experiments.framework - INFO - GPU memory cleanup attempted
2025-10-15 17:17:57,087 - experiments.framework - INFO - ✅ Comprehensive memory cleanup completed
2025-10-15 17:17:57,238 - experiments.framework - INFO - Pickle saving disabled to prevent large files - using JSON and CSV instead
2025-10-15 17:17:57,244 - experiments.framework - INFO - Saving 3 plots to /cs/student/msc/aibh/2024/madhavan/sgfa_qmap-pd/results/all_rois-sn_conf-age+sex+tiv_K5_PCA-balanced_MAD10.0_run_20251015_171750/data_validation_20251015_171750/plots
2025-10-15 17:17:59,449 - experiments.framework - INFO -   ✅ Saved plot: data_distribution_comparison
2025-10-15 17:18:01,388 - experiments.framework - INFO -   ✅ Saved plot: data_validation_feature_reduction
2025-10-15 17:18:02,151 - experiments.framework - INFO -   ✅ Saved plot: data_validation_variance_distribution
2025-10-15 17:18:02,151 - experiments.framework - INFO - All plots saved to: /cs/student/msc/aibh/2024/madhavan/sgfa_qmap-pd/results/all_rois-sn_conf-age+sex+tiv_K5_PCA-balanced_MAD10.0_run_20251015_171750/data_validation_20251015_171750/plots
2025-10-15 17:18:02,238 - experiments.framework - INFO - ExperimentFramework initialized with output dir: /cs/student/msc/aibh/2024/madhavan/sgfa_qmap-pd/results/all_rois-sn_conf-age+sex+tiv_K5_PCA-balanced_MAD10.0_run_20251015_171750
2025-10-15 17:18:02,238 - experiments.framework - INFO - ExperimentFramework initialized with output dir: /cs/student/msc/aibh/2024/madhavan/sgfa_qmap-pd/results/all_rois-sn_conf-age+sex+tiv_K5_PCA-balanced_MAD10.0_run_20251015_171750
2025-10-15 17:18:02,251 - experiments.framework - INFO - Starting experiment: robustness_tests_20251015_171802
2025-10-15 17:18:02,251 - experiments.framework - INFO - Starting experiment: robustness_tests_20251015_171802
2025-10-15 17:26:33,214 - experiments.framework - INFO - 🏁 EXPERIMENT COMPLETED: robustness_tests_20251015_171802
2025-10-15 17:26:33,214 - experiments.framework - INFO - 🏁 EXPERIMENT COMPLETED: robustness_tests_20251015_171802
2025-10-15 17:26:33,214 - experiments.framework - INFO - ⏱️  TOTAL RUNTIME: 8.5 minutes (511s)
2025-10-15 17:26:33,214 - experiments.framework - INFO - ⏱️  TOTAL RUNTIME: 8.5 minutes (511s)
2025-10-15 17:26:33,215 - experiments.framework - INFO - 🕐 Started: 2025-10-15 17:18:02
2025-10-15 17:26:33,215 - experiments.framework - INFO - 🕐 Started: 2025-10-15 17:18:02
2025-10-15 17:26:33,215 - experiments.framework - INFO - 🕑 Finished: 2025-10-15 17:26:33
2025-10-15 17:26:33,215 - experiments.framework - INFO - 🕑 Finished: 2025-10-15 17:26:33
2025-10-15 17:26:33,215 - experiments.framework - INFO - Experiment completed successfully: robustness_tests_20251015_171802
2025-10-15 17:26:33,215 - experiments.framework - INFO - Experiment completed successfully: robustness_tests_20251015_171802
2025-10-15 17:26:33,215 - experiments.framework - INFO - 🧹 Performing comprehensive memory cleanup...
2025-10-15 17:26:33,215 - experiments.framework - INFO - 🧹 Performing comprehensive memory cleanup...
2025-10-15 17:26:33,381 - experiments.framework - INFO - Garbage collection freed 145 objects
2025-10-15 17:26:33,381 - experiments.framework - INFO - Garbage collection freed 145 objects
2025-10-15 17:26:34,013 - experiments.framework - INFO - GPU memory cleanup attempted
2025-10-15 17:26:34,013 - experiments.framework - INFO - GPU memory cleanup attempted
2025-10-15 17:26:35,014 - experiments.framework - INFO - ✅ Comprehensive memory cleanup completed
2025-10-15 17:26:35,014 - experiments.framework - INFO - ✅ Comprehensive memory cleanup completed
2025-10-15 17:26:35,082 - experiments.framework - INFO - Pickle saving disabled to prevent large files - using JSON and CSV instead
2025-10-15 17:26:35,082 - experiments.framework - INFO - Pickle saving disabled to prevent large files - using JSON and CSV instead
2025-10-15 17:26:35,090 - experiments.framework - INFO - Saving 1 plots to /cs/student/msc/aibh/2024/madhavan/sgfa_qmap-pd/results/all_rois-sn_conf-age+sex+tiv_K5_PCA-balanced_MAD10.0_run_20251015_171750/robustness_tests_20251015_171802/plots
2025-10-15 17:26:35,090 - experiments.framework - INFO - Saving 1 plots to /cs/student/msc/aibh/2024/madhavan/sgfa_qmap-pd/results/all_rois-sn_conf-age+sex+tiv_K5_PCA-balanced_MAD10.0_run_20251015_171750/robustness_tests_20251015_171802/plots
2025-10-15 17:26:36,024 - experiments.framework - INFO -   ✅ Saved plot: robustness_summary
2025-10-15 17:26:36,024 - experiments.framework - INFO -   ✅ Saved plot: robustness_summary
2025-10-15 17:26:36,024 - experiments.framework - INFO - All plots saved to: /cs/student/msc/aibh/2024/madhavan/sgfa_qmap-pd/results/all_rois-sn_conf-age+sex+tiv_K5_PCA-balanced_MAD10.0_run_20251015_171750/robustness_tests_20251015_171802/plots
2025-10-15 17:26:36,024 - experiments.framework - INFO - All plots saved to: /cs/student/msc/aibh/2024/madhavan/sgfa_qmap-pd/results/all_rois-sn_conf-age+sex+tiv_K5_PCA-balanced_MAD10.0_run_20251015_171750/robustness_tests_20251015_171802/plots
