2025-10-21 13:19:53,493 - experiments.framework - INFO - ExperimentFramework initialized with output dir: /cs/student/msc/aibh/2024/madhavan/sgfa_qmap-pd/results/all_rois-sn_conf-age+sex+tiv_K50_percW33_MAD100.0_run_20251021_131953
2025-10-21 13:19:53,498 - experiments.framework - INFO - Starting experiment: data_validation_20251021_131953
2025-10-21 13:20:19,547 - experiments.framework - INFO - 🏁 EXPERIMENT COMPLETED: data_validation_20251021_131953
2025-10-21 13:20:19,548 - experiments.framework - INFO - ⏱️  TOTAL RUNTIME: 26.1 seconds
2025-10-21 13:20:19,548 - experiments.framework - INFO - 🕐 Started: 2025-10-21 13:19:53
2025-10-21 13:20:19,548 - experiments.framework - INFO - 🕑 Finished: 2025-10-21 13:20:19
2025-10-21 13:20:19,548 - experiments.framework - INFO - Experiment completed successfully: data_validation_20251021_131953
2025-10-21 13:20:19,548 - experiments.framework - INFO - 🧹 Performing comprehensive memory cleanup...
2025-10-21 13:20:19,630 - experiments.framework - INFO - Garbage collection freed 4 objects
2025-10-21 13:20:19,922 - experiments.framework - INFO - GPU memory cleanup attempted
2025-10-21 13:20:20,923 - experiments.framework - INFO - ✅ Comprehensive memory cleanup completed
2025-10-21 13:20:21,148 - experiments.framework - INFO - Pickle saving disabled to prevent large files - using JSON and CSV instead
2025-10-21 13:20:21,153 - experiments.framework - INFO - Saving 5 plots to /cs/student/msc/aibh/2024/madhavan/sgfa_qmap-pd/results/all_rois-sn_conf-age+sex+tiv_K50_percW33_MAD100.0_run_20251021_131953/data_validation_tree10_20251021_131953/plots
2025-10-21 13:20:23,013 - experiments.framework - INFO -   ✅ Saved plot: data_distribution_comparison
2025-10-21 13:20:24,879 - experiments.framework - INFO -   ✅ Saved plot: data_validation_inter_vs_intra_correlation
2025-10-21 13:20:29,028 - experiments.framework - INFO -   ✅ Saved plot: data_validation_block_covariance_matrix
2025-10-21 13:20:30,926 - experiments.framework - INFO -   ✅ Saved plot: data_validation_feature_reduction
2025-10-21 13:20:31,659 - experiments.framework - INFO -   ✅ Saved plot: data_validation_variance_distribution
2025-10-21 13:20:31,659 - experiments.framework - INFO - All plots saved to: /cs/student/msc/aibh/2024/madhavan/sgfa_qmap-pd/results/all_rois-sn_conf-age+sex+tiv_K50_percW33_MAD100.0_run_20251021_131953/data_validation_tree10_20251021_131953/plots
2025-10-21 13:20:31,756 - experiments.framework - INFO - ExperimentFramework initialized with output dir: /cs/student/msc/aibh/2024/madhavan/sgfa_qmap-pd/results/all_rois-sn_conf-age+sex+tiv_K50_percW33_MAD100.0_run_20251021_131953
2025-10-21 13:20:31,756 - experiments.framework - INFO - ExperimentFramework initialized with output dir: /cs/student/msc/aibh/2024/madhavan/sgfa_qmap-pd/results/all_rois-sn_conf-age+sex+tiv_K50_percW33_MAD100.0_run_20251021_131953
2025-10-21 13:20:31,766 - experiments.framework - INFO - Starting experiment: robustness_tests_20251021_132031
2025-10-21 13:20:31,766 - experiments.framework - INFO - Starting experiment: robustness_tests_20251021_132031
2025-10-21 13:36:17,319 - experiments.framework - INFO - 🏁 EXPERIMENT COMPLETED: robustness_tests_20251021_132031
2025-10-21 13:36:17,319 - experiments.framework - INFO - 🏁 EXPERIMENT COMPLETED: robustness_tests_20251021_132031
2025-10-21 13:36:17,319 - experiments.framework - INFO - ⏱️  TOTAL RUNTIME: 15.8 minutes (946s)
2025-10-21 13:36:17,319 - experiments.framework - INFO - ⏱️  TOTAL RUNTIME: 15.8 minutes (946s)
2025-10-21 13:36:17,319 - experiments.framework - INFO - 🕐 Started: 2025-10-21 13:20:31
2025-10-21 13:36:17,319 - experiments.framework - INFO - 🕐 Started: 2025-10-21 13:20:31
2025-10-21 13:36:17,319 - experiments.framework - INFO - 🕑 Finished: 2025-10-21 13:36:17
2025-10-21 13:36:17,319 - experiments.framework - INFO - 🕑 Finished: 2025-10-21 13:36:17
2025-10-21 13:36:17,319 - experiments.framework - INFO - Experiment completed successfully: robustness_tests_20251021_132031
2025-10-21 13:36:17,319 - experiments.framework - INFO - Experiment completed successfully: robustness_tests_20251021_132031
2025-10-21 13:36:17,319 - experiments.framework - INFO - 🧹 Performing comprehensive memory cleanup...
2025-10-21 13:36:17,319 - experiments.framework - INFO - 🧹 Performing comprehensive memory cleanup...
2025-10-21 13:36:17,409 - experiments.framework - INFO - Garbage collection freed 68 objects
2025-10-21 13:36:17,409 - experiments.framework - INFO - Garbage collection freed 68 objects
2025-10-21 13:36:17,735 - experiments.framework - INFO - GPU memory cleanup attempted
2025-10-21 13:36:17,735 - experiments.framework - INFO - GPU memory cleanup attempted
2025-10-21 13:36:18,736 - experiments.framework - INFO - ✅ Comprehensive memory cleanup completed
2025-10-21 13:36:18,736 - experiments.framework - INFO - ✅ Comprehensive memory cleanup completed
2025-10-21 13:36:18,803 - experiments.framework - INFO - Pickle saving disabled to prevent large files - using JSON and CSV instead
2025-10-21 13:36:18,803 - experiments.framework - INFO - Pickle saving disabled to prevent large files - using JSON and CSV instead
2025-10-21 13:36:18,807 - experiments.framework - INFO - Saving 1 plots to /cs/student/msc/aibh/2024/madhavan/sgfa_qmap-pd/results/all_rois-sn_conf-age+sex+tiv_K50_percW33_MAD100.0_run_20251021_131953/robustness_tests_fixed_K50_percW33_slab4_2_MAD100.0_tree10_20251021_132031/plots
2025-10-21 13:36:18,807 - experiments.framework - INFO - Saving 1 plots to /cs/student/msc/aibh/2024/madhavan/sgfa_qmap-pd/results/all_rois-sn_conf-age+sex+tiv_K50_percW33_MAD100.0_run_20251021_131953/robustness_tests_fixed_K50_percW33_slab4_2_MAD100.0_tree10_20251021_132031/plots
2025-10-21 13:36:19,759 - experiments.framework - INFO -   ✅ Saved plot: robustness_summary
2025-10-21 13:36:19,759 - experiments.framework - INFO -   ✅ Saved plot: robustness_summary
2025-10-21 13:36:19,759 - experiments.framework - INFO - All plots saved to: /cs/student/msc/aibh/2024/madhavan/sgfa_qmap-pd/results/all_rois-sn_conf-age+sex+tiv_K50_percW33_MAD100.0_run_20251021_131953/robustness_tests_fixed_K50_percW33_slab4_2_MAD100.0_tree10_20251021_132031/plots
2025-10-21 13:36:19,759 - experiments.framework - INFO - All plots saved to: /cs/student/msc/aibh/2024/madhavan/sgfa_qmap-pd/results/all_rois-sn_conf-age+sex+tiv_K50_percW33_MAD100.0_run_20251021_131953/robustness_tests_fixed_K50_percW33_slab4_2_MAD100.0_tree10_20251021_132031/plots
