2025-10-19 11:41:18,892 - experiments.framework - INFO - ExperimentFramework initialized with output dir: /cs/student/msc/aibh/2024/madhavan/sgfa_qmap-pd/results/all_rois-sn_conf-age+sex+tiv_K20_percW20_MAD3.0_run_20251019_114118
2025-10-19 11:41:18,905 - experiments.framework - INFO - Starting experiment: data_validation_20251019_114118
2025-10-19 11:41:29,211 - experiments.framework - INFO - 🏁 EXPERIMENT COMPLETED: data_validation_20251019_114118
2025-10-19 11:41:29,212 - experiments.framework - INFO - ⏱️  TOTAL RUNTIME: 10.3 seconds
2025-10-19 11:41:29,212 - experiments.framework - INFO - 🕐 Started: 2025-10-19 11:41:18
2025-10-19 11:41:29,212 - experiments.framework - INFO - 🕑 Finished: 2025-10-19 11:41:29
2025-10-19 11:41:29,212 - experiments.framework - INFO - Experiment completed successfully: data_validation_20251019_114118
2025-10-19 11:41:29,212 - experiments.framework - INFO - 🧹 Performing comprehensive memory cleanup...
2025-10-19 11:41:29,299 - experiments.framework - INFO - Garbage collection freed 25509 objects
2025-10-19 11:41:29,571 - experiments.framework - INFO - GPU memory cleanup attempted
2025-10-19 11:41:30,573 - experiments.framework - INFO - ✅ Comprehensive memory cleanup completed
2025-10-19 11:41:30,727 - experiments.framework - INFO - Pickle saving disabled to prevent large files - using JSON and CSV instead
2025-10-19 11:41:30,735 - experiments.framework - INFO - Saving 3 plots to /cs/student/msc/aibh/2024/madhavan/sgfa_qmap-pd/results/all_rois-sn_conf-age+sex+tiv_K20_percW20_MAD3.0_run_20251019_114118/data_validation_tree10_20251019_114118/plots
2025-10-19 11:41:32,612 - experiments.framework - INFO -   ✅ Saved plot: data_distribution_comparison
2025-10-19 11:41:34,474 - experiments.framework - INFO -   ✅ Saved plot: data_validation_feature_reduction
2025-10-19 11:41:35,211 - experiments.framework - INFO -   ✅ Saved plot: data_validation_variance_distribution
2025-10-19 11:41:35,212 - experiments.framework - INFO - All plots saved to: /cs/student/msc/aibh/2024/madhavan/sgfa_qmap-pd/results/all_rois-sn_conf-age+sex+tiv_K20_percW20_MAD3.0_run_20251019_114118/data_validation_tree10_20251019_114118/plots
2025-10-19 11:41:35,300 - experiments.framework - INFO - ExperimentFramework initialized with output dir: /cs/student/msc/aibh/2024/madhavan/sgfa_qmap-pd/results/all_rois-sn_conf-age+sex+tiv_K20_percW20_MAD3.0_run_20251019_114118
2025-10-19 11:41:35,300 - experiments.framework - INFO - ExperimentFramework initialized with output dir: /cs/student/msc/aibh/2024/madhavan/sgfa_qmap-pd/results/all_rois-sn_conf-age+sex+tiv_K20_percW20_MAD3.0_run_20251019_114118
2025-10-19 11:41:35,308 - experiments.framework - INFO - Starting experiment: robustness_tests_20251019_114135
2025-10-19 11:41:35,308 - experiments.framework - INFO - Starting experiment: robustness_tests_20251019_114135
2025-10-19 11:51:44,503 - experiments.framework - INFO - 🏁 EXPERIMENT COMPLETED: robustness_tests_20251019_114135
2025-10-19 11:51:44,503 - experiments.framework - INFO - 🏁 EXPERIMENT COMPLETED: robustness_tests_20251019_114135
2025-10-19 11:51:44,503 - experiments.framework - INFO - ⏱️  TOTAL RUNTIME: 10.2 minutes (609s)
2025-10-19 11:51:44,503 - experiments.framework - INFO - ⏱️  TOTAL RUNTIME: 10.2 minutes (609s)
2025-10-19 11:51:44,503 - experiments.framework - INFO - 🕐 Started: 2025-10-19 11:41:35
2025-10-19 11:51:44,503 - experiments.framework - INFO - 🕐 Started: 2025-10-19 11:41:35
2025-10-19 11:51:44,503 - experiments.framework - INFO - 🕑 Finished: 2025-10-19 11:51:44
2025-10-19 11:51:44,503 - experiments.framework - INFO - 🕑 Finished: 2025-10-19 11:51:44
2025-10-19 11:51:44,503 - experiments.framework - INFO - Experiment completed successfully: robustness_tests_20251019_114135
2025-10-19 11:51:44,503 - experiments.framework - INFO - Experiment completed successfully: robustness_tests_20251019_114135
2025-10-19 11:51:44,503 - experiments.framework - INFO - 🧹 Performing comprehensive memory cleanup...
2025-10-19 11:51:44,503 - experiments.framework - INFO - 🧹 Performing comprehensive memory cleanup...
2025-10-19 11:51:44,587 - experiments.framework - INFO - Garbage collection freed 38 objects
2025-10-19 11:51:44,587 - experiments.framework - INFO - Garbage collection freed 38 objects
2025-10-19 11:51:44,883 - experiments.framework - INFO - GPU memory cleanup attempted
2025-10-19 11:51:44,883 - experiments.framework - INFO - GPU memory cleanup attempted
2025-10-19 11:51:45,884 - experiments.framework - INFO - ✅ Comprehensive memory cleanup completed
2025-10-19 11:51:45,884 - experiments.framework - INFO - ✅ Comprehensive memory cleanup completed
2025-10-19 11:51:45,933 - experiments.framework - INFO - Pickle saving disabled to prevent large files - using JSON and CSV instead
2025-10-19 11:51:45,933 - experiments.framework - INFO - Pickle saving disabled to prevent large files - using JSON and CSV instead
2025-10-19 11:51:45,941 - experiments.framework - INFO - Saving 1 plots to /cs/student/msc/aibh/2024/madhavan/sgfa_qmap-pd/results/all_rois-sn_conf-age+sex+tiv_K20_percW20_MAD3.0_run_20251019_114118/robustness_tests_K20_percW20_slab4_2_MAD3.0_tree10_20251019_114135/plots
2025-10-19 11:51:45,941 - experiments.framework - INFO - Saving 1 plots to /cs/student/msc/aibh/2024/madhavan/sgfa_qmap-pd/results/all_rois-sn_conf-age+sex+tiv_K20_percW20_MAD3.0_run_20251019_114118/robustness_tests_K20_percW20_slab4_2_MAD3.0_tree10_20251019_114135/plots
2025-10-19 11:51:46,860 - experiments.framework - INFO -   ✅ Saved plot: robustness_summary
2025-10-19 11:51:46,860 - experiments.framework - INFO -   ✅ Saved plot: robustness_summary
2025-10-19 11:51:46,860 - experiments.framework - INFO - All plots saved to: /cs/student/msc/aibh/2024/madhavan/sgfa_qmap-pd/results/all_rois-sn_conf-age+sex+tiv_K20_percW20_MAD3.0_run_20251019_114118/robustness_tests_K20_percW20_slab4_2_MAD3.0_tree10_20251019_114135/plots
2025-10-19 11:51:46,860 - experiments.framework - INFO - All plots saved to: /cs/student/msc/aibh/2024/madhavan/sgfa_qmap-pd/results/all_rois-sn_conf-age+sex+tiv_K20_percW20_MAD3.0_run_20251019_114118/robustness_tests_K20_percW20_slab4_2_MAD3.0_tree10_20251019_114135/plots
