2025-10-17 12:44:27,941 - experiments.framework - INFO - ExperimentFramework initialized with output dir: /cs/student/msc/aibh/2024/madhavan/sgfa_qmap-pd/results/all_rois-sn_conf-age+sex+tiv_K2_MAD3.0_run_20251017_124427
2025-10-17 12:44:27,951 - experiments.framework - INFO - Starting experiment: data_validation_20251017_124427
2025-10-17 12:44:30,863 - experiments.framework - INFO - 🏁 EXPERIMENT COMPLETED: data_validation_20251017_124427
2025-10-17 12:44:30,863 - experiments.framework - INFO - ⏱️  TOTAL RUNTIME: 2.9 seconds
2025-10-17 12:44:30,863 - experiments.framework - INFO - 🕐 Started: 2025-10-17 12:44:27
2025-10-17 12:44:30,863 - experiments.framework - INFO - 🕑 Finished: 2025-10-17 12:44:30
2025-10-17 12:44:30,863 - experiments.framework - INFO - Experiment completed successfully: data_validation_20251017_124427
2025-10-17 12:44:30,863 - experiments.framework - INFO - 🧹 Performing comprehensive memory cleanup...
2025-10-17 12:44:30,902 - experiments.framework - INFO - Garbage collection freed 18240 objects
2025-10-17 12:44:31,023 - experiments.framework - INFO - GPU memory cleanup attempted
2025-10-17 12:44:32,025 - experiments.framework - INFO - ✅ Comprehensive memory cleanup completed
2025-10-17 12:44:32,096 - experiments.framework - INFO - Pickle saving disabled to prevent large files - using JSON and CSV instead
2025-10-17 12:44:32,101 - experiments.framework - INFO - Saving 3 plots to /cs/student/msc/aibh/2024/madhavan/sgfa_qmap-pd/results/all_rois-sn_conf-age+sex+tiv_K2_MAD3.0_run_20251017_124427/data_validation_20251017_124427/plots
2025-10-17 12:44:33,794 - experiments.framework - INFO -   ✅ Saved plot: data_distribution_comparison
2025-10-17 12:44:34,849 - experiments.framework - INFO -   ✅ Saved plot: data_validation_feature_reduction
2025-10-17 12:44:35,219 - experiments.framework - INFO -   ✅ Saved plot: data_validation_variance_distribution
2025-10-17 12:44:35,219 - experiments.framework - INFO - All plots saved to: /cs/student/msc/aibh/2024/madhavan/sgfa_qmap-pd/results/all_rois-sn_conf-age+sex+tiv_K2_MAD3.0_run_20251017_124427/data_validation_20251017_124427/plots
2025-10-17 12:44:35,268 - experiments.framework - INFO - ExperimentFramework initialized with output dir: /cs/student/msc/aibh/2024/madhavan/sgfa_qmap-pd/results/all_rois-sn_conf-age+sex+tiv_K2_MAD3.0_run_20251017_124427
2025-10-17 12:44:35,268 - experiments.framework - INFO - ExperimentFramework initialized with output dir: /cs/student/msc/aibh/2024/madhavan/sgfa_qmap-pd/results/all_rois-sn_conf-age+sex+tiv_K2_MAD3.0_run_20251017_124427
2025-10-17 12:44:35,276 - experiments.framework - INFO - Starting experiment: robustness_tests_20251017_124435
2025-10-17 12:44:35,276 - experiments.framework - INFO - Starting experiment: robustness_tests_20251017_124435
2025-10-17 12:54:08,047 - experiments.framework - INFO - 🏁 EXPERIMENT COMPLETED: robustness_tests_20251017_124435
2025-10-17 12:54:08,047 - experiments.framework - INFO - 🏁 EXPERIMENT COMPLETED: robustness_tests_20251017_124435
2025-10-17 12:54:08,048 - experiments.framework - INFO - ⏱️  TOTAL RUNTIME: 9.5 minutes (573s)
2025-10-17 12:54:08,048 - experiments.framework - INFO - ⏱️  TOTAL RUNTIME: 9.5 minutes (573s)
2025-10-17 12:54:08,048 - experiments.framework - INFO - 🕐 Started: 2025-10-17 12:44:35
2025-10-17 12:54:08,048 - experiments.framework - INFO - 🕐 Started: 2025-10-17 12:44:35
2025-10-17 12:54:08,048 - experiments.framework - INFO - 🕑 Finished: 2025-10-17 12:54:08
2025-10-17 12:54:08,048 - experiments.framework - INFO - 🕑 Finished: 2025-10-17 12:54:08
2025-10-17 12:54:08,048 - experiments.framework - INFO - Experiment completed successfully: robustness_tests_20251017_124435
2025-10-17 12:54:08,048 - experiments.framework - INFO - Experiment completed successfully: robustness_tests_20251017_124435
2025-10-17 12:54:08,048 - experiments.framework - INFO - 🧹 Performing comprehensive memory cleanup...
2025-10-17 12:54:08,048 - experiments.framework - INFO - 🧹 Performing comprehensive memory cleanup...
2025-10-17 12:54:08,091 - experiments.framework - INFO - Garbage collection freed 145 objects
2025-10-17 12:54:08,091 - experiments.framework - INFO - Garbage collection freed 145 objects
2025-10-17 12:54:08,242 - experiments.framework - INFO - GPU memory cleanup attempted
2025-10-17 12:54:08,242 - experiments.framework - INFO - GPU memory cleanup attempted
2025-10-17 12:54:09,243 - experiments.framework - INFO - ✅ Comprehensive memory cleanup completed
2025-10-17 12:54:09,243 - experiments.framework - INFO - ✅ Comprehensive memory cleanup completed
2025-10-17 12:54:09,275 - experiments.framework - INFO - Pickle saving disabled to prevent large files - using JSON and CSV instead
2025-10-17 12:54:09,275 - experiments.framework - INFO - Pickle saving disabled to prevent large files - using JSON and CSV instead
2025-10-17 12:54:09,282 - experiments.framework - INFO - Saving 1 plots to /cs/student/msc/aibh/2024/madhavan/sgfa_qmap-pd/results/all_rois-sn_conf-age+sex+tiv_K2_MAD3.0_run_20251017_124427/robustness_tests_K2_percW33_slab4_2_20251017_124435/plots
2025-10-17 12:54:09,282 - experiments.framework - INFO - Saving 1 plots to /cs/student/msc/aibh/2024/madhavan/sgfa_qmap-pd/results/all_rois-sn_conf-age+sex+tiv_K2_MAD3.0_run_20251017_124427/robustness_tests_K2_percW33_slab4_2_20251017_124435/plots
2025-10-17 12:54:09,751 - experiments.framework - INFO -   ✅ Saved plot: robustness_summary
2025-10-17 12:54:09,751 - experiments.framework - INFO -   ✅ Saved plot: robustness_summary
2025-10-17 12:54:09,751 - experiments.framework - INFO - All plots saved to: /cs/student/msc/aibh/2024/madhavan/sgfa_qmap-pd/results/all_rois-sn_conf-age+sex+tiv_K2_MAD3.0_run_20251017_124427/robustness_tests_K2_percW33_slab4_2_20251017_124435/plots
2025-10-17 12:54:09,751 - experiments.framework - INFO - All plots saved to: /cs/student/msc/aibh/2024/madhavan/sgfa_qmap-pd/results/all_rois-sn_conf-age+sex+tiv_K2_MAD3.0_run_20251017_124427/robustness_tests_K2_percW33_slab4_2_20251017_124435/plots
