2025-10-21 15:26:45,440 - experiments.framework - INFO - ExperimentFramework initialized with output dir: /cs/student/msc/aibh/2024/madhavan/sgfa_qmap-pd/results/all_rois-sn_conf-age+sex+tiv_K2_percW33_MAD5.0_run_20251021_152645
2025-10-21 15:26:45,448 - experiments.framework - INFO - Starting experiment: data_validation_20251021_152645
2025-10-21 15:27:10,087 - experiments.framework - INFO - 🏁 EXPERIMENT COMPLETED: data_validation_20251021_152645
2025-10-21 15:27:10,087 - experiments.framework - INFO - ⏱️  TOTAL RUNTIME: 24.6 seconds
2025-10-21 15:27:10,087 - experiments.framework - INFO - 🕐 Started: 2025-10-21 15:26:45
2025-10-21 15:27:10,087 - experiments.framework - INFO - 🕑 Finished: 2025-10-21 15:27:10
2025-10-21 15:27:10,087 - experiments.framework - INFO - Experiment completed successfully: data_validation_20251021_152645
2025-10-21 15:27:10,087 - experiments.framework - INFO - 🧹 Performing comprehensive memory cleanup...
2025-10-21 15:27:10,175 - experiments.framework - INFO - Garbage collection freed 0 objects
2025-10-21 15:27:10,474 - experiments.framework - INFO - GPU memory cleanup attempted
2025-10-21 15:27:11,475 - experiments.framework - INFO - ✅ Comprehensive memory cleanup completed
2025-10-21 15:27:11,706 - experiments.framework - INFO - Pickle saving disabled to prevent large files - using JSON and CSV instead
2025-10-21 15:27:11,712 - experiments.framework - INFO - Saving 5 plots to /cs/student/msc/aibh/2024/madhavan/sgfa_qmap-pd/results/all_rois-sn_conf-age+sex+tiv_K2_percW33_MAD5.0_run_20251021_152645/data_validation_tree10_20251021_152645/plots
2025-10-21 15:27:13,600 - experiments.framework - INFO -   ✅ Saved plot: data_distribution_comparison
2025-10-21 15:27:15,475 - experiments.framework - INFO -   ✅ Saved plot: data_validation_inter_vs_intra_correlation
2025-10-21 15:27:19,599 - experiments.framework - INFO -   ✅ Saved plot: data_validation_block_covariance_matrix
2025-10-21 15:27:21,510 - experiments.framework - INFO -   ✅ Saved plot: data_validation_feature_reduction
2025-10-21 15:27:22,239 - experiments.framework - INFO -   ✅ Saved plot: data_validation_variance_distribution
2025-10-21 15:27:22,240 - experiments.framework - INFO - All plots saved to: /cs/student/msc/aibh/2024/madhavan/sgfa_qmap-pd/results/all_rois-sn_conf-age+sex+tiv_K2_percW33_MAD5.0_run_20251021_152645/data_validation_tree10_20251021_152645/plots
2025-10-21 15:27:22,334 - experiments.framework - INFO - ExperimentFramework initialized with output dir: /cs/student/msc/aibh/2024/madhavan/sgfa_qmap-pd/results/all_rois-sn_conf-age+sex+tiv_K2_percW33_MAD5.0_run_20251021_152645
2025-10-21 15:27:22,334 - experiments.framework - INFO - ExperimentFramework initialized with output dir: /cs/student/msc/aibh/2024/madhavan/sgfa_qmap-pd/results/all_rois-sn_conf-age+sex+tiv_K2_percW33_MAD5.0_run_20251021_152645
2025-10-21 15:27:22,342 - experiments.framework - INFO - Starting experiment: robustness_tests_20251021_152722
2025-10-21 15:27:22,342 - experiments.framework - INFO - Starting experiment: robustness_tests_20251021_152722
2025-10-21 15:29:50,141 - experiments.framework - INFO - 🏁 EXPERIMENT COMPLETED: robustness_tests_20251021_152722
2025-10-21 15:29:50,141 - experiments.framework - INFO - 🏁 EXPERIMENT COMPLETED: robustness_tests_20251021_152722
2025-10-21 15:29:50,142 - experiments.framework - INFO - ⏱️  TOTAL RUNTIME: 2.5 minutes (148s)
2025-10-21 15:29:50,142 - experiments.framework - INFO - ⏱️  TOTAL RUNTIME: 2.5 minutes (148s)
2025-10-21 15:29:50,142 - experiments.framework - INFO - 🕐 Started: 2025-10-21 15:27:22
2025-10-21 15:29:50,142 - experiments.framework - INFO - 🕐 Started: 2025-10-21 15:27:22
2025-10-21 15:29:50,142 - experiments.framework - INFO - 🕑 Finished: 2025-10-21 15:29:50
2025-10-21 15:29:50,142 - experiments.framework - INFO - 🕑 Finished: 2025-10-21 15:29:50
2025-10-21 15:29:50,142 - experiments.framework - INFO - Experiment completed successfully: robustness_tests_20251021_152722
2025-10-21 15:29:50,142 - experiments.framework - INFO - Experiment completed successfully: robustness_tests_20251021_152722
2025-10-21 15:29:50,142 - experiments.framework - INFO - 🧹 Performing comprehensive memory cleanup...
2025-10-21 15:29:50,142 - experiments.framework - INFO - 🧹 Performing comprehensive memory cleanup...
2025-10-21 15:29:50,233 - experiments.framework - INFO - Garbage collection freed 68 objects
2025-10-21 15:29:50,233 - experiments.framework - INFO - Garbage collection freed 68 objects
2025-10-21 15:29:50,559 - experiments.framework - INFO - GPU memory cleanup attempted
2025-10-21 15:29:50,559 - experiments.framework - INFO - GPU memory cleanup attempted
2025-10-21 15:29:51,560 - experiments.framework - INFO - ✅ Comprehensive memory cleanup completed
2025-10-21 15:29:51,560 - experiments.framework - INFO - ✅ Comprehensive memory cleanup completed
2025-10-21 15:29:51,626 - experiments.framework - INFO - Pickle saving disabled to prevent large files - using JSON and CSV instead
2025-10-21 15:29:51,626 - experiments.framework - INFO - Pickle saving disabled to prevent large files - using JSON and CSV instead
2025-10-21 15:29:51,632 - experiments.framework - INFO - Saving 1 plots to /cs/student/msc/aibh/2024/madhavan/sgfa_qmap-pd/results/all_rois-sn_conf-age+sex+tiv_K2_percW33_MAD5.0_run_20251021_152645/robustness_tests_fixed_K2_percW33_slab4_2_MAD5.0_tree10_20251021_152722/plots
2025-10-21 15:29:51,632 - experiments.framework - INFO - Saving 1 plots to /cs/student/msc/aibh/2024/madhavan/sgfa_qmap-pd/results/all_rois-sn_conf-age+sex+tiv_K2_percW33_MAD5.0_run_20251021_152645/robustness_tests_fixed_K2_percW33_slab4_2_MAD5.0_tree10_20251021_152722/plots
2025-10-21 15:29:52,558 - experiments.framework - INFO -   ✅ Saved plot: robustness_summary
2025-10-21 15:29:52,558 - experiments.framework - INFO -   ✅ Saved plot: robustness_summary
2025-10-21 15:29:52,558 - experiments.framework - INFO - All plots saved to: /cs/student/msc/aibh/2024/madhavan/sgfa_qmap-pd/results/all_rois-sn_conf-age+sex+tiv_K2_percW33_MAD5.0_run_20251021_152645/robustness_tests_fixed_K2_percW33_slab4_2_MAD5.0_tree10_20251021_152722/plots
2025-10-21 15:29:52,558 - experiments.framework - INFO - All plots saved to: /cs/student/msc/aibh/2024/madhavan/sgfa_qmap-pd/results/all_rois-sn_conf-age+sex+tiv_K2_percW33_MAD5.0_run_20251021_152645/robustness_tests_fixed_K2_percW33_slab4_2_MAD5.0_tree10_20251021_152722/plots
