2025-10-15 17:41:48,498 - experiments.framework - INFO - ExperimentFramework initialized with output dir: /cs/student/msc/aibh/2024/madhavan/sgfa_qmap-pd/results/all_rois-sn_conf-age+sex+tiv_K5_PCA-balanced_MAD10.0_run_20251015_174148
2025-10-15 17:41:48,510 - experiments.framework - INFO - Starting experiment: data_validation_20251015_174148
2025-10-15 17:41:53,874 - experiments.framework - INFO - 🏁 EXPERIMENT COMPLETED: data_validation_20251015_174148
2025-10-15 17:41:53,874 - experiments.framework - INFO - ⏱️  TOTAL RUNTIME: 5.4 seconds
2025-10-15 17:41:53,874 - experiments.framework - INFO - 🕐 Started: 2025-10-15 17:41:48
2025-10-15 17:41:53,874 - experiments.framework - INFO - 🕑 Finished: 2025-10-15 17:41:53
2025-10-15 17:41:53,874 - experiments.framework - INFO - Experiment completed successfully: data_validation_20251015_174148
2025-10-15 17:41:53,874 - experiments.framework - INFO - 🧹 Performing comprehensive memory cleanup...
2025-10-15 17:41:53,956 - experiments.framework - INFO - Garbage collection freed 31626 objects
2025-10-15 17:41:54,199 - experiments.framework - INFO - GPU memory cleanup attempted
2025-10-15 17:41:55,200 - experiments.framework - INFO - ✅ Comprehensive memory cleanup completed
2025-10-15 17:41:55,360 - experiments.framework - INFO - Pickle saving disabled to prevent large files - using JSON and CSV instead
2025-10-15 17:41:55,366 - experiments.framework - INFO - Saving 3 plots to /cs/student/msc/aibh/2024/madhavan/sgfa_qmap-pd/results/all_rois-sn_conf-age+sex+tiv_K5_PCA-balanced_MAD10.0_run_20251015_174148/data_validation_20251015_174148/plots
2025-10-15 17:41:57,661 - experiments.framework - INFO -   ✅ Saved plot: data_distribution_comparison
2025-10-15 17:41:59,604 - experiments.framework - INFO -   ✅ Saved plot: data_validation_feature_reduction
2025-10-15 17:42:00,340 - experiments.framework - INFO -   ✅ Saved plot: data_validation_variance_distribution
2025-10-15 17:42:00,340 - experiments.framework - INFO - All plots saved to: /cs/student/msc/aibh/2024/madhavan/sgfa_qmap-pd/results/all_rois-sn_conf-age+sex+tiv_K5_PCA-balanced_MAD10.0_run_20251015_174148/data_validation_20251015_174148/plots
2025-10-15 17:42:00,425 - experiments.framework - INFO - ExperimentFramework initialized with output dir: /cs/student/msc/aibh/2024/madhavan/sgfa_qmap-pd/results/all_rois-sn_conf-age+sex+tiv_K5_PCA-balanced_MAD10.0_run_20251015_174148
2025-10-15 17:42:00,425 - experiments.framework - INFO - ExperimentFramework initialized with output dir: /cs/student/msc/aibh/2024/madhavan/sgfa_qmap-pd/results/all_rois-sn_conf-age+sex+tiv_K5_PCA-balanced_MAD10.0_run_20251015_174148
2025-10-15 17:42:00,434 - experiments.framework - INFO - Starting experiment: robustness_tests_20251015_174200
2025-10-15 17:42:00,434 - experiments.framework - INFO - Starting experiment: robustness_tests_20251015_174200
2025-10-15 17:45:52,086 - experiments.framework - INFO - 🧹 Performing comprehensive memory cleanup...
2025-10-15 17:45:52,086 - experiments.framework - INFO - 🧹 Performing comprehensive memory cleanup...
2025-10-15 17:45:52,208 - experiments.framework - INFO - Garbage collection freed 0 objects
2025-10-15 17:45:52,208 - experiments.framework - INFO - Garbage collection freed 0 objects
2025-10-15 17:45:52,633 - experiments.framework - INFO - GPU memory cleanup attempted
2025-10-15 17:45:52,633 - experiments.framework - INFO - GPU memory cleanup attempted
2025-10-15 17:45:53,634 - experiments.framework - INFO - ✅ Comprehensive memory cleanup completed
2025-10-15 17:45:53,634 - experiments.framework - INFO - ✅ Comprehensive memory cleanup completed
