2025-10-20 20:07:55,610 - experiments.framework - INFO - ExperimentFramework initialized with output dir: /cs/student/msc/aibh/2024/madhavan/sgfa_qmap-pd/results/all_rois-sn_conf-age+sex+tiv_K2_percW33_MAD3.0_run_20251020_200755
2025-10-20 20:07:55,614 - experiments.framework - INFO - Starting experiment: data_validation_20251020_200755
2025-10-20 20:08:03,906 - experiments.framework - INFO - 🏁 EXPERIMENT COMPLETED: data_validation_20251020_200755
2025-10-20 20:08:03,907 - experiments.framework - INFO - ⏱️  TOTAL RUNTIME: 8.3 seconds
2025-10-20 20:08:03,907 - experiments.framework - INFO - 🕐 Started: 2025-10-20 20:07:55
2025-10-20 20:08:03,907 - experiments.framework - INFO - 🕑 Finished: 2025-10-20 20:08:03
2025-10-20 20:08:03,907 - experiments.framework - INFO - Experiment completed successfully: data_validation_20251020_200755
2025-10-20 20:08:03,907 - experiments.framework - INFO - 🧹 Performing comprehensive memory cleanup...
2025-10-20 20:08:03,976 - experiments.framework - INFO - Garbage collection freed 0 objects
2025-10-20 20:08:04,182 - experiments.framework - INFO - GPU memory cleanup attempted
2025-10-20 20:08:05,183 - experiments.framework - INFO - ✅ Comprehensive memory cleanup completed
2025-10-20 20:08:05,275 - experiments.framework - INFO - Pickle saving disabled to prevent large files - using JSON and CSV instead
2025-10-20 20:08:05,278 - experiments.framework - INFO - Saving 6 plots to /cs/student/msc/aibh/2024/madhavan/sgfa_qmap-pd/results/all_rois-sn_conf-age+sex+tiv_K2_percW33_MAD3.0_run_20251020_200755/data_validation_tree10_20251020_200755/plots
2025-10-20 20:08:06,017 - experiments.framework - INFO -   ✅ Saved plot: data_distribution_comparison
2025-10-20 20:08:06,752 - experiments.framework - INFO -   ✅ Saved plot: covariance_analysis
2025-10-20 20:08:07,509 - experiments.framework - INFO -   ✅ Saved plot: data_validation_block_covariance_matrix
2025-10-20 20:08:09,357 - experiments.framework - INFO -   ✅ Saved plot: data_validation_inter_vs_intra_correlation
2025-10-20 20:08:09,656 - experiments.framework - INFO -   ✅ Saved plot: data_validation_feature_reduction
2025-10-20 20:08:10,392 - experiments.framework - INFO -   ✅ Saved plot: data_validation_variance_distribution
2025-10-20 20:08:10,392 - experiments.framework - INFO - All plots saved to: /cs/student/msc/aibh/2024/madhavan/sgfa_qmap-pd/results/all_rois-sn_conf-age+sex+tiv_K2_percW33_MAD3.0_run_20251020_200755/data_validation_tree10_20251020_200755/plots
2025-10-20 20:08:10,473 - experiments.framework - INFO - ExperimentFramework initialized with output dir: /cs/student/msc/aibh/2024/madhavan/sgfa_qmap-pd/results/all_rois-sn_conf-age+sex+tiv_K2_percW33_MAD3.0_run_20251020_200755
2025-10-20 20:08:10,473 - experiments.framework - INFO - ExperimentFramework initialized with output dir: /cs/student/msc/aibh/2024/madhavan/sgfa_qmap-pd/results/all_rois-sn_conf-age+sex+tiv_K2_percW33_MAD3.0_run_20251020_200755
2025-10-20 20:08:10,479 - experiments.framework - INFO - Starting experiment: robustness_tests_20251020_200810
2025-10-20 20:08:10,479 - experiments.framework - INFO - Starting experiment: robustness_tests_20251020_200810
2025-10-20 20:16:03,424 - experiments.framework - INFO - 🏁 EXPERIMENT COMPLETED: robustness_tests_20251020_200810
2025-10-20 20:16:03,424 - experiments.framework - INFO - 🏁 EXPERIMENT COMPLETED: robustness_tests_20251020_200810
2025-10-20 20:16:03,425 - experiments.framework - INFO - ⏱️  TOTAL RUNTIME: 7.9 minutes (473s)
2025-10-20 20:16:03,425 - experiments.framework - INFO - ⏱️  TOTAL RUNTIME: 7.9 minutes (473s)
2025-10-20 20:16:03,425 - experiments.framework - INFO - 🕐 Started: 2025-10-20 20:08:10
2025-10-20 20:16:03,425 - experiments.framework - INFO - 🕐 Started: 2025-10-20 20:08:10
2025-10-20 20:16:03,425 - experiments.framework - INFO - 🕑 Finished: 2025-10-20 20:16:03
2025-10-20 20:16:03,425 - experiments.framework - INFO - 🕑 Finished: 2025-10-20 20:16:03
2025-10-20 20:16:03,425 - experiments.framework - INFO - Experiment completed successfully: robustness_tests_20251020_200810
2025-10-20 20:16:03,425 - experiments.framework - INFO - Experiment completed successfully: robustness_tests_20251020_200810
2025-10-20 20:16:03,425 - experiments.framework - INFO - 🧹 Performing comprehensive memory cleanup...
2025-10-20 20:16:03,425 - experiments.framework - INFO - 🧹 Performing comprehensive memory cleanup...
2025-10-20 20:16:03,495 - experiments.framework - INFO - Garbage collection freed 73 objects
2025-10-20 20:16:03,495 - experiments.framework - INFO - Garbage collection freed 73 objects
2025-10-20 20:16:03,716 - experiments.framework - INFO - GPU memory cleanup attempted
2025-10-20 20:16:03,716 - experiments.framework - INFO - GPU memory cleanup attempted
2025-10-20 20:16:04,717 - experiments.framework - INFO - ✅ Comprehensive memory cleanup completed
2025-10-20 20:16:04,717 - experiments.framework - INFO - ✅ Comprehensive memory cleanup completed
2025-10-20 20:16:04,744 - experiments.framework - INFO - Pickle saving disabled to prevent large files - using JSON and CSV instead
2025-10-20 20:16:04,744 - experiments.framework - INFO - Pickle saving disabled to prevent large files - using JSON and CSV instead
2025-10-20 20:16:04,746 - experiments.framework - INFO - Saving 1 plots to /cs/student/msc/aibh/2024/madhavan/sgfa_qmap-pd/results/all_rois-sn_conf-age+sex+tiv_K2_percW33_MAD3.0_run_20251020_200755/robustness_tests_fixed_K2_percW33_slab4_2_MAD3.0_tree10_20251020_200810/plots
2025-10-20 20:16:04,746 - experiments.framework - INFO - Saving 1 plots to /cs/student/msc/aibh/2024/madhavan/sgfa_qmap-pd/results/all_rois-sn_conf-age+sex+tiv_K2_percW33_MAD3.0_run_20251020_200755/robustness_tests_fixed_K2_percW33_slab4_2_MAD3.0_tree10_20251020_200810/plots
2025-10-20 20:16:05,135 - experiments.framework - INFO -   ✅ Saved plot: robustness_summary
2025-10-20 20:16:05,135 - experiments.framework - INFO -   ✅ Saved plot: robustness_summary
2025-10-20 20:16:05,136 - experiments.framework - INFO - All plots saved to: /cs/student/msc/aibh/2024/madhavan/sgfa_qmap-pd/results/all_rois-sn_conf-age+sex+tiv_K2_percW33_MAD3.0_run_20251020_200755/robustness_tests_fixed_K2_percW33_slab4_2_MAD3.0_tree10_20251020_200810/plots
2025-10-20 20:16:05,136 - experiments.framework - INFO - All plots saved to: /cs/student/msc/aibh/2024/madhavan/sgfa_qmap-pd/results/all_rois-sn_conf-age+sex+tiv_K2_percW33_MAD3.0_run_20251020_200755/robustness_tests_fixed_K2_percW33_slab4_2_MAD3.0_tree10_20251020_200810/plots
