2025-10-21 14:34:23,457 - experiments.framework - INFO - ExperimentFramework initialized with output dir: /cs/student/msc/aibh/2024/madhavan/sgfa_qmap-pd/results/all_rois-sn_conf-age+sex+tiv_K2_percW33_MAD5.0_run_20251021_143423
2025-10-21 14:34:23,468 - experiments.framework - INFO - Starting experiment: data_validation_20251021_143423
2025-10-21 14:34:48,032 - experiments.framework - INFO - 🏁 EXPERIMENT COMPLETED: data_validation_20251021_143423
2025-10-21 14:34:48,032 - experiments.framework - INFO - ⏱️  TOTAL RUNTIME: 24.6 seconds
2025-10-21 14:34:48,033 - experiments.framework - INFO - 🕐 Started: 2025-10-21 14:34:23
2025-10-21 14:34:48,033 - experiments.framework - INFO - 🕑 Finished: 2025-10-21 14:34:48
2025-10-21 14:34:48,033 - experiments.framework - INFO - Experiment completed successfully: data_validation_20251021_143423
2025-10-21 14:34:48,033 - experiments.framework - INFO - 🧹 Performing comprehensive memory cleanup...
2025-10-21 14:34:48,116 - experiments.framework - INFO - Garbage collection freed 0 objects
2025-10-21 14:34:48,409 - experiments.framework - INFO - GPU memory cleanup attempted
2025-10-21 14:34:49,410 - experiments.framework - INFO - ✅ Comprehensive memory cleanup completed
2025-10-21 14:34:49,636 - experiments.framework - INFO - Pickle saving disabled to prevent large files - using JSON and CSV instead
2025-10-21 14:34:49,643 - experiments.framework - INFO - Saving 5 plots to /cs/student/msc/aibh/2024/madhavan/sgfa_qmap-pd/results/all_rois-sn_conf-age+sex+tiv_K2_percW33_MAD5.0_run_20251021_143423/data_validation_tree10_20251021_143423/plots
2025-10-21 14:34:51,503 - experiments.framework - INFO -   ✅ Saved plot: data_distribution_comparison
2025-10-21 14:34:53,379 - experiments.framework - INFO -   ✅ Saved plot: data_validation_inter_vs_intra_correlation
2025-10-21 14:34:57,505 - experiments.framework - INFO -   ✅ Saved plot: data_validation_block_covariance_matrix
2025-10-21 14:34:59,411 - experiments.framework - INFO -   ✅ Saved plot: data_validation_feature_reduction
2025-10-21 14:35:00,227 - experiments.framework - INFO -   ✅ Saved plot: data_validation_variance_distribution
2025-10-21 14:35:00,227 - experiments.framework - INFO - All plots saved to: /cs/student/msc/aibh/2024/madhavan/sgfa_qmap-pd/results/all_rois-sn_conf-age+sex+tiv_K2_percW33_MAD5.0_run_20251021_143423/data_validation_tree10_20251021_143423/plots
2025-10-21 14:35:00,321 - experiments.framework - INFO - ExperimentFramework initialized with output dir: /cs/student/msc/aibh/2024/madhavan/sgfa_qmap-pd/results/all_rois-sn_conf-age+sex+tiv_K2_percW33_MAD5.0_run_20251021_143423
2025-10-21 14:35:00,321 - experiments.framework - INFO - ExperimentFramework initialized with output dir: /cs/student/msc/aibh/2024/madhavan/sgfa_qmap-pd/results/all_rois-sn_conf-age+sex+tiv_K2_percW33_MAD5.0_run_20251021_143423
2025-10-21 14:35:00,337 - experiments.framework - INFO - Starting experiment: robustness_tests_20251021_143500
2025-10-21 14:35:00,337 - experiments.framework - INFO - Starting experiment: robustness_tests_20251021_143500
2025-10-21 14:37:28,296 - experiments.framework - INFO - 🏁 EXPERIMENT COMPLETED: robustness_tests_20251021_143500
2025-10-21 14:37:28,296 - experiments.framework - INFO - 🏁 EXPERIMENT COMPLETED: robustness_tests_20251021_143500
2025-10-21 14:37:28,296 - experiments.framework - INFO - ⏱️  TOTAL RUNTIME: 2.5 minutes (148s)
2025-10-21 14:37:28,296 - experiments.framework - INFO - ⏱️  TOTAL RUNTIME: 2.5 minutes (148s)
2025-10-21 14:37:28,296 - experiments.framework - INFO - 🕐 Started: 2025-10-21 14:35:00
2025-10-21 14:37:28,296 - experiments.framework - INFO - 🕐 Started: 2025-10-21 14:35:00
2025-10-21 14:37:28,297 - experiments.framework - INFO - 🕑 Finished: 2025-10-21 14:37:28
2025-10-21 14:37:28,297 - experiments.framework - INFO - 🕑 Finished: 2025-10-21 14:37:28
2025-10-21 14:37:28,297 - experiments.framework - INFO - Experiment completed successfully: robustness_tests_20251021_143500
2025-10-21 14:37:28,297 - experiments.framework - INFO - Experiment completed successfully: robustness_tests_20251021_143500
2025-10-21 14:37:28,297 - experiments.framework - INFO - 🧹 Performing comprehensive memory cleanup...
2025-10-21 14:37:28,297 - experiments.framework - INFO - 🧹 Performing comprehensive memory cleanup...
2025-10-21 14:37:28,399 - experiments.framework - INFO - Garbage collection freed 68 objects
2025-10-21 14:37:28,399 - experiments.framework - INFO - Garbage collection freed 68 objects
2025-10-21 14:37:28,726 - experiments.framework - INFO - GPU memory cleanup attempted
2025-10-21 14:37:28,726 - experiments.framework - INFO - GPU memory cleanup attempted
2025-10-21 14:37:29,727 - experiments.framework - INFO - ✅ Comprehensive memory cleanup completed
2025-10-21 14:37:29,727 - experiments.framework - INFO - ✅ Comprehensive memory cleanup completed
2025-10-21 14:37:29,792 - experiments.framework - INFO - Pickle saving disabled to prevent large files - using JSON and CSV instead
2025-10-21 14:37:29,792 - experiments.framework - INFO - Pickle saving disabled to prevent large files - using JSON and CSV instead
2025-10-21 14:37:29,798 - experiments.framework - INFO - Saving 1 plots to /cs/student/msc/aibh/2024/madhavan/sgfa_qmap-pd/results/all_rois-sn_conf-age+sex+tiv_K2_percW33_MAD5.0_run_20251021_143423/robustness_tests_fixed_K2_percW33_slab4_2_MAD5.0_tree10_20251021_143500/plots
2025-10-21 14:37:29,798 - experiments.framework - INFO - Saving 1 plots to /cs/student/msc/aibh/2024/madhavan/sgfa_qmap-pd/results/all_rois-sn_conf-age+sex+tiv_K2_percW33_MAD5.0_run_20251021_143423/robustness_tests_fixed_K2_percW33_slab4_2_MAD5.0_tree10_20251021_143500/plots
2025-10-21 14:37:30,743 - experiments.framework - INFO -   ✅ Saved plot: robustness_summary
2025-10-21 14:37:30,743 - experiments.framework - INFO -   ✅ Saved plot: robustness_summary
2025-10-21 14:37:30,743 - experiments.framework - INFO - All plots saved to: /cs/student/msc/aibh/2024/madhavan/sgfa_qmap-pd/results/all_rois-sn_conf-age+sex+tiv_K2_percW33_MAD5.0_run_20251021_143423/robustness_tests_fixed_K2_percW33_slab4_2_MAD5.0_tree10_20251021_143500/plots
2025-10-21 14:37:30,743 - experiments.framework - INFO - All plots saved to: /cs/student/msc/aibh/2024/madhavan/sgfa_qmap-pd/results/all_rois-sn_conf-age+sex+tiv_K2_percW33_MAD5.0_run_20251021_143423/robustness_tests_fixed_K2_percW33_slab4_2_MAD5.0_tree10_20251021_143500/plots
