2025-10-15 17:13:24,386 - experiments.framework - INFO - ExperimentFramework initialized with output dir: /cs/student/msc/aibh/2024/madhavan/sgfa_qmap-pd/results/all_rois-sn_conf-age+sex+tiv_K5_MAD3.0_run_20251015_171324
2025-10-15 17:13:24,399 - experiments.framework - INFO - Starting experiment: data_validation_20251015_171324
2025-10-15 17:13:29,541 - experiments.framework - INFO - 🏁 EXPERIMENT COMPLETED: data_validation_20251015_171324
2025-10-15 17:13:29,541 - experiments.framework - INFO - ⏱️  TOTAL RUNTIME: 5.2 seconds
2025-10-15 17:13:29,541 - experiments.framework - INFO - 🕐 Started: 2025-10-15 17:13:24
2025-10-15 17:13:29,542 - experiments.framework - INFO - 🕑 Finished: 2025-10-15 17:13:29
2025-10-15 17:13:29,542 - experiments.framework - INFO - Experiment completed successfully: data_validation_20251015_171324
2025-10-15 17:13:29,542 - experiments.framework - INFO - 🧹 Performing comprehensive memory cleanup...
2025-10-15 17:13:29,619 - experiments.framework - INFO - Garbage collection freed 18240 objects
2025-10-15 17:13:29,863 - experiments.framework - INFO - GPU memory cleanup attempted
2025-10-15 17:13:30,864 - experiments.framework - INFO - ✅ Comprehensive memory cleanup completed
2025-10-15 17:13:31,018 - experiments.framework - INFO - Pickle saving disabled to prevent large files - using JSON and CSV instead
2025-10-15 17:13:31,023 - experiments.framework - INFO - Saving 3 plots to /cs/student/msc/aibh/2024/madhavan/sgfa_qmap-pd/results/all_rois-sn_conf-age+sex+tiv_K5_MAD3.0_run_20251015_171324/data_validation_20251015_171324/plots
2025-10-15 17:13:33,210 - experiments.framework - INFO -   ✅ Saved plot: data_distribution_comparison
2025-10-15 17:13:35,151 - experiments.framework - INFO -   ✅ Saved plot: data_validation_feature_reduction
2025-10-15 17:13:35,889 - experiments.framework - INFO -   ✅ Saved plot: data_validation_variance_distribution
2025-10-15 17:13:35,890 - experiments.framework - INFO - All plots saved to: /cs/student/msc/aibh/2024/madhavan/sgfa_qmap-pd/results/all_rois-sn_conf-age+sex+tiv_K5_MAD3.0_run_20251015_171324/data_validation_20251015_171324/plots
2025-10-15 17:13:35,977 - experiments.framework - INFO - ExperimentFramework initialized with output dir: /cs/student/msc/aibh/2024/madhavan/sgfa_qmap-pd/results/all_rois-sn_conf-age+sex+tiv_K5_MAD3.0_run_20251015_171324
2025-10-15 17:13:35,977 - experiments.framework - INFO - ExperimentFramework initialized with output dir: /cs/student/msc/aibh/2024/madhavan/sgfa_qmap-pd/results/all_rois-sn_conf-age+sex+tiv_K5_MAD3.0_run_20251015_171324
2025-10-15 17:13:35,985 - experiments.framework - INFO - Starting experiment: robustness_tests_20251015_171335
2025-10-15 17:13:35,985 - experiments.framework - INFO - Starting experiment: robustness_tests_20251015_171335
2025-10-15 17:22:06,669 - experiments.framework - INFO - 🏁 EXPERIMENT COMPLETED: robustness_tests_20251015_171335
2025-10-15 17:22:06,669 - experiments.framework - INFO - 🏁 EXPERIMENT COMPLETED: robustness_tests_20251015_171335
2025-10-15 17:22:06,671 - experiments.framework - INFO - ⏱️  TOTAL RUNTIME: 8.5 minutes (511s)
2025-10-15 17:22:06,671 - experiments.framework - INFO - ⏱️  TOTAL RUNTIME: 8.5 minutes (511s)
2025-10-15 17:22:06,671 - experiments.framework - INFO - 🕐 Started: 2025-10-15 17:13:35
2025-10-15 17:22:06,671 - experiments.framework - INFO - 🕐 Started: 2025-10-15 17:13:35
2025-10-15 17:22:06,671 - experiments.framework - INFO - 🕑 Finished: 2025-10-15 17:22:06
2025-10-15 17:22:06,671 - experiments.framework - INFO - 🕑 Finished: 2025-10-15 17:22:06
2025-10-15 17:22:06,671 - experiments.framework - INFO - Experiment completed successfully: robustness_tests_20251015_171335
2025-10-15 17:22:06,671 - experiments.framework - INFO - Experiment completed successfully: robustness_tests_20251015_171335
2025-10-15 17:22:06,671 - experiments.framework - INFO - 🧹 Performing comprehensive memory cleanup...
2025-10-15 17:22:06,671 - experiments.framework - INFO - 🧹 Performing comprehensive memory cleanup...
2025-10-15 17:22:06,837 - experiments.framework - INFO - Garbage collection freed 165 objects
2025-10-15 17:22:06,837 - experiments.framework - INFO - Garbage collection freed 165 objects
2025-10-15 17:22:07,470 - experiments.framework - INFO - GPU memory cleanup attempted
2025-10-15 17:22:07,470 - experiments.framework - INFO - GPU memory cleanup attempted
2025-10-15 17:22:08,471 - experiments.framework - INFO - ✅ Comprehensive memory cleanup completed
2025-10-15 17:22:08,471 - experiments.framework - INFO - ✅ Comprehensive memory cleanup completed
2025-10-15 17:22:08,541 - experiments.framework - INFO - Pickle saving disabled to prevent large files - using JSON and CSV instead
2025-10-15 17:22:08,541 - experiments.framework - INFO - Pickle saving disabled to prevent large files - using JSON and CSV instead
2025-10-15 17:22:08,549 - experiments.framework - INFO - Saving 1 plots to /cs/student/msc/aibh/2024/madhavan/sgfa_qmap-pd/results/all_rois-sn_conf-age+sex+tiv_K5_MAD3.0_run_20251015_171324/robustness_tests_20251015_171335/plots
2025-10-15 17:22:08,549 - experiments.framework - INFO - Saving 1 plots to /cs/student/msc/aibh/2024/madhavan/sgfa_qmap-pd/results/all_rois-sn_conf-age+sex+tiv_K5_MAD3.0_run_20251015_171324/robustness_tests_20251015_171335/plots
2025-10-15 17:22:09,503 - experiments.framework - INFO -   ✅ Saved plot: robustness_summary
2025-10-15 17:22:09,503 - experiments.framework - INFO -   ✅ Saved plot: robustness_summary
2025-10-15 17:22:09,503 - experiments.framework - INFO - All plots saved to: /cs/student/msc/aibh/2024/madhavan/sgfa_qmap-pd/results/all_rois-sn_conf-age+sex+tiv_K5_MAD3.0_run_20251015_171324/robustness_tests_20251015_171335/plots
2025-10-15 17:22:09,503 - experiments.framework - INFO - All plots saved to: /cs/student/msc/aibh/2024/madhavan/sgfa_qmap-pd/results/all_rois-sn_conf-age+sex+tiv_K5_MAD3.0_run_20251015_171324/robustness_tests_20251015_171335/plots
2025-10-15 19:50:02,966 - experiments.framework - INFO - ExperimentFramework initialized with output dir: /cs/student/msc/aibh/2024/madhavan/sgfa_qmap-pd/results/all_rois-sn_conf-age+sex+tiv_K5_MAD3.0_run_20251015_171324
2025-10-15 19:50:02,966 - experiments.framework - INFO - ExperimentFramework initialized with output dir: /cs/student/msc/aibh/2024/madhavan/sgfa_qmap-pd/results/all_rois-sn_conf-age+sex+tiv_K5_MAD3.0_run_20251015_171324
2025-10-15 19:50:02,966 - experiments.framework - INFO - ExperimentFramework initialized with output dir: /cs/student/msc/aibh/2024/madhavan/sgfa_qmap-pd/results/all_rois-sn_conf-age+sex+tiv_K5_MAD3.0_run_20251015_171324
2025-10-15 19:50:02,978 - experiments.framework - INFO - Starting experiment: clinical_validation_20251015_195002
2025-10-15 19:50:02,978 - experiments.framework - INFO - Starting experiment: clinical_validation_20251015_195002
2025-10-15 19:50:02,978 - experiments.framework - INFO - Starting experiment: clinical_validation_20251015_195002
2025-10-15 19:53:01,747 - experiments.framework - INFO - 🏁 EXPERIMENT COMPLETED: clinical_validation_20251015_195002
2025-10-15 19:53:01,747 - experiments.framework - INFO - 🏁 EXPERIMENT COMPLETED: clinical_validation_20251015_195002
2025-10-15 19:53:01,747 - experiments.framework - INFO - 🏁 EXPERIMENT COMPLETED: clinical_validation_20251015_195002
2025-10-15 19:53:01,748 - experiments.framework - INFO - ⏱️  TOTAL RUNTIME: 3.0 minutes (179s)
2025-10-15 19:53:01,748 - experiments.framework - INFO - ⏱️  TOTAL RUNTIME: 3.0 minutes (179s)
2025-10-15 19:53:01,748 - experiments.framework - INFO - ⏱️  TOTAL RUNTIME: 3.0 minutes (179s)
2025-10-15 19:53:01,748 - experiments.framework - INFO - 🕐 Started: 2025-10-15 19:50:02
2025-10-15 19:53:01,748 - experiments.framework - INFO - 🕐 Started: 2025-10-15 19:50:02
2025-10-15 19:53:01,748 - experiments.framework - INFO - 🕐 Started: 2025-10-15 19:50:02
2025-10-15 19:53:01,749 - experiments.framework - INFO - 🕑 Finished: 2025-10-15 19:53:01
2025-10-15 19:53:01,749 - experiments.framework - INFO - 🕑 Finished: 2025-10-15 19:53:01
2025-10-15 19:53:01,749 - experiments.framework - INFO - 🕑 Finished: 2025-10-15 19:53:01
2025-10-15 19:53:01,749 - experiments.framework - INFO - Experiment completed successfully: clinical_validation_20251015_195002
2025-10-15 19:53:01,749 - experiments.framework - INFO - Experiment completed successfully: clinical_validation_20251015_195002
2025-10-15 19:53:01,749 - experiments.framework - INFO - Experiment completed successfully: clinical_validation_20251015_195002
2025-10-15 19:53:01,749 - experiments.framework - INFO - 🧹 Performing comprehensive memory cleanup...
2025-10-15 19:53:01,749 - experiments.framework - INFO - 🧹 Performing comprehensive memory cleanup...
2025-10-15 19:53:01,749 - experiments.framework - INFO - 🧹 Performing comprehensive memory cleanup...
2025-10-15 19:53:02,001 - experiments.framework - INFO - Garbage collection freed 330 objects
2025-10-15 19:53:02,001 - experiments.framework - INFO - Garbage collection freed 330 objects
2025-10-15 19:53:02,001 - experiments.framework - INFO - Garbage collection freed 330 objects
2025-10-15 19:53:02,997 - experiments.framework - INFO - GPU memory cleanup attempted
2025-10-15 19:53:02,997 - experiments.framework - INFO - GPU memory cleanup attempted
2025-10-15 19:53:02,997 - experiments.framework - INFO - GPU memory cleanup attempted
2025-10-15 19:53:03,998 - experiments.framework - INFO - ✅ Comprehensive memory cleanup completed
2025-10-15 19:53:03,998 - experiments.framework - INFO - ✅ Comprehensive memory cleanup completed
2025-10-15 19:53:03,998 - experiments.framework - INFO - ✅ Comprehensive memory cleanup completed
2025-10-15 19:53:04,046 - experiments.framework - INFO - Pickle saving disabled to prevent large files - using JSON and CSV instead
2025-10-15 19:53:04,046 - experiments.framework - INFO - Pickle saving disabled to prevent large files - using JSON and CSV instead
2025-10-15 19:53:04,046 - experiments.framework - INFO - Pickle saving disabled to prevent large files - using JSON and CSV instead
2025-10-15 19:53:04,053 - experiments.framework - INFO - Saving 1 plots to /cs/student/msc/aibh/2024/madhavan/sgfa_qmap-pd/results/all_rois-sn_conf-age+sex+tiv_K5_MAD3.0_run_20251015_171324/clinical_validation_20251015_195002/plots
2025-10-15 19:53:04,053 - experiments.framework - INFO - Saving 1 plots to /cs/student/msc/aibh/2024/madhavan/sgfa_qmap-pd/results/all_rois-sn_conf-age+sex+tiv_K5_MAD3.0_run_20251015_171324/clinical_validation_20251015_195002/plots
2025-10-15 19:53:04,053 - experiments.framework - INFO - Saving 1 plots to /cs/student/msc/aibh/2024/madhavan/sgfa_qmap-pd/results/all_rois-sn_conf-age+sex+tiv_K5_MAD3.0_run_20251015_171324/clinical_validation_20251015_195002/plots
2025-10-15 19:53:04,722 - experiments.framework - INFO -   ✅ Saved plot: clinical_validation_summary
2025-10-15 19:53:04,722 - experiments.framework - INFO -   ✅ Saved plot: clinical_validation_summary
2025-10-15 19:53:04,722 - experiments.framework - INFO -   ✅ Saved plot: clinical_validation_summary
2025-10-15 19:53:04,722 - experiments.framework - INFO - All plots saved to: /cs/student/msc/aibh/2024/madhavan/sgfa_qmap-pd/results/all_rois-sn_conf-age+sex+tiv_K5_MAD3.0_run_20251015_171324/clinical_validation_20251015_195002/plots
2025-10-15 19:53:04,722 - experiments.framework - INFO - All plots saved to: /cs/student/msc/aibh/2024/madhavan/sgfa_qmap-pd/results/all_rois-sn_conf-age+sex+tiv_K5_MAD3.0_run_20251015_171324/clinical_validation_20251015_195002/plots
2025-10-15 19:53:04,722 - experiments.framework - INFO - All plots saved to: /cs/student/msc/aibh/2024/madhavan/sgfa_qmap-pd/results/all_rois-sn_conf-age+sex+tiv_K5_MAD3.0_run_20251015_171324/clinical_validation_20251015_195002/plots
