2025-10-15 17:51:44,345 - experiments.framework - INFO - ExperimentFramework initialized with output dir: /cs/student/msc/aibh/2024/madhavan/sgfa_qmap-pd/results/all_rois-sn_conf-age+sex+tiv_K5_PCA-balanced_MAD20.0_run_20251015_175144
2025-10-15 17:51:44,350 - experiments.framework - INFO - Starting experiment: data_validation_20251015_175144
2025-10-15 17:51:47,366 - experiments.framework - INFO - 🏁 EXPERIMENT COMPLETED: data_validation_20251015_175144
2025-10-15 17:51:47,367 - experiments.framework - INFO - ⏱️  TOTAL RUNTIME: 3.0 seconds
2025-10-15 17:51:47,367 - experiments.framework - INFO - 🕐 Started: 2025-10-15 17:51:44
2025-10-15 17:51:47,367 - experiments.framework - INFO - 🕑 Finished: 2025-10-15 17:51:47
2025-10-15 17:51:47,367 - experiments.framework - INFO - Experiment completed successfully: data_validation_20251015_175144
2025-10-15 17:51:47,367 - experiments.framework - INFO - 🧹 Performing comprehensive memory cleanup...
2025-10-15 17:51:47,401 - experiments.framework - INFO - Garbage collection freed 31822 objects
2025-10-15 17:51:47,504 - experiments.framework - INFO - GPU memory cleanup attempted
2025-10-15 17:51:48,505 - experiments.framework - INFO - ✅ Comprehensive memory cleanup completed
2025-10-15 17:51:48,570 - experiments.framework - INFO - Pickle saving disabled to prevent large files - using JSON and CSV instead
2025-10-15 17:51:48,573 - experiments.framework - INFO - Saving 3 plots to /cs/student/msc/aibh/2024/madhavan/sgfa_qmap-pd/results/all_rois-sn_conf-age+sex+tiv_K5_PCA-balanced_MAD20.0_run_20251015_175144/data_validation_20251015_175144/plots
2025-10-15 17:51:50,055 - experiments.framework - INFO -   ✅ Saved plot: data_distribution_comparison
2025-10-15 17:51:51,051 - experiments.framework - INFO -   ✅ Saved plot: data_validation_feature_reduction
2025-10-15 17:51:51,418 - experiments.framework - INFO -   ✅ Saved plot: data_validation_variance_distribution
2025-10-15 17:51:51,418 - experiments.framework - INFO - All plots saved to: /cs/student/msc/aibh/2024/madhavan/sgfa_qmap-pd/results/all_rois-sn_conf-age+sex+tiv_K5_PCA-balanced_MAD20.0_run_20251015_175144/data_validation_20251015_175144/plots
2025-10-15 17:51:51,456 - experiments.framework - INFO - ExperimentFramework initialized with output dir: /cs/student/msc/aibh/2024/madhavan/sgfa_qmap-pd/results/all_rois-sn_conf-age+sex+tiv_K5_PCA-balanced_MAD20.0_run_20251015_175144
2025-10-15 17:51:51,456 - experiments.framework - INFO - ExperimentFramework initialized with output dir: /cs/student/msc/aibh/2024/madhavan/sgfa_qmap-pd/results/all_rois-sn_conf-age+sex+tiv_K5_PCA-balanced_MAD20.0_run_20251015_175144
2025-10-15 17:51:51,461 - experiments.framework - INFO - Starting experiment: robustness_tests_20251015_175151
2025-10-15 17:51:51,461 - experiments.framework - INFO - Starting experiment: robustness_tests_20251015_175151
2025-10-15 18:01:12,628 - experiments.framework - INFO - 🏁 EXPERIMENT COMPLETED: robustness_tests_20251015_175151
2025-10-15 18:01:12,628 - experiments.framework - INFO - 🏁 EXPERIMENT COMPLETED: robustness_tests_20251015_175151
2025-10-15 18:01:12,628 - experiments.framework - INFO - ⏱️  TOTAL RUNTIME: 9.4 minutes (561s)
2025-10-15 18:01:12,628 - experiments.framework - INFO - ⏱️  TOTAL RUNTIME: 9.4 minutes (561s)
2025-10-15 18:01:12,628 - experiments.framework - INFO - 🕐 Started: 2025-10-15 17:51:51
2025-10-15 18:01:12,628 - experiments.framework - INFO - 🕐 Started: 2025-10-15 17:51:51
2025-10-15 18:01:12,628 - experiments.framework - INFO - 🕑 Finished: 2025-10-15 18:01:12
2025-10-15 18:01:12,628 - experiments.framework - INFO - 🕑 Finished: 2025-10-15 18:01:12
2025-10-15 18:01:12,628 - experiments.framework - INFO - Experiment completed successfully: robustness_tests_20251015_175151
2025-10-15 18:01:12,628 - experiments.framework - INFO - Experiment completed successfully: robustness_tests_20251015_175151
2025-10-15 18:01:12,628 - experiments.framework - INFO - 🧹 Performing comprehensive memory cleanup...
2025-10-15 18:01:12,628 - experiments.framework - INFO - 🧹 Performing comprehensive memory cleanup...
2025-10-15 18:01:12,699 - experiments.framework - INFO - Garbage collection freed 100 objects
2025-10-15 18:01:12,699 - experiments.framework - INFO - Garbage collection freed 100 objects
2025-10-15 18:01:12,967 - experiments.framework - INFO - GPU memory cleanup attempted
2025-10-15 18:01:12,967 - experiments.framework - INFO - GPU memory cleanup attempted
2025-10-15 18:01:13,968 - experiments.framework - INFO - ✅ Comprehensive memory cleanup completed
2025-10-15 18:01:13,968 - experiments.framework - INFO - ✅ Comprehensive memory cleanup completed
2025-10-15 18:01:13,996 - experiments.framework - INFO - Pickle saving disabled to prevent large files - using JSON and CSV instead
2025-10-15 18:01:13,996 - experiments.framework - INFO - Pickle saving disabled to prevent large files - using JSON and CSV instead
2025-10-15 18:01:13,999 - experiments.framework - INFO - Saving 1 plots to /cs/student/msc/aibh/2024/madhavan/sgfa_qmap-pd/results/all_rois-sn_conf-age+sex+tiv_K5_PCA-balanced_MAD20.0_run_20251015_175144/robustness_tests_20251015_175151/plots
2025-10-15 18:01:13,999 - experiments.framework - INFO - Saving 1 plots to /cs/student/msc/aibh/2024/madhavan/sgfa_qmap-pd/results/all_rois-sn_conf-age+sex+tiv_K5_PCA-balanced_MAD20.0_run_20251015_175144/robustness_tests_20251015_175151/plots
2025-10-15 18:01:14,454 - experiments.framework - INFO -   ✅ Saved plot: robustness_summary
2025-10-15 18:01:14,454 - experiments.framework - INFO -   ✅ Saved plot: robustness_summary
2025-10-15 18:01:14,454 - experiments.framework - INFO - All plots saved to: /cs/student/msc/aibh/2024/madhavan/sgfa_qmap-pd/results/all_rois-sn_conf-age+sex+tiv_K5_PCA-balanced_MAD20.0_run_20251015_175144/robustness_tests_20251015_175151/plots
2025-10-15 18:01:14,454 - experiments.framework - INFO - All plots saved to: /cs/student/msc/aibh/2024/madhavan/sgfa_qmap-pd/results/all_rois-sn_conf-age+sex+tiv_K5_PCA-balanced_MAD20.0_run_20251015_175144/robustness_tests_20251015_175151/plots
2025-10-15 21:00:02,078 - experiments.framework - INFO - ExperimentFramework initialized with output dir: /cs/student/msc/aibh/2024/madhavan/sgfa_qmap-pd/results/all_rois-sn_conf-age+sex+tiv_K5_PCA-balanced_MAD20.0_run_20251015_175144
2025-10-15 21:00:02,078 - experiments.framework - INFO - ExperimentFramework initialized with output dir: /cs/student/msc/aibh/2024/madhavan/sgfa_qmap-pd/results/all_rois-sn_conf-age+sex+tiv_K5_PCA-balanced_MAD20.0_run_20251015_175144
2025-10-15 21:00:02,078 - experiments.framework - INFO - ExperimentFramework initialized with output dir: /cs/student/msc/aibh/2024/madhavan/sgfa_qmap-pd/results/all_rois-sn_conf-age+sex+tiv_K5_PCA-balanced_MAD20.0_run_20251015_175144
2025-10-15 21:00:02,082 - experiments.framework - INFO - Starting experiment: clinical_validation_20251015_210002
2025-10-15 21:00:02,082 - experiments.framework - INFO - Starting experiment: clinical_validation_20251015_210002
2025-10-15 21:00:02,082 - experiments.framework - INFO - Starting experiment: clinical_validation_20251015_210002
2025-10-15 21:03:20,034 - experiments.framework - INFO - 🏁 EXPERIMENT COMPLETED: clinical_validation_20251015_210002
2025-10-15 21:03:20,034 - experiments.framework - INFO - 🏁 EXPERIMENT COMPLETED: clinical_validation_20251015_210002
2025-10-15 21:03:20,034 - experiments.framework - INFO - 🏁 EXPERIMENT COMPLETED: clinical_validation_20251015_210002
2025-10-15 21:03:20,035 - experiments.framework - INFO - ⏱️  TOTAL RUNTIME: 3.3 minutes (198s)
2025-10-15 21:03:20,035 - experiments.framework - INFO - ⏱️  TOTAL RUNTIME: 3.3 minutes (198s)
2025-10-15 21:03:20,035 - experiments.framework - INFO - ⏱️  TOTAL RUNTIME: 3.3 minutes (198s)
2025-10-15 21:03:20,035 - experiments.framework - INFO - 🕐 Started: 2025-10-15 21:00:02
2025-10-15 21:03:20,035 - experiments.framework - INFO - 🕐 Started: 2025-10-15 21:00:02
2025-10-15 21:03:20,035 - experiments.framework - INFO - 🕐 Started: 2025-10-15 21:00:02
2025-10-15 21:03:20,035 - experiments.framework - INFO - 🕑 Finished: 2025-10-15 21:03:20
2025-10-15 21:03:20,035 - experiments.framework - INFO - 🕑 Finished: 2025-10-15 21:03:20
2025-10-15 21:03:20,035 - experiments.framework - INFO - 🕑 Finished: 2025-10-15 21:03:20
2025-10-15 21:03:20,035 - experiments.framework - INFO - Experiment completed successfully: clinical_validation_20251015_210002
2025-10-15 21:03:20,035 - experiments.framework - INFO - Experiment completed successfully: clinical_validation_20251015_210002
2025-10-15 21:03:20,035 - experiments.framework - INFO - Experiment completed successfully: clinical_validation_20251015_210002
2025-10-15 21:03:20,035 - experiments.framework - INFO - 🧹 Performing comprehensive memory cleanup...
2025-10-15 21:03:20,035 - experiments.framework - INFO - 🧹 Performing comprehensive memory cleanup...
2025-10-15 21:03:20,035 - experiments.framework - INFO - 🧹 Performing comprehensive memory cleanup...
2025-10-15 21:03:20,152 - experiments.framework - INFO - Garbage collection freed 200 objects
2025-10-15 21:03:20,152 - experiments.framework - INFO - Garbage collection freed 200 objects
2025-10-15 21:03:20,152 - experiments.framework - INFO - Garbage collection freed 200 objects
2025-10-15 21:03:20,612 - experiments.framework - INFO - GPU memory cleanup attempted
2025-10-15 21:03:20,612 - experiments.framework - INFO - GPU memory cleanup attempted
2025-10-15 21:03:20,612 - experiments.framework - INFO - GPU memory cleanup attempted
2025-10-15 21:03:21,613 - experiments.framework - INFO - ✅ Comprehensive memory cleanup completed
2025-10-15 21:03:21,613 - experiments.framework - INFO - ✅ Comprehensive memory cleanup completed
2025-10-15 21:03:21,613 - experiments.framework - INFO - ✅ Comprehensive memory cleanup completed
2025-10-15 21:03:21,634 - experiments.framework - INFO - Pickle saving disabled to prevent large files - using JSON and CSV instead
2025-10-15 21:03:21,634 - experiments.framework - INFO - Pickle saving disabled to prevent large files - using JSON and CSV instead
2025-10-15 21:03:21,634 - experiments.framework - INFO - Pickle saving disabled to prevent large files - using JSON and CSV instead
2025-10-15 21:03:21,638 - experiments.framework - INFO - Saving 1 plots to /cs/student/msc/aibh/2024/madhavan/sgfa_qmap-pd/results/all_rois-sn_conf-age+sex+tiv_K5_PCA-balanced_MAD20.0_run_20251015_175144/clinical_validation_20251015_210002/plots
2025-10-15 21:03:21,638 - experiments.framework - INFO - Saving 1 plots to /cs/student/msc/aibh/2024/madhavan/sgfa_qmap-pd/results/all_rois-sn_conf-age+sex+tiv_K5_PCA-balanced_MAD20.0_run_20251015_175144/clinical_validation_20251015_210002/plots
2025-10-15 21:03:21,638 - experiments.framework - INFO - Saving 1 plots to /cs/student/msc/aibh/2024/madhavan/sgfa_qmap-pd/results/all_rois-sn_conf-age+sex+tiv_K5_PCA-balanced_MAD20.0_run_20251015_175144/clinical_validation_20251015_210002/plots
2025-10-15 21:03:21,964 - experiments.framework - INFO -   ✅ Saved plot: clinical_validation_summary
2025-10-15 21:03:21,964 - experiments.framework - INFO -   ✅ Saved plot: clinical_validation_summary
2025-10-15 21:03:21,964 - experiments.framework - INFO -   ✅ Saved plot: clinical_validation_summary
2025-10-15 21:03:21,964 - experiments.framework - INFO - All plots saved to: /cs/student/msc/aibh/2024/madhavan/sgfa_qmap-pd/results/all_rois-sn_conf-age+sex+tiv_K5_PCA-balanced_MAD20.0_run_20251015_175144/clinical_validation_20251015_210002/plots
2025-10-15 21:03:21,964 - experiments.framework - INFO - All plots saved to: /cs/student/msc/aibh/2024/madhavan/sgfa_qmap-pd/results/all_rois-sn_conf-age+sex+tiv_K5_PCA-balanced_MAD20.0_run_20251015_175144/clinical_validation_20251015_210002/plots
2025-10-15 21:03:21,964 - experiments.framework - INFO - All plots saved to: /cs/student/msc/aibh/2024/madhavan/sgfa_qmap-pd/results/all_rois-sn_conf-age+sex+tiv_K5_PCA-balanced_MAD20.0_run_20251015_175144/clinical_validation_20251015_210002/plots
