2025-10-20 01:22:09,029 - experiments.framework - INFO - ExperimentFramework initialized with output dir: /cs/student/msc/aibh/2024/madhavan/sgfa_qmap-pd/results/all_rois-sn_conf-age+sex+tiv_K20_percW33_MAD3.0_run_20251020_012209
2025-10-20 01:22:09,039 - experiments.framework - INFO - Starting experiment: data_validation_20251020_012209
2025-10-20 01:22:14,892 - experiments.framework - INFO - 🏁 EXPERIMENT COMPLETED: data_validation_20251020_012209
2025-10-20 01:22:14,892 - experiments.framework - INFO - ⏱️  TOTAL RUNTIME: 5.9 seconds
2025-10-20 01:22:14,893 - experiments.framework - INFO - 🕐 Started: 2025-10-20 01:22:09
2025-10-20 01:22:14,893 - experiments.framework - INFO - 🕑 Finished: 2025-10-20 01:22:14
2025-10-20 01:22:14,893 - experiments.framework - INFO - Experiment completed successfully: data_validation_20251020_012209
2025-10-20 01:22:14,893 - experiments.framework - INFO - 🧹 Performing comprehensive memory cleanup...
2025-10-20 01:22:14,930 - experiments.framework - INFO - Garbage collection freed 25507 objects
2025-10-20 01:22:15,047 - experiments.framework - INFO - GPU memory cleanup attempted
2025-10-20 01:22:16,048 - experiments.framework - INFO - ✅ Comprehensive memory cleanup completed
2025-10-20 01:22:16,112 - experiments.framework - INFO - Pickle saving disabled to prevent large files - using JSON and CSV instead
2025-10-20 01:22:16,115 - experiments.framework - INFO - Saving 3 plots to /cs/student/msc/aibh/2024/madhavan/sgfa_qmap-pd/results/all_rois-sn_conf-age+sex+tiv_K20_percW33_MAD3.0_run_20251020_012209/data_validation_tree10_20251020_012209/plots
2025-10-20 01:22:17,080 - experiments.framework - INFO -   ✅ Saved plot: data_distribution_comparison
2025-10-20 01:22:18,036 - experiments.framework - INFO -   ✅ Saved plot: data_validation_feature_reduction
2025-10-20 01:22:18,402 - experiments.framework - INFO -   ✅ Saved plot: data_validation_variance_distribution
2025-10-20 01:22:18,403 - experiments.framework - INFO - All plots saved to: /cs/student/msc/aibh/2024/madhavan/sgfa_qmap-pd/results/all_rois-sn_conf-age+sex+tiv_K20_percW33_MAD3.0_run_20251020_012209/data_validation_tree10_20251020_012209/plots
2025-10-20 01:22:18,444 - experiments.framework - INFO - ExperimentFramework initialized with output dir: /cs/student/msc/aibh/2024/madhavan/sgfa_qmap-pd/results/all_rois-sn_conf-age+sex+tiv_K20_percW33_MAD3.0_run_20251020_012209
2025-10-20 01:22:18,444 - experiments.framework - INFO - ExperimentFramework initialized with output dir: /cs/student/msc/aibh/2024/madhavan/sgfa_qmap-pd/results/all_rois-sn_conf-age+sex+tiv_K20_percW33_MAD3.0_run_20251020_012209
2025-10-20 01:22:18,449 - experiments.framework - INFO - Starting experiment: robustness_tests_20251020_012218
2025-10-20 01:22:18,449 - experiments.framework - INFO - Starting experiment: robustness_tests_20251020_012218
2025-10-20 01:33:20,116 - experiments.framework - INFO - 🏁 EXPERIMENT COMPLETED: robustness_tests_20251020_012218
2025-10-20 01:33:20,116 - experiments.framework - INFO - 🏁 EXPERIMENT COMPLETED: robustness_tests_20251020_012218
2025-10-20 01:33:20,117 - experiments.framework - INFO - ⏱️  TOTAL RUNTIME: 11.0 minutes (662s)
2025-10-20 01:33:20,117 - experiments.framework - INFO - ⏱️  TOTAL RUNTIME: 11.0 minutes (662s)
2025-10-20 01:33:20,117 - experiments.framework - INFO - 🕐 Started: 2025-10-20 01:22:18
2025-10-20 01:33:20,117 - experiments.framework - INFO - 🕐 Started: 2025-10-20 01:22:18
2025-10-20 01:33:20,117 - experiments.framework - INFO - 🕑 Finished: 2025-10-20 01:33:20
2025-10-20 01:33:20,117 - experiments.framework - INFO - 🕑 Finished: 2025-10-20 01:33:20
2025-10-20 01:33:20,117 - experiments.framework - INFO - Experiment completed successfully: robustness_tests_20251020_012218
2025-10-20 01:33:20,117 - experiments.framework - INFO - Experiment completed successfully: robustness_tests_20251020_012218
2025-10-20 01:33:20,117 - experiments.framework - INFO - 🧹 Performing comprehensive memory cleanup...
2025-10-20 01:33:20,117 - experiments.framework - INFO - 🧹 Performing comprehensive memory cleanup...
2025-10-20 01:33:20,155 - experiments.framework - INFO - Garbage collection freed 33 objects
2025-10-20 01:33:20,155 - experiments.framework - INFO - Garbage collection freed 33 objects
2025-10-20 01:33:20,286 - experiments.framework - INFO - GPU memory cleanup attempted
2025-10-20 01:33:20,286 - experiments.framework - INFO - GPU memory cleanup attempted
2025-10-20 01:33:21,287 - experiments.framework - INFO - ✅ Comprehensive memory cleanup completed
2025-10-20 01:33:21,287 - experiments.framework - INFO - ✅ Comprehensive memory cleanup completed
2025-10-20 01:33:21,317 - experiments.framework - INFO - Pickle saving disabled to prevent large files - using JSON and CSV instead
2025-10-20 01:33:21,317 - experiments.framework - INFO - Pickle saving disabled to prevent large files - using JSON and CSV instead
2025-10-20 01:33:21,321 - experiments.framework - INFO - Saving 1 plots to /cs/student/msc/aibh/2024/madhavan/sgfa_qmap-pd/results/all_rois-sn_conf-age+sex+tiv_K20_percW33_MAD3.0_run_20251020_012209/robustness_tests_fixed_K20_percW33_slab4_2_MAD3.0_tree10_20251020_012218/plots
2025-10-20 01:33:21,321 - experiments.framework - INFO - Saving 1 plots to /cs/student/msc/aibh/2024/madhavan/sgfa_qmap-pd/results/all_rois-sn_conf-age+sex+tiv_K20_percW33_MAD3.0_run_20251020_012209/robustness_tests_fixed_K20_percW33_slab4_2_MAD3.0_tree10_20251020_012218/plots
2025-10-20 01:33:21,762 - experiments.framework - INFO -   ✅ Saved plot: robustness_summary
2025-10-20 01:33:21,762 - experiments.framework - INFO -   ✅ Saved plot: robustness_summary
2025-10-20 01:33:21,762 - experiments.framework - INFO - All plots saved to: /cs/student/msc/aibh/2024/madhavan/sgfa_qmap-pd/results/all_rois-sn_conf-age+sex+tiv_K20_percW33_MAD3.0_run_20251020_012209/robustness_tests_fixed_K20_percW33_slab4_2_MAD3.0_tree10_20251020_012218/plots
2025-10-20 01:33:21,762 - experiments.framework - INFO - All plots saved to: /cs/student/msc/aibh/2024/madhavan/sgfa_qmap-pd/results/all_rois-sn_conf-age+sex+tiv_K20_percW33_MAD3.0_run_20251020_012209/robustness_tests_fixed_K20_percW33_slab4_2_MAD3.0_tree10_20251020_012218/plots
