2025-10-17 20:20:23,735 - experiments.framework - INFO - ExperimentFramework initialized with output dir: /cs/student/msc/aibh/2024/madhavan/sgfa_qmap-pd/results/all_rois-sn_conf-age+sex+tiv_K10_percW20_MAD3.0_run_20251017_202023
2025-10-17 20:20:23,738 - experiments.framework - INFO - Starting experiment: data_validation_20251017_202023
2025-10-17 20:20:28,220 - experiments.framework - INFO - 🏁 EXPERIMENT COMPLETED: data_validation_20251017_202023
2025-10-17 20:20:28,220 - experiments.framework - INFO - ⏱️  TOTAL RUNTIME: 4.5 seconds
2025-10-17 20:20:28,220 - experiments.framework - INFO - 🕐 Started: 2025-10-17 20:20:23
2025-10-17 20:20:28,220 - experiments.framework - INFO - 🕑 Finished: 2025-10-17 20:20:28
2025-10-17 20:20:28,220 - experiments.framework - INFO - Experiment completed successfully: data_validation_20251017_202023
2025-10-17 20:20:28,220 - experiments.framework - INFO - 🧹 Performing comprehensive memory cleanup...
2025-10-17 20:20:28,257 - experiments.framework - INFO - Garbage collection freed 18258 objects
2025-10-17 20:20:28,373 - experiments.framework - INFO - GPU memory cleanup attempted
2025-10-17 20:20:29,374 - experiments.framework - INFO - ✅ Comprehensive memory cleanup completed
2025-10-17 20:20:29,440 - experiments.framework - INFO - Pickle saving disabled to prevent large files - using JSON and CSV instead
2025-10-17 20:20:29,443 - experiments.framework - INFO - Saving 3 plots to /cs/student/msc/aibh/2024/madhavan/sgfa_qmap-pd/results/all_rois-sn_conf-age+sex+tiv_K10_percW20_MAD3.0_run_20251017_202023/data_validation_20251017_202023/plots
2025-10-17 20:20:30,449 - experiments.framework - INFO -   ✅ Saved plot: data_distribution_comparison
2025-10-17 20:20:31,449 - experiments.framework - INFO -   ✅ Saved plot: data_validation_feature_reduction
2025-10-17 20:20:31,814 - experiments.framework - INFO -   ✅ Saved plot: data_validation_variance_distribution
2025-10-17 20:20:31,814 - experiments.framework - INFO - All plots saved to: /cs/student/msc/aibh/2024/madhavan/sgfa_qmap-pd/results/all_rois-sn_conf-age+sex+tiv_K10_percW20_MAD3.0_run_20251017_202023/data_validation_20251017_202023/plots
2025-10-17 20:20:31,853 - experiments.framework - INFO - ExperimentFramework initialized with output dir: /cs/student/msc/aibh/2024/madhavan/sgfa_qmap-pd/results/all_rois-sn_conf-age+sex+tiv_K10_percW20_MAD3.0_run_20251017_202023
2025-10-17 20:20:31,853 - experiments.framework - INFO - ExperimentFramework initialized with output dir: /cs/student/msc/aibh/2024/madhavan/sgfa_qmap-pd/results/all_rois-sn_conf-age+sex+tiv_K10_percW20_MAD3.0_run_20251017_202023
2025-10-17 20:20:31,858 - experiments.framework - INFO - Starting experiment: robustness_tests_20251017_202031
2025-10-17 20:20:31,858 - experiments.framework - INFO - Starting experiment: robustness_tests_20251017_202031
