2025-10-21 01:32:40,086 - experiments.framework - INFO - ExperimentFramework initialized with output dir: /cs/student/msc/aibh/2024/madhavan/sgfa_qmap-pd/results/all_rois-sn_conf-age+sex+tiv_K2_percW33_MAD3.0_run_20251021_013240
2025-10-21 01:32:40,089 - experiments.framework - INFO - Starting experiment: data_validation_20251021_013240
2025-10-21 01:32:47,835 - experiments.framework - INFO - 🏁 EXPERIMENT COMPLETED: data_validation_20251021_013240
2025-10-21 01:32:47,835 - experiments.framework - INFO - ⏱️  TOTAL RUNTIME: 7.7 seconds
2025-10-21 01:32:47,835 - experiments.framework - INFO - 🕐 Started: 2025-10-21 01:32:40
2025-10-21 01:32:47,835 - experiments.framework - INFO - 🕑 Finished: 2025-10-21 01:32:47
2025-10-21 01:32:47,835 - experiments.framework - INFO - Experiment completed successfully: data_validation_20251021_013240
2025-10-21 01:32:47,835 - experiments.framework - INFO - 🧹 Performing comprehensive memory cleanup...
2025-10-21 01:32:47,904 - experiments.framework - INFO - Garbage collection freed 0 objects
2025-10-21 01:32:48,115 - experiments.framework - INFO - GPU memory cleanup attempted
2025-10-21 01:32:49,116 - experiments.framework - INFO - ✅ Comprehensive memory cleanup completed
2025-10-21 01:32:49,207 - experiments.framework - INFO - Pickle saving disabled to prevent large files - using JSON and CSV instead
2025-10-21 01:32:49,209 - experiments.framework - INFO - Saving 6 plots to /cs/student/msc/aibh/2024/madhavan/sgfa_qmap-pd/results/all_rois-sn_conf-age+sex+tiv_K2_percW33_MAD3.0_run_20251021_013240/data_validation_tree10_20251021_013240/plots
2025-10-21 01:32:49,949 - experiments.framework - INFO -   ✅ Saved plot: data_distribution_comparison
2025-10-21 01:32:50,680 - experiments.framework - INFO -   ✅ Saved plot: covariance_analysis
2025-10-21 01:32:51,435 - experiments.framework - INFO -   ✅ Saved plot: data_validation_block_covariance_matrix
2025-10-21 01:32:53,277 - experiments.framework - INFO -   ✅ Saved plot: data_validation_inter_vs_intra_correlation
2025-10-21 01:32:53,576 - experiments.framework - INFO -   ✅ Saved plot: data_validation_feature_reduction
2025-10-21 01:32:54,311 - experiments.framework - INFO -   ✅ Saved plot: data_validation_variance_distribution
2025-10-21 01:32:54,312 - experiments.framework - INFO - All plots saved to: /cs/student/msc/aibh/2024/madhavan/sgfa_qmap-pd/results/all_rois-sn_conf-age+sex+tiv_K2_percW33_MAD3.0_run_20251021_013240/data_validation_tree10_20251021_013240/plots
2025-10-21 01:32:54,390 - experiments.framework - INFO - ExperimentFramework initialized with output dir: /cs/student/msc/aibh/2024/madhavan/sgfa_qmap-pd/results/all_rois-sn_conf-age+sex+tiv_K2_percW33_MAD3.0_run_20251021_013240
2025-10-21 01:32:54,390 - experiments.framework - INFO - ExperimentFramework initialized with output dir: /cs/student/msc/aibh/2024/madhavan/sgfa_qmap-pd/results/all_rois-sn_conf-age+sex+tiv_K2_percW33_MAD3.0_run_20251021_013240
2025-10-21 01:32:54,394 - experiments.framework - INFO - Starting experiment: robustness_tests_20251021_013254
2025-10-21 01:32:54,394 - experiments.framework - INFO - Starting experiment: robustness_tests_20251021_013254
2025-10-21 01:33:29,453 - experiments.framework - INFO - 🏁 EXPERIMENT COMPLETED: robustness_tests_20251021_013254
2025-10-21 01:33:29,453 - experiments.framework - INFO - 🏁 EXPERIMENT COMPLETED: robustness_tests_20251021_013254
2025-10-21 01:33:29,453 - experiments.framework - INFO - ⏱️  TOTAL RUNTIME: 35.1 seconds
2025-10-21 01:33:29,453 - experiments.framework - INFO - ⏱️  TOTAL RUNTIME: 35.1 seconds
2025-10-21 01:33:29,453 - experiments.framework - INFO - 🕐 Started: 2025-10-21 01:32:54
2025-10-21 01:33:29,453 - experiments.framework - INFO - 🕐 Started: 2025-10-21 01:32:54
2025-10-21 01:33:29,453 - experiments.framework - INFO - 🕑 Finished: 2025-10-21 01:33:29
2025-10-21 01:33:29,453 - experiments.framework - INFO - 🕑 Finished: 2025-10-21 01:33:29
2025-10-21 01:33:29,453 - experiments.framework - INFO - Experiment completed successfully: robustness_tests_20251021_013254
2025-10-21 01:33:29,453 - experiments.framework - INFO - Experiment completed successfully: robustness_tests_20251021_013254
2025-10-21 01:33:29,453 - experiments.framework - INFO - 🧹 Performing comprehensive memory cleanup...
2025-10-21 01:33:29,453 - experiments.framework - INFO - 🧹 Performing comprehensive memory cleanup...
2025-10-21 01:33:29,524 - experiments.framework - INFO - Garbage collection freed 78 objects
2025-10-21 01:33:29,524 - experiments.framework - INFO - Garbage collection freed 78 objects
2025-10-21 01:33:29,747 - experiments.framework - INFO - GPU memory cleanup attempted
2025-10-21 01:33:29,747 - experiments.framework - INFO - GPU memory cleanup attempted
2025-10-21 01:33:30,748 - experiments.framework - INFO - ✅ Comprehensive memory cleanup completed
2025-10-21 01:33:30,748 - experiments.framework - INFO - ✅ Comprehensive memory cleanup completed
2025-10-21 01:33:30,772 - experiments.framework - INFO - Pickle saving disabled to prevent large files - using JSON and CSV instead
2025-10-21 01:33:30,772 - experiments.framework - INFO - Pickle saving disabled to prevent large files - using JSON and CSV instead
2025-10-21 01:33:30,776 - experiments.framework - INFO - Saving 1 plots to /cs/student/msc/aibh/2024/madhavan/sgfa_qmap-pd/results/all_rois-sn_conf-age+sex+tiv_K2_percW33_MAD3.0_run_20251021_013240/robustness_tests_fixed_K2_percW33_slab4_2_MAD3.0_tree10_20251021_013254/plots
2025-10-21 01:33:30,776 - experiments.framework - INFO - Saving 1 plots to /cs/student/msc/aibh/2024/madhavan/sgfa_qmap-pd/results/all_rois-sn_conf-age+sex+tiv_K2_percW33_MAD3.0_run_20251021_013240/robustness_tests_fixed_K2_percW33_slab4_2_MAD3.0_tree10_20251021_013254/plots
2025-10-21 01:33:31,115 - experiments.framework - INFO -   ✅ Saved plot: robustness_summary
2025-10-21 01:33:31,115 - experiments.framework - INFO -   ✅ Saved plot: robustness_summary
2025-10-21 01:33:31,115 - experiments.framework - INFO - All plots saved to: /cs/student/msc/aibh/2024/madhavan/sgfa_qmap-pd/results/all_rois-sn_conf-age+sex+tiv_K2_percW33_MAD3.0_run_20251021_013240/robustness_tests_fixed_K2_percW33_slab4_2_MAD3.0_tree10_20251021_013254/plots
2025-10-21 01:33:31,115 - experiments.framework - INFO - All plots saved to: /cs/student/msc/aibh/2024/madhavan/sgfa_qmap-pd/results/all_rois-sn_conf-age+sex+tiv_K2_percW33_MAD3.0_run_20251021_013240/robustness_tests_fixed_K2_percW33_slab4_2_MAD3.0_tree10_20251021_013254/plots
