2025-10-21 14:34:04,680 - experiments.framework - INFO - ExperimentFramework initialized with output dir: /cs/student/msc/aibh/2024/madhavan/sgfa_qmap-pd/results/all_rois-sn_conf-age+sex+tiv_K50_percW33_MAD2.5_run_20251021_143404
2025-10-21 14:34:04,686 - experiments.framework - INFO - Starting experiment: data_validation_20251021_143404
2025-10-21 14:34:13,167 - experiments.framework - INFO - 🏁 EXPERIMENT COMPLETED: data_validation_20251021_143404
2025-10-21 14:34:13,168 - experiments.framework - INFO - ⏱️  TOTAL RUNTIME: 8.5 seconds
2025-10-21 14:34:13,168 - experiments.framework - INFO - 🕐 Started: 2025-10-21 14:34:04
2025-10-21 14:34:13,168 - experiments.framework - INFO - 🕑 Finished: 2025-10-21 14:34:13
2025-10-21 14:34:13,168 - experiments.framework - INFO - Experiment completed successfully: data_validation_20251021_143404
2025-10-21 14:34:13,168 - experiments.framework - INFO - 🧹 Performing comprehensive memory cleanup...
2025-10-21 14:34:13,204 - experiments.framework - INFO - Garbage collection freed 0 objects
2025-10-21 14:34:13,331 - experiments.framework - INFO - GPU memory cleanup attempted
2025-10-21 14:34:14,332 - experiments.framework - INFO - ✅ Comprehensive memory cleanup completed
2025-10-21 14:34:14,427 - experiments.framework - INFO - Pickle saving disabled to prevent large files - using JSON and CSV instead
2025-10-21 14:34:14,433 - experiments.framework - INFO - Saving 5 plots to /cs/student/msc/aibh/2024/madhavan/sgfa_qmap-pd/results/all_rois-sn_conf-age+sex+tiv_K50_percW33_MAD2.5_run_20251021_143404/data_validation_tree10_20251021_143404/plots
2025-10-21 14:34:15,404 - experiments.framework - INFO -   ✅ Saved plot: data_distribution_comparison
2025-10-21 14:34:16,359 - experiments.framework - INFO -   ✅ Saved plot: data_validation_inter_vs_intra_correlation
2025-10-21 14:34:18,075 - experiments.framework - INFO -   ✅ Saved plot: data_validation_block_covariance_matrix
2025-10-21 14:34:19,071 - experiments.framework - INFO -   ✅ Saved plot: data_validation_feature_reduction
2025-10-21 14:34:19,435 - experiments.framework - INFO -   ✅ Saved plot: data_validation_variance_distribution
2025-10-21 14:34:19,436 - experiments.framework - INFO - All plots saved to: /cs/student/msc/aibh/2024/madhavan/sgfa_qmap-pd/results/all_rois-sn_conf-age+sex+tiv_K50_percW33_MAD2.5_run_20251021_143404/data_validation_tree10_20251021_143404/plots
2025-10-21 14:34:19,480 - experiments.framework - INFO - ExperimentFramework initialized with output dir: /cs/student/msc/aibh/2024/madhavan/sgfa_qmap-pd/results/all_rois-sn_conf-age+sex+tiv_K50_percW33_MAD2.5_run_20251021_143404
2025-10-21 14:34:19,480 - experiments.framework - INFO - ExperimentFramework initialized with output dir: /cs/student/msc/aibh/2024/madhavan/sgfa_qmap-pd/results/all_rois-sn_conf-age+sex+tiv_K50_percW33_MAD2.5_run_20251021_143404
2025-10-21 14:34:19,487 - experiments.framework - INFO - Starting experiment: robustness_tests_20251021_143419
2025-10-21 14:34:19,487 - experiments.framework - INFO - Starting experiment: robustness_tests_20251021_143419
2025-10-21 14:43:09,590 - experiments.framework - INFO - 🏁 EXPERIMENT COMPLETED: robustness_tests_20251021_143419
2025-10-21 14:43:09,590 - experiments.framework - INFO - 🏁 EXPERIMENT COMPLETED: robustness_tests_20251021_143419
2025-10-21 14:43:09,591 - experiments.framework - INFO - ⏱️  TOTAL RUNTIME: 8.8 minutes (530s)
2025-10-21 14:43:09,591 - experiments.framework - INFO - ⏱️  TOTAL RUNTIME: 8.8 minutes (530s)
2025-10-21 14:43:09,591 - experiments.framework - INFO - 🕐 Started: 2025-10-21 14:34:19
2025-10-21 14:43:09,591 - experiments.framework - INFO - 🕐 Started: 2025-10-21 14:34:19
2025-10-21 14:43:09,591 - experiments.framework - INFO - 🕑 Finished: 2025-10-21 14:43:09
2025-10-21 14:43:09,591 - experiments.framework - INFO - 🕑 Finished: 2025-10-21 14:43:09
2025-10-21 14:43:09,591 - experiments.framework - INFO - Experiment completed successfully: robustness_tests_20251021_143419
2025-10-21 14:43:09,591 - experiments.framework - INFO - Experiment completed successfully: robustness_tests_20251021_143419
2025-10-21 14:43:09,591 - experiments.framework - INFO - 🧹 Performing comprehensive memory cleanup...
2025-10-21 14:43:09,591 - experiments.framework - INFO - 🧹 Performing comprehensive memory cleanup...
2025-10-21 14:43:09,632 - experiments.framework - INFO - Garbage collection freed 63 objects
2025-10-21 14:43:09,632 - experiments.framework - INFO - Garbage collection freed 63 objects
2025-10-21 14:43:09,775 - experiments.framework - INFO - GPU memory cleanup attempted
2025-10-21 14:43:09,775 - experiments.framework - INFO - GPU memory cleanup attempted
2025-10-21 14:43:10,776 - experiments.framework - INFO - ✅ Comprehensive memory cleanup completed
2025-10-21 14:43:10,776 - experiments.framework - INFO - ✅ Comprehensive memory cleanup completed
2025-10-21 14:43:10,808 - experiments.framework - INFO - Pickle saving disabled to prevent large files - using JSON and CSV instead
2025-10-21 14:43:10,808 - experiments.framework - INFO - Pickle saving disabled to prevent large files - using JSON and CSV instead
2025-10-21 14:43:10,814 - experiments.framework - INFO - Saving 1 plots to /cs/student/msc/aibh/2024/madhavan/sgfa_qmap-pd/results/all_rois-sn_conf-age+sex+tiv_K50_percW33_MAD2.5_run_20251021_143404/robustness_tests_fixed_K50_percW33_slab4_2_MAD2.5_tree10_20251021_143419/plots
2025-10-21 14:43:10,814 - experiments.framework - INFO - Saving 1 plots to /cs/student/msc/aibh/2024/madhavan/sgfa_qmap-pd/results/all_rois-sn_conf-age+sex+tiv_K50_percW33_MAD2.5_run_20251021_143404/robustness_tests_fixed_K50_percW33_slab4_2_MAD2.5_tree10_20251021_143419/plots
2025-10-21 14:43:11,274 - experiments.framework - INFO -   ✅ Saved plot: robustness_summary
2025-10-21 14:43:11,274 - experiments.framework - INFO -   ✅ Saved plot: robustness_summary
2025-10-21 14:43:11,274 - experiments.framework - INFO - All plots saved to: /cs/student/msc/aibh/2024/madhavan/sgfa_qmap-pd/results/all_rois-sn_conf-age+sex+tiv_K50_percW33_MAD2.5_run_20251021_143404/robustness_tests_fixed_K50_percW33_slab4_2_MAD2.5_tree10_20251021_143419/plots
2025-10-21 14:43:11,274 - experiments.framework - INFO - All plots saved to: /cs/student/msc/aibh/2024/madhavan/sgfa_qmap-pd/results/all_rois-sn_conf-age+sex+tiv_K50_percW33_MAD2.5_run_20251021_143404/robustness_tests_fixed_K50_percW33_slab4_2_MAD2.5_tree10_20251021_143419/plots
