2025-10-15 16:47:31,270 - experiments.framework - INFO - ExperimentFramework initialized with output dir: /cs/student/msc/aibh/2024/madhavan/sgfa_qmap-pd/results/all_rois-sn_conf-age+sex+tiv_K5_PCA-balanced_MAD10.0_run_20251015_164731
2025-10-15 16:47:31,280 - experiments.framework - INFO - Starting experiment: data_validation_20251015_164731
2025-10-15 16:47:36,423 - experiments.framework - INFO - 🏁 EXPERIMENT COMPLETED: data_validation_20251015_164731
2025-10-15 16:47:36,424 - experiments.framework - INFO - ⏱️  TOTAL RUNTIME: 5.2 seconds
2025-10-15 16:47:36,424 - experiments.framework - INFO - 🕐 Started: 2025-10-15 16:47:31
2025-10-15 16:47:36,424 - experiments.framework - INFO - 🕑 Finished: 2025-10-15 16:47:36
2025-10-15 16:47:36,424 - experiments.framework - INFO - Experiment completed successfully: data_validation_20251015_164731
2025-10-15 16:47:36,424 - experiments.framework - INFO - 🧹 Performing comprehensive memory cleanup...
2025-10-15 16:47:36,502 - experiments.framework - INFO - Garbage collection freed 18617 objects
2025-10-15 16:47:36,746 - experiments.framework - INFO - GPU memory cleanup attempted
2025-10-15 16:47:37,748 - experiments.framework - INFO - ✅ Comprehensive memory cleanup completed
2025-10-15 16:47:37,898 - experiments.framework - INFO - Pickle saving disabled to prevent large files - using JSON and CSV instead
2025-10-15 16:47:37,910 - experiments.framework - INFO - Saving 3 plots to /cs/student/msc/aibh/2024/madhavan/sgfa_qmap-pd/results/all_rois-sn_conf-age+sex+tiv_K5_PCA-balanced_MAD10.0_run_20251015_164731/data_validation_20251015_164731/plots
2025-10-15 16:47:40,110 - experiments.framework - INFO -   ✅ Saved plot: data_distribution_comparison
2025-10-15 16:47:42,047 - experiments.framework - INFO -   ✅ Saved plot: data_validation_feature_reduction
2025-10-15 16:47:42,790 - experiments.framework - INFO -   ✅ Saved plot: data_validation_variance_distribution
2025-10-15 16:47:42,790 - experiments.framework - INFO - All plots saved to: /cs/student/msc/aibh/2024/madhavan/sgfa_qmap-pd/results/all_rois-sn_conf-age+sex+tiv_K5_PCA-balanced_MAD10.0_run_20251015_164731/data_validation_20251015_164731/plots
2025-10-15 16:47:42,880 - experiments.framework - INFO - ExperimentFramework initialized with output dir: /cs/student/msc/aibh/2024/madhavan/sgfa_qmap-pd/results/all_rois-sn_conf-age+sex+tiv_K5_PCA-balanced_MAD10.0_run_20251015_164731
2025-10-15 16:47:42,880 - experiments.framework - INFO - ExperimentFramework initialized with output dir: /cs/student/msc/aibh/2024/madhavan/sgfa_qmap-pd/results/all_rois-sn_conf-age+sex+tiv_K5_PCA-balanced_MAD10.0_run_20251015_164731
2025-10-15 16:47:42,889 - experiments.framework - INFO - Starting experiment: robustness_tests_20251015_164742
2025-10-15 16:47:42,889 - experiments.framework - INFO - Starting experiment: robustness_tests_20251015_164742
2025-10-15 16:56:18,027 - experiments.framework - INFO - 🏁 EXPERIMENT COMPLETED: robustness_tests_20251015_164742
2025-10-15 16:56:18,027 - experiments.framework - INFO - 🏁 EXPERIMENT COMPLETED: robustness_tests_20251015_164742
2025-10-15 16:56:18,028 - experiments.framework - INFO - ⏱️  TOTAL RUNTIME: 8.6 minutes (515s)
2025-10-15 16:56:18,028 - experiments.framework - INFO - ⏱️  TOTAL RUNTIME: 8.6 minutes (515s)
2025-10-15 16:56:18,028 - experiments.framework - INFO - 🕐 Started: 2025-10-15 16:47:42
2025-10-15 16:56:18,028 - experiments.framework - INFO - 🕐 Started: 2025-10-15 16:47:42
2025-10-15 16:56:18,028 - experiments.framework - INFO - 🕑 Finished: 2025-10-15 16:56:18
2025-10-15 16:56:18,028 - experiments.framework - INFO - 🕑 Finished: 2025-10-15 16:56:18
2025-10-15 16:56:18,028 - experiments.framework - INFO - Experiment completed successfully: robustness_tests_20251015_164742
2025-10-15 16:56:18,028 - experiments.framework - INFO - Experiment completed successfully: robustness_tests_20251015_164742
2025-10-15 16:56:18,028 - experiments.framework - INFO - 🧹 Performing comprehensive memory cleanup...
2025-10-15 16:56:18,028 - experiments.framework - INFO - 🧹 Performing comprehensive memory cleanup...
2025-10-15 16:56:18,207 - experiments.framework - INFO - Garbage collection freed 140 objects
2025-10-15 16:56:18,207 - experiments.framework - INFO - Garbage collection freed 140 objects
2025-10-15 16:56:18,891 - experiments.framework - INFO - GPU memory cleanup attempted
2025-10-15 16:56:18,891 - experiments.framework - INFO - GPU memory cleanup attempted
2025-10-15 16:56:19,892 - experiments.framework - INFO - ✅ Comprehensive memory cleanup completed
2025-10-15 16:56:19,892 - experiments.framework - INFO - ✅ Comprehensive memory cleanup completed
2025-10-15 16:56:19,959 - experiments.framework - INFO - Pickle saving disabled to prevent large files - using JSON and CSV instead
2025-10-15 16:56:19,959 - experiments.framework - INFO - Pickle saving disabled to prevent large files - using JSON and CSV instead
2025-10-15 16:56:19,965 - experiments.framework - INFO - Saving 1 plots to /cs/student/msc/aibh/2024/madhavan/sgfa_qmap-pd/results/all_rois-sn_conf-age+sex+tiv_K5_PCA-balanced_MAD10.0_run_20251015_164731/robustness_tests_20251015_164742/plots
2025-10-15 16:56:19,965 - experiments.framework - INFO - Saving 1 plots to /cs/student/msc/aibh/2024/madhavan/sgfa_qmap-pd/results/all_rois-sn_conf-age+sex+tiv_K5_PCA-balanced_MAD10.0_run_20251015_164731/robustness_tests_20251015_164742/plots
2025-10-15 16:56:20,958 - experiments.framework - INFO -   ✅ Saved plot: robustness_summary
2025-10-15 16:56:20,958 - experiments.framework - INFO -   ✅ Saved plot: robustness_summary
2025-10-15 16:56:20,958 - experiments.framework - INFO - All plots saved to: /cs/student/msc/aibh/2024/madhavan/sgfa_qmap-pd/results/all_rois-sn_conf-age+sex+tiv_K5_PCA-balanced_MAD10.0_run_20251015_164731/robustness_tests_20251015_164742/plots
2025-10-15 16:56:20,958 - experiments.framework - INFO - All plots saved to: /cs/student/msc/aibh/2024/madhavan/sgfa_qmap-pd/results/all_rois-sn_conf-age+sex+tiv_K5_PCA-balanced_MAD10.0_run_20251015_164731/robustness_tests_20251015_164742/plots
