2025-10-19 21:32:17,280 - experiments.framework - INFO - ExperimentFramework initialized with output dir: /cs/student/msc/aibh/2024/madhavan/sgfa_qmap-pd/results/all_rois-sn_run_20251019_213217
2025-10-19 21:32:17,283 - experiments.framework - INFO - Starting experiment: data_validation_20251019_213217
2025-10-19 21:32:17,515 - experiments.framework - INFO - 🏁 EXPERIMENT COMPLETED: data_validation_20251019_213217
2025-10-19 21:32:17,515 - experiments.framework - INFO - ⏱️  TOTAL RUNTIME: 0.2 seconds
2025-10-19 21:32:17,516 - experiments.framework - INFO - 🕐 Started: 2025-10-19 21:32:17
2025-10-19 21:32:17,516 - experiments.framework - INFO - 🕑 Finished: 2025-10-19 21:32:17
2025-10-19 21:32:17,516 - experiments.framework - INFO - Experiment completed successfully: data_validation_20251019_213217
2025-10-19 21:32:17,516 - experiments.framework - INFO - 🧹 Performing comprehensive memory cleanup...
2025-10-19 21:32:17,541 - experiments.framework - INFO - Garbage collection freed 0 objects
2025-10-19 21:32:17,634 - experiments.framework - INFO - GPU memory cleanup attempted
2025-10-19 21:32:18,635 - experiments.framework - INFO - ✅ Comprehensive memory cleanup completed
2025-10-19 21:32:18,639 - experiments.framework - INFO - Pickle saving disabled to prevent large files - using JSON and CSV instead
2025-10-19 21:32:18,885 - experiments.framework - INFO - ExperimentFramework initialized with output dir: /cs/student/msc/aibh/2024/madhavan/sgfa_qmap-pd/results/all_rois-sn_run_20251019_213217
2025-10-19 21:32:18,885 - experiments.framework - INFO - ExperimentFramework initialized with output dir: /cs/student/msc/aibh/2024/madhavan/sgfa_qmap-pd/results/all_rois-sn_run_20251019_213217
2025-10-19 21:32:18,890 - experiments.framework - INFO - Starting experiment: robustness_tests_20251019_213218
2025-10-19 21:32:18,890 - experiments.framework - INFO - Starting experiment: robustness_tests_20251019_213218
2025-10-19 21:33:14,881 - experiments.framework - INFO - 🏁 EXPERIMENT COMPLETED: robustness_tests_20251019_213218
2025-10-19 21:33:14,881 - experiments.framework - INFO - 🏁 EXPERIMENT COMPLETED: robustness_tests_20251019_213218
2025-10-19 21:33:14,882 - experiments.framework - INFO - ⏱️  TOTAL RUNTIME: 56.0 seconds
2025-10-19 21:33:14,882 - experiments.framework - INFO - ⏱️  TOTAL RUNTIME: 56.0 seconds
2025-10-19 21:33:14,882 - experiments.framework - INFO - 🕐 Started: 2025-10-19 21:32:18
2025-10-19 21:33:14,882 - experiments.framework - INFO - 🕐 Started: 2025-10-19 21:32:18
2025-10-19 21:33:14,882 - experiments.framework - INFO - 🕑 Finished: 2025-10-19 21:33:14
2025-10-19 21:33:14,882 - experiments.framework - INFO - 🕑 Finished: 2025-10-19 21:33:14
2025-10-19 21:33:14,882 - experiments.framework - INFO - Experiment completed successfully: robustness_tests_20251019_213218
2025-10-19 21:33:14,882 - experiments.framework - INFO - Experiment completed successfully: robustness_tests_20251019_213218
2025-10-19 21:33:14,882 - experiments.framework - INFO - 🧹 Performing comprehensive memory cleanup...
2025-10-19 21:33:14,882 - experiments.framework - INFO - 🧹 Performing comprehensive memory cleanup...
2025-10-19 21:33:14,915 - experiments.framework - INFO - Garbage collection freed 23 objects
2025-10-19 21:33:14,915 - experiments.framework - INFO - Garbage collection freed 23 objects
2025-10-19 21:33:15,033 - experiments.framework - INFO - GPU memory cleanup attempted
2025-10-19 21:33:15,033 - experiments.framework - INFO - GPU memory cleanup attempted
2025-10-19 21:33:16,034 - experiments.framework - INFO - ✅ Comprehensive memory cleanup completed
2025-10-19 21:33:16,034 - experiments.framework - INFO - ✅ Comprehensive memory cleanup completed
2025-10-19 21:33:16,063 - experiments.framework - INFO - Pickle saving disabled to prevent large files - using JSON and CSV instead
2025-10-19 21:33:16,063 - experiments.framework - INFO - Pickle saving disabled to prevent large files - using JSON and CSV instead
2025-10-19 21:33:16,066 - experiments.framework - INFO - Saving 1 plots to /cs/student/msc/aibh/2024/madhavan/sgfa_qmap-pd/results/all_rois-sn_run_20251019_213217/robustness_tests_K50_percW33_slab4_2_20251019_213218/plots
2025-10-19 21:33:16,066 - experiments.framework - INFO - Saving 1 plots to /cs/student/msc/aibh/2024/madhavan/sgfa_qmap-pd/results/all_rois-sn_run_20251019_213217/robustness_tests_K50_percW33_slab4_2_20251019_213218/plots
2025-10-19 21:33:16,484 - experiments.framework - INFO -   ✅ Saved plot: robustness_summary
2025-10-19 21:33:16,484 - experiments.framework - INFO -   ✅ Saved plot: robustness_summary
2025-10-19 21:33:16,484 - experiments.framework - INFO - All plots saved to: /cs/student/msc/aibh/2024/madhavan/sgfa_qmap-pd/results/all_rois-sn_run_20251019_213217/robustness_tests_K50_percW33_slab4_2_20251019_213218/plots
2025-10-19 21:33:16,484 - experiments.framework - INFO - All plots saved to: /cs/student/msc/aibh/2024/madhavan/sgfa_qmap-pd/results/all_rois-sn_run_20251019_213217/robustness_tests_K50_percW33_slab4_2_20251019_213218/plots
