2025-10-15 21:16:03,794 - experiments.framework - INFO - ExperimentFramework initialized with output dir: /cs/student/msc/aibh/2024/madhavan/sgfa_qmap-pd/results/all_rois-sn_conf-age+sex+tiv_K2_MAD3.0_run_20251015_211603
2025-10-15 21:16:03,806 - experiments.framework - INFO - Starting experiment: data_validation_20251015_211603
2025-10-15 21:16:08,841 - experiments.framework - INFO - 🏁 EXPERIMENT COMPLETED: data_validation_20251015_211603
2025-10-15 21:16:08,842 - experiments.framework - INFO - ⏱️  TOTAL RUNTIME: 5.0 seconds
2025-10-15 21:16:08,842 - experiments.framework - INFO - 🕐 Started: 2025-10-15 21:16:03
2025-10-15 21:16:08,842 - experiments.framework - INFO - 🕑 Finished: 2025-10-15 21:16:08
2025-10-15 21:16:08,842 - experiments.framework - INFO - Experiment completed successfully: data_validation_20251015_211603
2025-10-15 21:16:08,842 - experiments.framework - INFO - 🧹 Performing comprehensive memory cleanup...
2025-10-15 21:16:08,919 - experiments.framework - INFO - Garbage collection freed 18240 objects
2025-10-15 21:16:09,161 - experiments.framework - INFO - GPU memory cleanup attempted
2025-10-15 21:16:10,162 - experiments.framework - INFO - ✅ Comprehensive memory cleanup completed
2025-10-15 21:16:10,330 - experiments.framework - INFO - Pickle saving disabled to prevent large files - using JSON and CSV instead
2025-10-15 21:16:10,336 - experiments.framework - INFO - Saving 3 plots to /cs/student/msc/aibh/2024/madhavan/sgfa_qmap-pd/results/all_rois-sn_conf-age+sex+tiv_K2_MAD3.0_run_20251015_211603/data_validation_20251015_211603/plots
2025-10-15 21:16:12,534 - experiments.framework - INFO -   ✅ Saved plot: data_distribution_comparison
2025-10-15 21:16:14,468 - experiments.framework - INFO -   ✅ Saved plot: data_validation_feature_reduction
2025-10-15 21:16:15,211 - experiments.framework - INFO -   ✅ Saved plot: data_validation_variance_distribution
2025-10-15 21:16:15,211 - experiments.framework - INFO - All plots saved to: /cs/student/msc/aibh/2024/madhavan/sgfa_qmap-pd/results/all_rois-sn_conf-age+sex+tiv_K2_MAD3.0_run_20251015_211603/data_validation_20251015_211603/plots
2025-10-15 21:16:15,298 - experiments.framework - INFO - ExperimentFramework initialized with output dir: /cs/student/msc/aibh/2024/madhavan/sgfa_qmap-pd/results/all_rois-sn_conf-age+sex+tiv_K2_MAD3.0_run_20251015_211603
2025-10-15 21:16:15,298 - experiments.framework - INFO - ExperimentFramework initialized with output dir: /cs/student/msc/aibh/2024/madhavan/sgfa_qmap-pd/results/all_rois-sn_conf-age+sex+tiv_K2_MAD3.0_run_20251015_211603
2025-10-15 21:16:15,307 - experiments.framework - INFO - Starting experiment: robustness_tests_20251015_211615
2025-10-15 21:16:15,307 - experiments.framework - INFO - Starting experiment: robustness_tests_20251015_211615
2025-10-15 21:23:36,894 - experiments.framework - INFO - 🏁 EXPERIMENT COMPLETED: robustness_tests_20251015_211615
2025-10-15 21:23:36,894 - experiments.framework - INFO - 🏁 EXPERIMENT COMPLETED: robustness_tests_20251015_211615
2025-10-15 21:23:36,895 - experiments.framework - INFO - ⏱️  TOTAL RUNTIME: 7.4 minutes (442s)
2025-10-15 21:23:36,895 - experiments.framework - INFO - ⏱️  TOTAL RUNTIME: 7.4 minutes (442s)
2025-10-15 21:23:36,895 - experiments.framework - INFO - 🕐 Started: 2025-10-15 21:16:15
2025-10-15 21:23:36,895 - experiments.framework - INFO - 🕐 Started: 2025-10-15 21:16:15
2025-10-15 21:23:36,895 - experiments.framework - INFO - 🕑 Finished: 2025-10-15 21:23:36
2025-10-15 21:23:36,895 - experiments.framework - INFO - 🕑 Finished: 2025-10-15 21:23:36
2025-10-15 21:23:36,895 - experiments.framework - INFO - Experiment completed successfully: robustness_tests_20251015_211615
2025-10-15 21:23:36,895 - experiments.framework - INFO - Experiment completed successfully: robustness_tests_20251015_211615
2025-10-15 21:23:36,895 - experiments.framework - INFO - 🧹 Performing comprehensive memory cleanup...
2025-10-15 21:23:36,895 - experiments.framework - INFO - 🧹 Performing comprehensive memory cleanup...
2025-10-15 21:23:37,050 - experiments.framework - INFO - Garbage collection freed 205 objects
2025-10-15 21:23:37,050 - experiments.framework - INFO - Garbage collection freed 205 objects
2025-10-15 21:23:37,640 - experiments.framework - INFO - GPU memory cleanup attempted
2025-10-15 21:23:37,640 - experiments.framework - INFO - GPU memory cleanup attempted
2025-10-15 21:23:38,641 - experiments.framework - INFO - ✅ Comprehensive memory cleanup completed
2025-10-15 21:23:38,641 - experiments.framework - INFO - ✅ Comprehensive memory cleanup completed
2025-10-15 21:23:38,712 - experiments.framework - INFO - Pickle saving disabled to prevent large files - using JSON and CSV instead
2025-10-15 21:23:38,712 - experiments.framework - INFO - Pickle saving disabled to prevent large files - using JSON and CSV instead
2025-10-15 21:23:38,719 - experiments.framework - INFO - Saving 1 plots to /cs/student/msc/aibh/2024/madhavan/sgfa_qmap-pd/results/all_rois-sn_conf-age+sex+tiv_K2_MAD3.0_run_20251015_211603/robustness_tests_20251015_211615/plots
2025-10-15 21:23:38,719 - experiments.framework - INFO - Saving 1 plots to /cs/student/msc/aibh/2024/madhavan/sgfa_qmap-pd/results/all_rois-sn_conf-age+sex+tiv_K2_MAD3.0_run_20251015_211603/robustness_tests_20251015_211615/plots
2025-10-15 21:23:39,715 - experiments.framework - INFO -   ✅ Saved plot: robustness_summary
2025-10-15 21:23:39,715 - experiments.framework - INFO -   ✅ Saved plot: robustness_summary
2025-10-15 21:23:39,716 - experiments.framework - INFO - All plots saved to: /cs/student/msc/aibh/2024/madhavan/sgfa_qmap-pd/results/all_rois-sn_conf-age+sex+tiv_K2_MAD3.0_run_20251015_211603/robustness_tests_20251015_211615/plots
2025-10-15 21:23:39,716 - experiments.framework - INFO - All plots saved to: /cs/student/msc/aibh/2024/madhavan/sgfa_qmap-pd/results/all_rois-sn_conf-age+sex+tiv_K2_MAD3.0_run_20251015_211603/robustness_tests_20251015_211615/plots
2025-10-15 23:37:27,695 - experiments.framework - INFO - ExperimentFramework initialized with output dir: /cs/student/msc/aibh/2024/madhavan/sgfa_qmap-pd/results/all_rois-sn_conf-age+sex+tiv_K2_MAD3.0_run_20251015_211603
2025-10-15 23:37:27,695 - experiments.framework - INFO - ExperimentFramework initialized with output dir: /cs/student/msc/aibh/2024/madhavan/sgfa_qmap-pd/results/all_rois-sn_conf-age+sex+tiv_K2_MAD3.0_run_20251015_211603
2025-10-15 23:37:27,695 - experiments.framework - INFO - ExperimentFramework initialized with output dir: /cs/student/msc/aibh/2024/madhavan/sgfa_qmap-pd/results/all_rois-sn_conf-age+sex+tiv_K2_MAD3.0_run_20251015_211603
2025-10-15 23:37:27,706 - experiments.framework - INFO - Starting experiment: clinical_validation_20251015_233727
2025-10-15 23:37:27,706 - experiments.framework - INFO - Starting experiment: clinical_validation_20251015_233727
2025-10-15 23:37:27,706 - experiments.framework - INFO - Starting experiment: clinical_validation_20251015_233727
2025-10-15 23:40:27,683 - experiments.framework - INFO - 🏁 EXPERIMENT COMPLETED: clinical_validation_20251015_233727
2025-10-15 23:40:27,683 - experiments.framework - INFO - 🏁 EXPERIMENT COMPLETED: clinical_validation_20251015_233727
2025-10-15 23:40:27,683 - experiments.framework - INFO - 🏁 EXPERIMENT COMPLETED: clinical_validation_20251015_233727
2025-10-15 23:40:27,684 - experiments.framework - INFO - ⏱️  TOTAL RUNTIME: 3.0 minutes (180s)
2025-10-15 23:40:27,684 - experiments.framework - INFO - ⏱️  TOTAL RUNTIME: 3.0 minutes (180s)
2025-10-15 23:40:27,684 - experiments.framework - INFO - ⏱️  TOTAL RUNTIME: 3.0 minutes (180s)
2025-10-15 23:40:27,684 - experiments.framework - INFO - 🕐 Started: 2025-10-15 23:37:27
2025-10-15 23:40:27,684 - experiments.framework - INFO - 🕐 Started: 2025-10-15 23:37:27
2025-10-15 23:40:27,684 - experiments.framework - INFO - 🕐 Started: 2025-10-15 23:37:27
2025-10-15 23:40:27,684 - experiments.framework - INFO - 🕑 Finished: 2025-10-15 23:40:27
2025-10-15 23:40:27,684 - experiments.framework - INFO - 🕑 Finished: 2025-10-15 23:40:27
2025-10-15 23:40:27,684 - experiments.framework - INFO - 🕑 Finished: 2025-10-15 23:40:27
2025-10-15 23:40:27,684 - experiments.framework - INFO - Experiment completed successfully: clinical_validation_20251015_233727
2025-10-15 23:40:27,684 - experiments.framework - INFO - Experiment completed successfully: clinical_validation_20251015_233727
2025-10-15 23:40:27,684 - experiments.framework - INFO - Experiment completed successfully: clinical_validation_20251015_233727
2025-10-15 23:40:27,684 - experiments.framework - INFO - 🧹 Performing comprehensive memory cleanup...
2025-10-15 23:40:27,684 - experiments.framework - INFO - 🧹 Performing comprehensive memory cleanup...
2025-10-15 23:40:27,684 - experiments.framework - INFO - 🧹 Performing comprehensive memory cleanup...
2025-10-15 23:40:27,941 - experiments.framework - INFO - Garbage collection freed 320 objects
2025-10-15 23:40:27,941 - experiments.framework - INFO - Garbage collection freed 320 objects
2025-10-15 23:40:27,941 - experiments.framework - INFO - Garbage collection freed 320 objects
2025-10-15 23:40:28,941 - experiments.framework - INFO - GPU memory cleanup attempted
2025-10-15 23:40:28,941 - experiments.framework - INFO - GPU memory cleanup attempted
2025-10-15 23:40:28,941 - experiments.framework - INFO - GPU memory cleanup attempted
2025-10-15 23:40:29,943 - experiments.framework - INFO - ✅ Comprehensive memory cleanup completed
2025-10-15 23:40:29,943 - experiments.framework - INFO - ✅ Comprehensive memory cleanup completed
2025-10-15 23:40:29,943 - experiments.framework - INFO - ✅ Comprehensive memory cleanup completed
2025-10-15 23:40:29,989 - experiments.framework - INFO - Pickle saving disabled to prevent large files - using JSON and CSV instead
2025-10-15 23:40:29,989 - experiments.framework - INFO - Pickle saving disabled to prevent large files - using JSON and CSV instead
2025-10-15 23:40:29,989 - experiments.framework - INFO - Pickle saving disabled to prevent large files - using JSON and CSV instead
2025-10-15 23:40:29,995 - experiments.framework - INFO - Saving 1 plots to /cs/student/msc/aibh/2024/madhavan/sgfa_qmap-pd/results/all_rois-sn_conf-age+sex+tiv_K2_MAD3.0_run_20251015_211603/clinical_validation_20251015_233727/plots
2025-10-15 23:40:29,995 - experiments.framework - INFO - Saving 1 plots to /cs/student/msc/aibh/2024/madhavan/sgfa_qmap-pd/results/all_rois-sn_conf-age+sex+tiv_K2_MAD3.0_run_20251015_211603/clinical_validation_20251015_233727/plots
2025-10-15 23:40:29,995 - experiments.framework - INFO - Saving 1 plots to /cs/student/msc/aibh/2024/madhavan/sgfa_qmap-pd/results/all_rois-sn_conf-age+sex+tiv_K2_MAD3.0_run_20251015_211603/clinical_validation_20251015_233727/plots
2025-10-15 23:40:30,682 - experiments.framework - INFO -   ✅ Saved plot: clinical_validation_summary
2025-10-15 23:40:30,682 - experiments.framework - INFO -   ✅ Saved plot: clinical_validation_summary
2025-10-15 23:40:30,682 - experiments.framework - INFO -   ✅ Saved plot: clinical_validation_summary
2025-10-15 23:40:30,682 - experiments.framework - INFO - All plots saved to: /cs/student/msc/aibh/2024/madhavan/sgfa_qmap-pd/results/all_rois-sn_conf-age+sex+tiv_K2_MAD3.0_run_20251015_211603/clinical_validation_20251015_233727/plots
2025-10-15 23:40:30,682 - experiments.framework - INFO - All plots saved to: /cs/student/msc/aibh/2024/madhavan/sgfa_qmap-pd/results/all_rois-sn_conf-age+sex+tiv_K2_MAD3.0_run_20251015_211603/clinical_validation_20251015_233727/plots
2025-10-15 23:40:30,682 - experiments.framework - INFO - All plots saved to: /cs/student/msc/aibh/2024/madhavan/sgfa_qmap-pd/results/all_rois-sn_conf-age+sex+tiv_K2_MAD3.0_run_20251015_211603/clinical_validation_20251015_233727/plots
