2025-10-22 00:23:00,624 - experiments.framework - INFO - ExperimentFramework initialized with output dir: /cs/student/msc/aibh/2024/madhavan/sgfa_qmap-pd/results/all_rois-sn_conf-age+sex+tiv_K20_percW33_MAD1000.0_run_20251022_002300
2025-10-22 00:23:00,631 - experiments.framework - INFO - Starting experiment: data_validation_20251022_002300
2025-10-22 00:23:00,631 - experiments.data_validation - INFO - Running comprehensive data validation...
2025-10-22 00:23:00,632 - optimization.config - INFO - Configuration optimized for system: 25.6GB RAM, 16 CPUs
2025-10-22 00:23:00,632 - experiments.data_validation - INFO - Auto-configured system: 20.4GB memory limit
2025-10-22 00:23:00,633 - experiments.data_validation - INFO - ExperimentFramework initialized with output dir: results
2025-10-22 00:23:00,633 - optimization.config - INFO - Configuration optimized for system: 25.6GB RAM, 16 CPUs
2025-10-22 00:23:00,633 - experiments.data_validation - INFO - Auto-configured system: 20.4GB memory limit
2025-10-22 00:23:00,633 - optimization.memory_optimizer - INFO - MemoryOptimizer initialized: max_memory=20.44GB
2025-10-22 00:23:00,633 - experiments.data_validation - INFO - Memory optimizer initialized with 20.4GB limit
2025-10-22 00:23:00,633 - optimization.memory_optimizer - INFO - MemoryOptimizer initialized: max_memory=20.44GB
2025-10-22 00:23:00,633 - optimization.data_streaming - INFO - DataStreamer initialized: chunk_size=None, memory_limit=20.442626953125GB
2025-10-22 00:23:00,634 - optimization.memory_optimizer - INFO - MemoryOptimizer initialized: max_memory=20.44GB
2025-10-22 00:23:00,634 - optimization.data_streaming - INFO - DataStreamer initialized: chunk_size=None, memory_limit=20.442626953125GB
2025-10-22 00:23:00,634 - experiments.data_validation - INFO - Data streaming components initialized
2025-10-22 00:23:00,634 - optimization.memory_optimizer - INFO - MemoryOptimizer initialized: max_memory=20.44GB
2025-10-22 00:23:00,634 - optimization.mcmc_optimizer - INFO - MCMCMemoryOptimizer initialized with 20.442626953125GB limit
2025-10-22 00:23:00,634 - experiments.data_validation - INFO - MCMC memory optimizer initialized
2025-10-22 00:23:00,634 - experiments.data_validation - INFO - Running data quality assessment
2025-10-22 00:23:00,634 - experiments.data_validation - INFO - Loading qMAP-PD data for quality assessment...
2025-10-22 00:23:00,634 - experiments.data_validation - INFO -    ROI selection: ['volume_sn_voxels.tsv']
2025-10-22 00:23:00,634 - experiments.data_validation - INFO -    Confound regression: ['age', 'sex', 'tiv']
2025-10-22 00:23:00,634 - experiments.data_validation - INFO -    Feature selection: none
2025-10-22 00:23:00,642 - root - INFO - Loading selected ROIs: ['volume_sn_voxels.tsv']
2025-10-22 00:23:00,778 - root - INFO - === Applying Basic Preprocessing ===
2025-10-22 00:23:00,782 - root - INFO - Preprocessing module imported successfully
2025-10-22 00:23:00,784 - root - INFO - Regressing out confounds: ['age', 'sex', 'tiv']
2025-10-22 00:23:00,791 - root - INFO -   Regressed confounds from volume_sn_voxels: ['age', 'sex', 'tiv']
2025-10-22 00:23:00,791 - root - INFO -   Dropped 3 confound features from clinical: ['age', 'sex', 'tiv']
2025-10-22 00:23:00,791 - root - INFO -   Remaining clinical features: 14
2025-10-22 00:23:00,791 - root - INFO - ✓ Feature names verified for volume_sn_voxels: 1794 features
2025-10-22 00:23:00,791 - root - INFO - ✓ Feature names verified for clinical: 14 features
2025-10-22 00:23:00,792 - experiments.data_validation - INFO -    PCA enabled in preprocessing_config: False
2025-10-22 00:23:00,818 - root - INFO - Loading selected ROIs: ['volume_sn_voxels.tsv']
2025-10-22 00:23:01,069 - root - INFO - === Applying Advanced Preprocessing ===
2025-10-22 00:23:01,069 - root - INFO - Starting neuroimaging-aware preprocessing pipeline
2025-10-22 00:23:01,069 - root - INFO - Processing view: volume_sn_voxels (shape: (86, 1794))
2025-10-22 00:23:01,069 - root - INFO - MAD filtering disabled for volume_sn_voxels (threshold=1000.0)
2025-10-22 00:23:01,069 - root - INFO - Applying spatial imputation to volume_sn_voxels
2025-10-22 00:23:01,071 - root - INFO - Loaded 1794 voxel positions for sn
2025-10-22 00:23:01,072 - root - INFO - Applying median imputation to volume_sn_voxels
2025-10-22 00:23:01,081 - root - INFO - Applying none feature selection to volume_sn_voxels
2025-10-22 00:23:01,081 - root - INFO - Applying robust scaling to volume_sn_voxels
2025-10-22 00:23:01,199 - root - INFO - DEBUG: fit_transform_pca called for volume_sn_voxels, enable_pca=False
2025-10-22 00:23:01,199 - root - INFO - DEBUG: PCA disabled for volume_sn_voxels, returning original X with shape (86, 1794)
2025-10-22 00:23:01,199 - root - INFO - Final shape for volume_sn_voxels: (86, 1794)
2025-10-22 00:23:01,199 - root - INFO - Feature retention: 1794/1794 (100.0%)
2025-10-22 00:23:01,200 - root - INFO - Filtered position lookup for volume_sn_voxels: 1794 → 1794 positions (100.0% retained)
2025-10-22 00:23:01,206 - root - INFO - Saved filtered position lookup to /cs/student/msc/aibh/2024/madhavan/sgfa_qmap-pd/results/all_rois-sn_conf-age+sex+tiv_K20_percW33_MAD1000.0_run_20251022_002300/data_validation_tree10_20251022_002300/position_lookup_filtered/position_sn_voxels_filtered.tsv
2025-10-22 00:23:01,206 - root - INFO - Processing view: clinical (shape: (86, 17))
2025-10-22 00:23:01,206 - root - INFO - Applying median imputation to clinical
2025-10-22 00:23:01,207 - root - INFO - Applying none feature selection to clinical
2025-10-22 00:23:01,207 - root - INFO - Applying robust scaling to clinical
2025-10-22 00:23:01,209 - root - INFO - DEBUG: fit_transform_pca called for clinical, enable_pca=False
2025-10-22 00:23:01,209 - root - INFO - DEBUG: PCA disabled for clinical, returning original X with shape (86, 17)
2025-10-22 00:23:01,209 - root - INFO - Final shape for clinical: (86, 17)
2025-10-22 00:23:01,209 - root - INFO - Feature retention: 17/17 (100.0%)
2025-10-22 00:23:01,209 - root - INFO - Regressing out confounds: ['age', 'sex', 'tiv']
2025-10-22 00:23:01,213 - root - INFO -   Regressed confounds from volume_sn_voxels: ['age', 'sex', 'tiv']
2025-10-22 00:23:01,214 - root - INFO -   Dropped 3 confound features from clinical: ['age', 'sex', 'tiv']
2025-10-22 00:23:01,214 - root - INFO -   Remaining clinical features: 14
2025-10-22 00:23:01,214 - root - INFO - ✓ Feature names verified for volume_sn_voxels: 1794 features
2025-10-22 00:23:01,214 - root - INFO - ✓ Feature names verified for clinical: 14 features
2025-10-22 00:23:01,214 - experiments.data_validation - INFO -    ✅ Filtered position lookups saved to: /cs/student/msc/aibh/2024/madhavan/sgfa_qmap-pd/results/all_rois-sn_conf-age+sex+tiv_K20_percW33_MAD1000.0_run_20251022_002300/data_validation_tree10_20251022_002300/position_lookup_filtered
2025-10-22 00:23:01,214 - experiments.data_validation - INFO -    Creating filtered position lookups with output_dir: /cs/student/msc/aibh/2024/madhavan/sgfa_qmap-pd/results/all_rois-sn_conf-age+sex+tiv_K20_percW33_MAD1000.0_run_20251022_002300/data_validation_tree10_20251022_002300
2025-10-22 00:23:01,214 - experiments.data_validation - INFO -   _create_filtered_position_lookups called:
2025-10-22 00:23:01,214 - experiments.data_validation - INFO -     view_names: ['volume_sn_voxels', 'clinical']
2025-10-22 00:23:01,214 - experiments.data_validation - INFO -     n_views raw: 2, preprocessed: 2
2025-10-22 00:23:01,214 - experiments.data_validation - INFO -   Creating filtered position lookup for volume_sn_voxels...
2025-10-22 00:23:01,217 - root - INFO - Loaded 1794 voxel positions for sn
2025-10-22 00:23:01,218 - experiments.data_validation - INFO -   Original positions: 1794 rows
2025-10-22 00:23:01,218 - experiments.data_validation - INFO -   Raw data: 1794 voxels
2025-10-22 00:23:01,218 - experiments.data_validation - INFO -   Preprocessed data: 1794 voxels
2025-10-22 00:23:01,218 - experiments.data_validation - INFO -   No voxels dropped, position lookup unchanged
2025-10-22 00:23:01,228 - experiments.data_validation - INFO -   ✅ Saved filtered position lookup: /cs/student/msc/aibh/2024/madhavan/sgfa_qmap-pd/results/all_rois-sn_conf-age+sex+tiv_K20_percW33_MAD1000.0_run_20251022_002300/data_validation_tree10_20251022_002300/filtered_position_lookups/sn_filtered_position_lookup.csv
2025-10-22 00:23:01,228 - experiments.data_validation - INFO -      1794 → 1794 rows
2025-10-22 00:23:01,228 - experiments.data_validation - INFO -   Skipping clinical view
2025-10-22 00:23:01,229 - experiments.data_validation - INFO -    ✅ Filtered position lookups saved to: /cs/student/msc/aibh/2024/madhavan/sgfa_qmap-pd/results/all_rois-sn_conf-age+sex+tiv_K20_percW33_MAD1000.0_run_20251022_002300/data_validation_tree10_20251022_002300/filtered_position_lookups
2025-10-22 00:23:01,229 - experiments.data_validation - INFO -    Files created: ['/cs/student/msc/aibh/2024/madhavan/sgfa_qmap-pd/results/all_rois-sn_conf-age+sex+tiv_K20_percW33_MAD1000.0_run_20251022_002300/data_validation_tree10_20251022_002300/filtered_position_lookups/sn_filtered_position_lookup.csv']
2025-10-22 00:23:01,230 - experiments.data_validation - INFO - Data structure analysis completed. Raw: 1808 features, Processed: 1808 features
2025-10-22 00:23:01,231 - experiments.data_validation - INFO - 🔍 Assessing data quality metrics...
2025-10-22 00:23:01,231 - experiments.data_validation - INFO -    Analyzing quality metrics for volume_sn_voxels (86×1794)...
2025-10-22 00:23:01,237 - experiments.data_validation - INFO -    Analyzing quality metrics for clinical (86×14)...
2025-10-22 00:23:01,238 - experiments.data_validation - INFO -       Computing correlation matrix for clinical...
2025-10-22 00:23:01,240 - experiments.data_validation - INFO -    Analyzing quality metrics for volume_sn_voxels (86×1794)...
2025-10-22 00:23:01,246 - experiments.data_validation - INFO -    Analyzing quality metrics for clinical (86×14)...
2025-10-22 00:23:01,247 - experiments.data_validation - INFO -       Computing correlation matrix for clinical...
2025-10-22 00:23:01,267 - experiments.data_validation - INFO - ================================================================================
2025-10-22 00:23:01,267 - experiments.data_validation - INFO - 🔍 MAD THRESHOLD EXPLORATORY DATA ANALYSIS
2025-10-22 00:23:01,267 - experiments.data_validation - INFO - ================================================================================
2025-10-22 00:23:01,268 - experiments.data_validation - INFO - Analyzing optimal MAD threshold values for outlier detection...
2025-10-22 00:23:01,268 - experiments.data_validation - INFO - Analyzing 1 imaging views: ['volume_sn_voxels']
2025-10-22 00:23:01,268 - experiments.data_validation - INFO - 📊 Analyzing MAD distributions...
2025-10-22 00:23:01,268 - experiments.data_validation - INFO -    Processing volume_sn_voxels: (86, 1794)
2025-10-22 00:23:02,231 - experiments.data_validation - INFO -       Saved MAD distribution plot: mad_distribution_sn.png
2025-10-22 00:23:02,231 - experiments.data_validation - INFO -    ✅ MAD distributions analyzed for 1 views
2025-10-22 00:23:02,231 - experiments.data_validation - INFO - 📈 Performing elbow analysis...
2025-10-22 00:23:02,244 - experiments.data_validation - INFO -    volume_sn_voxels: Elbow at 2.26 (7.1% retention)
2025-10-22 00:23:02,655 - experiments.data_validation - INFO -    ✅ Elbow analysis completed, saved to elbow_analysis_all_views.png
2025-10-22 00:23:02,655 - experiments.data_validation - INFO - 🗺️  Analyzing spatial distribution of removed voxels...
2025-10-22 00:23:02,656 - experiments.data_validation - INFO -    Loaded position lookup for volume_sn_voxels: 1793 voxels
2025-10-22 00:23:02,656 - experiments.data_validation - WARNING -    Dimension mismatch for volume_sn_voxels: 1794 MAD values vs 1793 positions. Skipping spatial analysis.
2025-10-22 00:23:02,656 - experiments.data_validation - INFO -    ✅ Spatial analysis completed for 1 views
2025-10-22 00:23:02,656 - experiments.data_validation - INFO - 📊 Analyzing information preservation...
2025-10-22 00:23:02,656 - experiments.data_validation - INFO -    Processing volume_sn_voxels...
2025-10-22 00:23:03,237 - experiments.data_validation - INFO -       Saved information preservation plot: information_preservation_all_views.png
2025-10-22 00:23:03,237 - experiments.data_validation - INFO -    ✅ Information preservation analyzed for 1 views
2025-10-22 00:23:03,237 - experiments.data_validation - INFO - 👤 Analyzing subject-level data quality...
2025-10-22 00:23:03,237 - experiments.data_validation - INFO -    Processing volume_sn_voxels: (86, 1794)
2025-10-22 00:23:03,504 - experiments.data_validation - INFO -       Mean outlier %: 1.1%
2025-10-22 00:23:03,504 - experiments.data_validation - INFO -       Max outlier %: 17.5%
2025-10-22 00:23:03,972 - experiments.data_validation - INFO -       Saved subject outlier distribution plot: subject_outlier_distributions.png
2025-10-22 00:23:03,974 - experiments.data_validation - INFO -       Saved flagged subjects table: flagged_subjects.csv (2 subjects)
2025-10-22 00:23:03,976 - experiments.data_validation - INFO -       Saved flagged subjects report: flagged_subjects_report.txt
2025-10-22 00:23:04,278 - experiments.data_validation - INFO -       Saved subject outlier comparison plot: subject_outlier_comparison.png
2025-10-22 00:23:04,793 - experiments.data_validation - INFO -       Saved subject outlier scatter plot: subject_outlier_scatter.png
2025-10-22 00:23:05,550 - experiments.data_validation - INFO -       Saved top subjects bar chart: subject_outlier_top20.png
2025-10-22 00:23:05,550 - experiments.data_validation - INFO -    ✅ Subject-level analysis completed: 2 subjects flagged
2025-10-22 00:23:05,550 - experiments.data_validation - INFO - 📋 Generating threshold comparison summary...
2025-10-22 00:23:05,553 - experiments.data_validation - INFO -    Saved summary table: mad_threshold_summary_table.csv
2025-10-22 00:23:05,554 - experiments.data_validation - INFO -    📝 Saved recommendations: mad_threshold_recommendations.txt
2025-10-22 00:23:05,554 - experiments.data_validation - INFO - ================================================================================
2025-10-22 00:23:05,554 - experiments.data_validation - INFO - ✅ MAD threshold EDA completed successfully
2025-10-22 00:23:05,554 - experiments.data_validation - INFO - ================================================================================
2025-10-22 00:23:05,555 - experiments.data_validation - INFO - 📊 Generating data validation plots...
2025-10-22 00:23:05,555 - experiments.data_validation - INFO -    Creating distribution histograms for 1 clinical view(s), skipping 1 imaging views
2025-10-22 00:23:05,680 - experiments.data_validation - INFO -    ✅ Distribution histograms created (stored as data_distribution_comparison)
2025-10-22 00:23:05,680 - experiments.data_validation - INFO -    Creating quality metrics summary plot...
2025-10-22 00:23:05,688 - experiments.data_validation - INFO - 📊 Basic data validation plots completed: 1 plots generated
2025-10-22 00:23:05,688 - experiments.data_validation - INFO - 🎨 Creating comprehensive data validation visualizations for data_quality_assessment
2025-10-22 00:23:05,694 - experiments.data_validation - INFO -    Creating preprocessing quality visualizations...
2025-10-22 00:23:05,694 - visualization.preprocessing_plots - INFO - Creating preprocessing plots
2025-10-22 00:23:06,172 - visualization.preprocessing_plots - INFO - Saved: results/plots/preprocessing/feature_reduction.png
2025-10-22 00:23:06,758 - visualization.preprocessing_plots - INFO - Saved: results/plots/preprocessing/variance_distribution.png
2025-10-22 00:23:06,758 - experiments.data_validation - INFO -    ✅ Preprocessing visualizations created
2025-10-22 00:23:06,758 - experiments.data_validation - INFO -    Creating covariance structure analysis...
2025-10-22 00:23:06,759 - visualization.covariance_plots - INFO - ================================================================================
2025-10-22 00:23:06,759 - visualization.covariance_plots - INFO - COVARIANCE STRUCTURE ANALYSIS
2025-10-22 00:23:06,759 - visualization.covariance_plots - INFO - ================================================================================
2025-10-22 00:23:06,875 - visualization.covariance_plots - INFO - Intra-modality covariance for volume_sn_voxels: 1794x1794
2025-10-22 00:23:06,876 - visualization.covariance_plots - INFO - Intra-modality covariance for clinical: 14x14
2025-10-22 00:23:06,940 - visualization.covariance_plots - INFO - Inter-modality covariance for volume_sn_voxels_vs_clinical: 1794x14
2025-10-22 00:23:07,046 - visualization.covariance_plots - INFO - 
Data structure:
2025-10-22 00:23:07,046 - visualization.covariance_plots - INFO -   Number of views: 2
2025-10-22 00:23:07,046 - visualization.covariance_plots - INFO -   Number of samples: 86
2025-10-22 00:23:07,046 - visualization.covariance_plots - INFO -   volume_sn_voxels: 1794 features
2025-10-22 00:23:07,046 - visualization.covariance_plots - INFO -   clinical: 14 features
2025-10-22 00:23:07,046 - visualization.covariance_plots - INFO - 
Intra-modality correlation statistics:
2025-10-22 00:23:07,046 - visualization.covariance_plots - INFO -   volume_sn_voxels:
2025-10-22 00:23:07,046 - visualization.covariance_plots - INFO -     Mean correlation: 0.388
2025-10-22 00:23:07,046 - visualization.covariance_plots - INFO -     Std correlation: 0.219
2025-10-22 00:23:07,046 - visualization.covariance_plots - INFO -     Max |correlation|: 0.994
2025-10-22 00:23:07,047 - visualization.covariance_plots - INFO -   clinical:
2025-10-22 00:23:07,047 - visualization.covariance_plots - INFO -     Mean correlation: 0.073
2025-10-22 00:23:07,047 - visualization.covariance_plots - INFO -     Std correlation: 0.350
2025-10-22 00:23:07,047 - visualization.covariance_plots - INFO -     Max |correlation|: 0.911
2025-10-22 00:23:07,047 - visualization.covariance_plots - INFO - 
Inter-modality correlation statistics:
2025-10-22 00:23:07,047 - visualization.covariance_plots - INFO -   volume_sn_voxels_vs_clinical:
2025-10-22 00:23:07,047 - visualization.covariance_plots - INFO -     Mean correlation: 0.031
2025-10-22 00:23:07,047 - visualization.covariance_plots - INFO -     Std correlation: 0.121
2025-10-22 00:23:07,047 - visualization.covariance_plots - INFO -     Max |correlation|: 0.371
2025-10-22 00:23:07,047 - visualization.covariance_plots - INFO - 
Generating covariance plots...
2025-10-22 00:23:07,047 - visualization.covariance_plots - INFO - Subsampling covariance matrix from 1808 to 500 features
2025-10-22 00:23:08,323 - visualization.covariance_plots - INFO - Saved block covariance matrix plot to results/plots/block_covariance_matrix.png
2025-10-22 00:23:17,516 - visualization.covariance_plots - INFO - Saved inter/intra comparison plot to results/plots/inter_vs_intra_correlation.png
2025-10-22 00:23:17,518 - visualization.covariance_plots - INFO - Plots saved to results/plots
2025-10-22 00:23:17,518 - visualization.covariance_plots - INFO - ================================================================================
2025-10-22 00:23:17,518 - experiments.data_validation - INFO -    ✅ Covariance analysis completed
2025-10-22 00:23:17,518 - experiments.data_validation - INFO -    Loading and converting generated plots to figures...
2025-10-22 00:23:17,522 - experiments.data_validation - INFO -    Found 4 plot files to convert
2025-10-22 00:23:18,299 - experiments.data_validation - INFO -    ✅ Created 4 comprehensive data validation visualizations
2025-10-22 00:23:18,299 - experiments.data_validation - INFO - 🎨 Comprehensive data validation plots completed: 4 advanced plots generated
2025-10-22 00:23:18,300 - experiments.data_validation - INFO - 📊 Total plots ready for saving: 5
2025-10-22 00:23:18,300 - experiments.data_validation - INFO - 📁 Using experiment output dir: /cs/student/msc/aibh/2024/madhavan/sgfa_qmap-pd/results/all_rois-sn_conf-age+sex+tiv_K20_percW33_MAD1000.0_run_20251022_002300/data_validation_tree10_20251022_002300
2025-10-22 00:23:27,165 - core.io_utils - INFO - Saved 5 plots individually to /cs/student/msc/aibh/2024/madhavan/sgfa_qmap-pd/results/all_rois-sn_conf-age+sex+tiv_K20_percW33_MAD1000.0_run_20251022_002300/data_validation_tree10_20251022_002300/individual_plots (0 skipped)
2025-10-22 00:23:27,165 - core.io_utils - INFO -   Formats: png, pdf
2025-10-22 00:23:27,165 - experiments.data_validation - INFO - ✅ Saved 5 individual plots to /cs/student/msc/aibh/2024/madhavan/sgfa_qmap-pd/results/all_rois-sn_conf-age+sex+tiv_K20_percW33_MAD1000.0_run_20251022_002300/data_validation_tree10_20251022_002300/individual_plots
2025-10-22 00:23:27,165 - experiments.data_validation - INFO - ✅ Data validation with EDA completed!
2025-10-22 00:23:27,165 - experiments.data_validation - INFO -    Plots generated: 5
2025-10-22 00:23:27,165 - experiments.framework - INFO - 🏁 EXPERIMENT COMPLETED: data_validation_20251022_002300
2025-10-22 00:23:27,165 - experiments.framework - INFO - ⏱️  TOTAL RUNTIME: 26.5 seconds
2025-10-22 00:23:27,165 - experiments.framework - INFO - 🕐 Started: 2025-10-22 00:23:00
2025-10-22 00:23:27,165 - experiments.framework - INFO - 🕑 Finished: 2025-10-22 00:23:27
2025-10-22 00:23:27,165 - experiments.framework - INFO - Experiment completed successfully: data_validation_20251022_002300
2025-10-22 00:23:27,165 - experiments.framework - INFO - 🧹 Performing comprehensive memory cleanup...
2025-10-22 00:23:27,253 - experiments.framework - INFO - Garbage collection freed 0 objects
2025-10-22 00:23:27,580 - experiments.framework - INFO - GPU memory cleanup attempted
2025-10-22 00:23:28,582 - experiments.framework - INFO - ✅ Comprehensive memory cleanup completed
2025-10-22 00:23:39,515 - experiments.framework - INFO - ExperimentFramework initialized with output dir: /cs/student/msc/aibh/2024/madhavan/sgfa_qmap-pd/results/all_rois-sn_conf-age+sex+tiv_K20_percW33_MAD1000.0_run_20251022_002300
2025-10-22 00:23:39,515 - experiments.robustness_testing - INFO -    Using command-line K override: 20 (default is 10)
2025-10-22 00:23:39,515 - experiments.robustness_testing - INFO -    Using global model hyperparameters: K=20, percW=33.0, slab_df=4, slab_scale=2
2025-10-22 00:23:39,515 - experiments.robustness_testing - INFO -    QC outlier threshold (MAD): 1000.0
2025-10-22 00:23:39,515 - experiments.robustness_testing - INFO -    Using model type: sparse_gfa_fixed
2025-10-22 00:23:39,516 - optimization.config - INFO - Configuration optimized for system: 24.6GB RAM, 16 CPUs
2025-10-22 00:23:39,516 - experiments.robustness_testing - INFO - Auto-configured system: 19.7GB memory limit
2025-10-22 00:23:39,517 - experiments.robustness_testing - INFO - ExperimentFramework initialized with output dir: results
2025-10-22 00:23:39,517 - optimization.config - INFO - Configuration optimized for system: 24.6GB RAM, 16 CPUs
2025-10-22 00:23:39,517 - experiments.robustness_testing - INFO - Auto-configured system: 19.7GB memory limit
2025-10-22 00:23:39,517 - optimization.memory_optimizer - INFO - MemoryOptimizer initialized: max_memory=19.67GB
2025-10-22 00:23:39,517 - experiments.robustness_testing - INFO - Memory optimizer initialized with 19.7GB limit
2025-10-22 00:23:39,517 - optimization.memory_optimizer - INFO - MemoryOptimizer initialized: max_memory=19.67GB
2025-10-22 00:23:39,517 - optimization.data_streaming - INFO - DataStreamer initialized: chunk_size=None, memory_limit=19.6709228515625GB
2025-10-22 00:23:39,517 - optimization.memory_optimizer - INFO - MemoryOptimizer initialized: max_memory=19.67GB
2025-10-22 00:23:39,517 - optimization.data_streaming - INFO - DataStreamer initialized: chunk_size=None, memory_limit=19.6709228515625GB
2025-10-22 00:23:39,517 - experiments.robustness_testing - INFO - Data streaming components initialized
2025-10-22 00:23:39,517 - optimization.memory_optimizer - INFO - MemoryOptimizer initialized: max_memory=19.67GB
2025-10-22 00:23:39,518 - optimization.mcmc_optimizer - INFO - MCMCMemoryOptimizer initialized with 19.6709228515625GB limit
2025-10-22 00:23:39,518 - experiments.robustness_testing - INFO - MCMC memory optimizer initialized
2025-10-22 00:23:39,522 - experiments.framework - INFO - Starting experiment: robustness_tests_20251022_002339
2025-10-22 00:23:39,522 - experiments.robustness_testing - INFO - 🔄 Running comprehensive robustness tests...
2025-10-22 00:23:39,522 - experiments.robustness_testing - INFO - 📁 Set robustness_testing base_output_dir to: /cs/student/msc/aibh/2024/madhavan/sgfa_qmap-pd/results/all_rois-sn_conf-age+sex+tiv_K20_percW33_MAD1000.0_run_20251022_002300/robustness_tests_fixed_K20_percW33_slab4_2_MAD1000.0_tree10_20251022_002339
2025-10-22 00:23:39,522 - experiments.robustness_testing - INFO - 📊 Testing seed robustness...
2025-10-22 00:23:39,609 - experiments.robustness_testing - INFO - ================================================================================
2025-10-22 00:23:39,609 - experiments.robustness_testing - INFO - _RUN_SGFA_ANALYSIS - STARTING
2025-10-22 00:23:39,609 - experiments.robustness_testing - INFO - ================================================================================
2025-10-22 00:23:39,609 - experiments.robustness_testing - INFO - Input data: 2 views
2025-10-22 00:23:39,610 - experiments.robustness_testing - INFO -   View 0: shape (86, 1794), dtype float64, has_nan False
2025-10-22 00:23:39,610 - experiments.robustness_testing - INFO -   View 1: shape (86, 14), dtype float64, has_nan False
2025-10-22 00:23:39,610 - experiments.robustness_testing - INFO - Hyperparameters: {'Dm': [1794, 14], 'a_sigma': 1.0, 'b_sigma': 1.0, 'slab_df': 4, 'slab_scale': 2, 'percW': 33.0, 'K': 20}
2025-10-22 00:23:39,610 - experiments.robustness_testing - INFO - MCMC args: {'K': 20, 'num_warmup': 50, 'num_samples': 100, 'num_chains': 1, 'target_accept_prob': 0.8, 'reghsZ': True, 'max_tree_depth': 10, 'use_pca_initialization': True, 'model_type': 'sparse_gfa_fixed', 'random_seed': 42}
2025-10-22 00:23:39,610 - experiments.robustness_testing - INFO - Additional kwargs keys: []
2025-10-22 00:23:39,610 - experiments.robustness_testing - INFO - Running SGFA: K=20, n_subjects=86, n_features=1808
2025-10-22 00:23:39,617 - experiments.robustness_testing - INFO - Setting up model via factory...
2025-10-22 00:23:39,617 - experiments.robustness_testing - INFO - 🔍 DEBUG: config_dict.get('model_type') = sparse_gfa_fixed
2025-10-22 00:23:39,617 - experiments.robustness_testing - INFO - 🔍 DEBUG: 'model' in config_dict = False
2025-10-22 00:23:39,617 - experiments.robustness_testing - INFO - 🔍 DEBUG: args['model_type'] = sparse_gfa_fixed
2025-10-22 00:23:39,617 - experiments.robustness_testing - INFO - 🔧 Setting K=20 from args into config_dict
2025-10-22 00:23:39,617 - experiments.robustness_testing - INFO - 🔍 Config model_type: sparse_gfa_fixed
2025-10-22 00:23:39,617 - experiments.robustness_testing - INFO - 🔍 Config K: 20
2025-10-22 00:23:39,617 - models.models_integration - INFO - 🔍 DEBUG: model_config keys: ['model_type']
2025-10-22 00:23:39,617 - models.models_integration - INFO - 🔍 DEBUG: model_type from config: 'sparse_gfa_fixed'
2025-10-22 00:23:39,617 - models.models_integration - INFO - Data characteristics for model selection:
2025-10-22 00:23:39,617 - models.models_integration - INFO -    Total features: 1,808
2025-10-22 00:23:39,617 - models.models_integration - INFO -    Views: 2
2025-10-22 00:23:39,617 - models.models_integration - INFO -    Subjects: 86
2025-10-22 00:23:39,617 - models.models_integration - INFO -    Has imaging data: True
2025-10-22 00:23:39,617 - models.models_integration - INFO - 🔍 DEBUG: Available Bayesian models: ['GFA', 'neuroGFA', 'sparseGFA', 'sparse_gfa', 'sparse_gfa_fixed', 'standard_gfa']
2025-10-22 00:23:39,617 - models.models_integration - INFO - 🔍 DEBUG: Checking if 'sparse_gfa_fixed' in bayesian_models: True
2025-10-22 00:23:39,617 - models.models_integration - INFO - ✅ Selected model type: sparse_gfa_fixed
2025-10-22 00:23:39,617 - models.models_integration - INFO - 🏗️ Creating model instance: sparse_gfa_fixed
2025-10-22 00:23:39,617 - models.models_integration - INFO - ✅ Model instance created successfully
2025-10-22 00:23:39,617 - models.models_integration - INFO -    Model type: sparse_gfa_fixed
2025-10-22 00:23:39,617 - models.models_integration - INFO -    Model class: SparseGFAFixedModel
2025-10-22 00:23:39,617 - models.models_integration - INFO - ✅ Models framework integration completed
2025-10-22 00:23:39,618 - models.models_integration - INFO -    Model type: sparse_gfa_fixed
2025-10-22 00:23:39,618 - models.models_integration - INFO -    Model class: SparseGFAFixedModel
2025-10-22 00:23:39,618 - models.models_integration - INFO -    Factory method: True
2025-10-22 00:23:39,618 - models.models_integration - INFO - ✅ Models framework pipeline integration completed
2025-10-22 00:23:39,618 - models.models_integration - INFO -  Model type: sparse_gfa_fixed
2025-10-22 00:23:39,618 - models.models_integration - INFO -  Model factory: True
2025-10-22 00:23:39,618 - models.models_integration - INFO -  Structured management: True
2025-10-22 00:23:39,618 - experiments.robustness_testing - INFO - ✅ Model setup complete: sparse_gfa_fixed
2025-10-22 00:23:39,618 - experiments.robustness_testing - INFO -    Hyperparameters: Dm=[1794, 14], percW=33.0, slab_df=4, slab_scale=2
2025-10-22 00:23:39,618 - experiments.robustness_testing - INFO - ✅ Using model instance: sparse_gfa_fixed
2025-10-22 00:23:39,618 - experiments.robustness_testing - INFO -    Model class: SparseGFAFixedModel
2025-10-22 00:23:39,618 - experiments.robustness_testing - INFO - MCMC configuration: warmup=50, samples=100, chains=1
2025-10-22 00:23:39,618 - experiments.robustness_testing - INFO - Setting up MCMC with seed: 42
2025-10-22 00:23:39,735 - experiments.robustness_testing - INFO - NUTS kernel parameters: target_accept_prob=0.8, max_tree_depth=10, dense_mass=False
2025-10-22 00:23:39,735 - experiments.robustness_testing - INFO -    Using diagonal mass matrix for ~5GB memory savings per chain
2025-10-22 00:23:39,735 - experiments.robustness_testing - INFO - Creating MCMC sampler with chain_method=sequential...
2025-10-22 00:23:39,736 - experiments.robustness_testing - INFO - Creating NUTS kernel for standard MCMC execution...
2025-10-22 00:23:39,737 - core.pca_initialization - INFO - 🔧 Creating NumPyro initialization parameters...
2025-10-22 00:23:39,737 - core.pca_initialization - INFO -   Model type: sparse_gfa_fixed
2025-10-22 00:23:39,737 - core.pca_initialization - INFO -   K=20, n_views=2
2025-10-22 00:23:39,737 - core.pca_initialization - INFO - 🔧 Computing PCA initialization...
2025-10-22 00:23:39,738 - core.pca_initialization - INFO -   Input: 2 views, N=86 samples, K=20 factors
2025-10-22 00:23:39,738 - core.pca_initialization - INFO -   View shapes: [(86, 1794), (86, 14)]
2025-10-22 00:23:39,738 - core.pca_initialization - INFO -   Concatenated data shape: (86, 1808)
2025-10-22 00:23:39,738 - core.pca_initialization - INFO - Computing PCA initialization for K=20 factors
2025-10-22 00:23:39,738 - core.pca_initialization - INFO -   Data shape: (86, 1808) (86 samples, 1808 total features)
2025-10-22 00:23:39,739 - core.pca_initialization - INFO -   Number of views: 2
2025-10-22 00:23:39,956 - core.pca_initialization - INFO -   PCA initialization computed:
2025-10-22 00:23:39,957 - core.pca_initialization - INFO -     Z shape: (86, 20)
2025-10-22 00:23:39,957 - core.pca_initialization - INFO -     W shape: (1808, 20)
2025-10-22 00:23:39,957 - core.pca_initialization - INFO -     Variance explained: 94.23%
2025-10-22 00:23:39,963 - core.pca_initialization - INFO -     Per-component variance: [0.40596611 0.09301311 0.07910691 0.06599658 0.05504268 0.04639058
 0.03538515 0.02440932 0.02321937 0.01928194 0.01600014 0.01393938
 0.01201096 0.01020029 0.00943351 0.00823502 0.00734775 0.00653037
 0.00596709 0.00483087]
2025-10-22 00:23:39,963 - core.pca_initialization - INFO -   ✓ PCA initialization computed
2025-10-22 00:23:39,963 - core.pca_initialization - INFO -   Using sparse_gfa_fixed parameterization (non-centered)
2025-10-22 00:23:40,302 - core.pca_initialization - INFO -   Initializing lmbZ: shape (86, 20)
2025-10-22 00:23:40,374 - core.pca_initialization - INFO -   Initializing lmbW: shape (1808, 20)
2025-10-22 00:23:40,444 - core.pca_initialization - INFO -   Initializing cZ_tilde: shape (1, 20)
2025-10-22 00:23:40,447 - core.pca_initialization - INFO -   Initializing cW_tilde: shape (2, 20)
2025-10-22 00:23:40,521 - core.pca_initialization - INFO -   Initializing sigma: shape (1, 2)
2025-10-22 00:23:40,546 - core.pca_initialization - INFO - ✓ Created NumPyro init params for sparse_gfa_fixed
2025-10-22 00:23:40,547 - core.pca_initialization - INFO -   Total parameters initialized: 10
2025-10-22 00:23:40,547 - core.pca_initialization - INFO -   Parameter names: ['tauZ', 'Z_raw', 'W_raw', 'tauW1', 'tauW2', 'lmbZ', 'lmbW', 'cZ_tilde', 'cW_tilde', 'sigma']
2025-10-22 00:23:40,547 - core.pca_initialization - INFO -     tauZ: shape=(1, 20), dtype=float32
2025-10-22 00:23:40,547 - core.pca_initialization - INFO -     Z_raw: shape=(86, 20), dtype=float32
2025-10-22 00:23:40,547 - core.pca_initialization - INFO -     W_raw: shape=(1808, 20), dtype=float32
2025-10-22 00:23:40,548 - core.pca_initialization - INFO -     tauW1: shape=(), dtype=float32
2025-10-22 00:23:40,548 - core.pca_initialization - INFO -     tauW2: shape=(), dtype=float32
2025-10-22 00:23:40,548 - core.pca_initialization - INFO -     lmbZ: shape=(86, 20), dtype=float32
2025-10-22 00:23:40,548 - core.pca_initialization - INFO -     lmbW: shape=(1808, 20), dtype=float32
2025-10-22 00:23:40,549 - core.pca_initialization - INFO -     cZ_tilde: shape=(1, 20), dtype=float32
2025-10-22 00:23:40,549 - core.pca_initialization - INFO -     cW_tilde: shape=(2, 20), dtype=float32
2025-10-22 00:23:40,549 - core.pca_initialization - INFO -     sigma: shape=(1, 2), dtype=float32
2025-10-22 00:23:40,549 - experiments.robustness_testing - INFO -    Using PCA initialization for MCMC (model_type=sparse_gfa_fixed)
2025-10-22 00:23:40,549 - experiments.robustness_testing - INFO - ================================================================================
2025-10-22 00:23:40,549 - experiments.robustness_testing - INFO - STARTING MCMC SAMPLING
2025-10-22 00:23:40,549 - experiments.robustness_testing - INFO - ================================================================================
2025-10-22 00:23:40,550 - experiments.robustness_testing - INFO - This will run 50 warmup + 100 sampling iterations
2025-10-22 00:23:40,776 - models.sparse_gfa_fixed - INFO - 🔵 SparseGFAFixedModel.__call__ starting
2025-10-22 00:23:40,793 - models.sparse_gfa_fixed - INFO -   Model dimensions: N=86, M=2, D=1808, K=20, percW=33.0
2025-10-22 00:23:40,793 - models.sparse_gfa_fixed - INFO -   View dimensions: [1794, 14]
2025-10-22 00:23:40,793 - models.sparse_gfa_fixed - INFO -   X_list shapes: [(86, 1794), (86, 14)]
2025-10-22 00:23:40,793 - models.sparse_gfa_fixed - INFO -   Sampling sigma (noise parameters)...
2025-10-22 00:23:41,018 - models.sparse_gfa_fixed - INFO -   ✓ sigma sampled, shape: (1, 2)
2025-10-22 00:23:41,018 - models.sparse_gfa_fixed - INFO -   Sampling latent factors Z...
2025-10-22 00:23:41,018 - models.sparse_gfa_fixed - INFO -     🟢 _sample_latent_factors starting
2025-10-22 00:23:41,018 - models.sparse_gfa_fixed - INFO -       Sampling Z_raw ~ Normal(0,1)...
2025-10-22 00:23:41,382 - models.sparse_gfa_fixed - INFO -       ✓ Z_raw shape: (86, 20)
2025-10-22 00:23:41,444 - models.sparse_gfa_fixed - INFO -       Calculated τ₀_Z scale = 0.03267659991979599 (from D₀=20, N=86)
2025-10-22 00:23:41,444 - models.sparse_gfa_fixed - INFO -       Sampling tauZ ~ HalfStudentT(df=2, scale=0.03267659991979599)...
2025-10-22 00:23:41,805 - models.sparse_gfa_fixed - INFO -       ✓ tauZ sampled directly, shape: (1, 20)
2025-10-22 00:23:41,805 - models.sparse_gfa_fixed - INFO -       Sampling lmbZ ~ HalfCauchy(1.0)...
2025-10-22 00:23:41,842 - models.sparse_gfa_fixed - INFO -       ✓ lmbZ shape: (86, 20)
2025-10-22 00:23:41,842 - models.sparse_gfa_fixed - INFO -       Applying regularized horseshoe (reghsZ=True)...
2025-10-22 00:23:41,842 - models.sparse_gfa_fixed - INFO -       Sampling cZ_tilde ~ InverseGamma(2.0, 2.0)...
2025-10-22 00:23:41,877 - models.sparse_gfa_fixed - INFO -       ✓ cZ computed (slab_scale=2), shape: (1, 20)
2025-10-22 00:23:41,877 - models.sparse_gfa_fixed - INFO -       Applying slab regularization formula: λ̃² = (c²λ²)/(c² + τ²λ²)...
2025-10-22 00:23:42,582 - models.sparse_gfa_fixed - INFO -       ✓ Applied regularization for 20 factors
2025-10-22 00:23:42,583 - models.sparse_gfa_fixed - INFO -     ✓ _sample_latent_factors complete, Z shape: (86, 20)
2025-10-22 00:23:42,583 - models.sparse_gfa_fixed - INFO -   ✓ Z sampled, shape: (86, 20)
2025-10-22 00:23:42,583 - models.sparse_gfa_fixed - INFO -   Sampling loadings W...
2025-10-22 00:23:42,583 - models.sparse_gfa_fixed - INFO -     🟢 _sample_loadings starting
2025-10-22 00:23:42,583 - models.sparse_gfa_fixed - INFO -       Sampling W_raw ~ Normal(0,1)...
2025-10-22 00:23:42,804 - models.sparse_gfa_fixed - INFO -       ✓ W_raw shape: (1808, 20)
2025-10-22 00:23:42,804 - models.sparse_gfa_fixed - INFO -       Sampling lmbW ~ HalfCauchy(1.0)...
2025-10-22 00:23:42,838 - models.sparse_gfa_fixed - INFO -       ✓ lmbW shape: (1808, 20)
2025-10-22 00:23:42,838 - models.sparse_gfa_fixed - INFO -       Sampling cW_tilde ~ InverseGamma(2.0, 2.0)...
2025-10-22 00:23:43,180 - models.sparse_gfa_fixed - INFO -       ✓ cW computed (slab_scale=2), shape: (2, 20)
2025-10-22 00:23:43,180 - models.sparse_gfa_fixed - INFO -       Expected sparsity per view (pW_static): [592, 4]
2025-10-22 00:23:43,182 - models.sparse_gfa_fixed - INFO -       Processing 2 views...
2025-10-22 00:23:43,182 - models.sparse_gfa_fixed - INFO -         View 1: Dm=1794, pW=592, percW=33.0%
2025-10-22 00:23:43,193 - models.sparse_gfa_fixed - INFO -         Calculated τ₀_W_view1 scale = 0.05310899019241333
2025-10-22 00:23:43,193 - models.sparse_gfa_fixed - INFO -         Sampling tauW1 ~ HalfStudentT(df=2, scale=0.05310899019241333)...
2025-10-22 00:23:43,518 - models.sparse_gfa_fixed - INFO -         ✓ tauW1 sampled directly
2025-10-22 00:23:44,037 - models.sparse_gfa_fixed - INFO -         View 2: Dm=14, pW=4, percW=33.0%
2025-10-22 00:23:44,038 - models.sparse_gfa_fixed - INFO -         Calculated τ₀_W_view2 scale = 0.04313311353325844
2025-10-22 00:23:44,038 - models.sparse_gfa_fixed - INFO -         Sampling tauW2 ~ HalfStudentT(df=2, scale=0.04313311353325844)...
2025-10-22 00:23:44,039 - models.sparse_gfa_fixed - INFO -         ✓ tauW2 sampled directly
2025-10-22 00:23:44,460 - models.sparse_gfa_fixed - INFO -   ✓ W sampled, shape: (1808, 20)
2025-10-22 00:23:45,310 - models.sparse_gfa_fixed - INFO - 🔵 SparseGFAFixedModel.__call__ starting
2025-10-22 00:23:45,311 - models.sparse_gfa_fixed - INFO -   Model dimensions: N=86, M=2, D=1808, K=20, percW=33.0
2025-10-22 00:23:45,311 - models.sparse_gfa_fixed - INFO -   View dimensions: [1794, 14]
2025-10-22 00:23:45,311 - models.sparse_gfa_fixed - INFO -   X_list shapes: [(86, 1794), (86, 14)]
2025-10-22 00:23:45,311 - models.sparse_gfa_fixed - INFO -   Sampling sigma (noise parameters)...
2025-10-22 00:23:45,382 - models.sparse_gfa_fixed - INFO -   ✓ sigma sampled, shape: (1, 2)
2025-10-22 00:23:45,382 - models.sparse_gfa_fixed - INFO -   Sampling latent factors Z...
2025-10-22 00:23:45,382 - models.sparse_gfa_fixed - INFO -     🟢 _sample_latent_factors starting
2025-10-22 00:23:45,382 - models.sparse_gfa_fixed - INFO -       Sampling Z_raw ~ Normal(0,1)...
2025-10-22 00:23:45,383 - models.sparse_gfa_fixed - INFO -       ✓ Z_raw shape: (86, 20)
2025-10-22 00:23:45,389 - models.sparse_gfa_fixed - INFO -       Calculated τ₀_Z scale = 0.03267659991979599 (from D₀=20, N=86)
2025-10-22 00:23:45,389 - models.sparse_gfa_fixed - INFO -       Sampling tauZ ~ HalfStudentT(df=2, scale=0.03267659991979599)...
2025-10-22 00:23:45,709 - models.sparse_gfa_fixed - INFO -       ✓ tauZ sampled directly, shape: (1, 20)
2025-10-22 00:23:45,709 - models.sparse_gfa_fixed - INFO -       Sampling lmbZ ~ HalfCauchy(1.0)...
2025-10-22 00:23:45,761 - models.sparse_gfa_fixed - INFO -       ✓ lmbZ shape: (86, 20)
2025-10-22 00:23:45,761 - models.sparse_gfa_fixed - INFO -       Applying regularized horseshoe (reghsZ=True)...
2025-10-22 00:23:45,761 - models.sparse_gfa_fixed - INFO -       Sampling cZ_tilde ~ InverseGamma(2.0, 2.0)...
2025-10-22 00:23:45,799 - models.sparse_gfa_fixed - INFO -       ✓ cZ computed (slab_scale=2), shape: (1, 20)
2025-10-22 00:23:45,800 - models.sparse_gfa_fixed - INFO -       Applying slab regularization formula: λ̃² = (c²λ²)/(c² + τ²λ²)...
2025-10-22 00:23:46,434 - models.sparse_gfa_fixed - INFO -       ✓ Applied regularization for 20 factors
2025-10-22 00:23:46,434 - models.sparse_gfa_fixed - INFO -     ✓ _sample_latent_factors complete, Z shape: (86, 20)
2025-10-22 00:23:46,434 - models.sparse_gfa_fixed - INFO -   ✓ Z sampled, shape: (86, 20)
2025-10-22 00:23:46,434 - models.sparse_gfa_fixed - INFO -   Sampling loadings W...
2025-10-22 00:23:46,434 - models.sparse_gfa_fixed - INFO -     🟢 _sample_loadings starting
2025-10-22 00:23:46,434 - models.sparse_gfa_fixed - INFO -       Sampling W_raw ~ Normal(0,1)...
2025-10-22 00:23:46,434 - models.sparse_gfa_fixed - INFO -       ✓ W_raw shape: (1808, 20)
2025-10-22 00:23:46,434 - models.sparse_gfa_fixed - INFO -       Sampling lmbW ~ HalfCauchy(1.0)...
2025-10-22 00:23:46,493 - models.sparse_gfa_fixed - INFO -       ✓ lmbW shape: (1808, 20)
2025-10-22 00:23:46,493 - models.sparse_gfa_fixed - INFO -       Sampling cW_tilde ~ InverseGamma(2.0, 2.0)...
2025-10-22 00:23:46,624 - models.sparse_gfa_fixed - INFO -       ✓ cW computed (slab_scale=2), shape: (2, 20)
2025-10-22 00:23:46,624 - models.sparse_gfa_fixed - INFO -       Expected sparsity per view (pW_static): [592, 4]
2025-10-22 00:23:46,625 - models.sparse_gfa_fixed - INFO -       Processing 2 views...
2025-10-22 00:23:46,625 - models.sparse_gfa_fixed - INFO -         View 1: Dm=1794, pW=592, percW=33.0%
2025-10-22 00:23:46,637 - models.sparse_gfa_fixed - INFO -         Calculated τ₀_W_view1 scale = 0.05310899019241333
2025-10-22 00:23:46,637 - models.sparse_gfa_fixed - INFO -         Sampling tauW1 ~ HalfStudentT(df=2, scale=0.05310899019241333)...
2025-10-22 00:23:46,824 - models.sparse_gfa_fixed - INFO -         ✓ tauW1 sampled directly
2025-10-22 00:23:47,109 - models.sparse_gfa_fixed - INFO -         View 2: Dm=14, pW=4, percW=33.0%
2025-10-22 00:23:47,124 - models.sparse_gfa_fixed - INFO -         Calculated τ₀_W_view2 scale = 0.04313311353325844
2025-10-22 00:23:47,124 - models.sparse_gfa_fixed - INFO -         Sampling tauW2 ~ HalfStudentT(df=2, scale=0.04313311353325844)...
2025-10-22 00:23:47,132 - models.sparse_gfa_fixed - INFO -         ✓ tauW2 sampled directly
2025-10-22 00:23:47,351 - models.sparse_gfa_fixed - INFO -   ✓ W sampled, shape: (1808, 20)
2025-10-22 00:23:58,500 - models.sparse_gfa_fixed - INFO - 🔵 SparseGFAFixedModel.__call__ starting
2025-10-22 00:23:58,500 - models.sparse_gfa_fixed - INFO -   Model dimensions: N=86, M=2, D=1808, K=20, percW=33.0
2025-10-22 00:23:58,500 - models.sparse_gfa_fixed - INFO -   View dimensions: [1794, 14]
2025-10-22 00:23:58,501 - models.sparse_gfa_fixed - INFO -   X_list shapes: [(86, 1794), (86, 14)]
2025-10-22 00:23:58,501 - models.sparse_gfa_fixed - INFO -   Sampling sigma (noise parameters)...
2025-10-22 00:23:58,502 - models.sparse_gfa_fixed - INFO -   ✓ sigma sampled, shape: (1, 2)
2025-10-22 00:23:58,503 - models.sparse_gfa_fixed - INFO -   Sampling latent factors Z...
2025-10-22 00:23:58,503 - models.sparse_gfa_fixed - INFO -     🟢 _sample_latent_factors starting
2025-10-22 00:23:58,503 - models.sparse_gfa_fixed - INFO -       Sampling Z_raw ~ Normal(0,1)...
2025-10-22 00:23:58,503 - models.sparse_gfa_fixed - INFO -       ✓ Z_raw shape: (86, 20)
2025-10-22 00:23:58,506 - models.sparse_gfa_fixed - INFO -       Calculated τ₀_Z scale = 0.03267659991979599 (from D₀=20, N=86)
2025-10-22 00:23:58,506 - models.sparse_gfa_fixed - INFO -       Sampling tauZ ~ HalfStudentT(df=2, scale=0.03267659991979599)...
2025-10-22 00:23:58,512 - models.sparse_gfa_fixed - INFO -       ✓ tauZ sampled directly, shape: (1, 20)
2025-10-22 00:23:58,512 - models.sparse_gfa_fixed - INFO -       Sampling lmbZ ~ HalfCauchy(1.0)...
2025-10-22 00:23:58,514 - models.sparse_gfa_fixed - INFO -       ✓ lmbZ shape: (86, 20)
2025-10-22 00:23:58,514 - models.sparse_gfa_fixed - INFO -       Applying regularized horseshoe (reghsZ=True)...
2025-10-22 00:23:58,514 - models.sparse_gfa_fixed - INFO -       Sampling cZ_tilde ~ InverseGamma(2.0, 2.0)...
2025-10-22 00:23:58,517 - models.sparse_gfa_fixed - INFO -       ✓ cZ computed (slab_scale=2), shape: (1, 20)
2025-10-22 00:23:58,517 - models.sparse_gfa_fixed - INFO -       Applying slab regularization formula: λ̃² = (c²λ²)/(c² + τ²λ²)...
2025-10-22 00:23:58,902 - models.sparse_gfa_fixed - INFO -       ✓ Applied regularization for 20 factors
2025-10-22 00:23:58,902 - models.sparse_gfa_fixed - INFO -     ✓ _sample_latent_factors complete, Z shape: (86, 20)
2025-10-22 00:23:58,902 - models.sparse_gfa_fixed - INFO -   ✓ Z sampled, shape: (86, 20)
2025-10-22 00:23:58,902 - models.sparse_gfa_fixed - INFO -   Sampling loadings W...
2025-10-22 00:23:58,902 - models.sparse_gfa_fixed - INFO -     🟢 _sample_loadings starting
2025-10-22 00:23:58,902 - models.sparse_gfa_fixed - INFO -       Sampling W_raw ~ Normal(0,1)...
2025-10-22 00:23:58,902 - models.sparse_gfa_fixed - INFO -       ✓ W_raw shape: (1808, 20)
2025-10-22 00:23:58,902 - models.sparse_gfa_fixed - INFO -       Sampling lmbW ~ HalfCauchy(1.0)...
2025-10-22 00:23:58,905 - models.sparse_gfa_fixed - INFO -       ✓ lmbW shape: (1808, 20)
2025-10-22 00:23:58,906 - models.sparse_gfa_fixed - INFO -       Sampling cW_tilde ~ InverseGamma(2.0, 2.0)...
2025-10-22 00:23:58,909 - models.sparse_gfa_fixed - INFO -       ✓ cW computed (slab_scale=2), shape: (2, 20)
2025-10-22 00:23:58,909 - models.sparse_gfa_fixed - INFO -       Expected sparsity per view (pW_static): [592, 4]
2025-10-22 00:23:58,910 - models.sparse_gfa_fixed - INFO -       Processing 2 views...
2025-10-22 00:23:58,910 - models.sparse_gfa_fixed - INFO -         View 1: Dm=1794, pW=592, percW=33.0%
2025-10-22 00:23:58,917 - models.sparse_gfa_fixed - INFO -         Calculated τ₀_W_view1 scale = 0.05310899019241333
2025-10-22 00:23:58,917 - models.sparse_gfa_fixed - INFO -         Sampling tauW1 ~ HalfStudentT(df=2, scale=0.05310899019241333)...
2025-10-22 00:23:58,924 - models.sparse_gfa_fixed - INFO -         ✓ tauW1 sampled directly
2025-10-22 00:23:58,940 - models.sparse_gfa_fixed - INFO -         View 2: Dm=14, pW=4, percW=33.0%
2025-10-22 00:23:58,969 - models.sparse_gfa_fixed - INFO -         Calculated τ₀_W_view2 scale = 0.04313311353325844
2025-10-22 00:23:58,970 - models.sparse_gfa_fixed - INFO -         Sampling tauW2 ~ HalfStudentT(df=2, scale=0.04313311353325844)...
2025-10-22 00:23:59,116 - models.sparse_gfa_fixed - INFO -         ✓ tauW2 sampled directly
2025-10-22 00:23:59,128 - models.sparse_gfa_fixed - INFO -   ✓ W sampled, shape: (1808, 20)
2025-10-22 00:23:59,938 - models.sparse_gfa_fixed - INFO - 🔵 SparseGFAFixedModel.__call__ starting
2025-10-22 00:23:59,939 - models.sparse_gfa_fixed - INFO -   Model dimensions: N=86, M=2, D=1808, K=20, percW=33.0
2025-10-22 00:23:59,939 - models.sparse_gfa_fixed - INFO -   View dimensions: [1794, 14]
2025-10-22 00:23:59,939 - models.sparse_gfa_fixed - INFO -   X_list shapes: [(86, 1794), (86, 14)]
2025-10-22 00:23:59,939 - models.sparse_gfa_fixed - INFO -   Sampling sigma (noise parameters)...
2025-10-22 00:23:59,941 - models.sparse_gfa_fixed - INFO -   ✓ sigma sampled, shape: (1, 2)
2025-10-22 00:23:59,941 - models.sparse_gfa_fixed - INFO -   Sampling latent factors Z...
2025-10-22 00:23:59,941 - models.sparse_gfa_fixed - INFO -     🟢 _sample_latent_factors starting
2025-10-22 00:23:59,941 - models.sparse_gfa_fixed - INFO -       Sampling Z_raw ~ Normal(0,1)...
2025-10-22 00:23:59,941 - models.sparse_gfa_fixed - INFO -       ✓ Z_raw shape: (86, 20)
2025-10-22 00:23:59,942 - models.sparse_gfa_fixed - INFO -       Calculated τ₀_Z scale = Traced<ShapedArray(float32[], weak_type=True)>with<DynamicJaxprTrace(level=3/0)> (from D₀=20, N=86)
2025-10-22 00:23:59,942 - models.sparse_gfa_fixed - INFO -       Sampling tauZ ~ HalfStudentT(df=2, scale=Traced<ShapedArray(float32[], weak_type=True)>with<DynamicJaxprTrace(level=3/0)>)...
2025-10-22 00:23:59,947 - models.sparse_gfa_fixed - INFO -       ✓ tauZ sampled directly, shape: (1, 20)
2025-10-22 00:23:59,947 - models.sparse_gfa_fixed - INFO -       Sampling lmbZ ~ HalfCauchy(1.0)...
2025-10-22 00:23:59,948 - models.sparse_gfa_fixed - INFO -       ✓ lmbZ shape: (86, 20)
2025-10-22 00:23:59,948 - models.sparse_gfa_fixed - INFO -       Applying regularized horseshoe (reghsZ=True)...
2025-10-22 00:23:59,948 - models.sparse_gfa_fixed - INFO -       Sampling cZ_tilde ~ InverseGamma(2.0, 2.0)...
2025-10-22 00:23:59,950 - models.sparse_gfa_fixed - INFO -       ✓ cZ computed (slab_scale=2), shape: (1, 20)
2025-10-22 00:23:59,950 - models.sparse_gfa_fixed - INFO -       Applying slab regularization formula: λ̃² = (c²λ²)/(c² + τ²λ²)...
2025-10-22 00:24:00,072 - models.sparse_gfa_fixed - INFO -       ✓ Applied regularization for 20 factors
2025-10-22 00:24:00,072 - models.sparse_gfa_fixed - INFO -     ✓ _sample_latent_factors complete, Z shape: (86, 20)
2025-10-22 00:24:00,072 - models.sparse_gfa_fixed - INFO -   ✓ Z sampled, shape: (86, 20)
2025-10-22 00:24:00,072 - models.sparse_gfa_fixed - INFO -   Sampling loadings W...
2025-10-22 00:24:00,073 - models.sparse_gfa_fixed - INFO -     🟢 _sample_loadings starting
2025-10-22 00:24:00,073 - models.sparse_gfa_fixed - INFO -       Sampling W_raw ~ Normal(0,1)...
2025-10-22 00:24:00,073 - models.sparse_gfa_fixed - INFO -       ✓ W_raw shape: (1808, 20)
2025-10-22 00:24:00,073 - models.sparse_gfa_fixed - INFO -       Sampling lmbW ~ HalfCauchy(1.0)...
2025-10-22 00:24:00,074 - models.sparse_gfa_fixed - INFO -       ✓ lmbW shape: (1808, 20)
2025-10-22 00:24:00,074 - models.sparse_gfa_fixed - INFO -       Sampling cW_tilde ~ InverseGamma(2.0, 2.0)...
2025-10-22 00:24:00,076 - models.sparse_gfa_fixed - INFO -       ✓ cW computed (slab_scale=2), shape: (2, 20)
2025-10-22 00:24:00,076 - models.sparse_gfa_fixed - INFO -       Expected sparsity per view (pW_static): [592, 4]
2025-10-22 00:24:00,077 - models.sparse_gfa_fixed - INFO -       Processing 2 views...
2025-10-22 00:24:00,077 - models.sparse_gfa_fixed - INFO -         View 1: Dm=1794, pW=592, percW=33.0%
2025-10-22 00:24:00,077 - models.sparse_gfa_fixed - INFO -         Calculated τ₀_W_view1 scale = Traced<ShapedArray(float32[], weak_type=True)>with<DynamicJaxprTrace(level=3/0)>
2025-10-22 00:24:00,078 - models.sparse_gfa_fixed - INFO -         Sampling tauW1 ~ HalfStudentT(df=2, scale=Traced<ShapedArray(float32[], weak_type=True)>with<DynamicJaxprTrace(level=3/0)>)...
2025-10-22 00:24:00,083 - models.sparse_gfa_fixed - INFO -         ✓ tauW1 sampled directly
2025-10-22 00:24:00,089 - models.sparse_gfa_fixed - INFO -         View 2: Dm=14, pW=4, percW=33.0%
2025-10-22 00:24:00,090 - models.sparse_gfa_fixed - INFO -         Calculated τ₀_W_view2 scale = Traced<ShapedArray(float32[], weak_type=True)>with<DynamicJaxprTrace(level=3/0)>
2025-10-22 00:24:00,090 - models.sparse_gfa_fixed - INFO -         Sampling tauW2 ~ HalfStudentT(df=2, scale=Traced<ShapedArray(float32[], weak_type=True)>with<DynamicJaxprTrace(level=3/0)>)...
2025-10-22 00:24:00,095 - models.sparse_gfa_fixed - INFO -         ✓ tauW2 sampled directly
2025-10-22 00:24:00,101 - models.sparse_gfa_fixed - INFO -   ✓ W sampled, shape: (1808, 20)
2025-10-22 00:45:54,301 - models.sparse_gfa_fixed - INFO - 🔵 SparseGFAFixedModel.__call__ starting
2025-10-22 00:45:54,302 - models.sparse_gfa_fixed - INFO -   Model dimensions: N=86, M=2, D=1808, K=20, percW=33.0
2025-10-22 00:45:54,302 - models.sparse_gfa_fixed - INFO -   View dimensions: [1794, 14]
2025-10-22 00:45:54,302 - models.sparse_gfa_fixed - INFO -   X_list shapes: [(86, 1794), (86, 14)]
2025-10-22 00:45:54,302 - models.sparse_gfa_fixed - INFO -   Sampling sigma (noise parameters)...
2025-10-22 00:45:54,302 - models.sparse_gfa_fixed - INFO -   ✓ sigma sampled, shape: (1, 2)
2025-10-22 00:45:54,303 - models.sparse_gfa_fixed - INFO -   Sampling latent factors Z...
2025-10-22 00:45:54,303 - models.sparse_gfa_fixed - INFO -     🟢 _sample_latent_factors starting
2025-10-22 00:45:54,303 - models.sparse_gfa_fixed - INFO -       Sampling Z_raw ~ Normal(0,1)...
2025-10-22 00:45:54,303 - models.sparse_gfa_fixed - INFO -       ✓ Z_raw shape: (86, 20)
2025-10-22 00:45:54,304 - models.sparse_gfa_fixed - INFO -       Calculated τ₀_Z scale = Traced<ShapedArray(float32[], weak_type=True)>with<DynamicJaxprTrace(level=2/0)> (from D₀=20, N=86)
2025-10-22 00:45:54,304 - models.sparse_gfa_fixed - INFO -       Sampling tauZ ~ HalfStudentT(df=2, scale=Traced<ShapedArray(float32[], weak_type=True)>with<DynamicJaxprTrace(level=2/0)>)...
2025-10-22 00:45:54,306 - models.sparse_gfa_fixed - INFO -       ✓ tauZ sampled directly, shape: (1, 20)
2025-10-22 00:45:54,306 - models.sparse_gfa_fixed - INFO -       Sampling lmbZ ~ HalfCauchy(1.0)...
2025-10-22 00:45:54,306 - models.sparse_gfa_fixed - INFO -       ✓ lmbZ shape: (86, 20)
2025-10-22 00:45:54,306 - models.sparse_gfa_fixed - INFO -       Applying regularized horseshoe (reghsZ=True)...
2025-10-22 00:45:54,306 - models.sparse_gfa_fixed - INFO -       Sampling cZ_tilde ~ InverseGamma(2.0, 2.0)...
2025-10-22 00:45:54,307 - models.sparse_gfa_fixed - INFO -       ✓ cZ computed (slab_scale=2), shape: (1, 20)
2025-10-22 00:45:54,307 - models.sparse_gfa_fixed - INFO -       Applying slab regularization formula: λ̃² = (c²λ²)/(c² + τ²λ²)...
2025-10-22 00:45:54,368 - models.sparse_gfa_fixed - INFO -       ✓ Applied regularization for 20 factors
2025-10-22 00:45:54,368 - models.sparse_gfa_fixed - INFO -     ✓ _sample_latent_factors complete, Z shape: (86, 20)
2025-10-22 00:45:54,368 - models.sparse_gfa_fixed - INFO -   ✓ Z sampled, shape: (86, 20)
2025-10-22 00:45:54,368 - models.sparse_gfa_fixed - INFO -   Sampling loadings W...
2025-10-22 00:45:54,368 - models.sparse_gfa_fixed - INFO -     🟢 _sample_loadings starting
2025-10-22 00:45:54,368 - models.sparse_gfa_fixed - INFO -       Sampling W_raw ~ Normal(0,1)...
2025-10-22 00:45:54,368 - models.sparse_gfa_fixed - INFO -       ✓ W_raw shape: (1808, 20)
2025-10-22 00:45:54,368 - models.sparse_gfa_fixed - INFO -       Sampling lmbW ~ HalfCauchy(1.0)...
2025-10-22 00:45:54,368 - models.sparse_gfa_fixed - INFO -       ✓ lmbW shape: (1808, 20)
2025-10-22 00:45:54,368 - models.sparse_gfa_fixed - INFO -       Sampling cW_tilde ~ InverseGamma(2.0, 2.0)...
2025-10-22 00:45:54,369 - models.sparse_gfa_fixed - INFO -       ✓ cW computed (slab_scale=2), shape: (2, 20)
2025-10-22 00:45:54,369 - models.sparse_gfa_fixed - INFO -       Expected sparsity per view (pW_static): [592, 4]
2025-10-22 00:45:54,370 - models.sparse_gfa_fixed - INFO -       Processing 2 views...
2025-10-22 00:45:54,370 - models.sparse_gfa_fixed - INFO -         View 1: Dm=1794, pW=592, percW=33.0%
2025-10-22 00:45:54,371 - models.sparse_gfa_fixed - INFO -         Calculated τ₀_W_view1 scale = Traced<ShapedArray(float32[], weak_type=True)>with<DynamicJaxprTrace(level=2/0)>
2025-10-22 00:45:54,371 - models.sparse_gfa_fixed - INFO -         Sampling tauW1 ~ HalfStudentT(df=2, scale=Traced<ShapedArray(float32[], weak_type=True)>with<DynamicJaxprTrace(level=2/0)>)...
2025-10-22 00:45:54,372 - models.sparse_gfa_fixed - INFO -         ✓ tauW1 sampled directly
2025-10-22 00:45:54,375 - models.sparse_gfa_fixed - INFO -         View 2: Dm=14, pW=4, percW=33.0%
2025-10-22 00:45:54,376 - models.sparse_gfa_fixed - INFO -         Calculated τ₀_W_view2 scale = Traced<ShapedArray(float32[], weak_type=True)>with<DynamicJaxprTrace(level=2/0)>
2025-10-22 00:45:54,376 - models.sparse_gfa_fixed - INFO -         Sampling tauW2 ~ HalfStudentT(df=2, scale=Traced<ShapedArray(float32[], weak_type=True)>with<DynamicJaxprTrace(level=2/0)>)...
2025-10-22 00:45:54,377 - models.sparse_gfa_fixed - INFO -         ✓ tauW2 sampled directly
2025-10-22 00:45:54,381 - models.sparse_gfa_fixed - INFO -   ✓ W sampled, shape: (1808, 20)
2025-10-22 00:45:55,140 - experiments.robustness_testing - INFO - ✅ MCMC SAMPLING COMPLETED in 1334.6s (22.2 min)
2025-10-22 00:45:55,766 - experiments.robustness_testing - INFO - 🧹 Cleared JAX caches after MCMC completion
2025-10-22 00:45:55,771 - experiments.robustness_testing - INFO - Got samples from single chain
2025-10-22 00:45:56,090 - optimization.profiler - INFO - Performance: seed_42: 1336.390s, 2.41GB peak, 100.4% CPU
2025-10-22 00:45:56,090 - experiments.robustness_testing - INFO - ✅ Seed 42: 1336.4s, LL=-148240144.00
2025-10-22 00:45:56,282 - experiments.robustness_testing - INFO - 🔄 Seed 123: Starting MCMC sampling...
2025-10-22 00:45:56,309 - experiments.robustness_testing - INFO - Creating NUTS kernel for standard MCMC execution...
2025-10-22 00:45:56,310 - core.pca_initialization - INFO - 🔧 Creating NumPyro initialization parameters...
2025-10-22 00:45:56,310 - core.pca_initialization - INFO -   Model type: sparse_gfa_fixed
2025-10-22 00:45:56,310 - core.pca_initialization - INFO -   K=20, n_views=2
2025-10-22 00:45:56,310 - core.pca_initialization - INFO - 🔧 Computing PCA initialization...
2025-10-22 00:45:56,310 - core.pca_initialization - INFO -   Input: 2 views, N=86 samples, K=20 factors
2025-10-22 00:45:56,310 - core.pca_initialization - INFO -   View shapes: [(86, 1794), (86, 14)]
2025-10-22 00:45:56,310 - core.pca_initialization - INFO -   Concatenated data shape: (86, 1808)
2025-10-22 00:45:56,310 - core.pca_initialization - INFO - Computing PCA initialization for K=20 factors
2025-10-22 00:45:56,310 - core.pca_initialization - INFO -   Data shape: (86, 1808) (86 samples, 1808 total features)
2025-10-22 00:45:56,310 - core.pca_initialization - INFO -   Number of views: 2
2025-10-22 00:45:56,770 - core.pca_initialization - INFO -   PCA initialization computed:
2025-10-22 00:45:56,771 - core.pca_initialization - INFO -     Z shape: (86, 20)
2025-10-22 00:45:56,771 - core.pca_initialization - INFO -     W shape: (1808, 20)
2025-10-22 00:45:56,771 - core.pca_initialization - INFO -     Variance explained: 94.23%
2025-10-22 00:45:56,772 - core.pca_initialization - INFO -     Per-component variance: [0.40596611 0.09301311 0.07910691 0.06599658 0.05504268 0.04639058
 0.03538515 0.02440932 0.02321937 0.01928194 0.01600014 0.01393938
 0.01201096 0.01020027 0.00943351 0.00823502 0.00734779 0.00653043
 0.00596737 0.00483111]
2025-10-22 00:45:56,772 - core.pca_initialization - INFO -   ✓ PCA initialization computed
2025-10-22 00:45:56,772 - core.pca_initialization - INFO -   Using sparse_gfa_fixed parameterization (non-centered)
2025-10-22 00:45:56,956 - core.pca_initialization - INFO -   Initializing lmbZ: shape (86, 20)
2025-10-22 00:45:56,984 - core.pca_initialization - INFO -   Initializing lmbW: shape (1808, 20)
2025-10-22 00:45:57,027 - core.pca_initialization - INFO -   Initializing cZ_tilde: shape (1, 20)
2025-10-22 00:45:57,028 - core.pca_initialization - INFO -   Initializing cW_tilde: shape (2, 20)
2025-10-22 00:45:57,058 - core.pca_initialization - INFO -   Initializing sigma: shape (1, 2)
2025-10-22 00:45:57,071 - core.pca_initialization - INFO - ✓ Created NumPyro init params for sparse_gfa_fixed
2025-10-22 00:45:57,071 - core.pca_initialization - INFO -   Total parameters initialized: 10
2025-10-22 00:45:57,071 - core.pca_initialization - INFO -   Parameter names: ['tauZ', 'Z_raw', 'W_raw', 'tauW1', 'tauW2', 'lmbZ', 'lmbW', 'cZ_tilde', 'cW_tilde', 'sigma']
2025-10-22 00:45:57,071 - core.pca_initialization - INFO -     tauZ: shape=(1, 20), dtype=float32
2025-10-22 00:45:57,071 - core.pca_initialization - INFO -     Z_raw: shape=(86, 20), dtype=float32
2025-10-22 00:45:57,071 - core.pca_initialization - INFO -     W_raw: shape=(1808, 20), dtype=float32
2025-10-22 00:45:57,072 - core.pca_initialization - INFO -     tauW1: shape=(), dtype=float32
2025-10-22 00:45:57,072 - core.pca_initialization - INFO -     tauW2: shape=(), dtype=float32
2025-10-22 00:45:57,072 - core.pca_initialization - INFO -     lmbZ: shape=(86, 20), dtype=float32
2025-10-22 00:45:57,072 - core.pca_initialization - INFO -     lmbW: shape=(1808, 20), dtype=float32
2025-10-22 00:45:57,072 - core.pca_initialization - INFO -     cZ_tilde: shape=(1, 20), dtype=float32
2025-10-22 00:45:57,072 - core.pca_initialization - INFO -     cW_tilde: shape=(2, 20), dtype=float32
2025-10-22 00:45:57,072 - core.pca_initialization - INFO -     sigma: shape=(1, 2), dtype=float32
2025-10-22 00:45:57,072 - experiments.robustness_testing - INFO -    Using PCA initialization for MCMC (model_type=sparse_gfa_fixed)
2025-10-22 00:45:57,072 - experiments.robustness_testing - INFO - ================================================================================
2025-10-22 00:45:57,072 - experiments.robustness_testing - INFO - STARTING MCMC SAMPLING
2025-10-22 00:45:57,072 - experiments.robustness_testing - INFO - ================================================================================
2025-10-22 00:45:57,072 - experiments.robustness_testing - INFO - This will run 50 warmup + 100 sampling iterations
2025-10-22 00:45:57,284 - models.sparse_gfa_fixed - INFO - 🔵 SparseGFAFixedModel.__call__ starting
2025-10-22 00:45:57,297 - models.sparse_gfa_fixed - INFO -   Model dimensions: N=86, M=2, D=1808, K=20, percW=33.0
2025-10-22 00:45:57,297 - models.sparse_gfa_fixed - INFO -   View dimensions: [1794, 14]
2025-10-22 00:45:57,297 - models.sparse_gfa_fixed - INFO -   X_list shapes: [(86, 1794), (86, 14)]
2025-10-22 00:45:57,297 - models.sparse_gfa_fixed - INFO -   Sampling sigma (noise parameters)...
2025-10-22 00:45:57,577 - models.sparse_gfa_fixed - INFO -   ✓ sigma sampled, shape: (1, 2)
2025-10-22 00:45:57,577 - models.sparse_gfa_fixed - INFO -   Sampling latent factors Z...
2025-10-22 00:45:57,577 - models.sparse_gfa_fixed - INFO -     🟢 _sample_latent_factors starting
2025-10-22 00:45:57,577 - models.sparse_gfa_fixed - INFO -       Sampling Z_raw ~ Normal(0,1)...
2025-10-22 00:45:57,985 - models.sparse_gfa_fixed - INFO -       ✓ Z_raw shape: (86, 20)
2025-10-22 00:45:57,994 - models.sparse_gfa_fixed - INFO -       Calculated τ₀_Z scale = 0.03267659991979599 (from D₀=20, N=86)
2025-10-22 00:45:57,994 - models.sparse_gfa_fixed - INFO -       Sampling tauZ ~ HalfStudentT(df=2, scale=0.03267659991979599)...
2025-10-22 00:45:58,296 - models.sparse_gfa_fixed - INFO -       ✓ tauZ sampled directly, shape: (1, 20)
2025-10-22 00:45:58,296 - models.sparse_gfa_fixed - INFO -       Sampling lmbZ ~ HalfCauchy(1.0)...
2025-10-22 00:45:58,315 - models.sparse_gfa_fixed - INFO -       ✓ lmbZ shape: (86, 20)
2025-10-22 00:45:58,315 - models.sparse_gfa_fixed - INFO -       Applying regularized horseshoe (reghsZ=True)...
2025-10-22 00:45:58,315 - models.sparse_gfa_fixed - INFO -       Sampling cZ_tilde ~ InverseGamma(2.0, 2.0)...
2025-10-22 00:45:58,331 - models.sparse_gfa_fixed - INFO -       ✓ cZ computed (slab_scale=2), shape: (1, 20)
2025-10-22 00:45:58,331 - models.sparse_gfa_fixed - INFO -       Applying slab regularization formula: λ̃² = (c²λ²)/(c² + τ²λ²)...
2025-10-22 00:45:58,862 - models.sparse_gfa_fixed - INFO -       ✓ Applied regularization for 20 factors
2025-10-22 00:45:58,863 - models.sparse_gfa_fixed - INFO -     ✓ _sample_latent_factors complete, Z shape: (86, 20)
2025-10-22 00:45:58,863 - models.sparse_gfa_fixed - INFO -   ✓ Z sampled, shape: (86, 20)
2025-10-22 00:45:58,863 - models.sparse_gfa_fixed - INFO -   Sampling loadings W...
2025-10-22 00:45:58,863 - models.sparse_gfa_fixed - INFO -     🟢 _sample_loadings starting
2025-10-22 00:45:58,863 - models.sparse_gfa_fixed - INFO -       Sampling W_raw ~ Normal(0,1)...
2025-10-22 00:45:59,190 - models.sparse_gfa_fixed - INFO -       ✓ W_raw shape: (1808, 20)
2025-10-22 00:45:59,190 - models.sparse_gfa_fixed - INFO -       Sampling lmbW ~ HalfCauchy(1.0)...
2025-10-22 00:45:59,207 - models.sparse_gfa_fixed - INFO -       ✓ lmbW shape: (1808, 20)
2025-10-22 00:45:59,208 - models.sparse_gfa_fixed - INFO -       Sampling cW_tilde ~ InverseGamma(2.0, 2.0)...
2025-10-22 00:45:59,429 - models.sparse_gfa_fixed - INFO -       ✓ cW computed (slab_scale=2), shape: (2, 20)
2025-10-22 00:45:59,430 - models.sparse_gfa_fixed - INFO -       Expected sparsity per view (pW_static): [592, 4]
2025-10-22 00:45:59,430 - models.sparse_gfa_fixed - INFO -       Processing 2 views...
2025-10-22 00:45:59,431 - models.sparse_gfa_fixed - INFO -         View 1: Dm=1794, pW=592, percW=33.0%
2025-10-22 00:45:59,443 - models.sparse_gfa_fixed - INFO -         Calculated τ₀_W_view1 scale = 0.05310899019241333
2025-10-22 00:45:59,443 - models.sparse_gfa_fixed - INFO -         Sampling tauW1 ~ HalfStudentT(df=2, scale=0.05310899019241333)...
2025-10-22 00:45:59,642 - models.sparse_gfa_fixed - INFO -         ✓ tauW1 sampled directly
2025-10-22 00:45:59,901 - models.sparse_gfa_fixed - INFO -         View 2: Dm=14, pW=4, percW=33.0%
2025-10-22 00:45:59,910 - models.sparse_gfa_fixed - INFO -         Calculated τ₀_W_view2 scale = 0.04313311353325844
2025-10-22 00:45:59,910 - models.sparse_gfa_fixed - INFO -         Sampling tauW2 ~ HalfStudentT(df=2, scale=0.04313311353325844)...
2025-10-22 00:45:59,911 - models.sparse_gfa_fixed - INFO -         ✓ tauW2 sampled directly
2025-10-22 00:46:00,056 - models.sparse_gfa_fixed - INFO -   ✓ W sampled, shape: (1808, 20)
2025-10-22 00:46:00,330 - models.sparse_gfa_fixed - INFO - 🔵 SparseGFAFixedModel.__call__ starting
2025-10-22 00:46:00,331 - models.sparse_gfa_fixed - INFO -   Model dimensions: N=86, M=2, D=1808, K=20, percW=33.0
2025-10-22 00:46:00,331 - models.sparse_gfa_fixed - INFO -   View dimensions: [1794, 14]
2025-10-22 00:46:00,331 - models.sparse_gfa_fixed - INFO -   X_list shapes: [(86, 1794), (86, 14)]
2025-10-22 00:46:00,331 - models.sparse_gfa_fixed - INFO -   Sampling sigma (noise parameters)...
2025-10-22 00:46:00,390 - models.sparse_gfa_fixed - INFO -   ✓ sigma sampled, shape: (1, 2)
2025-10-22 00:46:00,390 - models.sparse_gfa_fixed - INFO -   Sampling latent factors Z...
2025-10-22 00:46:00,390 - models.sparse_gfa_fixed - INFO -     🟢 _sample_latent_factors starting
2025-10-22 00:46:00,390 - models.sparse_gfa_fixed - INFO -       Sampling Z_raw ~ Normal(0,1)...
2025-10-22 00:46:00,391 - models.sparse_gfa_fixed - INFO -       ✓ Z_raw shape: (86, 20)
2025-10-22 00:46:00,397 - models.sparse_gfa_fixed - INFO -       Calculated τ₀_Z scale = 0.03267659991979599 (from D₀=20, N=86)
2025-10-22 00:46:00,397 - models.sparse_gfa_fixed - INFO -       Sampling tauZ ~ HalfStudentT(df=2, scale=0.03267659991979599)...
2025-10-22 00:46:00,585 - models.sparse_gfa_fixed - INFO -       ✓ tauZ sampled directly, shape: (1, 20)
2025-10-22 00:46:00,585 - models.sparse_gfa_fixed - INFO -       Sampling lmbZ ~ HalfCauchy(1.0)...
2025-10-22 00:46:00,634 - models.sparse_gfa_fixed - INFO -       ✓ lmbZ shape: (86, 20)
2025-10-22 00:46:00,634 - models.sparse_gfa_fixed - INFO -       Applying regularized horseshoe (reghsZ=True)...
2025-10-22 00:46:00,635 - models.sparse_gfa_fixed - INFO -       Sampling cZ_tilde ~ InverseGamma(2.0, 2.0)...
2025-10-22 00:46:00,655 - models.sparse_gfa_fixed - INFO -       ✓ cZ computed (slab_scale=2), shape: (1, 20)
2025-10-22 00:46:00,655 - models.sparse_gfa_fixed - INFO -       Applying slab regularization formula: λ̃² = (c²λ²)/(c² + τ²λ²)...
2025-10-22 00:46:01,250 - models.sparse_gfa_fixed - INFO -       ✓ Applied regularization for 20 factors
2025-10-22 00:46:01,250 - models.sparse_gfa_fixed - INFO -     ✓ _sample_latent_factors complete, Z shape: (86, 20)
2025-10-22 00:46:01,250 - models.sparse_gfa_fixed - INFO -   ✓ Z sampled, shape: (86, 20)
2025-10-22 00:46:01,250 - models.sparse_gfa_fixed - INFO -   Sampling loadings W...
2025-10-22 00:46:01,250 - models.sparse_gfa_fixed - INFO -     🟢 _sample_loadings starting
2025-10-22 00:46:01,250 - models.sparse_gfa_fixed - INFO -       Sampling W_raw ~ Normal(0,1)...
2025-10-22 00:46:01,251 - models.sparse_gfa_fixed - INFO -       ✓ W_raw shape: (1808, 20)
2025-10-22 00:46:01,251 - models.sparse_gfa_fixed - INFO -       Sampling lmbW ~ HalfCauchy(1.0)...
2025-10-22 00:46:01,306 - models.sparse_gfa_fixed - INFO -       ✓ lmbW shape: (1808, 20)
2025-10-22 00:46:01,306 - models.sparse_gfa_fixed - INFO -       Sampling cW_tilde ~ InverseGamma(2.0, 2.0)...
2025-10-22 00:46:01,391 - models.sparse_gfa_fixed - INFO -       ✓ cW computed (slab_scale=2), shape: (2, 20)
2025-10-22 00:46:01,392 - models.sparse_gfa_fixed - INFO -       Expected sparsity per view (pW_static): [592, 4]
2025-10-22 00:46:01,392 - models.sparse_gfa_fixed - INFO -       Processing 2 views...
2025-10-22 00:46:01,392 - models.sparse_gfa_fixed - INFO -         View 1: Dm=1794, pW=592, percW=33.0%
2025-10-22 00:46:01,405 - models.sparse_gfa_fixed - INFO -         Calculated τ₀_W_view1 scale = 0.05310899019241333
2025-10-22 00:46:01,405 - models.sparse_gfa_fixed - INFO -         Sampling tauW1 ~ HalfStudentT(df=2, scale=0.05310899019241333)...
2025-10-22 00:46:01,543 - models.sparse_gfa_fixed - INFO -         ✓ tauW1 sampled directly
2025-10-22 00:46:01,759 - models.sparse_gfa_fixed - INFO -         View 2: Dm=14, pW=4, percW=33.0%
2025-10-22 00:46:01,773 - models.sparse_gfa_fixed - INFO -         Calculated τ₀_W_view2 scale = 0.04313311353325844
2025-10-22 00:46:01,773 - models.sparse_gfa_fixed - INFO -         Sampling tauW2 ~ HalfStudentT(df=2, scale=0.04313311353325844)...
2025-10-22 00:46:01,780 - models.sparse_gfa_fixed - INFO -         ✓ tauW2 sampled directly
2025-10-22 00:46:01,952 - models.sparse_gfa_fixed - INFO -   ✓ W sampled, shape: (1808, 20)
2025-10-22 00:46:08,368 - models.sparse_gfa_fixed - INFO - 🔵 SparseGFAFixedModel.__call__ starting
2025-10-22 00:46:08,368 - models.sparse_gfa_fixed - INFO -   Model dimensions: N=86, M=2, D=1808, K=20, percW=33.0
2025-10-22 00:46:08,368 - models.sparse_gfa_fixed - INFO -   View dimensions: [1794, 14]
2025-10-22 00:46:08,368 - models.sparse_gfa_fixed - INFO -   X_list shapes: [(86, 1794), (86, 14)]
2025-10-22 00:46:08,368 - models.sparse_gfa_fixed - INFO -   Sampling sigma (noise parameters)...
2025-10-22 00:46:08,370 - models.sparse_gfa_fixed - INFO -   ✓ sigma sampled, shape: (1, 2)
2025-10-22 00:46:08,370 - models.sparse_gfa_fixed - INFO -   Sampling latent factors Z...
2025-10-22 00:46:08,370 - models.sparse_gfa_fixed - INFO -     🟢 _sample_latent_factors starting
2025-10-22 00:46:08,370 - models.sparse_gfa_fixed - INFO -       Sampling Z_raw ~ Normal(0,1)...
2025-10-22 00:46:08,370 - models.sparse_gfa_fixed - INFO -       ✓ Z_raw shape: (86, 20)
2025-10-22 00:46:08,379 - models.sparse_gfa_fixed - INFO -       Calculated τ₀_Z scale = 0.03267659991979599 (from D₀=20, N=86)
2025-10-22 00:46:08,379 - models.sparse_gfa_fixed - INFO -       Sampling tauZ ~ HalfStudentT(df=2, scale=0.03267659991979599)...
2025-10-22 00:46:08,385 - models.sparse_gfa_fixed - INFO -       ✓ tauZ sampled directly, shape: (1, 20)
2025-10-22 00:46:08,385 - models.sparse_gfa_fixed - INFO -       Sampling lmbZ ~ HalfCauchy(1.0)...
2025-10-22 00:46:08,387 - models.sparse_gfa_fixed - INFO -       ✓ lmbZ shape: (86, 20)
2025-10-22 00:46:08,387 - models.sparse_gfa_fixed - INFO -       Applying regularized horseshoe (reghsZ=True)...
2025-10-22 00:46:08,387 - models.sparse_gfa_fixed - INFO -       Sampling cZ_tilde ~ InverseGamma(2.0, 2.0)...
2025-10-22 00:46:08,389 - models.sparse_gfa_fixed - INFO -       ✓ cZ computed (slab_scale=2), shape: (1, 20)
2025-10-22 00:46:08,390 - models.sparse_gfa_fixed - INFO -       Applying slab regularization formula: λ̃² = (c²λ²)/(c² + τ²λ²)...
2025-10-22 00:46:08,783 - models.sparse_gfa_fixed - INFO -       ✓ Applied regularization for 20 factors
2025-10-22 00:46:08,784 - models.sparse_gfa_fixed - INFO -     ✓ _sample_latent_factors complete, Z shape: (86, 20)
2025-10-22 00:46:08,784 - models.sparse_gfa_fixed - INFO -   ✓ Z sampled, shape: (86, 20)
2025-10-22 00:46:08,784 - models.sparse_gfa_fixed - INFO -   Sampling loadings W...
2025-10-22 00:46:08,784 - models.sparse_gfa_fixed - INFO -     🟢 _sample_loadings starting
2025-10-22 00:46:08,784 - models.sparse_gfa_fixed - INFO -       Sampling W_raw ~ Normal(0,1)...
2025-10-22 00:46:08,784 - models.sparse_gfa_fixed - INFO -       ✓ W_raw shape: (1808, 20)
2025-10-22 00:46:08,784 - models.sparse_gfa_fixed - INFO -       Sampling lmbW ~ HalfCauchy(1.0)...
2025-10-22 00:46:08,786 - models.sparse_gfa_fixed - INFO -       ✓ lmbW shape: (1808, 20)
2025-10-22 00:46:08,786 - models.sparse_gfa_fixed - INFO -       Sampling cW_tilde ~ InverseGamma(2.0, 2.0)...
2025-10-22 00:46:08,790 - models.sparse_gfa_fixed - INFO -       ✓ cW computed (slab_scale=2), shape: (2, 20)
2025-10-22 00:46:08,790 - models.sparse_gfa_fixed - INFO -       Expected sparsity per view (pW_static): [592, 4]
2025-10-22 00:46:08,790 - models.sparse_gfa_fixed - INFO -       Processing 2 views...
2025-10-22 00:46:08,791 - models.sparse_gfa_fixed - INFO -         View 1: Dm=1794, pW=592, percW=33.0%
2025-10-22 00:46:08,807 - models.sparse_gfa_fixed - INFO -         Calculated τ₀_W_view1 scale = 0.05310899019241333
2025-10-22 00:46:08,807 - models.sparse_gfa_fixed - INFO -         Sampling tauW1 ~ HalfStudentT(df=2, scale=0.05310899019241333)...
2025-10-22 00:46:08,821 - models.sparse_gfa_fixed - INFO -         ✓ tauW1 sampled directly
2025-10-22 00:46:08,839 - models.sparse_gfa_fixed - INFO -         View 2: Dm=14, pW=4, percW=33.0%
2025-10-22 00:46:08,859 - models.sparse_gfa_fixed - INFO -         Calculated τ₀_W_view2 scale = 0.04313311353325844
2025-10-22 00:46:08,859 - models.sparse_gfa_fixed - INFO -         Sampling tauW2 ~ HalfStudentT(df=2, scale=0.04313311353325844)...
2025-10-22 00:46:08,868 - models.sparse_gfa_fixed - INFO -         ✓ tauW2 sampled directly
2025-10-22 00:46:08,885 - models.sparse_gfa_fixed - INFO -   ✓ W sampled, shape: (1808, 20)
2025-10-22 00:46:09,737 - models.sparse_gfa_fixed - INFO - 🔵 SparseGFAFixedModel.__call__ starting
2025-10-22 00:46:09,737 - models.sparse_gfa_fixed - INFO -   Model dimensions: N=86, M=2, D=1808, K=20, percW=33.0
2025-10-22 00:46:09,737 - models.sparse_gfa_fixed - INFO -   View dimensions: [1794, 14]
2025-10-22 00:46:09,737 - models.sparse_gfa_fixed - INFO -   X_list shapes: [(86, 1794), (86, 14)]
2025-10-22 00:46:09,737 - models.sparse_gfa_fixed - INFO -   Sampling sigma (noise parameters)...
2025-10-22 00:46:09,739 - models.sparse_gfa_fixed - INFO -   ✓ sigma sampled, shape: (1, 2)
2025-10-22 00:46:09,739 - models.sparse_gfa_fixed - INFO -   Sampling latent factors Z...
2025-10-22 00:46:09,739 - models.sparse_gfa_fixed - INFO -     🟢 _sample_latent_factors starting
2025-10-22 00:46:09,739 - models.sparse_gfa_fixed - INFO -       Sampling Z_raw ~ Normal(0,1)...
2025-10-22 00:46:09,739 - models.sparse_gfa_fixed - INFO -       ✓ Z_raw shape: (86, 20)
2025-10-22 00:46:09,740 - models.sparse_gfa_fixed - INFO -       Calculated τ₀_Z scale = Traced<ShapedArray(float32[], weak_type=True)>with<DynamicJaxprTrace(level=3/0)> (from D₀=20, N=86)
2025-10-22 00:46:09,740 - models.sparse_gfa_fixed - INFO -       Sampling tauZ ~ HalfStudentT(df=2, scale=Traced<ShapedArray(float32[], weak_type=True)>with<DynamicJaxprTrace(level=3/0)>)...
2025-10-22 00:46:09,745 - models.sparse_gfa_fixed - INFO -       ✓ tauZ sampled directly, shape: (1, 20)
2025-10-22 00:46:09,745 - models.sparse_gfa_fixed - INFO -       Sampling lmbZ ~ HalfCauchy(1.0)...
2025-10-22 00:46:09,746 - models.sparse_gfa_fixed - INFO -       ✓ lmbZ shape: (86, 20)
2025-10-22 00:46:09,746 - models.sparse_gfa_fixed - INFO -       Applying regularized horseshoe (reghsZ=True)...
2025-10-22 00:46:09,746 - models.sparse_gfa_fixed - INFO -       Sampling cZ_tilde ~ InverseGamma(2.0, 2.0)...
2025-10-22 00:46:09,748 - models.sparse_gfa_fixed - INFO -       ✓ cZ computed (slab_scale=2), shape: (1, 20)
2025-10-22 00:46:09,748 - models.sparse_gfa_fixed - INFO -       Applying slab regularization formula: λ̃² = (c²λ²)/(c² + τ²λ²)...
2025-10-22 00:46:09,865 - models.sparse_gfa_fixed - INFO -       ✓ Applied regularization for 20 factors
2025-10-22 00:46:09,866 - models.sparse_gfa_fixed - INFO -     ✓ _sample_latent_factors complete, Z shape: (86, 20)
2025-10-22 00:46:09,866 - models.sparse_gfa_fixed - INFO -   ✓ Z sampled, shape: (86, 20)
2025-10-22 00:46:09,866 - models.sparse_gfa_fixed - INFO -   Sampling loadings W...
2025-10-22 00:46:09,866 - models.sparse_gfa_fixed - INFO -     🟢 _sample_loadings starting
2025-10-22 00:46:09,866 - models.sparse_gfa_fixed - INFO -       Sampling W_raw ~ Normal(0,1)...
2025-10-22 00:46:09,866 - models.sparse_gfa_fixed - INFO -       ✓ W_raw shape: (1808, 20)
2025-10-22 00:46:09,866 - models.sparse_gfa_fixed - INFO -       Sampling lmbW ~ HalfCauchy(1.0)...
2025-10-22 00:46:09,867 - models.sparse_gfa_fixed - INFO -       ✓ lmbW shape: (1808, 20)
2025-10-22 00:46:09,868 - models.sparse_gfa_fixed - INFO -       Sampling cW_tilde ~ InverseGamma(2.0, 2.0)...
2025-10-22 00:46:09,872 - models.sparse_gfa_fixed - INFO -       ✓ cW computed (slab_scale=2), shape: (2, 20)
2025-10-22 00:46:09,872 - models.sparse_gfa_fixed - INFO -       Expected sparsity per view (pW_static): [592, 4]
2025-10-22 00:46:09,873 - models.sparse_gfa_fixed - INFO -       Processing 2 views...
2025-10-22 00:46:09,873 - models.sparse_gfa_fixed - INFO -         View 1: Dm=1794, pW=592, percW=33.0%
2025-10-22 00:46:09,874 - models.sparse_gfa_fixed - INFO -         Calculated τ₀_W_view1 scale = Traced<ShapedArray(float32[], weak_type=True)>with<DynamicJaxprTrace(level=3/0)>
2025-10-22 00:46:09,874 - models.sparse_gfa_fixed - INFO -         Sampling tauW1 ~ HalfStudentT(df=2, scale=Traced<ShapedArray(float32[], weak_type=True)>with<DynamicJaxprTrace(level=3/0)>)...
2025-10-22 00:46:09,883 - models.sparse_gfa_fixed - INFO -         ✓ tauW1 sampled directly
2025-10-22 00:46:09,892 - models.sparse_gfa_fixed - INFO -         View 2: Dm=14, pW=4, percW=33.0%
2025-10-22 00:46:09,893 - models.sparse_gfa_fixed - INFO -         Calculated τ₀_W_view2 scale = Traced<ShapedArray(float32[], weak_type=True)>with<DynamicJaxprTrace(level=3/0)>
2025-10-22 00:46:09,893 - models.sparse_gfa_fixed - INFO -         Sampling tauW2 ~ HalfStudentT(df=2, scale=Traced<ShapedArray(float32[], weak_type=True)>with<DynamicJaxprTrace(level=3/0)>)...
2025-10-22 00:46:09,898 - models.sparse_gfa_fixed - INFO -         ✓ tauW2 sampled directly
2025-10-22 00:46:09,904 - models.sparse_gfa_fixed - INFO -   ✓ W sampled, shape: (1808, 20)
