2025-10-19 18:38:31,291 - experiments.framework - INFO - ExperimentFramework initialized with output dir: /cs/student/msc/aibh/2024/madhavan/sgfa_qmap-pd/results/all_run_20251019_183831
2025-10-19 18:38:31,294 - experiments.framework - INFO - Starting experiment: data_validation_20251019_183831
2025-10-19 18:38:35,370 - experiments.framework - INFO - 🏁 EXPERIMENT COMPLETED: data_validation_20251019_183831
2025-10-19 18:38:35,370 - experiments.framework - INFO - ⏱️  TOTAL RUNTIME: 4.1 seconds
2025-10-19 18:38:35,370 - experiments.framework - INFO - 🕐 Started: 2025-10-19 18:38:31
2025-10-19 18:38:35,370 - experiments.framework - INFO - 🕑 Finished: 2025-10-19 18:38:35
2025-10-19 18:38:35,370 - experiments.framework - INFO - Experiment completed successfully: data_validation_20251019_183831
2025-10-19 18:38:35,370 - experiments.framework - INFO - 🧹 Performing comprehensive memory cleanup...
2025-10-19 18:38:35,418 - experiments.framework - INFO - Garbage collection freed 0 objects
2025-10-19 18:38:35,546 - experiments.framework - INFO - GPU memory cleanup attempted
2025-10-19 18:38:36,548 - experiments.framework - INFO - ✅ Comprehensive memory cleanup completed
2025-10-19 18:38:36,551 - experiments.framework - INFO - Pickle saving disabled to prevent large files - using JSON and CSV instead
2025-10-19 18:38:40,742 - experiments.framework - INFO - ExperimentFramework initialized with output dir: /cs/student/msc/aibh/2024/madhavan/sgfa_qmap-pd/results/all_run_20251019_183831
2025-10-19 18:38:40,742 - experiments.framework - INFO - ExperimentFramework initialized with output dir: /cs/student/msc/aibh/2024/madhavan/sgfa_qmap-pd/results/all_run_20251019_183831
2025-10-19 18:38:40,746 - experiments.framework - INFO - Starting experiment: robustness_tests_20251019_183840
2025-10-19 18:38:40,746 - experiments.framework - INFO - Starting experiment: robustness_tests_20251019_183840
2025-10-19 18:39:26,133 - experiments.framework - INFO - 🏁 EXPERIMENT COMPLETED: robustness_tests_20251019_183840
2025-10-19 18:39:26,133 - experiments.framework - INFO - 🏁 EXPERIMENT COMPLETED: robustness_tests_20251019_183840
2025-10-19 18:39:26,134 - experiments.framework - INFO - ⏱️  TOTAL RUNTIME: 45.4 seconds
2025-10-19 18:39:26,134 - experiments.framework - INFO - ⏱️  TOTAL RUNTIME: 45.4 seconds
2025-10-19 18:39:26,134 - experiments.framework - INFO - 🕐 Started: 2025-10-19 18:38:40
2025-10-19 18:39:26,134 - experiments.framework - INFO - 🕐 Started: 2025-10-19 18:38:40
2025-10-19 18:39:26,134 - experiments.framework - INFO - 🕑 Finished: 2025-10-19 18:39:26
2025-10-19 18:39:26,134 - experiments.framework - INFO - 🕑 Finished: 2025-10-19 18:39:26
2025-10-19 18:39:26,134 - experiments.framework - INFO - Experiment completed successfully: robustness_tests_20251019_183840
2025-10-19 18:39:26,134 - experiments.framework - INFO - Experiment completed successfully: robustness_tests_20251019_183840
2025-10-19 18:39:26,134 - experiments.framework - INFO - 🧹 Performing comprehensive memory cleanup...
2025-10-19 18:39:26,134 - experiments.framework - INFO - 🧹 Performing comprehensive memory cleanup...
2025-10-19 18:39:26,187 - experiments.framework - INFO - Garbage collection freed 3 objects
2025-10-19 18:39:26,187 - experiments.framework - INFO - Garbage collection freed 3 objects
2025-10-19 18:39:26,348 - experiments.framework - INFO - GPU memory cleanup attempted
2025-10-19 18:39:26,348 - experiments.framework - INFO - GPU memory cleanup attempted
2025-10-19 18:39:27,349 - experiments.framework - INFO - ✅ Comprehensive memory cleanup completed
2025-10-19 18:39:27,349 - experiments.framework - INFO - ✅ Comprehensive memory cleanup completed
2025-10-19 18:39:27,375 - experiments.framework - INFO - Pickle saving disabled to prevent large files - using JSON and CSV instead
2025-10-19 18:39:27,375 - experiments.framework - INFO - Pickle saving disabled to prevent large files - using JSON and CSV instead
2025-10-19 18:39:27,378 - experiments.framework - INFO - Saving 1 plots to /cs/student/msc/aibh/2024/madhavan/sgfa_qmap-pd/results/all_run_20251019_183831/robustness_tests_K2_percW33_slab4_2_20251019_183840/plots
2025-10-19 18:39:27,378 - experiments.framework - INFO - Saving 1 plots to /cs/student/msc/aibh/2024/madhavan/sgfa_qmap-pd/results/all_run_20251019_183831/robustness_tests_K2_percW33_slab4_2_20251019_183840/plots
2025-10-19 18:39:27,735 - experiments.framework - INFO -   ✅ Saved plot: robustness_summary
2025-10-19 18:39:27,735 - experiments.framework - INFO -   ✅ Saved plot: robustness_summary
2025-10-19 18:39:27,735 - experiments.framework - INFO - All plots saved to: /cs/student/msc/aibh/2024/madhavan/sgfa_qmap-pd/results/all_run_20251019_183831/robustness_tests_K2_percW33_slab4_2_20251019_183840/plots
2025-10-19 18:39:27,735 - experiments.framework - INFO - All plots saved to: /cs/student/msc/aibh/2024/madhavan/sgfa_qmap-pd/results/all_run_20251019_183831/robustness_tests_K2_percW33_slab4_2_20251019_183840/plots
