2025-10-14 01:22:47,829 - experiments.framework - INFO - ExperimentFramework initialized with output dir: /cs/student/msc/aibh/2024/madhavan/sgfa_qmap-pd/results/all_rois-sn_conf-age+sex+tiv_run_20251014_012247
2025-10-14 01:22:47,832 - experiments.framework - INFO - Starting experiment: data_validation_20251014_012247
2025-10-14 01:22:54,188 - experiments.framework - INFO - 🏁 EXPERIMENT COMPLETED: data_validation_20251014_012247
2025-10-14 01:22:54,188 - experiments.framework - INFO - ⏱️  TOTAL RUNTIME: 6.4 seconds
2025-10-14 01:22:54,189 - experiments.framework - INFO - 🕐 Started: 2025-10-14 01:22:47
2025-10-14 01:22:54,189 - experiments.framework - INFO - 🕑 Finished: 2025-10-14 01:22:54
2025-10-14 01:22:54,189 - experiments.framework - INFO - Experiment completed successfully: data_validation_20251014_012247
2025-10-14 01:22:54,189 - experiments.framework - INFO - 🧹 Performing comprehensive memory cleanup...
2025-10-14 01:22:54,223 - experiments.framework - INFO - Garbage collection freed 31930 objects
2025-10-14 01:22:54,328 - experiments.framework - INFO - GPU memory cleanup attempted
2025-10-14 01:22:55,329 - experiments.framework - INFO - ✅ Comprehensive memory cleanup completed
2025-10-14 01:22:55,391 - experiments.framework - INFO - Pickle saving disabled to prevent large files - using JSON and CSV instead
2025-10-14 01:22:55,396 - experiments.framework - INFO - Saving 3 plots to /cs/student/msc/aibh/2024/madhavan/sgfa_qmap-pd/results/all_rois-sn_conf-age+sex+tiv_run_20251014_012247/data_validation_20251014_012247/plots
2025-10-14 01:22:56,879 - experiments.framework - INFO -   ✅ Saved plot: data_distribution_comparison
2025-10-14 01:22:57,879 - experiments.framework - INFO -   ✅ Saved plot: data_validation_feature_reduction
2025-10-14 01:22:58,228 - experiments.framework - INFO -   ✅ Saved plot: data_validation_variance_distribution
2025-10-14 01:22:58,228 - experiments.framework - INFO - All plots saved to: /cs/student/msc/aibh/2024/madhavan/sgfa_qmap-pd/results/all_rois-sn_conf-age+sex+tiv_run_20251014_012247/data_validation_20251014_012247/plots
2025-10-14 01:22:58,586 - experiments.framework - INFO - ExperimentFramework initialized with output dir: /cs/student/msc/aibh/2024/madhavan/sgfa_qmap-pd/results/all_rois-sn_conf-age+sex+tiv_run_20251014_012247
2025-10-14 01:22:58,586 - experiments.framework - INFO - ExperimentFramework initialized with output dir: /cs/student/msc/aibh/2024/madhavan/sgfa_qmap-pd/results/all_rois-sn_conf-age+sex+tiv_run_20251014_012247
2025-10-14 01:22:58,591 - experiments.framework - INFO - Starting experiment: reproducibility_tests_20251014_012258
2025-10-14 01:22:58,591 - experiments.framework - INFO - Starting experiment: reproducibility_tests_20251014_012258
2025-10-14 01:30:56,773 - experiments.framework - INFO - 🏁 EXPERIMENT COMPLETED: reproducibility_tests_20251014_012258
2025-10-14 01:30:56,773 - experiments.framework - INFO - 🏁 EXPERIMENT COMPLETED: reproducibility_tests_20251014_012258
2025-10-14 01:30:56,773 - experiments.framework - INFO - ⏱️  TOTAL RUNTIME: 8.0 minutes (478s)
2025-10-14 01:30:56,773 - experiments.framework - INFO - ⏱️  TOTAL RUNTIME: 8.0 minutes (478s)
2025-10-14 01:30:56,773 - experiments.framework - INFO - 🕐 Started: 2025-10-14 01:22:58
2025-10-14 01:30:56,773 - experiments.framework - INFO - 🕐 Started: 2025-10-14 01:22:58
2025-10-14 01:30:56,773 - experiments.framework - INFO - 🕑 Finished: 2025-10-14 01:30:56
2025-10-14 01:30:56,773 - experiments.framework - INFO - 🕑 Finished: 2025-10-14 01:30:56
2025-10-14 01:30:56,773 - experiments.framework - INFO - Experiment completed successfully: reproducibility_tests_20251014_012258
2025-10-14 01:30:56,773 - experiments.framework - INFO - Experiment completed successfully: reproducibility_tests_20251014_012258
2025-10-14 01:30:56,774 - experiments.framework - INFO - 🧹 Performing comprehensive memory cleanup...
2025-10-14 01:30:56,774 - experiments.framework - INFO - 🧹 Performing comprehensive memory cleanup...
2025-10-14 01:30:56,850 - experiments.framework - INFO - Garbage collection freed 80 objects
2025-10-14 01:30:56,850 - experiments.framework - INFO - Garbage collection freed 80 objects
2025-10-14 01:30:57,142 - experiments.framework - INFO - GPU memory cleanup attempted
2025-10-14 01:30:57,142 - experiments.framework - INFO - GPU memory cleanup attempted
2025-10-14 01:30:58,143 - experiments.framework - INFO - ✅ Comprehensive memory cleanup completed
2025-10-14 01:30:58,143 - experiments.framework - INFO - ✅ Comprehensive memory cleanup completed
2025-10-14 01:30:58,174 - experiments.framework - INFO - Pickle saving disabled to prevent large files - using JSON and CSV instead
2025-10-14 01:30:58,174 - experiments.framework - INFO - Pickle saving disabled to prevent large files - using JSON and CSV instead
2025-10-14 01:30:58,179 - experiments.framework - INFO - Saving 1 plots to /cs/student/msc/aibh/2024/madhavan/sgfa_qmap-pd/results/all_rois-sn_conf-age+sex+tiv_run_20251014_012247/reproducibility_tests_20251014_012258/plots
2025-10-14 01:30:58,179 - experiments.framework - INFO - Saving 1 plots to /cs/student/msc/aibh/2024/madhavan/sgfa_qmap-pd/results/all_rois-sn_conf-age+sex+tiv_run_20251014_012247/reproducibility_tests_20251014_012258/plots
2025-10-14 01:30:58,633 - experiments.framework - INFO -   ✅ Saved plot: reproducibility_summary
2025-10-14 01:30:58,633 - experiments.framework - INFO -   ✅ Saved plot: reproducibility_summary
2025-10-14 01:30:58,633 - experiments.framework - INFO - All plots saved to: /cs/student/msc/aibh/2024/madhavan/sgfa_qmap-pd/results/all_rois-sn_conf-age+sex+tiv_run_20251014_012247/reproducibility_tests_20251014_012258/plots
2025-10-14 01:30:58,633 - experiments.framework - INFO - All plots saved to: /cs/student/msc/aibh/2024/madhavan/sgfa_qmap-pd/results/all_rois-sn_conf-age+sex+tiv_run_20251014_012247/reproducibility_tests_20251014_012258/plots
2025-10-14 02:01:45,421 - experiments.framework - INFO - ExperimentFramework initialized with output dir: /cs/student/msc/aibh/2024/madhavan/sgfa_qmap-pd/results/all_rois-sn_conf-age+sex+tiv_run_20251014_012247
2025-10-14 02:01:45,421 - experiments.framework - INFO - ExperimentFramework initialized with output dir: /cs/student/msc/aibh/2024/madhavan/sgfa_qmap-pd/results/all_rois-sn_conf-age+sex+tiv_run_20251014_012247
2025-10-14 02:01:45,421 - experiments.framework - INFO - ExperimentFramework initialized with output dir: /cs/student/msc/aibh/2024/madhavan/sgfa_qmap-pd/results/all_rois-sn_conf-age+sex+tiv_run_20251014_012247
2025-10-14 02:01:45,454 - experiments.framework - INFO - Starting experiment: clinical_validation_20251014_020145
2025-10-14 02:01:45,454 - experiments.framework - INFO - Starting experiment: clinical_validation_20251014_020145
2025-10-14 02:01:45,454 - experiments.framework - INFO - Starting experiment: clinical_validation_20251014_020145
2025-10-14 02:05:08,001 - experiments.framework - INFO - 🏁 EXPERIMENT COMPLETED: clinical_validation_20251014_020145
2025-10-14 02:05:08,001 - experiments.framework - INFO - 🏁 EXPERIMENT COMPLETED: clinical_validation_20251014_020145
2025-10-14 02:05:08,001 - experiments.framework - INFO - 🏁 EXPERIMENT COMPLETED: clinical_validation_20251014_020145
2025-10-14 02:05:08,002 - experiments.framework - INFO - ⏱️  TOTAL RUNTIME: 3.4 minutes (203s)
2025-10-14 02:05:08,002 - experiments.framework - INFO - ⏱️  TOTAL RUNTIME: 3.4 minutes (203s)
2025-10-14 02:05:08,002 - experiments.framework - INFO - ⏱️  TOTAL RUNTIME: 3.4 minutes (203s)
2025-10-14 02:05:08,002 - experiments.framework - INFO - 🕐 Started: 2025-10-14 02:01:45
2025-10-14 02:05:08,002 - experiments.framework - INFO - 🕐 Started: 2025-10-14 02:01:45
2025-10-14 02:05:08,002 - experiments.framework - INFO - 🕐 Started: 2025-10-14 02:01:45
2025-10-14 02:05:08,002 - experiments.framework - INFO - 🕑 Finished: 2025-10-14 02:05:08
2025-10-14 02:05:08,002 - experiments.framework - INFO - 🕑 Finished: 2025-10-14 02:05:08
2025-10-14 02:05:08,002 - experiments.framework - INFO - 🕑 Finished: 2025-10-14 02:05:08
2025-10-14 02:05:08,002 - experiments.framework - INFO - Experiment completed successfully: clinical_validation_20251014_020145
2025-10-14 02:05:08,002 - experiments.framework - INFO - Experiment completed successfully: clinical_validation_20251014_020145
2025-10-14 02:05:08,002 - experiments.framework - INFO - Experiment completed successfully: clinical_validation_20251014_020145
2025-10-14 02:05:08,002 - experiments.framework - INFO - 🧹 Performing comprehensive memory cleanup...
2025-10-14 02:05:08,002 - experiments.framework - INFO - 🧹 Performing comprehensive memory cleanup...
2025-10-14 02:05:08,002 - experiments.framework - INFO - 🧹 Performing comprehensive memory cleanup...
2025-10-14 02:05:08,103 - experiments.framework - INFO - Garbage collection freed 450 objects
2025-10-14 02:05:08,103 - experiments.framework - INFO - Garbage collection freed 450 objects
2025-10-14 02:05:08,103 - experiments.framework - INFO - Garbage collection freed 450 objects
2025-10-14 02:05:08,494 - experiments.framework - INFO - GPU memory cleanup attempted
2025-10-14 02:05:08,494 - experiments.framework - INFO - GPU memory cleanup attempted
2025-10-14 02:05:08,494 - experiments.framework - INFO - GPU memory cleanup attempted
2025-10-14 02:05:09,496 - experiments.framework - INFO - ✅ Comprehensive memory cleanup completed
2025-10-14 02:05:09,496 - experiments.framework - INFO - ✅ Comprehensive memory cleanup completed
2025-10-14 02:05:09,496 - experiments.framework - INFO - ✅ Comprehensive memory cleanup completed
2025-10-14 02:05:09,517 - experiments.framework - INFO - Pickle saving disabled to prevent large files - using JSON and CSV instead
2025-10-14 02:05:09,517 - experiments.framework - INFO - Pickle saving disabled to prevent large files - using JSON and CSV instead
2025-10-14 02:05:09,517 - experiments.framework - INFO - Pickle saving disabled to prevent large files - using JSON and CSV instead
2025-10-14 02:05:09,521 - experiments.framework - INFO - Saving 1 plots to /cs/student/msc/aibh/2024/madhavan/sgfa_qmap-pd/results/all_rois-sn_conf-age+sex+tiv_run_20251014_012247/clinical_validation_20251014_020145/plots
2025-10-14 02:05:09,521 - experiments.framework - INFO - Saving 1 plots to /cs/student/msc/aibh/2024/madhavan/sgfa_qmap-pd/results/all_rois-sn_conf-age+sex+tiv_run_20251014_012247/clinical_validation_20251014_020145/plots
2025-10-14 02:05:09,521 - experiments.framework - INFO - Saving 1 plots to /cs/student/msc/aibh/2024/madhavan/sgfa_qmap-pd/results/all_rois-sn_conf-age+sex+tiv_run_20251014_012247/clinical_validation_20251014_020145/plots
2025-10-14 02:05:09,848 - experiments.framework - INFO -   ✅ Saved plot: clinical_validation_summary
2025-10-14 02:05:09,848 - experiments.framework - INFO -   ✅ Saved plot: clinical_validation_summary
2025-10-14 02:05:09,848 - experiments.framework - INFO -   ✅ Saved plot: clinical_validation_summary
2025-10-14 02:05:09,849 - experiments.framework - INFO - All plots saved to: /cs/student/msc/aibh/2024/madhavan/sgfa_qmap-pd/results/all_rois-sn_conf-age+sex+tiv_run_20251014_012247/clinical_validation_20251014_020145/plots
2025-10-14 02:05:09,849 - experiments.framework - INFO - All plots saved to: /cs/student/msc/aibh/2024/madhavan/sgfa_qmap-pd/results/all_rois-sn_conf-age+sex+tiv_run_20251014_012247/clinical_validation_20251014_020145/plots
2025-10-14 02:05:09,849 - experiments.framework - INFO - All plots saved to: /cs/student/msc/aibh/2024/madhavan/sgfa_qmap-pd/results/all_rois-sn_conf-age+sex+tiv_run_20251014_012247/clinical_validation_20251014_020145/plots
