2025-10-20 09:01:13,329 - experiments.framework - INFO - ExperimentFramework initialized with output dir: /cs/student/msc/aibh/2024/madhavan/sgfa_qmap-pd/results/all_rois-sn_conf-age+sex+tiv_K2_percW33_MAD3.0_run_20251020_090113
2025-10-20 09:01:13,336 - experiments.framework - INFO - Starting experiment: data_validation_20251020_090113
2025-10-20 09:01:31,274 - experiments.framework - INFO - 🏁 EXPERIMENT COMPLETED: data_validation_20251020_090113
2025-10-20 09:01:31,274 - experiments.framework - INFO - ⏱️  TOTAL RUNTIME: 17.9 seconds
2025-10-20 09:01:31,274 - experiments.framework - INFO - 🕐 Started: 2025-10-20 09:01:13
2025-10-20 09:01:31,274 - experiments.framework - INFO - 🕑 Finished: 2025-10-20 09:01:31
2025-10-20 09:01:31,275 - experiments.framework - INFO - Experiment completed successfully: data_validation_20251020_090113
2025-10-20 09:01:31,275 - experiments.framework - INFO - 🧹 Performing comprehensive memory cleanup...
2025-10-20 09:01:31,356 - experiments.framework - INFO - Garbage collection freed 0 objects
2025-10-20 09:01:31,646 - experiments.framework - INFO - GPU memory cleanup attempted
2025-10-20 09:01:32,647 - experiments.framework - INFO - ✅ Comprehensive memory cleanup completed
2025-10-20 09:01:32,841 - experiments.framework - INFO - Pickle saving disabled to prevent large files - using JSON and CSV instead
2025-10-20 09:01:32,847 - experiments.framework - INFO - Saving 6 plots to /cs/student/msc/aibh/2024/madhavan/sgfa_qmap-pd/results/all_rois-sn_conf-age+sex+tiv_K2_percW33_MAD3.0_run_20251020_090113/data_validation_tree10_20251020_090113/plots
2025-10-20 09:01:34,710 - experiments.framework - INFO -   ✅ Saved plot: data_distribution_comparison
2025-10-20 09:01:36,569 - experiments.framework - INFO -   ✅ Saved plot: covariance_analysis
2025-10-20 09:01:38,472 - experiments.framework - INFO -   ✅ Saved plot: data_validation_block_covariance_matrix
2025-10-20 09:01:42,550 - experiments.framework - INFO -   ✅ Saved plot: data_validation_inter_vs_intra_correlation
2025-10-20 09:01:43,289 - experiments.framework - INFO -   ✅ Saved plot: data_validation_feature_reduction
2025-10-20 09:01:45,155 - experiments.framework - INFO -   ✅ Saved plot: data_validation_variance_distribution
2025-10-20 09:01:45,155 - experiments.framework - INFO - All plots saved to: /cs/student/msc/aibh/2024/madhavan/sgfa_qmap-pd/results/all_rois-sn_conf-age+sex+tiv_K2_percW33_MAD3.0_run_20251020_090113/data_validation_tree10_20251020_090113/plots
2025-10-20 09:01:45,251 - experiments.framework - INFO - ExperimentFramework initialized with output dir: /cs/student/msc/aibh/2024/madhavan/sgfa_qmap-pd/results/all_rois-sn_conf-age+sex+tiv_K2_percW33_MAD3.0_run_20251020_090113
2025-10-20 09:01:45,251 - experiments.framework - INFO - ExperimentFramework initialized with output dir: /cs/student/msc/aibh/2024/madhavan/sgfa_qmap-pd/results/all_rois-sn_conf-age+sex+tiv_K2_percW33_MAD3.0_run_20251020_090113
2025-10-20 09:01:45,260 - experiments.framework - INFO - Starting experiment: robustness_tests_20251020_090145
2025-10-20 09:01:45,260 - experiments.framework - INFO - Starting experiment: robustness_tests_20251020_090145
2025-10-20 09:10:05,359 - experiments.framework - INFO - 🏁 EXPERIMENT COMPLETED: robustness_tests_20251020_090145
2025-10-20 09:10:05,359 - experiments.framework - INFO - 🏁 EXPERIMENT COMPLETED: robustness_tests_20251020_090145
2025-10-20 09:10:05,360 - experiments.framework - INFO - ⏱️  TOTAL RUNTIME: 8.3 minutes (500s)
2025-10-20 09:10:05,360 - experiments.framework - INFO - ⏱️  TOTAL RUNTIME: 8.3 minutes (500s)
2025-10-20 09:10:05,360 - experiments.framework - INFO - 🕐 Started: 2025-10-20 09:01:45
2025-10-20 09:10:05,360 - experiments.framework - INFO - 🕐 Started: 2025-10-20 09:01:45
2025-10-20 09:10:05,360 - experiments.framework - INFO - 🕑 Finished: 2025-10-20 09:10:05
2025-10-20 09:10:05,360 - experiments.framework - INFO - 🕑 Finished: 2025-10-20 09:10:05
2025-10-20 09:10:05,360 - experiments.framework - INFO - Experiment completed successfully: robustness_tests_20251020_090145
2025-10-20 09:10:05,360 - experiments.framework - INFO - Experiment completed successfully: robustness_tests_20251020_090145
2025-10-20 09:10:05,360 - experiments.framework - INFO - 🧹 Performing comprehensive memory cleanup...
2025-10-20 09:10:05,360 - experiments.framework - INFO - 🧹 Performing comprehensive memory cleanup...
2025-10-20 09:10:05,447 - experiments.framework - INFO - Garbage collection freed 88 objects
2025-10-20 09:10:05,447 - experiments.framework - INFO - Garbage collection freed 88 objects
2025-10-20 09:10:05,762 - experiments.framework - INFO - GPU memory cleanup attempted
2025-10-20 09:10:05,762 - experiments.framework - INFO - GPU memory cleanup attempted
2025-10-20 09:10:06,763 - experiments.framework - INFO - ✅ Comprehensive memory cleanup completed
2025-10-20 09:10:06,763 - experiments.framework - INFO - ✅ Comprehensive memory cleanup completed
2025-10-20 09:10:06,819 - experiments.framework - INFO - Pickle saving disabled to prevent large files - using JSON and CSV instead
2025-10-20 09:10:06,819 - experiments.framework - INFO - Pickle saving disabled to prevent large files - using JSON and CSV instead
2025-10-20 09:10:06,825 - experiments.framework - INFO - Saving 1 plots to /cs/student/msc/aibh/2024/madhavan/sgfa_qmap-pd/results/all_rois-sn_conf-age+sex+tiv_K2_percW33_MAD3.0_run_20251020_090113/robustness_tests_fixed_K2_percW33_slab4_2_MAD3.0_tree10_20251020_090145/plots
2025-10-20 09:10:06,825 - experiments.framework - INFO - Saving 1 plots to /cs/student/msc/aibh/2024/madhavan/sgfa_qmap-pd/results/all_rois-sn_conf-age+sex+tiv_K2_percW33_MAD3.0_run_20251020_090113/robustness_tests_fixed_K2_percW33_slab4_2_MAD3.0_tree10_20251020_090145/plots
2025-10-20 09:10:07,731 - experiments.framework - INFO -   ✅ Saved plot: robustness_summary
2025-10-20 09:10:07,731 - experiments.framework - INFO -   ✅ Saved plot: robustness_summary
2025-10-20 09:10:07,731 - experiments.framework - INFO - All plots saved to: /cs/student/msc/aibh/2024/madhavan/sgfa_qmap-pd/results/all_rois-sn_conf-age+sex+tiv_K2_percW33_MAD3.0_run_20251020_090113/robustness_tests_fixed_K2_percW33_slab4_2_MAD3.0_tree10_20251020_090145/plots
2025-10-20 09:10:07,731 - experiments.framework - INFO - All plots saved to: /cs/student/msc/aibh/2024/madhavan/sgfa_qmap-pd/results/all_rois-sn_conf-age+sex+tiv_K2_percW33_MAD3.0_run_20251020_090113/robustness_tests_fixed_K2_percW33_slab4_2_MAD3.0_tree10_20251020_090145/plots
