2025-10-15 14:00:29,701 - experiments.framework - INFO - ExperimentFramework initialized with output dir: /cs/student/msc/aibh/2024/madhavan/sgfa_qmap-pd/results/all_K5_MAD4.0_run_20251015_140029
2025-10-15 14:00:29,713 - experiments.framework - INFO - Starting experiment: data_validation_20251015_140029
2025-10-15 14:00:43,483 - experiments.framework - INFO - 🏁 EXPERIMENT COMPLETED: data_validation_20251015_140029
2025-10-15 14:00:43,483 - experiments.framework - INFO - ⏱️  TOTAL RUNTIME: 13.8 seconds
2025-10-15 14:00:43,483 - experiments.framework - INFO - 🕐 Started: 2025-10-15 14:00:29
2025-10-15 14:00:43,483 - experiments.framework - INFO - 🕑 Finished: 2025-10-15 14:00:43
2025-10-15 14:00:43,483 - experiments.framework - INFO - Experiment completed successfully: data_validation_20251015_140029
2025-10-15 14:00:43,483 - experiments.framework - INFO - 🧹 Performing comprehensive memory cleanup...
2025-10-15 14:00:43,517 - experiments.framework - INFO - Garbage collection freed 25373 objects
2025-10-15 14:00:43,624 - experiments.framework - INFO - GPU memory cleanup attempted
2025-10-15 14:00:44,625 - experiments.framework - INFO - ✅ Comprehensive memory cleanup completed
2025-10-15 14:00:44,732 - experiments.framework - INFO - Pickle saving disabled to prevent large files - using JSON and CSV instead
2025-10-15 14:00:44,735 - experiments.framework - INFO - Saving 3 plots to /cs/student/msc/aibh/2024/madhavan/sgfa_qmap-pd/results/all_K5_MAD4.0_run_20251015_140029/data_validation_20251015_140029/plots
2025-10-15 14:00:46,782 - experiments.framework - INFO -   ✅ Saved plot: data_distribution_comparison
2025-10-15 14:00:47,784 - experiments.framework - INFO -   ✅ Saved plot: data_validation_feature_reduction
2025-10-15 14:00:48,132 - experiments.framework - INFO -   ✅ Saved plot: data_validation_variance_distribution
2025-10-15 14:00:48,132 - experiments.framework - INFO - All plots saved to: /cs/student/msc/aibh/2024/madhavan/sgfa_qmap-pd/results/all_K5_MAD4.0_run_20251015_140029/data_validation_20251015_140029/plots
2025-10-15 14:00:48,179 - experiments.framework - INFO - ExperimentFramework initialized with output dir: /cs/student/msc/aibh/2024/madhavan/sgfa_qmap-pd/results/all_K5_MAD4.0_run_20251015_140029
2025-10-15 14:00:48,179 - experiments.framework - INFO - ExperimentFramework initialized with output dir: /cs/student/msc/aibh/2024/madhavan/sgfa_qmap-pd/results/all_K5_MAD4.0_run_20251015_140029
2025-10-15 14:00:48,185 - experiments.framework - INFO - Starting experiment: robustness_tests_20251015_140048
2025-10-15 14:00:48,185 - experiments.framework - INFO - Starting experiment: robustness_tests_20251015_140048
2025-10-15 14:15:38,483 - experiments.framework - INFO - 🧹 Performing comprehensive memory cleanup...
2025-10-15 14:15:38,483 - experiments.framework - INFO - 🧹 Performing comprehensive memory cleanup...
2025-10-15 14:15:38,567 - experiments.framework - INFO - Garbage collection freed 0 objects
2025-10-15 14:15:38,567 - experiments.framework - INFO - Garbage collection freed 0 objects
2025-10-15 14:15:38,885 - experiments.framework - INFO - GPU memory cleanup attempted
2025-10-15 14:15:38,885 - experiments.framework - INFO - GPU memory cleanup attempted
2025-10-15 14:15:39,886 - experiments.framework - INFO - ✅ Comprehensive memory cleanup completed
2025-10-15 14:15:39,886 - experiments.framework - INFO - ✅ Comprehensive memory cleanup completed
