2025-10-19 22:02:46,301 - experiments.framework - INFO - ExperimentFramework initialized with output dir: /cs/student/msc/aibh/2024/madhavan/sgfa_qmap-pd/results/all_rois-sn_run_20251019_220246
2025-10-19 22:02:46,304 - experiments.framework - INFO - Starting experiment: data_validation_20251019_220246
2025-10-19 22:02:46,534 - experiments.framework - INFO - 🏁 EXPERIMENT COMPLETED: data_validation_20251019_220246
2025-10-19 22:02:46,534 - experiments.framework - INFO - ⏱️  TOTAL RUNTIME: 0.2 seconds
2025-10-19 22:02:46,534 - experiments.framework - INFO - 🕐 Started: 2025-10-19 22:02:46
2025-10-19 22:02:46,534 - experiments.framework - INFO - 🕑 Finished: 2025-10-19 22:02:46
2025-10-19 22:02:46,534 - experiments.framework - INFO - Experiment completed successfully: data_validation_20251019_220246
2025-10-19 22:02:46,534 - experiments.framework - INFO - 🧹 Performing comprehensive memory cleanup...
2025-10-19 22:02:46,560 - experiments.framework - INFO - Garbage collection freed 0 objects
2025-10-19 22:02:46,652 - experiments.framework - INFO - GPU memory cleanup attempted
2025-10-19 22:02:47,653 - experiments.framework - INFO - ✅ Comprehensive memory cleanup completed
2025-10-19 22:02:47,657 - experiments.framework - INFO - Pickle saving disabled to prevent large files - using JSON and CSV instead
2025-10-19 22:02:47,899 - experiments.framework - INFO - ExperimentFramework initialized with output dir: /cs/student/msc/aibh/2024/madhavan/sgfa_qmap-pd/results/all_rois-sn_run_20251019_220246
2025-10-19 22:02:47,899 - experiments.framework - INFO - ExperimentFramework initialized with output dir: /cs/student/msc/aibh/2024/madhavan/sgfa_qmap-pd/results/all_rois-sn_run_20251019_220246
2025-10-19 22:02:47,903 - experiments.framework - INFO - Starting experiment: robustness_tests_20251019_220247
2025-10-19 22:02:47,903 - experiments.framework - INFO - Starting experiment: robustness_tests_20251019_220247
2025-10-19 22:29:03,031 - experiments.framework - INFO - 🧹 Performing comprehensive memory cleanup...
2025-10-19 22:29:03,031 - experiments.framework - INFO - 🧹 Performing comprehensive memory cleanup...
2025-10-19 22:29:03,086 - experiments.framework - INFO - Garbage collection freed 0 objects
2025-10-19 22:29:03,086 - experiments.framework - INFO - Garbage collection freed 0 objects
2025-10-19 22:29:03,279 - experiments.framework - INFO - GPU memory cleanup attempted
2025-10-19 22:29:03,279 - experiments.framework - INFO - GPU memory cleanup attempted
2025-10-19 22:29:04,280 - experiments.framework - INFO - ✅ Comprehensive memory cleanup completed
2025-10-19 22:29:04,280 - experiments.framework - INFO - ✅ Comprehensive memory cleanup completed
