2025-10-20 00:50:03,834 - experiments.framework - INFO - ExperimentFramework initialized with output dir: /cs/student/msc/aibh/2024/madhavan/sgfa_qmap-pd/results/all_rois-sn_conf-age+sex+tiv_K2_percW33_MAD3.0_run_20251020_005003
2025-10-20 00:50:03,841 - experiments.framework - INFO - Starting experiment: data_validation_20251020_005003
2025-10-20 00:50:04,392 - experiments.framework - INFO - 🏁 EXPERIMENT COMPLETED: data_validation_20251020_005003
2025-10-20 00:50:04,392 - experiments.framework - INFO - ⏱️  TOTAL RUNTIME: 0.6 seconds
2025-10-20 00:50:04,392 - experiments.framework - INFO - 🕐 Started: 2025-10-20 00:50:03
2025-10-20 00:50:04,392 - experiments.framework - INFO - 🕑 Finished: 2025-10-20 00:50:04
2025-10-20 00:50:04,392 - experiments.framework - INFO - Experiment completed successfully: data_validation_20251020_005003
2025-10-20 00:50:04,393 - experiments.framework - INFO - 🧹 Performing comprehensive memory cleanup...
2025-10-20 00:50:04,488 - experiments.framework - INFO - Garbage collection freed 0 objects
2025-10-20 00:50:04,699 - experiments.framework - INFO - GPU memory cleanup attempted
2025-10-20 00:50:05,701 - experiments.framework - INFO - ✅ Comprehensive memory cleanup completed
2025-10-20 00:50:05,704 - experiments.framework - INFO - Pickle saving disabled to prevent large files - using JSON and CSV instead
2025-10-20 00:50:06,327 - experiments.framework - INFO - ExperimentFramework initialized with output dir: /cs/student/msc/aibh/2024/madhavan/sgfa_qmap-pd/results/all_rois-sn_conf-age+sex+tiv_K2_percW33_MAD3.0_run_20251020_005003
2025-10-20 00:50:06,327 - experiments.framework - INFO - ExperimentFramework initialized with output dir: /cs/student/msc/aibh/2024/madhavan/sgfa_qmap-pd/results/all_rois-sn_conf-age+sex+tiv_K2_percW33_MAD3.0_run_20251020_005003
2025-10-20 00:50:06,336 - experiments.framework - INFO - Starting experiment: robustness_tests_20251020_005006
2025-10-20 00:50:06,336 - experiments.framework - INFO - Starting experiment: robustness_tests_20251020_005006
2025-10-20 00:55:56,370 - experiments.framework - INFO - 🧹 Performing comprehensive memory cleanup...
2025-10-20 00:55:56,370 - experiments.framework - INFO - 🧹 Performing comprehensive memory cleanup...
2025-10-20 00:55:56,462 - experiments.framework - INFO - Garbage collection freed 0 objects
2025-10-20 00:55:56,462 - experiments.framework - INFO - Garbage collection freed 0 objects
2025-10-20 00:55:56,772 - experiments.framework - INFO - GPU memory cleanup attempted
2025-10-20 00:55:56,772 - experiments.framework - INFO - GPU memory cleanup attempted
2025-10-20 00:55:57,773 - experiments.framework - INFO - ✅ Comprehensive memory cleanup completed
2025-10-20 00:55:57,773 - experiments.framework - INFO - ✅ Comprehensive memory cleanup completed
