2025-10-17 20:22:27,126 - experiments.framework - INFO - ExperimentFramework initialized with output dir: /cs/student/msc/aibh/2024/madhavan/sgfa_qmap-pd/results/all_rois-sn_conf-age+sex+tiv_K20_percW20_MAD3.0_run_20251017_202227
2025-10-17 20:22:27,139 - experiments.framework - INFO - Starting experiment: data_validation_20251017_202227
2025-10-17 20:22:36,679 - experiments.framework - INFO - 🏁 EXPERIMENT COMPLETED: data_validation_20251017_202227
2025-10-17 20:22:36,679 - experiments.framework - INFO - ⏱️  TOTAL RUNTIME: 9.6 seconds
2025-10-17 20:22:36,679 - experiments.framework - INFO - 🕐 Started: 2025-10-17 20:22:27
2025-10-17 20:22:36,679 - experiments.framework - INFO - 🕑 Finished: 2025-10-17 20:22:36
2025-10-17 20:22:36,679 - experiments.framework - INFO - Experiment completed successfully: data_validation_20251017_202227
2025-10-17 20:22:36,679 - experiments.framework - INFO - 🧹 Performing comprehensive memory cleanup...
2025-10-17 20:22:36,762 - experiments.framework - INFO - Garbage collection freed 18258 objects
2025-10-17 20:22:37,027 - experiments.framework - INFO - GPU memory cleanup attempted
2025-10-17 20:22:38,028 - experiments.framework - INFO - ✅ Comprehensive memory cleanup completed
2025-10-17 20:22:38,185 - experiments.framework - INFO - Pickle saving disabled to prevent large files - using JSON and CSV instead
2025-10-17 20:22:38,191 - experiments.framework - INFO - Saving 3 plots to /cs/student/msc/aibh/2024/madhavan/sgfa_qmap-pd/results/all_rois-sn_conf-age+sex+tiv_K20_percW20_MAD3.0_run_20251017_202227/data_validation_20251017_202227/plots
2025-10-17 20:22:40,134 - experiments.framework - INFO -   ✅ Saved plot: data_distribution_comparison
2025-10-17 20:22:42,065 - experiments.framework - INFO -   ✅ Saved plot: data_validation_feature_reduction
2025-10-17 20:22:42,809 - experiments.framework - INFO -   ✅ Saved plot: data_validation_variance_distribution
2025-10-17 20:22:42,810 - experiments.framework - INFO - All plots saved to: /cs/student/msc/aibh/2024/madhavan/sgfa_qmap-pd/results/all_rois-sn_conf-age+sex+tiv_K20_percW20_MAD3.0_run_20251017_202227/data_validation_20251017_202227/plots
2025-10-17 20:22:42,898 - experiments.framework - INFO - ExperimentFramework initialized with output dir: /cs/student/msc/aibh/2024/madhavan/sgfa_qmap-pd/results/all_rois-sn_conf-age+sex+tiv_K20_percW20_MAD3.0_run_20251017_202227
2025-10-17 20:22:42,898 - experiments.framework - INFO - ExperimentFramework initialized with output dir: /cs/student/msc/aibh/2024/madhavan/sgfa_qmap-pd/results/all_rois-sn_conf-age+sex+tiv_K20_percW20_MAD3.0_run_20251017_202227
2025-10-17 20:22:42,906 - experiments.framework - INFO - Starting experiment: robustness_tests_20251017_202242
2025-10-17 20:22:42,906 - experiments.framework - INFO - Starting experiment: robustness_tests_20251017_202242
