2025-10-18 14:27:54,843 - experiments.framework - INFO - ExperimentFramework initialized with output dir: /cs/student/msc/aibh/2024/madhavan/sgfa_qmap-pd/results/all_rois-sn_conf-age+sex+tiv_K2_percW20_MAD3.0_run_20251018_142754
2025-10-18 14:27:54,851 - experiments.framework - INFO - Starting experiment: data_validation_20251018_142754
2025-10-18 14:28:04,048 - experiments.framework - INFO - 🏁 EXPERIMENT COMPLETED: data_validation_20251018_142754
2025-10-18 14:28:04,048 - experiments.framework - INFO - ⏱️  TOTAL RUNTIME: 9.2 seconds
2025-10-18 14:28:04,049 - experiments.framework - INFO - 🕐 Started: 2025-10-18 14:27:54
2025-10-18 14:28:04,049 - experiments.framework - INFO - 🕑 Finished: 2025-10-18 14:28:04
2025-10-18 14:28:04,049 - experiments.framework - INFO - Experiment completed successfully: data_validation_20251018_142754
2025-10-18 14:28:04,049 - experiments.framework - INFO - 🧹 Performing comprehensive memory cleanup...
2025-10-18 14:28:04,131 - experiments.framework - INFO - Garbage collection freed 18248 objects
2025-10-18 14:28:04,396 - experiments.framework - INFO - GPU memory cleanup attempted
2025-10-18 14:28:05,397 - experiments.framework - INFO - ✅ Comprehensive memory cleanup completed
2025-10-18 14:28:05,546 - experiments.framework - INFO - Pickle saving disabled to prevent large files - using JSON and CSV instead
2025-10-18 14:28:05,552 - experiments.framework - INFO - Saving 3 plots to /cs/student/msc/aibh/2024/madhavan/sgfa_qmap-pd/results/all_rois-sn_conf-age+sex+tiv_K2_percW20_MAD3.0_run_20251018_142754/data_validation_tree10_20251018_142754/plots
2025-10-18 14:28:07,434 - experiments.framework - INFO -   ✅ Saved plot: data_distribution_comparison
2025-10-18 14:28:09,294 - experiments.framework - INFO -   ✅ Saved plot: data_validation_feature_reduction
2025-10-18 14:28:10,036 - experiments.framework - INFO -   ✅ Saved plot: data_validation_variance_distribution
2025-10-18 14:28:10,036 - experiments.framework - INFO - All plots saved to: /cs/student/msc/aibh/2024/madhavan/sgfa_qmap-pd/results/all_rois-sn_conf-age+sex+tiv_K2_percW20_MAD3.0_run_20251018_142754/data_validation_tree10_20251018_142754/plots
2025-10-18 14:28:10,126 - experiments.framework - INFO - ExperimentFramework initialized with output dir: /cs/student/msc/aibh/2024/madhavan/sgfa_qmap-pd/results/all_rois-sn_conf-age+sex+tiv_K2_percW20_MAD3.0_run_20251018_142754
2025-10-18 14:28:10,126 - experiments.framework - INFO - ExperimentFramework initialized with output dir: /cs/student/msc/aibh/2024/madhavan/sgfa_qmap-pd/results/all_rois-sn_conf-age+sex+tiv_K2_percW20_MAD3.0_run_20251018_142754
2025-10-18 14:28:10,136 - experiments.framework - INFO - Starting experiment: robustness_tests_20251018_142810
2025-10-18 14:28:10,136 - experiments.framework - INFO - Starting experiment: robustness_tests_20251018_142810
2025-10-18 14:36:10,642 - experiments.framework - INFO - 🏁 EXPERIMENT COMPLETED: robustness_tests_20251018_142810
2025-10-18 14:36:10,642 - experiments.framework - INFO - 🏁 EXPERIMENT COMPLETED: robustness_tests_20251018_142810
2025-10-18 14:36:10,643 - experiments.framework - INFO - ⏱️  TOTAL RUNTIME: 8.0 minutes (481s)
2025-10-18 14:36:10,643 - experiments.framework - INFO - ⏱️  TOTAL RUNTIME: 8.0 minutes (481s)
2025-10-18 14:36:10,643 - experiments.framework - INFO - 🕐 Started: 2025-10-18 14:28:10
2025-10-18 14:36:10,643 - experiments.framework - INFO - 🕐 Started: 2025-10-18 14:28:10
2025-10-18 14:36:10,643 - experiments.framework - INFO - 🕑 Finished: 2025-10-18 14:36:10
2025-10-18 14:36:10,643 - experiments.framework - INFO - 🕑 Finished: 2025-10-18 14:36:10
2025-10-18 14:36:10,643 - experiments.framework - INFO - Experiment completed successfully: robustness_tests_20251018_142810
2025-10-18 14:36:10,643 - experiments.framework - INFO - Experiment completed successfully: robustness_tests_20251018_142810
2025-10-18 14:36:10,643 - experiments.framework - INFO - 🧹 Performing comprehensive memory cleanup...
2025-10-18 14:36:10,643 - experiments.framework - INFO - 🧹 Performing comprehensive memory cleanup...
2025-10-18 14:36:10,726 - experiments.framework - INFO - Garbage collection freed 3 objects
2025-10-18 14:36:10,726 - experiments.framework - INFO - Garbage collection freed 3 objects
2025-10-18 14:36:11,023 - experiments.framework - INFO - GPU memory cleanup attempted
2025-10-18 14:36:11,023 - experiments.framework - INFO - GPU memory cleanup attempted
2025-10-18 14:36:12,024 - experiments.framework - INFO - ✅ Comprehensive memory cleanup completed
2025-10-18 14:36:12,024 - experiments.framework - INFO - ✅ Comprehensive memory cleanup completed
2025-10-18 14:36:12,089 - experiments.framework - INFO - Pickle saving disabled to prevent large files - using JSON and CSV instead
2025-10-18 14:36:12,089 - experiments.framework - INFO - Pickle saving disabled to prevent large files - using JSON and CSV instead
2025-10-18 14:36:12,095 - experiments.framework - INFO - Saving 1 plots to /cs/student/msc/aibh/2024/madhavan/sgfa_qmap-pd/results/all_rois-sn_conf-age+sex+tiv_K2_percW20_MAD3.0_run_20251018_142754/robustness_tests_K2_percW20_slab4_2_MAD3.0_tree10_20251018_142810/plots
2025-10-18 14:36:12,095 - experiments.framework - INFO - Saving 1 plots to /cs/student/msc/aibh/2024/madhavan/sgfa_qmap-pd/results/all_rois-sn_conf-age+sex+tiv_K2_percW20_MAD3.0_run_20251018_142754/robustness_tests_K2_percW20_slab4_2_MAD3.0_tree10_20251018_142810/plots
2025-10-18 14:36:13,029 - experiments.framework - INFO -   ✅ Saved plot: robustness_summary
2025-10-18 14:36:13,029 - experiments.framework - INFO -   ✅ Saved plot: robustness_summary
2025-10-18 14:36:13,029 - experiments.framework - INFO - All plots saved to: /cs/student/msc/aibh/2024/madhavan/sgfa_qmap-pd/results/all_rois-sn_conf-age+sex+tiv_K2_percW20_MAD3.0_run_20251018_142754/robustness_tests_K2_percW20_slab4_2_MAD3.0_tree10_20251018_142810/plots
2025-10-18 14:36:13,029 - experiments.framework - INFO - All plots saved to: /cs/student/msc/aibh/2024/madhavan/sgfa_qmap-pd/results/all_rois-sn_conf-age+sex+tiv_K2_percW20_MAD3.0_run_20251018_142754/robustness_tests_K2_percW20_slab4_2_MAD3.0_tree10_20251018_142810/plots
