2025-10-20 00:42:50,589 - experiments.framework - INFO - ExperimentFramework initialized with output dir: /cs/student/msc/aibh/2024/madhavan/sgfa_qmap-pd/results/all_rois-sn_conf-age+sex+tiv_K2_percW33_MAD3.0_run_20251020_004250
2025-10-20 00:42:50,595 - experiments.framework - INFO - Starting experiment: data_validation_20251020_004250
2025-10-20 00:42:51,309 - experiments.framework - INFO - 🏁 EXPERIMENT COMPLETED: data_validation_20251020_004250
2025-10-20 00:42:51,309 - experiments.framework - INFO - ⏱️  TOTAL RUNTIME: 0.7 seconds
2025-10-20 00:42:51,310 - experiments.framework - INFO - 🕐 Started: 2025-10-20 00:42:50
2025-10-20 00:42:51,310 - experiments.framework - INFO - 🕑 Finished: 2025-10-20 00:42:51
2025-10-20 00:42:51,310 - experiments.framework - INFO - Experiment completed successfully: data_validation_20251020_004250
2025-10-20 00:42:51,310 - experiments.framework - INFO - 🧹 Performing comprehensive memory cleanup...
2025-10-20 00:42:51,406 - experiments.framework - INFO - Garbage collection freed 0 objects
2025-10-20 00:42:51,620 - experiments.framework - INFO - GPU memory cleanup attempted
2025-10-20 00:42:52,621 - experiments.framework - INFO - ✅ Comprehensive memory cleanup completed
2025-10-20 00:42:52,625 - experiments.framework - INFO - Pickle saving disabled to prevent large files - using JSON and CSV instead
2025-10-20 00:42:53,231 - experiments.framework - INFO - ExperimentFramework initialized with output dir: /cs/student/msc/aibh/2024/madhavan/sgfa_qmap-pd/results/all_rois-sn_conf-age+sex+tiv_K2_percW33_MAD3.0_run_20251020_004250
2025-10-20 00:42:53,231 - experiments.framework - INFO - ExperimentFramework initialized with output dir: /cs/student/msc/aibh/2024/madhavan/sgfa_qmap-pd/results/all_rois-sn_conf-age+sex+tiv_K2_percW33_MAD3.0_run_20251020_004250
2025-10-20 00:42:53,240 - experiments.framework - INFO - Starting experiment: robustness_tests_20251020_004253
2025-10-20 00:42:53,240 - experiments.framework - INFO - Starting experiment: robustness_tests_20251020_004253
2025-10-20 00:43:47,007 - experiments.framework - INFO - 🧹 Performing comprehensive memory cleanup...
2025-10-20 00:43:47,007 - experiments.framework - INFO - 🧹 Performing comprehensive memory cleanup...
2025-10-20 00:43:47,105 - experiments.framework - INFO - Garbage collection freed 0 objects
2025-10-20 00:43:47,105 - experiments.framework - INFO - Garbage collection freed 0 objects
2025-10-20 00:43:47,453 - experiments.framework - INFO - GPU memory cleanup attempted
2025-10-20 00:43:47,453 - experiments.framework - INFO - GPU memory cleanup attempted
2025-10-20 00:43:48,454 - experiments.framework - INFO - ✅ Comprehensive memory cleanup completed
2025-10-20 00:43:48,454 - experiments.framework - INFO - ✅ Comprehensive memory cleanup completed
