2025-10-17 02:01:05,440 - experiments.framework - INFO - ExperimentFramework initialized with output dir: /cs/student/msc/aibh/2024/madhavan/sgfa_qmap-pd/results/all_rois-sn_conf-age+sex+tiv_K20_run_20251017_020105
2025-10-17 02:01:05,444 - experiments.framework - INFO - Starting experiment: data_validation_20251017_020105
2025-10-17 02:01:07,578 - experiments.framework - INFO - 🏁 EXPERIMENT COMPLETED: data_validation_20251017_020105
2025-10-17 02:01:07,578 - experiments.framework - INFO - ⏱️  TOTAL RUNTIME: 2.1 seconds
2025-10-17 02:01:07,578 - experiments.framework - INFO - 🕐 Started: 2025-10-17 02:01:05
2025-10-17 02:01:07,578 - experiments.framework - INFO - 🕑 Finished: 2025-10-17 02:01:07
2025-10-17 02:01:07,578 - experiments.framework - INFO - Experiment completed successfully: data_validation_20251017_020105
2025-10-17 02:01:07,578 - experiments.framework - INFO - 🧹 Performing comprehensive memory cleanup...
2025-10-17 02:01:07,638 - experiments.framework - INFO - Garbage collection freed 18715 objects
2025-10-17 02:01:07,792 - experiments.framework - INFO - GPU memory cleanup attempted
2025-10-17 02:01:08,794 - experiments.framework - INFO - ✅ Comprehensive memory cleanup completed
2025-10-17 02:01:08,854 - experiments.framework - INFO - Pickle saving disabled to prevent large files - using JSON and CSV instead
2025-10-17 02:01:08,858 - experiments.framework - INFO - Saving 3 plots to /cs/student/msc/aibh/2024/madhavan/sgfa_qmap-pd/results/all_rois-sn_conf-age+sex+tiv_K20_run_20251017_020105/data_validation_20251017_020105/plots
2025-10-17 02:01:09,700 - experiments.framework - INFO -   ✅ Saved plot: data_distribution_comparison
2025-10-17 02:01:10,437 - experiments.framework - INFO -   ✅ Saved plot: data_validation_feature_reduction
2025-10-17 02:01:10,727 - experiments.framework - INFO -   ✅ Saved plot: data_validation_variance_distribution
2025-10-17 02:01:10,727 - experiments.framework - INFO - All plots saved to: /cs/student/msc/aibh/2024/madhavan/sgfa_qmap-pd/results/all_rois-sn_conf-age+sex+tiv_K20_run_20251017_020105/data_validation_20251017_020105/plots
2025-10-17 02:01:10,794 - experiments.framework - INFO - ExperimentFramework initialized with output dir: /cs/student/msc/aibh/2024/madhavan/sgfa_qmap-pd/results/all_rois-sn_conf-age+sex+tiv_K20_run_20251017_020105
2025-10-17 02:01:10,794 - experiments.framework - INFO - ExperimentFramework initialized with output dir: /cs/student/msc/aibh/2024/madhavan/sgfa_qmap-pd/results/all_rois-sn_conf-age+sex+tiv_K20_run_20251017_020105
2025-10-17 02:01:10,803 - experiments.framework - INFO - Starting experiment: robustness_tests_20251017_020110
2025-10-17 02:01:10,803 - experiments.framework - INFO - Starting experiment: robustness_tests_20251017_020110
2025-10-17 02:09:45,155 - experiments.framework - INFO - 🏁 EXPERIMENT COMPLETED: robustness_tests_20251017_020110
2025-10-17 02:09:45,155 - experiments.framework - INFO - 🏁 EXPERIMENT COMPLETED: robustness_tests_20251017_020110
2025-10-17 02:09:45,155 - experiments.framework - INFO - ⏱️  TOTAL RUNTIME: 8.6 minutes (514s)
2025-10-17 02:09:45,155 - experiments.framework - INFO - ⏱️  TOTAL RUNTIME: 8.6 minutes (514s)
2025-10-17 02:09:45,155 - experiments.framework - INFO - 🕐 Started: 2025-10-17 02:01:10
2025-10-17 02:09:45,155 - experiments.framework - INFO - 🕐 Started: 2025-10-17 02:01:10
2025-10-17 02:09:45,155 - experiments.framework - INFO - 🕑 Finished: 2025-10-17 02:09:45
2025-10-17 02:09:45,155 - experiments.framework - INFO - 🕑 Finished: 2025-10-17 02:09:45
2025-10-17 02:09:45,156 - experiments.framework - INFO - Experiment completed successfully: robustness_tests_20251017_020110
2025-10-17 02:09:45,156 - experiments.framework - INFO - Experiment completed successfully: robustness_tests_20251017_020110
2025-10-17 02:09:45,156 - experiments.framework - INFO - 🧹 Performing comprehensive memory cleanup...
2025-10-17 02:09:45,156 - experiments.framework - INFO - 🧹 Performing comprehensive memory cleanup...
2025-10-17 02:09:45,218 - experiments.framework - INFO - Garbage collection freed 110 objects
2025-10-17 02:09:45,218 - experiments.framework - INFO - Garbage collection freed 110 objects
2025-10-17 02:09:45,410 - experiments.framework - INFO - GPU memory cleanup attempted
2025-10-17 02:09:45,410 - experiments.framework - INFO - GPU memory cleanup attempted
2025-10-17 02:09:46,411 - experiments.framework - INFO - ✅ Comprehensive memory cleanup completed
2025-10-17 02:09:46,411 - experiments.framework - INFO - ✅ Comprehensive memory cleanup completed
2025-10-17 02:09:46,438 - experiments.framework - INFO - Pickle saving disabled to prevent large files - using JSON and CSV instead
2025-10-17 02:09:46,438 - experiments.framework - INFO - Pickle saving disabled to prevent large files - using JSON and CSV instead
2025-10-17 02:09:46,442 - experiments.framework - INFO - Saving 1 plots to /cs/student/msc/aibh/2024/madhavan/sgfa_qmap-pd/results/all_rois-sn_conf-age+sex+tiv_K20_run_20251017_020105/robustness_tests_K20_percW33_slab4_2_20251017_020110/plots
2025-10-17 02:09:46,442 - experiments.framework - INFO - Saving 1 plots to /cs/student/msc/aibh/2024/madhavan/sgfa_qmap-pd/results/all_rois-sn_conf-age+sex+tiv_K20_run_20251017_020105/robustness_tests_K20_percW33_slab4_2_20251017_020110/plots
2025-10-17 02:09:46,825 - experiments.framework - INFO -   ✅ Saved plot: robustness_summary
2025-10-17 02:09:46,825 - experiments.framework - INFO -   ✅ Saved plot: robustness_summary
2025-10-17 02:09:46,825 - experiments.framework - INFO - All plots saved to: /cs/student/msc/aibh/2024/madhavan/sgfa_qmap-pd/results/all_rois-sn_conf-age+sex+tiv_K20_run_20251017_020105/robustness_tests_K20_percW33_slab4_2_20251017_020110/plots
2025-10-17 02:09:46,825 - experiments.framework - INFO - All plots saved to: /cs/student/msc/aibh/2024/madhavan/sgfa_qmap-pd/results/all_rois-sn_conf-age+sex+tiv_K20_run_20251017_020105/robustness_tests_K20_percW33_slab4_2_20251017_020110/plots
