2025-10-18 13:15:15,567 - experiments.framework - INFO - ExperimentFramework initialized with output dir: /cs/student/msc/aibh/2024/madhavan/sgfa_qmap-pd/results/all_rois-sn_conf-age+sex+tiv_K50_percW33_MAD3.0_run_20251018_131515
2025-10-18 13:15:15,582 - experiments.framework - INFO - Starting experiment: data_validation_20251018_131515
2025-10-18 13:15:24,931 - experiments.framework - INFO - 🏁 EXPERIMENT COMPLETED: data_validation_20251018_131515
2025-10-18 13:15:24,932 - experiments.framework - INFO - ⏱️  TOTAL RUNTIME: 9.4 seconds
2025-10-18 13:15:24,932 - experiments.framework - INFO - 🕐 Started: 2025-10-18 13:15:15
2025-10-18 13:15:24,932 - experiments.framework - INFO - 🕑 Finished: 2025-10-18 13:15:24
2025-10-18 13:15:24,932 - experiments.framework - INFO - Experiment completed successfully: data_validation_20251018_131515
2025-10-18 13:15:24,932 - experiments.framework - INFO - 🧹 Performing comprehensive memory cleanup...
2025-10-18 13:15:25,017 - experiments.framework - INFO - Garbage collection freed 18248 objects
2025-10-18 13:15:25,290 - experiments.framework - INFO - GPU memory cleanup attempted
2025-10-18 13:15:26,291 - experiments.framework - INFO - ✅ Comprehensive memory cleanup completed
2025-10-18 13:15:26,446 - experiments.framework - INFO - Pickle saving disabled to prevent large files - using JSON and CSV instead
2025-10-18 13:15:26,456 - experiments.framework - INFO - Saving 3 plots to /cs/student/msc/aibh/2024/madhavan/sgfa_qmap-pd/results/all_rois-sn_conf-age+sex+tiv_K50_percW33_MAD3.0_run_20251018_131515/data_validation_20251018_131515/plots
2025-10-18 13:15:28,449 - experiments.framework - INFO -   ✅ Saved plot: data_distribution_comparison
2025-10-18 13:15:30,378 - experiments.framework - INFO -   ✅ Saved plot: data_validation_feature_reduction
2025-10-18 13:15:31,224 - experiments.framework - INFO -   ✅ Saved plot: data_validation_variance_distribution
2025-10-18 13:15:31,225 - experiments.framework - INFO - All plots saved to: /cs/student/msc/aibh/2024/madhavan/sgfa_qmap-pd/results/all_rois-sn_conf-age+sex+tiv_K50_percW33_MAD3.0_run_20251018_131515/data_validation_20251018_131515/plots
2025-10-18 13:15:31,327 - experiments.framework - INFO - ExperimentFramework initialized with output dir: /cs/student/msc/aibh/2024/madhavan/sgfa_qmap-pd/results/all_rois-sn_conf-age+sex+tiv_K50_percW33_MAD3.0_run_20251018_131515
2025-10-18 13:15:31,327 - experiments.framework - INFO - ExperimentFramework initialized with output dir: /cs/student/msc/aibh/2024/madhavan/sgfa_qmap-pd/results/all_rois-sn_conf-age+sex+tiv_K50_percW33_MAD3.0_run_20251018_131515
2025-10-18 13:15:31,338 - experiments.framework - INFO - Starting experiment: robustness_tests_20251018_131531
2025-10-18 13:15:31,338 - experiments.framework - INFO - Starting experiment: robustness_tests_20251018_131531
2025-10-18 14:24:36,289 - experiments.framework - INFO - 🏁 EXPERIMENT COMPLETED: robustness_tests_20251018_131531
2025-10-18 14:24:36,289 - experiments.framework - INFO - 🏁 EXPERIMENT COMPLETED: robustness_tests_20251018_131531
2025-10-18 14:24:36,290 - experiments.framework - INFO - ⏱️  TOTAL RUNTIME: 1.2 hours (9m 5s)
2025-10-18 14:24:36,290 - experiments.framework - INFO - ⏱️  TOTAL RUNTIME: 1.2 hours (9m 5s)
2025-10-18 14:24:36,290 - experiments.framework - INFO - 🕐 Started: 2025-10-18 13:15:31
2025-10-18 14:24:36,290 - experiments.framework - INFO - 🕐 Started: 2025-10-18 13:15:31
2025-10-18 14:24:36,290 - experiments.framework - INFO - 🕑 Finished: 2025-10-18 14:24:36
2025-10-18 14:24:36,290 - experiments.framework - INFO - 🕑 Finished: 2025-10-18 14:24:36
2025-10-18 14:24:36,290 - experiments.framework - INFO - Experiment completed successfully: robustness_tests_20251018_131531
2025-10-18 14:24:36,290 - experiments.framework - INFO - Experiment completed successfully: robustness_tests_20251018_131531
2025-10-18 14:24:36,290 - experiments.framework - INFO - 🧹 Performing comprehensive memory cleanup...
2025-10-18 14:24:36,290 - experiments.framework - INFO - 🧹 Performing comprehensive memory cleanup...
2025-10-18 14:24:36,376 - experiments.framework - INFO - Garbage collection freed 0 objects
2025-10-18 14:24:36,376 - experiments.framework - INFO - Garbage collection freed 0 objects
2025-10-18 14:24:36,694 - experiments.framework - INFO - GPU memory cleanup attempted
2025-10-18 14:24:36,694 - experiments.framework - INFO - GPU memory cleanup attempted
2025-10-18 14:24:37,695 - experiments.framework - INFO - ✅ Comprehensive memory cleanup completed
2025-10-18 14:24:37,695 - experiments.framework - INFO - ✅ Comprehensive memory cleanup completed
2025-10-18 14:24:37,765 - experiments.framework - INFO - Pickle saving disabled to prevent large files - using JSON and CSV instead
2025-10-18 14:24:37,765 - experiments.framework - INFO - Pickle saving disabled to prevent large files - using JSON and CSV instead
2025-10-18 14:24:37,774 - experiments.framework - INFO - Saving 1 plots to /cs/student/msc/aibh/2024/madhavan/sgfa_qmap-pd/results/all_rois-sn_conf-age+sex+tiv_K50_percW33_MAD3.0_run_20251018_131515/robustness_tests_K50_percW33_slab4_2_MAD3.0_20251018_131531/plots
2025-10-18 14:24:37,774 - experiments.framework - INFO - Saving 1 plots to /cs/student/msc/aibh/2024/madhavan/sgfa_qmap-pd/results/all_rois-sn_conf-age+sex+tiv_K50_percW33_MAD3.0_run_20251018_131515/robustness_tests_K50_percW33_slab4_2_MAD3.0_20251018_131531/plots
2025-10-18 14:24:38,753 - experiments.framework - INFO -   ✅ Saved plot: robustness_summary
2025-10-18 14:24:38,753 - experiments.framework - INFO -   ✅ Saved plot: robustness_summary
2025-10-18 14:24:38,753 - experiments.framework - INFO - All plots saved to: /cs/student/msc/aibh/2024/madhavan/sgfa_qmap-pd/results/all_rois-sn_conf-age+sex+tiv_K50_percW33_MAD3.0_run_20251018_131515/robustness_tests_K50_percW33_slab4_2_MAD3.0_20251018_131531/plots
2025-10-18 14:24:38,753 - experiments.framework - INFO - All plots saved to: /cs/student/msc/aibh/2024/madhavan/sgfa_qmap-pd/results/all_rois-sn_conf-age+sex+tiv_K50_percW33_MAD3.0_run_20251018_131515/robustness_tests_K50_percW33_slab4_2_MAD3.0_20251018_131531/plots
