2025-10-21 13:28:10,239 - experiments.framework - INFO - ExperimentFramework initialized with output dir: /cs/student/msc/aibh/2024/madhavan/sgfa_qmap-pd/results/all_rois-sn_conf-age+sex+tiv_K2_percW33_MAD100.0_run_20251021_132810
2025-10-21 13:28:10,244 - experiments.framework - INFO - Starting experiment: data_validation_20251021_132810
2025-10-21 13:28:36,204 - experiments.framework - INFO - 🏁 EXPERIMENT COMPLETED: data_validation_20251021_132810
2025-10-21 13:28:36,204 - experiments.framework - INFO - ⏱️  TOTAL RUNTIME: 26.0 seconds
2025-10-21 13:28:36,204 - experiments.framework - INFO - 🕐 Started: 2025-10-21 13:28:10
2025-10-21 13:28:36,204 - experiments.framework - INFO - 🕑 Finished: 2025-10-21 13:28:36
2025-10-21 13:28:36,204 - experiments.framework - INFO - Experiment completed successfully: data_validation_20251021_132810
2025-10-21 13:28:36,204 - experiments.framework - INFO - 🧹 Performing comprehensive memory cleanup...
2025-10-21 13:28:36,302 - experiments.framework - INFO - Garbage collection freed 0 objects
2025-10-21 13:28:36,606 - experiments.framework - INFO - GPU memory cleanup attempted
2025-10-21 13:28:37,607 - experiments.framework - INFO - ✅ Comprehensive memory cleanup completed
2025-10-21 13:28:37,816 - experiments.framework - INFO - Pickle saving disabled to prevent large files - using JSON and CSV instead
2025-10-21 13:28:37,820 - experiments.framework - INFO - Saving 5 plots to /cs/student/msc/aibh/2024/madhavan/sgfa_qmap-pd/results/all_rois-sn_conf-age+sex+tiv_K2_percW33_MAD100.0_run_20251021_132810/data_validation_tree10_20251021_132810/plots
2025-10-21 13:28:39,744 - experiments.framework - INFO -   ✅ Saved plot: data_distribution_comparison
2025-10-21 13:28:41,652 - experiments.framework - INFO -   ✅ Saved plot: data_validation_inter_vs_intra_correlation
2025-10-21 13:28:45,836 - experiments.framework - INFO -   ✅ Saved plot: data_validation_block_covariance_matrix
2025-10-21 13:28:47,748 - experiments.framework - INFO -   ✅ Saved plot: data_validation_feature_reduction
2025-10-21 13:28:48,506 - experiments.framework - INFO -   ✅ Saved plot: data_validation_variance_distribution
2025-10-21 13:28:48,506 - experiments.framework - INFO - All plots saved to: /cs/student/msc/aibh/2024/madhavan/sgfa_qmap-pd/results/all_rois-sn_conf-age+sex+tiv_K2_percW33_MAD100.0_run_20251021_132810/data_validation_tree10_20251021_132810/plots
2025-10-21 13:28:48,602 - experiments.framework - INFO - ExperimentFramework initialized with output dir: /cs/student/msc/aibh/2024/madhavan/sgfa_qmap-pd/results/all_rois-sn_conf-age+sex+tiv_K2_percW33_MAD100.0_run_20251021_132810
2025-10-21 13:28:48,602 - experiments.framework - INFO - ExperimentFramework initialized with output dir: /cs/student/msc/aibh/2024/madhavan/sgfa_qmap-pd/results/all_rois-sn_conf-age+sex+tiv_K2_percW33_MAD100.0_run_20251021_132810
2025-10-21 13:28:48,609 - experiments.framework - INFO - Starting experiment: robustness_tests_20251021_132848
2025-10-21 13:28:48,609 - experiments.framework - INFO - Starting experiment: robustness_tests_20251021_132848
2025-10-21 13:31:20,231 - experiments.framework - INFO - 🏁 EXPERIMENT COMPLETED: robustness_tests_20251021_132848
2025-10-21 13:31:20,231 - experiments.framework - INFO - 🏁 EXPERIMENT COMPLETED: robustness_tests_20251021_132848
2025-10-21 13:31:20,232 - experiments.framework - INFO - ⏱️  TOTAL RUNTIME: 2.5 minutes (152s)
2025-10-21 13:31:20,232 - experiments.framework - INFO - ⏱️  TOTAL RUNTIME: 2.5 minutes (152s)
2025-10-21 13:31:20,232 - experiments.framework - INFO - 🕐 Started: 2025-10-21 13:28:48
2025-10-21 13:31:20,232 - experiments.framework - INFO - 🕐 Started: 2025-10-21 13:28:48
2025-10-21 13:31:20,232 - experiments.framework - INFO - 🕑 Finished: 2025-10-21 13:31:20
2025-10-21 13:31:20,232 - experiments.framework - INFO - 🕑 Finished: 2025-10-21 13:31:20
2025-10-21 13:31:20,232 - experiments.framework - INFO - Experiment completed successfully: robustness_tests_20251021_132848
2025-10-21 13:31:20,232 - experiments.framework - INFO - Experiment completed successfully: robustness_tests_20251021_132848
2025-10-21 13:31:20,232 - experiments.framework - INFO - 🧹 Performing comprehensive memory cleanup...
2025-10-21 13:31:20,232 - experiments.framework - INFO - 🧹 Performing comprehensive memory cleanup...
2025-10-21 13:31:20,329 - experiments.framework - INFO - Garbage collection freed 33 objects
2025-10-21 13:31:20,329 - experiments.framework - INFO - Garbage collection freed 33 objects
2025-10-21 13:31:20,656 - experiments.framework - INFO - GPU memory cleanup attempted
2025-10-21 13:31:20,656 - experiments.framework - INFO - GPU memory cleanup attempted
2025-10-21 13:31:21,657 - experiments.framework - INFO - ✅ Comprehensive memory cleanup completed
2025-10-21 13:31:21,657 - experiments.framework - INFO - ✅ Comprehensive memory cleanup completed
2025-10-21 13:31:21,722 - experiments.framework - INFO - Pickle saving disabled to prevent large files - using JSON and CSV instead
2025-10-21 13:31:21,722 - experiments.framework - INFO - Pickle saving disabled to prevent large files - using JSON and CSV instead
2025-10-21 13:31:21,728 - experiments.framework - INFO - Saving 1 plots to /cs/student/msc/aibh/2024/madhavan/sgfa_qmap-pd/results/all_rois-sn_conf-age+sex+tiv_K2_percW33_MAD100.0_run_20251021_132810/robustness_tests_fixed_K2_percW33_slab4_2_MAD100.0_tree10_20251021_132848/plots
2025-10-21 13:31:21,728 - experiments.framework - INFO - Saving 1 plots to /cs/student/msc/aibh/2024/madhavan/sgfa_qmap-pd/results/all_rois-sn_conf-age+sex+tiv_K2_percW33_MAD100.0_run_20251021_132810/robustness_tests_fixed_K2_percW33_slab4_2_MAD100.0_tree10_20251021_132848/plots
2025-10-21 13:31:22,640 - experiments.framework - INFO -   ✅ Saved plot: robustness_summary
2025-10-21 13:31:22,640 - experiments.framework - INFO -   ✅ Saved plot: robustness_summary
2025-10-21 13:31:22,640 - experiments.framework - INFO - All plots saved to: /cs/student/msc/aibh/2024/madhavan/sgfa_qmap-pd/results/all_rois-sn_conf-age+sex+tiv_K2_percW33_MAD100.0_run_20251021_132810/robustness_tests_fixed_K2_percW33_slab4_2_MAD100.0_tree10_20251021_132848/plots
2025-10-21 13:31:22,640 - experiments.framework - INFO - All plots saved to: /cs/student/msc/aibh/2024/madhavan/sgfa_qmap-pd/results/all_rois-sn_conf-age+sex+tiv_K2_percW33_MAD100.0_run_20251021_132810/robustness_tests_fixed_K2_percW33_slab4_2_MAD100.0_tree10_20251021_132848/plots
