2025-10-19 21:00:30,350 - experiments.framework - INFO - ExperimentFramework initialized with output dir: /cs/student/msc/aibh/2024/madhavan/sgfa_qmap-pd/results/all_rois-sn_run_20251019_210030
2025-10-19 21:00:30,361 - experiments.framework - INFO - Starting experiment: data_validation_20251019_210030
2025-10-19 21:00:30,856 - experiments.framework - INFO - 🏁 EXPERIMENT COMPLETED: data_validation_20251019_210030
2025-10-19 21:00:30,856 - experiments.framework - INFO - ⏱️  TOTAL RUNTIME: 0.5 seconds
2025-10-19 21:00:30,856 - experiments.framework - INFO - 🕐 Started: 2025-10-19 21:00:30
2025-10-19 21:00:30,856 - experiments.framework - INFO - 🕑 Finished: 2025-10-19 21:00:30
2025-10-19 21:00:30,856 - experiments.framework - INFO - Experiment completed successfully: data_validation_20251019_210030
2025-10-19 21:00:30,856 - experiments.framework - INFO - 🧹 Performing comprehensive memory cleanup...
2025-10-19 21:00:30,918 - experiments.framework - INFO - Garbage collection freed 0 objects
2025-10-19 21:00:31,130 - experiments.framework - INFO - GPU memory cleanup attempted
2025-10-19 21:00:32,131 - experiments.framework - INFO - ✅ Comprehensive memory cleanup completed
2025-10-19 21:00:32,135 - experiments.framework - INFO - Pickle saving disabled to prevent large files - using JSON and CSV instead
2025-10-19 21:00:32,644 - experiments.framework - INFO - ExperimentFramework initialized with output dir: /cs/student/msc/aibh/2024/madhavan/sgfa_qmap-pd/results/all_rois-sn_run_20251019_210030
2025-10-19 21:00:32,644 - experiments.framework - INFO - ExperimentFramework initialized with output dir: /cs/student/msc/aibh/2024/madhavan/sgfa_qmap-pd/results/all_rois-sn_run_20251019_210030
2025-10-19 21:00:32,652 - experiments.framework - INFO - Starting experiment: robustness_tests_20251019_210032
2025-10-19 21:00:32,652 - experiments.framework - INFO - Starting experiment: robustness_tests_20251019_210032
2025-10-19 21:01:49,183 - experiments.framework - INFO - 🏁 EXPERIMENT COMPLETED: robustness_tests_20251019_210032
2025-10-19 21:01:49,183 - experiments.framework - INFO - 🏁 EXPERIMENT COMPLETED: robustness_tests_20251019_210032
2025-10-19 21:01:49,183 - experiments.framework - INFO - ⏱️  TOTAL RUNTIME: 1.3 minutes (77s)
2025-10-19 21:01:49,183 - experiments.framework - INFO - ⏱️  TOTAL RUNTIME: 1.3 minutes (77s)
2025-10-19 21:01:49,183 - experiments.framework - INFO - 🕐 Started: 2025-10-19 21:00:32
2025-10-19 21:01:49,183 - experiments.framework - INFO - 🕐 Started: 2025-10-19 21:00:32
2025-10-19 21:01:49,184 - experiments.framework - INFO - 🕑 Finished: 2025-10-19 21:01:49
2025-10-19 21:01:49,184 - experiments.framework - INFO - 🕑 Finished: 2025-10-19 21:01:49
2025-10-19 21:01:49,184 - experiments.framework - INFO - Experiment completed successfully: robustness_tests_20251019_210032
2025-10-19 21:01:49,184 - experiments.framework - INFO - Experiment completed successfully: robustness_tests_20251019_210032
2025-10-19 21:01:49,184 - experiments.framework - INFO - 🧹 Performing comprehensive memory cleanup...
2025-10-19 21:01:49,184 - experiments.framework - INFO - 🧹 Performing comprehensive memory cleanup...
2025-10-19 21:01:49,261 - experiments.framework - INFO - Garbage collection freed 13 objects
2025-10-19 21:01:49,261 - experiments.framework - INFO - Garbage collection freed 13 objects
2025-10-19 21:01:49,525 - experiments.framework - INFO - GPU memory cleanup attempted
2025-10-19 21:01:49,525 - experiments.framework - INFO - GPU memory cleanup attempted
2025-10-19 21:01:50,527 - experiments.framework - INFO - ✅ Comprehensive memory cleanup completed
2025-10-19 21:01:50,527 - experiments.framework - INFO - ✅ Comprehensive memory cleanup completed
2025-10-19 21:01:50,591 - experiments.framework - INFO - Pickle saving disabled to prevent large files - using JSON and CSV instead
2025-10-19 21:01:50,591 - experiments.framework - INFO - Pickle saving disabled to prevent large files - using JSON and CSV instead
2025-10-19 21:01:50,598 - experiments.framework - INFO - Saving 1 plots to /cs/student/msc/aibh/2024/madhavan/sgfa_qmap-pd/results/all_rois-sn_run_20251019_210030/robustness_tests_K2_percW33_slab4_2_20251019_210032/plots
2025-10-19 21:01:50,598 - experiments.framework - INFO - Saving 1 plots to /cs/student/msc/aibh/2024/madhavan/sgfa_qmap-pd/results/all_rois-sn_run_20251019_210030/robustness_tests_K2_percW33_slab4_2_20251019_210032/plots
2025-10-19 21:01:51,457 - experiments.framework - INFO -   ✅ Saved plot: robustness_summary
2025-10-19 21:01:51,457 - experiments.framework - INFO -   ✅ Saved plot: robustness_summary
2025-10-19 21:01:51,458 - experiments.framework - INFO - All plots saved to: /cs/student/msc/aibh/2024/madhavan/sgfa_qmap-pd/results/all_rois-sn_run_20251019_210030/robustness_tests_K2_percW33_slab4_2_20251019_210032/plots
2025-10-19 21:01:51,458 - experiments.framework - INFO - All plots saved to: /cs/student/msc/aibh/2024/madhavan/sgfa_qmap-pd/results/all_rois-sn_run_20251019_210030/robustness_tests_K2_percW33_slab4_2_20251019_210032/plots
