2025-10-18 14:29:06,699 - experiments.framework - INFO - ExperimentFramework initialized with output dir: /cs/student/msc/aibh/2024/madhavan/sgfa_qmap-pd/results/all_rois-sn_conf-age+sex+tiv_K50_percW20_MAD3.0_run_20251018_142906
2025-10-18 14:29:06,713 - experiments.framework - INFO - Starting experiment: data_validation_20251018_142906
2025-10-18 14:29:11,796 - experiments.framework - INFO - 🏁 EXPERIMENT COMPLETED: data_validation_20251018_142906
2025-10-18 14:29:11,797 - experiments.framework - INFO - ⏱️  TOTAL RUNTIME: 5.1 seconds
2025-10-18 14:29:11,797 - experiments.framework - INFO - 🕐 Started: 2025-10-18 14:29:06
2025-10-18 14:29:11,797 - experiments.framework - INFO - 🕑 Finished: 2025-10-18 14:29:11
2025-10-18 14:29:11,797 - experiments.framework - INFO - Experiment completed successfully: data_validation_20251018_142906
2025-10-18 14:29:11,797 - experiments.framework - INFO - 🧹 Performing comprehensive memory cleanup...
2025-10-18 14:29:11,832 - experiments.framework - INFO - Garbage collection freed 18248 objects
2025-10-18 14:29:11,943 - experiments.framework - INFO - GPU memory cleanup attempted
2025-10-18 14:29:12,944 - experiments.framework - INFO - ✅ Comprehensive memory cleanup completed
2025-10-18 14:29:13,011 - experiments.framework - INFO - Pickle saving disabled to prevent large files - using JSON and CSV instead
2025-10-18 14:29:13,017 - experiments.framework - INFO - Saving 3 plots to /cs/student/msc/aibh/2024/madhavan/sgfa_qmap-pd/results/all_rois-sn_conf-age+sex+tiv_K50_percW20_MAD3.0_run_20251018_142906/data_validation_tree10_20251018_142906/plots
2025-10-18 14:29:13,987 - experiments.framework - INFO -   ✅ Saved plot: data_distribution_comparison
2025-10-18 14:29:14,948 - experiments.framework - INFO -   ✅ Saved plot: data_validation_feature_reduction
2025-10-18 14:29:15,321 - experiments.framework - INFO -   ✅ Saved plot: data_validation_variance_distribution
2025-10-18 14:29:15,321 - experiments.framework - INFO - All plots saved to: /cs/student/msc/aibh/2024/madhavan/sgfa_qmap-pd/results/all_rois-sn_conf-age+sex+tiv_K50_percW20_MAD3.0_run_20251018_142906/data_validation_tree10_20251018_142906/plots
2025-10-18 14:29:15,361 - experiments.framework - INFO - ExperimentFramework initialized with output dir: /cs/student/msc/aibh/2024/madhavan/sgfa_qmap-pd/results/all_rois-sn_conf-age+sex+tiv_K50_percW20_MAD3.0_run_20251018_142906
2025-10-18 14:29:15,361 - experiments.framework - INFO - ExperimentFramework initialized with output dir: /cs/student/msc/aibh/2024/madhavan/sgfa_qmap-pd/results/all_rois-sn_conf-age+sex+tiv_K50_percW20_MAD3.0_run_20251018_142906
2025-10-18 14:29:15,367 - experiments.framework - INFO - Starting experiment: robustness_tests_20251018_142915
2025-10-18 14:29:15,367 - experiments.framework - INFO - Starting experiment: robustness_tests_20251018_142915
2025-10-18 14:38:35,269 - experiments.framework - INFO - 🏁 EXPERIMENT COMPLETED: robustness_tests_20251018_142915
2025-10-18 14:38:35,269 - experiments.framework - INFO - 🏁 EXPERIMENT COMPLETED: robustness_tests_20251018_142915
2025-10-18 14:38:35,269 - experiments.framework - INFO - ⏱️  TOTAL RUNTIME: 9.3 minutes (560s)
2025-10-18 14:38:35,269 - experiments.framework - INFO - ⏱️  TOTAL RUNTIME: 9.3 minutes (560s)
2025-10-18 14:38:35,269 - experiments.framework - INFO - 🕐 Started: 2025-10-18 14:29:15
2025-10-18 14:38:35,269 - experiments.framework - INFO - 🕐 Started: 2025-10-18 14:29:15
2025-10-18 14:38:35,269 - experiments.framework - INFO - 🕑 Finished: 2025-10-18 14:38:35
2025-10-18 14:38:35,269 - experiments.framework - INFO - 🕑 Finished: 2025-10-18 14:38:35
2025-10-18 14:38:35,269 - experiments.framework - INFO - Experiment completed successfully: robustness_tests_20251018_142915
2025-10-18 14:38:35,269 - experiments.framework - INFO - Experiment completed successfully: robustness_tests_20251018_142915
2025-10-18 14:38:35,269 - experiments.framework - INFO - 🧹 Performing comprehensive memory cleanup...
2025-10-18 14:38:35,269 - experiments.framework - INFO - 🧹 Performing comprehensive memory cleanup...
2025-10-18 14:38:35,305 - experiments.framework - INFO - Garbage collection freed 3 objects
2025-10-18 14:38:35,305 - experiments.framework - INFO - Garbage collection freed 3 objects
2025-10-18 14:38:35,431 - experiments.framework - INFO - GPU memory cleanup attempted
2025-10-18 14:38:35,431 - experiments.framework - INFO - GPU memory cleanup attempted
2025-10-18 14:38:36,432 - experiments.framework - INFO - ✅ Comprehensive memory cleanup completed
2025-10-18 14:38:36,432 - experiments.framework - INFO - ✅ Comprehensive memory cleanup completed
2025-10-18 14:38:36,465 - experiments.framework - INFO - Pickle saving disabled to prevent large files - using JSON and CSV instead
2025-10-18 14:38:36,465 - experiments.framework - INFO - Pickle saving disabled to prevent large files - using JSON and CSV instead
2025-10-18 14:38:36,471 - experiments.framework - INFO - Saving 1 plots to /cs/student/msc/aibh/2024/madhavan/sgfa_qmap-pd/results/all_rois-sn_conf-age+sex+tiv_K50_percW20_MAD3.0_run_20251018_142906/robustness_tests_K50_percW20_slab4_2_MAD3.0_tree10_20251018_142915/plots
2025-10-18 14:38:36,471 - experiments.framework - INFO - Saving 1 plots to /cs/student/msc/aibh/2024/madhavan/sgfa_qmap-pd/results/all_rois-sn_conf-age+sex+tiv_K50_percW20_MAD3.0_run_20251018_142906/robustness_tests_K50_percW20_slab4_2_MAD3.0_tree10_20251018_142915/plots
2025-10-18 14:38:36,936 - experiments.framework - INFO -   ✅ Saved plot: robustness_summary
2025-10-18 14:38:36,936 - experiments.framework - INFO -   ✅ Saved plot: robustness_summary
2025-10-18 14:38:36,936 - experiments.framework - INFO - All plots saved to: /cs/student/msc/aibh/2024/madhavan/sgfa_qmap-pd/results/all_rois-sn_conf-age+sex+tiv_K50_percW20_MAD3.0_run_20251018_142906/robustness_tests_K50_percW20_slab4_2_MAD3.0_tree10_20251018_142915/plots
2025-10-18 14:38:36,936 - experiments.framework - INFO - All plots saved to: /cs/student/msc/aibh/2024/madhavan/sgfa_qmap-pd/results/all_rois-sn_conf-age+sex+tiv_K50_percW20_MAD3.0_run_20251018_142906/robustness_tests_K50_percW20_slab4_2_MAD3.0_tree10_20251018_142915/plots
