2025-10-20 00:56:05,889 - experiments.framework - INFO - ExperimentFramework initialized with output dir: /cs/student/msc/aibh/2024/madhavan/sgfa_qmap-pd/results/all_rois-sn_conf-age+sex+tiv_K2_percW33_MAD3.0_run_20251020_005605
2025-10-20 00:56:05,895 - experiments.framework - INFO - Starting experiment: data_validation_20251020_005605
2025-10-20 00:56:06,435 - experiments.framework - INFO - 🏁 EXPERIMENT COMPLETED: data_validation_20251020_005605
2025-10-20 00:56:06,435 - experiments.framework - INFO - ⏱️  TOTAL RUNTIME: 0.5 seconds
2025-10-20 00:56:06,435 - experiments.framework - INFO - 🕐 Started: 2025-10-20 00:56:05
2025-10-20 00:56:06,435 - experiments.framework - INFO - 🕑 Finished: 2025-10-20 00:56:06
2025-10-20 00:56:06,435 - experiments.framework - INFO - Experiment completed successfully: data_validation_20251020_005605
2025-10-20 00:56:06,435 - experiments.framework - INFO - 🧹 Performing comprehensive memory cleanup...
2025-10-20 00:56:06,531 - experiments.framework - INFO - Garbage collection freed 0 objects
2025-10-20 00:56:06,743 - experiments.framework - INFO - GPU memory cleanup attempted
2025-10-20 00:56:07,744 - experiments.framework - INFO - ✅ Comprehensive memory cleanup completed
2025-10-20 00:56:07,747 - experiments.framework - INFO - Pickle saving disabled to prevent large files - using JSON and CSV instead
2025-10-20 00:56:08,366 - experiments.framework - INFO - ExperimentFramework initialized with output dir: /cs/student/msc/aibh/2024/madhavan/sgfa_qmap-pd/results/all_rois-sn_conf-age+sex+tiv_K2_percW33_MAD3.0_run_20251020_005605
2025-10-20 00:56:08,366 - experiments.framework - INFO - ExperimentFramework initialized with output dir: /cs/student/msc/aibh/2024/madhavan/sgfa_qmap-pd/results/all_rois-sn_conf-age+sex+tiv_K2_percW33_MAD3.0_run_20251020_005605
2025-10-20 00:56:08,375 - experiments.framework - INFO - Starting experiment: robustness_tests_20251020_005608
2025-10-20 00:56:08,375 - experiments.framework - INFO - Starting experiment: robustness_tests_20251020_005608
2025-10-20 01:00:33,007 - experiments.framework - INFO - 🧹 Performing comprehensive memory cleanup...
2025-10-20 01:00:33,007 - experiments.framework - INFO - 🧹 Performing comprehensive memory cleanup...
2025-10-20 01:00:33,108 - experiments.framework - INFO - Garbage collection freed 0 objects
2025-10-20 01:00:33,108 - experiments.framework - INFO - Garbage collection freed 0 objects
2025-10-20 01:00:33,465 - experiments.framework - INFO - GPU memory cleanup attempted
2025-10-20 01:00:33,465 - experiments.framework - INFO - GPU memory cleanup attempted
2025-10-20 01:00:34,466 - experiments.framework - INFO - ✅ Comprehensive memory cleanup completed
2025-10-20 01:00:34,466 - experiments.framework - INFO - ✅ Comprehensive memory cleanup completed
