2025-10-21 02:08:06,182 - experiments.framework - INFO - ExperimentFramework initialized with output dir: /cs/student/msc/aibh/2024/madhavan/sgfa_qmap-pd/results/all_rois-sn_conf-age+sex+tiv_K2_percW33_MAD3.0_run_20251021_020806
2025-10-21 02:08:06,186 - experiments.framework - INFO - Starting experiment: data_validation_20251021_020806
2025-10-21 02:08:13,633 - experiments.framework - INFO - 🏁 EXPERIMENT COMPLETED: data_validation_20251021_020806
2025-10-21 02:08:13,633 - experiments.framework - INFO - ⏱️  TOTAL RUNTIME: 7.5 seconds
2025-10-21 02:08:13,633 - experiments.framework - INFO - 🕐 Started: 2025-10-21 02:08:06
2025-10-21 02:08:13,633 - experiments.framework - INFO - 🕑 Finished: 2025-10-21 02:08:13
2025-10-21 02:08:13,633 - experiments.framework - INFO - Experiment completed successfully: data_validation_20251021_020806
2025-10-21 02:08:13,633 - experiments.framework - INFO - 🧹 Performing comprehensive memory cleanup...
2025-10-21 02:08:13,700 - experiments.framework - INFO - Garbage collection freed 0 objects
2025-10-21 02:08:13,888 - experiments.framework - INFO - GPU memory cleanup attempted
2025-10-21 02:08:14,889 - experiments.framework - INFO - ✅ Comprehensive memory cleanup completed
2025-10-21 02:08:14,978 - experiments.framework - INFO - Pickle saving disabled to prevent large files - using JSON and CSV instead
2025-10-21 02:08:14,981 - experiments.framework - INFO - Saving 6 plots to /cs/student/msc/aibh/2024/madhavan/sgfa_qmap-pd/results/all_rois-sn_conf-age+sex+tiv_K2_percW33_MAD3.0_run_20251021_020806/data_validation_tree10_20251021_020806/plots
2025-10-21 02:08:15,697 - experiments.framework - INFO -   ✅ Saved plot: data_distribution_comparison
2025-10-21 02:08:16,402 - experiments.framework - INFO -   ✅ Saved plot: covariance_analysis
2025-10-21 02:08:17,134 - experiments.framework - INFO -   ✅ Saved plot: data_validation_block_covariance_matrix
2025-10-21 02:08:18,904 - experiments.framework - INFO -   ✅ Saved plot: data_validation_inter_vs_intra_correlation
2025-10-21 02:08:19,192 - experiments.framework - INFO -   ✅ Saved plot: data_validation_feature_reduction
2025-10-21 02:08:19,902 - experiments.framework - INFO -   ✅ Saved plot: data_validation_variance_distribution
2025-10-21 02:08:19,903 - experiments.framework - INFO - All plots saved to: /cs/student/msc/aibh/2024/madhavan/sgfa_qmap-pd/results/all_rois-sn_conf-age+sex+tiv_K2_percW33_MAD3.0_run_20251021_020806/data_validation_tree10_20251021_020806/plots
2025-10-21 02:08:19,979 - experiments.framework - INFO - ExperimentFramework initialized with output dir: /cs/student/msc/aibh/2024/madhavan/sgfa_qmap-pd/results/all_rois-sn_conf-age+sex+tiv_K2_percW33_MAD3.0_run_20251021_020806
2025-10-21 02:08:19,979 - experiments.framework - INFO - ExperimentFramework initialized with output dir: /cs/student/msc/aibh/2024/madhavan/sgfa_qmap-pd/results/all_rois-sn_conf-age+sex+tiv_K2_percW33_MAD3.0_run_20251021_020806
2025-10-21 02:08:19,983 - experiments.framework - INFO - Starting experiment: robustness_tests_20251021_020819
2025-10-21 02:08:19,983 - experiments.framework - INFO - Starting experiment: robustness_tests_20251021_020819
2025-10-21 02:16:10,414 - experiments.framework - INFO - 🏁 EXPERIMENT COMPLETED: robustness_tests_20251021_020819
2025-10-21 02:16:10,414 - experiments.framework - INFO - 🏁 EXPERIMENT COMPLETED: robustness_tests_20251021_020819
2025-10-21 02:16:10,414 - experiments.framework - INFO - ⏱️  TOTAL RUNTIME: 7.8 minutes (470s)
2025-10-21 02:16:10,414 - experiments.framework - INFO - ⏱️  TOTAL RUNTIME: 7.8 minutes (470s)
2025-10-21 02:16:10,414 - experiments.framework - INFO - 🕐 Started: 2025-10-21 02:08:19
2025-10-21 02:16:10,414 - experiments.framework - INFO - 🕐 Started: 2025-10-21 02:08:19
2025-10-21 02:16:10,414 - experiments.framework - INFO - 🕑 Finished: 2025-10-21 02:16:10
2025-10-21 02:16:10,414 - experiments.framework - INFO - 🕑 Finished: 2025-10-21 02:16:10
2025-10-21 02:16:10,414 - experiments.framework - INFO - Experiment completed successfully: robustness_tests_20251021_020819
2025-10-21 02:16:10,414 - experiments.framework - INFO - Experiment completed successfully: robustness_tests_20251021_020819
2025-10-21 02:16:10,414 - experiments.framework - INFO - 🧹 Performing comprehensive memory cleanup...
2025-10-21 02:16:10,414 - experiments.framework - INFO - 🧹 Performing comprehensive memory cleanup...
2025-10-21 02:16:10,485 - experiments.framework - INFO - Garbage collection freed 105 objects
2025-10-21 02:16:10,485 - experiments.framework - INFO - Garbage collection freed 105 objects
2025-10-21 02:16:10,695 - experiments.framework - INFO - GPU memory cleanup attempted
2025-10-21 02:16:10,695 - experiments.framework - INFO - GPU memory cleanup attempted
2025-10-21 02:16:11,696 - experiments.framework - INFO - ✅ Comprehensive memory cleanup completed
2025-10-21 02:16:11,696 - experiments.framework - INFO - ✅ Comprehensive memory cleanup completed
2025-10-21 02:16:11,723 - experiments.framework - INFO - Pickle saving disabled to prevent large files - using JSON and CSV instead
2025-10-21 02:16:11,723 - experiments.framework - INFO - Pickle saving disabled to prevent large files - using JSON and CSV instead
2025-10-21 02:16:11,727 - experiments.framework - INFO - Saving 1 plots to /cs/student/msc/aibh/2024/madhavan/sgfa_qmap-pd/results/all_rois-sn_conf-age+sex+tiv_K2_percW33_MAD3.0_run_20251021_020806/robustness_tests_fixed_K2_percW33_slab4_2_MAD3.0_tree10_20251021_020819/plots
2025-10-21 02:16:11,727 - experiments.framework - INFO - Saving 1 plots to /cs/student/msc/aibh/2024/madhavan/sgfa_qmap-pd/results/all_rois-sn_conf-age+sex+tiv_K2_percW33_MAD3.0_run_20251021_020806/robustness_tests_fixed_K2_percW33_slab4_2_MAD3.0_tree10_20251021_020819/plots
2025-10-21 02:16:12,129 - experiments.framework - INFO -   ✅ Saved plot: robustness_summary
2025-10-21 02:16:12,129 - experiments.framework - INFO -   ✅ Saved plot: robustness_summary
2025-10-21 02:16:12,129 - experiments.framework - INFO - All plots saved to: /cs/student/msc/aibh/2024/madhavan/sgfa_qmap-pd/results/all_rois-sn_conf-age+sex+tiv_K2_percW33_MAD3.0_run_20251021_020806/robustness_tests_fixed_K2_percW33_slab4_2_MAD3.0_tree10_20251021_020819/plots
2025-10-21 02:16:12,129 - experiments.framework - INFO - All plots saved to: /cs/student/msc/aibh/2024/madhavan/sgfa_qmap-pd/results/all_rois-sn_conf-age+sex+tiv_K2_percW33_MAD3.0_run_20251021_020806/robustness_tests_fixed_K2_percW33_slab4_2_MAD3.0_tree10_20251021_020819/plots
