2025-10-21 12:36:25,716 - experiments.framework - INFO - ExperimentFramework initialized with output dir: /cs/student/msc/aibh/2024/madhavan/sgfa_qmap-pd/results/all_rois-sn_conf-age+sex+tiv_K2_percW33_MAD3.0_run_20251021_123625
2025-10-21 12:36:25,719 - experiments.framework - INFO - Starting experiment: data_validation_20251021_123625
2025-10-21 12:36:33,454 - experiments.framework - INFO - 🏁 EXPERIMENT COMPLETED: data_validation_20251021_123625
2025-10-21 12:36:33,454 - experiments.framework - INFO - ⏱️  TOTAL RUNTIME: 7.7 seconds
2025-10-21 12:36:33,454 - experiments.framework - INFO - 🕐 Started: 2025-10-21 12:36:25
2025-10-21 12:36:33,454 - experiments.framework - INFO - 🕑 Finished: 2025-10-21 12:36:33
2025-10-21 12:36:33,454 - experiments.framework - INFO - Experiment completed successfully: data_validation_20251021_123625
2025-10-21 12:36:33,454 - experiments.framework - INFO - 🧹 Performing comprehensive memory cleanup...
2025-10-21 12:36:33,524 - experiments.framework - INFO - Garbage collection freed 0 objects
2025-10-21 12:36:33,726 - experiments.framework - INFO - GPU memory cleanup attempted
2025-10-21 12:36:34,728 - experiments.framework - INFO - ✅ Comprehensive memory cleanup completed
2025-10-21 12:36:34,816 - experiments.framework - INFO - Pickle saving disabled to prevent large files - using JSON and CSV instead
2025-10-21 12:36:34,819 - experiments.framework - INFO - Saving 5 plots to /cs/student/msc/aibh/2024/madhavan/sgfa_qmap-pd/results/all_rois-sn_conf-age+sex+tiv_K2_percW33_MAD3.0_run_20251021_123625/data_validation_tree10_20251021_123625/plots
2025-10-21 12:36:35,562 - experiments.framework - INFO -   ✅ Saved plot: data_distribution_comparison
2025-10-21 12:36:36,297 - experiments.framework - INFO -   ✅ Saved plot: data_validation_inter_vs_intra_correlation
2025-10-21 12:36:38,147 - experiments.framework - INFO -   ✅ Saved plot: data_validation_block_covariance_matrix
2025-10-21 12:36:38,901 - experiments.framework - INFO -   ✅ Saved plot: data_validation_feature_reduction
2025-10-21 12:36:39,202 - experiments.framework - INFO -   ✅ Saved plot: data_validation_variance_distribution
2025-10-21 12:36:39,202 - experiments.framework - INFO - All plots saved to: /cs/student/msc/aibh/2024/madhavan/sgfa_qmap-pd/results/all_rois-sn_conf-age+sex+tiv_K2_percW33_MAD3.0_run_20251021_123625/data_validation_tree10_20251021_123625/plots
2025-10-21 12:36:39,279 - experiments.framework - INFO - ExperimentFramework initialized with output dir: /cs/student/msc/aibh/2024/madhavan/sgfa_qmap-pd/results/all_rois-sn_conf-age+sex+tiv_K2_percW33_MAD3.0_run_20251021_123625
2025-10-21 12:36:39,279 - experiments.framework - INFO - ExperimentFramework initialized with output dir: /cs/student/msc/aibh/2024/madhavan/sgfa_qmap-pd/results/all_rois-sn_conf-age+sex+tiv_K2_percW33_MAD3.0_run_20251021_123625
2025-10-21 12:36:39,283 - experiments.framework - INFO - Starting experiment: robustness_tests_20251021_123639
2025-10-21 12:36:39,283 - experiments.framework - INFO - Starting experiment: robustness_tests_20251021_123639
2025-10-21 12:37:24,739 - experiments.framework - INFO - 🏁 EXPERIMENT COMPLETED: robustness_tests_20251021_123639
2025-10-21 12:37:24,739 - experiments.framework - INFO - 🏁 EXPERIMENT COMPLETED: robustness_tests_20251021_123639
2025-10-21 12:37:24,739 - experiments.framework - INFO - ⏱️  TOTAL RUNTIME: 45.5 seconds
2025-10-21 12:37:24,739 - experiments.framework - INFO - ⏱️  TOTAL RUNTIME: 45.5 seconds
2025-10-21 12:37:24,739 - experiments.framework - INFO - 🕐 Started: 2025-10-21 12:36:39
2025-10-21 12:37:24,739 - experiments.framework - INFO - 🕐 Started: 2025-10-21 12:36:39
2025-10-21 12:37:24,739 - experiments.framework - INFO - 🕑 Finished: 2025-10-21 12:37:24
2025-10-21 12:37:24,739 - experiments.framework - INFO - 🕑 Finished: 2025-10-21 12:37:24
2025-10-21 12:37:24,739 - experiments.framework - INFO - Experiment completed successfully: robustness_tests_20251021_123639
2025-10-21 12:37:24,739 - experiments.framework - INFO - Experiment completed successfully: robustness_tests_20251021_123639
2025-10-21 12:37:24,739 - experiments.framework - INFO - 🧹 Performing comprehensive memory cleanup...
2025-10-21 12:37:24,739 - experiments.framework - INFO - 🧹 Performing comprehensive memory cleanup...
2025-10-21 12:37:24,809 - experiments.framework - INFO - Garbage collection freed 68 objects
2025-10-21 12:37:24,809 - experiments.framework - INFO - Garbage collection freed 68 objects
2025-10-21 12:37:25,018 - experiments.framework - INFO - GPU memory cleanup attempted
2025-10-21 12:37:25,018 - experiments.framework - INFO - GPU memory cleanup attempted
2025-10-21 12:37:26,019 - experiments.framework - INFO - ✅ Comprehensive memory cleanup completed
2025-10-21 12:37:26,019 - experiments.framework - INFO - ✅ Comprehensive memory cleanup completed
2025-10-21 12:37:26,046 - experiments.framework - INFO - Pickle saving disabled to prevent large files - using JSON and CSV instead
2025-10-21 12:37:26,046 - experiments.framework - INFO - Pickle saving disabled to prevent large files - using JSON and CSV instead
2025-10-21 12:37:26,049 - experiments.framework - INFO - Saving 1 plots to /cs/student/msc/aibh/2024/madhavan/sgfa_qmap-pd/results/all_rois-sn_conf-age+sex+tiv_K2_percW33_MAD3.0_run_20251021_123625/robustness_tests_fixed_K2_percW33_slab4_2_MAD3.0_tree10_20251021_123639/plots
2025-10-21 12:37:26,049 - experiments.framework - INFO - Saving 1 plots to /cs/student/msc/aibh/2024/madhavan/sgfa_qmap-pd/results/all_rois-sn_conf-age+sex+tiv_K2_percW33_MAD3.0_run_20251021_123625/robustness_tests_fixed_K2_percW33_slab4_2_MAD3.0_tree10_20251021_123639/plots
2025-10-21 12:37:26,389 - experiments.framework - INFO -   ✅ Saved plot: robustness_summary
2025-10-21 12:37:26,389 - experiments.framework - INFO -   ✅ Saved plot: robustness_summary
2025-10-21 12:37:26,389 - experiments.framework - INFO - All plots saved to: /cs/student/msc/aibh/2024/madhavan/sgfa_qmap-pd/results/all_rois-sn_conf-age+sex+tiv_K2_percW33_MAD3.0_run_20251021_123625/robustness_tests_fixed_K2_percW33_slab4_2_MAD3.0_tree10_20251021_123639/plots
2025-10-21 12:37:26,389 - experiments.framework - INFO - All plots saved to: /cs/student/msc/aibh/2024/madhavan/sgfa_qmap-pd/results/all_rois-sn_conf-age+sex+tiv_K2_percW33_MAD3.0_run_20251021_123625/robustness_tests_fixed_K2_percW33_slab4_2_MAD3.0_tree10_20251021_123639/plots
