2025-10-16 13:21:39,876 - experiments.framework - INFO - ExperimentFramework initialized with output dir: /cs/student/msc/aibh/2024/madhavan/sgfa_qmap-pd/results/all_rois-sn_conf-age+sex+tiv_run_20251016_132139
2025-10-16 13:21:39,880 - experiments.framework - INFO - Starting experiment: data_validation_20251016_132139
2025-10-16 13:21:42,369 - experiments.framework - INFO - 🏁 EXPERIMENT COMPLETED: data_validation_20251016_132139
2025-10-16 13:21:42,369 - experiments.framework - INFO - ⏱️  TOTAL RUNTIME: 2.5 seconds
2025-10-16 13:21:42,369 - experiments.framework - INFO - 🕐 Started: 2025-10-16 13:21:39
2025-10-16 13:21:42,369 - experiments.framework - INFO - 🕑 Finished: 2025-10-16 13:21:42
2025-10-16 13:21:42,369 - experiments.framework - INFO - Experiment completed successfully: data_validation_20251016_132139
2025-10-16 13:21:42,369 - experiments.framework - INFO - 🧹 Performing comprehensive memory cleanup...
2025-10-16 13:21:42,402 - experiments.framework - INFO - Garbage collection freed 18705 objects
2025-10-16 13:21:42,507 - experiments.framework - INFO - GPU memory cleanup attempted
2025-10-16 13:21:43,508 - experiments.framework - INFO - ✅ Comprehensive memory cleanup completed
2025-10-16 13:21:43,571 - experiments.framework - INFO - Pickle saving disabled to prevent large files - using JSON and CSV instead
2025-10-16 13:21:43,574 - experiments.framework - INFO - Saving 3 plots to /cs/student/msc/aibh/2024/madhavan/sgfa_qmap-pd/results/all_rois-sn_conf-age+sex+tiv_run_20251016_132139/data_validation_20251016_132139/plots
2025-10-16 13:21:44,655 - experiments.framework - INFO -   ✅ Saved plot: data_distribution_comparison
2025-10-16 13:21:45,657 - experiments.framework - INFO -   ✅ Saved plot: data_validation_feature_reduction
2025-10-16 13:21:46,024 - experiments.framework - INFO -   ✅ Saved plot: data_validation_variance_distribution
2025-10-16 13:21:46,024 - experiments.framework - INFO - All plots saved to: /cs/student/msc/aibh/2024/madhavan/sgfa_qmap-pd/results/all_rois-sn_conf-age+sex+tiv_run_20251016_132139/data_validation_20251016_132139/plots
2025-10-16 13:21:46,063 - experiments.framework - INFO - ExperimentFramework initialized with output dir: /cs/student/msc/aibh/2024/madhavan/sgfa_qmap-pd/results/all_rois-sn_conf-age+sex+tiv_run_20251016_132139
2025-10-16 13:21:46,063 - experiments.framework - INFO - ExperimentFramework initialized with output dir: /cs/student/msc/aibh/2024/madhavan/sgfa_qmap-pd/results/all_rois-sn_conf-age+sex+tiv_run_20251016_132139
2025-10-16 13:21:46,068 - experiments.framework - INFO - Starting experiment: robustness_tests_20251016_132146
2025-10-16 13:21:46,068 - experiments.framework - INFO - Starting experiment: robustness_tests_20251016_132146
2025-10-16 13:32:31,783 - experiments.framework - INFO - 🏁 EXPERIMENT COMPLETED: robustness_tests_20251016_132146
2025-10-16 13:32:31,783 - experiments.framework - INFO - 🏁 EXPERIMENT COMPLETED: robustness_tests_20251016_132146
2025-10-16 13:32:31,784 - experiments.framework - INFO - ⏱️  TOTAL RUNTIME: 10.8 minutes (646s)
2025-10-16 13:32:31,784 - experiments.framework - INFO - ⏱️  TOTAL RUNTIME: 10.8 minutes (646s)
2025-10-16 13:32:31,784 - experiments.framework - INFO - 🕐 Started: 2025-10-16 13:21:46
2025-10-16 13:32:31,784 - experiments.framework - INFO - 🕐 Started: 2025-10-16 13:21:46
2025-10-16 13:32:31,784 - experiments.framework - INFO - 🕑 Finished: 2025-10-16 13:32:31
2025-10-16 13:32:31,784 - experiments.framework - INFO - 🕑 Finished: 2025-10-16 13:32:31
2025-10-16 13:32:31,784 - experiments.framework - INFO - Experiment completed successfully: robustness_tests_20251016_132146
2025-10-16 13:32:31,784 - experiments.framework - INFO - Experiment completed successfully: robustness_tests_20251016_132146
2025-10-16 13:32:31,784 - experiments.framework - INFO - 🧹 Performing comprehensive memory cleanup...
2025-10-16 13:32:31,784 - experiments.framework - INFO - 🧹 Performing comprehensive memory cleanup...
2025-10-16 13:32:31,850 - experiments.framework - INFO - Garbage collection freed 190 objects
2025-10-16 13:32:31,850 - experiments.framework - INFO - Garbage collection freed 190 objects
2025-10-16 13:32:32,101 - experiments.framework - INFO - GPU memory cleanup attempted
2025-10-16 13:32:32,101 - experiments.framework - INFO - GPU memory cleanup attempted
2025-10-16 13:32:33,102 - experiments.framework - INFO - ✅ Comprehensive memory cleanup completed
2025-10-16 13:32:33,102 - experiments.framework - INFO - ✅ Comprehensive memory cleanup completed
2025-10-16 13:32:33,134 - experiments.framework - INFO - Pickle saving disabled to prevent large files - using JSON and CSV instead
2025-10-16 13:32:33,134 - experiments.framework - INFO - Pickle saving disabled to prevent large files - using JSON and CSV instead
2025-10-16 13:32:33,137 - experiments.framework - INFO - Saving 1 plots to /cs/student/msc/aibh/2024/madhavan/sgfa_qmap-pd/results/all_rois-sn_conf-age+sex+tiv_run_20251016_132139/robustness_tests_20251016_132146/plots
2025-10-16 13:32:33,137 - experiments.framework - INFO - Saving 1 plots to /cs/student/msc/aibh/2024/madhavan/sgfa_qmap-pd/results/all_rois-sn_conf-age+sex+tiv_run_20251016_132139/robustness_tests_20251016_132146/plots
2025-10-16 13:32:33,599 - experiments.framework - INFO -   ✅ Saved plot: robustness_summary
2025-10-16 13:32:33,599 - experiments.framework - INFO -   ✅ Saved plot: robustness_summary
2025-10-16 13:32:33,599 - experiments.framework - INFO - All plots saved to: /cs/student/msc/aibh/2024/madhavan/sgfa_qmap-pd/results/all_rois-sn_conf-age+sex+tiv_run_20251016_132139/robustness_tests_20251016_132146/plots
2025-10-16 13:32:33,599 - experiments.framework - INFO - All plots saved to: /cs/student/msc/aibh/2024/madhavan/sgfa_qmap-pd/results/all_rois-sn_conf-age+sex+tiv_run_20251016_132139/robustness_tests_20251016_132146/plots
2025-10-16 16:49:07,954 - experiments.framework - INFO - ExperimentFramework initialized with output dir: /cs/student/msc/aibh/2024/madhavan/sgfa_qmap-pd/results/all_rois-sn_conf-age+sex+tiv_run_20251016_132139
2025-10-16 16:49:07,954 - experiments.framework - INFO - ExperimentFramework initialized with output dir: /cs/student/msc/aibh/2024/madhavan/sgfa_qmap-pd/results/all_rois-sn_conf-age+sex+tiv_run_20251016_132139
2025-10-16 16:49:07,954 - experiments.framework - INFO - ExperimentFramework initialized with output dir: /cs/student/msc/aibh/2024/madhavan/sgfa_qmap-pd/results/all_rois-sn_conf-age+sex+tiv_run_20251016_132139
2025-10-16 16:49:07,960 - experiments.framework - INFO - Starting experiment: clinical_validation_20251016_164907
2025-10-16 16:49:07,960 - experiments.framework - INFO - Starting experiment: clinical_validation_20251016_164907
2025-10-16 16:49:07,960 - experiments.framework - INFO - Starting experiment: clinical_validation_20251016_164907
2025-10-16 16:53:06,072 - experiments.framework - INFO - 🏁 EXPERIMENT COMPLETED: clinical_validation_20251016_164907
2025-10-16 16:53:06,072 - experiments.framework - INFO - 🏁 EXPERIMENT COMPLETED: clinical_validation_20251016_164907
2025-10-16 16:53:06,072 - experiments.framework - INFO - 🏁 EXPERIMENT COMPLETED: clinical_validation_20251016_164907
2025-10-16 16:53:06,073 - experiments.framework - INFO - ⏱️  TOTAL RUNTIME: 4.0 minutes (238s)
2025-10-16 16:53:06,073 - experiments.framework - INFO - ⏱️  TOTAL RUNTIME: 4.0 minutes (238s)
2025-10-16 16:53:06,073 - experiments.framework - INFO - ⏱️  TOTAL RUNTIME: 4.0 minutes (238s)
2025-10-16 16:53:06,073 - experiments.framework - INFO - 🕐 Started: 2025-10-16 16:49:07
2025-10-16 16:53:06,073 - experiments.framework - INFO - 🕐 Started: 2025-10-16 16:49:07
2025-10-16 16:53:06,073 - experiments.framework - INFO - 🕐 Started: 2025-10-16 16:49:07
2025-10-16 16:53:06,073 - experiments.framework - INFO - 🕑 Finished: 2025-10-16 16:53:06
2025-10-16 16:53:06,073 - experiments.framework - INFO - 🕑 Finished: 2025-10-16 16:53:06
2025-10-16 16:53:06,073 - experiments.framework - INFO - 🕑 Finished: 2025-10-16 16:53:06
2025-10-16 16:53:06,073 - experiments.framework - INFO - Experiment completed successfully: clinical_validation_20251016_164907
2025-10-16 16:53:06,073 - experiments.framework - INFO - Experiment completed successfully: clinical_validation_20251016_164907
2025-10-16 16:53:06,073 - experiments.framework - INFO - Experiment completed successfully: clinical_validation_20251016_164907
2025-10-16 16:53:06,073 - experiments.framework - INFO - 🧹 Performing comprehensive memory cleanup...
2025-10-16 16:53:06,073 - experiments.framework - INFO - 🧹 Performing comprehensive memory cleanup...
2025-10-16 16:53:06,073 - experiments.framework - INFO - 🧹 Performing comprehensive memory cleanup...
2025-10-16 16:53:06,212 - experiments.framework - INFO - Garbage collection freed 800 objects
2025-10-16 16:53:06,212 - experiments.framework - INFO - Garbage collection freed 800 objects
2025-10-16 16:53:06,212 - experiments.framework - INFO - Garbage collection freed 800 objects
2025-10-16 16:53:06,757 - experiments.framework - INFO - GPU memory cleanup attempted
2025-10-16 16:53:06,757 - experiments.framework - INFO - GPU memory cleanup attempted
2025-10-16 16:53:06,757 - experiments.framework - INFO - GPU memory cleanup attempted
2025-10-16 16:53:07,758 - experiments.framework - INFO - ✅ Comprehensive memory cleanup completed
2025-10-16 16:53:07,758 - experiments.framework - INFO - ✅ Comprehensive memory cleanup completed
2025-10-16 16:53:07,758 - experiments.framework - INFO - ✅ Comprehensive memory cleanup completed
2025-10-16 16:53:07,779 - experiments.framework - INFO - Pickle saving disabled to prevent large files - using JSON and CSV instead
2025-10-16 16:53:07,779 - experiments.framework - INFO - Pickle saving disabled to prevent large files - using JSON and CSV instead
2025-10-16 16:53:07,779 - experiments.framework - INFO - Pickle saving disabled to prevent large files - using JSON and CSV instead
2025-10-16 16:53:07,783 - experiments.framework - INFO - Saving 1 plots to /cs/student/msc/aibh/2024/madhavan/sgfa_qmap-pd/results/all_rois-sn_conf-age+sex+tiv_run_20251016_132139/clinical_validation_20251016_164907/plots
2025-10-16 16:53:07,783 - experiments.framework - INFO - Saving 1 plots to /cs/student/msc/aibh/2024/madhavan/sgfa_qmap-pd/results/all_rois-sn_conf-age+sex+tiv_run_20251016_132139/clinical_validation_20251016_164907/plots
2025-10-16 16:53:07,783 - experiments.framework - INFO - Saving 1 plots to /cs/student/msc/aibh/2024/madhavan/sgfa_qmap-pd/results/all_rois-sn_conf-age+sex+tiv_run_20251016_132139/clinical_validation_20251016_164907/plots
2025-10-16 16:53:08,106 - experiments.framework - INFO -   ✅ Saved plot: clinical_validation_summary
2025-10-16 16:53:08,106 - experiments.framework - INFO -   ✅ Saved plot: clinical_validation_summary
2025-10-16 16:53:08,106 - experiments.framework - INFO -   ✅ Saved plot: clinical_validation_summary
2025-10-16 16:53:08,106 - experiments.framework - INFO - All plots saved to: /cs/student/msc/aibh/2024/madhavan/sgfa_qmap-pd/results/all_rois-sn_conf-age+sex+tiv_run_20251016_132139/clinical_validation_20251016_164907/plots
2025-10-16 16:53:08,106 - experiments.framework - INFO - All plots saved to: /cs/student/msc/aibh/2024/madhavan/sgfa_qmap-pd/results/all_rois-sn_conf-age+sex+tiv_run_20251016_132139/clinical_validation_20251016_164907/plots
2025-10-16 16:53:08,106 - experiments.framework - INFO - All plots saved to: /cs/student/msc/aibh/2024/madhavan/sgfa_qmap-pd/results/all_rois-sn_conf-age+sex+tiv_run_20251016_132139/clinical_validation_20251016_164907/plots
