2025-10-19 22:00:48,156 - experiments.framework - INFO - ExperimentFramework initialized with output dir: /cs/student/msc/aibh/2024/madhavan/sgfa_qmap-pd/results/all_rois-sn_run_20251019_220048
2025-10-19 22:00:48,164 - experiments.framework - INFO - Starting experiment: data_validation_20251019_220048
2025-10-19 22:00:48,659 - experiments.framework - INFO - 🏁 EXPERIMENT COMPLETED: data_validation_20251019_220048
2025-10-19 22:00:48,659 - experiments.framework - INFO - ⏱️  TOTAL RUNTIME: 0.5 seconds
2025-10-19 22:00:48,659 - experiments.framework - INFO - 🕐 Started: 2025-10-19 22:00:48
2025-10-19 22:00:48,659 - experiments.framework - INFO - 🕑 Finished: 2025-10-19 22:00:48
2025-10-19 22:00:48,659 - experiments.framework - INFO - Experiment completed successfully: data_validation_20251019_220048
2025-10-19 22:00:48,659 - experiments.framework - INFO - 🧹 Performing comprehensive memory cleanup...
2025-10-19 22:00:48,725 - experiments.framework - INFO - Garbage collection freed 0 objects
2025-10-19 22:00:48,940 - experiments.framework - INFO - GPU memory cleanup attempted
2025-10-19 22:00:49,941 - experiments.framework - INFO - ✅ Comprehensive memory cleanup completed
2025-10-19 22:00:49,944 - experiments.framework - INFO - Pickle saving disabled to prevent large files - using JSON and CSV instead
2025-10-19 22:00:50,452 - experiments.framework - INFO - ExperimentFramework initialized with output dir: /cs/student/msc/aibh/2024/madhavan/sgfa_qmap-pd/results/all_rois-sn_run_20251019_220048
2025-10-19 22:00:50,452 - experiments.framework - INFO - ExperimentFramework initialized with output dir: /cs/student/msc/aibh/2024/madhavan/sgfa_qmap-pd/results/all_rois-sn_run_20251019_220048
2025-10-19 22:00:50,458 - experiments.framework - INFO - Starting experiment: robustness_tests_20251019_220050
2025-10-19 22:00:50,458 - experiments.framework - INFO - Starting experiment: robustness_tests_20251019_220050
2025-10-19 22:28:51,491 - experiments.framework - INFO - 🧹 Performing comprehensive memory cleanup...
2025-10-19 22:28:51,491 - experiments.framework - INFO - 🧹 Performing comprehensive memory cleanup...
2025-10-19 22:28:51,602 - experiments.framework - INFO - Garbage collection freed 0 objects
2025-10-19 22:28:51,602 - experiments.framework - INFO - Garbage collection freed 0 objects
2025-10-19 22:28:51,989 - experiments.framework - INFO - GPU memory cleanup attempted
2025-10-19 22:28:51,989 - experiments.framework - INFO - GPU memory cleanup attempted
2025-10-19 22:28:52,990 - experiments.framework - INFO - ✅ Comprehensive memory cleanup completed
2025-10-19 22:28:52,990 - experiments.framework - INFO - ✅ Comprehensive memory cleanup completed
