2025-10-15 14:16:53,840 - experiments.framework - INFO - ExperimentFramework initialized with output dir: /cs/student/msc/aibh/2024/madhavan/sgfa_qmap-pd/results/all_conf-age+sex+tiv_K5_MAD3.0_run_20251015_141653
2025-10-15 14:16:53,847 - experiments.framework - INFO - Starting experiment: data_validation_20251015_141653
2025-10-15 14:17:22,520 - experiments.framework - INFO - 🏁 EXPERIMENT COMPLETED: data_validation_20251015_141653
2025-10-15 14:17:22,521 - experiments.framework - INFO - ⏱️  TOTAL RUNTIME: 28.7 seconds
2025-10-15 14:17:22,521 - experiments.framework - INFO - 🕐 Started: 2025-10-15 14:16:53
2025-10-15 14:17:22,521 - experiments.framework - INFO - 🕑 Finished: 2025-10-15 14:17:22
2025-10-15 14:17:22,521 - experiments.framework - INFO - Experiment completed successfully: data_validation_20251015_141653
2025-10-15 14:17:22,521 - experiments.framework - INFO - 🧹 Performing comprehensive memory cleanup...
2025-10-15 14:17:22,602 - experiments.framework - INFO - Garbage collection freed 25466 objects
2025-10-15 14:17:22,852 - experiments.framework - INFO - GPU memory cleanup attempted
2025-10-15 14:17:23,853 - experiments.framework - INFO - ✅ Comprehensive memory cleanup completed
2025-10-15 14:17:24,076 - experiments.framework - INFO - Pickle saving disabled to prevent large files - using JSON and CSV instead
2025-10-15 14:17:24,081 - experiments.framework - INFO - Saving 3 plots to /cs/student/msc/aibh/2024/madhavan/sgfa_qmap-pd/results/all_conf-age+sex+tiv_K5_MAD3.0_run_20251015_141653/data_validation_20251015_141653/plots
2025-10-15 14:17:26,870 - experiments.framework - INFO -   ✅ Saved plot: data_distribution_comparison
2025-10-15 14:17:30,604 - experiments.framework - INFO -   ✅ Saved plot: data_validation_feature_reduction
2025-10-15 14:17:31,359 - experiments.framework - INFO -   ✅ Saved plot: data_validation_variance_distribution
2025-10-15 14:17:31,359 - experiments.framework - INFO - All plots saved to: /cs/student/msc/aibh/2024/madhavan/sgfa_qmap-pd/results/all_conf-age+sex+tiv_K5_MAD3.0_run_20251015_141653/data_validation_20251015_141653/plots
2025-10-15 14:17:31,448 - experiments.framework - INFO - ExperimentFramework initialized with output dir: /cs/student/msc/aibh/2024/madhavan/sgfa_qmap-pd/results/all_conf-age+sex+tiv_K5_MAD3.0_run_20251015_141653
2025-10-15 14:17:31,448 - experiments.framework - INFO - ExperimentFramework initialized with output dir: /cs/student/msc/aibh/2024/madhavan/sgfa_qmap-pd/results/all_conf-age+sex+tiv_K5_MAD3.0_run_20251015_141653
2025-10-15 14:17:31,457 - experiments.framework - INFO - Starting experiment: robustness_tests_20251015_141731
2025-10-15 14:17:31,457 - experiments.framework - INFO - Starting experiment: robustness_tests_20251015_141731
2025-10-15 14:20:44,565 - experiments.framework - INFO - 🧹 Performing comprehensive memory cleanup...
2025-10-15 14:20:44,565 - experiments.framework - INFO - 🧹 Performing comprehensive memory cleanup...
2025-10-15 14:20:44,655 - experiments.framework - INFO - Garbage collection freed 0 objects
2025-10-15 14:20:44,655 - experiments.framework - INFO - Garbage collection freed 0 objects
2025-10-15 14:20:44,959 - experiments.framework - INFO - GPU memory cleanup attempted
2025-10-15 14:20:44,959 - experiments.framework - INFO - GPU memory cleanup attempted
2025-10-15 14:20:45,960 - experiments.framework - INFO - ✅ Comprehensive memory cleanup completed
2025-10-15 14:20:45,960 - experiments.framework - INFO - ✅ Comprehensive memory cleanup completed
