2025-10-21 12:06:52,537 - experiments.framework - INFO - ExperimentFramework initialized with output dir: /cs/student/msc/aibh/2024/madhavan/sgfa_qmap-pd/results/all_rois-sn_conf-age+sex+tiv_K2_percW33_MAD3.0_run_20251021_120652
2025-10-21 12:06:52,540 - experiments.framework - INFO - Starting experiment: data_validation_20251021_120652
2025-10-21 12:07:00,340 - experiments.framework - INFO - 🏁 EXPERIMENT COMPLETED: data_validation_20251021_120652
2025-10-21 12:07:00,340 - experiments.framework - INFO - ⏱️  TOTAL RUNTIME: 7.8 seconds
2025-10-21 12:07:00,340 - experiments.framework - INFO - 🕐 Started: 2025-10-21 12:06:52
2025-10-21 12:07:00,340 - experiments.framework - INFO - 🕑 Finished: 2025-10-21 12:07:00
2025-10-21 12:07:00,340 - experiments.framework - INFO - Experiment completed successfully: data_validation_20251021_120652
2025-10-21 12:07:00,340 - experiments.framework - INFO - 🧹 Performing comprehensive memory cleanup...
2025-10-21 12:07:00,408 - experiments.framework - INFO - Garbage collection freed 0 objects
2025-10-21 12:07:00,611 - experiments.framework - INFO - GPU memory cleanup attempted
2025-10-21 12:07:01,613 - experiments.framework - INFO - ✅ Comprehensive memory cleanup completed
2025-10-21 12:07:01,702 - experiments.framework - INFO - Pickle saving disabled to prevent large files - using JSON and CSV instead
2025-10-21 12:07:01,705 - experiments.framework - INFO - Saving 6 plots to /cs/student/msc/aibh/2024/madhavan/sgfa_qmap-pd/results/all_rois-sn_conf-age+sex+tiv_K2_percW33_MAD3.0_run_20251021_120652/data_validation_tree10_20251021_120652/plots
2025-10-21 12:07:02,448 - experiments.framework - INFO -   ✅ Saved plot: data_distribution_comparison
2025-10-21 12:07:03,187 - experiments.framework - INFO -   ✅ Saved plot: covariance_analysis
2025-10-21 12:07:05,052 - experiments.framework - INFO -   ✅ Saved plot: data_validation_inter_vs_intra_correlation
2025-10-21 12:07:05,812 - experiments.framework - INFO -   ✅ Saved plot: data_validation_block_covariance_matrix
2025-10-21 12:07:06,112 - experiments.framework - INFO -   ✅ Saved plot: data_validation_feature_reduction
2025-10-21 12:07:06,854 - experiments.framework - INFO -   ✅ Saved plot: data_validation_variance_distribution
2025-10-21 12:07:06,854 - experiments.framework - INFO - All plots saved to: /cs/student/msc/aibh/2024/madhavan/sgfa_qmap-pd/results/all_rois-sn_conf-age+sex+tiv_K2_percW33_MAD3.0_run_20251021_120652/data_validation_tree10_20251021_120652/plots
2025-10-21 12:07:06,936 - experiments.framework - INFO - ExperimentFramework initialized with output dir: /cs/student/msc/aibh/2024/madhavan/sgfa_qmap-pd/results/all_rois-sn_conf-age+sex+tiv_K2_percW33_MAD3.0_run_20251021_120652
2025-10-21 12:07:06,936 - experiments.framework - INFO - ExperimentFramework initialized with output dir: /cs/student/msc/aibh/2024/madhavan/sgfa_qmap-pd/results/all_rois-sn_conf-age+sex+tiv_K2_percW33_MAD3.0_run_20251021_120652
2025-10-21 12:07:06,939 - experiments.framework - INFO - Starting experiment: robustness_tests_20251021_120706
2025-10-21 12:07:06,939 - experiments.framework - INFO - Starting experiment: robustness_tests_20251021_120706
2025-10-21 12:09:24,611 - experiments.framework - INFO - 🧹 Performing comprehensive memory cleanup...
2025-10-21 12:09:24,611 - experiments.framework - INFO - 🧹 Performing comprehensive memory cleanup...
2025-10-21 12:09:24,710 - experiments.framework - INFO - Garbage collection freed 0 objects
2025-10-21 12:09:24,710 - experiments.framework - INFO - Garbage collection freed 0 objects
2025-10-21 12:09:25,033 - experiments.framework - INFO - GPU memory cleanup attempted
2025-10-21 12:09:25,033 - experiments.framework - INFO - GPU memory cleanup attempted
2025-10-21 12:09:26,034 - experiments.framework - INFO - ✅ Comprehensive memory cleanup completed
2025-10-21 12:09:26,034 - experiments.framework - INFO - ✅ Comprehensive memory cleanup completed
