2025-10-07 15:29:41,153 - experiments.framework - INFO - ExperimentFramework initialized with output dir: /cs/student/msc/aibh/2024/madhavan/sgfa_qmap-pd/results/all_rois-sn_conf-age+sex+tiv_run_20251007_152941
2025-10-07 15:29:41,158 - experiments.framework - INFO - Starting experiment: data_validation_20251007_152941
2025-10-07 15:29:52,944 - experiments.framework - INFO - 🏁 EXPERIMENT COMPLETED: data_validation_20251007_152941
2025-10-07 15:29:52,945 - experiments.framework - INFO - ⏱️  TOTAL RUNTIME: 11.8 seconds
2025-10-07 15:29:52,945 - experiments.framework - INFO - 🕐 Started: 2025-10-07 15:29:41
2025-10-07 15:29:52,945 - experiments.framework - INFO - 🕑 Finished: 2025-10-07 15:29:52
2025-10-07 15:29:52,945 - experiments.framework - INFO - Experiment completed successfully: data_validation_20251007_152941
2025-10-07 15:29:52,945 - experiments.framework - INFO - 🧹 Performing comprehensive memory cleanup...
2025-10-07 15:29:53,028 - experiments.framework - INFO - Garbage collection freed 31925 objects
2025-10-07 15:29:53,271 - experiments.framework - INFO - GPU memory cleanup attempted
2025-10-07 15:29:54,272 - experiments.framework - INFO - ✅ Comprehensive memory cleanup completed
2025-10-07 15:29:54,428 - experiments.framework - INFO - Pickle saving disabled to prevent large files - using JSON and CSV instead
2025-10-07 15:29:54,434 - experiments.framework - INFO - Saving 3 plots to /cs/student/msc/aibh/2024/madhavan/sgfa_qmap-pd/results/all_rois-sn_conf-age+sex+tiv_run_20251007_152941/data_validation_20251007_152941/plots
2025-10-07 15:29:57,199 - experiments.framework - INFO -   ✅ Saved plot: data_distribution_comparison
2025-10-07 15:29:59,163 - experiments.framework - INFO -   ✅ Saved plot: data_validation_feature_reduction
2025-10-07 15:29:59,883 - experiments.framework - INFO -   ✅ Saved plot: data_validation_variance_distribution
2025-10-07 15:29:59,883 - experiments.framework - INFO - All plots saved to: /cs/student/msc/aibh/2024/madhavan/sgfa_qmap-pd/results/all_rois-sn_conf-age+sex+tiv_run_20251007_152941/data_validation_20251007_152941/plots
2025-10-07 15:29:59,987 - experiments.framework - INFO - ExperimentFramework initialized with output dir: /cs/student/msc/aibh/2024/madhavan/sgfa_qmap-pd/results/all_rois-sn_conf-age+sex+tiv_run_20251007_152941
2025-10-07 15:29:59,987 - experiments.framework - INFO - ExperimentFramework initialized with output dir: /cs/student/msc/aibh/2024/madhavan/sgfa_qmap-pd/results/all_rois-sn_conf-age+sex+tiv_run_20251007_152941
2025-10-07 15:30:05,655 - experiments.framework - INFO - Starting experiment: sgfa_hyperparameter_tuning_20251007_153005
2025-10-07 15:30:05,655 - experiments.framework - INFO - Starting experiment: sgfa_hyperparameter_tuning_20251007_153005
2025-10-07 19:59:15,371 - experiments.framework - INFO - 🏁 EXPERIMENT COMPLETED: sgfa_hyperparameter_tuning_20251007_153005
2025-10-07 19:59:15,371 - experiments.framework - INFO - 🏁 EXPERIMENT COMPLETED: sgfa_hyperparameter_tuning_20251007_153005
2025-10-07 19:59:15,371 - experiments.framework - INFO - ⏱️  TOTAL RUNTIME: 4.5 hours (29m 10s)
2025-10-07 19:59:15,371 - experiments.framework - INFO - ⏱️  TOTAL RUNTIME: 4.5 hours (29m 10s)
2025-10-07 19:59:15,372 - experiments.framework - INFO - 🕐 Started: 2025-10-07 15:30:05
2025-10-07 19:59:15,372 - experiments.framework - INFO - 🕐 Started: 2025-10-07 15:30:05
2025-10-07 19:59:15,372 - experiments.framework - INFO - 🕑 Finished: 2025-10-07 19:59:15
2025-10-07 19:59:15,372 - experiments.framework - INFO - 🕑 Finished: 2025-10-07 19:59:15
2025-10-07 19:59:15,372 - experiments.framework - INFO - Experiment completed successfully: sgfa_hyperparameter_tuning_20251007_153005
2025-10-07 19:59:15,372 - experiments.framework - INFO - Experiment completed successfully: sgfa_hyperparameter_tuning_20251007_153005
2025-10-07 19:59:15,372 - experiments.framework - INFO - 🧹 Performing comprehensive memory cleanup...
2025-10-07 19:59:15,372 - experiments.framework - INFO - 🧹 Performing comprehensive memory cleanup...
2025-10-07 19:59:15,463 - experiments.framework - INFO - Garbage collection freed 0 objects
2025-10-07 19:59:15,463 - experiments.framework - INFO - Garbage collection freed 0 objects
2025-10-07 19:59:15,824 - experiments.framework - INFO - GPU memory cleanup attempted
2025-10-07 19:59:15,824 - experiments.framework - INFO - GPU memory cleanup attempted
2025-10-07 19:59:16,825 - experiments.framework - INFO - ✅ Comprehensive memory cleanup completed
2025-10-07 19:59:16,825 - experiments.framework - INFO - ✅ Comprehensive memory cleanup completed
2025-10-07 19:59:17,517 - experiments.framework - INFO - Pickle saving disabled to prevent large files - using JSON and CSV instead
2025-10-07 19:59:17,517 - experiments.framework - INFO - Pickle saving disabled to prevent large files - using JSON and CSV instead
2025-10-07 19:59:17,598 - experiments.framework - INFO - Saving sgfa_K2_percW10_grp0.0 factor scores Z shape: (86, 2)
2025-10-07 19:59:17,598 - experiments.framework - INFO - Saving sgfa_K2_percW10_grp0.0 factor scores Z shape: (86, 2)
2025-10-07 19:59:17,673 - experiments.framework - INFO - Saving sgfa_K2_percW10_grp0.05 factor scores Z shape: (86, 2)
2025-10-07 19:59:17,673 - experiments.framework - INFO - Saving sgfa_K2_percW10_grp0.05 factor scores Z shape: (86, 2)
2025-10-07 19:59:17,755 - experiments.framework - INFO - Saving sgfa_K2_percW10_grp0.1 factor scores Z shape: (86, 2)
2025-10-07 19:59:17,755 - experiments.framework - INFO - Saving sgfa_K2_percW10_grp0.1 factor scores Z shape: (86, 2)
2025-10-07 19:59:17,832 - experiments.framework - INFO - Saving sgfa_K2_percW10_grp0.2 factor scores Z shape: (86, 2)
2025-10-07 19:59:17,832 - experiments.framework - INFO - Saving sgfa_K2_percW10_grp0.2 factor scores Z shape: (86, 2)
2025-10-07 19:59:17,908 - experiments.framework - INFO - Saving sgfa_K2_percW25_grp0.0 factor scores Z shape: (86, 2)
2025-10-07 19:59:17,908 - experiments.framework - INFO - Saving sgfa_K2_percW25_grp0.0 factor scores Z shape: (86, 2)
2025-10-07 19:59:17,985 - experiments.framework - INFO - Saving sgfa_K2_percW25_grp0.05 factor scores Z shape: (86, 2)
2025-10-07 19:59:17,985 - experiments.framework - INFO - Saving sgfa_K2_percW25_grp0.05 factor scores Z shape: (86, 2)
2025-10-07 19:59:18,061 - experiments.framework - INFO - Saving sgfa_K2_percW25_grp0.1 factor scores Z shape: (86, 2)
2025-10-07 19:59:18,061 - experiments.framework - INFO - Saving sgfa_K2_percW25_grp0.1 factor scores Z shape: (86, 2)
2025-10-07 19:59:18,139 - experiments.framework - INFO - Saving sgfa_K2_percW25_grp0.2 factor scores Z shape: (86, 2)
2025-10-07 19:59:18,139 - experiments.framework - INFO - Saving sgfa_K2_percW25_grp0.2 factor scores Z shape: (86, 2)
2025-10-07 19:59:18,217 - experiments.framework - INFO - Saving sgfa_K2_percW33_grp0.0 factor scores Z shape: (86, 2)
2025-10-07 19:59:18,217 - experiments.framework - INFO - Saving sgfa_K2_percW33_grp0.0 factor scores Z shape: (86, 2)
2025-10-07 19:59:18,293 - experiments.framework - INFO - Saving sgfa_K2_percW33_grp0.05 factor scores Z shape: (86, 2)
2025-10-07 19:59:18,293 - experiments.framework - INFO - Saving sgfa_K2_percW33_grp0.05 factor scores Z shape: (86, 2)
2025-10-07 19:59:18,369 - experiments.framework - INFO - Saving sgfa_K2_percW33_grp0.1 factor scores Z shape: (86, 2)
2025-10-07 19:59:18,369 - experiments.framework - INFO - Saving sgfa_K2_percW33_grp0.1 factor scores Z shape: (86, 2)
2025-10-07 19:59:18,443 - experiments.framework - INFO - Saving sgfa_K2_percW33_grp0.2 factor scores Z shape: (86, 2)
2025-10-07 19:59:18,443 - experiments.framework - INFO - Saving sgfa_K2_percW33_grp0.2 factor scores Z shape: (86, 2)
2025-10-07 19:59:18,557 - experiments.framework - INFO - Saving sgfa_K3_percW10_grp0.0 factor scores Z shape: (86, 3)
2025-10-07 19:59:18,557 - experiments.framework - INFO - Saving sgfa_K3_percW10_grp0.0 factor scores Z shape: (86, 3)
2025-10-07 19:59:18,657 - experiments.framework - INFO - Saving sgfa_K3_percW10_grp0.05 factor scores Z shape: (86, 3)
2025-10-07 19:59:18,657 - experiments.framework - INFO - Saving sgfa_K3_percW10_grp0.05 factor scores Z shape: (86, 3)
2025-10-07 19:59:18,762 - experiments.framework - INFO - Saving sgfa_K3_percW10_grp0.1 factor scores Z shape: (86, 3)
2025-10-07 19:59:18,762 - experiments.framework - INFO - Saving sgfa_K3_percW10_grp0.1 factor scores Z shape: (86, 3)
2025-10-07 19:59:18,868 - experiments.framework - INFO - Saving sgfa_K3_percW10_grp0.2 factor scores Z shape: (86, 3)
2025-10-07 19:59:18,868 - experiments.framework - INFO - Saving sgfa_K3_percW10_grp0.2 factor scores Z shape: (86, 3)
2025-10-07 19:59:18,966 - experiments.framework - INFO - Saving sgfa_K3_percW25_grp0.0 factor scores Z shape: (86, 3)
2025-10-07 19:59:18,966 - experiments.framework - INFO - Saving sgfa_K3_percW25_grp0.0 factor scores Z shape: (86, 3)
2025-10-07 19:59:19,065 - experiments.framework - INFO - Saving sgfa_K3_percW25_grp0.05 factor scores Z shape: (86, 3)
2025-10-07 19:59:19,065 - experiments.framework - INFO - Saving sgfa_K3_percW25_grp0.05 factor scores Z shape: (86, 3)
2025-10-07 19:59:19,166 - experiments.framework - INFO - Saving sgfa_K3_percW25_grp0.1 factor scores Z shape: (86, 3)
2025-10-07 19:59:19,166 - experiments.framework - INFO - Saving sgfa_K3_percW25_grp0.1 factor scores Z shape: (86, 3)
2025-10-07 19:59:19,281 - experiments.framework - INFO - Saving sgfa_K3_percW25_grp0.2 factor scores Z shape: (86, 3)
2025-10-07 19:59:19,281 - experiments.framework - INFO - Saving sgfa_K3_percW25_grp0.2 factor scores Z shape: (86, 3)
2025-10-07 19:59:19,379 - experiments.framework - INFO - Saving sgfa_K3_percW33_grp0.0 factor scores Z shape: (86, 3)
2025-10-07 19:59:19,379 - experiments.framework - INFO - Saving sgfa_K3_percW33_grp0.0 factor scores Z shape: (86, 3)
2025-10-07 19:59:19,480 - experiments.framework - INFO - Saving sgfa_K3_percW33_grp0.05 factor scores Z shape: (86, 3)
2025-10-07 19:59:19,480 - experiments.framework - INFO - Saving sgfa_K3_percW33_grp0.05 factor scores Z shape: (86, 3)
2025-10-07 19:59:19,581 - experiments.framework - INFO - Saving sgfa_K3_percW33_grp0.1 factor scores Z shape: (86, 3)
2025-10-07 19:59:19,581 - experiments.framework - INFO - Saving sgfa_K3_percW33_grp0.1 factor scores Z shape: (86, 3)
2025-10-07 19:59:19,682 - experiments.framework - INFO - Saving sgfa_K3_percW33_grp0.2 factor scores Z shape: (86, 3)
2025-10-07 19:59:19,682 - experiments.framework - INFO - Saving sgfa_K3_percW33_grp0.2 factor scores Z shape: (86, 3)
2025-10-07 19:59:19,804 - experiments.framework - INFO - Saving sgfa_K4_percW10_grp0.0 factor scores Z shape: (86, 4)
2025-10-07 19:59:19,804 - experiments.framework - INFO - Saving sgfa_K4_percW10_grp0.0 factor scores Z shape: (86, 4)
2025-10-07 19:59:19,928 - experiments.framework - INFO - Saving sgfa_K4_percW10_grp0.05 factor scores Z shape: (86, 4)
2025-10-07 19:59:19,928 - experiments.framework - INFO - Saving sgfa_K4_percW10_grp0.05 factor scores Z shape: (86, 4)
2025-10-07 19:59:20,053 - experiments.framework - INFO - Saving sgfa_K4_percW10_grp0.1 factor scores Z shape: (86, 4)
2025-10-07 19:59:20,053 - experiments.framework - INFO - Saving sgfa_K4_percW10_grp0.1 factor scores Z shape: (86, 4)
2025-10-07 19:59:20,175 - experiments.framework - INFO - Saving sgfa_K4_percW10_grp0.2 factor scores Z shape: (86, 4)
2025-10-07 19:59:20,175 - experiments.framework - INFO - Saving sgfa_K4_percW10_grp0.2 factor scores Z shape: (86, 4)
2025-10-07 19:59:20,298 - experiments.framework - INFO - Saving sgfa_K4_percW25_grp0.0 factor scores Z shape: (86, 4)
2025-10-07 19:59:20,298 - experiments.framework - INFO - Saving sgfa_K4_percW25_grp0.0 factor scores Z shape: (86, 4)
2025-10-07 19:59:20,442 - experiments.framework - INFO - Saving sgfa_K4_percW25_grp0.05 factor scores Z shape: (86, 4)
2025-10-07 19:59:20,442 - experiments.framework - INFO - Saving sgfa_K4_percW25_grp0.05 factor scores Z shape: (86, 4)
2025-10-07 19:59:20,564 - experiments.framework - INFO - Saving sgfa_K4_percW25_grp0.1 factor scores Z shape: (86, 4)
2025-10-07 19:59:20,564 - experiments.framework - INFO - Saving sgfa_K4_percW25_grp0.1 factor scores Z shape: (86, 4)
2025-10-07 19:59:20,686 - experiments.framework - INFO - Saving sgfa_K4_percW25_grp0.2 factor scores Z shape: (86, 4)
2025-10-07 19:59:20,686 - experiments.framework - INFO - Saving sgfa_K4_percW25_grp0.2 factor scores Z shape: (86, 4)
2025-10-07 19:59:20,810 - experiments.framework - INFO - Saving sgfa_K4_percW33_grp0.0 factor scores Z shape: (86, 4)
2025-10-07 19:59:20,810 - experiments.framework - INFO - Saving sgfa_K4_percW33_grp0.0 factor scores Z shape: (86, 4)
2025-10-07 19:59:20,933 - experiments.framework - INFO - Saving sgfa_K4_percW33_grp0.05 factor scores Z shape: (86, 4)
2025-10-07 19:59:20,933 - experiments.framework - INFO - Saving sgfa_K4_percW33_grp0.05 factor scores Z shape: (86, 4)
2025-10-07 19:59:21,055 - experiments.framework - INFO - Saving sgfa_K4_percW33_grp0.1 factor scores Z shape: (86, 4)
2025-10-07 19:59:21,055 - experiments.framework - INFO - Saving sgfa_K4_percW33_grp0.1 factor scores Z shape: (86, 4)
2025-10-07 19:59:21,181 - experiments.framework - INFO - Saving sgfa_K4_percW33_grp0.2 factor scores Z shape: (86, 4)
2025-10-07 19:59:21,181 - experiments.framework - INFO - Saving sgfa_K4_percW33_grp0.2 factor scores Z shape: (86, 4)
2025-10-07 19:59:21,185 - experiments.framework - INFO - Saving 6 plots to /cs/student/msc/aibh/2024/madhavan/sgfa_qmap-pd/results/all_rois-sn_conf-age+sex+tiv_run_20251007_152941/sgfa_hyperparameter_tuning_20251007_153005/plots
2025-10-07 19:59:21,185 - experiments.framework - INFO - Saving 6 plots to /cs/student/msc/aibh/2024/madhavan/sgfa_qmap-pd/results/all_rois-sn_conf-age+sex+tiv_run_20251007_152941/sgfa_hyperparameter_tuning_20251007_153005/plots
2025-10-07 19:59:23,309 - experiments.framework - INFO -   ✅ Saved plot: sgfa_variant_performance
2025-10-07 19:59:23,309 - experiments.framework - INFO -   ✅ Saved plot: sgfa_variant_performance
2025-10-07 19:59:25,899 - experiments.framework - INFO -   ✅ Saved plot: sgfa_variant_quality
2025-10-07 19:59:25,899 - experiments.framework - INFO -   ✅ Saved plot: sgfa_variant_quality
2025-10-07 19:59:26,946 - experiments.framework - INFO -   ✅ Saved plot: best_factor_loadings
2025-10-07 19:59:26,946 - experiments.framework - INFO -   ✅ Saved plot: best_factor_loadings
2025-10-07 19:59:34,145 - experiments.framework - INFO -   ✅ Saved plot: best_factor_scores
2025-10-07 19:59:34,145 - experiments.framework - INFO -   ✅ Saved plot: best_factor_scores
2025-10-07 19:59:34,920 - experiments.framework - INFO -   ✅ Saved plot: parameter_grid_search
2025-10-07 19:59:34,920 - experiments.framework - INFO -   ✅ Saved plot: parameter_grid_search
2025-10-07 19:59:36,074 - experiments.framework - INFO -   ✅ Saved plot: parameter_heatmaps
2025-10-07 19:59:36,074 - experiments.framework - INFO -   ✅ Saved plot: parameter_heatmaps
2025-10-07 19:59:36,074 - experiments.framework - INFO - All plots saved to: /cs/student/msc/aibh/2024/madhavan/sgfa_qmap-pd/results/all_rois-sn_conf-age+sex+tiv_run_20251007_152941/sgfa_hyperparameter_tuning_20251007_153005/plots
2025-10-07 19:59:36,074 - experiments.framework - INFO - All plots saved to: /cs/student/msc/aibh/2024/madhavan/sgfa_qmap-pd/results/all_rois-sn_conf-age+sex+tiv_run_20251007_152941/sgfa_hyperparameter_tuning_20251007_153005/plots
2025-10-07 19:59:37,881 - experiments.framework - INFO - ExperimentFramework initialized with output dir: /cs/student/msc/aibh/2024/madhavan/sgfa_qmap-pd/results/all_rois-sn_conf-age+sex+tiv_run_20251007_152941
2025-10-07 19:59:37,881 - experiments.framework - INFO - ExperimentFramework initialized with output dir: /cs/student/msc/aibh/2024/madhavan/sgfa_qmap-pd/results/all_rois-sn_conf-age+sex+tiv_run_20251007_152941
2025-10-07 19:59:37,881 - experiments.framework - INFO - ExperimentFramework initialized with output dir: /cs/student/msc/aibh/2024/madhavan/sgfa_qmap-pd/results/all_rois-sn_conf-age+sex+tiv_run_20251007_152941
2025-10-07 19:59:37,889 - experiments.framework - INFO - Starting experiment: methods_comparison_20251007_195937
2025-10-07 19:59:37,889 - experiments.framework - INFO - Starting experiment: methods_comparison_20251007_195937
2025-10-07 19:59:37,889 - experiments.framework - INFO - Starting experiment: methods_comparison_20251007_195937
2025-10-07 20:04:53,611 - experiments.framework - INFO - 🏁 EXPERIMENT COMPLETED: methods_comparison_20251007_195937
2025-10-07 20:04:53,611 - experiments.framework - INFO - 🏁 EXPERIMENT COMPLETED: methods_comparison_20251007_195937
2025-10-07 20:04:53,611 - experiments.framework - INFO - 🏁 EXPERIMENT COMPLETED: methods_comparison_20251007_195937
2025-10-07 20:04:53,613 - experiments.framework - INFO - ⏱️  TOTAL RUNTIME: 5.3 minutes (316s)
2025-10-07 20:04:53,613 - experiments.framework - INFO - ⏱️  TOTAL RUNTIME: 5.3 minutes (316s)
2025-10-07 20:04:53,613 - experiments.framework - INFO - ⏱️  TOTAL RUNTIME: 5.3 minutes (316s)
2025-10-07 20:04:53,613 - experiments.framework - INFO - 🕐 Started: 2025-10-07 19:59:37
2025-10-07 20:04:53,613 - experiments.framework - INFO - 🕐 Started: 2025-10-07 19:59:37
2025-10-07 20:04:53,613 - experiments.framework - INFO - 🕐 Started: 2025-10-07 19:59:37
2025-10-07 20:04:53,613 - experiments.framework - INFO - 🕑 Finished: 2025-10-07 20:04:53
2025-10-07 20:04:53,613 - experiments.framework - INFO - 🕑 Finished: 2025-10-07 20:04:53
2025-10-07 20:04:53,613 - experiments.framework - INFO - 🕑 Finished: 2025-10-07 20:04:53
2025-10-07 20:04:53,613 - experiments.framework - INFO - Experiment completed successfully: methods_comparison_20251007_195937
2025-10-07 20:04:53,613 - experiments.framework - INFO - Experiment completed successfully: methods_comparison_20251007_195937
2025-10-07 20:04:53,613 - experiments.framework - INFO - Experiment completed successfully: methods_comparison_20251007_195937
2025-10-07 20:04:53,613 - experiments.framework - INFO - 🧹 Performing comprehensive memory cleanup...
2025-10-07 20:04:53,613 - experiments.framework - INFO - 🧹 Performing comprehensive memory cleanup...
2025-10-07 20:04:53,613 - experiments.framework - INFO - 🧹 Performing comprehensive memory cleanup...
2025-10-07 20:04:53,749 - experiments.framework - INFO - Garbage collection freed 91 objects
2025-10-07 20:04:53,749 - experiments.framework - INFO - Garbage collection freed 91 objects
2025-10-07 20:04:53,749 - experiments.framework - INFO - Garbage collection freed 91 objects
2025-10-07 20:04:54,146 - experiments.framework - INFO - GPU memory cleanup attempted
2025-10-07 20:04:54,146 - experiments.framework - INFO - GPU memory cleanup attempted
2025-10-07 20:04:54,146 - experiments.framework - INFO - GPU memory cleanup attempted
2025-10-07 20:04:55,147 - experiments.framework - INFO - ✅ Comprehensive memory cleanup completed
2025-10-07 20:04:55,147 - experiments.framework - INFO - ✅ Comprehensive memory cleanup completed
2025-10-07 20:04:55,147 - experiments.framework - INFO - ✅ Comprehensive memory cleanup completed
2025-10-07 20:04:55,151 - experiments.framework - INFO - Pickle saving disabled to prevent large files - using JSON and CSV instead
2025-10-07 20:04:55,151 - experiments.framework - INFO - Pickle saving disabled to prevent large files - using JSON and CSV instead
2025-10-07 20:04:55,151 - experiments.framework - INFO - Pickle saving disabled to prevent large files - using JSON and CSV instead
2025-10-07 20:04:55,675 - experiments.framework - INFO - ExperimentFramework initialized with output dir: /cs/student/msc/aibh/2024/madhavan/sgfa_qmap-pd/results/all_rois-sn_conf-age+sex+tiv_run_20251007_152941
2025-10-07 20:04:55,675 - experiments.framework - INFO - ExperimentFramework initialized with output dir: /cs/student/msc/aibh/2024/madhavan/sgfa_qmap-pd/results/all_rois-sn_conf-age+sex+tiv_run_20251007_152941
2025-10-07 20:04:55,675 - experiments.framework - INFO - ExperimentFramework initialized with output dir: /cs/student/msc/aibh/2024/madhavan/sgfa_qmap-pd/results/all_rois-sn_conf-age+sex+tiv_run_20251007_152941
2025-10-07 20:04:55,675 - experiments.framework - INFO - ExperimentFramework initialized with output dir: /cs/student/msc/aibh/2024/madhavan/sgfa_qmap-pd/results/all_rois-sn_conf-age+sex+tiv_run_20251007_152941
2025-10-07 20:04:55,685 - experiments.framework - INFO - Starting experiment: sensitivity_analysis_20251007_200455
2025-10-07 20:04:55,685 - experiments.framework - INFO - Starting experiment: sensitivity_analysis_20251007_200455
2025-10-07 20:04:55,685 - experiments.framework - INFO - Starting experiment: sensitivity_analysis_20251007_200455
2025-10-07 20:04:55,685 - experiments.framework - INFO - Starting experiment: sensitivity_analysis_20251007_200455
2025-10-07 20:15:36,269 - experiments.framework - INFO - 🏁 EXPERIMENT COMPLETED: sensitivity_analysis_20251007_200455
2025-10-07 20:15:36,269 - experiments.framework - INFO - 🏁 EXPERIMENT COMPLETED: sensitivity_analysis_20251007_200455
2025-10-07 20:15:36,269 - experiments.framework - INFO - 🏁 EXPERIMENT COMPLETED: sensitivity_analysis_20251007_200455
2025-10-07 20:15:36,269 - experiments.framework - INFO - 🏁 EXPERIMENT COMPLETED: sensitivity_analysis_20251007_200455
2025-10-07 20:15:36,270 - experiments.framework - INFO - ⏱️  TOTAL RUNTIME: 10.7 minutes (641s)
2025-10-07 20:15:36,270 - experiments.framework - INFO - ⏱️  TOTAL RUNTIME: 10.7 minutes (641s)
2025-10-07 20:15:36,270 - experiments.framework - INFO - ⏱️  TOTAL RUNTIME: 10.7 minutes (641s)
2025-10-07 20:15:36,270 - experiments.framework - INFO - ⏱️  TOTAL RUNTIME: 10.7 minutes (641s)
2025-10-07 20:15:36,270 - experiments.framework - INFO - 🕐 Started: 2025-10-07 20:04:55
2025-10-07 20:15:36,270 - experiments.framework - INFO - 🕐 Started: 2025-10-07 20:04:55
2025-10-07 20:15:36,270 - experiments.framework - INFO - 🕐 Started: 2025-10-07 20:04:55
2025-10-07 20:15:36,270 - experiments.framework - INFO - 🕐 Started: 2025-10-07 20:04:55
2025-10-07 20:15:36,270 - experiments.framework - INFO - 🕑 Finished: 2025-10-07 20:15:36
2025-10-07 20:15:36,270 - experiments.framework - INFO - 🕑 Finished: 2025-10-07 20:15:36
2025-10-07 20:15:36,270 - experiments.framework - INFO - 🕑 Finished: 2025-10-07 20:15:36
2025-10-07 20:15:36,270 - experiments.framework - INFO - 🕑 Finished: 2025-10-07 20:15:36
2025-10-07 20:15:36,270 - experiments.framework - INFO - Experiment completed successfully: sensitivity_analysis_20251007_200455
2025-10-07 20:15:36,270 - experiments.framework - INFO - Experiment completed successfully: sensitivity_analysis_20251007_200455
2025-10-07 20:15:36,270 - experiments.framework - INFO - Experiment completed successfully: sensitivity_analysis_20251007_200455
2025-10-07 20:15:36,270 - experiments.framework - INFO - Experiment completed successfully: sensitivity_analysis_20251007_200455
2025-10-07 20:15:36,270 - experiments.framework - INFO - 🧹 Performing comprehensive memory cleanup...
2025-10-07 20:15:36,270 - experiments.framework - INFO - 🧹 Performing comprehensive memory cleanup...
2025-10-07 20:15:36,270 - experiments.framework - INFO - 🧹 Performing comprehensive memory cleanup...
2025-10-07 20:15:36,270 - experiments.framework - INFO - 🧹 Performing comprehensive memory cleanup...
2025-10-07 20:15:36,378 - experiments.framework - INFO - Garbage collection freed 15 objects
2025-10-07 20:15:36,378 - experiments.framework - INFO - Garbage collection freed 15 objects
2025-10-07 20:15:36,378 - experiments.framework - INFO - Garbage collection freed 15 objects
2025-10-07 20:15:36,378 - experiments.framework - INFO - Garbage collection freed 15 objects
2025-10-07 20:15:36,787 - experiments.framework - INFO - GPU memory cleanup attempted
2025-10-07 20:15:36,787 - experiments.framework - INFO - GPU memory cleanup attempted
2025-10-07 20:15:36,787 - experiments.framework - INFO - GPU memory cleanup attempted
2025-10-07 20:15:36,787 - experiments.framework - INFO - GPU memory cleanup attempted
2025-10-07 20:15:37,788 - experiments.framework - INFO - ✅ Comprehensive memory cleanup completed
2025-10-07 20:15:37,788 - experiments.framework - INFO - ✅ Comprehensive memory cleanup completed
2025-10-07 20:15:37,788 - experiments.framework - INFO - ✅ Comprehensive memory cleanup completed
2025-10-07 20:15:37,788 - experiments.framework - INFO - ✅ Comprehensive memory cleanup completed
2025-10-07 20:15:37,910 - experiments.framework - INFO - Pickle saving disabled to prevent large files - using JSON and CSV instead
2025-10-07 20:15:37,910 - experiments.framework - INFO - Pickle saving disabled to prevent large files - using JSON and CSV instead
2025-10-07 20:15:37,910 - experiments.framework - INFO - Pickle saving disabled to prevent large files - using JSON and CSV instead
2025-10-07 20:15:37,910 - experiments.framework - INFO - Pickle saving disabled to prevent large files - using JSON and CSV instead
2025-10-07 20:15:37,916 - experiments.framework - INFO - Saving 1 plots to /cs/student/msc/aibh/2024/madhavan/sgfa_qmap-pd/results/all_rois-sn_conf-age+sex+tiv_run_20251007_152941/sensitivity_analysis_20251007_200455/plots
2025-10-07 20:15:37,916 - experiments.framework - INFO - Saving 1 plots to /cs/student/msc/aibh/2024/madhavan/sgfa_qmap-pd/results/all_rois-sn_conf-age+sex+tiv_run_20251007_152941/sensitivity_analysis_20251007_200455/plots
2025-10-07 20:15:37,916 - experiments.framework - INFO - Saving 1 plots to /cs/student/msc/aibh/2024/madhavan/sgfa_qmap-pd/results/all_rois-sn_conf-age+sex+tiv_run_20251007_152941/sensitivity_analysis_20251007_200455/plots
2025-10-07 20:15:37,916 - experiments.framework - INFO - Saving 1 plots to /cs/student/msc/aibh/2024/madhavan/sgfa_qmap-pd/results/all_rois-sn_conf-age+sex+tiv_run_20251007_152941/sensitivity_analysis_20251007_200455/plots
2025-10-07 20:15:39,883 - experiments.framework - INFO -   ✅ Saved plot: parameter_sensitivity_summary
2025-10-07 20:15:39,883 - experiments.framework - INFO -   ✅ Saved plot: parameter_sensitivity_summary
2025-10-07 20:15:39,883 - experiments.framework - INFO -   ✅ Saved plot: parameter_sensitivity_summary
2025-10-07 20:15:39,883 - experiments.framework - INFO -   ✅ Saved plot: parameter_sensitivity_summary
2025-10-07 20:15:39,884 - experiments.framework - INFO - All plots saved to: /cs/student/msc/aibh/2024/madhavan/sgfa_qmap-pd/results/all_rois-sn_conf-age+sex+tiv_run_20251007_152941/sensitivity_analysis_20251007_200455/plots
2025-10-07 20:15:39,884 - experiments.framework - INFO - All plots saved to: /cs/student/msc/aibh/2024/madhavan/sgfa_qmap-pd/results/all_rois-sn_conf-age+sex+tiv_run_20251007_152941/sensitivity_analysis_20251007_200455/plots
2025-10-07 20:15:39,884 - experiments.framework - INFO - All plots saved to: /cs/student/msc/aibh/2024/madhavan/sgfa_qmap-pd/results/all_rois-sn_conf-age+sex+tiv_run_20251007_152941/sensitivity_analysis_20251007_200455/plots
2025-10-07 20:15:39,884 - experiments.framework - INFO - All plots saved to: /cs/student/msc/aibh/2024/madhavan/sgfa_qmap-pd/results/all_rois-sn_conf-age+sex+tiv_run_20251007_152941/sensitivity_analysis_20251007_200455/plots
2025-10-07 20:15:44,092 - experiments.framework - INFO - ExperimentFramework initialized with output dir: /cs/student/msc/aibh/2024/madhavan/sgfa_qmap-pd/results/all_rois-sn_conf-age+sex+tiv_run_20251007_152941
2025-10-07 20:15:44,092 - experiments.framework - INFO - ExperimentFramework initialized with output dir: /cs/student/msc/aibh/2024/madhavan/sgfa_qmap-pd/results/all_rois-sn_conf-age+sex+tiv_run_20251007_152941
2025-10-07 20:15:44,092 - experiments.framework - INFO - ExperimentFramework initialized with output dir: /cs/student/msc/aibh/2024/madhavan/sgfa_qmap-pd/results/all_rois-sn_conf-age+sex+tiv_run_20251007_152941
2025-10-07 20:15:44,092 - experiments.framework - INFO - ExperimentFramework initialized with output dir: /cs/student/msc/aibh/2024/madhavan/sgfa_qmap-pd/results/all_rois-sn_conf-age+sex+tiv_run_20251007_152941
2025-10-07 20:15:44,092 - experiments.framework - INFO - ExperimentFramework initialized with output dir: /cs/student/msc/aibh/2024/madhavan/sgfa_qmap-pd/results/all_rois-sn_conf-age+sex+tiv_run_20251007_152941
2025-10-07 20:15:44,100 - experiments.framework - INFO - Starting experiment: clinical_validation_20251007_201544
2025-10-07 20:15:44,100 - experiments.framework - INFO - Starting experiment: clinical_validation_20251007_201544
2025-10-07 20:15:44,100 - experiments.framework - INFO - Starting experiment: clinical_validation_20251007_201544
2025-10-07 20:15:44,100 - experiments.framework - INFO - Starting experiment: clinical_validation_20251007_201544
2025-10-07 20:15:44,100 - experiments.framework - INFO - Starting experiment: clinical_validation_20251007_201544
2025-10-07 20:18:41,677 - experiments.framework - INFO - 🏁 EXPERIMENT COMPLETED: clinical_validation_20251007_201544
2025-10-07 20:18:41,677 - experiments.framework - INFO - 🏁 EXPERIMENT COMPLETED: clinical_validation_20251007_201544
2025-10-07 20:18:41,677 - experiments.framework - INFO - 🏁 EXPERIMENT COMPLETED: clinical_validation_20251007_201544
2025-10-07 20:18:41,677 - experiments.framework - INFO - 🏁 EXPERIMENT COMPLETED: clinical_validation_20251007_201544
2025-10-07 20:18:41,677 - experiments.framework - INFO - 🏁 EXPERIMENT COMPLETED: clinical_validation_20251007_201544
2025-10-07 20:18:41,678 - experiments.framework - INFO - ⏱️  TOTAL RUNTIME: 3.0 minutes (178s)
2025-10-07 20:18:41,678 - experiments.framework - INFO - ⏱️  TOTAL RUNTIME: 3.0 minutes (178s)
2025-10-07 20:18:41,678 - experiments.framework - INFO - ⏱️  TOTAL RUNTIME: 3.0 minutes (178s)
2025-10-07 20:18:41,678 - experiments.framework - INFO - ⏱️  TOTAL RUNTIME: 3.0 minutes (178s)
2025-10-07 20:18:41,678 - experiments.framework - INFO - ⏱️  TOTAL RUNTIME: 3.0 minutes (178s)
2025-10-07 20:18:41,678 - experiments.framework - INFO - 🕐 Started: 2025-10-07 20:15:44
2025-10-07 20:18:41,678 - experiments.framework - INFO - 🕐 Started: 2025-10-07 20:15:44
2025-10-07 20:18:41,678 - experiments.framework - INFO - 🕐 Started: 2025-10-07 20:15:44
2025-10-07 20:18:41,678 - experiments.framework - INFO - 🕐 Started: 2025-10-07 20:15:44
2025-10-07 20:18:41,678 - experiments.framework - INFO - 🕐 Started: 2025-10-07 20:15:44
2025-10-07 20:18:41,678 - experiments.framework - INFO - 🕑 Finished: 2025-10-07 20:18:41
2025-10-07 20:18:41,678 - experiments.framework - INFO - 🕑 Finished: 2025-10-07 20:18:41
2025-10-07 20:18:41,678 - experiments.framework - INFO - 🕑 Finished: 2025-10-07 20:18:41
2025-10-07 20:18:41,678 - experiments.framework - INFO - 🕑 Finished: 2025-10-07 20:18:41
2025-10-07 20:18:41,678 - experiments.framework - INFO - 🕑 Finished: 2025-10-07 20:18:41
2025-10-07 20:18:41,678 - experiments.framework - INFO - Experiment completed successfully: clinical_validation_20251007_201544
2025-10-07 20:18:41,678 - experiments.framework - INFO - Experiment completed successfully: clinical_validation_20251007_201544
2025-10-07 20:18:41,678 - experiments.framework - INFO - Experiment completed successfully: clinical_validation_20251007_201544
2025-10-07 20:18:41,678 - experiments.framework - INFO - Experiment completed successfully: clinical_validation_20251007_201544
2025-10-07 20:18:41,678 - experiments.framework - INFO - Experiment completed successfully: clinical_validation_20251007_201544
2025-10-07 20:18:41,678 - experiments.framework - INFO - 🧹 Performing comprehensive memory cleanup...
2025-10-07 20:18:41,678 - experiments.framework - INFO - 🧹 Performing comprehensive memory cleanup...
2025-10-07 20:18:41,678 - experiments.framework - INFO - 🧹 Performing comprehensive memory cleanup...
2025-10-07 20:18:41,678 - experiments.framework - INFO - 🧹 Performing comprehensive memory cleanup...
2025-10-07 20:18:41,678 - experiments.framework - INFO - 🧹 Performing comprehensive memory cleanup...
2025-10-07 20:18:41,840 - experiments.framework - INFO - Garbage collection freed 725 objects
2025-10-07 20:18:41,840 - experiments.framework - INFO - Garbage collection freed 725 objects
2025-10-07 20:18:41,840 - experiments.framework - INFO - Garbage collection freed 725 objects
2025-10-07 20:18:41,840 - experiments.framework - INFO - Garbage collection freed 725 objects
2025-10-07 20:18:41,840 - experiments.framework - INFO - Garbage collection freed 725 objects
2025-10-07 20:18:42,460 - experiments.framework - INFO - GPU memory cleanup attempted
2025-10-07 20:18:42,460 - experiments.framework - INFO - GPU memory cleanup attempted
2025-10-07 20:18:42,460 - experiments.framework - INFO - GPU memory cleanup attempted
2025-10-07 20:18:42,460 - experiments.framework - INFO - GPU memory cleanup attempted
2025-10-07 20:18:42,460 - experiments.framework - INFO - GPU memory cleanup attempted
2025-10-07 20:18:43,461 - experiments.framework - INFO - ✅ Comprehensive memory cleanup completed
2025-10-07 20:18:43,461 - experiments.framework - INFO - ✅ Comprehensive memory cleanup completed
2025-10-07 20:18:43,461 - experiments.framework - INFO - ✅ Comprehensive memory cleanup completed
2025-10-07 20:18:43,461 - experiments.framework - INFO - ✅ Comprehensive memory cleanup completed
2025-10-07 20:18:43,461 - experiments.framework - INFO - ✅ Comprehensive memory cleanup completed
2025-10-07 20:18:43,511 - experiments.framework - INFO - Pickle saving disabled to prevent large files - using JSON and CSV instead
2025-10-07 20:18:43,511 - experiments.framework - INFO - Pickle saving disabled to prevent large files - using JSON and CSV instead
2025-10-07 20:18:43,511 - experiments.framework - INFO - Pickle saving disabled to prevent large files - using JSON and CSV instead
2025-10-07 20:18:43,511 - experiments.framework - INFO - Pickle saving disabled to prevent large files - using JSON and CSV instead
2025-10-07 20:18:43,511 - experiments.framework - INFO - Pickle saving disabled to prevent large files - using JSON and CSV instead
2025-10-07 20:18:43,516 - experiments.framework - INFO - Saving 1 plots to /cs/student/msc/aibh/2024/madhavan/sgfa_qmap-pd/results/all_rois-sn_conf-age+sex+tiv_run_20251007_152941/clinical_validation_20251007_201544/plots
2025-10-07 20:18:43,516 - experiments.framework - INFO - Saving 1 plots to /cs/student/msc/aibh/2024/madhavan/sgfa_qmap-pd/results/all_rois-sn_conf-age+sex+tiv_run_20251007_152941/clinical_validation_20251007_201544/plots
2025-10-07 20:18:43,516 - experiments.framework - INFO - Saving 1 plots to /cs/student/msc/aibh/2024/madhavan/sgfa_qmap-pd/results/all_rois-sn_conf-age+sex+tiv_run_20251007_152941/clinical_validation_20251007_201544/plots
2025-10-07 20:18:43,516 - experiments.framework - INFO - Saving 1 plots to /cs/student/msc/aibh/2024/madhavan/sgfa_qmap-pd/results/all_rois-sn_conf-age+sex+tiv_run_20251007_152941/clinical_validation_20251007_201544/plots
2025-10-07 20:18:43,516 - experiments.framework - INFO - Saving 1 plots to /cs/student/msc/aibh/2024/madhavan/sgfa_qmap-pd/results/all_rois-sn_conf-age+sex+tiv_run_20251007_152941/clinical_validation_20251007_201544/plots
2025-10-07 20:18:44,163 - experiments.framework - INFO -   ✅ Saved plot: clinical_validation_summary
2025-10-07 20:18:44,163 - experiments.framework - INFO -   ✅ Saved plot: clinical_validation_summary
2025-10-07 20:18:44,163 - experiments.framework - INFO -   ✅ Saved plot: clinical_validation_summary
2025-10-07 20:18:44,163 - experiments.framework - INFO -   ✅ Saved plot: clinical_validation_summary
2025-10-07 20:18:44,163 - experiments.framework - INFO -   ✅ Saved plot: clinical_validation_summary
2025-10-07 20:18:44,163 - experiments.framework - INFO - All plots saved to: /cs/student/msc/aibh/2024/madhavan/sgfa_qmap-pd/results/all_rois-sn_conf-age+sex+tiv_run_20251007_152941/clinical_validation_20251007_201544/plots
2025-10-07 20:18:44,163 - experiments.framework - INFO - All plots saved to: /cs/student/msc/aibh/2024/madhavan/sgfa_qmap-pd/results/all_rois-sn_conf-age+sex+tiv_run_20251007_152941/clinical_validation_20251007_201544/plots
2025-10-07 20:18:44,163 - experiments.framework - INFO - All plots saved to: /cs/student/msc/aibh/2024/madhavan/sgfa_qmap-pd/results/all_rois-sn_conf-age+sex+tiv_run_20251007_152941/clinical_validation_20251007_201544/plots
2025-10-07 20:18:44,163 - experiments.framework - INFO - All plots saved to: /cs/student/msc/aibh/2024/madhavan/sgfa_qmap-pd/results/all_rois-sn_conf-age+sex+tiv_run_20251007_152941/clinical_validation_20251007_201544/plots
2025-10-07 20:18:44,163 - experiments.framework - INFO - All plots saved to: /cs/student/msc/aibh/2024/madhavan/sgfa_qmap-pd/results/all_rois-sn_conf-age+sex+tiv_run_20251007_152941/clinical_validation_20251007_201544/plots
2025-10-07 20:18:45,284 - experiments.framework - INFO - ExperimentFramework initialized with output dir: /cs/student/msc/aibh/2024/madhavan/sgfa_qmap-pd/results/all_rois-sn_conf-age+sex+tiv_run_20251007_152941
2025-10-07 20:18:45,284 - experiments.framework - INFO - ExperimentFramework initialized with output dir: /cs/student/msc/aibh/2024/madhavan/sgfa_qmap-pd/results/all_rois-sn_conf-age+sex+tiv_run_20251007_152941
2025-10-07 20:18:45,284 - experiments.framework - INFO - ExperimentFramework initialized with output dir: /cs/student/msc/aibh/2024/madhavan/sgfa_qmap-pd/results/all_rois-sn_conf-age+sex+tiv_run_20251007_152941
2025-10-07 20:18:45,284 - experiments.framework - INFO - ExperimentFramework initialized with output dir: /cs/student/msc/aibh/2024/madhavan/sgfa_qmap-pd/results/all_rois-sn_conf-age+sex+tiv_run_20251007_152941
2025-10-07 20:18:45,284 - experiments.framework - INFO - ExperimentFramework initialized with output dir: /cs/student/msc/aibh/2024/madhavan/sgfa_qmap-pd/results/all_rois-sn_conf-age+sex+tiv_run_20251007_152941
2025-10-07 20:18:45,284 - experiments.framework - INFO - ExperimentFramework initialized with output dir: /cs/student/msc/aibh/2024/madhavan/sgfa_qmap-pd/results/all_rois-sn_conf-age+sex+tiv_run_20251007_152941
2025-10-07 20:18:45,291 - experiments.framework - INFO - Starting experiment: reproducibility_tests_20251007_201845
2025-10-07 20:18:45,291 - experiments.framework - INFO - Starting experiment: reproducibility_tests_20251007_201845
2025-10-07 20:18:45,291 - experiments.framework - INFO - Starting experiment: reproducibility_tests_20251007_201845
2025-10-07 20:18:45,291 - experiments.framework - INFO - Starting experiment: reproducibility_tests_20251007_201845
2025-10-07 20:18:45,291 - experiments.framework - INFO - Starting experiment: reproducibility_tests_20251007_201845
2025-10-07 20:18:45,291 - experiments.framework - INFO - Starting experiment: reproducibility_tests_20251007_201845
2025-10-07 20:27:50,424 - experiments.framework - INFO - 🏁 EXPERIMENT COMPLETED: reproducibility_tests_20251007_201845
2025-10-07 20:27:50,424 - experiments.framework - INFO - 🏁 EXPERIMENT COMPLETED: reproducibility_tests_20251007_201845
2025-10-07 20:27:50,424 - experiments.framework - INFO - 🏁 EXPERIMENT COMPLETED: reproducibility_tests_20251007_201845
2025-10-07 20:27:50,424 - experiments.framework - INFO - 🏁 EXPERIMENT COMPLETED: reproducibility_tests_20251007_201845
2025-10-07 20:27:50,424 - experiments.framework - INFO - 🏁 EXPERIMENT COMPLETED: reproducibility_tests_20251007_201845
2025-10-07 20:27:50,424 - experiments.framework - INFO - 🏁 EXPERIMENT COMPLETED: reproducibility_tests_20251007_201845
2025-10-07 20:27:50,425 - experiments.framework - INFO - ⏱️  TOTAL RUNTIME: 9.1 minutes (545s)
2025-10-07 20:27:50,425 - experiments.framework - INFO - ⏱️  TOTAL RUNTIME: 9.1 minutes (545s)
2025-10-07 20:27:50,425 - experiments.framework - INFO - ⏱️  TOTAL RUNTIME: 9.1 minutes (545s)
2025-10-07 20:27:50,425 - experiments.framework - INFO - ⏱️  TOTAL RUNTIME: 9.1 minutes (545s)
2025-10-07 20:27:50,425 - experiments.framework - INFO - ⏱️  TOTAL RUNTIME: 9.1 minutes (545s)
2025-10-07 20:27:50,425 - experiments.framework - INFO - ⏱️  TOTAL RUNTIME: 9.1 minutes (545s)
2025-10-07 20:27:50,425 - experiments.framework - INFO - 🕐 Started: 2025-10-07 20:18:45
2025-10-07 20:27:50,425 - experiments.framework - INFO - 🕐 Started: 2025-10-07 20:18:45
2025-10-07 20:27:50,425 - experiments.framework - INFO - 🕐 Started: 2025-10-07 20:18:45
2025-10-07 20:27:50,425 - experiments.framework - INFO - 🕐 Started: 2025-10-07 20:18:45
2025-10-07 20:27:50,425 - experiments.framework - INFO - 🕐 Started: 2025-10-07 20:18:45
2025-10-07 20:27:50,425 - experiments.framework - INFO - 🕐 Started: 2025-10-07 20:18:45
2025-10-07 20:27:50,425 - experiments.framework - INFO - 🕑 Finished: 2025-10-07 20:27:50
2025-10-07 20:27:50,425 - experiments.framework - INFO - 🕑 Finished: 2025-10-07 20:27:50
2025-10-07 20:27:50,425 - experiments.framework - INFO - 🕑 Finished: 2025-10-07 20:27:50
2025-10-07 20:27:50,425 - experiments.framework - INFO - 🕑 Finished: 2025-10-07 20:27:50
2025-10-07 20:27:50,425 - experiments.framework - INFO - 🕑 Finished: 2025-10-07 20:27:50
2025-10-07 20:27:50,425 - experiments.framework - INFO - 🕑 Finished: 2025-10-07 20:27:50
2025-10-07 20:27:50,425 - experiments.framework - INFO - Experiment completed successfully: reproducibility_tests_20251007_201845
2025-10-07 20:27:50,425 - experiments.framework - INFO - Experiment completed successfully: reproducibility_tests_20251007_201845
2025-10-07 20:27:50,425 - experiments.framework - INFO - Experiment completed successfully: reproducibility_tests_20251007_201845
2025-10-07 20:27:50,425 - experiments.framework - INFO - Experiment completed successfully: reproducibility_tests_20251007_201845
2025-10-07 20:27:50,425 - experiments.framework - INFO - Experiment completed successfully: reproducibility_tests_20251007_201845
2025-10-07 20:27:50,425 - experiments.framework - INFO - Experiment completed successfully: reproducibility_tests_20251007_201845
2025-10-07 20:27:50,426 - experiments.framework - INFO - 🧹 Performing comprehensive memory cleanup...
2025-10-07 20:27:50,426 - experiments.framework - INFO - 🧹 Performing comprehensive memory cleanup...
2025-10-07 20:27:50,426 - experiments.framework - INFO - 🧹 Performing comprehensive memory cleanup...
2025-10-07 20:27:50,426 - experiments.framework - INFO - 🧹 Performing comprehensive memory cleanup...
2025-10-07 20:27:50,426 - experiments.framework - INFO - 🧹 Performing comprehensive memory cleanup...
2025-10-07 20:27:50,426 - experiments.framework - INFO - 🧹 Performing comprehensive memory cleanup...
2025-10-07 20:27:50,647 - experiments.framework - INFO - Garbage collection freed 130 objects
2025-10-07 20:27:50,647 - experiments.framework - INFO - Garbage collection freed 130 objects
2025-10-07 20:27:50,647 - experiments.framework - INFO - Garbage collection freed 130 objects
2025-10-07 20:27:50,647 - experiments.framework - INFO - Garbage collection freed 130 objects
2025-10-07 20:27:50,647 - experiments.framework - INFO - Garbage collection freed 130 objects
2025-10-07 20:27:50,647 - experiments.framework - INFO - Garbage collection freed 130 objects
2025-10-07 20:27:51,511 - experiments.framework - INFO - GPU memory cleanup attempted
2025-10-07 20:27:51,511 - experiments.framework - INFO - GPU memory cleanup attempted
2025-10-07 20:27:51,511 - experiments.framework - INFO - GPU memory cleanup attempted
2025-10-07 20:27:51,511 - experiments.framework - INFO - GPU memory cleanup attempted
2025-10-07 20:27:51,511 - experiments.framework - INFO - GPU memory cleanup attempted
2025-10-07 20:27:51,511 - experiments.framework - INFO - GPU memory cleanup attempted
2025-10-07 20:27:52,513 - experiments.framework - INFO - ✅ Comprehensive memory cleanup completed
2025-10-07 20:27:52,513 - experiments.framework - INFO - ✅ Comprehensive memory cleanup completed
2025-10-07 20:27:52,513 - experiments.framework - INFO - ✅ Comprehensive memory cleanup completed
2025-10-07 20:27:52,513 - experiments.framework - INFO - ✅ Comprehensive memory cleanup completed
2025-10-07 20:27:52,513 - experiments.framework - INFO - ✅ Comprehensive memory cleanup completed
2025-10-07 20:27:52,513 - experiments.framework - INFO - ✅ Comprehensive memory cleanup completed
2025-10-07 20:27:52,588 - experiments.framework - INFO - Pickle saving disabled to prevent large files - using JSON and CSV instead
2025-10-07 20:27:52,588 - experiments.framework - INFO - Pickle saving disabled to prevent large files - using JSON and CSV instead
2025-10-07 20:27:52,588 - experiments.framework - INFO - Pickle saving disabled to prevent large files - using JSON and CSV instead
2025-10-07 20:27:52,588 - experiments.framework - INFO - Pickle saving disabled to prevent large files - using JSON and CSV instead
2025-10-07 20:27:52,588 - experiments.framework - INFO - Pickle saving disabled to prevent large files - using JSON and CSV instead
2025-10-07 20:27:52,588 - experiments.framework - INFO - Pickle saving disabled to prevent large files - using JSON and CSV instead
2025-10-07 20:27:52,602 - experiments.framework - INFO - Saving 1 plots to /cs/student/msc/aibh/2024/madhavan/sgfa_qmap-pd/results/all_rois-sn_conf-age+sex+tiv_run_20251007_152941/reproducibility_tests_20251007_201845/plots
2025-10-07 20:27:52,602 - experiments.framework - INFO - Saving 1 plots to /cs/student/msc/aibh/2024/madhavan/sgfa_qmap-pd/results/all_rois-sn_conf-age+sex+tiv_run_20251007_152941/reproducibility_tests_20251007_201845/plots
2025-10-07 20:27:52,602 - experiments.framework - INFO - Saving 1 plots to /cs/student/msc/aibh/2024/madhavan/sgfa_qmap-pd/results/all_rois-sn_conf-age+sex+tiv_run_20251007_152941/reproducibility_tests_20251007_201845/plots
2025-10-07 20:27:52,602 - experiments.framework - INFO - Saving 1 plots to /cs/student/msc/aibh/2024/madhavan/sgfa_qmap-pd/results/all_rois-sn_conf-age+sex+tiv_run_20251007_152941/reproducibility_tests_20251007_201845/plots
2025-10-07 20:27:52,602 - experiments.framework - INFO - Saving 1 plots to /cs/student/msc/aibh/2024/madhavan/sgfa_qmap-pd/results/all_rois-sn_conf-age+sex+tiv_run_20251007_152941/reproducibility_tests_20251007_201845/plots
2025-10-07 20:27:52,602 - experiments.framework - INFO - Saving 1 plots to /cs/student/msc/aibh/2024/madhavan/sgfa_qmap-pd/results/all_rois-sn_conf-age+sex+tiv_run_20251007_152941/reproducibility_tests_20251007_201845/plots
2025-10-07 20:27:53,555 - experiments.framework - INFO -   ✅ Saved plot: reproducibility_summary
2025-10-07 20:27:53,555 - experiments.framework - INFO -   ✅ Saved plot: reproducibility_summary
2025-10-07 20:27:53,555 - experiments.framework - INFO -   ✅ Saved plot: reproducibility_summary
2025-10-07 20:27:53,555 - experiments.framework - INFO -   ✅ Saved plot: reproducibility_summary
2025-10-07 20:27:53,555 - experiments.framework - INFO -   ✅ Saved plot: reproducibility_summary
2025-10-07 20:27:53,555 - experiments.framework - INFO -   ✅ Saved plot: reproducibility_summary
2025-10-07 20:27:53,555 - experiments.framework - INFO - All plots saved to: /cs/student/msc/aibh/2024/madhavan/sgfa_qmap-pd/results/all_rois-sn_conf-age+sex+tiv_run_20251007_152941/reproducibility_tests_20251007_201845/plots
2025-10-07 20:27:53,555 - experiments.framework - INFO - All plots saved to: /cs/student/msc/aibh/2024/madhavan/sgfa_qmap-pd/results/all_rois-sn_conf-age+sex+tiv_run_20251007_152941/reproducibility_tests_20251007_201845/plots
2025-10-07 20:27:53,555 - experiments.framework - INFO - All plots saved to: /cs/student/msc/aibh/2024/madhavan/sgfa_qmap-pd/results/all_rois-sn_conf-age+sex+tiv_run_20251007_152941/reproducibility_tests_20251007_201845/plots
2025-10-07 20:27:53,555 - experiments.framework - INFO - All plots saved to: /cs/student/msc/aibh/2024/madhavan/sgfa_qmap-pd/results/all_rois-sn_conf-age+sex+tiv_run_20251007_152941/reproducibility_tests_20251007_201845/plots
2025-10-07 20:27:53,555 - experiments.framework - INFO - All plots saved to: /cs/student/msc/aibh/2024/madhavan/sgfa_qmap-pd/results/all_rois-sn_conf-age+sex+tiv_run_20251007_152941/reproducibility_tests_20251007_201845/plots
2025-10-07 20:27:53,555 - experiments.framework - INFO - All plots saved to: /cs/student/msc/aibh/2024/madhavan/sgfa_qmap-pd/results/all_rois-sn_conf-age+sex+tiv_run_20251007_152941/reproducibility_tests_20251007_201845/plots
