2025-10-21 02:30:52,174 - experiments.framework - INFO - ExperimentFramework initialized with output dir: /cs/student/msc/aibh/2024/madhavan/sgfa_qmap-pd/results/all_rois-sn_conf-age+sex+tiv_K2_percW33_MAD3.0_run_20251021_023052
2025-10-21 02:30:52,177 - experiments.framework - INFO - Starting experiment: data_validation_20251021_023052
2025-10-21 02:30:59,899 - experiments.framework - INFO - 🏁 EXPERIMENT COMPLETED: data_validation_20251021_023052
2025-10-21 02:30:59,899 - experiments.framework - INFO - ⏱️  TOTAL RUNTIME: 7.7 seconds
2025-10-21 02:30:59,899 - experiments.framework - INFO - 🕐 Started: 2025-10-21 02:30:52
2025-10-21 02:30:59,900 - experiments.framework - INFO - 🕑 Finished: 2025-10-21 02:30:59
2025-10-21 02:30:59,900 - experiments.framework - INFO - Experiment completed successfully: data_validation_20251021_023052
2025-10-21 02:30:59,900 - experiments.framework - INFO - 🧹 Performing comprehensive memory cleanup...
2025-10-21 02:30:59,969 - experiments.framework - INFO - Garbage collection freed 0 objects
2025-10-21 02:31:00,174 - experiments.framework - INFO - GPU memory cleanup attempted
2025-10-21 02:31:01,175 - experiments.framework - INFO - ✅ Comprehensive memory cleanup completed
2025-10-21 02:31:01,267 - experiments.framework - INFO - Pickle saving disabled to prevent large files - using JSON and CSV instead
2025-10-21 02:31:01,271 - experiments.framework - INFO - Saving 6 plots to /cs/student/msc/aibh/2024/madhavan/sgfa_qmap-pd/results/all_rois-sn_conf-age+sex+tiv_K2_percW33_MAD3.0_run_20251021_023052/data_validation_tree10_20251021_023052/plots
2025-10-21 02:31:02,017 - experiments.framework - INFO -   ✅ Saved plot: data_distribution_comparison
2025-10-21 02:31:02,751 - experiments.framework - INFO -   ✅ Saved plot: covariance_analysis
2025-10-21 02:31:03,522 - experiments.framework - INFO -   ✅ Saved plot: data_validation_block_covariance_matrix
2025-10-21 02:31:05,375 - experiments.framework - INFO -   ✅ Saved plot: data_validation_inter_vs_intra_correlation
2025-10-21 02:31:05,677 - experiments.framework - INFO -   ✅ Saved plot: data_validation_feature_reduction
2025-10-21 02:31:06,415 - experiments.framework - INFO -   ✅ Saved plot: data_validation_variance_distribution
2025-10-21 02:31:06,415 - experiments.framework - INFO - All plots saved to: /cs/student/msc/aibh/2024/madhavan/sgfa_qmap-pd/results/all_rois-sn_conf-age+sex+tiv_K2_percW33_MAD3.0_run_20251021_023052/data_validation_tree10_20251021_023052/plots
2025-10-21 02:31:06,501 - experiments.framework - INFO - ExperimentFramework initialized with output dir: /cs/student/msc/aibh/2024/madhavan/sgfa_qmap-pd/results/all_rois-sn_conf-age+sex+tiv_K2_percW33_MAD3.0_run_20251021_023052
2025-10-21 02:31:06,501 - experiments.framework - INFO - ExperimentFramework initialized with output dir: /cs/student/msc/aibh/2024/madhavan/sgfa_qmap-pd/results/all_rois-sn_conf-age+sex+tiv_K2_percW33_MAD3.0_run_20251021_023052
2025-10-21 02:31:06,505 - experiments.framework - INFO - Starting experiment: robustness_tests_20251021_023106
2025-10-21 02:31:06,505 - experiments.framework - INFO - Starting experiment: robustness_tests_20251021_023106
2025-10-21 02:39:02,339 - experiments.framework - INFO - 🏁 EXPERIMENT COMPLETED: robustness_tests_20251021_023106
2025-10-21 02:39:02,339 - experiments.framework - INFO - 🏁 EXPERIMENT COMPLETED: robustness_tests_20251021_023106
2025-10-21 02:39:02,340 - experiments.framework - INFO - ⏱️  TOTAL RUNTIME: 7.9 minutes (476s)
2025-10-21 02:39:02,340 - experiments.framework - INFO - ⏱️  TOTAL RUNTIME: 7.9 minutes (476s)
2025-10-21 02:39:02,340 - experiments.framework - INFO - 🕐 Started: 2025-10-21 02:31:06
2025-10-21 02:39:02,340 - experiments.framework - INFO - 🕐 Started: 2025-10-21 02:31:06
2025-10-21 02:39:02,340 - experiments.framework - INFO - 🕑 Finished: 2025-10-21 02:39:02
2025-10-21 02:39:02,340 - experiments.framework - INFO - 🕑 Finished: 2025-10-21 02:39:02
2025-10-21 02:39:02,340 - experiments.framework - INFO - Experiment completed successfully: robustness_tests_20251021_023106
2025-10-21 02:39:02,340 - experiments.framework - INFO - Experiment completed successfully: robustness_tests_20251021_023106
2025-10-21 02:39:02,340 - experiments.framework - INFO - 🧹 Performing comprehensive memory cleanup...
2025-10-21 02:39:02,340 - experiments.framework - INFO - 🧹 Performing comprehensive memory cleanup...
2025-10-21 02:39:02,415 - experiments.framework - INFO - Garbage collection freed 105 objects
2025-10-21 02:39:02,415 - experiments.framework - INFO - Garbage collection freed 105 objects
2025-10-21 02:39:02,641 - experiments.framework - INFO - GPU memory cleanup attempted
2025-10-21 02:39:02,641 - experiments.framework - INFO - GPU memory cleanup attempted
2025-10-21 02:39:03,642 - experiments.framework - INFO - ✅ Comprehensive memory cleanup completed
2025-10-21 02:39:03,642 - experiments.framework - INFO - ✅ Comprehensive memory cleanup completed
2025-10-21 02:39:03,671 - experiments.framework - INFO - Pickle saving disabled to prevent large files - using JSON and CSV instead
2025-10-21 02:39:03,671 - experiments.framework - INFO - Pickle saving disabled to prevent large files - using JSON and CSV instead
2025-10-21 02:39:03,675 - experiments.framework - INFO - Saving 1 plots to /cs/student/msc/aibh/2024/madhavan/sgfa_qmap-pd/results/all_rois-sn_conf-age+sex+tiv_K2_percW33_MAD3.0_run_20251021_023052/robustness_tests_fixed_K2_percW33_slab4_2_MAD3.0_tree10_20251021_023106/plots
2025-10-21 02:39:03,675 - experiments.framework - INFO - Saving 1 plots to /cs/student/msc/aibh/2024/madhavan/sgfa_qmap-pd/results/all_rois-sn_conf-age+sex+tiv_K2_percW33_MAD3.0_run_20251021_023052/robustness_tests_fixed_K2_percW33_slab4_2_MAD3.0_tree10_20251021_023106/plots
2025-10-21 02:39:04,079 - experiments.framework - INFO -   ✅ Saved plot: robustness_summary
2025-10-21 02:39:04,079 - experiments.framework - INFO -   ✅ Saved plot: robustness_summary
2025-10-21 02:39:04,079 - experiments.framework - INFO - All plots saved to: /cs/student/msc/aibh/2024/madhavan/sgfa_qmap-pd/results/all_rois-sn_conf-age+sex+tiv_K2_percW33_MAD3.0_run_20251021_023052/robustness_tests_fixed_K2_percW33_slab4_2_MAD3.0_tree10_20251021_023106/plots
2025-10-21 02:39:04,079 - experiments.framework - INFO - All plots saved to: /cs/student/msc/aibh/2024/madhavan/sgfa_qmap-pd/results/all_rois-sn_conf-age+sex+tiv_K2_percW33_MAD3.0_run_20251021_023052/robustness_tests_fixed_K2_percW33_slab4_2_MAD3.0_tree10_20251021_023106/plots
