2025-10-21 13:04:37,874 - experiments.framework - INFO - ExperimentFramework initialized with output dir: /cs/student/msc/aibh/2024/madhavan/sgfa_qmap-pd/results/all_rois-sn_conf-age+sex+tiv_K50_percW33_MAD3.0_run_20251021_130437
2025-10-21 13:04:37,887 - experiments.framework - INFO - Starting experiment: data_validation_20251021_130437
2025-10-21 13:04:48,128 - experiments.framework - INFO - 🏁 EXPERIMENT COMPLETED: data_validation_20251021_130437
2025-10-21 13:04:48,129 - experiments.framework - INFO - ⏱️  TOTAL RUNTIME: 10.3 seconds
2025-10-21 13:04:48,129 - experiments.framework - INFO - 🕐 Started: 2025-10-21 13:04:37
2025-10-21 13:04:48,129 - experiments.framework - INFO - 🕑 Finished: 2025-10-21 13:04:48
2025-10-21 13:04:48,129 - experiments.framework - INFO - Experiment completed successfully: data_validation_20251021_130437
2025-10-21 13:04:48,129 - experiments.framework - INFO - 🧹 Performing comprehensive memory cleanup...
2025-10-21 13:04:48,163 - experiments.framework - INFO - Garbage collection freed 0 objects
2025-10-21 13:04:48,287 - experiments.framework - INFO - GPU memory cleanup attempted
2025-10-21 13:04:49,289 - experiments.framework - INFO - ✅ Comprehensive memory cleanup completed
2025-10-21 13:04:49,388 - experiments.framework - INFO - Pickle saving disabled to prevent large files - using JSON and CSV instead
2025-10-21 13:04:49,392 - experiments.framework - INFO - Saving 5 plots to /cs/student/msc/aibh/2024/madhavan/sgfa_qmap-pd/results/all_rois-sn_conf-age+sex+tiv_K50_percW33_MAD3.0_run_20251021_130437/data_validation_tree10_20251021_130437/plots
2025-10-21 13:04:50,357 - experiments.framework - INFO -   ✅ Saved plot: data_distribution_comparison
2025-10-21 13:04:51,314 - experiments.framework - INFO -   ✅ Saved plot: data_validation_inter_vs_intra_correlation
2025-10-21 13:04:53,621 - experiments.framework - INFO -   ✅ Saved plot: data_validation_block_covariance_matrix
2025-10-21 13:04:54,620 - experiments.framework - INFO -   ✅ Saved plot: data_validation_feature_reduction
2025-10-21 13:04:54,985 - experiments.framework - INFO -   ✅ Saved plot: data_validation_variance_distribution
2025-10-21 13:04:54,985 - experiments.framework - INFO - All plots saved to: /cs/student/msc/aibh/2024/madhavan/sgfa_qmap-pd/results/all_rois-sn_conf-age+sex+tiv_K50_percW33_MAD3.0_run_20251021_130437/data_validation_tree10_20251021_130437/plots
2025-10-21 13:04:55,030 - experiments.framework - INFO - ExperimentFramework initialized with output dir: /cs/student/msc/aibh/2024/madhavan/sgfa_qmap-pd/results/all_rois-sn_conf-age+sex+tiv_K50_percW33_MAD3.0_run_20251021_130437
2025-10-21 13:04:55,030 - experiments.framework - INFO - ExperimentFramework initialized with output dir: /cs/student/msc/aibh/2024/madhavan/sgfa_qmap-pd/results/all_rois-sn_conf-age+sex+tiv_K50_percW33_MAD3.0_run_20251021_130437
2025-10-21 13:04:55,037 - experiments.framework - INFO - Starting experiment: robustness_tests_20251021_130455
2025-10-21 13:04:55,037 - experiments.framework - INFO - Starting experiment: robustness_tests_20251021_130455
2025-10-21 13:14:27,770 - experiments.framework - INFO - 🏁 EXPERIMENT COMPLETED: robustness_tests_20251021_130455
2025-10-21 13:14:27,770 - experiments.framework - INFO - 🏁 EXPERIMENT COMPLETED: robustness_tests_20251021_130455
2025-10-21 13:14:27,771 - experiments.framework - INFO - ⏱️  TOTAL RUNTIME: 9.5 minutes (573s)
2025-10-21 13:14:27,771 - experiments.framework - INFO - ⏱️  TOTAL RUNTIME: 9.5 minutes (573s)
2025-10-21 13:14:27,771 - experiments.framework - INFO - 🕐 Started: 2025-10-21 13:04:55
2025-10-21 13:14:27,771 - experiments.framework - INFO - 🕐 Started: 2025-10-21 13:04:55
2025-10-21 13:14:27,771 - experiments.framework - INFO - 🕑 Finished: 2025-10-21 13:14:27
2025-10-21 13:14:27,771 - experiments.framework - INFO - 🕑 Finished: 2025-10-21 13:14:27
2025-10-21 13:14:27,771 - experiments.framework - INFO - Experiment completed successfully: robustness_tests_20251021_130455
2025-10-21 13:14:27,771 - experiments.framework - INFO - Experiment completed successfully: robustness_tests_20251021_130455
2025-10-21 13:14:27,771 - experiments.framework - INFO - 🧹 Performing comprehensive memory cleanup...
2025-10-21 13:14:27,771 - experiments.framework - INFO - 🧹 Performing comprehensive memory cleanup...
2025-10-21 13:14:27,810 - experiments.framework - INFO - Garbage collection freed 63 objects
2025-10-21 13:14:27,810 - experiments.framework - INFO - Garbage collection freed 63 objects
2025-10-21 13:14:27,948 - experiments.framework - INFO - GPU memory cleanup attempted
2025-10-21 13:14:27,948 - experiments.framework - INFO - GPU memory cleanup attempted
2025-10-21 13:14:28,950 - experiments.framework - INFO - ✅ Comprehensive memory cleanup completed
2025-10-21 13:14:28,950 - experiments.framework - INFO - ✅ Comprehensive memory cleanup completed
2025-10-21 13:14:28,982 - experiments.framework - INFO - Pickle saving disabled to prevent large files - using JSON and CSV instead
2025-10-21 13:14:28,982 - experiments.framework - INFO - Pickle saving disabled to prevent large files - using JSON and CSV instead
2025-10-21 13:14:28,986 - experiments.framework - INFO - Saving 1 plots to /cs/student/msc/aibh/2024/madhavan/sgfa_qmap-pd/results/all_rois-sn_conf-age+sex+tiv_K50_percW33_MAD3.0_run_20251021_130437/robustness_tests_fixed_K50_percW33_slab4_2_MAD3.0_tree10_20251021_130455/plots
2025-10-21 13:14:28,986 - experiments.framework - INFO - Saving 1 plots to /cs/student/msc/aibh/2024/madhavan/sgfa_qmap-pd/results/all_rois-sn_conf-age+sex+tiv_K50_percW33_MAD3.0_run_20251021_130437/robustness_tests_fixed_K50_percW33_slab4_2_MAD3.0_tree10_20251021_130455/plots
2025-10-21 13:14:29,443 - experiments.framework - INFO -   ✅ Saved plot: robustness_summary
2025-10-21 13:14:29,443 - experiments.framework - INFO -   ✅ Saved plot: robustness_summary
2025-10-21 13:14:29,443 - experiments.framework - INFO - All plots saved to: /cs/student/msc/aibh/2024/madhavan/sgfa_qmap-pd/results/all_rois-sn_conf-age+sex+tiv_K50_percW33_MAD3.0_run_20251021_130437/robustness_tests_fixed_K50_percW33_slab4_2_MAD3.0_tree10_20251021_130455/plots
2025-10-21 13:14:29,443 - experiments.framework - INFO - All plots saved to: /cs/student/msc/aibh/2024/madhavan/sgfa_qmap-pd/results/all_rois-sn_conf-age+sex+tiv_K50_percW33_MAD3.0_run_20251021_130437/robustness_tests_fixed_K50_percW33_slab4_2_MAD3.0_tree10_20251021_130455/plots
