2025-10-18 14:24:45,936 - experiments.framework - INFO - ExperimentFramework initialized with output dir: /cs/student/msc/aibh/2024/madhavan/sgfa_qmap-pd/results/all_rois-sn_conf-age+sex+tiv_K2_percW33_MAD3.0_run_20251018_142445
2025-10-18 14:24:45,950 - experiments.framework - INFO - Starting experiment: data_validation_20251018_142445
2025-10-18 14:24:55,339 - experiments.framework - INFO - 🏁 EXPERIMENT COMPLETED: data_validation_20251018_142445
2025-10-18 14:24:55,339 - experiments.framework - INFO - ⏱️  TOTAL RUNTIME: 9.4 seconds
2025-10-18 14:24:55,339 - experiments.framework - INFO - 🕐 Started: 2025-10-18 14:24:45
2025-10-18 14:24:55,339 - experiments.framework - INFO - 🕑 Finished: 2025-10-18 14:24:55
2025-10-18 14:24:55,339 - experiments.framework - INFO - Experiment completed successfully: data_validation_20251018_142445
2025-10-18 14:24:55,339 - experiments.framework - INFO - 🧹 Performing comprehensive memory cleanup...
2025-10-18 14:24:55,421 - experiments.framework - INFO - Garbage collection freed 18248 objects
2025-10-18 14:24:55,684 - experiments.framework - INFO - GPU memory cleanup attempted
2025-10-18 14:24:56,685 - experiments.framework - INFO - ✅ Comprehensive memory cleanup completed
2025-10-18 14:24:56,834 - experiments.framework - INFO - Pickle saving disabled to prevent large files - using JSON and CSV instead
2025-10-18 14:24:56,840 - experiments.framework - INFO - Saving 3 plots to /cs/student/msc/aibh/2024/madhavan/sgfa_qmap-pd/results/all_rois-sn_conf-age+sex+tiv_K2_percW33_MAD3.0_run_20251018_142445/data_validation_tree10_20251018_142445/plots
2025-10-18 14:24:58,715 - experiments.framework - INFO -   ✅ Saved plot: data_distribution_comparison
2025-10-18 14:25:00,589 - experiments.framework - INFO -   ✅ Saved plot: data_validation_feature_reduction
2025-10-18 14:25:01,336 - experiments.framework - INFO -   ✅ Saved plot: data_validation_variance_distribution
2025-10-18 14:25:01,336 - experiments.framework - INFO - All plots saved to: /cs/student/msc/aibh/2024/madhavan/sgfa_qmap-pd/results/all_rois-sn_conf-age+sex+tiv_K2_percW33_MAD3.0_run_20251018_142445/data_validation_tree10_20251018_142445/plots
2025-10-18 14:25:01,423 - experiments.framework - INFO - ExperimentFramework initialized with output dir: /cs/student/msc/aibh/2024/madhavan/sgfa_qmap-pd/results/all_rois-sn_conf-age+sex+tiv_K2_percW33_MAD3.0_run_20251018_142445
2025-10-18 14:25:01,423 - experiments.framework - INFO - ExperimentFramework initialized with output dir: /cs/student/msc/aibh/2024/madhavan/sgfa_qmap-pd/results/all_rois-sn_conf-age+sex+tiv_K2_percW33_MAD3.0_run_20251018_142445
2025-10-18 14:25:01,430 - experiments.framework - INFO - Starting experiment: robustness_tests_20251018_142501
2025-10-18 14:25:01,430 - experiments.framework - INFO - Starting experiment: robustness_tests_20251018_142501
2025-10-18 14:33:44,490 - experiments.framework - INFO - 🏁 EXPERIMENT COMPLETED: robustness_tests_20251018_142501
2025-10-18 14:33:44,490 - experiments.framework - INFO - 🏁 EXPERIMENT COMPLETED: robustness_tests_20251018_142501
2025-10-18 14:33:44,491 - experiments.framework - INFO - ⏱️  TOTAL RUNTIME: 8.7 minutes (523s)
2025-10-18 14:33:44,491 - experiments.framework - INFO - ⏱️  TOTAL RUNTIME: 8.7 minutes (523s)
2025-10-18 14:33:44,491 - experiments.framework - INFO - 🕐 Started: 2025-10-18 14:25:01
2025-10-18 14:33:44,491 - experiments.framework - INFO - 🕐 Started: 2025-10-18 14:25:01
2025-10-18 14:33:44,491 - experiments.framework - INFO - 🕑 Finished: 2025-10-18 14:33:44
2025-10-18 14:33:44,491 - experiments.framework - INFO - 🕑 Finished: 2025-10-18 14:33:44
2025-10-18 14:33:44,491 - experiments.framework - INFO - Experiment completed successfully: robustness_tests_20251018_142501
2025-10-18 14:33:44,491 - experiments.framework - INFO - Experiment completed successfully: robustness_tests_20251018_142501
2025-10-18 14:33:44,491 - experiments.framework - INFO - 🧹 Performing comprehensive memory cleanup...
2025-10-18 14:33:44,491 - experiments.framework - INFO - 🧹 Performing comprehensive memory cleanup...
2025-10-18 14:33:44,573 - experiments.framework - INFO - Garbage collection freed 78 objects
2025-10-18 14:33:44,573 - experiments.framework - INFO - Garbage collection freed 78 objects
2025-10-18 14:33:44,865 - experiments.framework - INFO - GPU memory cleanup attempted
2025-10-18 14:33:44,865 - experiments.framework - INFO - GPU memory cleanup attempted
2025-10-18 14:33:45,866 - experiments.framework - INFO - ✅ Comprehensive memory cleanup completed
2025-10-18 14:33:45,866 - experiments.framework - INFO - ✅ Comprehensive memory cleanup completed
2025-10-18 14:33:45,933 - experiments.framework - INFO - Pickle saving disabled to prevent large files - using JSON and CSV instead
2025-10-18 14:33:45,933 - experiments.framework - INFO - Pickle saving disabled to prevent large files - using JSON and CSV instead
2025-10-18 14:33:45,938 - experiments.framework - INFO - Saving 1 plots to /cs/student/msc/aibh/2024/madhavan/sgfa_qmap-pd/results/all_rois-sn_conf-age+sex+tiv_K2_percW33_MAD3.0_run_20251018_142445/robustness_tests_K2_percW33_slab4_2_MAD3.0_tree10_20251018_142501/plots
2025-10-18 14:33:45,938 - experiments.framework - INFO - Saving 1 plots to /cs/student/msc/aibh/2024/madhavan/sgfa_qmap-pd/results/all_rois-sn_conf-age+sex+tiv_K2_percW33_MAD3.0_run_20251018_142445/robustness_tests_K2_percW33_slab4_2_MAD3.0_tree10_20251018_142501/plots
2025-10-18 14:33:46,866 - experiments.framework - INFO -   ✅ Saved plot: robustness_summary
2025-10-18 14:33:46,866 - experiments.framework - INFO -   ✅ Saved plot: robustness_summary
2025-10-18 14:33:46,866 - experiments.framework - INFO - All plots saved to: /cs/student/msc/aibh/2024/madhavan/sgfa_qmap-pd/results/all_rois-sn_conf-age+sex+tiv_K2_percW33_MAD3.0_run_20251018_142445/robustness_tests_K2_percW33_slab4_2_MAD3.0_tree10_20251018_142501/plots
2025-10-18 14:33:46,866 - experiments.framework - INFO - All plots saved to: /cs/student/msc/aibh/2024/madhavan/sgfa_qmap-pd/results/all_rois-sn_conf-age+sex+tiv_K2_percW33_MAD3.0_run_20251018_142445/robustness_tests_K2_percW33_slab4_2_MAD3.0_tree10_20251018_142501/plots
