2025-10-17 15:50:51,739 - experiments.framework - INFO - ExperimentFramework initialized with output dir: /cs/student/msc/aibh/2024/madhavan/sgfa_qmap-pd/results/all_rois-sn_conf-age+sex+tiv_K20_MAD3.0_run_20251017_155051
2025-10-17 15:50:51,743 - experiments.framework - INFO - Starting experiment: data_validation_20251017_155051
2025-10-17 15:50:53,995 - experiments.framework - INFO - 🏁 EXPERIMENT COMPLETED: data_validation_20251017_155051
2025-10-17 15:50:53,995 - experiments.framework - INFO - ⏱️  TOTAL RUNTIME: 2.3 seconds
2025-10-17 15:50:53,995 - experiments.framework - INFO - 🕐 Started: 2025-10-17 15:50:51
2025-10-17 15:50:53,995 - experiments.framework - INFO - 🕑 Finished: 2025-10-17 15:50:53
2025-10-17 15:50:53,995 - experiments.framework - INFO - Experiment completed successfully: data_validation_20251017_155051
2025-10-17 15:50:53,995 - experiments.framework - INFO - 🧹 Performing comprehensive memory cleanup...
2025-10-17 15:50:54,059 - experiments.framework - INFO - Garbage collection freed 18255 objects
2025-10-17 15:50:54,243 - experiments.framework - INFO - GPU memory cleanup attempted
2025-10-17 15:50:55,243 - experiments.framework - INFO - ✅ Comprehensive memory cleanup completed
2025-10-17 15:50:55,311 - experiments.framework - INFO - Pickle saving disabled to prevent large files - using JSON and CSV instead
2025-10-17 15:50:55,314 - experiments.framework - INFO - Saving 3 plots to /cs/student/msc/aibh/2024/madhavan/sgfa_qmap-pd/results/all_rois-sn_conf-age+sex+tiv_K20_MAD3.0_run_20251017_155051/data_validation_20251017_155051/plots
2025-10-17 15:50:57,076 - experiments.framework - INFO -   ✅ Saved plot: data_distribution_comparison
2025-10-17 15:50:57,810 - experiments.framework - INFO -   ✅ Saved plot: data_validation_feature_reduction
2025-10-17 15:50:58,100 - experiments.framework - INFO -   ✅ Saved plot: data_validation_variance_distribution
2025-10-17 15:50:58,100 - experiments.framework - INFO - All plots saved to: /cs/student/msc/aibh/2024/madhavan/sgfa_qmap-pd/results/all_rois-sn_conf-age+sex+tiv_K20_MAD3.0_run_20251017_155051/data_validation_20251017_155051/plots
2025-10-17 15:50:58,181 - experiments.framework - INFO - ExperimentFramework initialized with output dir: /cs/student/msc/aibh/2024/madhavan/sgfa_qmap-pd/results/all_rois-sn_conf-age+sex+tiv_K20_MAD3.0_run_20251017_155051
2025-10-17 15:50:58,181 - experiments.framework - INFO - ExperimentFramework initialized with output dir: /cs/student/msc/aibh/2024/madhavan/sgfa_qmap-pd/results/all_rois-sn_conf-age+sex+tiv_K20_MAD3.0_run_20251017_155051
2025-10-17 15:50:58,188 - experiments.framework - INFO - Starting experiment: robustness_tests_20251017_155058
2025-10-17 15:50:58,188 - experiments.framework - INFO - Starting experiment: robustness_tests_20251017_155058
2025-10-17 16:01:13,550 - experiments.framework - INFO - 🏁 EXPERIMENT COMPLETED: robustness_tests_20251017_155058
2025-10-17 16:01:13,550 - experiments.framework - INFO - 🏁 EXPERIMENT COMPLETED: robustness_tests_20251017_155058
2025-10-17 16:01:13,550 - experiments.framework - INFO - ⏱️  TOTAL RUNTIME: 10.3 minutes (615s)
2025-10-17 16:01:13,550 - experiments.framework - INFO - ⏱️  TOTAL RUNTIME: 10.3 minutes (615s)
2025-10-17 16:01:13,551 - experiments.framework - INFO - 🕐 Started: 2025-10-17 15:50:58
2025-10-17 16:01:13,551 - experiments.framework - INFO - 🕐 Started: 2025-10-17 15:50:58
2025-10-17 16:01:13,551 - experiments.framework - INFO - 🕑 Finished: 2025-10-17 16:01:13
2025-10-17 16:01:13,551 - experiments.framework - INFO - 🕑 Finished: 2025-10-17 16:01:13
2025-10-17 16:01:13,551 - experiments.framework - INFO - Experiment completed successfully: robustness_tests_20251017_155058
2025-10-17 16:01:13,551 - experiments.framework - INFO - Experiment completed successfully: robustness_tests_20251017_155058
2025-10-17 16:01:13,551 - experiments.framework - INFO - 🧹 Performing comprehensive memory cleanup...
2025-10-17 16:01:13,551 - experiments.framework - INFO - 🧹 Performing comprehensive memory cleanup...
2025-10-17 16:01:13,622 - experiments.framework - INFO - Garbage collection freed 105 objects
2025-10-17 16:01:13,622 - experiments.framework - INFO - Garbage collection freed 105 objects
2025-10-17 16:01:13,853 - experiments.framework - INFO - GPU memory cleanup attempted
2025-10-17 16:01:13,853 - experiments.framework - INFO - GPU memory cleanup attempted
2025-10-17 16:01:14,854 - experiments.framework - INFO - ✅ Comprehensive memory cleanup completed
2025-10-17 16:01:14,854 - experiments.framework - INFO - ✅ Comprehensive memory cleanup completed
2025-10-17 16:01:14,880 - experiments.framework - INFO - Pickle saving disabled to prevent large files - using JSON and CSV instead
2025-10-17 16:01:14,880 - experiments.framework - INFO - Pickle saving disabled to prevent large files - using JSON and CSV instead
2025-10-17 16:01:14,882 - experiments.framework - INFO - Saving 1 plots to /cs/student/msc/aibh/2024/madhavan/sgfa_qmap-pd/results/all_rois-sn_conf-age+sex+tiv_K20_MAD3.0_run_20251017_155051/robustness_tests_K20_percW33_slab4_2_20251017_155058/plots
2025-10-17 16:01:14,882 - experiments.framework - INFO - Saving 1 plots to /cs/student/msc/aibh/2024/madhavan/sgfa_qmap-pd/results/all_rois-sn_conf-age+sex+tiv_K20_MAD3.0_run_20251017_155051/robustness_tests_K20_percW33_slab4_2_20251017_155058/plots
2025-10-17 16:01:15,268 - experiments.framework - INFO -   ✅ Saved plot: robustness_summary
2025-10-17 16:01:15,268 - experiments.framework - INFO -   ✅ Saved plot: robustness_summary
2025-10-17 16:01:15,268 - experiments.framework - INFO - All plots saved to: /cs/student/msc/aibh/2024/madhavan/sgfa_qmap-pd/results/all_rois-sn_conf-age+sex+tiv_K20_MAD3.0_run_20251017_155051/robustness_tests_K20_percW33_slab4_2_20251017_155058/plots
2025-10-17 16:01:15,268 - experiments.framework - INFO - All plots saved to: /cs/student/msc/aibh/2024/madhavan/sgfa_qmap-pd/results/all_rois-sn_conf-age+sex+tiv_K20_MAD3.0_run_20251017_155051/robustness_tests_K20_percW33_slab4_2_20251017_155058/plots
