2025-10-19 21:29:24,496 - experiments.framework - INFO - ExperimentFramework initialized with output dir: /cs/student/msc/aibh/2024/madhavan/sgfa_qmap-pd/results/all_rois-sn_run_20251019_212924
2025-10-19 21:29:24,500 - experiments.framework - INFO - Starting experiment: data_validation_20251019_212924
2025-10-19 21:29:24,734 - experiments.framework - INFO - 🏁 EXPERIMENT COMPLETED: data_validation_20251019_212924
2025-10-19 21:29:24,734 - experiments.framework - INFO - ⏱️  TOTAL RUNTIME: 0.2 seconds
2025-10-19 21:29:24,734 - experiments.framework - INFO - 🕐 Started: 2025-10-19 21:29:24
2025-10-19 21:29:24,734 - experiments.framework - INFO - 🕑 Finished: 2025-10-19 21:29:24
2025-10-19 21:29:24,734 - experiments.framework - INFO - Experiment completed successfully: data_validation_20251019_212924
2025-10-19 21:29:24,734 - experiments.framework - INFO - 🧹 Performing comprehensive memory cleanup...
2025-10-19 21:29:24,760 - experiments.framework - INFO - Garbage collection freed 0 objects
2025-10-19 21:29:24,852 - experiments.framework - INFO - GPU memory cleanup attempted
2025-10-19 21:29:25,854 - experiments.framework - INFO - ✅ Comprehensive memory cleanup completed
2025-10-19 21:29:25,858 - experiments.framework - INFO - Pickle saving disabled to prevent large files - using JSON and CSV instead
2025-10-19 21:29:26,109 - experiments.framework - INFO - ExperimentFramework initialized with output dir: /cs/student/msc/aibh/2024/madhavan/sgfa_qmap-pd/results/all_rois-sn_run_20251019_212924
2025-10-19 21:29:26,109 - experiments.framework - INFO - ExperimentFramework initialized with output dir: /cs/student/msc/aibh/2024/madhavan/sgfa_qmap-pd/results/all_rois-sn_run_20251019_212924
2025-10-19 21:29:26,117 - experiments.framework - INFO - Starting experiment: robustness_tests_20251019_212926
2025-10-19 21:29:26,117 - experiments.framework - INFO - Starting experiment: robustness_tests_20251019_212926
2025-10-19 21:30:06,217 - experiments.framework - INFO - 🏁 EXPERIMENT COMPLETED: robustness_tests_20251019_212926
2025-10-19 21:30:06,217 - experiments.framework - INFO - 🏁 EXPERIMENT COMPLETED: robustness_tests_20251019_212926
2025-10-19 21:30:06,217 - experiments.framework - INFO - ⏱️  TOTAL RUNTIME: 40.1 seconds
2025-10-19 21:30:06,217 - experiments.framework - INFO - ⏱️  TOTAL RUNTIME: 40.1 seconds
2025-10-19 21:30:06,217 - experiments.framework - INFO - 🕐 Started: 2025-10-19 21:29:26
2025-10-19 21:30:06,217 - experiments.framework - INFO - 🕐 Started: 2025-10-19 21:29:26
2025-10-19 21:30:06,217 - experiments.framework - INFO - 🕑 Finished: 2025-10-19 21:30:06
2025-10-19 21:30:06,217 - experiments.framework - INFO - 🕑 Finished: 2025-10-19 21:30:06
2025-10-19 21:30:06,217 - experiments.framework - INFO - Experiment completed successfully: robustness_tests_20251019_212926
2025-10-19 21:30:06,217 - experiments.framework - INFO - Experiment completed successfully: robustness_tests_20251019_212926
2025-10-19 21:30:06,217 - experiments.framework - INFO - 🧹 Performing comprehensive memory cleanup...
2025-10-19 21:30:06,217 - experiments.framework - INFO - 🧹 Performing comprehensive memory cleanup...
2025-10-19 21:30:06,251 - experiments.framework - INFO - Garbage collection freed 13 objects
2025-10-19 21:30:06,251 - experiments.framework - INFO - Garbage collection freed 13 objects
2025-10-19 21:30:06,370 - experiments.framework - INFO - GPU memory cleanup attempted
2025-10-19 21:30:06,370 - experiments.framework - INFO - GPU memory cleanup attempted
2025-10-19 21:30:07,371 - experiments.framework - INFO - ✅ Comprehensive memory cleanup completed
2025-10-19 21:30:07,371 - experiments.framework - INFO - ✅ Comprehensive memory cleanup completed
2025-10-19 21:30:07,400 - experiments.framework - INFO - Pickle saving disabled to prevent large files - using JSON and CSV instead
2025-10-19 21:30:07,400 - experiments.framework - INFO - Pickle saving disabled to prevent large files - using JSON and CSV instead
2025-10-19 21:30:07,404 - experiments.framework - INFO - Saving 1 plots to /cs/student/msc/aibh/2024/madhavan/sgfa_qmap-pd/results/all_rois-sn_run_20251019_212924/robustness_tests_K2_percW33_slab4_2_20251019_212926/plots
2025-10-19 21:30:07,404 - experiments.framework - INFO - Saving 1 plots to /cs/student/msc/aibh/2024/madhavan/sgfa_qmap-pd/results/all_rois-sn_run_20251019_212924/robustness_tests_K2_percW33_slab4_2_20251019_212926/plots
2025-10-19 21:30:07,827 - experiments.framework - INFO -   ✅ Saved plot: robustness_summary
2025-10-19 21:30:07,827 - experiments.framework - INFO -   ✅ Saved plot: robustness_summary
2025-10-19 21:30:07,827 - experiments.framework - INFO - All plots saved to: /cs/student/msc/aibh/2024/madhavan/sgfa_qmap-pd/results/all_rois-sn_run_20251019_212924/robustness_tests_K2_percW33_slab4_2_20251019_212926/plots
2025-10-19 21:30:07,827 - experiments.framework - INFO - All plots saved to: /cs/student/msc/aibh/2024/madhavan/sgfa_qmap-pd/results/all_rois-sn_run_20251019_212924/robustness_tests_K2_percW33_slab4_2_20251019_212926/plots
