2025-10-20 11:39:31,680 - experiments.framework - INFO - ExperimentFramework initialized with output dir: /cs/student/msc/aibh/2024/madhavan/sgfa_qmap-pd/results/all_rois-sn_conf-age+sex+tiv_K2_percW33_MAD3.0_run_20251020_113931
2025-10-20 11:39:31,692 - experiments.framework - INFO - Starting experiment: data_validation_20251020_113931
2025-10-20 11:39:41,931 - experiments.framework - INFO - 🏁 EXPERIMENT COMPLETED: data_validation_20251020_113931
2025-10-20 11:39:41,932 - experiments.framework - INFO - ⏱️  TOTAL RUNTIME: 10.3 seconds
2025-10-20 11:39:41,932 - experiments.framework - INFO - 🕐 Started: 2025-10-20 11:39:31
2025-10-20 11:39:41,932 - experiments.framework - INFO - 🕑 Finished: 2025-10-20 11:39:41
2025-10-20 11:39:41,932 - experiments.framework - INFO - Experiment completed successfully: data_validation_20251020_113931
2025-10-20 11:39:41,932 - experiments.framework - INFO - 🧹 Performing comprehensive memory cleanup...
2025-10-20 11:39:41,967 - experiments.framework - INFO - Garbage collection freed 0 objects
2025-10-20 11:39:42,094 - experiments.framework - INFO - GPU memory cleanup attempted
2025-10-20 11:39:43,095 - experiments.framework - INFO - ✅ Comprehensive memory cleanup completed
2025-10-20 11:39:43,195 - experiments.framework - INFO - Pickle saving disabled to prevent large files - using JSON and CSV instead
2025-10-20 11:39:43,199 - experiments.framework - INFO - Saving 6 plots to /cs/student/msc/aibh/2024/madhavan/sgfa_qmap-pd/results/all_rois-sn_conf-age+sex+tiv_K2_percW33_MAD3.0_run_20251020_113931/data_validation_tree10_20251020_113931/plots
2025-10-20 11:39:44,164 - experiments.framework - INFO -   ✅ Saved plot: data_distribution_comparison
2025-10-20 11:39:45,120 - experiments.framework - INFO -   ✅ Saved plot: covariance_analysis
2025-10-20 11:39:46,111 - experiments.framework - INFO -   ✅ Saved plot: data_validation_block_covariance_matrix
2025-10-20 11:39:48,416 - experiments.framework - INFO -   ✅ Saved plot: data_validation_inter_vs_intra_correlation
2025-10-20 11:39:48,782 - experiments.framework - INFO -   ✅ Saved plot: data_validation_feature_reduction
2025-10-20 11:39:49,744 - experiments.framework - INFO -   ✅ Saved plot: data_validation_variance_distribution
2025-10-20 11:39:49,744 - experiments.framework - INFO - All plots saved to: /cs/student/msc/aibh/2024/madhavan/sgfa_qmap-pd/results/all_rois-sn_conf-age+sex+tiv_K2_percW33_MAD3.0_run_20251020_113931/data_validation_tree10_20251020_113931/plots
2025-10-20 11:39:49,791 - experiments.framework - INFO - ExperimentFramework initialized with output dir: /cs/student/msc/aibh/2024/madhavan/sgfa_qmap-pd/results/all_rois-sn_conf-age+sex+tiv_K2_percW33_MAD3.0_run_20251020_113931
2025-10-20 11:39:49,791 - experiments.framework - INFO - ExperimentFramework initialized with output dir: /cs/student/msc/aibh/2024/madhavan/sgfa_qmap-pd/results/all_rois-sn_conf-age+sex+tiv_K2_percW33_MAD3.0_run_20251020_113931
2025-10-20 11:39:49,797 - experiments.framework - INFO - Starting experiment: robustness_tests_20251020_113949
2025-10-20 11:39:49,797 - experiments.framework - INFO - Starting experiment: robustness_tests_20251020_113949
2025-10-20 11:48:45,983 - experiments.framework - INFO - 🏁 EXPERIMENT COMPLETED: robustness_tests_20251020_113949
2025-10-20 11:48:45,983 - experiments.framework - INFO - 🏁 EXPERIMENT COMPLETED: robustness_tests_20251020_113949
2025-10-20 11:48:45,984 - experiments.framework - INFO - ⏱️  TOTAL RUNTIME: 8.9 minutes (536s)
2025-10-20 11:48:45,984 - experiments.framework - INFO - ⏱️  TOTAL RUNTIME: 8.9 minutes (536s)
2025-10-20 11:48:45,984 - experiments.framework - INFO - 🕐 Started: 2025-10-20 11:39:49
2025-10-20 11:48:45,984 - experiments.framework - INFO - 🕐 Started: 2025-10-20 11:39:49
2025-10-20 11:48:45,984 - experiments.framework - INFO - 🕑 Finished: 2025-10-20 11:48:45
2025-10-20 11:48:45,984 - experiments.framework - INFO - 🕑 Finished: 2025-10-20 11:48:45
2025-10-20 11:48:45,984 - experiments.framework - INFO - Experiment completed successfully: robustness_tests_20251020_113949
2025-10-20 11:48:45,984 - experiments.framework - INFO - Experiment completed successfully: robustness_tests_20251020_113949
2025-10-20 11:48:45,984 - experiments.framework - INFO - 🧹 Performing comprehensive memory cleanup...
2025-10-20 11:48:45,984 - experiments.framework - INFO - 🧹 Performing comprehensive memory cleanup...
2025-10-20 11:48:46,022 - experiments.framework - INFO - Garbage collection freed 83 objects
2025-10-20 11:48:46,022 - experiments.framework - INFO - Garbage collection freed 83 objects
2025-10-20 11:48:46,165 - experiments.framework - INFO - GPU memory cleanup attempted
2025-10-20 11:48:46,165 - experiments.framework - INFO - GPU memory cleanup attempted
2025-10-20 11:48:47,167 - experiments.framework - INFO - ✅ Comprehensive memory cleanup completed
2025-10-20 11:48:47,167 - experiments.framework - INFO - ✅ Comprehensive memory cleanup completed
2025-10-20 11:48:47,199 - experiments.framework - INFO - Pickle saving disabled to prevent large files - using JSON and CSV instead
2025-10-20 11:48:47,199 - experiments.framework - INFO - Pickle saving disabled to prevent large files - using JSON and CSV instead
2025-10-20 11:48:47,204 - experiments.framework - INFO - Saving 1 plots to /cs/student/msc/aibh/2024/madhavan/sgfa_qmap-pd/results/all_rois-sn_conf-age+sex+tiv_K2_percW33_MAD3.0_run_20251020_113931/robustness_tests_fixed_K2_percW33_slab4_2_MAD3.0_tree10_20251020_113949/plots
2025-10-20 11:48:47,204 - experiments.framework - INFO - Saving 1 plots to /cs/student/msc/aibh/2024/madhavan/sgfa_qmap-pd/results/all_rois-sn_conf-age+sex+tiv_K2_percW33_MAD3.0_run_20251020_113931/robustness_tests_fixed_K2_percW33_slab4_2_MAD3.0_tree10_20251020_113949/plots
2025-10-20 11:48:47,674 - experiments.framework - INFO -   ✅ Saved plot: robustness_summary
2025-10-20 11:48:47,674 - experiments.framework - INFO -   ✅ Saved plot: robustness_summary
2025-10-20 11:48:47,674 - experiments.framework - INFO - All plots saved to: /cs/student/msc/aibh/2024/madhavan/sgfa_qmap-pd/results/all_rois-sn_conf-age+sex+tiv_K2_percW33_MAD3.0_run_20251020_113931/robustness_tests_fixed_K2_percW33_slab4_2_MAD3.0_tree10_20251020_113949/plots
2025-10-20 11:48:47,674 - experiments.framework - INFO - All plots saved to: /cs/student/msc/aibh/2024/madhavan/sgfa_qmap-pd/results/all_rois-sn_conf-age+sex+tiv_K2_percW33_MAD3.0_run_20251020_113931/robustness_tests_fixed_K2_percW33_slab4_2_MAD3.0_tree10_20251020_113949/plots
