2025-10-19 21:59:04,445 - experiments.framework - INFO - ExperimentFramework initialized with output dir: /cs/student/msc/aibh/2024/madhavan/sgfa_qmap-pd/results/all_rois-sn_run_20251019_215904
2025-10-19 21:59:04,453 - experiments.framework - INFO - Starting experiment: data_validation_20251019_215904
2025-10-19 21:59:04,950 - experiments.framework - INFO - 🏁 EXPERIMENT COMPLETED: data_validation_20251019_215904
2025-10-19 21:59:04,950 - experiments.framework - INFO - ⏱️  TOTAL RUNTIME: 0.5 seconds
2025-10-19 21:59:04,950 - experiments.framework - INFO - 🕐 Started: 2025-10-19 21:59:04
2025-10-19 21:59:04,950 - experiments.framework - INFO - 🕑 Finished: 2025-10-19 21:59:04
2025-10-19 21:59:04,950 - experiments.framework - INFO - Experiment completed successfully: data_validation_20251019_215904
2025-10-19 21:59:04,950 - experiments.framework - INFO - 🧹 Performing comprehensive memory cleanup...
2025-10-19 21:59:05,012 - experiments.framework - INFO - Garbage collection freed 0 objects
2025-10-19 21:59:05,226 - experiments.framework - INFO - GPU memory cleanup attempted
2025-10-19 21:59:06,227 - experiments.framework - INFO - ✅ Comprehensive memory cleanup completed
2025-10-19 21:59:06,231 - experiments.framework - INFO - Pickle saving disabled to prevent large files - using JSON and CSV instead
2025-10-19 21:59:06,731 - experiments.framework - INFO - ExperimentFramework initialized with output dir: /cs/student/msc/aibh/2024/madhavan/sgfa_qmap-pd/results/all_rois-sn_run_20251019_215904
2025-10-19 21:59:06,731 - experiments.framework - INFO - ExperimentFramework initialized with output dir: /cs/student/msc/aibh/2024/madhavan/sgfa_qmap-pd/results/all_rois-sn_run_20251019_215904
2025-10-19 21:59:06,740 - experiments.framework - INFO - Starting experiment: robustness_tests_20251019_215906
2025-10-19 21:59:06,740 - experiments.framework - INFO - Starting experiment: robustness_tests_20251019_215906
2025-10-19 22:28:41,245 - experiments.framework - INFO - 🧹 Performing comprehensive memory cleanup...
2025-10-19 22:28:41,245 - experiments.framework - INFO - 🧹 Performing comprehensive memory cleanup...
2025-10-19 22:28:41,352 - experiments.framework - INFO - Garbage collection freed 0 objects
2025-10-19 22:28:41,352 - experiments.framework - INFO - Garbage collection freed 0 objects
2025-10-19 22:28:41,721 - experiments.framework - INFO - GPU memory cleanup attempted
2025-10-19 22:28:41,721 - experiments.framework - INFO - GPU memory cleanup attempted
2025-10-19 22:28:42,722 - experiments.framework - INFO - ✅ Comprehensive memory cleanup completed
2025-10-19 22:28:42,722 - experiments.framework - INFO - ✅ Comprehensive memory cleanup completed
