2025-10-15 14:22:24,958 - experiments.framework - INFO - ExperimentFramework initialized with output dir: /cs/student/msc/aibh/2024/madhavan/sgfa_qmap-pd/results/all_rois-sn_conf-age+sex+tiv_K5_MAD4.0_run_20251015_142224
2025-10-15 14:22:24,961 - experiments.framework - INFO - Starting experiment: data_validation_20251015_142224
2025-10-15 14:22:27,519 - experiments.framework - INFO - 🏁 EXPERIMENT COMPLETED: data_validation_20251015_142224
2025-10-15 14:22:27,519 - experiments.framework - INFO - ⏱️  TOTAL RUNTIME: 2.6 seconds
2025-10-15 14:22:27,519 - experiments.framework - INFO - 🕐 Started: 2025-10-15 14:22:24
2025-10-15 14:22:27,519 - experiments.framework - INFO - 🕑 Finished: 2025-10-15 14:22:27
2025-10-15 14:22:27,519 - experiments.framework - INFO - Experiment completed successfully: data_validation_20251015_142224
2025-10-15 14:22:27,519 - experiments.framework - INFO - 🧹 Performing comprehensive memory cleanup...
2025-10-15 14:22:27,552 - experiments.framework - INFO - Garbage collection freed 18715 objects
2025-10-15 14:22:27,657 - experiments.framework - INFO - GPU memory cleanup attempted
2025-10-15 14:22:28,657 - experiments.framework - INFO - ✅ Comprehensive memory cleanup completed
2025-10-15 14:22:28,720 - experiments.framework - INFO - Pickle saving disabled to prevent large files - using JSON and CSV instead
2025-10-15 14:22:28,723 - experiments.framework - INFO - Saving 3 plots to /cs/student/msc/aibh/2024/madhavan/sgfa_qmap-pd/results/all_rois-sn_conf-age+sex+tiv_K5_MAD4.0_run_20251015_142224/data_validation_20251015_142224/plots
2025-10-15 14:22:29,813 - experiments.framework - INFO -   ✅ Saved plot: data_distribution_comparison
2025-10-15 14:22:30,816 - experiments.framework - INFO -   ✅ Saved plot: data_validation_feature_reduction
2025-10-15 14:22:31,183 - experiments.framework - INFO -   ✅ Saved plot: data_validation_variance_distribution
2025-10-15 14:22:31,183 - experiments.framework - INFO - All plots saved to: /cs/student/msc/aibh/2024/madhavan/sgfa_qmap-pd/results/all_rois-sn_conf-age+sex+tiv_K5_MAD4.0_run_20251015_142224/data_validation_20251015_142224/plots
2025-10-15 14:22:31,223 - experiments.framework - INFO - ExperimentFramework initialized with output dir: /cs/student/msc/aibh/2024/madhavan/sgfa_qmap-pd/results/all_rois-sn_conf-age+sex+tiv_K5_MAD4.0_run_20251015_142224
2025-10-15 14:22:31,223 - experiments.framework - INFO - ExperimentFramework initialized with output dir: /cs/student/msc/aibh/2024/madhavan/sgfa_qmap-pd/results/all_rois-sn_conf-age+sex+tiv_K5_MAD4.0_run_20251015_142224
2025-10-15 14:22:31,228 - experiments.framework - INFO - Starting experiment: robustness_tests_20251015_142231
2025-10-15 14:22:31,228 - experiments.framework - INFO - Starting experiment: robustness_tests_20251015_142231
2025-10-15 14:32:37,425 - experiments.framework - INFO - 🏁 EXPERIMENT COMPLETED: robustness_tests_20251015_142231
2025-10-15 14:32:37,425 - experiments.framework - INFO - 🏁 EXPERIMENT COMPLETED: robustness_tests_20251015_142231
2025-10-15 14:32:37,427 - experiments.framework - INFO - ⏱️  TOTAL RUNTIME: 10.1 minutes (606s)
2025-10-15 14:32:37,427 - experiments.framework - INFO - ⏱️  TOTAL RUNTIME: 10.1 minutes (606s)
2025-10-15 14:32:37,427 - experiments.framework - INFO - 🕐 Started: 2025-10-15 14:22:31
2025-10-15 14:32:37,427 - experiments.framework - INFO - 🕐 Started: 2025-10-15 14:22:31
2025-10-15 14:32:37,427 - experiments.framework - INFO - 🕑 Finished: 2025-10-15 14:32:37
2025-10-15 14:32:37,427 - experiments.framework - INFO - 🕑 Finished: 2025-10-15 14:32:37
2025-10-15 14:32:37,427 - experiments.framework - INFO - Experiment completed successfully: robustness_tests_20251015_142231
2025-10-15 14:32:37,427 - experiments.framework - INFO - Experiment completed successfully: robustness_tests_20251015_142231
2025-10-15 14:32:37,427 - experiments.framework - INFO - 🧹 Performing comprehensive memory cleanup...
2025-10-15 14:32:37,427 - experiments.framework - INFO - 🧹 Performing comprehensive memory cleanup...
2025-10-15 14:32:37,504 - experiments.framework - INFO - Garbage collection freed 125 objects
2025-10-15 14:32:37,504 - experiments.framework - INFO - Garbage collection freed 125 objects
2025-10-15 14:32:37,796 - experiments.framework - INFO - GPU memory cleanup attempted
2025-10-15 14:32:37,796 - experiments.framework - INFO - GPU memory cleanup attempted
2025-10-15 14:32:38,798 - experiments.framework - INFO - ✅ Comprehensive memory cleanup completed
2025-10-15 14:32:38,798 - experiments.framework - INFO - ✅ Comprehensive memory cleanup completed
2025-10-15 14:32:38,829 - experiments.framework - INFO - Pickle saving disabled to prevent large files - using JSON and CSV instead
2025-10-15 14:32:38,829 - experiments.framework - INFO - Pickle saving disabled to prevent large files - using JSON and CSV instead
2025-10-15 14:32:38,832 - experiments.framework - INFO - Saving 1 plots to /cs/student/msc/aibh/2024/madhavan/sgfa_qmap-pd/results/all_rois-sn_conf-age+sex+tiv_K5_MAD4.0_run_20251015_142224/robustness_tests_20251015_142231/plots
2025-10-15 14:32:38,832 - experiments.framework - INFO - Saving 1 plots to /cs/student/msc/aibh/2024/madhavan/sgfa_qmap-pd/results/all_rois-sn_conf-age+sex+tiv_K5_MAD4.0_run_20251015_142224/robustness_tests_20251015_142231/plots
2025-10-15 14:32:39,298 - experiments.framework - INFO -   ✅ Saved plot: robustness_summary
2025-10-15 14:32:39,298 - experiments.framework - INFO -   ✅ Saved plot: robustness_summary
2025-10-15 14:32:39,298 - experiments.framework - INFO - All plots saved to: /cs/student/msc/aibh/2024/madhavan/sgfa_qmap-pd/results/all_rois-sn_conf-age+sex+tiv_K5_MAD4.0_run_20251015_142224/robustness_tests_20251015_142231/plots
2025-10-15 14:32:39,298 - experiments.framework - INFO - All plots saved to: /cs/student/msc/aibh/2024/madhavan/sgfa_qmap-pd/results/all_rois-sn_conf-age+sex+tiv_K5_MAD4.0_run_20251015_142224/robustness_tests_20251015_142231/plots
2025-10-15 19:10:49,109 - experiments.framework - INFO - ExperimentFramework initialized with output dir: /cs/student/msc/aibh/2024/madhavan/sgfa_qmap-pd/results/all_rois-sn_conf-age+sex+tiv_K5_MAD4.0_run_20251015_142224
2025-10-15 19:10:49,109 - experiments.framework - INFO - ExperimentFramework initialized with output dir: /cs/student/msc/aibh/2024/madhavan/sgfa_qmap-pd/results/all_rois-sn_conf-age+sex+tiv_K5_MAD4.0_run_20251015_142224
2025-10-15 19:10:49,109 - experiments.framework - INFO - ExperimentFramework initialized with output dir: /cs/student/msc/aibh/2024/madhavan/sgfa_qmap-pd/results/all_rois-sn_conf-age+sex+tiv_K5_MAD4.0_run_20251015_142224
2025-10-15 19:10:49,115 - experiments.framework - INFO - Starting experiment: clinical_validation_20251015_191049
2025-10-15 19:10:49,115 - experiments.framework - INFO - Starting experiment: clinical_validation_20251015_191049
2025-10-15 19:10:49,115 - experiments.framework - INFO - Starting experiment: clinical_validation_20251015_191049
2025-10-15 19:14:42,231 - experiments.framework - INFO - 🏁 EXPERIMENT COMPLETED: clinical_validation_20251015_191049
2025-10-15 19:14:42,231 - experiments.framework - INFO - 🏁 EXPERIMENT COMPLETED: clinical_validation_20251015_191049
2025-10-15 19:14:42,231 - experiments.framework - INFO - 🏁 EXPERIMENT COMPLETED: clinical_validation_20251015_191049
2025-10-15 19:14:42,231 - experiments.framework - INFO - ⏱️  TOTAL RUNTIME: 3.9 minutes (233s)
2025-10-15 19:14:42,231 - experiments.framework - INFO - ⏱️  TOTAL RUNTIME: 3.9 minutes (233s)
2025-10-15 19:14:42,231 - experiments.framework - INFO - ⏱️  TOTAL RUNTIME: 3.9 minutes (233s)
2025-10-15 19:14:42,231 - experiments.framework - INFO - 🕐 Started: 2025-10-15 19:10:49
2025-10-15 19:14:42,231 - experiments.framework - INFO - 🕐 Started: 2025-10-15 19:10:49
2025-10-15 19:14:42,231 - experiments.framework - INFO - 🕐 Started: 2025-10-15 19:10:49
2025-10-15 19:14:42,231 - experiments.framework - INFO - 🕑 Finished: 2025-10-15 19:14:42
2025-10-15 19:14:42,231 - experiments.framework - INFO - 🕑 Finished: 2025-10-15 19:14:42
2025-10-15 19:14:42,231 - experiments.framework - INFO - 🕑 Finished: 2025-10-15 19:14:42
2025-10-15 19:14:42,231 - experiments.framework - INFO - Experiment completed successfully: clinical_validation_20251015_191049
2025-10-15 19:14:42,231 - experiments.framework - INFO - Experiment completed successfully: clinical_validation_20251015_191049
2025-10-15 19:14:42,231 - experiments.framework - INFO - Experiment completed successfully: clinical_validation_20251015_191049
2025-10-15 19:14:42,232 - experiments.framework - INFO - 🧹 Performing comprehensive memory cleanup...
2025-10-15 19:14:42,232 - experiments.framework - INFO - 🧹 Performing comprehensive memory cleanup...
2025-10-15 19:14:42,232 - experiments.framework - INFO - 🧹 Performing comprehensive memory cleanup...
2025-10-15 19:14:42,360 - experiments.framework - INFO - Garbage collection freed 790 objects
2025-10-15 19:14:42,360 - experiments.framework - INFO - Garbage collection freed 790 objects
2025-10-15 19:14:42,360 - experiments.framework - INFO - Garbage collection freed 790 objects
2025-10-15 19:14:42,863 - experiments.framework - INFO - GPU memory cleanup attempted
2025-10-15 19:14:42,863 - experiments.framework - INFO - GPU memory cleanup attempted
2025-10-15 19:14:42,863 - experiments.framework - INFO - GPU memory cleanup attempted
2025-10-15 19:14:43,864 - experiments.framework - INFO - ✅ Comprehensive memory cleanup completed
2025-10-15 19:14:43,864 - experiments.framework - INFO - ✅ Comprehensive memory cleanup completed
2025-10-15 19:14:43,864 - experiments.framework - INFO - ✅ Comprehensive memory cleanup completed
2025-10-15 19:14:43,888 - experiments.framework - INFO - Pickle saving disabled to prevent large files - using JSON and CSV instead
2025-10-15 19:14:43,888 - experiments.framework - INFO - Pickle saving disabled to prevent large files - using JSON and CSV instead
2025-10-15 19:14:43,888 - experiments.framework - INFO - Pickle saving disabled to prevent large files - using JSON and CSV instead
2025-10-15 19:14:43,892 - experiments.framework - INFO - Saving 1 plots to /cs/student/msc/aibh/2024/madhavan/sgfa_qmap-pd/results/all_rois-sn_conf-age+sex+tiv_K5_MAD4.0_run_20251015_142224/clinical_validation_20251015_191049/plots
2025-10-15 19:14:43,892 - experiments.framework - INFO - Saving 1 plots to /cs/student/msc/aibh/2024/madhavan/sgfa_qmap-pd/results/all_rois-sn_conf-age+sex+tiv_K5_MAD4.0_run_20251015_142224/clinical_validation_20251015_191049/plots
2025-10-15 19:14:43,892 - experiments.framework - INFO - Saving 1 plots to /cs/student/msc/aibh/2024/madhavan/sgfa_qmap-pd/results/all_rois-sn_conf-age+sex+tiv_K5_MAD4.0_run_20251015_142224/clinical_validation_20251015_191049/plots
2025-10-15 19:14:44,215 - experiments.framework - INFO -   ✅ Saved plot: clinical_validation_summary
2025-10-15 19:14:44,215 - experiments.framework - INFO -   ✅ Saved plot: clinical_validation_summary
2025-10-15 19:14:44,215 - experiments.framework - INFO -   ✅ Saved plot: clinical_validation_summary
2025-10-15 19:14:44,215 - experiments.framework - INFO - All plots saved to: /cs/student/msc/aibh/2024/madhavan/sgfa_qmap-pd/results/all_rois-sn_conf-age+sex+tiv_K5_MAD4.0_run_20251015_142224/clinical_validation_20251015_191049/plots
2025-10-15 19:14:44,215 - experiments.framework - INFO - All plots saved to: /cs/student/msc/aibh/2024/madhavan/sgfa_qmap-pd/results/all_rois-sn_conf-age+sex+tiv_K5_MAD4.0_run_20251015_142224/clinical_validation_20251015_191049/plots
2025-10-15 19:14:44,215 - experiments.framework - INFO - All plots saved to: /cs/student/msc/aibh/2024/madhavan/sgfa_qmap-pd/results/all_rois-sn_conf-age+sex+tiv_K5_MAD4.0_run_20251015_142224/clinical_validation_20251015_191049/plots
