2025-10-21 12:21:55,516 - experiments.framework - INFO - ExperimentFramework initialized with output dir: /cs/student/msc/aibh/2024/madhavan/sgfa_qmap-pd/results/all_rois-sn_conf-age+sex+tiv_K2_percW33_MAD3.0_run_20251021_122155
2025-10-21 12:21:55,519 - experiments.framework - INFO - Starting experiment: data_validation_20251021_122155
2025-10-21 12:22:03,249 - experiments.framework - INFO - 🏁 EXPERIMENT COMPLETED: data_validation_20251021_122155
2025-10-21 12:22:03,250 - experiments.framework - INFO - ⏱️  TOTAL RUNTIME: 7.7 seconds
2025-10-21 12:22:03,250 - experiments.framework - INFO - 🕐 Started: 2025-10-21 12:21:55
2025-10-21 12:22:03,250 - experiments.framework - INFO - 🕑 Finished: 2025-10-21 12:22:03
2025-10-21 12:22:03,250 - experiments.framework - INFO - Experiment completed successfully: data_validation_20251021_122155
2025-10-21 12:22:03,250 - experiments.framework - INFO - 🧹 Performing comprehensive memory cleanup...
2025-10-21 12:22:03,319 - experiments.framework - INFO - Garbage collection freed 0 objects
2025-10-21 12:22:03,508 - experiments.framework - INFO - GPU memory cleanup attempted
2025-10-21 12:22:04,510 - experiments.framework - INFO - ✅ Comprehensive memory cleanup completed
2025-10-21 12:22:04,601 - experiments.framework - INFO - Pickle saving disabled to prevent large files - using JSON and CSV instead
2025-10-21 12:22:04,604 - experiments.framework - INFO - Saving 6 plots to /cs/student/msc/aibh/2024/madhavan/sgfa_qmap-pd/results/all_rois-sn_conf-age+sex+tiv_K2_percW33_MAD3.0_run_20251021_122155/data_validation_tree10_20251021_122155/plots
2025-10-21 12:22:05,346 - experiments.framework - INFO -   ✅ Saved plot: data_distribution_comparison
2025-10-21 12:22:06,075 - experiments.framework - INFO -   ✅ Saved plot: covariance_analysis
2025-10-21 12:22:07,921 - experiments.framework - INFO -   ✅ Saved plot: data_validation_inter_vs_intra_correlation
2025-10-21 12:22:08,681 - experiments.framework - INFO -   ✅ Saved plot: data_validation_block_covariance_matrix
2025-10-21 12:22:08,982 - experiments.framework - INFO -   ✅ Saved plot: data_validation_feature_reduction
2025-10-21 12:22:09,717 - experiments.framework - INFO -   ✅ Saved plot: data_validation_variance_distribution
2025-10-21 12:22:09,717 - experiments.framework - INFO - All plots saved to: /cs/student/msc/aibh/2024/madhavan/sgfa_qmap-pd/results/all_rois-sn_conf-age+sex+tiv_K2_percW33_MAD3.0_run_20251021_122155/data_validation_tree10_20251021_122155/plots
2025-10-21 12:22:09,796 - experiments.framework - INFO - ExperimentFramework initialized with output dir: /cs/student/msc/aibh/2024/madhavan/sgfa_qmap-pd/results/all_rois-sn_conf-age+sex+tiv_K2_percW33_MAD3.0_run_20251021_122155
2025-10-21 12:22:09,796 - experiments.framework - INFO - ExperimentFramework initialized with output dir: /cs/student/msc/aibh/2024/madhavan/sgfa_qmap-pd/results/all_rois-sn_conf-age+sex+tiv_K2_percW33_MAD3.0_run_20251021_122155
2025-10-21 12:22:09,800 - experiments.framework - INFO - Starting experiment: robustness_tests_20251021_122209
2025-10-21 12:22:09,800 - experiments.framework - INFO - Starting experiment: robustness_tests_20251021_122209
2025-10-21 12:22:17,892 - experiments.framework - INFO - 🧹 Performing comprehensive memory cleanup...
2025-10-21 12:22:17,892 - experiments.framework - INFO - 🧹 Performing comprehensive memory cleanup...
2025-10-21 12:22:17,958 - experiments.framework - INFO - Garbage collection freed 0 objects
2025-10-21 12:22:17,958 - experiments.framework - INFO - Garbage collection freed 0 objects
2025-10-21 12:22:18,149 - experiments.framework - INFO - GPU memory cleanup attempted
2025-10-21 12:22:18,149 - experiments.framework - INFO - GPU memory cleanup attempted
2025-10-21 12:22:19,150 - experiments.framework - INFO - ✅ Comprehensive memory cleanup completed
2025-10-21 12:22:19,150 - experiments.framework - INFO - ✅ Comprehensive memory cleanup completed
