2025-10-21 12:23:17,333 - experiments.framework - INFO - ExperimentFramework initialized with output dir: /cs/student/msc/aibh/2024/madhavan/sgfa_qmap-pd/results/all_rois-sn_conf-age+sex+tiv_K2_percW33_MAD3.0_run_20251021_122317
2025-10-21 12:23:17,336 - experiments.framework - INFO - Starting experiment: data_validation_20251021_122317
2025-10-21 12:23:25,322 - experiments.framework - INFO - 🏁 EXPERIMENT COMPLETED: data_validation_20251021_122317
2025-10-21 12:23:25,322 - experiments.framework - INFO - ⏱️  TOTAL RUNTIME: 8.0 seconds
2025-10-21 12:23:25,322 - experiments.framework - INFO - 🕐 Started: 2025-10-21 12:23:17
2025-10-21 12:23:25,322 - experiments.framework - INFO - 🕑 Finished: 2025-10-21 12:23:25
2025-10-21 12:23:25,322 - experiments.framework - INFO - Experiment completed successfully: data_validation_20251021_122317
2025-10-21 12:23:25,322 - experiments.framework - INFO - 🧹 Performing comprehensive memory cleanup...
2025-10-21 12:23:25,391 - experiments.framework - INFO - Garbage collection freed 0 objects
2025-10-21 12:23:25,588 - experiments.framework - INFO - GPU memory cleanup attempted
2025-10-21 12:23:26,589 - experiments.framework - INFO - ✅ Comprehensive memory cleanup completed
2025-10-21 12:23:26,680 - experiments.framework - INFO - Pickle saving disabled to prevent large files - using JSON and CSV instead
2025-10-21 12:23:26,684 - experiments.framework - INFO - Saving 6 plots to /cs/student/msc/aibh/2024/madhavan/sgfa_qmap-pd/results/all_rois-sn_conf-age+sex+tiv_K2_percW33_MAD3.0_run_20251021_122317/data_validation_tree10_20251021_122317/plots
2025-10-21 12:23:27,427 - experiments.framework - INFO -   ✅ Saved plot: data_distribution_comparison
2025-10-21 12:23:28,158 - experiments.framework - INFO -   ✅ Saved plot: covariance_analysis
2025-10-21 12:23:30,002 - experiments.framework - INFO -   ✅ Saved plot: data_validation_inter_vs_intra_correlation
2025-10-21 12:23:30,755 - experiments.framework - INFO -   ✅ Saved plot: data_validation_block_covariance_matrix
2025-10-21 12:23:31,055 - experiments.framework - INFO -   ✅ Saved plot: data_validation_feature_reduction
2025-10-21 12:23:31,791 - experiments.framework - INFO -   ✅ Saved plot: data_validation_variance_distribution
2025-10-21 12:23:31,791 - experiments.framework - INFO - All plots saved to: /cs/student/msc/aibh/2024/madhavan/sgfa_qmap-pd/results/all_rois-sn_conf-age+sex+tiv_K2_percW33_MAD3.0_run_20251021_122317/data_validation_tree10_20251021_122317/plots
2025-10-21 12:23:31,869 - experiments.framework - INFO - ExperimentFramework initialized with output dir: /cs/student/msc/aibh/2024/madhavan/sgfa_qmap-pd/results/all_rois-sn_conf-age+sex+tiv_K2_percW33_MAD3.0_run_20251021_122317
2025-10-21 12:23:31,869 - experiments.framework - INFO - ExperimentFramework initialized with output dir: /cs/student/msc/aibh/2024/madhavan/sgfa_qmap-pd/results/all_rois-sn_conf-age+sex+tiv_K2_percW33_MAD3.0_run_20251021_122317
2025-10-21 12:23:31,873 - experiments.framework - INFO - Starting experiment: robustness_tests_20251021_122331
2025-10-21 12:23:31,873 - experiments.framework - INFO - Starting experiment: robustness_tests_20251021_122331
2025-10-21 12:23:43,252 - experiments.framework - INFO - 🏁 EXPERIMENT COMPLETED: robustness_tests_20251021_122331
2025-10-21 12:23:43,252 - experiments.framework - INFO - 🏁 EXPERIMENT COMPLETED: robustness_tests_20251021_122331
2025-10-21 12:23:43,252 - experiments.framework - INFO - ⏱️  TOTAL RUNTIME: 11.4 seconds
2025-10-21 12:23:43,252 - experiments.framework - INFO - ⏱️  TOTAL RUNTIME: 11.4 seconds
2025-10-21 12:23:43,252 - experiments.framework - INFO - 🕐 Started: 2025-10-21 12:23:31
2025-10-21 12:23:43,252 - experiments.framework - INFO - 🕐 Started: 2025-10-21 12:23:31
2025-10-21 12:23:43,252 - experiments.framework - INFO - 🕑 Finished: 2025-10-21 12:23:43
2025-10-21 12:23:43,252 - experiments.framework - INFO - 🕑 Finished: 2025-10-21 12:23:43
2025-10-21 12:23:43,252 - experiments.framework - INFO - Experiment completed successfully: robustness_tests_20251021_122331
2025-10-21 12:23:43,252 - experiments.framework - INFO - Experiment completed successfully: robustness_tests_20251021_122331
2025-10-21 12:23:43,252 - experiments.framework - INFO - 🧹 Performing comprehensive memory cleanup...
2025-10-21 12:23:43,252 - experiments.framework - INFO - 🧹 Performing comprehensive memory cleanup...
2025-10-21 12:23:43,321 - experiments.framework - INFO - Garbage collection freed 58 objects
2025-10-21 12:23:43,321 - experiments.framework - INFO - Garbage collection freed 58 objects
2025-10-21 12:23:43,519 - experiments.framework - INFO - GPU memory cleanup attempted
2025-10-21 12:23:43,519 - experiments.framework - INFO - GPU memory cleanup attempted
2025-10-21 12:23:44,520 - experiments.framework - INFO - ✅ Comprehensive memory cleanup completed
2025-10-21 12:23:44,520 - experiments.framework - INFO - ✅ Comprehensive memory cleanup completed
2025-10-21 12:23:44,544 - experiments.framework - INFO - Pickle saving disabled to prevent large files - using JSON and CSV instead
2025-10-21 12:23:44,544 - experiments.framework - INFO - Pickle saving disabled to prevent large files - using JSON and CSV instead
2025-10-21 12:23:44,547 - experiments.framework - INFO - Saving 1 plots to /cs/student/msc/aibh/2024/madhavan/sgfa_qmap-pd/results/all_rois-sn_conf-age+sex+tiv_K2_percW33_MAD3.0_run_20251021_122317/robustness_tests_fixed_K2_percW33_slab4_2_MAD3.0_tree10_20251021_122331/plots
2025-10-21 12:23:44,547 - experiments.framework - INFO - Saving 1 plots to /cs/student/msc/aibh/2024/madhavan/sgfa_qmap-pd/results/all_rois-sn_conf-age+sex+tiv_K2_percW33_MAD3.0_run_20251021_122317/robustness_tests_fixed_K2_percW33_slab4_2_MAD3.0_tree10_20251021_122331/plots
2025-10-21 12:23:44,885 - experiments.framework - INFO -   ✅ Saved plot: robustness_summary
2025-10-21 12:23:44,885 - experiments.framework - INFO -   ✅ Saved plot: robustness_summary
2025-10-21 12:23:44,885 - experiments.framework - INFO - All plots saved to: /cs/student/msc/aibh/2024/madhavan/sgfa_qmap-pd/results/all_rois-sn_conf-age+sex+tiv_K2_percW33_MAD3.0_run_20251021_122317/robustness_tests_fixed_K2_percW33_slab4_2_MAD3.0_tree10_20251021_122331/plots
2025-10-21 12:23:44,885 - experiments.framework - INFO - All plots saved to: /cs/student/msc/aibh/2024/madhavan/sgfa_qmap-pd/results/all_rois-sn_conf-age+sex+tiv_K2_percW33_MAD3.0_run_20251021_122317/robustness_tests_fixed_K2_percW33_slab4_2_MAD3.0_tree10_20251021_122331/plots
