2025-10-17 02:46:27,564 - experiments.framework - INFO - ExperimentFramework initialized with output dir: /cs/student/msc/aibh/2024/madhavan/sgfa_qmap-pd/results/all_rois-sn_conf-age+sex+tiv_K20_run_20251017_024627
2025-10-17 02:46:27,567 - experiments.framework - INFO - Starting experiment: data_validation_20251017_024627
2025-10-17 02:46:29,794 - experiments.framework - INFO - 🏁 EXPERIMENT COMPLETED: data_validation_20251017_024627
2025-10-17 02:46:29,794 - experiments.framework - INFO - ⏱️  TOTAL RUNTIME: 2.2 seconds
2025-10-17 02:46:29,794 - experiments.framework - INFO - 🕐 Started: 2025-10-17 02:46:27
2025-10-17 02:46:29,794 - experiments.framework - INFO - 🕑 Finished: 2025-10-17 02:46:29
2025-10-17 02:46:29,794 - experiments.framework - INFO - Experiment completed successfully: data_validation_20251017_024627
2025-10-17 02:46:29,794 - experiments.framework - INFO - 🧹 Performing comprehensive memory cleanup...
2025-10-17 02:46:29,854 - experiments.framework - INFO - Garbage collection freed 18715 objects
2025-10-17 02:46:30,002 - experiments.framework - INFO - GPU memory cleanup attempted
2025-10-17 02:46:31,003 - experiments.framework - INFO - ✅ Comprehensive memory cleanup completed
2025-10-17 02:46:31,063 - experiments.framework - INFO - Pickle saving disabled to prevent large files - using JSON and CSV instead
2025-10-17 02:46:31,066 - experiments.framework - INFO - Saving 3 plots to /cs/student/msc/aibh/2024/madhavan/sgfa_qmap-pd/results/all_rois-sn_conf-age+sex+tiv_K20_run_20251017_024627/data_validation_20251017_024627/plots
2025-10-17 02:46:31,920 - experiments.framework - INFO -   ✅ Saved plot: data_distribution_comparison
2025-10-17 02:46:32,683 - experiments.framework - INFO -   ✅ Saved plot: data_validation_feature_reduction
2025-10-17 02:46:32,986 - experiments.framework - INFO -   ✅ Saved plot: data_validation_variance_distribution
2025-10-17 02:46:32,986 - experiments.framework - INFO - All plots saved to: /cs/student/msc/aibh/2024/madhavan/sgfa_qmap-pd/results/all_rois-sn_conf-age+sex+tiv_K20_run_20251017_024627/data_validation_20251017_024627/plots
2025-10-17 02:46:33,052 - experiments.framework - INFO - ExperimentFramework initialized with output dir: /cs/student/msc/aibh/2024/madhavan/sgfa_qmap-pd/results/all_rois-sn_conf-age+sex+tiv_K20_run_20251017_024627
2025-10-17 02:46:33,052 - experiments.framework - INFO - ExperimentFramework initialized with output dir: /cs/student/msc/aibh/2024/madhavan/sgfa_qmap-pd/results/all_rois-sn_conf-age+sex+tiv_K20_run_20251017_024627
2025-10-17 02:46:33,056 - experiments.framework - INFO - Starting experiment: robustness_tests_20251017_024633
2025-10-17 02:46:33,056 - experiments.framework - INFO - Starting experiment: robustness_tests_20251017_024633
2025-10-17 02:55:03,557 - experiments.framework - INFO - 🏁 EXPERIMENT COMPLETED: robustness_tests_20251017_024633
2025-10-17 02:55:03,557 - experiments.framework - INFO - 🏁 EXPERIMENT COMPLETED: robustness_tests_20251017_024633
2025-10-17 02:55:03,558 - experiments.framework - INFO - ⏱️  TOTAL RUNTIME: 8.5 minutes (511s)
2025-10-17 02:55:03,558 - experiments.framework - INFO - ⏱️  TOTAL RUNTIME: 8.5 minutes (511s)
2025-10-17 02:55:03,558 - experiments.framework - INFO - 🕐 Started: 2025-10-17 02:46:33
2025-10-17 02:55:03,558 - experiments.framework - INFO - 🕐 Started: 2025-10-17 02:46:33
2025-10-17 02:55:03,558 - experiments.framework - INFO - 🕑 Finished: 2025-10-17 02:55:03
2025-10-17 02:55:03,558 - experiments.framework - INFO - 🕑 Finished: 2025-10-17 02:55:03
2025-10-17 02:55:03,558 - experiments.framework - INFO - Experiment completed successfully: robustness_tests_20251017_024633
2025-10-17 02:55:03,558 - experiments.framework - INFO - Experiment completed successfully: robustness_tests_20251017_024633
2025-10-17 02:55:03,558 - experiments.framework - INFO - 🧹 Performing comprehensive memory cleanup...
2025-10-17 02:55:03,558 - experiments.framework - INFO - 🧹 Performing comprehensive memory cleanup...
2025-10-17 02:55:03,623 - experiments.framework - INFO - Garbage collection freed 110 objects
2025-10-17 02:55:03,623 - experiments.framework - INFO - Garbage collection freed 110 objects
2025-10-17 02:55:03,808 - experiments.framework - INFO - GPU memory cleanup attempted
2025-10-17 02:55:03,808 - experiments.framework - INFO - GPU memory cleanup attempted
2025-10-17 02:55:04,810 - experiments.framework - INFO - ✅ Comprehensive memory cleanup completed
2025-10-17 02:55:04,810 - experiments.framework - INFO - ✅ Comprehensive memory cleanup completed
2025-10-17 02:55:04,835 - experiments.framework - INFO - Pickle saving disabled to prevent large files - using JSON and CSV instead
2025-10-17 02:55:04,835 - experiments.framework - INFO - Pickle saving disabled to prevent large files - using JSON and CSV instead
2025-10-17 02:55:04,839 - experiments.framework - INFO - Saving 1 plots to /cs/student/msc/aibh/2024/madhavan/sgfa_qmap-pd/results/all_rois-sn_conf-age+sex+tiv_K20_run_20251017_024627/robustness_tests_K20_percW33_slab4_2_20251017_024633/plots
2025-10-17 02:55:04,839 - experiments.framework - INFO - Saving 1 plots to /cs/student/msc/aibh/2024/madhavan/sgfa_qmap-pd/results/all_rois-sn_conf-age+sex+tiv_K20_run_20251017_024627/robustness_tests_K20_percW33_slab4_2_20251017_024633/plots
2025-10-17 02:55:05,236 - experiments.framework - INFO -   ✅ Saved plot: robustness_summary
2025-10-17 02:55:05,236 - experiments.framework - INFO -   ✅ Saved plot: robustness_summary
2025-10-17 02:55:05,236 - experiments.framework - INFO - All plots saved to: /cs/student/msc/aibh/2024/madhavan/sgfa_qmap-pd/results/all_rois-sn_conf-age+sex+tiv_K20_run_20251017_024627/robustness_tests_K20_percW33_slab4_2_20251017_024633/plots
2025-10-17 02:55:05,236 - experiments.framework - INFO - All plots saved to: /cs/student/msc/aibh/2024/madhavan/sgfa_qmap-pd/results/all_rois-sn_conf-age+sex+tiv_K20_run_20251017_024627/robustness_tests_K20_percW33_slab4_2_20251017_024633/plots
