2025-10-19 21:30:34,084 - experiments.framework - INFO - ExperimentFramework initialized with output dir: /cs/student/msc/aibh/2024/madhavan/sgfa_qmap-pd/results/all_rois-sn_run_20251019_213034
2025-10-19 21:30:34,088 - experiments.framework - INFO - Starting experiment: data_validation_20251019_213034
2025-10-19 21:30:34,319 - experiments.framework - INFO - 🏁 EXPERIMENT COMPLETED: data_validation_20251019_213034
2025-10-19 21:30:34,319 - experiments.framework - INFO - ⏱️  TOTAL RUNTIME: 0.2 seconds
2025-10-19 21:30:34,319 - experiments.framework - INFO - 🕐 Started: 2025-10-19 21:30:34
2025-10-19 21:30:34,319 - experiments.framework - INFO - 🕑 Finished: 2025-10-19 21:30:34
2025-10-19 21:30:34,319 - experiments.framework - INFO - Experiment completed successfully: data_validation_20251019_213034
2025-10-19 21:30:34,319 - experiments.framework - INFO - 🧹 Performing comprehensive memory cleanup...
2025-10-19 21:30:34,345 - experiments.framework - INFO - Garbage collection freed 0 objects
2025-10-19 21:30:34,437 - experiments.framework - INFO - GPU memory cleanup attempted
2025-10-19 21:30:35,438 - experiments.framework - INFO - ✅ Comprehensive memory cleanup completed
2025-10-19 21:30:35,444 - experiments.framework - INFO - Pickle saving disabled to prevent large files - using JSON and CSV instead
2025-10-19 21:30:35,693 - experiments.framework - INFO - ExperimentFramework initialized with output dir: /cs/student/msc/aibh/2024/madhavan/sgfa_qmap-pd/results/all_rois-sn_run_20251019_213034
2025-10-19 21:30:35,693 - experiments.framework - INFO - ExperimentFramework initialized with output dir: /cs/student/msc/aibh/2024/madhavan/sgfa_qmap-pd/results/all_rois-sn_run_20251019_213034
2025-10-19 21:30:35,701 - experiments.framework - INFO - Starting experiment: robustness_tests_20251019_213035
2025-10-19 21:30:35,701 - experiments.framework - INFO - Starting experiment: robustness_tests_20251019_213035
2025-10-19 21:31:15,808 - experiments.framework - INFO - 🏁 EXPERIMENT COMPLETED: robustness_tests_20251019_213035
2025-10-19 21:31:15,808 - experiments.framework - INFO - 🏁 EXPERIMENT COMPLETED: robustness_tests_20251019_213035
2025-10-19 21:31:15,808 - experiments.framework - INFO - ⏱️  TOTAL RUNTIME: 40.1 seconds
2025-10-19 21:31:15,808 - experiments.framework - INFO - ⏱️  TOTAL RUNTIME: 40.1 seconds
2025-10-19 21:31:15,808 - experiments.framework - INFO - 🕐 Started: 2025-10-19 21:30:35
2025-10-19 21:31:15,808 - experiments.framework - INFO - 🕐 Started: 2025-10-19 21:30:35
2025-10-19 21:31:15,809 - experiments.framework - INFO - 🕑 Finished: 2025-10-19 21:31:15
2025-10-19 21:31:15,809 - experiments.framework - INFO - 🕑 Finished: 2025-10-19 21:31:15
2025-10-19 21:31:15,809 - experiments.framework - INFO - Experiment completed successfully: robustness_tests_20251019_213035
2025-10-19 21:31:15,809 - experiments.framework - INFO - Experiment completed successfully: robustness_tests_20251019_213035
2025-10-19 21:31:15,809 - experiments.framework - INFO - 🧹 Performing comprehensive memory cleanup...
2025-10-19 21:31:15,809 - experiments.framework - INFO - 🧹 Performing comprehensive memory cleanup...
2025-10-19 21:31:15,842 - experiments.framework - INFO - Garbage collection freed 13 objects
2025-10-19 21:31:15,842 - experiments.framework - INFO - Garbage collection freed 13 objects
2025-10-19 21:31:15,960 - experiments.framework - INFO - GPU memory cleanup attempted
2025-10-19 21:31:15,960 - experiments.framework - INFO - GPU memory cleanup attempted
2025-10-19 21:31:16,961 - experiments.framework - INFO - ✅ Comprehensive memory cleanup completed
2025-10-19 21:31:16,961 - experiments.framework - INFO - ✅ Comprehensive memory cleanup completed
2025-10-19 21:31:16,991 - experiments.framework - INFO - Pickle saving disabled to prevent large files - using JSON and CSV instead
2025-10-19 21:31:16,991 - experiments.framework - INFO - Pickle saving disabled to prevent large files - using JSON and CSV instead
2025-10-19 21:31:16,996 - experiments.framework - INFO - Saving 1 plots to /cs/student/msc/aibh/2024/madhavan/sgfa_qmap-pd/results/all_rois-sn_run_20251019_213034/robustness_tests_K2_percW33_slab4_2_20251019_213035/plots
2025-10-19 21:31:16,996 - experiments.framework - INFO - Saving 1 plots to /cs/student/msc/aibh/2024/madhavan/sgfa_qmap-pd/results/all_rois-sn_run_20251019_213034/robustness_tests_K2_percW33_slab4_2_20251019_213035/plots
2025-10-19 21:31:17,420 - experiments.framework - INFO -   ✅ Saved plot: robustness_summary
2025-10-19 21:31:17,420 - experiments.framework - INFO -   ✅ Saved plot: robustness_summary
2025-10-19 21:31:17,420 - experiments.framework - INFO - All plots saved to: /cs/student/msc/aibh/2024/madhavan/sgfa_qmap-pd/results/all_rois-sn_run_20251019_213034/robustness_tests_K2_percW33_slab4_2_20251019_213035/plots
2025-10-19 21:31:17,420 - experiments.framework - INFO - All plots saved to: /cs/student/msc/aibh/2024/madhavan/sgfa_qmap-pd/results/all_rois-sn_run_20251019_213034/robustness_tests_K2_percW33_slab4_2_20251019_213035/plots
