2025-10-10 03:45:49,243 - experiments.framework - INFO - ExperimentFramework initialized with output dir: /cs/student/msc/aibh/2024/madhavan/sgfa_qmap-pd/results/all_rois-sn_confound-removed-smoothed-2mm_run_20251010_034549
2025-10-10 03:45:49,246 - experiments.framework - INFO - Starting experiment: data_validation_20251010_034549
2025-10-10 03:45:53,907 - experiments.framework - INFO - 🏁 EXPERIMENT COMPLETED: data_validation_20251010_034549
2025-10-10 03:45:53,907 - experiments.framework - INFO - ⏱️  TOTAL RUNTIME: 4.7 seconds
2025-10-10 03:45:53,907 - experiments.framework - INFO - 🕐 Started: 2025-10-10 03:45:49
2025-10-10 03:45:53,907 - experiments.framework - INFO - 🕑 Finished: 2025-10-10 03:45:53
2025-10-10 03:45:53,907 - experiments.framework - INFO - Experiment completed successfully: data_validation_20251010_034549
2025-10-10 03:45:53,907 - experiments.framework - INFO - 🧹 Performing comprehensive memory cleanup...
2025-10-10 03:45:53,968 - experiments.framework - INFO - Garbage collection freed 31950 objects
2025-10-10 03:45:54,117 - experiments.framework - INFO - GPU memory cleanup attempted
2025-10-10 03:45:55,119 - experiments.framework - INFO - ✅ Comprehensive memory cleanup completed
2025-10-10 03:45:55,179 - experiments.framework - INFO - Pickle saving disabled to prevent large files - using JSON and CSV instead
2025-10-10 03:45:55,183 - experiments.framework - INFO - Saving 3 plots to /cs/student/msc/aibh/2024/madhavan/sgfa_qmap-pd/results/all_rois-sn_confound-removed-smoothed-2mm_run_20251010_034549/data_validation_20251010_034549/plots
2025-10-10 03:45:56,268 - experiments.framework - INFO -   ✅ Saved plot: data_distribution_comparison
2025-10-10 03:45:57,004 - experiments.framework - INFO -   ✅ Saved plot: data_validation_feature_reduction
2025-10-10 03:45:57,276 - experiments.framework - INFO -   ✅ Saved plot: data_validation_variance_distribution
2025-10-10 03:45:57,276 - experiments.framework - INFO - All plots saved to: /cs/student/msc/aibh/2024/madhavan/sgfa_qmap-pd/results/all_rois-sn_confound-removed-smoothed-2mm_run_20251010_034549/data_validation_20251010_034549/plots
2025-10-10 03:45:57,342 - experiments.framework - INFO - ExperimentFramework initialized with output dir: /cs/student/msc/aibh/2024/madhavan/sgfa_qmap-pd/results/all_rois-sn_confound-removed-smoothed-2mm_run_20251010_034549
2025-10-10 03:45:57,342 - experiments.framework - INFO - ExperimentFramework initialized with output dir: /cs/student/msc/aibh/2024/madhavan/sgfa_qmap-pd/results/all_rois-sn_confound-removed-smoothed-2mm_run_20251010_034549
2025-10-10 03:45:59,600 - experiments.framework - INFO - Starting experiment: sgfa_hyperparameter_tuning_20251010_034559
2025-10-10 03:45:59,600 - experiments.framework - INFO - Starting experiment: sgfa_hyperparameter_tuning_20251010_034559
2025-10-10 06:15:37,650 - experiments.framework - INFO - 🏁 EXPERIMENT COMPLETED: sgfa_hyperparameter_tuning_20251010_034559
2025-10-10 06:15:37,650 - experiments.framework - INFO - 🏁 EXPERIMENT COMPLETED: sgfa_hyperparameter_tuning_20251010_034559
2025-10-10 06:15:37,651 - experiments.framework - INFO - ⏱️  TOTAL RUNTIME: 2.5 hours (30m 38s)
2025-10-10 06:15:37,651 - experiments.framework - INFO - ⏱️  TOTAL RUNTIME: 2.5 hours (30m 38s)
2025-10-10 06:15:37,651 - experiments.framework - INFO - 🕐 Started: 2025-10-10 03:45:59
2025-10-10 06:15:37,651 - experiments.framework - INFO - 🕐 Started: 2025-10-10 03:45:59
2025-10-10 06:15:37,651 - experiments.framework - INFO - 🕑 Finished: 2025-10-10 06:15:37
2025-10-10 06:15:37,651 - experiments.framework - INFO - 🕑 Finished: 2025-10-10 06:15:37
2025-10-10 06:15:37,651 - experiments.framework - INFO - Experiment completed successfully: sgfa_hyperparameter_tuning_20251010_034559
2025-10-10 06:15:37,651 - experiments.framework - INFO - Experiment completed successfully: sgfa_hyperparameter_tuning_20251010_034559
2025-10-10 06:15:37,651 - experiments.framework - INFO - 🧹 Performing comprehensive memory cleanup...
2025-10-10 06:15:37,651 - experiments.framework - INFO - 🧹 Performing comprehensive memory cleanup...
2025-10-10 06:15:37,720 - experiments.framework - INFO - Garbage collection freed 0 objects
2025-10-10 06:15:37,720 - experiments.framework - INFO - Garbage collection freed 0 objects
2025-10-10 06:15:37,971 - experiments.framework - INFO - GPU memory cleanup attempted
2025-10-10 06:15:37,971 - experiments.framework - INFO - GPU memory cleanup attempted
2025-10-10 06:15:38,972 - experiments.framework - INFO - ✅ Comprehensive memory cleanup completed
2025-10-10 06:15:38,972 - experiments.framework - INFO - ✅ Comprehensive memory cleanup completed
2025-10-10 06:15:39,158 - experiments.framework - INFO - Pickle saving disabled to prevent large files - using JSON and CSV instead
2025-10-10 06:15:39,158 - experiments.framework - INFO - Pickle saving disabled to prevent large files - using JSON and CSV instead
2025-10-10 06:15:39,382 - experiments.framework - INFO - Saving sgfa_K20_percW10_grp0.0 factor scores Z shape: (86, 20)
2025-10-10 06:15:39,382 - experiments.framework - INFO - Saving sgfa_K20_percW10_grp0.0 factor scores Z shape: (86, 20)
2025-10-10 06:15:39,604 - experiments.framework - INFO - Saving sgfa_K20_percW10_grp0.05 factor scores Z shape: (86, 20)
2025-10-10 06:15:39,604 - experiments.framework - INFO - Saving sgfa_K20_percW10_grp0.05 factor scores Z shape: (86, 20)
2025-10-10 06:15:39,832 - experiments.framework - INFO - Saving sgfa_K20_percW10_grp0.1 factor scores Z shape: (86, 20)
2025-10-10 06:15:39,832 - experiments.framework - INFO - Saving sgfa_K20_percW10_grp0.1 factor scores Z shape: (86, 20)
2025-10-10 06:15:40,054 - experiments.framework - INFO - Saving sgfa_K20_percW10_grp0.2 factor scores Z shape: (86, 20)
2025-10-10 06:15:40,054 - experiments.framework - INFO - Saving sgfa_K20_percW10_grp0.2 factor scores Z shape: (86, 20)
2025-10-10 06:15:40,274 - experiments.framework - INFO - Saving sgfa_K20_percW25_grp0.0 factor scores Z shape: (86, 20)
2025-10-10 06:15:40,274 - experiments.framework - INFO - Saving sgfa_K20_percW25_grp0.0 factor scores Z shape: (86, 20)
2025-10-10 06:15:40,495 - experiments.framework - INFO - Saving sgfa_K20_percW25_grp0.05 factor scores Z shape: (86, 20)
2025-10-10 06:15:40,495 - experiments.framework - INFO - Saving sgfa_K20_percW25_grp0.05 factor scores Z shape: (86, 20)
2025-10-10 06:15:40,715 - experiments.framework - INFO - Saving sgfa_K20_percW25_grp0.1 factor scores Z shape: (86, 20)
2025-10-10 06:15:40,715 - experiments.framework - INFO - Saving sgfa_K20_percW25_grp0.1 factor scores Z shape: (86, 20)
2025-10-10 06:15:40,935 - experiments.framework - INFO - Saving sgfa_K20_percW25_grp0.2 factor scores Z shape: (86, 20)
2025-10-10 06:15:40,935 - experiments.framework - INFO - Saving sgfa_K20_percW25_grp0.2 factor scores Z shape: (86, 20)
2025-10-10 06:15:41,155 - experiments.framework - INFO - Saving sgfa_K20_percW33_grp0.0 factor scores Z shape: (86, 20)
2025-10-10 06:15:41,155 - experiments.framework - INFO - Saving sgfa_K20_percW33_grp0.0 factor scores Z shape: (86, 20)
2025-10-10 06:15:41,376 - experiments.framework - INFO - Saving sgfa_K20_percW33_grp0.05 factor scores Z shape: (86, 20)
2025-10-10 06:15:41,376 - experiments.framework - INFO - Saving sgfa_K20_percW33_grp0.05 factor scores Z shape: (86, 20)
2025-10-10 06:15:41,611 - experiments.framework - INFO - Saving sgfa_K20_percW33_grp0.1 factor scores Z shape: (86, 20)
2025-10-10 06:15:41,611 - experiments.framework - INFO - Saving sgfa_K20_percW33_grp0.1 factor scores Z shape: (86, 20)
2025-10-10 06:15:41,830 - experiments.framework - INFO - Saving sgfa_K20_percW33_grp0.2 factor scores Z shape: (86, 20)
2025-10-10 06:15:41,830 - experiments.framework - INFO - Saving sgfa_K20_percW33_grp0.2 factor scores Z shape: (86, 20)
2025-10-10 06:15:41,833 - experiments.framework - INFO - Saving 6 plots to /cs/student/msc/aibh/2024/madhavan/sgfa_qmap-pd/results/all_rois-sn_confound-removed-smoothed-2mm_run_20251010_034549/sgfa_hyperparameter_tuning_20251010_034559/plots
2025-10-10 06:15:41,833 - experiments.framework - INFO - Saving 6 plots to /cs/student/msc/aibh/2024/madhavan/sgfa_qmap-pd/results/all_rois-sn_confound-removed-smoothed-2mm_run_20251010_034549/sgfa_hyperparameter_tuning_20251010_034559/plots
2025-10-10 06:15:42,712 - experiments.framework - INFO -   ✅ Saved plot: sgfa_variant_performance
2025-10-10 06:15:42,712 - experiments.framework - INFO -   ✅ Saved plot: sgfa_variant_performance
2025-10-10 06:15:43,626 - experiments.framework - INFO -   ✅ Saved plot: sgfa_variant_quality
2025-10-10 06:15:43,626 - experiments.framework - INFO -   ✅ Saved plot: sgfa_variant_quality
2025-10-10 06:15:44,030 - experiments.framework - INFO -   ✅ Saved plot: best_factor_loadings
2025-10-10 06:15:44,030 - experiments.framework - INFO -   ✅ Saved plot: best_factor_loadings
2025-10-10 06:15:46,978 - experiments.framework - INFO -   ✅ Saved plot: best_factor_scores
2025-10-10 06:15:46,978 - experiments.framework - INFO -   ✅ Saved plot: best_factor_scores
2025-10-10 06:15:47,192 - experiments.framework - INFO -   ✅ Saved plot: parameter_grid_search
2025-10-10 06:15:47,192 - experiments.framework - INFO -   ✅ Saved plot: parameter_grid_search
2025-10-10 06:15:47,484 - experiments.framework - INFO -   ✅ Saved plot: parameter_heatmaps
2025-10-10 06:15:47,484 - experiments.framework - INFO -   ✅ Saved plot: parameter_heatmaps
2025-10-10 06:15:47,484 - experiments.framework - INFO - All plots saved to: /cs/student/msc/aibh/2024/madhavan/sgfa_qmap-pd/results/all_rois-sn_confound-removed-smoothed-2mm_run_20251010_034549/sgfa_hyperparameter_tuning_20251010_034559/plots
2025-10-10 06:15:47,484 - experiments.framework - INFO - All plots saved to: /cs/student/msc/aibh/2024/madhavan/sgfa_qmap-pd/results/all_rois-sn_confound-removed-smoothed-2mm_run_20251010_034549/sgfa_hyperparameter_tuning_20251010_034559/plots
2025-10-10 06:15:48,935 - experiments.framework - INFO - ExperimentFramework initialized with output dir: /cs/student/msc/aibh/2024/madhavan/sgfa_qmap-pd/results/all_rois-sn_confound-removed-smoothed-2mm_run_20251010_034549
2025-10-10 06:15:48,935 - experiments.framework - INFO - ExperimentFramework initialized with output dir: /cs/student/msc/aibh/2024/madhavan/sgfa_qmap-pd/results/all_rois-sn_confound-removed-smoothed-2mm_run_20251010_034549
2025-10-10 06:15:48,935 - experiments.framework - INFO - ExperimentFramework initialized with output dir: /cs/student/msc/aibh/2024/madhavan/sgfa_qmap-pd/results/all_rois-sn_confound-removed-smoothed-2mm_run_20251010_034549
2025-10-10 06:15:48,939 - experiments.framework - INFO - Starting experiment: methods_comparison_20251010_061548
2025-10-10 06:15:48,939 - experiments.framework - INFO - Starting experiment: methods_comparison_20251010_061548
2025-10-10 06:15:48,939 - experiments.framework - INFO - Starting experiment: methods_comparison_20251010_061548
2025-10-10 06:20:53,798 - experiments.framework - INFO - Saving sparseGFA factor scores Z shape: (86, 5)
2025-10-10 06:20:53,798 - experiments.framework - INFO - Saving sparseGFA factor scores Z shape: (86, 5)
2025-10-10 06:20:53,798 - experiments.framework - INFO - Saving sparseGFA factor scores Z shape: (86, 5)
2025-10-10 06:20:53,811 - experiments.framework - INFO - Saving pca factor scores Z shape: (86, 5)
2025-10-10 06:20:53,811 - experiments.framework - INFO - Saving pca factor scores Z shape: (86, 5)
2025-10-10 06:20:53,811 - experiments.framework - INFO - Saving pca factor scores Z shape: (86, 5)
2025-10-10 06:20:53,821 - experiments.framework - INFO - Saving ica factor scores Z shape: (86, 5)
2025-10-10 06:20:53,821 - experiments.framework - INFO - Saving ica factor scores Z shape: (86, 5)
2025-10-10 06:20:53,821 - experiments.framework - INFO - Saving ica factor scores Z shape: (86, 5)
2025-10-10 06:20:53,830 - experiments.framework - INFO - Saving fa factor scores Z shape: (86, 5)
2025-10-10 06:20:53,830 - experiments.framework - INFO - Saving fa factor scores Z shape: (86, 5)
2025-10-10 06:20:53,830 - experiments.framework - INFO - Saving fa factor scores Z shape: (86, 5)
2025-10-10 06:20:53,838 - experiments.framework - INFO - Saving nmf factor scores Z shape: (86, 5)
2025-10-10 06:20:53,838 - experiments.framework - INFO - Saving nmf factor scores Z shape: (86, 5)
2025-10-10 06:20:53,838 - experiments.framework - INFO - Saving nmf factor scores Z shape: (86, 5)
2025-10-10 06:20:53,848 - experiments.framework - INFO - Saving kmeans factor scores Z shape: (86, 5)
2025-10-10 06:20:53,848 - experiments.framework - INFO - Saving kmeans factor scores Z shape: (86, 5)
2025-10-10 06:20:53,848 - experiments.framework - INFO - Saving kmeans factor scores Z shape: (86, 5)
2025-10-10 06:20:53,858 - experiments.framework - INFO - Saving cca factor scores Z shape: (86, 5)
2025-10-10 06:20:53,858 - experiments.framework - INFO - Saving cca factor scores Z shape: (86, 5)
2025-10-10 06:20:53,858 - experiments.framework - INFO - Saving cca factor scores Z shape: (86, 5)
2025-10-10 06:20:53,976 - experiments.framework - INFO - 🏁 EXPERIMENT COMPLETED: methods_comparison_20251010_061548
2025-10-10 06:20:53,976 - experiments.framework - INFO - 🏁 EXPERIMENT COMPLETED: methods_comparison_20251010_061548
2025-10-10 06:20:53,976 - experiments.framework - INFO - 🏁 EXPERIMENT COMPLETED: methods_comparison_20251010_061548
2025-10-10 06:20:53,976 - experiments.framework - INFO - ⏱️  TOTAL RUNTIME: 5.1 minutes (305s)
2025-10-10 06:20:53,976 - experiments.framework - INFO - ⏱️  TOTAL RUNTIME: 5.1 minutes (305s)
2025-10-10 06:20:53,976 - experiments.framework - INFO - ⏱️  TOTAL RUNTIME: 5.1 minutes (305s)
2025-10-10 06:20:53,976 - experiments.framework - INFO - 🕐 Started: 2025-10-10 06:15:48
2025-10-10 06:20:53,976 - experiments.framework - INFO - 🕐 Started: 2025-10-10 06:15:48
2025-10-10 06:20:53,976 - experiments.framework - INFO - 🕐 Started: 2025-10-10 06:15:48
2025-10-10 06:20:53,976 - experiments.framework - INFO - 🕑 Finished: 2025-10-10 06:20:53
2025-10-10 06:20:53,976 - experiments.framework - INFO - 🕑 Finished: 2025-10-10 06:20:53
2025-10-10 06:20:53,976 - experiments.framework - INFO - 🕑 Finished: 2025-10-10 06:20:53
2025-10-10 06:20:53,976 - experiments.framework - INFO - Experiment completed successfully: methods_comparison_20251010_061548
2025-10-10 06:20:53,976 - experiments.framework - INFO - Experiment completed successfully: methods_comparison_20251010_061548
2025-10-10 06:20:53,976 - experiments.framework - INFO - Experiment completed successfully: methods_comparison_20251010_061548
2025-10-10 06:20:53,976 - experiments.framework - INFO - 🧹 Performing comprehensive memory cleanup...
2025-10-10 06:20:53,976 - experiments.framework - INFO - 🧹 Performing comprehensive memory cleanup...
2025-10-10 06:20:53,976 - experiments.framework - INFO - 🧹 Performing comprehensive memory cleanup...
2025-10-10 06:20:54,074 - experiments.framework - INFO - Garbage collection freed 126 objects
2025-10-10 06:20:54,074 - experiments.framework - INFO - Garbage collection freed 126 objects
2025-10-10 06:20:54,074 - experiments.framework - INFO - Garbage collection freed 126 objects
2025-10-10 06:20:54,399 - experiments.framework - INFO - GPU memory cleanup attempted
2025-10-10 06:20:54,399 - experiments.framework - INFO - GPU memory cleanup attempted
2025-10-10 06:20:54,399 - experiments.framework - INFO - GPU memory cleanup attempted
2025-10-10 06:20:55,401 - experiments.framework - INFO - ✅ Comprehensive memory cleanup completed
2025-10-10 06:20:55,401 - experiments.framework - INFO - ✅ Comprehensive memory cleanup completed
2025-10-10 06:20:55,401 - experiments.framework - INFO - ✅ Comprehensive memory cleanup completed
2025-10-10 06:20:55,549 - experiments.framework - INFO - Pickle saving disabled to prevent large files - using JSON and CSV instead
2025-10-10 06:20:55,549 - experiments.framework - INFO - Pickle saving disabled to prevent large files - using JSON and CSV instead
2025-10-10 06:20:55,549 - experiments.framework - INFO - Pickle saving disabled to prevent large files - using JSON and CSV instead
2025-10-10 06:20:55,552 - experiments.framework - INFO - Saving 6 plots to /cs/student/msc/aibh/2024/madhavan/sgfa_qmap-pd/results/all_rois-sn_confound-removed-smoothed-2mm_run_20251010_034549/methods_comparison_20251010_061548/plots
2025-10-10 06:20:55,552 - experiments.framework - INFO - Saving 6 plots to /cs/student/msc/aibh/2024/madhavan/sgfa_qmap-pd/results/all_rois-sn_confound-removed-smoothed-2mm_run_20251010_034549/methods_comparison_20251010_061548/plots
2025-10-10 06:20:55,552 - experiments.framework - INFO - Saving 6 plots to /cs/student/msc/aibh/2024/madhavan/sgfa_qmap-pd/results/all_rois-sn_confound-removed-smoothed-2mm_run_20251010_034549/methods_comparison_20251010_061548/plots
2025-10-10 06:20:55,831 - experiments.framework - INFO -   ✅ Saved plot: sparsegfa_vs_traditional_performance
2025-10-10 06:20:55,831 - experiments.framework - INFO -   ✅ Saved plot: sparsegfa_vs_traditional_performance
2025-10-10 06:20:55,831 - experiments.framework - INFO -   ✅ Saved plot: sparsegfa_vs_traditional_performance
2025-10-10 06:20:56,037 - experiments.framework - INFO -   ✅ Saved plot: model_reconstruction_quality
2025-10-10 06:20:56,037 - experiments.framework - INFO -   ✅ Saved plot: model_reconstruction_quality
2025-10-10 06:20:56,037 - experiments.framework - INFO -   ✅ Saved plot: model_reconstruction_quality
2025-10-10 06:20:56,232 - experiments.framework - INFO -   ✅ Saved plot: information_criteria
2025-10-10 06:20:56,232 - experiments.framework - INFO -   ✅ Saved plot: information_criteria
2025-10-10 06:20:56,232 - experiments.framework - INFO -   ✅ Saved plot: information_criteria
2025-10-10 06:20:56,478 - experiments.framework - INFO -   ✅ Saved plot: factor_stability
2025-10-10 06:20:56,478 - experiments.framework - INFO -   ✅ Saved plot: factor_stability
2025-10-10 06:20:56,478 - experiments.framework - INFO -   ✅ Saved plot: factor_stability
2025-10-10 06:20:56,678 - experiments.framework - INFO -   ✅ Saved plot: model_performance_vs_quality_tradeoff
2025-10-10 06:20:56,678 - experiments.framework - INFO -   ✅ Saved plot: model_performance_vs_quality_tradeoff
2025-10-10 06:20:56,678 - experiments.framework - INFO -   ✅ Saved plot: model_performance_vs_quality_tradeoff
2025-10-10 06:20:56,919 - experiments.framework - INFO -   ✅ Saved plot: comprehensive_comparison_table
2025-10-10 06:20:56,919 - experiments.framework - INFO -   ✅ Saved plot: comprehensive_comparison_table
2025-10-10 06:20:56,919 - experiments.framework - INFO -   ✅ Saved plot: comprehensive_comparison_table
2025-10-10 06:20:56,919 - experiments.framework - INFO - All plots saved to: /cs/student/msc/aibh/2024/madhavan/sgfa_qmap-pd/results/all_rois-sn_confound-removed-smoothed-2mm_run_20251010_034549/methods_comparison_20251010_061548/plots
2025-10-10 06:20:56,919 - experiments.framework - INFO - All plots saved to: /cs/student/msc/aibh/2024/madhavan/sgfa_qmap-pd/results/all_rois-sn_confound-removed-smoothed-2mm_run_20251010_034549/methods_comparison_20251010_061548/plots
2025-10-10 06:20:56,919 - experiments.framework - INFO - All plots saved to: /cs/student/msc/aibh/2024/madhavan/sgfa_qmap-pd/results/all_rois-sn_confound-removed-smoothed-2mm_run_20251010_034549/methods_comparison_20251010_061548/plots
2025-10-10 06:20:57,083 - experiments.framework - INFO - ExperimentFramework initialized with output dir: /cs/student/msc/aibh/2024/madhavan/sgfa_qmap-pd/results/all_rois-sn_confound-removed-smoothed-2mm_run_20251010_034549
2025-10-10 06:20:57,083 - experiments.framework - INFO - ExperimentFramework initialized with output dir: /cs/student/msc/aibh/2024/madhavan/sgfa_qmap-pd/results/all_rois-sn_confound-removed-smoothed-2mm_run_20251010_034549
2025-10-10 06:20:57,083 - experiments.framework - INFO - ExperimentFramework initialized with output dir: /cs/student/msc/aibh/2024/madhavan/sgfa_qmap-pd/results/all_rois-sn_confound-removed-smoothed-2mm_run_20251010_034549
2025-10-10 06:20:57,083 - experiments.framework - INFO - ExperimentFramework initialized with output dir: /cs/student/msc/aibh/2024/madhavan/sgfa_qmap-pd/results/all_rois-sn_confound-removed-smoothed-2mm_run_20251010_034549
2025-10-10 06:20:57,088 - experiments.framework - INFO - Starting experiment: sensitivity_analysis_20251010_062057
2025-10-10 06:20:57,088 - experiments.framework - INFO - Starting experiment: sensitivity_analysis_20251010_062057
2025-10-10 06:20:57,088 - experiments.framework - INFO - Starting experiment: sensitivity_analysis_20251010_062057
2025-10-10 06:20:57,088 - experiments.framework - INFO - Starting experiment: sensitivity_analysis_20251010_062057
2025-10-10 06:31:04,935 - experiments.framework - INFO - 🏁 EXPERIMENT COMPLETED: sensitivity_analysis_20251010_062057
2025-10-10 06:31:04,935 - experiments.framework - INFO - 🏁 EXPERIMENT COMPLETED: sensitivity_analysis_20251010_062057
2025-10-10 06:31:04,935 - experiments.framework - INFO - 🏁 EXPERIMENT COMPLETED: sensitivity_analysis_20251010_062057
2025-10-10 06:31:04,935 - experiments.framework - INFO - 🏁 EXPERIMENT COMPLETED: sensitivity_analysis_20251010_062057
2025-10-10 06:31:04,935 - experiments.framework - INFO - ⏱️  TOTAL RUNTIME: 10.1 minutes (608s)
2025-10-10 06:31:04,935 - experiments.framework - INFO - ⏱️  TOTAL RUNTIME: 10.1 minutes (608s)
2025-10-10 06:31:04,935 - experiments.framework - INFO - ⏱️  TOTAL RUNTIME: 10.1 minutes (608s)
2025-10-10 06:31:04,935 - experiments.framework - INFO - ⏱️  TOTAL RUNTIME: 10.1 minutes (608s)
2025-10-10 06:31:04,936 - experiments.framework - INFO - 🕐 Started: 2025-10-10 06:20:57
2025-10-10 06:31:04,936 - experiments.framework - INFO - 🕐 Started: 2025-10-10 06:20:57
2025-10-10 06:31:04,936 - experiments.framework - INFO - 🕐 Started: 2025-10-10 06:20:57
2025-10-10 06:31:04,936 - experiments.framework - INFO - 🕐 Started: 2025-10-10 06:20:57
2025-10-10 06:31:04,936 - experiments.framework - INFO - 🕑 Finished: 2025-10-10 06:31:04
2025-10-10 06:31:04,936 - experiments.framework - INFO - 🕑 Finished: 2025-10-10 06:31:04
2025-10-10 06:31:04,936 - experiments.framework - INFO - 🕑 Finished: 2025-10-10 06:31:04
2025-10-10 06:31:04,936 - experiments.framework - INFO - 🕑 Finished: 2025-10-10 06:31:04
2025-10-10 06:31:04,936 - experiments.framework - INFO - Experiment completed successfully: sensitivity_analysis_20251010_062057
2025-10-10 06:31:04,936 - experiments.framework - INFO - Experiment completed successfully: sensitivity_analysis_20251010_062057
2025-10-10 06:31:04,936 - experiments.framework - INFO - Experiment completed successfully: sensitivity_analysis_20251010_062057
2025-10-10 06:31:04,936 - experiments.framework - INFO - Experiment completed successfully: sensitivity_analysis_20251010_062057
2025-10-10 06:31:04,936 - experiments.framework - INFO - 🧹 Performing comprehensive memory cleanup...
2025-10-10 06:31:04,936 - experiments.framework - INFO - 🧹 Performing comprehensive memory cleanup...
2025-10-10 06:31:04,936 - experiments.framework - INFO - 🧹 Performing comprehensive memory cleanup...
2025-10-10 06:31:04,936 - experiments.framework - INFO - 🧹 Performing comprehensive memory cleanup...
2025-10-10 06:31:05,028 - experiments.framework - INFO - Garbage collection freed 260 objects
2025-10-10 06:31:05,028 - experiments.framework - INFO - Garbage collection freed 260 objects
2025-10-10 06:31:05,028 - experiments.framework - INFO - Garbage collection freed 260 objects
2025-10-10 06:31:05,028 - experiments.framework - INFO - Garbage collection freed 260 objects
2025-10-10 06:31:05,342 - experiments.framework - INFO - GPU memory cleanup attempted
2025-10-10 06:31:05,342 - experiments.framework - INFO - GPU memory cleanup attempted
2025-10-10 06:31:05,342 - experiments.framework - INFO - GPU memory cleanup attempted
2025-10-10 06:31:05,342 - experiments.framework - INFO - GPU memory cleanup attempted
2025-10-10 06:31:06,344 - experiments.framework - INFO - ✅ Comprehensive memory cleanup completed
2025-10-10 06:31:06,344 - experiments.framework - INFO - ✅ Comprehensive memory cleanup completed
2025-10-10 06:31:06,344 - experiments.framework - INFO - ✅ Comprehensive memory cleanup completed
2025-10-10 06:31:06,344 - experiments.framework - INFO - ✅ Comprehensive memory cleanup completed
2025-10-10 06:31:06,396 - experiments.framework - INFO - Pickle saving disabled to prevent large files - using JSON and CSV instead
2025-10-10 06:31:06,396 - experiments.framework - INFO - Pickle saving disabled to prevent large files - using JSON and CSV instead
2025-10-10 06:31:06,396 - experiments.framework - INFO - Pickle saving disabled to prevent large files - using JSON and CSV instead
2025-10-10 06:31:06,396 - experiments.framework - INFO - Pickle saving disabled to prevent large files - using JSON and CSV instead
2025-10-10 06:31:06,402 - experiments.framework - INFO - Saving 1 plots to /cs/student/msc/aibh/2024/madhavan/sgfa_qmap-pd/results/all_rois-sn_confound-removed-smoothed-2mm_run_20251010_034549/sensitivity_analysis_20251010_062057/plots
2025-10-10 06:31:06,402 - experiments.framework - INFO - Saving 1 plots to /cs/student/msc/aibh/2024/madhavan/sgfa_qmap-pd/results/all_rois-sn_confound-removed-smoothed-2mm_run_20251010_034549/sensitivity_analysis_20251010_062057/plots
2025-10-10 06:31:06,402 - experiments.framework - INFO - Saving 1 plots to /cs/student/msc/aibh/2024/madhavan/sgfa_qmap-pd/results/all_rois-sn_confound-removed-smoothed-2mm_run_20251010_034549/sensitivity_analysis_20251010_062057/plots
2025-10-10 06:31:06,402 - experiments.framework - INFO - Saving 1 plots to /cs/student/msc/aibh/2024/madhavan/sgfa_qmap-pd/results/all_rois-sn_confound-removed-smoothed-2mm_run_20251010_034549/sensitivity_analysis_20251010_062057/plots
2025-10-10 06:31:07,192 - experiments.framework - INFO -   ✅ Saved plot: parameter_sensitivity_summary
2025-10-10 06:31:07,192 - experiments.framework - INFO -   ✅ Saved plot: parameter_sensitivity_summary
2025-10-10 06:31:07,192 - experiments.framework - INFO -   ✅ Saved plot: parameter_sensitivity_summary
2025-10-10 06:31:07,192 - experiments.framework - INFO -   ✅ Saved plot: parameter_sensitivity_summary
2025-10-10 06:31:07,192 - experiments.framework - INFO - All plots saved to: /cs/student/msc/aibh/2024/madhavan/sgfa_qmap-pd/results/all_rois-sn_confound-removed-smoothed-2mm_run_20251010_034549/sensitivity_analysis_20251010_062057/plots
2025-10-10 06:31:07,192 - experiments.framework - INFO - All plots saved to: /cs/student/msc/aibh/2024/madhavan/sgfa_qmap-pd/results/all_rois-sn_confound-removed-smoothed-2mm_run_20251010_034549/sensitivity_analysis_20251010_062057/plots
2025-10-10 06:31:07,192 - experiments.framework - INFO - All plots saved to: /cs/student/msc/aibh/2024/madhavan/sgfa_qmap-pd/results/all_rois-sn_confound-removed-smoothed-2mm_run_20251010_034549/sensitivity_analysis_20251010_062057/plots
2025-10-10 06:31:07,192 - experiments.framework - INFO - All plots saved to: /cs/student/msc/aibh/2024/madhavan/sgfa_qmap-pd/results/all_rois-sn_confound-removed-smoothed-2mm_run_20251010_034549/sensitivity_analysis_20251010_062057/plots
2025-10-10 06:31:08,928 - experiments.framework - INFO - ExperimentFramework initialized with output dir: /cs/student/msc/aibh/2024/madhavan/sgfa_qmap-pd/results/all_rois-sn_confound-removed-smoothed-2mm_run_20251010_034549
2025-10-10 06:31:08,928 - experiments.framework - INFO - ExperimentFramework initialized with output dir: /cs/student/msc/aibh/2024/madhavan/sgfa_qmap-pd/results/all_rois-sn_confound-removed-smoothed-2mm_run_20251010_034549
2025-10-10 06:31:08,928 - experiments.framework - INFO - ExperimentFramework initialized with output dir: /cs/student/msc/aibh/2024/madhavan/sgfa_qmap-pd/results/all_rois-sn_confound-removed-smoothed-2mm_run_20251010_034549
2025-10-10 06:31:08,928 - experiments.framework - INFO - ExperimentFramework initialized with output dir: /cs/student/msc/aibh/2024/madhavan/sgfa_qmap-pd/results/all_rois-sn_confound-removed-smoothed-2mm_run_20251010_034549
2025-10-10 06:31:08,928 - experiments.framework - INFO - ExperimentFramework initialized with output dir: /cs/student/msc/aibh/2024/madhavan/sgfa_qmap-pd/results/all_rois-sn_confound-removed-smoothed-2mm_run_20251010_034549
2025-10-10 06:31:08,934 - experiments.framework - INFO - Starting experiment: clinical_validation_20251010_063108
2025-10-10 06:31:08,934 - experiments.framework - INFO - Starting experiment: clinical_validation_20251010_063108
2025-10-10 06:31:08,934 - experiments.framework - INFO - Starting experiment: clinical_validation_20251010_063108
2025-10-10 06:31:08,934 - experiments.framework - INFO - Starting experiment: clinical_validation_20251010_063108
2025-10-10 06:31:08,934 - experiments.framework - INFO - Starting experiment: clinical_validation_20251010_063108
2025-10-10 06:33:55,304 - experiments.framework - INFO - 🏁 EXPERIMENT COMPLETED: clinical_validation_20251010_063108
2025-10-10 06:33:55,304 - experiments.framework - INFO - 🏁 EXPERIMENT COMPLETED: clinical_validation_20251010_063108
2025-10-10 06:33:55,304 - experiments.framework - INFO - 🏁 EXPERIMENT COMPLETED: clinical_validation_20251010_063108
2025-10-10 06:33:55,304 - experiments.framework - INFO - 🏁 EXPERIMENT COMPLETED: clinical_validation_20251010_063108
2025-10-10 06:33:55,304 - experiments.framework - INFO - 🏁 EXPERIMENT COMPLETED: clinical_validation_20251010_063108
2025-10-10 06:33:55,305 - experiments.framework - INFO - ⏱️  TOTAL RUNTIME: 2.8 minutes (166s)
2025-10-10 06:33:55,305 - experiments.framework - INFO - ⏱️  TOTAL RUNTIME: 2.8 minutes (166s)
2025-10-10 06:33:55,305 - experiments.framework - INFO - ⏱️  TOTAL RUNTIME: 2.8 minutes (166s)
2025-10-10 06:33:55,305 - experiments.framework - INFO - ⏱️  TOTAL RUNTIME: 2.8 minutes (166s)
2025-10-10 06:33:55,305 - experiments.framework - INFO - ⏱️  TOTAL RUNTIME: 2.8 minutes (166s)
2025-10-10 06:33:55,305 - experiments.framework - INFO - 🕐 Started: 2025-10-10 06:31:08
2025-10-10 06:33:55,305 - experiments.framework - INFO - 🕐 Started: 2025-10-10 06:31:08
2025-10-10 06:33:55,305 - experiments.framework - INFO - 🕐 Started: 2025-10-10 06:31:08
2025-10-10 06:33:55,305 - experiments.framework - INFO - 🕐 Started: 2025-10-10 06:31:08
2025-10-10 06:33:55,305 - experiments.framework - INFO - 🕐 Started: 2025-10-10 06:31:08
2025-10-10 06:33:55,305 - experiments.framework - INFO - 🕑 Finished: 2025-10-10 06:33:55
2025-10-10 06:33:55,305 - experiments.framework - INFO - 🕑 Finished: 2025-10-10 06:33:55
2025-10-10 06:33:55,305 - experiments.framework - INFO - 🕑 Finished: 2025-10-10 06:33:55
2025-10-10 06:33:55,305 - experiments.framework - INFO - 🕑 Finished: 2025-10-10 06:33:55
2025-10-10 06:33:55,305 - experiments.framework - INFO - 🕑 Finished: 2025-10-10 06:33:55
2025-10-10 06:33:55,305 - experiments.framework - INFO - Experiment completed successfully: clinical_validation_20251010_063108
2025-10-10 06:33:55,305 - experiments.framework - INFO - Experiment completed successfully: clinical_validation_20251010_063108
2025-10-10 06:33:55,305 - experiments.framework - INFO - Experiment completed successfully: clinical_validation_20251010_063108
2025-10-10 06:33:55,305 - experiments.framework - INFO - Experiment completed successfully: clinical_validation_20251010_063108
2025-10-10 06:33:55,305 - experiments.framework - INFO - Experiment completed successfully: clinical_validation_20251010_063108
2025-10-10 06:33:55,305 - experiments.framework - INFO - 🧹 Performing comprehensive memory cleanup...
2025-10-10 06:33:55,305 - experiments.framework - INFO - 🧹 Performing comprehensive memory cleanup...
2025-10-10 06:33:55,305 - experiments.framework - INFO - 🧹 Performing comprehensive memory cleanup...
2025-10-10 06:33:55,305 - experiments.framework - INFO - 🧹 Performing comprehensive memory cleanup...
2025-10-10 06:33:55,305 - experiments.framework - INFO - 🧹 Performing comprehensive memory cleanup...
2025-10-10 06:33:55,448 - experiments.framework - INFO - Garbage collection freed 700 objects
2025-10-10 06:33:55,448 - experiments.framework - INFO - Garbage collection freed 700 objects
2025-10-10 06:33:55,448 - experiments.framework - INFO - Garbage collection freed 700 objects
2025-10-10 06:33:55,448 - experiments.framework - INFO - Garbage collection freed 700 objects
2025-10-10 06:33:55,448 - experiments.framework - INFO - Garbage collection freed 700 objects
2025-10-10 06:33:55,957 - experiments.framework - INFO - GPU memory cleanup attempted
2025-10-10 06:33:55,957 - experiments.framework - INFO - GPU memory cleanup attempted
2025-10-10 06:33:55,957 - experiments.framework - INFO - GPU memory cleanup attempted
2025-10-10 06:33:55,957 - experiments.framework - INFO - GPU memory cleanup attempted
2025-10-10 06:33:55,957 - experiments.framework - INFO - GPU memory cleanup attempted
2025-10-10 06:33:56,959 - experiments.framework - INFO - ✅ Comprehensive memory cleanup completed
2025-10-10 06:33:56,959 - experiments.framework - INFO - ✅ Comprehensive memory cleanup completed
2025-10-10 06:33:56,959 - experiments.framework - INFO - ✅ Comprehensive memory cleanup completed
2025-10-10 06:33:56,959 - experiments.framework - INFO - ✅ Comprehensive memory cleanup completed
2025-10-10 06:33:56,959 - experiments.framework - INFO - ✅ Comprehensive memory cleanup completed
2025-10-10 06:33:56,976 - experiments.framework - INFO - Pickle saving disabled to prevent large files - using JSON and CSV instead
2025-10-10 06:33:56,976 - experiments.framework - INFO - Pickle saving disabled to prevent large files - using JSON and CSV instead
2025-10-10 06:33:56,976 - experiments.framework - INFO - Pickle saving disabled to prevent large files - using JSON and CSV instead
2025-10-10 06:33:56,976 - experiments.framework - INFO - Pickle saving disabled to prevent large files - using JSON and CSV instead
2025-10-10 06:33:56,976 - experiments.framework - INFO - Pickle saving disabled to prevent large files - using JSON and CSV instead
2025-10-10 06:33:56,987 - experiments.framework - INFO - Saving 1 plots to /cs/student/msc/aibh/2024/madhavan/sgfa_qmap-pd/results/all_rois-sn_confound-removed-smoothed-2mm_run_20251010_034549/clinical_validation_20251010_063108/plots
2025-10-10 06:33:56,987 - experiments.framework - INFO - Saving 1 plots to /cs/student/msc/aibh/2024/madhavan/sgfa_qmap-pd/results/all_rois-sn_confound-removed-smoothed-2mm_run_20251010_034549/clinical_validation_20251010_063108/plots
2025-10-10 06:33:56,987 - experiments.framework - INFO - Saving 1 plots to /cs/student/msc/aibh/2024/madhavan/sgfa_qmap-pd/results/all_rois-sn_confound-removed-smoothed-2mm_run_20251010_034549/clinical_validation_20251010_063108/plots
2025-10-10 06:33:56,987 - experiments.framework - INFO - Saving 1 plots to /cs/student/msc/aibh/2024/madhavan/sgfa_qmap-pd/results/all_rois-sn_confound-removed-smoothed-2mm_run_20251010_034549/clinical_validation_20251010_063108/plots
2025-10-10 06:33:56,987 - experiments.framework - INFO - Saving 1 plots to /cs/student/msc/aibh/2024/madhavan/sgfa_qmap-pd/results/all_rois-sn_confound-removed-smoothed-2mm_run_20251010_034549/clinical_validation_20251010_063108/plots
2025-10-10 06:33:57,271 - experiments.framework - INFO -   ✅ Saved plot: clinical_validation_summary
2025-10-10 06:33:57,271 - experiments.framework - INFO -   ✅ Saved plot: clinical_validation_summary
2025-10-10 06:33:57,271 - experiments.framework - INFO -   ✅ Saved plot: clinical_validation_summary
2025-10-10 06:33:57,271 - experiments.framework - INFO -   ✅ Saved plot: clinical_validation_summary
2025-10-10 06:33:57,271 - experiments.framework - INFO -   ✅ Saved plot: clinical_validation_summary
2025-10-10 06:33:57,271 - experiments.framework - INFO - All plots saved to: /cs/student/msc/aibh/2024/madhavan/sgfa_qmap-pd/results/all_rois-sn_confound-removed-smoothed-2mm_run_20251010_034549/clinical_validation_20251010_063108/plots
2025-10-10 06:33:57,271 - experiments.framework - INFO - All plots saved to: /cs/student/msc/aibh/2024/madhavan/sgfa_qmap-pd/results/all_rois-sn_confound-removed-smoothed-2mm_run_20251010_034549/clinical_validation_20251010_063108/plots
2025-10-10 06:33:57,271 - experiments.framework - INFO - All plots saved to: /cs/student/msc/aibh/2024/madhavan/sgfa_qmap-pd/results/all_rois-sn_confound-removed-smoothed-2mm_run_20251010_034549/clinical_validation_20251010_063108/plots
2025-10-10 06:33:57,271 - experiments.framework - INFO - All plots saved to: /cs/student/msc/aibh/2024/madhavan/sgfa_qmap-pd/results/all_rois-sn_confound-removed-smoothed-2mm_run_20251010_034549/clinical_validation_20251010_063108/plots
2025-10-10 06:33:57,271 - experiments.framework - INFO - All plots saved to: /cs/student/msc/aibh/2024/madhavan/sgfa_qmap-pd/results/all_rois-sn_confound-removed-smoothed-2mm_run_20251010_034549/clinical_validation_20251010_063108/plots
2025-10-10 06:33:57,815 - experiments.framework - INFO - ExperimentFramework initialized with output dir: /cs/student/msc/aibh/2024/madhavan/sgfa_qmap-pd/results/all_rois-sn_confound-removed-smoothed-2mm_run_20251010_034549
2025-10-10 06:33:57,815 - experiments.framework - INFO - ExperimentFramework initialized with output dir: /cs/student/msc/aibh/2024/madhavan/sgfa_qmap-pd/results/all_rois-sn_confound-removed-smoothed-2mm_run_20251010_034549
2025-10-10 06:33:57,815 - experiments.framework - INFO - ExperimentFramework initialized with output dir: /cs/student/msc/aibh/2024/madhavan/sgfa_qmap-pd/results/all_rois-sn_confound-removed-smoothed-2mm_run_20251010_034549
2025-10-10 06:33:57,815 - experiments.framework - INFO - ExperimentFramework initialized with output dir: /cs/student/msc/aibh/2024/madhavan/sgfa_qmap-pd/results/all_rois-sn_confound-removed-smoothed-2mm_run_20251010_034549
2025-10-10 06:33:57,815 - experiments.framework - INFO - ExperimentFramework initialized with output dir: /cs/student/msc/aibh/2024/madhavan/sgfa_qmap-pd/results/all_rois-sn_confound-removed-smoothed-2mm_run_20251010_034549
2025-10-10 06:33:57,815 - experiments.framework - INFO - ExperimentFramework initialized with output dir: /cs/student/msc/aibh/2024/madhavan/sgfa_qmap-pd/results/all_rois-sn_confound-removed-smoothed-2mm_run_20251010_034549
2025-10-10 06:33:57,820 - experiments.framework - INFO - Starting experiment: reproducibility_tests_20251010_063357
2025-10-10 06:33:57,820 - experiments.framework - INFO - Starting experiment: reproducibility_tests_20251010_063357
2025-10-10 06:33:57,820 - experiments.framework - INFO - Starting experiment: reproducibility_tests_20251010_063357
2025-10-10 06:33:57,820 - experiments.framework - INFO - Starting experiment: reproducibility_tests_20251010_063357
2025-10-10 06:33:57,820 - experiments.framework - INFO - Starting experiment: reproducibility_tests_20251010_063357
2025-10-10 06:33:57,820 - experiments.framework - INFO - Starting experiment: reproducibility_tests_20251010_063357
2025-10-10 06:39:44,582 - experiments.framework - INFO - 🏁 EXPERIMENT COMPLETED: reproducibility_tests_20251010_063357
2025-10-10 06:39:44,582 - experiments.framework - INFO - 🏁 EXPERIMENT COMPLETED: reproducibility_tests_20251010_063357
2025-10-10 06:39:44,582 - experiments.framework - INFO - 🏁 EXPERIMENT COMPLETED: reproducibility_tests_20251010_063357
2025-10-10 06:39:44,582 - experiments.framework - INFO - 🏁 EXPERIMENT COMPLETED: reproducibility_tests_20251010_063357
2025-10-10 06:39:44,582 - experiments.framework - INFO - 🏁 EXPERIMENT COMPLETED: reproducibility_tests_20251010_063357
2025-10-10 06:39:44,582 - experiments.framework - INFO - 🏁 EXPERIMENT COMPLETED: reproducibility_tests_20251010_063357
2025-10-10 06:39:44,584 - experiments.framework - INFO - ⏱️  TOTAL RUNTIME: 5.8 minutes (347s)
2025-10-10 06:39:44,584 - experiments.framework - INFO - ⏱️  TOTAL RUNTIME: 5.8 minutes (347s)
2025-10-10 06:39:44,584 - experiments.framework - INFO - ⏱️  TOTAL RUNTIME: 5.8 minutes (347s)
2025-10-10 06:39:44,584 - experiments.framework - INFO - ⏱️  TOTAL RUNTIME: 5.8 minutes (347s)
2025-10-10 06:39:44,584 - experiments.framework - INFO - ⏱️  TOTAL RUNTIME: 5.8 minutes (347s)
2025-10-10 06:39:44,584 - experiments.framework - INFO - ⏱️  TOTAL RUNTIME: 5.8 minutes (347s)
2025-10-10 06:39:44,584 - experiments.framework - INFO - 🕐 Started: 2025-10-10 06:33:57
2025-10-10 06:39:44,584 - experiments.framework - INFO - 🕐 Started: 2025-10-10 06:33:57
2025-10-10 06:39:44,584 - experiments.framework - INFO - 🕐 Started: 2025-10-10 06:33:57
2025-10-10 06:39:44,584 - experiments.framework - INFO - 🕐 Started: 2025-10-10 06:33:57
2025-10-10 06:39:44,584 - experiments.framework - INFO - 🕐 Started: 2025-10-10 06:33:57
2025-10-10 06:39:44,584 - experiments.framework - INFO - 🕐 Started: 2025-10-10 06:33:57
2025-10-10 06:39:44,584 - experiments.framework - INFO - 🕑 Finished: 2025-10-10 06:39:44
2025-10-10 06:39:44,584 - experiments.framework - INFO - 🕑 Finished: 2025-10-10 06:39:44
2025-10-10 06:39:44,584 - experiments.framework - INFO - 🕑 Finished: 2025-10-10 06:39:44
2025-10-10 06:39:44,584 - experiments.framework - INFO - 🕑 Finished: 2025-10-10 06:39:44
2025-10-10 06:39:44,584 - experiments.framework - INFO - 🕑 Finished: 2025-10-10 06:39:44
2025-10-10 06:39:44,584 - experiments.framework - INFO - 🕑 Finished: 2025-10-10 06:39:44
2025-10-10 06:39:44,584 - experiments.framework - INFO - Experiment completed successfully: reproducibility_tests_20251010_063357
2025-10-10 06:39:44,584 - experiments.framework - INFO - Experiment completed successfully: reproducibility_tests_20251010_063357
2025-10-10 06:39:44,584 - experiments.framework - INFO - Experiment completed successfully: reproducibility_tests_20251010_063357
2025-10-10 06:39:44,584 - experiments.framework - INFO - Experiment completed successfully: reproducibility_tests_20251010_063357
2025-10-10 06:39:44,584 - experiments.framework - INFO - Experiment completed successfully: reproducibility_tests_20251010_063357
2025-10-10 06:39:44,584 - experiments.framework - INFO - Experiment completed successfully: reproducibility_tests_20251010_063357
2025-10-10 06:39:44,584 - experiments.framework - INFO - 🧹 Performing comprehensive memory cleanup...
2025-10-10 06:39:44,584 - experiments.framework - INFO - 🧹 Performing comprehensive memory cleanup...
2025-10-10 06:39:44,584 - experiments.framework - INFO - 🧹 Performing comprehensive memory cleanup...
2025-10-10 06:39:44,584 - experiments.framework - INFO - 🧹 Performing comprehensive memory cleanup...
2025-10-10 06:39:44,584 - experiments.framework - INFO - 🧹 Performing comprehensive memory cleanup...
2025-10-10 06:39:44,584 - experiments.framework - INFO - 🧹 Performing comprehensive memory cleanup...
2025-10-10 06:39:44,780 - experiments.framework - INFO - Garbage collection freed 125 objects
2025-10-10 06:39:44,780 - experiments.framework - INFO - Garbage collection freed 125 objects
2025-10-10 06:39:44,780 - experiments.framework - INFO - Garbage collection freed 125 objects
2025-10-10 06:39:44,780 - experiments.framework - INFO - Garbage collection freed 125 objects
2025-10-10 06:39:44,780 - experiments.framework - INFO - Garbage collection freed 125 objects
2025-10-10 06:39:44,780 - experiments.framework - INFO - Garbage collection freed 125 objects
2025-10-10 06:39:45,503 - experiments.framework - INFO - GPU memory cleanup attempted
2025-10-10 06:39:45,503 - experiments.framework - INFO - GPU memory cleanup attempted
2025-10-10 06:39:45,503 - experiments.framework - INFO - GPU memory cleanup attempted
2025-10-10 06:39:45,503 - experiments.framework - INFO - GPU memory cleanup attempted
2025-10-10 06:39:45,503 - experiments.framework - INFO - GPU memory cleanup attempted
2025-10-10 06:39:45,503 - experiments.framework - INFO - GPU memory cleanup attempted
2025-10-10 06:39:46,505 - experiments.framework - INFO - ✅ Comprehensive memory cleanup completed
2025-10-10 06:39:46,505 - experiments.framework - INFO - ✅ Comprehensive memory cleanup completed
2025-10-10 06:39:46,505 - experiments.framework - INFO - ✅ Comprehensive memory cleanup completed
2025-10-10 06:39:46,505 - experiments.framework - INFO - ✅ Comprehensive memory cleanup completed
2025-10-10 06:39:46,505 - experiments.framework - INFO - ✅ Comprehensive memory cleanup completed
2025-10-10 06:39:46,505 - experiments.framework - INFO - ✅ Comprehensive memory cleanup completed
2025-10-10 06:39:46,533 - experiments.framework - INFO - Pickle saving disabled to prevent large files - using JSON and CSV instead
2025-10-10 06:39:46,533 - experiments.framework - INFO - Pickle saving disabled to prevent large files - using JSON and CSV instead
2025-10-10 06:39:46,533 - experiments.framework - INFO - Pickle saving disabled to prevent large files - using JSON and CSV instead
2025-10-10 06:39:46,533 - experiments.framework - INFO - Pickle saving disabled to prevent large files - using JSON and CSV instead
2025-10-10 06:39:46,533 - experiments.framework - INFO - Pickle saving disabled to prevent large files - using JSON and CSV instead
2025-10-10 06:39:46,533 - experiments.framework - INFO - Pickle saving disabled to prevent large files - using JSON and CSV instead
2025-10-10 06:39:46,539 - experiments.framework - INFO - Saving 1 plots to /cs/student/msc/aibh/2024/madhavan/sgfa_qmap-pd/results/all_rois-sn_confound-removed-smoothed-2mm_run_20251010_034549/reproducibility_tests_20251010_063357/plots
2025-10-10 06:39:46,539 - experiments.framework - INFO - Saving 1 plots to /cs/student/msc/aibh/2024/madhavan/sgfa_qmap-pd/results/all_rois-sn_confound-removed-smoothed-2mm_run_20251010_034549/reproducibility_tests_20251010_063357/plots
2025-10-10 06:39:46,539 - experiments.framework - INFO - Saving 1 plots to /cs/student/msc/aibh/2024/madhavan/sgfa_qmap-pd/results/all_rois-sn_confound-removed-smoothed-2mm_run_20251010_034549/reproducibility_tests_20251010_063357/plots
2025-10-10 06:39:46,539 - experiments.framework - INFO - Saving 1 plots to /cs/student/msc/aibh/2024/madhavan/sgfa_qmap-pd/results/all_rois-sn_confound-removed-smoothed-2mm_run_20251010_034549/reproducibility_tests_20251010_063357/plots
2025-10-10 06:39:46,539 - experiments.framework - INFO - Saving 1 plots to /cs/student/msc/aibh/2024/madhavan/sgfa_qmap-pd/results/all_rois-sn_confound-removed-smoothed-2mm_run_20251010_034549/reproducibility_tests_20251010_063357/plots
2025-10-10 06:39:46,539 - experiments.framework - INFO - Saving 1 plots to /cs/student/msc/aibh/2024/madhavan/sgfa_qmap-pd/results/all_rois-sn_confound-removed-smoothed-2mm_run_20251010_034549/reproducibility_tests_20251010_063357/plots
2025-10-10 06:39:46,947 - experiments.framework - INFO -   ✅ Saved plot: reproducibility_summary
2025-10-10 06:39:46,947 - experiments.framework - INFO -   ✅ Saved plot: reproducibility_summary
2025-10-10 06:39:46,947 - experiments.framework - INFO -   ✅ Saved plot: reproducibility_summary
2025-10-10 06:39:46,947 - experiments.framework - INFO -   ✅ Saved plot: reproducibility_summary
2025-10-10 06:39:46,947 - experiments.framework - INFO -   ✅ Saved plot: reproducibility_summary
2025-10-10 06:39:46,947 - experiments.framework - INFO -   ✅ Saved plot: reproducibility_summary
2025-10-10 06:39:46,947 - experiments.framework - INFO - All plots saved to: /cs/student/msc/aibh/2024/madhavan/sgfa_qmap-pd/results/all_rois-sn_confound-removed-smoothed-2mm_run_20251010_034549/reproducibility_tests_20251010_063357/plots
2025-10-10 06:39:46,947 - experiments.framework - INFO - All plots saved to: /cs/student/msc/aibh/2024/madhavan/sgfa_qmap-pd/results/all_rois-sn_confound-removed-smoothed-2mm_run_20251010_034549/reproducibility_tests_20251010_063357/plots
2025-10-10 06:39:46,947 - experiments.framework - INFO - All plots saved to: /cs/student/msc/aibh/2024/madhavan/sgfa_qmap-pd/results/all_rois-sn_confound-removed-smoothed-2mm_run_20251010_034549/reproducibility_tests_20251010_063357/plots
2025-10-10 06:39:46,947 - experiments.framework - INFO - All plots saved to: /cs/student/msc/aibh/2024/madhavan/sgfa_qmap-pd/results/all_rois-sn_confound-removed-smoothed-2mm_run_20251010_034549/reproducibility_tests_20251010_063357/plots
2025-10-10 06:39:46,947 - experiments.framework - INFO - All plots saved to: /cs/student/msc/aibh/2024/madhavan/sgfa_qmap-pd/results/all_rois-sn_confound-removed-smoothed-2mm_run_20251010_034549/reproducibility_tests_20251010_063357/plots
2025-10-10 06:39:46,947 - experiments.framework - INFO - All plots saved to: /cs/student/msc/aibh/2024/madhavan/sgfa_qmap-pd/results/all_rois-sn_confound-removed-smoothed-2mm_run_20251010_034549/reproducibility_tests_20251010_063357/plots
