2025-10-17 20:23:50,984 - experiments.framework - INFO - ExperimentFramework initialized with output dir: /cs/student/msc/aibh/2024/madhavan/sgfa_qmap-pd/results/all_rois-sn_conf-age+sex+tiv_K50_percW20_MAD3.0_run_20251017_202350
2025-10-17 20:23:50,987 - experiments.framework - INFO - Starting experiment: data_validation_20251017_202350
2025-10-17 20:23:55,912 - experiments.framework - INFO - 🏁 EXPERIMENT COMPLETED: data_validation_20251017_202350
2025-10-17 20:23:55,912 - experiments.framework - INFO - ⏱️  TOTAL RUNTIME: 4.9 seconds
2025-10-17 20:23:55,912 - experiments.framework - INFO - 🕐 Started: 2025-10-17 20:23:50
2025-10-17 20:23:55,912 - experiments.framework - INFO - 🕑 Finished: 2025-10-17 20:23:55
2025-10-17 20:23:55,912 - experiments.framework - INFO - Experiment completed successfully: data_validation_20251017_202350
2025-10-17 20:23:55,913 - experiments.framework - INFO - 🧹 Performing comprehensive memory cleanup...
2025-10-17 20:23:55,952 - experiments.framework - INFO - Garbage collection freed 18258 objects
2025-10-17 20:23:56,078 - experiments.framework - INFO - GPU memory cleanup attempted
2025-10-17 20:23:57,080 - experiments.framework - INFO - ✅ Comprehensive memory cleanup completed
2025-10-17 20:23:57,143 - experiments.framework - INFO - Pickle saving disabled to prevent large files - using JSON and CSV instead
2025-10-17 20:23:57,146 - experiments.framework - INFO - Saving 3 plots to /cs/student/msc/aibh/2024/madhavan/sgfa_qmap-pd/results/all_rois-sn_conf-age+sex+tiv_K50_percW20_MAD3.0_run_20251017_202350/data_validation_20251017_202350/plots
2025-10-17 20:23:58,165 - experiments.framework - INFO -   ✅ Saved plot: data_distribution_comparison
2025-10-17 20:23:59,177 - experiments.framework - INFO -   ✅ Saved plot: data_validation_feature_reduction
2025-10-17 20:23:59,561 - experiments.framework - INFO -   ✅ Saved plot: data_validation_variance_distribution
2025-10-17 20:23:59,561 - experiments.framework - INFO - All plots saved to: /cs/student/msc/aibh/2024/madhavan/sgfa_qmap-pd/results/all_rois-sn_conf-age+sex+tiv_K50_percW20_MAD3.0_run_20251017_202350/data_validation_20251017_202350/plots
2025-10-17 20:23:59,605 - experiments.framework - INFO - ExperimentFramework initialized with output dir: /cs/student/msc/aibh/2024/madhavan/sgfa_qmap-pd/results/all_rois-sn_conf-age+sex+tiv_K50_percW20_MAD3.0_run_20251017_202350
2025-10-17 20:23:59,605 - experiments.framework - INFO - ExperimentFramework initialized with output dir: /cs/student/msc/aibh/2024/madhavan/sgfa_qmap-pd/results/all_rois-sn_conf-age+sex+tiv_K50_percW20_MAD3.0_run_20251017_202350
2025-10-17 20:23:59,609 - experiments.framework - INFO - Starting experiment: robustness_tests_20251017_202359
2025-10-17 20:23:59,609 - experiments.framework - INFO - Starting experiment: robustness_tests_20251017_202359
