2025-10-15 21:16:32,913 - experiments.framework - INFO - ExperimentFramework initialized with output dir: /cs/student/msc/aibh/2024/madhavan/sgfa_qmap-pd/results/all_rois-sn_conf-age+sex+tiv_K2_PCA-balanced_MAD20.0_run_20251015_211632
2025-10-15 21:16:32,916 - experiments.framework - INFO - Starting experiment: data_validation_20251015_211632
2025-10-15 21:16:35,600 - experiments.framework - INFO - 🏁 EXPERIMENT COMPLETED: data_validation_20251015_211632
2025-10-15 21:16:35,600 - experiments.framework - INFO - ⏱️  TOTAL RUNTIME: 2.7 seconds
2025-10-15 21:16:35,600 - experiments.framework - INFO - 🕐 Started: 2025-10-15 21:16:32
2025-10-15 21:16:35,600 - experiments.framework - INFO - 🕑 Finished: 2025-10-15 21:16:35
2025-10-15 21:16:35,600 - experiments.framework - INFO - Experiment completed successfully: data_validation_20251015_211632
2025-10-15 21:16:35,600 - experiments.framework - INFO - 🧹 Performing comprehensive memory cleanup...
2025-10-15 21:16:35,635 - experiments.framework - INFO - Garbage collection freed 31822 objects
2025-10-15 21:16:35,741 - experiments.framework - INFO - GPU memory cleanup attempted
2025-10-15 21:16:36,742 - experiments.framework - INFO - ✅ Comprehensive memory cleanup completed
2025-10-15 21:16:36,805 - experiments.framework - INFO - Pickle saving disabled to prevent large files - using JSON and CSV instead
2025-10-15 21:16:36,807 - experiments.framework - INFO - Saving 3 plots to /cs/student/msc/aibh/2024/madhavan/sgfa_qmap-pd/results/all_rois-sn_conf-age+sex+tiv_K2_PCA-balanced_MAD20.0_run_20251015_211632/data_validation_20251015_211632/plots
2025-10-15 21:16:37,874 - experiments.framework - INFO -   ✅ Saved plot: data_distribution_comparison
2025-10-15 21:16:38,866 - experiments.framework - INFO -   ✅ Saved plot: data_validation_feature_reduction
2025-10-15 21:16:39,236 - experiments.framework - INFO -   ✅ Saved plot: data_validation_variance_distribution
2025-10-15 21:16:39,236 - experiments.framework - INFO - All plots saved to: /cs/student/msc/aibh/2024/madhavan/sgfa_qmap-pd/results/all_rois-sn_conf-age+sex+tiv_K2_PCA-balanced_MAD20.0_run_20251015_211632/data_validation_20251015_211632/plots
2025-10-15 21:16:39,274 - experiments.framework - INFO - ExperimentFramework initialized with output dir: /cs/student/msc/aibh/2024/madhavan/sgfa_qmap-pd/results/all_rois-sn_conf-age+sex+tiv_K2_PCA-balanced_MAD20.0_run_20251015_211632
2025-10-15 21:16:39,274 - experiments.framework - INFO - ExperimentFramework initialized with output dir: /cs/student/msc/aibh/2024/madhavan/sgfa_qmap-pd/results/all_rois-sn_conf-age+sex+tiv_K2_PCA-balanced_MAD20.0_run_20251015_211632
2025-10-15 21:16:39,278 - experiments.framework - INFO - Starting experiment: robustness_tests_20251015_211639
2025-10-15 21:16:39,278 - experiments.framework - INFO - Starting experiment: robustness_tests_20251015_211639
2025-10-15 21:24:54,704 - experiments.framework - INFO - 🏁 EXPERIMENT COMPLETED: robustness_tests_20251015_211639
2025-10-15 21:24:54,704 - experiments.framework - INFO - 🏁 EXPERIMENT COMPLETED: robustness_tests_20251015_211639
2025-10-15 21:24:54,705 - experiments.framework - INFO - ⏱️  TOTAL RUNTIME: 8.3 minutes (495s)
2025-10-15 21:24:54,705 - experiments.framework - INFO - ⏱️  TOTAL RUNTIME: 8.3 minutes (495s)
2025-10-15 21:24:54,705 - experiments.framework - INFO - 🕐 Started: 2025-10-15 21:16:39
2025-10-15 21:24:54,705 - experiments.framework - INFO - 🕐 Started: 2025-10-15 21:16:39
2025-10-15 21:24:54,705 - experiments.framework - INFO - 🕑 Finished: 2025-10-15 21:24:54
2025-10-15 21:24:54,705 - experiments.framework - INFO - 🕑 Finished: 2025-10-15 21:24:54
2025-10-15 21:24:54,705 - experiments.framework - INFO - Experiment completed successfully: robustness_tests_20251015_211639
2025-10-15 21:24:54,705 - experiments.framework - INFO - Experiment completed successfully: robustness_tests_20251015_211639
2025-10-15 21:24:54,705 - experiments.framework - INFO - 🧹 Performing comprehensive memory cleanup...
2025-10-15 21:24:54,705 - experiments.framework - INFO - 🧹 Performing comprehensive memory cleanup...
2025-10-15 21:24:54,772 - experiments.framework - INFO - Garbage collection freed 140 objects
2025-10-15 21:24:54,772 - experiments.framework - INFO - Garbage collection freed 140 objects
2025-10-15 21:24:55,026 - experiments.framework - INFO - GPU memory cleanup attempted
2025-10-15 21:24:55,026 - experiments.framework - INFO - GPU memory cleanup attempted
2025-10-15 21:24:56,028 - experiments.framework - INFO - ✅ Comprehensive memory cleanup completed
2025-10-15 21:24:56,028 - experiments.framework - INFO - ✅ Comprehensive memory cleanup completed
2025-10-15 21:24:56,056 - experiments.framework - INFO - Pickle saving disabled to prevent large files - using JSON and CSV instead
2025-10-15 21:24:56,056 - experiments.framework - INFO - Pickle saving disabled to prevent large files - using JSON and CSV instead
2025-10-15 21:24:56,059 - experiments.framework - INFO - Saving 1 plots to /cs/student/msc/aibh/2024/madhavan/sgfa_qmap-pd/results/all_rois-sn_conf-age+sex+tiv_K2_PCA-balanced_MAD20.0_run_20251015_211632/robustness_tests_20251015_211639/plots
2025-10-15 21:24:56,059 - experiments.framework - INFO - Saving 1 plots to /cs/student/msc/aibh/2024/madhavan/sgfa_qmap-pd/results/all_rois-sn_conf-age+sex+tiv_K2_PCA-balanced_MAD20.0_run_20251015_211632/robustness_tests_20251015_211639/plots
2025-10-15 21:24:56,515 - experiments.framework - INFO -   ✅ Saved plot: robustness_summary
2025-10-15 21:24:56,515 - experiments.framework - INFO -   ✅ Saved plot: robustness_summary
2025-10-15 21:24:56,515 - experiments.framework - INFO - All plots saved to: /cs/student/msc/aibh/2024/madhavan/sgfa_qmap-pd/results/all_rois-sn_conf-age+sex+tiv_K2_PCA-balanced_MAD20.0_run_20251015_211632/robustness_tests_20251015_211639/plots
2025-10-15 21:24:56,515 - experiments.framework - INFO - All plots saved to: /cs/student/msc/aibh/2024/madhavan/sgfa_qmap-pd/results/all_rois-sn_conf-age+sex+tiv_K2_PCA-balanced_MAD20.0_run_20251015_211632/robustness_tests_20251015_211639/plots
2025-10-16 00:07:21,638 - experiments.framework - INFO - ExperimentFramework initialized with output dir: /cs/student/msc/aibh/2024/madhavan/sgfa_qmap-pd/results/all_rois-sn_conf-age+sex+tiv_K2_PCA-balanced_MAD20.0_run_20251015_211632
2025-10-16 00:07:21,638 - experiments.framework - INFO - ExperimentFramework initialized with output dir: /cs/student/msc/aibh/2024/madhavan/sgfa_qmap-pd/results/all_rois-sn_conf-age+sex+tiv_K2_PCA-balanced_MAD20.0_run_20251015_211632
2025-10-16 00:07:21,638 - experiments.framework - INFO - ExperimentFramework initialized with output dir: /cs/student/msc/aibh/2024/madhavan/sgfa_qmap-pd/results/all_rois-sn_conf-age+sex+tiv_K2_PCA-balanced_MAD20.0_run_20251015_211632
2025-10-16 00:07:21,645 - experiments.framework - INFO - Starting experiment: clinical_validation_20251016_000721
2025-10-16 00:07:21,645 - experiments.framework - INFO - Starting experiment: clinical_validation_20251016_000721
2025-10-16 00:07:21,645 - experiments.framework - INFO - Starting experiment: clinical_validation_20251016_000721
2025-10-16 00:10:39,965 - experiments.framework - INFO - 🏁 EXPERIMENT COMPLETED: clinical_validation_20251016_000721
2025-10-16 00:10:39,965 - experiments.framework - INFO - 🏁 EXPERIMENT COMPLETED: clinical_validation_20251016_000721
2025-10-16 00:10:39,965 - experiments.framework - INFO - 🏁 EXPERIMENT COMPLETED: clinical_validation_20251016_000721
2025-10-16 00:10:39,965 - experiments.framework - INFO - ⏱️  TOTAL RUNTIME: 3.3 minutes (198s)
2025-10-16 00:10:39,965 - experiments.framework - INFO - ⏱️  TOTAL RUNTIME: 3.3 minutes (198s)
2025-10-16 00:10:39,965 - experiments.framework - INFO - ⏱️  TOTAL RUNTIME: 3.3 minutes (198s)
2025-10-16 00:10:39,966 - experiments.framework - INFO - 🕐 Started: 2025-10-16 00:07:21
2025-10-16 00:10:39,966 - experiments.framework - INFO - 🕐 Started: 2025-10-16 00:07:21
2025-10-16 00:10:39,966 - experiments.framework - INFO - 🕐 Started: 2025-10-16 00:07:21
2025-10-16 00:10:39,966 - experiments.framework - INFO - 🕑 Finished: 2025-10-16 00:10:39
2025-10-16 00:10:39,966 - experiments.framework - INFO - 🕑 Finished: 2025-10-16 00:10:39
2025-10-16 00:10:39,966 - experiments.framework - INFO - 🕑 Finished: 2025-10-16 00:10:39
2025-10-16 00:10:39,966 - experiments.framework - INFO - Experiment completed successfully: clinical_validation_20251016_000721
2025-10-16 00:10:39,966 - experiments.framework - INFO - Experiment completed successfully: clinical_validation_20251016_000721
2025-10-16 00:10:39,966 - experiments.framework - INFO - Experiment completed successfully: clinical_validation_20251016_000721
2025-10-16 00:10:39,966 - experiments.framework - INFO - 🧹 Performing comprehensive memory cleanup...
2025-10-16 00:10:39,966 - experiments.framework - INFO - 🧹 Performing comprehensive memory cleanup...
2025-10-16 00:10:39,966 - experiments.framework - INFO - 🧹 Performing comprehensive memory cleanup...
2025-10-16 00:10:40,068 - experiments.framework - INFO - Garbage collection freed 250 objects
2025-10-16 00:10:40,068 - experiments.framework - INFO - Garbage collection freed 250 objects
2025-10-16 00:10:40,068 - experiments.framework - INFO - Garbage collection freed 250 objects
2025-10-16 00:10:40,466 - experiments.framework - INFO - GPU memory cleanup attempted
2025-10-16 00:10:40,466 - experiments.framework - INFO - GPU memory cleanup attempted
2025-10-16 00:10:40,466 - experiments.framework - INFO - GPU memory cleanup attempted
2025-10-16 00:10:41,468 - experiments.framework - INFO - ✅ Comprehensive memory cleanup completed
2025-10-16 00:10:41,468 - experiments.framework - INFO - ✅ Comprehensive memory cleanup completed
2025-10-16 00:10:41,468 - experiments.framework - INFO - ✅ Comprehensive memory cleanup completed
2025-10-16 00:10:41,487 - experiments.framework - INFO - Pickle saving disabled to prevent large files - using JSON and CSV instead
2025-10-16 00:10:41,487 - experiments.framework - INFO - Pickle saving disabled to prevent large files - using JSON and CSV instead
2025-10-16 00:10:41,487 - experiments.framework - INFO - Pickle saving disabled to prevent large files - using JSON and CSV instead
2025-10-16 00:10:41,490 - experiments.framework - INFO - Saving 1 plots to /cs/student/msc/aibh/2024/madhavan/sgfa_qmap-pd/results/all_rois-sn_conf-age+sex+tiv_K2_PCA-balanced_MAD20.0_run_20251015_211632/clinical_validation_20251016_000721/plots
2025-10-16 00:10:41,490 - experiments.framework - INFO - Saving 1 plots to /cs/student/msc/aibh/2024/madhavan/sgfa_qmap-pd/results/all_rois-sn_conf-age+sex+tiv_K2_PCA-balanced_MAD20.0_run_20251015_211632/clinical_validation_20251016_000721/plots
2025-10-16 00:10:41,490 - experiments.framework - INFO - Saving 1 plots to /cs/student/msc/aibh/2024/madhavan/sgfa_qmap-pd/results/all_rois-sn_conf-age+sex+tiv_K2_PCA-balanced_MAD20.0_run_20251015_211632/clinical_validation_20251016_000721/plots
2025-10-16 00:10:41,812 - experiments.framework - INFO -   ✅ Saved plot: clinical_validation_summary
2025-10-16 00:10:41,812 - experiments.framework - INFO -   ✅ Saved plot: clinical_validation_summary
2025-10-16 00:10:41,812 - experiments.framework - INFO -   ✅ Saved plot: clinical_validation_summary
2025-10-16 00:10:41,812 - experiments.framework - INFO - All plots saved to: /cs/student/msc/aibh/2024/madhavan/sgfa_qmap-pd/results/all_rois-sn_conf-age+sex+tiv_K2_PCA-balanced_MAD20.0_run_20251015_211632/clinical_validation_20251016_000721/plots
2025-10-16 00:10:41,812 - experiments.framework - INFO - All plots saved to: /cs/student/msc/aibh/2024/madhavan/sgfa_qmap-pd/results/all_rois-sn_conf-age+sex+tiv_K2_PCA-balanced_MAD20.0_run_20251015_211632/clinical_validation_20251016_000721/plots
2025-10-16 00:10:41,812 - experiments.framework - INFO - All plots saved to: /cs/student/msc/aibh/2024/madhavan/sgfa_qmap-pd/results/all_rois-sn_conf-age+sex+tiv_K2_PCA-balanced_MAD20.0_run_20251015_211632/clinical_validation_20251016_000721/plots
