2025-10-18 14:26:31,286 - experiments.framework - INFO - ExperimentFramework initialized with output dir: /cs/student/msc/aibh/2024/madhavan/sgfa_qmap-pd/results/all_rois-sn_conf-age+sex+tiv_K50_percW33_MAD3.0_run_20251018_142631
2025-10-18 14:26:31,296 - experiments.framework - INFO - Starting experiment: data_validation_20251018_142631
2025-10-18 14:26:36,494 - experiments.framework - INFO - 🏁 EXPERIMENT COMPLETED: data_validation_20251018_142631
2025-10-18 14:26:36,495 - experiments.framework - INFO - ⏱️  TOTAL RUNTIME: 5.2 seconds
2025-10-18 14:26:36,495 - experiments.framework - INFO - 🕐 Started: 2025-10-18 14:26:31
2025-10-18 14:26:36,495 - experiments.framework - INFO - 🕑 Finished: 2025-10-18 14:26:36
2025-10-18 14:26:36,495 - experiments.framework - INFO - Experiment completed successfully: data_validation_20251018_142631
2025-10-18 14:26:36,495 - experiments.framework - INFO - 🧹 Performing comprehensive memory cleanup...
2025-10-18 14:26:36,537 - experiments.framework - INFO - Garbage collection freed 18248 objects
2025-10-18 14:26:36,669 - experiments.framework - INFO - GPU memory cleanup attempted
2025-10-18 14:26:37,670 - experiments.framework - INFO - ✅ Comprehensive memory cleanup completed
2025-10-18 14:26:37,741 - experiments.framework - INFO - Pickle saving disabled to prevent large files - using JSON and CSV instead
2025-10-18 14:26:37,746 - experiments.framework - INFO - Saving 3 plots to /cs/student/msc/aibh/2024/madhavan/sgfa_qmap-pd/results/all_rois-sn_conf-age+sex+tiv_K50_percW33_MAD3.0_run_20251018_142631/data_validation_tree10_20251018_142631/plots
2025-10-18 14:26:38,782 - experiments.framework - INFO -   ✅ Saved plot: data_distribution_comparison
2025-10-18 14:26:39,805 - experiments.framework - INFO -   ✅ Saved plot: data_validation_feature_reduction
2025-10-18 14:26:40,179 - experiments.framework - INFO -   ✅ Saved plot: data_validation_variance_distribution
2025-10-18 14:26:40,179 - experiments.framework - INFO - All plots saved to: /cs/student/msc/aibh/2024/madhavan/sgfa_qmap-pd/results/all_rois-sn_conf-age+sex+tiv_K50_percW33_MAD3.0_run_20251018_142631/data_validation_tree10_20251018_142631/plots
2025-10-18 14:26:40,226 - experiments.framework - INFO - ExperimentFramework initialized with output dir: /cs/student/msc/aibh/2024/madhavan/sgfa_qmap-pd/results/all_rois-sn_conf-age+sex+tiv_K50_percW33_MAD3.0_run_20251018_142631
2025-10-18 14:26:40,226 - experiments.framework - INFO - ExperimentFramework initialized with output dir: /cs/student/msc/aibh/2024/madhavan/sgfa_qmap-pd/results/all_rois-sn_conf-age+sex+tiv_K50_percW33_MAD3.0_run_20251018_142631
2025-10-18 14:26:40,233 - experiments.framework - INFO - Starting experiment: robustness_tests_20251018_142640
2025-10-18 14:26:40,233 - experiments.framework - INFO - Starting experiment: robustness_tests_20251018_142640
2025-10-18 14:35:29,227 - experiments.framework - INFO - 🏁 EXPERIMENT COMPLETED: robustness_tests_20251018_142640
2025-10-18 14:35:29,227 - experiments.framework - INFO - 🏁 EXPERIMENT COMPLETED: robustness_tests_20251018_142640
2025-10-18 14:35:29,227 - experiments.framework - INFO - ⏱️  TOTAL RUNTIME: 8.8 minutes (529s)
2025-10-18 14:35:29,227 - experiments.framework - INFO - ⏱️  TOTAL RUNTIME: 8.8 minutes (529s)
2025-10-18 14:35:29,227 - experiments.framework - INFO - 🕐 Started: 2025-10-18 14:26:40
2025-10-18 14:35:29,227 - experiments.framework - INFO - 🕐 Started: 2025-10-18 14:26:40
2025-10-18 14:35:29,228 - experiments.framework - INFO - 🕑 Finished: 2025-10-18 14:35:29
2025-10-18 14:35:29,228 - experiments.framework - INFO - 🕑 Finished: 2025-10-18 14:35:29
2025-10-18 14:35:29,228 - experiments.framework - INFO - Experiment completed successfully: robustness_tests_20251018_142640
2025-10-18 14:35:29,228 - experiments.framework - INFO - Experiment completed successfully: robustness_tests_20251018_142640
2025-10-18 14:35:29,228 - experiments.framework - INFO - 🧹 Performing comprehensive memory cleanup...
2025-10-18 14:35:29,228 - experiments.framework - INFO - 🧹 Performing comprehensive memory cleanup...
2025-10-18 14:35:29,271 - experiments.framework - INFO - Garbage collection freed 88 objects
2025-10-18 14:35:29,271 - experiments.framework - INFO - Garbage collection freed 88 objects
2025-10-18 14:35:29,422 - experiments.framework - INFO - GPU memory cleanup attempted
2025-10-18 14:35:29,422 - experiments.framework - INFO - GPU memory cleanup attempted
2025-10-18 14:35:30,423 - experiments.framework - INFO - ✅ Comprehensive memory cleanup completed
2025-10-18 14:35:30,423 - experiments.framework - INFO - ✅ Comprehensive memory cleanup completed
2025-10-18 14:35:30,454 - experiments.framework - INFO - Pickle saving disabled to prevent large files - using JSON and CSV instead
2025-10-18 14:35:30,454 - experiments.framework - INFO - Pickle saving disabled to prevent large files - using JSON and CSV instead
2025-10-18 14:35:30,459 - experiments.framework - INFO - Saving 1 plots to /cs/student/msc/aibh/2024/madhavan/sgfa_qmap-pd/results/all_rois-sn_conf-age+sex+tiv_K50_percW33_MAD3.0_run_20251018_142631/robustness_tests_K50_percW33_slab4_2_MAD3.0_tree10_20251018_142640/plots
2025-10-18 14:35:30,459 - experiments.framework - INFO - Saving 1 plots to /cs/student/msc/aibh/2024/madhavan/sgfa_qmap-pd/results/all_rois-sn_conf-age+sex+tiv_K50_percW33_MAD3.0_run_20251018_142631/robustness_tests_K50_percW33_slab4_2_MAD3.0_tree10_20251018_142640/plots
2025-10-18 14:35:30,917 - experiments.framework - INFO -   ✅ Saved plot: robustness_summary
2025-10-18 14:35:30,917 - experiments.framework - INFO -   ✅ Saved plot: robustness_summary
2025-10-18 14:35:30,917 - experiments.framework - INFO - All plots saved to: /cs/student/msc/aibh/2024/madhavan/sgfa_qmap-pd/results/all_rois-sn_conf-age+sex+tiv_K50_percW33_MAD3.0_run_20251018_142631/robustness_tests_K50_percW33_slab4_2_MAD3.0_tree10_20251018_142640/plots
2025-10-18 14:35:30,917 - experiments.framework - INFO - All plots saved to: /cs/student/msc/aibh/2024/madhavan/sgfa_qmap-pd/results/all_rois-sn_conf-age+sex+tiv_K50_percW33_MAD3.0_run_20251018_142631/robustness_tests_K50_percW33_slab4_2_MAD3.0_tree10_20251018_142640/plots
