2025-10-08 12:29:15,425 - experiments.framework - INFO - ExperimentFramework initialized with output dir: /cs/student/msc/aibh/2024/madhavan/sgfa_qmap-pd/results/all_conf-age+sex+tiv_run_20251008_122915
2025-10-08 12:29:15,428 - experiments.framework - INFO - Starting experiment: data_validation_20251008_122915
2025-10-08 12:29:21,050 - experiments.framework - INFO - 🏁 EXPERIMENT COMPLETED: data_validation_20251008_122915
2025-10-08 12:29:21,050 - experiments.framework - INFO - ⏱️  TOTAL RUNTIME: 5.6 seconds
2025-10-08 12:29:21,050 - experiments.framework - INFO - 🕐 Started: 2025-10-08 12:29:15
2025-10-08 12:29:21,050 - experiments.framework - INFO - 🕑 Finished: 2025-10-08 12:29:21
2025-10-08 12:29:21,050 - experiments.framework - INFO - Experiment completed successfully: data_validation_20251008_122915
2025-10-08 12:29:21,050 - experiments.framework - INFO - 🧹 Performing comprehensive memory cleanup...
2025-10-08 12:29:21,116 - experiments.framework - INFO - Garbage collection freed 31925 objects
2025-10-08 12:29:21,262 - experiments.framework - INFO - GPU memory cleanup attempted
2025-10-08 12:29:22,264 - experiments.framework - INFO - ✅ Comprehensive memory cleanup completed
2025-10-08 12:29:22,324 - experiments.framework - INFO - Pickle saving disabled to prevent large files - using JSON and CSV instead
2025-10-08 12:29:22,330 - experiments.framework - INFO - Saving 3 plots to /cs/student/msc/aibh/2024/madhavan/sgfa_qmap-pd/results/all_conf-age+sex+tiv_run_20251008_122915/data_validation_20251008_122915/plots
2025-10-08 12:29:23,855 - experiments.framework - INFO -   ✅ Saved plot: data_distribution_comparison
2025-10-08 12:29:24,625 - experiments.framework - INFO -   ✅ Saved plot: data_validation_feature_reduction
2025-10-08 12:29:24,913 - experiments.framework - INFO -   ✅ Saved plot: data_validation_variance_distribution
2025-10-08 12:29:24,913 - experiments.framework - INFO - All plots saved to: /cs/student/msc/aibh/2024/madhavan/sgfa_qmap-pd/results/all_conf-age+sex+tiv_run_20251008_122915/data_validation_20251008_122915/plots
2025-10-08 12:29:24,979 - experiments.framework - INFO - ExperimentFramework initialized with output dir: /cs/student/msc/aibh/2024/madhavan/sgfa_qmap-pd/results/all_conf-age+sex+tiv_run_20251008_122915
2025-10-08 12:29:24,979 - experiments.framework - INFO - ExperimentFramework initialized with output dir: /cs/student/msc/aibh/2024/madhavan/sgfa_qmap-pd/results/all_conf-age+sex+tiv_run_20251008_122915
2025-10-08 12:29:27,362 - experiments.framework - INFO - Starting experiment: sgfa_hyperparameter_tuning_20251008_122927
2025-10-08 12:29:27,362 - experiments.framework - INFO - Starting experiment: sgfa_hyperparameter_tuning_20251008_122927
2025-10-08 17:13:21,417 - experiments.framework - INFO - 🏁 EXPERIMENT COMPLETED: sgfa_hyperparameter_tuning_20251008_122927
2025-10-08 17:13:21,417 - experiments.framework - INFO - 🏁 EXPERIMENT COMPLETED: sgfa_hyperparameter_tuning_20251008_122927
2025-10-08 17:13:21,417 - experiments.framework - INFO - ⏱️  TOTAL RUNTIME: 4.7 hours (44m 54s)
2025-10-08 17:13:21,417 - experiments.framework - INFO - ⏱️  TOTAL RUNTIME: 4.7 hours (44m 54s)
2025-10-08 17:13:21,418 - experiments.framework - INFO - 🕐 Started: 2025-10-08 12:29:27
2025-10-08 17:13:21,418 - experiments.framework - INFO - 🕐 Started: 2025-10-08 12:29:27
2025-10-08 17:13:21,418 - experiments.framework - INFO - 🕑 Finished: 2025-10-08 17:13:21
2025-10-08 17:13:21,418 - experiments.framework - INFO - 🕑 Finished: 2025-10-08 17:13:21
2025-10-08 17:13:21,418 - experiments.framework - INFO - Experiment completed successfully: sgfa_hyperparameter_tuning_20251008_122927
2025-10-08 17:13:21,418 - experiments.framework - INFO - Experiment completed successfully: sgfa_hyperparameter_tuning_20251008_122927
2025-10-08 17:13:21,418 - experiments.framework - INFO - 🧹 Performing comprehensive memory cleanup...
2025-10-08 17:13:21,418 - experiments.framework - INFO - 🧹 Performing comprehensive memory cleanup...
2025-10-08 17:13:21,484 - experiments.framework - INFO - Garbage collection freed 0 objects
2025-10-08 17:13:21,484 - experiments.framework - INFO - Garbage collection freed 0 objects
2025-10-08 17:13:21,733 - experiments.framework - INFO - GPU memory cleanup attempted
2025-10-08 17:13:21,733 - experiments.framework - INFO - GPU memory cleanup attempted
2025-10-08 17:13:22,734 - experiments.framework - INFO - ✅ Comprehensive memory cleanup completed
2025-10-08 17:13:22,734 - experiments.framework - INFO - ✅ Comprehensive memory cleanup completed
2025-10-08 17:13:23,118 - experiments.framework - INFO - Pickle saving disabled to prevent large files - using JSON and CSV instead
2025-10-08 17:13:23,118 - experiments.framework - INFO - Pickle saving disabled to prevent large files - using JSON and CSV instead
2025-10-08 17:13:23,155 - experiments.framework - INFO - Saving sgfa_K2_percW10_grp0.0 factor scores Z shape: (86, 2)
2025-10-08 17:13:23,155 - experiments.framework - INFO - Saving sgfa_K2_percW10_grp0.0 factor scores Z shape: (86, 2)
2025-10-08 17:13:23,189 - experiments.framework - INFO - Saving sgfa_K2_percW10_grp0.05 factor scores Z shape: (86, 2)
2025-10-08 17:13:23,189 - experiments.framework - INFO - Saving sgfa_K2_percW10_grp0.05 factor scores Z shape: (86, 2)
2025-10-08 17:13:23,224 - experiments.framework - INFO - Saving sgfa_K2_percW10_grp0.1 factor scores Z shape: (86, 2)
2025-10-08 17:13:23,224 - experiments.framework - INFO - Saving sgfa_K2_percW10_grp0.1 factor scores Z shape: (86, 2)
2025-10-08 17:13:23,259 - experiments.framework - INFO - Saving sgfa_K2_percW10_grp0.2 factor scores Z shape: (86, 2)
2025-10-08 17:13:23,259 - experiments.framework - INFO - Saving sgfa_K2_percW10_grp0.2 factor scores Z shape: (86, 2)
2025-10-08 17:13:23,294 - experiments.framework - INFO - Saving sgfa_K2_percW25_grp0.0 factor scores Z shape: (86, 2)
2025-10-08 17:13:23,294 - experiments.framework - INFO - Saving sgfa_K2_percW25_grp0.0 factor scores Z shape: (86, 2)
2025-10-08 17:13:23,328 - experiments.framework - INFO - Saving sgfa_K2_percW25_grp0.05 factor scores Z shape: (86, 2)
2025-10-08 17:13:23,328 - experiments.framework - INFO - Saving sgfa_K2_percW25_grp0.05 factor scores Z shape: (86, 2)
2025-10-08 17:13:23,361 - experiments.framework - INFO - Saving sgfa_K2_percW25_grp0.1 factor scores Z shape: (86, 2)
2025-10-08 17:13:23,361 - experiments.framework - INFO - Saving sgfa_K2_percW25_grp0.1 factor scores Z shape: (86, 2)
2025-10-08 17:13:23,395 - experiments.framework - INFO - Saving sgfa_K2_percW25_grp0.2 factor scores Z shape: (86, 2)
2025-10-08 17:13:23,395 - experiments.framework - INFO - Saving sgfa_K2_percW25_grp0.2 factor scores Z shape: (86, 2)
2025-10-08 17:13:23,429 - experiments.framework - INFO - Saving sgfa_K2_percW33_grp0.0 factor scores Z shape: (86, 2)
2025-10-08 17:13:23,429 - experiments.framework - INFO - Saving sgfa_K2_percW33_grp0.0 factor scores Z shape: (86, 2)
2025-10-08 17:13:23,462 - experiments.framework - INFO - Saving sgfa_K2_percW33_grp0.05 factor scores Z shape: (86, 2)
2025-10-08 17:13:23,462 - experiments.framework - INFO - Saving sgfa_K2_percW33_grp0.05 factor scores Z shape: (86, 2)
2025-10-08 17:13:23,498 - experiments.framework - INFO - Saving sgfa_K2_percW33_grp0.1 factor scores Z shape: (86, 2)
2025-10-08 17:13:23,498 - experiments.framework - INFO - Saving sgfa_K2_percW33_grp0.1 factor scores Z shape: (86, 2)
2025-10-08 17:13:23,531 - experiments.framework - INFO - Saving sgfa_K2_percW33_grp0.2 factor scores Z shape: (86, 2)
2025-10-08 17:13:23,531 - experiments.framework - INFO - Saving sgfa_K2_percW33_grp0.2 factor scores Z shape: (86, 2)
2025-10-08 17:13:23,579 - experiments.framework - INFO - Saving sgfa_K3_percW10_grp0.0 factor scores Z shape: (86, 3)
2025-10-08 17:13:23,579 - experiments.framework - INFO - Saving sgfa_K3_percW10_grp0.0 factor scores Z shape: (86, 3)
2025-10-08 17:13:23,624 - experiments.framework - INFO - Saving sgfa_K3_percW10_grp0.05 factor scores Z shape: (86, 3)
2025-10-08 17:13:23,624 - experiments.framework - INFO - Saving sgfa_K3_percW10_grp0.05 factor scores Z shape: (86, 3)
2025-10-08 17:13:23,670 - experiments.framework - INFO - Saving sgfa_K3_percW10_grp0.1 factor scores Z shape: (86, 3)
2025-10-08 17:13:23,670 - experiments.framework - INFO - Saving sgfa_K3_percW10_grp0.1 factor scores Z shape: (86, 3)
2025-10-08 17:13:23,714 - experiments.framework - INFO - Saving sgfa_K3_percW10_grp0.2 factor scores Z shape: (86, 3)
2025-10-08 17:13:23,714 - experiments.framework - INFO - Saving sgfa_K3_percW10_grp0.2 factor scores Z shape: (86, 3)
2025-10-08 17:13:23,758 - experiments.framework - INFO - Saving sgfa_K3_percW25_grp0.0 factor scores Z shape: (86, 3)
2025-10-08 17:13:23,758 - experiments.framework - INFO - Saving sgfa_K3_percW25_grp0.0 factor scores Z shape: (86, 3)
2025-10-08 17:13:23,803 - experiments.framework - INFO - Saving sgfa_K3_percW25_grp0.05 factor scores Z shape: (86, 3)
2025-10-08 17:13:23,803 - experiments.framework - INFO - Saving sgfa_K3_percW25_grp0.05 factor scores Z shape: (86, 3)
2025-10-08 17:13:23,849 - experiments.framework - INFO - Saving sgfa_K3_percW25_grp0.1 factor scores Z shape: (86, 3)
2025-10-08 17:13:23,849 - experiments.framework - INFO - Saving sgfa_K3_percW25_grp0.1 factor scores Z shape: (86, 3)
2025-10-08 17:13:23,893 - experiments.framework - INFO - Saving sgfa_K3_percW25_grp0.2 factor scores Z shape: (86, 3)
2025-10-08 17:13:23,893 - experiments.framework - INFO - Saving sgfa_K3_percW25_grp0.2 factor scores Z shape: (86, 3)
2025-10-08 17:13:23,938 - experiments.framework - INFO - Saving sgfa_K3_percW33_grp0.0 factor scores Z shape: (86, 3)
2025-10-08 17:13:23,938 - experiments.framework - INFO - Saving sgfa_K3_percW33_grp0.0 factor scores Z shape: (86, 3)
2025-10-08 17:13:23,983 - experiments.framework - INFO - Saving sgfa_K3_percW33_grp0.05 factor scores Z shape: (86, 3)
2025-10-08 17:13:23,983 - experiments.framework - INFO - Saving sgfa_K3_percW33_grp0.05 factor scores Z shape: (86, 3)
2025-10-08 17:13:24,028 - experiments.framework - INFO - Saving sgfa_K3_percW33_grp0.1 factor scores Z shape: (86, 3)
2025-10-08 17:13:24,028 - experiments.framework - INFO - Saving sgfa_K3_percW33_grp0.1 factor scores Z shape: (86, 3)
2025-10-08 17:13:24,073 - experiments.framework - INFO - Saving sgfa_K3_percW33_grp0.2 factor scores Z shape: (86, 3)
2025-10-08 17:13:24,073 - experiments.framework - INFO - Saving sgfa_K3_percW33_grp0.2 factor scores Z shape: (86, 3)
2025-10-08 17:13:24,132 - experiments.framework - INFO - Saving sgfa_K4_percW10_grp0.0 factor scores Z shape: (86, 4)
2025-10-08 17:13:24,132 - experiments.framework - INFO - Saving sgfa_K4_percW10_grp0.0 factor scores Z shape: (86, 4)
2025-10-08 17:13:24,187 - experiments.framework - INFO - Saving sgfa_K4_percW10_grp0.05 factor scores Z shape: (86, 4)
2025-10-08 17:13:24,187 - experiments.framework - INFO - Saving sgfa_K4_percW10_grp0.05 factor scores Z shape: (86, 4)
2025-10-08 17:13:24,245 - experiments.framework - INFO - Saving sgfa_K4_percW10_grp0.1 factor scores Z shape: (86, 4)
2025-10-08 17:13:24,245 - experiments.framework - INFO - Saving sgfa_K4_percW10_grp0.1 factor scores Z shape: (86, 4)
2025-10-08 17:13:24,302 - experiments.framework - INFO - Saving sgfa_K4_percW10_grp0.2 factor scores Z shape: (86, 4)
2025-10-08 17:13:24,302 - experiments.framework - INFO - Saving sgfa_K4_percW10_grp0.2 factor scores Z shape: (86, 4)
2025-10-08 17:13:24,357 - experiments.framework - INFO - Saving sgfa_K4_percW25_grp0.0 factor scores Z shape: (86, 4)
2025-10-08 17:13:24,357 - experiments.framework - INFO - Saving sgfa_K4_percW25_grp0.0 factor scores Z shape: (86, 4)
2025-10-08 17:13:24,415 - experiments.framework - INFO - Saving sgfa_K4_percW25_grp0.05 factor scores Z shape: (86, 4)
2025-10-08 17:13:24,415 - experiments.framework - INFO - Saving sgfa_K4_percW25_grp0.05 factor scores Z shape: (86, 4)
2025-10-08 17:13:24,471 - experiments.framework - INFO - Saving sgfa_K4_percW25_grp0.1 factor scores Z shape: (86, 4)
2025-10-08 17:13:24,471 - experiments.framework - INFO - Saving sgfa_K4_percW25_grp0.1 factor scores Z shape: (86, 4)
2025-10-08 17:13:24,527 - experiments.framework - INFO - Saving sgfa_K4_percW25_grp0.2 factor scores Z shape: (86, 4)
2025-10-08 17:13:24,527 - experiments.framework - INFO - Saving sgfa_K4_percW25_grp0.2 factor scores Z shape: (86, 4)
2025-10-08 17:13:24,584 - experiments.framework - INFO - Saving sgfa_K4_percW33_grp0.0 factor scores Z shape: (86, 4)
2025-10-08 17:13:24,584 - experiments.framework - INFO - Saving sgfa_K4_percW33_grp0.0 factor scores Z shape: (86, 4)
2025-10-08 17:13:24,640 - experiments.framework - INFO - Saving sgfa_K4_percW33_grp0.05 factor scores Z shape: (86, 4)
2025-10-08 17:13:24,640 - experiments.framework - INFO - Saving sgfa_K4_percW33_grp0.05 factor scores Z shape: (86, 4)
2025-10-08 17:13:24,699 - experiments.framework - INFO - Saving sgfa_K4_percW33_grp0.1 factor scores Z shape: (86, 4)
2025-10-08 17:13:24,699 - experiments.framework - INFO - Saving sgfa_K4_percW33_grp0.1 factor scores Z shape: (86, 4)
2025-10-08 17:13:24,756 - experiments.framework - INFO - Saving sgfa_K4_percW33_grp0.2 factor scores Z shape: (86, 4)
2025-10-08 17:13:24,756 - experiments.framework - INFO - Saving sgfa_K4_percW33_grp0.2 factor scores Z shape: (86, 4)
2025-10-08 17:13:24,758 - experiments.framework - INFO - Saving 6 plots to /cs/student/msc/aibh/2024/madhavan/sgfa_qmap-pd/results/all_conf-age+sex+tiv_run_20251008_122915/sgfa_hyperparameter_tuning_20251008_122927/plots
2025-10-08 17:13:24,758 - experiments.framework - INFO - Saving 6 plots to /cs/student/msc/aibh/2024/madhavan/sgfa_qmap-pd/results/all_conf-age+sex+tiv_run_20251008_122915/sgfa_hyperparameter_tuning_20251008_122927/plots
2025-10-08 17:13:25,599 - experiments.framework - INFO -   ✅ Saved plot: sgfa_variant_performance
2025-10-08 17:13:25,599 - experiments.framework - INFO -   ✅ Saved plot: sgfa_variant_performance
2025-10-08 17:13:26,678 - experiments.framework - INFO -   ✅ Saved plot: sgfa_variant_quality
2025-10-08 17:13:26,678 - experiments.framework - INFO -   ✅ Saved plot: sgfa_variant_quality
2025-10-08 17:13:27,092 - experiments.framework - INFO -   ✅ Saved plot: best_factor_loadings
2025-10-08 17:13:27,092 - experiments.framework - INFO -   ✅ Saved plot: best_factor_loadings
2025-10-08 17:13:30,028 - experiments.framework - INFO -   ✅ Saved plot: best_factor_scores
2025-10-08 17:13:30,028 - experiments.framework - INFO -   ✅ Saved plot: best_factor_scores
2025-10-08 17:13:30,347 - experiments.framework - INFO -   ✅ Saved plot: parameter_grid_search
2025-10-08 17:13:30,347 - experiments.framework - INFO -   ✅ Saved plot: parameter_grid_search
2025-10-08 17:13:30,798 - experiments.framework - INFO -   ✅ Saved plot: parameter_heatmaps
2025-10-08 17:13:30,798 - experiments.framework - INFO -   ✅ Saved plot: parameter_heatmaps
2025-10-08 17:13:30,798 - experiments.framework - INFO - All plots saved to: /cs/student/msc/aibh/2024/madhavan/sgfa_qmap-pd/results/all_conf-age+sex+tiv_run_20251008_122915/sgfa_hyperparameter_tuning_20251008_122927/plots
2025-10-08 17:13:30,798 - experiments.framework - INFO - All plots saved to: /cs/student/msc/aibh/2024/madhavan/sgfa_qmap-pd/results/all_conf-age+sex+tiv_run_20251008_122915/sgfa_hyperparameter_tuning_20251008_122927/plots
2025-10-08 17:13:35,541 - experiments.framework - INFO - ExperimentFramework initialized with output dir: /cs/student/msc/aibh/2024/madhavan/sgfa_qmap-pd/results/all_conf-age+sex+tiv_run_20251008_122915
2025-10-08 17:13:35,541 - experiments.framework - INFO - ExperimentFramework initialized with output dir: /cs/student/msc/aibh/2024/madhavan/sgfa_qmap-pd/results/all_conf-age+sex+tiv_run_20251008_122915
2025-10-08 17:13:35,541 - experiments.framework - INFO - ExperimentFramework initialized with output dir: /cs/student/msc/aibh/2024/madhavan/sgfa_qmap-pd/results/all_conf-age+sex+tiv_run_20251008_122915
2025-10-08 17:13:35,545 - experiments.framework - INFO - Starting experiment: methods_comparison_20251008_171335
2025-10-08 17:13:35,545 - experiments.framework - INFO - Starting experiment: methods_comparison_20251008_171335
2025-10-08 17:13:35,545 - experiments.framework - INFO - Starting experiment: methods_comparison_20251008_171335
2025-10-08 17:21:58,302 - experiments.framework - INFO - 🏁 EXPERIMENT COMPLETED: methods_comparison_20251008_171335
2025-10-08 17:21:58,302 - experiments.framework - INFO - 🏁 EXPERIMENT COMPLETED: methods_comparison_20251008_171335
2025-10-08 17:21:58,302 - experiments.framework - INFO - 🏁 EXPERIMENT COMPLETED: methods_comparison_20251008_171335
2025-10-08 17:21:58,303 - experiments.framework - INFO - ⏱️  TOTAL RUNTIME: 8.4 minutes (503s)
2025-10-08 17:21:58,303 - experiments.framework - INFO - ⏱️  TOTAL RUNTIME: 8.4 minutes (503s)
2025-10-08 17:21:58,303 - experiments.framework - INFO - ⏱️  TOTAL RUNTIME: 8.4 minutes (503s)
2025-10-08 17:21:58,303 - experiments.framework - INFO - 🕐 Started: 2025-10-08 17:13:35
2025-10-08 17:21:58,303 - experiments.framework - INFO - 🕐 Started: 2025-10-08 17:13:35
2025-10-08 17:21:58,303 - experiments.framework - INFO - 🕐 Started: 2025-10-08 17:13:35
2025-10-08 17:21:58,303 - experiments.framework - INFO - 🕑 Finished: 2025-10-08 17:21:58
2025-10-08 17:21:58,303 - experiments.framework - INFO - 🕑 Finished: 2025-10-08 17:21:58
2025-10-08 17:21:58,303 - experiments.framework - INFO - 🕑 Finished: 2025-10-08 17:21:58
2025-10-08 17:21:58,303 - experiments.framework - INFO - Experiment completed successfully: methods_comparison_20251008_171335
2025-10-08 17:21:58,303 - experiments.framework - INFO - Experiment completed successfully: methods_comparison_20251008_171335
2025-10-08 17:21:58,303 - experiments.framework - INFO - Experiment completed successfully: methods_comparison_20251008_171335
2025-10-08 17:21:58,303 - experiments.framework - INFO - 🧹 Performing comprehensive memory cleanup...
2025-10-08 17:21:58,303 - experiments.framework - INFO - 🧹 Performing comprehensive memory cleanup...
2025-10-08 17:21:58,303 - experiments.framework - INFO - 🧹 Performing comprehensive memory cleanup...
2025-10-08 17:21:58,411 - experiments.framework - INFO - Garbage collection freed 66 objects
2025-10-08 17:21:58,411 - experiments.framework - INFO - Garbage collection freed 66 objects
2025-10-08 17:21:58,411 - experiments.framework - INFO - Garbage collection freed 66 objects
2025-10-08 17:21:58,722 - experiments.framework - INFO - GPU memory cleanup attempted
2025-10-08 17:21:58,722 - experiments.framework - INFO - GPU memory cleanup attempted
2025-10-08 17:21:58,722 - experiments.framework - INFO - GPU memory cleanup attempted
2025-10-08 17:21:59,723 - experiments.framework - INFO - ✅ Comprehensive memory cleanup completed
2025-10-08 17:21:59,723 - experiments.framework - INFO - ✅ Comprehensive memory cleanup completed
2025-10-08 17:21:59,723 - experiments.framework - INFO - ✅ Comprehensive memory cleanup completed
2025-10-08 17:21:59,727 - experiments.framework - INFO - Pickle saving disabled to prevent large files - using JSON and CSV instead
2025-10-08 17:21:59,727 - experiments.framework - INFO - Pickle saving disabled to prevent large files - using JSON and CSV instead
2025-10-08 17:21:59,727 - experiments.framework - INFO - Pickle saving disabled to prevent large files - using JSON and CSV instead
2025-10-08 17:22:03,913 - experiments.framework - INFO - ExperimentFramework initialized with output dir: /cs/student/msc/aibh/2024/madhavan/sgfa_qmap-pd/results/all_conf-age+sex+tiv_run_20251008_122915
2025-10-08 17:22:03,913 - experiments.framework - INFO - ExperimentFramework initialized with output dir: /cs/student/msc/aibh/2024/madhavan/sgfa_qmap-pd/results/all_conf-age+sex+tiv_run_20251008_122915
2025-10-08 17:22:03,913 - experiments.framework - INFO - ExperimentFramework initialized with output dir: /cs/student/msc/aibh/2024/madhavan/sgfa_qmap-pd/results/all_conf-age+sex+tiv_run_20251008_122915
2025-10-08 17:22:03,913 - experiments.framework - INFO - ExperimentFramework initialized with output dir: /cs/student/msc/aibh/2024/madhavan/sgfa_qmap-pd/results/all_conf-age+sex+tiv_run_20251008_122915
2025-10-08 17:22:03,918 - experiments.framework - INFO - Starting experiment: sensitivity_analysis_20251008_172203
2025-10-08 17:22:03,918 - experiments.framework - INFO - Starting experiment: sensitivity_analysis_20251008_172203
2025-10-08 17:22:03,918 - experiments.framework - INFO - Starting experiment: sensitivity_analysis_20251008_172203
2025-10-08 17:22:03,918 - experiments.framework - INFO - Starting experiment: sensitivity_analysis_20251008_172203
2025-10-08 17:37:41,224 - experiments.framework - INFO - 🏁 EXPERIMENT COMPLETED: sensitivity_analysis_20251008_172203
2025-10-08 17:37:41,224 - experiments.framework - INFO - 🏁 EXPERIMENT COMPLETED: sensitivity_analysis_20251008_172203
2025-10-08 17:37:41,224 - experiments.framework - INFO - 🏁 EXPERIMENT COMPLETED: sensitivity_analysis_20251008_172203
2025-10-08 17:37:41,224 - experiments.framework - INFO - 🏁 EXPERIMENT COMPLETED: sensitivity_analysis_20251008_172203
2025-10-08 17:37:41,224 - experiments.framework - INFO - ⏱️  TOTAL RUNTIME: 15.6 minutes (937s)
2025-10-08 17:37:41,224 - experiments.framework - INFO - ⏱️  TOTAL RUNTIME: 15.6 minutes (937s)
2025-10-08 17:37:41,224 - experiments.framework - INFO - ⏱️  TOTAL RUNTIME: 15.6 minutes (937s)
2025-10-08 17:37:41,224 - experiments.framework - INFO - ⏱️  TOTAL RUNTIME: 15.6 minutes (937s)
2025-10-08 17:37:41,224 - experiments.framework - INFO - 🕐 Started: 2025-10-08 17:22:03
2025-10-08 17:37:41,224 - experiments.framework - INFO - 🕐 Started: 2025-10-08 17:22:03
2025-10-08 17:37:41,224 - experiments.framework - INFO - 🕐 Started: 2025-10-08 17:22:03
2025-10-08 17:37:41,224 - experiments.framework - INFO - 🕐 Started: 2025-10-08 17:22:03
2025-10-08 17:37:41,224 - experiments.framework - INFO - 🕑 Finished: 2025-10-08 17:37:41
2025-10-08 17:37:41,224 - experiments.framework - INFO - 🕑 Finished: 2025-10-08 17:37:41
2025-10-08 17:37:41,224 - experiments.framework - INFO - 🕑 Finished: 2025-10-08 17:37:41
2025-10-08 17:37:41,224 - experiments.framework - INFO - 🕑 Finished: 2025-10-08 17:37:41
2025-10-08 17:37:41,224 - experiments.framework - INFO - Experiment completed successfully: sensitivity_analysis_20251008_172203
2025-10-08 17:37:41,224 - experiments.framework - INFO - Experiment completed successfully: sensitivity_analysis_20251008_172203
2025-10-08 17:37:41,224 - experiments.framework - INFO - Experiment completed successfully: sensitivity_analysis_20251008_172203
2025-10-08 17:37:41,224 - experiments.framework - INFO - Experiment completed successfully: sensitivity_analysis_20251008_172203
2025-10-08 17:37:41,224 - experiments.framework - INFO - 🧹 Performing comprehensive memory cleanup...
2025-10-08 17:37:41,224 - experiments.framework - INFO - 🧹 Performing comprehensive memory cleanup...
2025-10-08 17:37:41,224 - experiments.framework - INFO - 🧹 Performing comprehensive memory cleanup...
2025-10-08 17:37:41,224 - experiments.framework - INFO - 🧹 Performing comprehensive memory cleanup...
2025-10-08 17:37:41,316 - experiments.framework - INFO - Garbage collection freed 105 objects
2025-10-08 17:37:41,316 - experiments.framework - INFO - Garbage collection freed 105 objects
2025-10-08 17:37:41,316 - experiments.framework - INFO - Garbage collection freed 105 objects
2025-10-08 17:37:41,316 - experiments.framework - INFO - Garbage collection freed 105 objects
2025-10-08 17:37:41,627 - experiments.framework - INFO - GPU memory cleanup attempted
2025-10-08 17:37:41,627 - experiments.framework - INFO - GPU memory cleanup attempted
2025-10-08 17:37:41,627 - experiments.framework - INFO - GPU memory cleanup attempted
2025-10-08 17:37:41,627 - experiments.framework - INFO - GPU memory cleanup attempted
2025-10-08 17:37:42,629 - experiments.framework - INFO - ✅ Comprehensive memory cleanup completed
2025-10-08 17:37:42,629 - experiments.framework - INFO - ✅ Comprehensive memory cleanup completed
2025-10-08 17:37:42,629 - experiments.framework - INFO - ✅ Comprehensive memory cleanup completed
2025-10-08 17:37:42,629 - experiments.framework - INFO - ✅ Comprehensive memory cleanup completed
2025-10-08 17:37:42,679 - experiments.framework - INFO - Pickle saving disabled to prevent large files - using JSON and CSV instead
2025-10-08 17:37:42,679 - experiments.framework - INFO - Pickle saving disabled to prevent large files - using JSON and CSV instead
2025-10-08 17:37:42,679 - experiments.framework - INFO - Pickle saving disabled to prevent large files - using JSON and CSV instead
2025-10-08 17:37:42,679 - experiments.framework - INFO - Pickle saving disabled to prevent large files - using JSON and CSV instead
2025-10-08 17:37:42,683 - experiments.framework - INFO - Saving 1 plots to /cs/student/msc/aibh/2024/madhavan/sgfa_qmap-pd/results/all_conf-age+sex+tiv_run_20251008_122915/sensitivity_analysis_20251008_172203/plots
2025-10-08 17:37:42,683 - experiments.framework - INFO - Saving 1 plots to /cs/student/msc/aibh/2024/madhavan/sgfa_qmap-pd/results/all_conf-age+sex+tiv_run_20251008_122915/sensitivity_analysis_20251008_172203/plots
2025-10-08 17:37:42,683 - experiments.framework - INFO - Saving 1 plots to /cs/student/msc/aibh/2024/madhavan/sgfa_qmap-pd/results/all_conf-age+sex+tiv_run_20251008_122915/sensitivity_analysis_20251008_172203/plots
2025-10-08 17:37:42,683 - experiments.framework - INFO - Saving 1 plots to /cs/student/msc/aibh/2024/madhavan/sgfa_qmap-pd/results/all_conf-age+sex+tiv_run_20251008_122915/sensitivity_analysis_20251008_172203/plots
2025-10-08 17:37:43,489 - experiments.framework - INFO -   ✅ Saved plot: parameter_sensitivity_summary
2025-10-08 17:37:43,489 - experiments.framework - INFO -   ✅ Saved plot: parameter_sensitivity_summary
2025-10-08 17:37:43,489 - experiments.framework - INFO -   ✅ Saved plot: parameter_sensitivity_summary
2025-10-08 17:37:43,489 - experiments.framework - INFO -   ✅ Saved plot: parameter_sensitivity_summary
2025-10-08 17:37:43,489 - experiments.framework - INFO - All plots saved to: /cs/student/msc/aibh/2024/madhavan/sgfa_qmap-pd/results/all_conf-age+sex+tiv_run_20251008_122915/sensitivity_analysis_20251008_172203/plots
2025-10-08 17:37:43,489 - experiments.framework - INFO - All plots saved to: /cs/student/msc/aibh/2024/madhavan/sgfa_qmap-pd/results/all_conf-age+sex+tiv_run_20251008_122915/sensitivity_analysis_20251008_172203/plots
2025-10-08 17:37:43,489 - experiments.framework - INFO - All plots saved to: /cs/student/msc/aibh/2024/madhavan/sgfa_qmap-pd/results/all_conf-age+sex+tiv_run_20251008_122915/sensitivity_analysis_20251008_172203/plots
2025-10-08 17:37:43,489 - experiments.framework - INFO - All plots saved to: /cs/student/msc/aibh/2024/madhavan/sgfa_qmap-pd/results/all_conf-age+sex+tiv_run_20251008_122915/sensitivity_analysis_20251008_172203/plots
2025-10-08 17:37:49,432 - experiments.framework - INFO - ExperimentFramework initialized with output dir: /cs/student/msc/aibh/2024/madhavan/sgfa_qmap-pd/results/all_conf-age+sex+tiv_run_20251008_122915
2025-10-08 17:37:49,432 - experiments.framework - INFO - ExperimentFramework initialized with output dir: /cs/student/msc/aibh/2024/madhavan/sgfa_qmap-pd/results/all_conf-age+sex+tiv_run_20251008_122915
2025-10-08 17:37:49,432 - experiments.framework - INFO - ExperimentFramework initialized with output dir: /cs/student/msc/aibh/2024/madhavan/sgfa_qmap-pd/results/all_conf-age+sex+tiv_run_20251008_122915
2025-10-08 17:37:49,432 - experiments.framework - INFO - ExperimentFramework initialized with output dir: /cs/student/msc/aibh/2024/madhavan/sgfa_qmap-pd/results/all_conf-age+sex+tiv_run_20251008_122915
2025-10-08 17:37:49,432 - experiments.framework - INFO - ExperimentFramework initialized with output dir: /cs/student/msc/aibh/2024/madhavan/sgfa_qmap-pd/results/all_conf-age+sex+tiv_run_20251008_122915
2025-10-08 17:37:49,437 - experiments.framework - INFO - Starting experiment: clinical_validation_20251008_173749
2025-10-08 17:37:49,437 - experiments.framework - INFO - Starting experiment: clinical_validation_20251008_173749
2025-10-08 17:37:49,437 - experiments.framework - INFO - Starting experiment: clinical_validation_20251008_173749
2025-10-08 17:37:49,437 - experiments.framework - INFO - Starting experiment: clinical_validation_20251008_173749
2025-10-08 17:37:49,437 - experiments.framework - INFO - Starting experiment: clinical_validation_20251008_173749
2025-10-08 17:42:43,231 - experiments.framework - INFO - 🏁 EXPERIMENT COMPLETED: clinical_validation_20251008_173749
2025-10-08 17:42:43,231 - experiments.framework - INFO - 🏁 EXPERIMENT COMPLETED: clinical_validation_20251008_173749
2025-10-08 17:42:43,231 - experiments.framework - INFO - 🏁 EXPERIMENT COMPLETED: clinical_validation_20251008_173749
2025-10-08 17:42:43,231 - experiments.framework - INFO - 🏁 EXPERIMENT COMPLETED: clinical_validation_20251008_173749
2025-10-08 17:42:43,231 - experiments.framework - INFO - 🏁 EXPERIMENT COMPLETED: clinical_validation_20251008_173749
2025-10-08 17:42:43,232 - experiments.framework - INFO - ⏱️  TOTAL RUNTIME: 4.9 minutes (294s)
2025-10-08 17:42:43,232 - experiments.framework - INFO - ⏱️  TOTAL RUNTIME: 4.9 minutes (294s)
2025-10-08 17:42:43,232 - experiments.framework - INFO - ⏱️  TOTAL RUNTIME: 4.9 minutes (294s)
2025-10-08 17:42:43,232 - experiments.framework - INFO - ⏱️  TOTAL RUNTIME: 4.9 minutes (294s)
2025-10-08 17:42:43,232 - experiments.framework - INFO - ⏱️  TOTAL RUNTIME: 4.9 minutes (294s)
2025-10-08 17:42:43,232 - experiments.framework - INFO - 🕐 Started: 2025-10-08 17:37:49
2025-10-08 17:42:43,232 - experiments.framework - INFO - 🕐 Started: 2025-10-08 17:37:49
2025-10-08 17:42:43,232 - experiments.framework - INFO - 🕐 Started: 2025-10-08 17:37:49
2025-10-08 17:42:43,232 - experiments.framework - INFO - 🕐 Started: 2025-10-08 17:37:49
2025-10-08 17:42:43,232 - experiments.framework - INFO - 🕐 Started: 2025-10-08 17:37:49
2025-10-08 17:42:43,232 - experiments.framework - INFO - 🕑 Finished: 2025-10-08 17:42:43
2025-10-08 17:42:43,232 - experiments.framework - INFO - 🕑 Finished: 2025-10-08 17:42:43
2025-10-08 17:42:43,232 - experiments.framework - INFO - 🕑 Finished: 2025-10-08 17:42:43
2025-10-08 17:42:43,232 - experiments.framework - INFO - 🕑 Finished: 2025-10-08 17:42:43
2025-10-08 17:42:43,232 - experiments.framework - INFO - 🕑 Finished: 2025-10-08 17:42:43
2025-10-08 17:42:43,232 - experiments.framework - INFO - Experiment completed successfully: clinical_validation_20251008_173749
2025-10-08 17:42:43,232 - experiments.framework - INFO - Experiment completed successfully: clinical_validation_20251008_173749
2025-10-08 17:42:43,232 - experiments.framework - INFO - Experiment completed successfully: clinical_validation_20251008_173749
2025-10-08 17:42:43,232 - experiments.framework - INFO - Experiment completed successfully: clinical_validation_20251008_173749
2025-10-08 17:42:43,232 - experiments.framework - INFO - Experiment completed successfully: clinical_validation_20251008_173749
2025-10-08 17:42:43,232 - experiments.framework - INFO - 🧹 Performing comprehensive memory cleanup...
2025-10-08 17:42:43,232 - experiments.framework - INFO - 🧹 Performing comprehensive memory cleanup...
2025-10-08 17:42:43,232 - experiments.framework - INFO - 🧹 Performing comprehensive memory cleanup...
2025-10-08 17:42:43,232 - experiments.framework - INFO - 🧹 Performing comprehensive memory cleanup...
2025-10-08 17:42:43,232 - experiments.framework - INFO - 🧹 Performing comprehensive memory cleanup...
2025-10-08 17:42:43,384 - experiments.framework - INFO - Garbage collection freed 145 objects
2025-10-08 17:42:43,384 - experiments.framework - INFO - Garbage collection freed 145 objects
2025-10-08 17:42:43,384 - experiments.framework - INFO - Garbage collection freed 145 objects
2025-10-08 17:42:43,384 - experiments.framework - INFO - Garbage collection freed 145 objects
2025-10-08 17:42:43,384 - experiments.framework - INFO - Garbage collection freed 145 objects
2025-10-08 17:42:43,913 - experiments.framework - INFO - GPU memory cleanup attempted
2025-10-08 17:42:43,913 - experiments.framework - INFO - GPU memory cleanup attempted
2025-10-08 17:42:43,913 - experiments.framework - INFO - GPU memory cleanup attempted
2025-10-08 17:42:43,913 - experiments.framework - INFO - GPU memory cleanup attempted
2025-10-08 17:42:43,913 - experiments.framework - INFO - GPU memory cleanup attempted
2025-10-08 17:42:44,914 - experiments.framework - INFO - ✅ Comprehensive memory cleanup completed
2025-10-08 17:42:44,914 - experiments.framework - INFO - ✅ Comprehensive memory cleanup completed
2025-10-08 17:42:44,914 - experiments.framework - INFO - ✅ Comprehensive memory cleanup completed
2025-10-08 17:42:44,914 - experiments.framework - INFO - ✅ Comprehensive memory cleanup completed
2025-10-08 17:42:44,914 - experiments.framework - INFO - ✅ Comprehensive memory cleanup completed
2025-10-08 17:42:44,931 - experiments.framework - INFO - Pickle saving disabled to prevent large files - using JSON and CSV instead
2025-10-08 17:42:44,931 - experiments.framework - INFO - Pickle saving disabled to prevent large files - using JSON and CSV instead
2025-10-08 17:42:44,931 - experiments.framework - INFO - Pickle saving disabled to prevent large files - using JSON and CSV instead
2025-10-08 17:42:44,931 - experiments.framework - INFO - Pickle saving disabled to prevent large files - using JSON and CSV instead
2025-10-08 17:42:44,931 - experiments.framework - INFO - Pickle saving disabled to prevent large files - using JSON and CSV instead
2025-10-08 17:42:44,934 - experiments.framework - INFO - Saving 1 plots to /cs/student/msc/aibh/2024/madhavan/sgfa_qmap-pd/results/all_conf-age+sex+tiv_run_20251008_122915/clinical_validation_20251008_173749/plots
2025-10-08 17:42:44,934 - experiments.framework - INFO - Saving 1 plots to /cs/student/msc/aibh/2024/madhavan/sgfa_qmap-pd/results/all_conf-age+sex+tiv_run_20251008_122915/clinical_validation_20251008_173749/plots
2025-10-08 17:42:44,934 - experiments.framework - INFO - Saving 1 plots to /cs/student/msc/aibh/2024/madhavan/sgfa_qmap-pd/results/all_conf-age+sex+tiv_run_20251008_122915/clinical_validation_20251008_173749/plots
2025-10-08 17:42:44,934 - experiments.framework - INFO - Saving 1 plots to /cs/student/msc/aibh/2024/madhavan/sgfa_qmap-pd/results/all_conf-age+sex+tiv_run_20251008_122915/clinical_validation_20251008_173749/plots
2025-10-08 17:42:44,934 - experiments.framework - INFO - Saving 1 plots to /cs/student/msc/aibh/2024/madhavan/sgfa_qmap-pd/results/all_conf-age+sex+tiv_run_20251008_122915/clinical_validation_20251008_173749/plots
2025-10-08 17:42:45,219 - experiments.framework - INFO -   ✅ Saved plot: clinical_validation_summary
2025-10-08 17:42:45,219 - experiments.framework - INFO -   ✅ Saved plot: clinical_validation_summary
2025-10-08 17:42:45,219 - experiments.framework - INFO -   ✅ Saved plot: clinical_validation_summary
2025-10-08 17:42:45,219 - experiments.framework - INFO -   ✅ Saved plot: clinical_validation_summary
2025-10-08 17:42:45,219 - experiments.framework - INFO -   ✅ Saved plot: clinical_validation_summary
2025-10-08 17:42:45,220 - experiments.framework - INFO - All plots saved to: /cs/student/msc/aibh/2024/madhavan/sgfa_qmap-pd/results/all_conf-age+sex+tiv_run_20251008_122915/clinical_validation_20251008_173749/plots
2025-10-08 17:42:45,220 - experiments.framework - INFO - All plots saved to: /cs/student/msc/aibh/2024/madhavan/sgfa_qmap-pd/results/all_conf-age+sex+tiv_run_20251008_122915/clinical_validation_20251008_173749/plots
2025-10-08 17:42:45,220 - experiments.framework - INFO - All plots saved to: /cs/student/msc/aibh/2024/madhavan/sgfa_qmap-pd/results/all_conf-age+sex+tiv_run_20251008_122915/clinical_validation_20251008_173749/plots
2025-10-08 17:42:45,220 - experiments.framework - INFO - All plots saved to: /cs/student/msc/aibh/2024/madhavan/sgfa_qmap-pd/results/all_conf-age+sex+tiv_run_20251008_122915/clinical_validation_20251008_173749/plots
2025-10-08 17:42:45,220 - experiments.framework - INFO - All plots saved to: /cs/student/msc/aibh/2024/madhavan/sgfa_qmap-pd/results/all_conf-age+sex+tiv_run_20251008_122915/clinical_validation_20251008_173749/plots
2025-10-08 17:42:49,779 - experiments.framework - INFO - ExperimentFramework initialized with output dir: /cs/student/msc/aibh/2024/madhavan/sgfa_qmap-pd/results/all_conf-age+sex+tiv_run_20251008_122915
2025-10-08 17:42:49,779 - experiments.framework - INFO - ExperimentFramework initialized with output dir: /cs/student/msc/aibh/2024/madhavan/sgfa_qmap-pd/results/all_conf-age+sex+tiv_run_20251008_122915
2025-10-08 17:42:49,779 - experiments.framework - INFO - ExperimentFramework initialized with output dir: /cs/student/msc/aibh/2024/madhavan/sgfa_qmap-pd/results/all_conf-age+sex+tiv_run_20251008_122915
2025-10-08 17:42:49,779 - experiments.framework - INFO - ExperimentFramework initialized with output dir: /cs/student/msc/aibh/2024/madhavan/sgfa_qmap-pd/results/all_conf-age+sex+tiv_run_20251008_122915
2025-10-08 17:42:49,779 - experiments.framework - INFO - ExperimentFramework initialized with output dir: /cs/student/msc/aibh/2024/madhavan/sgfa_qmap-pd/results/all_conf-age+sex+tiv_run_20251008_122915
2025-10-08 17:42:49,779 - experiments.framework - INFO - ExperimentFramework initialized with output dir: /cs/student/msc/aibh/2024/madhavan/sgfa_qmap-pd/results/all_conf-age+sex+tiv_run_20251008_122915
2025-10-08 17:42:49,784 - experiments.framework - INFO - Starting experiment: reproducibility_tests_20251008_174249
2025-10-08 17:42:49,784 - experiments.framework - INFO - Starting experiment: reproducibility_tests_20251008_174249
2025-10-08 17:42:49,784 - experiments.framework - INFO - Starting experiment: reproducibility_tests_20251008_174249
2025-10-08 17:42:49,784 - experiments.framework - INFO - Starting experiment: reproducibility_tests_20251008_174249
2025-10-08 17:42:49,784 - experiments.framework - INFO - Starting experiment: reproducibility_tests_20251008_174249
2025-10-08 17:42:49,784 - experiments.framework - INFO - Starting experiment: reproducibility_tests_20251008_174249
2025-10-08 17:55:27,438 - experiments.framework - INFO - 🏁 EXPERIMENT COMPLETED: reproducibility_tests_20251008_174249
2025-10-08 17:55:27,438 - experiments.framework - INFO - 🏁 EXPERIMENT COMPLETED: reproducibility_tests_20251008_174249
2025-10-08 17:55:27,438 - experiments.framework - INFO - 🏁 EXPERIMENT COMPLETED: reproducibility_tests_20251008_174249
2025-10-08 17:55:27,438 - experiments.framework - INFO - 🏁 EXPERIMENT COMPLETED: reproducibility_tests_20251008_174249
2025-10-08 17:55:27,438 - experiments.framework - INFO - 🏁 EXPERIMENT COMPLETED: reproducibility_tests_20251008_174249
2025-10-08 17:55:27,438 - experiments.framework - INFO - 🏁 EXPERIMENT COMPLETED: reproducibility_tests_20251008_174249
2025-10-08 17:55:27,439 - experiments.framework - INFO - ⏱️  TOTAL RUNTIME: 12.6 minutes (758s)
2025-10-08 17:55:27,439 - experiments.framework - INFO - ⏱️  TOTAL RUNTIME: 12.6 minutes (758s)
2025-10-08 17:55:27,439 - experiments.framework - INFO - ⏱️  TOTAL RUNTIME: 12.6 minutes (758s)
2025-10-08 17:55:27,439 - experiments.framework - INFO - ⏱️  TOTAL RUNTIME: 12.6 minutes (758s)
2025-10-08 17:55:27,439 - experiments.framework - INFO - ⏱️  TOTAL RUNTIME: 12.6 minutes (758s)
2025-10-08 17:55:27,439 - experiments.framework - INFO - ⏱️  TOTAL RUNTIME: 12.6 minutes (758s)
2025-10-08 17:55:27,439 - experiments.framework - INFO - 🕐 Started: 2025-10-08 17:42:49
2025-10-08 17:55:27,439 - experiments.framework - INFO - 🕐 Started: 2025-10-08 17:42:49
2025-10-08 17:55:27,439 - experiments.framework - INFO - 🕐 Started: 2025-10-08 17:42:49
2025-10-08 17:55:27,439 - experiments.framework - INFO - 🕐 Started: 2025-10-08 17:42:49
2025-10-08 17:55:27,439 - experiments.framework - INFO - 🕐 Started: 2025-10-08 17:42:49
2025-10-08 17:55:27,439 - experiments.framework - INFO - 🕐 Started: 2025-10-08 17:42:49
2025-10-08 17:55:27,439 - experiments.framework - INFO - 🕑 Finished: 2025-10-08 17:55:27
2025-10-08 17:55:27,439 - experiments.framework - INFO - 🕑 Finished: 2025-10-08 17:55:27
2025-10-08 17:55:27,439 - experiments.framework - INFO - 🕑 Finished: 2025-10-08 17:55:27
2025-10-08 17:55:27,439 - experiments.framework - INFO - 🕑 Finished: 2025-10-08 17:55:27
2025-10-08 17:55:27,439 - experiments.framework - INFO - 🕑 Finished: 2025-10-08 17:55:27
2025-10-08 17:55:27,439 - experiments.framework - INFO - 🕑 Finished: 2025-10-08 17:55:27
2025-10-08 17:55:27,439 - experiments.framework - INFO - Experiment completed successfully: reproducibility_tests_20251008_174249
2025-10-08 17:55:27,439 - experiments.framework - INFO - Experiment completed successfully: reproducibility_tests_20251008_174249
2025-10-08 17:55:27,439 - experiments.framework - INFO - Experiment completed successfully: reproducibility_tests_20251008_174249
2025-10-08 17:55:27,439 - experiments.framework - INFO - Experiment completed successfully: reproducibility_tests_20251008_174249
2025-10-08 17:55:27,439 - experiments.framework - INFO - Experiment completed successfully: reproducibility_tests_20251008_174249
2025-10-08 17:55:27,439 - experiments.framework - INFO - Experiment completed successfully: reproducibility_tests_20251008_174249
2025-10-08 17:55:27,439 - experiments.framework - INFO - 🧹 Performing comprehensive memory cleanup...
2025-10-08 17:55:27,439 - experiments.framework - INFO - 🧹 Performing comprehensive memory cleanup...
2025-10-08 17:55:27,439 - experiments.framework - INFO - 🧹 Performing comprehensive memory cleanup...
2025-10-08 17:55:27,439 - experiments.framework - INFO - 🧹 Performing comprehensive memory cleanup...
2025-10-08 17:55:27,439 - experiments.framework - INFO - 🧹 Performing comprehensive memory cleanup...
2025-10-08 17:55:27,439 - experiments.framework - INFO - 🧹 Performing comprehensive memory cleanup...
2025-10-08 17:55:27,650 - experiments.framework - INFO - Garbage collection freed 85 objects
2025-10-08 17:55:27,650 - experiments.framework - INFO - Garbage collection freed 85 objects
2025-10-08 17:55:27,650 - experiments.framework - INFO - Garbage collection freed 85 objects
2025-10-08 17:55:27,650 - experiments.framework - INFO - Garbage collection freed 85 objects
2025-10-08 17:55:27,650 - experiments.framework - INFO - Garbage collection freed 85 objects
2025-10-08 17:55:27,650 - experiments.framework - INFO - Garbage collection freed 85 objects
2025-10-08 17:55:28,439 - experiments.framework - INFO - GPU memory cleanup attempted
2025-10-08 17:55:28,439 - experiments.framework - INFO - GPU memory cleanup attempted
2025-10-08 17:55:28,439 - experiments.framework - INFO - GPU memory cleanup attempted
2025-10-08 17:55:28,439 - experiments.framework - INFO - GPU memory cleanup attempted
2025-10-08 17:55:28,439 - experiments.framework - INFO - GPU memory cleanup attempted
2025-10-08 17:55:28,439 - experiments.framework - INFO - GPU memory cleanup attempted
2025-10-08 17:55:29,440 - experiments.framework - INFO - ✅ Comprehensive memory cleanup completed
2025-10-08 17:55:29,440 - experiments.framework - INFO - ✅ Comprehensive memory cleanup completed
2025-10-08 17:55:29,440 - experiments.framework - INFO - ✅ Comprehensive memory cleanup completed
2025-10-08 17:55:29,440 - experiments.framework - INFO - ✅ Comprehensive memory cleanup completed
2025-10-08 17:55:29,440 - experiments.framework - INFO - ✅ Comprehensive memory cleanup completed
2025-10-08 17:55:29,440 - experiments.framework - INFO - ✅ Comprehensive memory cleanup completed
2025-10-08 17:55:29,467 - experiments.framework - INFO - Pickle saving disabled to prevent large files - using JSON and CSV instead
2025-10-08 17:55:29,467 - experiments.framework - INFO - Pickle saving disabled to prevent large files - using JSON and CSV instead
2025-10-08 17:55:29,467 - experiments.framework - INFO - Pickle saving disabled to prevent large files - using JSON and CSV instead
2025-10-08 17:55:29,467 - experiments.framework - INFO - Pickle saving disabled to prevent large files - using JSON and CSV instead
2025-10-08 17:55:29,467 - experiments.framework - INFO - Pickle saving disabled to prevent large files - using JSON and CSV instead
2025-10-08 17:55:29,467 - experiments.framework - INFO - Pickle saving disabled to prevent large files - using JSON and CSV instead
2025-10-08 17:55:29,471 - experiments.framework - INFO - Saving 1 plots to /cs/student/msc/aibh/2024/madhavan/sgfa_qmap-pd/results/all_conf-age+sex+tiv_run_20251008_122915/reproducibility_tests_20251008_174249/plots
2025-10-08 17:55:29,471 - experiments.framework - INFO - Saving 1 plots to /cs/student/msc/aibh/2024/madhavan/sgfa_qmap-pd/results/all_conf-age+sex+tiv_run_20251008_122915/reproducibility_tests_20251008_174249/plots
2025-10-08 17:55:29,471 - experiments.framework - INFO - Saving 1 plots to /cs/student/msc/aibh/2024/madhavan/sgfa_qmap-pd/results/all_conf-age+sex+tiv_run_20251008_122915/reproducibility_tests_20251008_174249/plots
2025-10-08 17:55:29,471 - experiments.framework - INFO - Saving 1 plots to /cs/student/msc/aibh/2024/madhavan/sgfa_qmap-pd/results/all_conf-age+sex+tiv_run_20251008_122915/reproducibility_tests_20251008_174249/plots
2025-10-08 17:55:29,471 - experiments.framework - INFO - Saving 1 plots to /cs/student/msc/aibh/2024/madhavan/sgfa_qmap-pd/results/all_conf-age+sex+tiv_run_20251008_122915/reproducibility_tests_20251008_174249/plots
2025-10-08 17:55:29,471 - experiments.framework - INFO - Saving 1 plots to /cs/student/msc/aibh/2024/madhavan/sgfa_qmap-pd/results/all_conf-age+sex+tiv_run_20251008_122915/reproducibility_tests_20251008_174249/plots
2025-10-08 17:55:29,867 - experiments.framework - INFO -   ✅ Saved plot: reproducibility_summary
2025-10-08 17:55:29,867 - experiments.framework - INFO -   ✅ Saved plot: reproducibility_summary
2025-10-08 17:55:29,867 - experiments.framework - INFO -   ✅ Saved plot: reproducibility_summary
2025-10-08 17:55:29,867 - experiments.framework - INFO -   ✅ Saved plot: reproducibility_summary
2025-10-08 17:55:29,867 - experiments.framework - INFO -   ✅ Saved plot: reproducibility_summary
2025-10-08 17:55:29,867 - experiments.framework - INFO -   ✅ Saved plot: reproducibility_summary
2025-10-08 17:55:29,867 - experiments.framework - INFO - All plots saved to: /cs/student/msc/aibh/2024/madhavan/sgfa_qmap-pd/results/all_conf-age+sex+tiv_run_20251008_122915/reproducibility_tests_20251008_174249/plots
2025-10-08 17:55:29,867 - experiments.framework - INFO - All plots saved to: /cs/student/msc/aibh/2024/madhavan/sgfa_qmap-pd/results/all_conf-age+sex+tiv_run_20251008_122915/reproducibility_tests_20251008_174249/plots
2025-10-08 17:55:29,867 - experiments.framework - INFO - All plots saved to: /cs/student/msc/aibh/2024/madhavan/sgfa_qmap-pd/results/all_conf-age+sex+tiv_run_20251008_122915/reproducibility_tests_20251008_174249/plots
2025-10-08 17:55:29,867 - experiments.framework - INFO - All plots saved to: /cs/student/msc/aibh/2024/madhavan/sgfa_qmap-pd/results/all_conf-age+sex+tiv_run_20251008_122915/reproducibility_tests_20251008_174249/plots
2025-10-08 17:55:29,867 - experiments.framework - INFO - All plots saved to: /cs/student/msc/aibh/2024/madhavan/sgfa_qmap-pd/results/all_conf-age+sex+tiv_run_20251008_122915/reproducibility_tests_20251008_174249/plots
2025-10-08 17:55:29,867 - experiments.framework - INFO - All plots saved to: /cs/student/msc/aibh/2024/madhavan/sgfa_qmap-pd/results/all_conf-age+sex+tiv_run_20251008_122915/reproducibility_tests_20251008_174249/plots
