2025-10-15 14:22:56,501 - experiments.framework - INFO - ExperimentFramework initialized with output dir: /cs/student/msc/aibh/2024/madhavan/sgfa_qmap-pd/results/all_rois-sn_conf-age+sex+tiv_K5_MAD3.0_run_20251015_142256
2025-10-15 14:22:56,514 - experiments.framework - INFO - Starting experiment: data_validation_20251015_142256
2025-10-15 14:23:06,929 - experiments.framework - INFO - 🏁 EXPERIMENT COMPLETED: data_validation_20251015_142256
2025-10-15 14:23:06,930 - experiments.framework - INFO - ⏱️  TOTAL RUNTIME: 10.4 seconds
2025-10-15 14:23:06,930 - experiments.framework - INFO - 🕐 Started: 2025-10-15 14:22:56
2025-10-15 14:23:06,930 - experiments.framework - INFO - 🕑 Finished: 2025-10-15 14:23:06
2025-10-15 14:23:06,930 - experiments.framework - INFO - Experiment completed successfully: data_validation_20251015_142256
2025-10-15 14:23:06,930 - experiments.framework - INFO - 🧹 Performing comprehensive memory cleanup...
2025-10-15 14:23:07,007 - experiments.framework - INFO - Garbage collection freed 18715 objects
2025-10-15 14:23:07,249 - experiments.framework - INFO - GPU memory cleanup attempted
2025-10-15 14:23:08,250 - experiments.framework - INFO - ✅ Comprehensive memory cleanup completed
2025-10-15 14:23:08,401 - experiments.framework - INFO - Pickle saving disabled to prevent large files - using JSON and CSV instead
2025-10-15 14:23:08,405 - experiments.framework - INFO - Saving 3 plots to /cs/student/msc/aibh/2024/madhavan/sgfa_qmap-pd/results/all_rois-sn_conf-age+sex+tiv_K5_MAD3.0_run_20251015_142256/data_validation_20251015_142256/plots
2025-10-15 14:23:10,663 - experiments.framework - INFO -   ✅ Saved plot: data_distribution_comparison
2025-10-15 14:23:13,410 - experiments.framework - INFO -   ✅ Saved plot: data_validation_feature_reduction
2025-10-15 14:23:14,806 - experiments.framework - INFO -   ✅ Saved plot: data_validation_variance_distribution
2025-10-15 14:23:14,806 - experiments.framework - INFO - All plots saved to: /cs/student/msc/aibh/2024/madhavan/sgfa_qmap-pd/results/all_rois-sn_conf-age+sex+tiv_K5_MAD3.0_run_20251015_142256/data_validation_20251015_142256/plots
2025-10-15 14:23:15,537 - experiments.framework - INFO - ExperimentFramework initialized with output dir: /cs/student/msc/aibh/2024/madhavan/sgfa_qmap-pd/results/all_rois-sn_conf-age+sex+tiv_K5_MAD3.0_run_20251015_142256
2025-10-15 14:23:15,537 - experiments.framework - INFO - ExperimentFramework initialized with output dir: /cs/student/msc/aibh/2024/madhavan/sgfa_qmap-pd/results/all_rois-sn_conf-age+sex+tiv_K5_MAD3.0_run_20251015_142256
2025-10-15 14:23:15,580 - experiments.framework - INFO - Starting experiment: robustness_tests_20251015_142315
2025-10-15 14:23:15,580 - experiments.framework - INFO - Starting experiment: robustness_tests_20251015_142315
2025-10-15 14:30:41,610 - experiments.framework - INFO - 🏁 EXPERIMENT COMPLETED: robustness_tests_20251015_142315
2025-10-15 14:30:41,610 - experiments.framework - INFO - 🏁 EXPERIMENT COMPLETED: robustness_tests_20251015_142315
2025-10-15 14:30:41,612 - experiments.framework - INFO - ⏱️  TOTAL RUNTIME: 7.4 minutes (446s)
2025-10-15 14:30:41,612 - experiments.framework - INFO - ⏱️  TOTAL RUNTIME: 7.4 minutes (446s)
2025-10-15 14:30:41,612 - experiments.framework - INFO - 🕐 Started: 2025-10-15 14:23:15
2025-10-15 14:30:41,612 - experiments.framework - INFO - 🕐 Started: 2025-10-15 14:23:15
2025-10-15 14:30:41,612 - experiments.framework - INFO - 🕑 Finished: 2025-10-15 14:30:41
2025-10-15 14:30:41,612 - experiments.framework - INFO - 🕑 Finished: 2025-10-15 14:30:41
2025-10-15 14:30:41,612 - experiments.framework - INFO - Experiment completed successfully: robustness_tests_20251015_142315
2025-10-15 14:30:41,612 - experiments.framework - INFO - Experiment completed successfully: robustness_tests_20251015_142315
2025-10-15 14:30:41,612 - experiments.framework - INFO - 🧹 Performing comprehensive memory cleanup...
2025-10-15 14:30:41,612 - experiments.framework - INFO - 🧹 Performing comprehensive memory cleanup...
2025-10-15 14:30:41,791 - experiments.framework - INFO - Garbage collection freed 165 objects
2025-10-15 14:30:41,791 - experiments.framework - INFO - Garbage collection freed 165 objects
2025-10-15 14:30:42,479 - experiments.framework - INFO - GPU memory cleanup attempted
2025-10-15 14:30:42,479 - experiments.framework - INFO - GPU memory cleanup attempted
2025-10-15 14:30:43,480 - experiments.framework - INFO - ✅ Comprehensive memory cleanup completed
2025-10-15 14:30:43,480 - experiments.framework - INFO - ✅ Comprehensive memory cleanup completed
2025-10-15 14:30:43,549 - experiments.framework - INFO - Pickle saving disabled to prevent large files - using JSON and CSV instead
2025-10-15 14:30:43,549 - experiments.framework - INFO - Pickle saving disabled to prevent large files - using JSON and CSV instead
2025-10-15 14:30:43,555 - experiments.framework - INFO - Saving 1 plots to /cs/student/msc/aibh/2024/madhavan/sgfa_qmap-pd/results/all_rois-sn_conf-age+sex+tiv_K5_MAD3.0_run_20251015_142256/robustness_tests_20251015_142315/plots
2025-10-15 14:30:43,555 - experiments.framework - INFO - Saving 1 plots to /cs/student/msc/aibh/2024/madhavan/sgfa_qmap-pd/results/all_rois-sn_conf-age+sex+tiv_K5_MAD3.0_run_20251015_142256/robustness_tests_20251015_142315/plots
2025-10-15 14:30:44,826 - experiments.framework - INFO -   ✅ Saved plot: robustness_summary
2025-10-15 14:30:44,826 - experiments.framework - INFO -   ✅ Saved plot: robustness_summary
2025-10-15 14:30:44,826 - experiments.framework - INFO - All plots saved to: /cs/student/msc/aibh/2024/madhavan/sgfa_qmap-pd/results/all_rois-sn_conf-age+sex+tiv_K5_MAD3.0_run_20251015_142256/robustness_tests_20251015_142315/plots
2025-10-15 14:30:44,826 - experiments.framework - INFO - All plots saved to: /cs/student/msc/aibh/2024/madhavan/sgfa_qmap-pd/results/all_rois-sn_conf-age+sex+tiv_K5_MAD3.0_run_20251015_142256/robustness_tests_20251015_142315/plots
