2025-10-18 14:30:34,543 - experiments.framework - INFO - ExperimentFramework initialized with output dir: /cs/student/msc/aibh/2024/madhavan/sgfa_qmap-pd/results/all_rois-sn_conf-age+sex+tiv_K2_percW10_MAD3.0_run_20251018_143034
2025-10-18 14:30:34,557 - experiments.framework - INFO - Starting experiment: data_validation_20251018_143034
2025-10-18 14:30:43,696 - experiments.framework - INFO - 🏁 EXPERIMENT COMPLETED: data_validation_20251018_143034
2025-10-18 14:30:43,697 - experiments.framework - INFO - ⏱️  TOTAL RUNTIME: 9.2 seconds
2025-10-18 14:30:43,697 - experiments.framework - INFO - 🕐 Started: 2025-10-18 14:30:34
2025-10-18 14:30:43,697 - experiments.framework - INFO - 🕑 Finished: 2025-10-18 14:30:43
2025-10-18 14:30:43,697 - experiments.framework - INFO - Experiment completed successfully: data_validation_20251018_143034
2025-10-18 14:30:43,697 - experiments.framework - INFO - 🧹 Performing comprehensive memory cleanup...
2025-10-18 14:30:43,780 - experiments.framework - INFO - Garbage collection freed 18248 objects
2025-10-18 14:30:44,046 - experiments.framework - INFO - GPU memory cleanup attempted
2025-10-18 14:30:45,047 - experiments.framework - INFO - ✅ Comprehensive memory cleanup completed
2025-10-18 14:30:45,198 - experiments.framework - INFO - Pickle saving disabled to prevent large files - using JSON and CSV instead
2025-10-18 14:30:45,203 - experiments.framework - INFO - Saving 3 plots to /cs/student/msc/aibh/2024/madhavan/sgfa_qmap-pd/results/all_rois-sn_conf-age+sex+tiv_K2_percW10_MAD3.0_run_20251018_143034/data_validation_tree10_20251018_143034/plots
2025-10-18 14:30:47,090 - experiments.framework - INFO -   ✅ Saved plot: data_distribution_comparison
2025-10-18 14:30:49,000 - experiments.framework - INFO -   ✅ Saved plot: data_validation_feature_reduction
2025-10-18 14:30:49,760 - experiments.framework - INFO -   ✅ Saved plot: data_validation_variance_distribution
2025-10-18 14:30:49,761 - experiments.framework - INFO - All plots saved to: /cs/student/msc/aibh/2024/madhavan/sgfa_qmap-pd/results/all_rois-sn_conf-age+sex+tiv_K2_percW10_MAD3.0_run_20251018_143034/data_validation_tree10_20251018_143034/plots
2025-10-18 14:30:49,848 - experiments.framework - INFO - ExperimentFramework initialized with output dir: /cs/student/msc/aibh/2024/madhavan/sgfa_qmap-pd/results/all_rois-sn_conf-age+sex+tiv_K2_percW10_MAD3.0_run_20251018_143034
2025-10-18 14:30:49,848 - experiments.framework - INFO - ExperimentFramework initialized with output dir: /cs/student/msc/aibh/2024/madhavan/sgfa_qmap-pd/results/all_rois-sn_conf-age+sex+tiv_K2_percW10_MAD3.0_run_20251018_143034
2025-10-18 14:30:49,863 - experiments.framework - INFO - Starting experiment: robustness_tests_20251018_143049
2025-10-18 14:30:49,863 - experiments.framework - INFO - Starting experiment: robustness_tests_20251018_143049
2025-10-18 14:39:06,374 - experiments.framework - INFO - 🏁 EXPERIMENT COMPLETED: robustness_tests_20251018_143049
2025-10-18 14:39:06,374 - experiments.framework - INFO - 🏁 EXPERIMENT COMPLETED: robustness_tests_20251018_143049
2025-10-18 14:39:06,375 - experiments.framework - INFO - ⏱️  TOTAL RUNTIME: 8.3 minutes (497s)
2025-10-18 14:39:06,375 - experiments.framework - INFO - ⏱️  TOTAL RUNTIME: 8.3 minutes (497s)
2025-10-18 14:39:06,375 - experiments.framework - INFO - 🕐 Started: 2025-10-18 14:30:49
2025-10-18 14:39:06,375 - experiments.framework - INFO - 🕐 Started: 2025-10-18 14:30:49
2025-10-18 14:39:06,375 - experiments.framework - INFO - 🕑 Finished: 2025-10-18 14:39:06
2025-10-18 14:39:06,375 - experiments.framework - INFO - 🕑 Finished: 2025-10-18 14:39:06
2025-10-18 14:39:06,375 - experiments.framework - INFO - Experiment completed successfully: robustness_tests_20251018_143049
2025-10-18 14:39:06,375 - experiments.framework - INFO - Experiment completed successfully: robustness_tests_20251018_143049
2025-10-18 14:39:06,375 - experiments.framework - INFO - 🧹 Performing comprehensive memory cleanup...
2025-10-18 14:39:06,375 - experiments.framework - INFO - 🧹 Performing comprehensive memory cleanup...
2025-10-18 14:39:06,456 - experiments.framework - INFO - Garbage collection freed 38 objects
2025-10-18 14:39:06,456 - experiments.framework - INFO - Garbage collection freed 38 objects
2025-10-18 14:39:06,744 - experiments.framework - INFO - GPU memory cleanup attempted
2025-10-18 14:39:06,744 - experiments.framework - INFO - GPU memory cleanup attempted
2025-10-18 14:39:07,745 - experiments.framework - INFO - ✅ Comprehensive memory cleanup completed
2025-10-18 14:39:07,745 - experiments.framework - INFO - ✅ Comprehensive memory cleanup completed
2025-10-18 14:39:07,811 - experiments.framework - INFO - Pickle saving disabled to prevent large files - using JSON and CSV instead
2025-10-18 14:39:07,811 - experiments.framework - INFO - Pickle saving disabled to prevent large files - using JSON and CSV instead
2025-10-18 14:39:07,818 - experiments.framework - INFO - Saving 1 plots to /cs/student/msc/aibh/2024/madhavan/sgfa_qmap-pd/results/all_rois-sn_conf-age+sex+tiv_K2_percW10_MAD3.0_run_20251018_143034/robustness_tests_K2_percW10_slab4_2_MAD3.0_tree10_20251018_143049/plots
2025-10-18 14:39:07,818 - experiments.framework - INFO - Saving 1 plots to /cs/student/msc/aibh/2024/madhavan/sgfa_qmap-pd/results/all_rois-sn_conf-age+sex+tiv_K2_percW10_MAD3.0_run_20251018_143034/robustness_tests_K2_percW10_slab4_2_MAD3.0_tree10_20251018_143049/plots
2025-10-18 14:39:08,719 - experiments.framework - INFO -   ✅ Saved plot: robustness_summary
2025-10-18 14:39:08,719 - experiments.framework - INFO -   ✅ Saved plot: robustness_summary
2025-10-18 14:39:08,719 - experiments.framework - INFO - All plots saved to: /cs/student/msc/aibh/2024/madhavan/sgfa_qmap-pd/results/all_rois-sn_conf-age+sex+tiv_K2_percW10_MAD3.0_run_20251018_143034/robustness_tests_K2_percW10_slab4_2_MAD3.0_tree10_20251018_143049/plots
2025-10-18 14:39:08,719 - experiments.framework - INFO - All plots saved to: /cs/student/msc/aibh/2024/madhavan/sgfa_qmap-pd/results/all_rois-sn_conf-age+sex+tiv_K2_percW10_MAD3.0_run_20251018_143034/robustness_tests_K2_percW10_slab4_2_MAD3.0_tree10_20251018_143049/plots
