2025-10-18 13:15:14,942 - experiments.framework - INFO - ExperimentFramework initialized with output dir: /cs/student/msc/aibh/2024/madhavan/sgfa_qmap-pd/results/all_rois-sn_conf-age+sex+tiv_K2_percW20_MAD3.0_run_20251018_131514
2025-10-18 13:15:14,947 - experiments.framework - INFO - Starting experiment: data_validation_20251018_131514
2025-10-18 13:15:19,374 - experiments.framework - INFO - 🏁 EXPERIMENT COMPLETED: data_validation_20251018_131514
2025-10-18 13:15:19,374 - experiments.framework - INFO - ⏱️  TOTAL RUNTIME: 4.4 seconds
2025-10-18 13:15:19,374 - experiments.framework - INFO - 🕐 Started: 2025-10-18 13:15:14
2025-10-18 13:15:19,374 - experiments.framework - INFO - 🕑 Finished: 2025-10-18 13:15:19
2025-10-18 13:15:19,374 - experiments.framework - INFO - Experiment completed successfully: data_validation_20251018_131514
2025-10-18 13:15:19,374 - experiments.framework - INFO - 🧹 Performing comprehensive memory cleanup...
2025-10-18 13:15:19,411 - experiments.framework - INFO - Garbage collection freed 18248 objects
2025-10-18 13:15:19,526 - experiments.framework - INFO - GPU memory cleanup attempted
2025-10-18 13:15:20,527 - experiments.framework - INFO - ✅ Comprehensive memory cleanup completed
2025-10-18 13:15:20,589 - experiments.framework - INFO - Pickle saving disabled to prevent large files - using JSON and CSV instead
2025-10-18 13:15:20,595 - experiments.framework - INFO - Saving 3 plots to /cs/student/msc/aibh/2024/madhavan/sgfa_qmap-pd/results/all_rois-sn_conf-age+sex+tiv_K2_percW20_MAD3.0_run_20251018_131514/data_validation_20251018_131514/plots
2025-10-18 13:15:21,558 - experiments.framework - INFO -   ✅ Saved plot: data_distribution_comparison
2025-10-18 13:15:22,512 - experiments.framework - INFO -   ✅ Saved plot: data_validation_feature_reduction
2025-10-18 13:15:22,878 - experiments.framework - INFO -   ✅ Saved plot: data_validation_variance_distribution
2025-10-18 13:15:22,878 - experiments.framework - INFO - All plots saved to: /cs/student/msc/aibh/2024/madhavan/sgfa_qmap-pd/results/all_rois-sn_conf-age+sex+tiv_K2_percW20_MAD3.0_run_20251018_131514/data_validation_20251018_131514/plots
2025-10-18 13:15:22,917 - experiments.framework - INFO - ExperimentFramework initialized with output dir: /cs/student/msc/aibh/2024/madhavan/sgfa_qmap-pd/results/all_rois-sn_conf-age+sex+tiv_K2_percW20_MAD3.0_run_20251018_131514
2025-10-18 13:15:22,917 - experiments.framework - INFO - ExperimentFramework initialized with output dir: /cs/student/msc/aibh/2024/madhavan/sgfa_qmap-pd/results/all_rois-sn_conf-age+sex+tiv_K2_percW20_MAD3.0_run_20251018_131514
2025-10-18 13:15:22,924 - experiments.framework - INFO - Starting experiment: robustness_tests_20251018_131522
2025-10-18 13:15:22,924 - experiments.framework - INFO - Starting experiment: robustness_tests_20251018_131522
2025-10-18 14:29:43,483 - experiments.framework - INFO - 🏁 EXPERIMENT COMPLETED: robustness_tests_20251018_131522
2025-10-18 14:29:43,483 - experiments.framework - INFO - 🏁 EXPERIMENT COMPLETED: robustness_tests_20251018_131522
2025-10-18 14:29:43,483 - experiments.framework - INFO - ⏱️  TOTAL RUNTIME: 1.2 hours (14m 21s)
2025-10-18 14:29:43,483 - experiments.framework - INFO - ⏱️  TOTAL RUNTIME: 1.2 hours (14m 21s)
2025-10-18 14:29:43,483 - experiments.framework - INFO - 🕐 Started: 2025-10-18 13:15:22
2025-10-18 14:29:43,483 - experiments.framework - INFO - 🕐 Started: 2025-10-18 13:15:22
2025-10-18 14:29:43,483 - experiments.framework - INFO - 🕑 Finished: 2025-10-18 14:29:43
2025-10-18 14:29:43,483 - experiments.framework - INFO - 🕑 Finished: 2025-10-18 14:29:43
2025-10-18 14:29:43,483 - experiments.framework - INFO - Experiment completed successfully: robustness_tests_20251018_131522
2025-10-18 14:29:43,483 - experiments.framework - INFO - Experiment completed successfully: robustness_tests_20251018_131522
2025-10-18 14:29:43,483 - experiments.framework - INFO - 🧹 Performing comprehensive memory cleanup...
2025-10-18 14:29:43,483 - experiments.framework - INFO - 🧹 Performing comprehensive memory cleanup...
2025-10-18 14:29:43,520 - experiments.framework - INFO - Garbage collection freed 58 objects
2025-10-18 14:29:43,520 - experiments.framework - INFO - Garbage collection freed 58 objects
2025-10-18 14:29:43,648 - experiments.framework - INFO - GPU memory cleanup attempted
2025-10-18 14:29:43,648 - experiments.framework - INFO - GPU memory cleanup attempted
2025-10-18 14:29:44,649 - experiments.framework - INFO - ✅ Comprehensive memory cleanup completed
2025-10-18 14:29:44,649 - experiments.framework - INFO - ✅ Comprehensive memory cleanup completed
2025-10-18 14:29:44,677 - experiments.framework - INFO - Pickle saving disabled to prevent large files - using JSON and CSV instead
2025-10-18 14:29:44,677 - experiments.framework - INFO - Pickle saving disabled to prevent large files - using JSON and CSV instead
2025-10-18 14:29:44,682 - experiments.framework - INFO - Saving 1 plots to /cs/student/msc/aibh/2024/madhavan/sgfa_qmap-pd/results/all_rois-sn_conf-age+sex+tiv_K2_percW20_MAD3.0_run_20251018_131514/robustness_tests_K2_percW20_slab4_2_MAD3.0_20251018_131522/plots
2025-10-18 14:29:44,682 - experiments.framework - INFO - Saving 1 plots to /cs/student/msc/aibh/2024/madhavan/sgfa_qmap-pd/results/all_rois-sn_conf-age+sex+tiv_K2_percW20_MAD3.0_run_20251018_131514/robustness_tests_K2_percW20_slab4_2_MAD3.0_20251018_131522/plots
2025-10-18 14:29:45,112 - experiments.framework - INFO -   ✅ Saved plot: robustness_summary
2025-10-18 14:29:45,112 - experiments.framework - INFO -   ✅ Saved plot: robustness_summary
2025-10-18 14:29:45,112 - experiments.framework - INFO - All plots saved to: /cs/student/msc/aibh/2024/madhavan/sgfa_qmap-pd/results/all_rois-sn_conf-age+sex+tiv_K2_percW20_MAD3.0_run_20251018_131514/robustness_tests_K2_percW20_slab4_2_MAD3.0_20251018_131522/plots
2025-10-18 14:29:45,112 - experiments.framework - INFO - All plots saved to: /cs/student/msc/aibh/2024/madhavan/sgfa_qmap-pd/results/all_rois-sn_conf-age+sex+tiv_K2_percW20_MAD3.0_run_20251018_131514/robustness_tests_K2_percW20_slab4_2_MAD3.0_20251018_131522/plots
