2025-10-21 14:23:51,610 - experiments.framework - INFO - ExperimentFramework initialized with output dir: /cs/student/msc/aibh/2024/madhavan/sgfa_qmap-pd/results/all_rois-sn_conf-age+sex+tiv_K50_percW33_MAD2.5_run_20251021_142351
2025-10-21 14:23:51,614 - experiments.framework - INFO - Starting experiment: data_validation_20251021_142351
2025-10-21 14:24:00,160 - experiments.framework - INFO - 🏁 EXPERIMENT COMPLETED: data_validation_20251021_142351
2025-10-21 14:24:00,161 - experiments.framework - INFO - ⏱️  TOTAL RUNTIME: 8.6 seconds
2025-10-21 14:24:00,161 - experiments.framework - INFO - 🕐 Started: 2025-10-21 14:23:51
2025-10-21 14:24:00,161 - experiments.framework - INFO - 🕑 Finished: 2025-10-21 14:24:00
2025-10-21 14:24:00,161 - experiments.framework - INFO - Experiment completed successfully: data_validation_20251021_142351
2025-10-21 14:24:00,161 - experiments.framework - INFO - 🧹 Performing comprehensive memory cleanup...
2025-10-21 14:24:00,197 - experiments.framework - INFO - Garbage collection freed 0 objects
2025-10-21 14:24:00,324 - experiments.framework - INFO - GPU memory cleanup attempted
2025-10-21 14:24:01,325 - experiments.framework - INFO - ✅ Comprehensive memory cleanup completed
2025-10-21 14:24:01,423 - experiments.framework - INFO - Pickle saving disabled to prevent large files - using JSON and CSV instead
2025-10-21 14:24:01,428 - experiments.framework - INFO - Saving 5 plots to /cs/student/msc/aibh/2024/madhavan/sgfa_qmap-pd/results/all_rois-sn_conf-age+sex+tiv_K50_percW33_MAD2.5_run_20251021_142351/data_validation_tree10_20251021_142351/plots
2025-10-21 14:24:02,401 - experiments.framework - INFO -   ✅ Saved plot: data_distribution_comparison
2025-10-21 14:24:03,360 - experiments.framework - INFO -   ✅ Saved plot: data_validation_inter_vs_intra_correlation
2025-10-21 14:24:05,082 - experiments.framework - INFO -   ✅ Saved plot: data_validation_block_covariance_matrix
2025-10-21 14:24:06,078 - experiments.framework - INFO -   ✅ Saved plot: data_validation_feature_reduction
2025-10-21 14:24:06,443 - experiments.framework - INFO -   ✅ Saved plot: data_validation_variance_distribution
2025-10-21 14:24:06,444 - experiments.framework - INFO - All plots saved to: /cs/student/msc/aibh/2024/madhavan/sgfa_qmap-pd/results/all_rois-sn_conf-age+sex+tiv_K50_percW33_MAD2.5_run_20251021_142351/data_validation_tree10_20251021_142351/plots
2025-10-21 14:24:06,488 - experiments.framework - INFO - ExperimentFramework initialized with output dir: /cs/student/msc/aibh/2024/madhavan/sgfa_qmap-pd/results/all_rois-sn_conf-age+sex+tiv_K50_percW33_MAD2.5_run_20251021_142351
2025-10-21 14:24:06,488 - experiments.framework - INFO - ExperimentFramework initialized with output dir: /cs/student/msc/aibh/2024/madhavan/sgfa_qmap-pd/results/all_rois-sn_conf-age+sex+tiv_K50_percW33_MAD2.5_run_20251021_142351
2025-10-21 14:24:06,495 - experiments.framework - INFO - Starting experiment: robustness_tests_20251021_142406
2025-10-21 14:24:06,495 - experiments.framework - INFO - Starting experiment: robustness_tests_20251021_142406
2025-10-21 14:27:03,455 - experiments.framework - INFO - 🧹 Performing comprehensive memory cleanup...
2025-10-21 14:27:03,455 - experiments.framework - INFO - 🧹 Performing comprehensive memory cleanup...
2025-10-21 14:27:03,534 - experiments.framework - INFO - Garbage collection freed 0 objects
2025-10-21 14:27:03,534 - experiments.framework - INFO - Garbage collection freed 0 objects
2025-10-21 14:27:03,784 - experiments.framework - INFO - GPU memory cleanup attempted
2025-10-21 14:27:03,784 - experiments.framework - INFO - GPU memory cleanup attempted
2025-10-21 14:27:04,786 - experiments.framework - INFO - ✅ Comprehensive memory cleanup completed
2025-10-21 14:27:04,786 - experiments.framework - INFO - ✅ Comprehensive memory cleanup completed
