2025-10-16 22:44:57,194 - experiments.framework - INFO - ExperimentFramework initialized with output dir: /cs/student/msc/aibh/2024/madhavan/sgfa_qmap-pd/results/all_rois-sn_conf-age+sex+tiv_K20_run_20251016_224457
2025-10-16 22:44:57,198 - experiments.framework - INFO - Starting experiment: data_validation_20251016_224457
2025-10-16 22:44:59,643 - experiments.framework - INFO - 🏁 EXPERIMENT COMPLETED: data_validation_20251016_224457
2025-10-16 22:44:59,643 - experiments.framework - INFO - ⏱️  TOTAL RUNTIME: 2.4 seconds
2025-10-16 22:44:59,643 - experiments.framework - INFO - 🕐 Started: 2025-10-16 22:44:57
2025-10-16 22:44:59,644 - experiments.framework - INFO - 🕑 Finished: 2025-10-16 22:44:59
2025-10-16 22:44:59,644 - experiments.framework - INFO - Experiment completed successfully: data_validation_20251016_224457
2025-10-16 22:44:59,644 - experiments.framework - INFO - 🧹 Performing comprehensive memory cleanup...
2025-10-16 22:44:59,704 - experiments.framework - INFO - Garbage collection freed 18700 objects
2025-10-16 22:44:59,861 - experiments.framework - INFO - GPU memory cleanup attempted
2025-10-16 22:45:00,862 - experiments.framework - INFO - ✅ Comprehensive memory cleanup completed
2025-10-16 22:45:00,924 - experiments.framework - INFO - Pickle saving disabled to prevent large files - using JSON and CSV instead
2025-10-16 22:45:00,927 - experiments.framework - INFO - Saving 3 plots to /cs/student/msc/aibh/2024/madhavan/sgfa_qmap-pd/results/all_rois-sn_conf-age+sex+tiv_K20_run_20251016_224457/data_validation_20251016_224457/plots
2025-10-16 22:45:02,025 - experiments.framework - INFO -   ✅ Saved plot: data_distribution_comparison
2025-10-16 22:45:02,789 - experiments.framework - INFO -   ✅ Saved plot: data_validation_feature_reduction
2025-10-16 22:45:03,089 - experiments.framework - INFO -   ✅ Saved plot: data_validation_variance_distribution
2025-10-16 22:45:03,089 - experiments.framework - INFO - All plots saved to: /cs/student/msc/aibh/2024/madhavan/sgfa_qmap-pd/results/all_rois-sn_conf-age+sex+tiv_K20_run_20251016_224457/data_validation_20251016_224457/plots
2025-10-16 22:45:03,158 - experiments.framework - INFO - ExperimentFramework initialized with output dir: /cs/student/msc/aibh/2024/madhavan/sgfa_qmap-pd/results/all_rois-sn_conf-age+sex+tiv_K20_run_20251016_224457
2025-10-16 22:45:03,158 - experiments.framework - INFO - ExperimentFramework initialized with output dir: /cs/student/msc/aibh/2024/madhavan/sgfa_qmap-pd/results/all_rois-sn_conf-age+sex+tiv_K20_run_20251016_224457
2025-10-16 22:45:03,162 - experiments.framework - INFO - Starting experiment: robustness_tests_20251016_224503
2025-10-16 22:45:03,162 - experiments.framework - INFO - Starting experiment: robustness_tests_20251016_224503
2025-10-16 22:53:12,866 - experiments.framework - INFO - 🏁 EXPERIMENT COMPLETED: robustness_tests_20251016_224503
2025-10-16 22:53:12,866 - experiments.framework - INFO - 🏁 EXPERIMENT COMPLETED: robustness_tests_20251016_224503
2025-10-16 22:53:12,867 - experiments.framework - INFO - ⏱️  TOTAL RUNTIME: 8.2 minutes (490s)
2025-10-16 22:53:12,867 - experiments.framework - INFO - ⏱️  TOTAL RUNTIME: 8.2 minutes (490s)
2025-10-16 22:53:12,867 - experiments.framework - INFO - 🕐 Started: 2025-10-16 22:45:03
2025-10-16 22:53:12,867 - experiments.framework - INFO - 🕐 Started: 2025-10-16 22:45:03
2025-10-16 22:53:12,867 - experiments.framework - INFO - 🕑 Finished: 2025-10-16 22:53:12
2025-10-16 22:53:12,867 - experiments.framework - INFO - 🕑 Finished: 2025-10-16 22:53:12
2025-10-16 22:53:12,867 - experiments.framework - INFO - Experiment completed successfully: robustness_tests_20251016_224503
2025-10-16 22:53:12,867 - experiments.framework - INFO - Experiment completed successfully: robustness_tests_20251016_224503
2025-10-16 22:53:12,867 - experiments.framework - INFO - 🧹 Performing comprehensive memory cleanup...
2025-10-16 22:53:12,867 - experiments.framework - INFO - 🧹 Performing comprehensive memory cleanup...
2025-10-16 22:53:13,031 - experiments.framework - INFO - Garbage collection freed 110 objects
2025-10-16 22:53:13,031 - experiments.framework - INFO - Garbage collection freed 110 objects
2025-10-16 22:53:13,627 - experiments.framework - INFO - GPU memory cleanup attempted
2025-10-16 22:53:13,627 - experiments.framework - INFO - GPU memory cleanup attempted
2025-10-16 22:53:14,628 - experiments.framework - INFO - ✅ Comprehensive memory cleanup completed
2025-10-16 22:53:14,628 - experiments.framework - INFO - ✅ Comprehensive memory cleanup completed
2025-10-16 22:53:14,654 - experiments.framework - INFO - Pickle saving disabled to prevent large files - using JSON and CSV instead
2025-10-16 22:53:14,654 - experiments.framework - INFO - Pickle saving disabled to prevent large files - using JSON and CSV instead
2025-10-16 22:53:14,657 - experiments.framework - INFO - Saving 1 plots to /cs/student/msc/aibh/2024/madhavan/sgfa_qmap-pd/results/all_rois-sn_conf-age+sex+tiv_K20_run_20251016_224457/robustness_tests_K20_percW33_slab4_2_20251016_224503/plots
2025-10-16 22:53:14,657 - experiments.framework - INFO - Saving 1 plots to /cs/student/msc/aibh/2024/madhavan/sgfa_qmap-pd/results/all_rois-sn_conf-age+sex+tiv_K20_run_20251016_224457/robustness_tests_K20_percW33_slab4_2_20251016_224503/plots
2025-10-16 22:53:15,047 - experiments.framework - INFO -   ✅ Saved plot: robustness_summary
2025-10-16 22:53:15,047 - experiments.framework - INFO -   ✅ Saved plot: robustness_summary
2025-10-16 22:53:15,047 - experiments.framework - INFO - All plots saved to: /cs/student/msc/aibh/2024/madhavan/sgfa_qmap-pd/results/all_rois-sn_conf-age+sex+tiv_K20_run_20251016_224457/robustness_tests_K20_percW33_slab4_2_20251016_224503/plots
2025-10-16 22:53:15,047 - experiments.framework - INFO - All plots saved to: /cs/student/msc/aibh/2024/madhavan/sgfa_qmap-pd/results/all_rois-sn_conf-age+sex+tiv_K20_run_20251016_224457/robustness_tests_K20_percW33_slab4_2_20251016_224503/plots
