2025-10-14 12:45:38,981 - experiments.framework - INFO - ExperimentFramework initialized with output dir: /cs/student/msc/aibh/2024/madhavan/sgfa_qmap-pd/results/all_rois-sn_conf-age+sex+tiv_run_20251014_124538
2025-10-14 12:45:38,994 - experiments.framework - INFO - Starting experiment: data_validation_20251014_124538
2025-10-14 12:45:38,999 - experiments.framework - INFO - 🏁 EXPERIMENT COMPLETED: data_validation_20251014_124538
2025-10-14 12:45:38,999 - experiments.framework - INFO - ⏱️  TOTAL RUNTIME: 0.0 seconds
2025-10-14 12:45:38,999 - experiments.framework - INFO - 🕐 Started: 2025-10-14 12:45:38
2025-10-14 12:45:38,999 - experiments.framework - INFO - 🕑 Finished: 2025-10-14 12:45:38
2025-10-14 12:45:38,999 - experiments.framework - INFO - Experiment completed successfully: data_validation_20251014_124538
2025-10-14 12:45:38,999 - experiments.framework - INFO - 🧹 Performing comprehensive memory cleanup...
2025-10-14 12:45:39,070 - experiments.framework - INFO - Garbage collection freed 0 objects
2025-10-14 12:45:39,285 - experiments.framework - INFO - GPU memory cleanup attempted
2025-10-14 12:45:40,286 - experiments.framework - INFO - ✅ Comprehensive memory cleanup completed
2025-10-14 12:45:40,290 - experiments.framework - INFO - Pickle saving disabled to prevent large files - using JSON and CSV instead
2025-10-14 12:45:41,397 - experiments.framework - INFO - ExperimentFramework initialized with output dir: /cs/student/msc/aibh/2024/madhavan/sgfa_qmap-pd/results/all_rois-sn_conf-age+sex+tiv_run_20251014_124538
2025-10-14 12:45:41,397 - experiments.framework - INFO - ExperimentFramework initialized with output dir: /cs/student/msc/aibh/2024/madhavan/sgfa_qmap-pd/results/all_rois-sn_conf-age+sex+tiv_run_20251014_124538
2025-10-14 12:45:41,406 - experiments.framework - INFO - Starting experiment: reproducibility_tests_20251014_124541
2025-10-14 12:45:41,406 - experiments.framework - INFO - Starting experiment: reproducibility_tests_20251014_124541
2025-10-14 12:53:03,686 - experiments.framework - INFO - 🏁 EXPERIMENT COMPLETED: reproducibility_tests_20251014_124541
2025-10-14 12:53:03,686 - experiments.framework - INFO - 🏁 EXPERIMENT COMPLETED: reproducibility_tests_20251014_124541
2025-10-14 12:53:03,687 - experiments.framework - INFO - ⏱️  TOTAL RUNTIME: 7.4 minutes (442s)
2025-10-14 12:53:03,687 - experiments.framework - INFO - ⏱️  TOTAL RUNTIME: 7.4 minutes (442s)
2025-10-14 12:53:03,687 - experiments.framework - INFO - 🕐 Started: 2025-10-14 12:45:41
2025-10-14 12:53:03,687 - experiments.framework - INFO - 🕐 Started: 2025-10-14 12:45:41
2025-10-14 12:53:03,687 - experiments.framework - INFO - 🕑 Finished: 2025-10-14 12:53:03
2025-10-14 12:53:03,687 - experiments.framework - INFO - 🕑 Finished: 2025-10-14 12:53:03
2025-10-14 12:53:03,687 - experiments.framework - INFO - Experiment completed successfully: reproducibility_tests_20251014_124541
2025-10-14 12:53:03,687 - experiments.framework - INFO - Experiment completed successfully: reproducibility_tests_20251014_124541
2025-10-14 12:53:03,687 - experiments.framework - INFO - 🧹 Performing comprehensive memory cleanup...
2025-10-14 12:53:03,687 - experiments.framework - INFO - 🧹 Performing comprehensive memory cleanup...
2025-10-14 12:53:03,853 - experiments.framework - INFO - Garbage collection freed 145 objects
2025-10-14 12:53:03,853 - experiments.framework - INFO - Garbage collection freed 145 objects
2025-10-14 12:53:04,484 - experiments.framework - INFO - GPU memory cleanup attempted
2025-10-14 12:53:04,484 - experiments.framework - INFO - GPU memory cleanup attempted
2025-10-14 12:53:05,485 - experiments.framework - INFO - ✅ Comprehensive memory cleanup completed
2025-10-14 12:53:05,485 - experiments.framework - INFO - ✅ Comprehensive memory cleanup completed
2025-10-14 12:53:05,555 - experiments.framework - INFO - Pickle saving disabled to prevent large files - using JSON and CSV instead
2025-10-14 12:53:05,555 - experiments.framework - INFO - Pickle saving disabled to prevent large files - using JSON and CSV instead
2025-10-14 12:53:05,562 - experiments.framework - INFO - Saving 1 plots to /cs/student/msc/aibh/2024/madhavan/sgfa_qmap-pd/results/all_rois-sn_conf-age+sex+tiv_run_20251014_124538/reproducibility_tests_20251014_124541/plots
2025-10-14 12:53:05,562 - experiments.framework - INFO - Saving 1 plots to /cs/student/msc/aibh/2024/madhavan/sgfa_qmap-pd/results/all_rois-sn_conf-age+sex+tiv_run_20251014_124538/reproducibility_tests_20251014_124541/plots
2025-10-14 12:53:07,679 - experiments.framework - INFO -   ✅ Saved plot: reproducibility_summary
2025-10-14 12:53:07,679 - experiments.framework - INFO -   ✅ Saved plot: reproducibility_summary
2025-10-14 12:53:07,679 - experiments.framework - INFO - All plots saved to: /cs/student/msc/aibh/2024/madhavan/sgfa_qmap-pd/results/all_rois-sn_conf-age+sex+tiv_run_20251014_124538/reproducibility_tests_20251014_124541/plots
2025-10-14 12:53:07,679 - experiments.framework - INFO - All plots saved to: /cs/student/msc/aibh/2024/madhavan/sgfa_qmap-pd/results/all_rois-sn_conf-age+sex+tiv_run_20251014_124538/reproducibility_tests_20251014_124541/plots
