2025-10-18 13:15:21,601 - experiments.framework - INFO - ExperimentFramework initialized with output dir: /cs/student/msc/aibh/2024/madhavan/sgfa_qmap-pd/results/all_rois-sn_conf-age+sex+tiv_K2_percW10_MAD3.0_run_20251018_131521
2025-10-18 13:15:21,607 - experiments.framework - INFO - Starting experiment: data_validation_20251018_131521
2025-10-18 13:15:30,472 - experiments.framework - INFO - 🏁 EXPERIMENT COMPLETED: data_validation_20251018_131521
2025-10-18 13:15:30,473 - experiments.framework - INFO - ⏱️  TOTAL RUNTIME: 8.9 seconds
2025-10-18 13:15:30,473 - experiments.framework - INFO - 🕐 Started: 2025-10-18 13:15:21
2025-10-18 13:15:30,473 - experiments.framework - INFO - 🕑 Finished: 2025-10-18 13:15:30
2025-10-18 13:15:30,473 - experiments.framework - INFO - Experiment completed successfully: data_validation_20251018_131521
2025-10-18 13:15:30,473 - experiments.framework - INFO - 🧹 Performing comprehensive memory cleanup...
2025-10-18 13:15:30,555 - experiments.framework - INFO - Garbage collection freed 18248 objects
2025-10-18 13:15:30,817 - experiments.framework - INFO - GPU memory cleanup attempted
2025-10-18 13:15:31,819 - experiments.framework - INFO - ✅ Comprehensive memory cleanup completed
2025-10-18 13:15:31,953 - experiments.framework - INFO - Pickle saving disabled to prevent large files - using JSON and CSV instead
2025-10-18 13:15:31,958 - experiments.framework - INFO - Saving 3 plots to /cs/student/msc/aibh/2024/madhavan/sgfa_qmap-pd/results/all_rois-sn_conf-age+sex+tiv_K2_percW10_MAD3.0_run_20251018_131521/data_validation_20251018_131521/plots
2025-10-18 13:15:33,828 - experiments.framework - INFO -   ✅ Saved plot: data_distribution_comparison
2025-10-18 13:15:35,691 - experiments.framework - INFO -   ✅ Saved plot: data_validation_feature_reduction
2025-10-18 13:15:36,421 - experiments.framework - INFO -   ✅ Saved plot: data_validation_variance_distribution
2025-10-18 13:15:36,421 - experiments.framework - INFO - All plots saved to: /cs/student/msc/aibh/2024/madhavan/sgfa_qmap-pd/results/all_rois-sn_conf-age+sex+tiv_K2_percW10_MAD3.0_run_20251018_131521/data_validation_20251018_131521/plots
2025-10-18 13:15:36,507 - experiments.framework - INFO - ExperimentFramework initialized with output dir: /cs/student/msc/aibh/2024/madhavan/sgfa_qmap-pd/results/all_rois-sn_conf-age+sex+tiv_K2_percW10_MAD3.0_run_20251018_131521
2025-10-18 13:15:36,507 - experiments.framework - INFO - ExperimentFramework initialized with output dir: /cs/student/msc/aibh/2024/madhavan/sgfa_qmap-pd/results/all_rois-sn_conf-age+sex+tiv_K2_percW10_MAD3.0_run_20251018_131521
2025-10-18 13:15:36,516 - experiments.framework - INFO - Starting experiment: robustness_tests_20251018_131536
2025-10-18 13:15:36,516 - experiments.framework - INFO - Starting experiment: robustness_tests_20251018_131536
2025-10-18 14:13:58,722 - experiments.framework - INFO - 🏁 EXPERIMENT COMPLETED: robustness_tests_20251018_131536
2025-10-18 14:13:58,722 - experiments.framework - INFO - 🏁 EXPERIMENT COMPLETED: robustness_tests_20251018_131536
2025-10-18 14:13:58,723 - experiments.framework - INFO - ⏱️  TOTAL RUNTIME: 58.4 minutes (3502s)
2025-10-18 14:13:58,723 - experiments.framework - INFO - ⏱️  TOTAL RUNTIME: 58.4 minutes (3502s)
2025-10-18 14:13:58,723 - experiments.framework - INFO - 🕐 Started: 2025-10-18 13:15:36
2025-10-18 14:13:58,723 - experiments.framework - INFO - 🕐 Started: 2025-10-18 13:15:36
2025-10-18 14:13:58,723 - experiments.framework - INFO - 🕑 Finished: 2025-10-18 14:13:58
2025-10-18 14:13:58,723 - experiments.framework - INFO - 🕑 Finished: 2025-10-18 14:13:58
2025-10-18 14:13:58,724 - experiments.framework - INFO - Experiment completed successfully: robustness_tests_20251018_131536
2025-10-18 14:13:58,724 - experiments.framework - INFO - Experiment completed successfully: robustness_tests_20251018_131536
2025-10-18 14:13:58,724 - experiments.framework - INFO - 🧹 Performing comprehensive memory cleanup...
2025-10-18 14:13:58,724 - experiments.framework - INFO - 🧹 Performing comprehensive memory cleanup...
2025-10-18 14:13:58,805 - experiments.framework - INFO - Garbage collection freed 58 objects
2025-10-18 14:13:58,805 - experiments.framework - INFO - Garbage collection freed 58 objects
2025-10-18 14:13:59,091 - experiments.framework - INFO - GPU memory cleanup attempted
2025-10-18 14:13:59,091 - experiments.framework - INFO - GPU memory cleanup attempted
2025-10-18 14:14:00,092 - experiments.framework - INFO - ✅ Comprehensive memory cleanup completed
2025-10-18 14:14:00,092 - experiments.framework - INFO - ✅ Comprehensive memory cleanup completed
2025-10-18 14:14:00,143 - experiments.framework - INFO - Pickle saving disabled to prevent large files - using JSON and CSV instead
2025-10-18 14:14:00,143 - experiments.framework - INFO - Pickle saving disabled to prevent large files - using JSON and CSV instead
2025-10-18 14:14:00,151 - experiments.framework - INFO - Saving 1 plots to /cs/student/msc/aibh/2024/madhavan/sgfa_qmap-pd/results/all_rois-sn_conf-age+sex+tiv_K2_percW10_MAD3.0_run_20251018_131521/robustness_tests_K2_percW10_slab4_2_MAD3.0_20251018_131536/plots
2025-10-18 14:14:00,151 - experiments.framework - INFO - Saving 1 plots to /cs/student/msc/aibh/2024/madhavan/sgfa_qmap-pd/results/all_rois-sn_conf-age+sex+tiv_K2_percW10_MAD3.0_run_20251018_131521/robustness_tests_K2_percW10_slab4_2_MAD3.0_20251018_131536/plots
2025-10-18 14:14:01,051 - experiments.framework - INFO -   ✅ Saved plot: robustness_summary
2025-10-18 14:14:01,051 - experiments.framework - INFO -   ✅ Saved plot: robustness_summary
2025-10-18 14:14:01,051 - experiments.framework - INFO - All plots saved to: /cs/student/msc/aibh/2024/madhavan/sgfa_qmap-pd/results/all_rois-sn_conf-age+sex+tiv_K2_percW10_MAD3.0_run_20251018_131521/robustness_tests_K2_percW10_slab4_2_MAD3.0_20251018_131536/plots
2025-10-18 14:14:01,051 - experiments.framework - INFO - All plots saved to: /cs/student/msc/aibh/2024/madhavan/sgfa_qmap-pd/results/all_rois-sn_conf-age+sex+tiv_K2_percW10_MAD3.0_run_20251018_131521/robustness_tests_K2_percW10_slab4_2_MAD3.0_20251018_131536/plots
