2025-10-19 21:31:37,939 - experiments.framework - INFO - ExperimentFramework initialized with output dir: /cs/student/msc/aibh/2024/madhavan/sgfa_qmap-pd/results/all_rois-sn_run_20251019_213137
2025-10-19 21:31:37,951 - experiments.framework - INFO - Starting experiment: data_validation_20251019_213137
2025-10-19 21:31:38,449 - experiments.framework - INFO - 🏁 EXPERIMENT COMPLETED: data_validation_20251019_213137
2025-10-19 21:31:38,449 - experiments.framework - INFO - ⏱️  TOTAL RUNTIME: 0.5 seconds
2025-10-19 21:31:38,449 - experiments.framework - INFO - 🕐 Started: 2025-10-19 21:31:37
2025-10-19 21:31:38,449 - experiments.framework - INFO - 🕑 Finished: 2025-10-19 21:31:38
2025-10-19 21:31:38,449 - experiments.framework - INFO - Experiment completed successfully: data_validation_20251019_213137
2025-10-19 21:31:38,449 - experiments.framework - INFO - 🧹 Performing comprehensive memory cleanup...
2025-10-19 21:31:38,511 - experiments.framework - INFO - Garbage collection freed 0 objects
2025-10-19 21:31:38,723 - experiments.framework - INFO - GPU memory cleanup attempted
2025-10-19 21:31:39,724 - experiments.framework - INFO - ✅ Comprehensive memory cleanup completed
2025-10-19 21:31:39,728 - experiments.framework - INFO - Pickle saving disabled to prevent large files - using JSON and CSV instead
2025-10-19 21:31:40,231 - experiments.framework - INFO - ExperimentFramework initialized with output dir: /cs/student/msc/aibh/2024/madhavan/sgfa_qmap-pd/results/all_rois-sn_run_20251019_213137
2025-10-19 21:31:40,231 - experiments.framework - INFO - ExperimentFramework initialized with output dir: /cs/student/msc/aibh/2024/madhavan/sgfa_qmap-pd/results/all_rois-sn_run_20251019_213137
2025-10-19 21:31:40,245 - experiments.framework - INFO - Starting experiment: robustness_tests_20251019_213140
2025-10-19 21:31:40,245 - experiments.framework - INFO - Starting experiment: robustness_tests_20251019_213140
2025-10-19 21:33:11,407 - experiments.framework - INFO - 🏁 EXPERIMENT COMPLETED: robustness_tests_20251019_213140
2025-10-19 21:33:11,407 - experiments.framework - INFO - 🏁 EXPERIMENT COMPLETED: robustness_tests_20251019_213140
2025-10-19 21:33:11,407 - experiments.framework - INFO - ⏱️  TOTAL RUNTIME: 1.5 minutes (91s)
2025-10-19 21:33:11,407 - experiments.framework - INFO - ⏱️  TOTAL RUNTIME: 1.5 minutes (91s)
2025-10-19 21:33:11,407 - experiments.framework - INFO - 🕐 Started: 2025-10-19 21:31:40
2025-10-19 21:33:11,407 - experiments.framework - INFO - 🕐 Started: 2025-10-19 21:31:40
2025-10-19 21:33:11,407 - experiments.framework - INFO - 🕑 Finished: 2025-10-19 21:33:11
2025-10-19 21:33:11,407 - experiments.framework - INFO - 🕑 Finished: 2025-10-19 21:33:11
2025-10-19 21:33:11,407 - experiments.framework - INFO - Experiment completed successfully: robustness_tests_20251019_213140
2025-10-19 21:33:11,407 - experiments.framework - INFO - Experiment completed successfully: robustness_tests_20251019_213140
2025-10-19 21:33:11,407 - experiments.framework - INFO - 🧹 Performing comprehensive memory cleanup...
2025-10-19 21:33:11,407 - experiments.framework - INFO - 🧹 Performing comprehensive memory cleanup...
2025-10-19 21:33:11,481 - experiments.framework - INFO - Garbage collection freed 0 objects
2025-10-19 21:33:11,481 - experiments.framework - INFO - Garbage collection freed 0 objects
2025-10-19 21:33:11,742 - experiments.framework - INFO - GPU memory cleanup attempted
2025-10-19 21:33:11,742 - experiments.framework - INFO - GPU memory cleanup attempted
2025-10-19 21:33:12,743 - experiments.framework - INFO - ✅ Comprehensive memory cleanup completed
2025-10-19 21:33:12,743 - experiments.framework - INFO - ✅ Comprehensive memory cleanup completed
2025-10-19 21:33:12,809 - experiments.framework - INFO - Pickle saving disabled to prevent large files - using JSON and CSV instead
2025-10-19 21:33:12,809 - experiments.framework - INFO - Pickle saving disabled to prevent large files - using JSON and CSV instead
2025-10-19 21:33:12,814 - experiments.framework - INFO - Saving 1 plots to /cs/student/msc/aibh/2024/madhavan/sgfa_qmap-pd/results/all_rois-sn_run_20251019_213137/robustness_tests_K20_percW33_slab4_2_20251019_213140/plots
2025-10-19 21:33:12,814 - experiments.framework - INFO - Saving 1 plots to /cs/student/msc/aibh/2024/madhavan/sgfa_qmap-pd/results/all_rois-sn_run_20251019_213137/robustness_tests_K20_percW33_slab4_2_20251019_213140/plots
2025-10-19 21:33:13,677 - experiments.framework - INFO -   ✅ Saved plot: robustness_summary
2025-10-19 21:33:13,677 - experiments.framework - INFO -   ✅ Saved plot: robustness_summary
2025-10-19 21:33:13,678 - experiments.framework - INFO - All plots saved to: /cs/student/msc/aibh/2024/madhavan/sgfa_qmap-pd/results/all_rois-sn_run_20251019_213137/robustness_tests_K20_percW33_slab4_2_20251019_213140/plots
2025-10-19 21:33:13,678 - experiments.framework - INFO - All plots saved to: /cs/student/msc/aibh/2024/madhavan/sgfa_qmap-pd/results/all_rois-sn_run_20251019_213137/robustness_tests_K20_percW33_slab4_2_20251019_213140/plots
