2025-10-19 21:59:45,395 - experiments.framework - INFO - ExperimentFramework initialized with output dir: /cs/student/msc/aibh/2024/madhavan/sgfa_qmap-pd/results/all_rois-sn_run_20251019_215945
2025-10-19 21:59:45,399 - experiments.framework - INFO - Starting experiment: data_validation_20251019_215945
2025-10-19 21:59:45,636 - experiments.framework - INFO - 🏁 EXPERIMENT COMPLETED: data_validation_20251019_215945
2025-10-19 21:59:45,636 - experiments.framework - INFO - ⏱️  TOTAL RUNTIME: 0.2 seconds
2025-10-19 21:59:45,636 - experiments.framework - INFO - 🕐 Started: 2025-10-19 21:59:45
2025-10-19 21:59:45,636 - experiments.framework - INFO - 🕑 Finished: 2025-10-19 21:59:45
2025-10-19 21:59:45,636 - experiments.framework - INFO - Experiment completed successfully: data_validation_20251019_215945
2025-10-19 21:59:45,636 - experiments.framework - INFO - 🧹 Performing comprehensive memory cleanup...
2025-10-19 21:59:45,662 - experiments.framework - INFO - Garbage collection freed 0 objects
2025-10-19 21:59:45,755 - experiments.framework - INFO - GPU memory cleanup attempted
2025-10-19 21:59:46,756 - experiments.framework - INFO - ✅ Comprehensive memory cleanup completed
2025-10-19 21:59:46,761 - experiments.framework - INFO - Pickle saving disabled to prevent large files - using JSON and CSV instead
2025-10-19 21:59:47,010 - experiments.framework - INFO - ExperimentFramework initialized with output dir: /cs/student/msc/aibh/2024/madhavan/sgfa_qmap-pd/results/all_rois-sn_run_20251019_215945
2025-10-19 21:59:47,010 - experiments.framework - INFO - ExperimentFramework initialized with output dir: /cs/student/msc/aibh/2024/madhavan/sgfa_qmap-pd/results/all_rois-sn_run_20251019_215945
2025-10-19 21:59:47,015 - experiments.framework - INFO - Starting experiment: robustness_tests_20251019_215947
2025-10-19 21:59:47,015 - experiments.framework - INFO - Starting experiment: robustness_tests_20251019_215947
2025-10-19 22:28:45,198 - experiments.framework - INFO - 🧹 Performing comprehensive memory cleanup...
2025-10-19 22:28:45,198 - experiments.framework - INFO - 🧹 Performing comprehensive memory cleanup...
2025-10-19 22:28:45,248 - experiments.framework - INFO - Garbage collection freed 0 objects
2025-10-19 22:28:45,248 - experiments.framework - INFO - Garbage collection freed 0 objects
2025-10-19 22:28:45,408 - experiments.framework - INFO - GPU memory cleanup attempted
2025-10-19 22:28:45,408 - experiments.framework - INFO - GPU memory cleanup attempted
2025-10-19 22:28:46,409 - experiments.framework - INFO - ✅ Comprehensive memory cleanup completed
2025-10-19 22:28:46,409 - experiments.framework - INFO - ✅ Comprehensive memory cleanup completed
