2025-10-17 16:27:06,208 - experiments.framework - INFO - ExperimentFramework initialized with output dir: /cs/student/msc/aibh/2024/madhavan/sgfa_qmap-pd/results/all_rois-sn_conf-age+sex+tiv_K20_MAD3.0_run_20251017_162706
2025-10-17 16:27:06,212 - experiments.framework - INFO - Starting experiment: data_validation_20251017_162706
2025-10-17 16:27:08,450 - experiments.framework - INFO - 🏁 EXPERIMENT COMPLETED: data_validation_20251017_162706
2025-10-17 16:27:08,450 - experiments.framework - INFO - ⏱️  TOTAL RUNTIME: 2.2 seconds
2025-10-17 16:27:08,450 - experiments.framework - INFO - 🕐 Started: 2025-10-17 16:27:06
2025-10-17 16:27:08,450 - experiments.framework - INFO - 🕑 Finished: 2025-10-17 16:27:08
2025-10-17 16:27:08,450 - experiments.framework - INFO - Experiment completed successfully: data_validation_20251017_162706
2025-10-17 16:27:08,450 - experiments.framework - INFO - 🧹 Performing comprehensive memory cleanup...
2025-10-17 16:27:08,511 - experiments.framework - INFO - Garbage collection freed 18240 objects
2025-10-17 16:27:08,663 - experiments.framework - INFO - GPU memory cleanup attempted
2025-10-17 16:27:09,664 - experiments.framework - INFO - ✅ Comprehensive memory cleanup completed
2025-10-17 16:27:09,726 - experiments.framework - INFO - Pickle saving disabled to prevent large files - using JSON and CSV instead
2025-10-17 16:27:09,730 - experiments.framework - INFO - Saving 3 plots to /cs/student/msc/aibh/2024/madhavan/sgfa_qmap-pd/results/all_rois-sn_conf-age+sex+tiv_K20_MAD3.0_run_20251017_162706/data_validation_20251017_162706/plots
2025-10-17 16:27:10,715 - experiments.framework - INFO -   ✅ Saved plot: data_distribution_comparison
2025-10-17 16:27:11,478 - experiments.framework - INFO -   ✅ Saved plot: data_validation_feature_reduction
2025-10-17 16:27:11,781 - experiments.framework - INFO -   ✅ Saved plot: data_validation_variance_distribution
2025-10-17 16:27:11,781 - experiments.framework - INFO - All plots saved to: /cs/student/msc/aibh/2024/madhavan/sgfa_qmap-pd/results/all_rois-sn_conf-age+sex+tiv_K20_MAD3.0_run_20251017_162706/data_validation_20251017_162706/plots
2025-10-17 16:27:11,849 - experiments.framework - INFO - ExperimentFramework initialized with output dir: /cs/student/msc/aibh/2024/madhavan/sgfa_qmap-pd/results/all_rois-sn_conf-age+sex+tiv_K20_MAD3.0_run_20251017_162706
2025-10-17 16:27:11,849 - experiments.framework - INFO - ExperimentFramework initialized with output dir: /cs/student/msc/aibh/2024/madhavan/sgfa_qmap-pd/results/all_rois-sn_conf-age+sex+tiv_K20_MAD3.0_run_20251017_162706
2025-10-17 16:27:11,858 - experiments.framework - INFO - Starting experiment: robustness_tests_20251017_162711
2025-10-17 16:27:11,858 - experiments.framework - INFO - Starting experiment: robustness_tests_20251017_162711
2025-10-17 16:37:23,821 - experiments.framework - INFO - 🏁 EXPERIMENT COMPLETED: robustness_tests_20251017_162711
2025-10-17 16:37:23,821 - experiments.framework - INFO - 🏁 EXPERIMENT COMPLETED: robustness_tests_20251017_162711
2025-10-17 16:37:23,822 - experiments.framework - INFO - ⏱️  TOTAL RUNTIME: 10.2 minutes (612s)
2025-10-17 16:37:23,822 - experiments.framework - INFO - ⏱️  TOTAL RUNTIME: 10.2 minutes (612s)
2025-10-17 16:37:23,822 - experiments.framework - INFO - 🕐 Started: 2025-10-17 16:27:11
2025-10-17 16:37:23,822 - experiments.framework - INFO - 🕐 Started: 2025-10-17 16:27:11
2025-10-17 16:37:23,822 - experiments.framework - INFO - 🕑 Finished: 2025-10-17 16:37:23
2025-10-17 16:37:23,822 - experiments.framework - INFO - 🕑 Finished: 2025-10-17 16:37:23
2025-10-17 16:37:23,822 - experiments.framework - INFO - Experiment completed successfully: robustness_tests_20251017_162711
2025-10-17 16:37:23,822 - experiments.framework - INFO - Experiment completed successfully: robustness_tests_20251017_162711
2025-10-17 16:37:23,822 - experiments.framework - INFO - 🧹 Performing comprehensive memory cleanup...
2025-10-17 16:37:23,822 - experiments.framework - INFO - 🧹 Performing comprehensive memory cleanup...
2025-10-17 16:37:23,885 - experiments.framework - INFO - Garbage collection freed 105 objects
2025-10-17 16:37:23,885 - experiments.framework - INFO - Garbage collection freed 105 objects
2025-10-17 16:37:24,075 - experiments.framework - INFO - GPU memory cleanup attempted
2025-10-17 16:37:24,075 - experiments.framework - INFO - GPU memory cleanup attempted
2025-10-17 16:37:25,076 - experiments.framework - INFO - ✅ Comprehensive memory cleanup completed
2025-10-17 16:37:25,076 - experiments.framework - INFO - ✅ Comprehensive memory cleanup completed
2025-10-17 16:37:25,101 - experiments.framework - INFO - Pickle saving disabled to prevent large files - using JSON and CSV instead
2025-10-17 16:37:25,101 - experiments.framework - INFO - Pickle saving disabled to prevent large files - using JSON and CSV instead
2025-10-17 16:37:25,104 - experiments.framework - INFO - Saving 1 plots to /cs/student/msc/aibh/2024/madhavan/sgfa_qmap-pd/results/all_rois-sn_conf-age+sex+tiv_K20_MAD3.0_run_20251017_162706/robustness_tests_K20_percW33_slab4_2_20251017_162711/plots
2025-10-17 16:37:25,104 - experiments.framework - INFO - Saving 1 plots to /cs/student/msc/aibh/2024/madhavan/sgfa_qmap-pd/results/all_rois-sn_conf-age+sex+tiv_K20_MAD3.0_run_20251017_162706/robustness_tests_K20_percW33_slab4_2_20251017_162711/plots
2025-10-17 16:37:25,487 - experiments.framework - INFO -   ✅ Saved plot: robustness_summary
2025-10-17 16:37:25,487 - experiments.framework - INFO -   ✅ Saved plot: robustness_summary
2025-10-17 16:37:25,487 - experiments.framework - INFO - All plots saved to: /cs/student/msc/aibh/2024/madhavan/sgfa_qmap-pd/results/all_rois-sn_conf-age+sex+tiv_K20_MAD3.0_run_20251017_162706/robustness_tests_K20_percW33_slab4_2_20251017_162711/plots
2025-10-17 16:37:25,487 - experiments.framework - INFO - All plots saved to: /cs/student/msc/aibh/2024/madhavan/sgfa_qmap-pd/results/all_rois-sn_conf-age+sex+tiv_K20_MAD3.0_run_20251017_162706/robustness_tests_K20_percW33_slab4_2_20251017_162711/plots
