2025-10-21 14:34:37,033 - experiments.framework - INFO - ExperimentFramework initialized with output dir: /cs/student/msc/aibh/2024/madhavan/sgfa_qmap-pd/results/all_rois-sn_conf-age+sex+tiv_K50_percW33_MAD5.0_run_20251021_143437
2025-10-21 14:34:37,040 - experiments.framework - INFO - Starting experiment: data_validation_20251021_143437
2025-10-21 14:35:01,410 - experiments.framework - INFO - 🏁 EXPERIMENT COMPLETED: data_validation_20251021_143437
2025-10-21 14:35:01,411 - experiments.framework - INFO - ⏱️  TOTAL RUNTIME: 24.4 seconds
2025-10-21 14:35:01,411 - experiments.framework - INFO - 🕐 Started: 2025-10-21 14:34:37
2025-10-21 14:35:01,411 - experiments.framework - INFO - 🕑 Finished: 2025-10-21 14:35:01
2025-10-21 14:35:01,411 - experiments.framework - INFO - Experiment completed successfully: data_validation_20251021_143437
2025-10-21 14:35:01,411 - experiments.framework - INFO - 🧹 Performing comprehensive memory cleanup...
2025-10-21 14:35:01,493 - experiments.framework - INFO - Garbage collection freed 0 objects
2025-10-21 14:35:01,786 - experiments.framework - INFO - GPU memory cleanup attempted
2025-10-21 14:35:02,788 - experiments.framework - INFO - ✅ Comprehensive memory cleanup completed
2025-10-21 14:35:03,014 - experiments.framework - INFO - Pickle saving disabled to prevent large files - using JSON and CSV instead
2025-10-21 14:35:03,021 - experiments.framework - INFO - Saving 5 plots to /cs/student/msc/aibh/2024/madhavan/sgfa_qmap-pd/results/all_rois-sn_conf-age+sex+tiv_K50_percW33_MAD5.0_run_20251021_143437/data_validation_tree10_20251021_143437/plots
2025-10-21 14:35:04,901 - experiments.framework - INFO -   ✅ Saved plot: data_distribution_comparison
2025-10-21 14:35:06,766 - experiments.framework - INFO -   ✅ Saved plot: data_validation_inter_vs_intra_correlation
2025-10-21 14:35:10,932 - experiments.framework - INFO -   ✅ Saved plot: data_validation_block_covariance_matrix
2025-10-21 14:35:12,850 - experiments.framework - INFO -   ✅ Saved plot: data_validation_feature_reduction
2025-10-21 14:35:13,584 - experiments.framework - INFO -   ✅ Saved plot: data_validation_variance_distribution
2025-10-21 14:35:13,584 - experiments.framework - INFO - All plots saved to: /cs/student/msc/aibh/2024/madhavan/sgfa_qmap-pd/results/all_rois-sn_conf-age+sex+tiv_K50_percW33_MAD5.0_run_20251021_143437/data_validation_tree10_20251021_143437/plots
2025-10-21 14:35:13,679 - experiments.framework - INFO - ExperimentFramework initialized with output dir: /cs/student/msc/aibh/2024/madhavan/sgfa_qmap-pd/results/all_rois-sn_conf-age+sex+tiv_K50_percW33_MAD5.0_run_20251021_143437
2025-10-21 14:35:13,679 - experiments.framework - INFO - ExperimentFramework initialized with output dir: /cs/student/msc/aibh/2024/madhavan/sgfa_qmap-pd/results/all_rois-sn_conf-age+sex+tiv_K50_percW33_MAD5.0_run_20251021_143437
2025-10-21 14:35:13,688 - experiments.framework - INFO - Starting experiment: robustness_tests_20251021_143513
2025-10-21 14:35:13,688 - experiments.framework - INFO - Starting experiment: robustness_tests_20251021_143513
2025-10-21 14:44:03,261 - experiments.framework - INFO - 🏁 EXPERIMENT COMPLETED: robustness_tests_20251021_143513
2025-10-21 14:44:03,261 - experiments.framework - INFO - 🏁 EXPERIMENT COMPLETED: robustness_tests_20251021_143513
2025-10-21 14:44:03,262 - experiments.framework - INFO - ⏱️  TOTAL RUNTIME: 8.8 minutes (530s)
2025-10-21 14:44:03,262 - experiments.framework - INFO - ⏱️  TOTAL RUNTIME: 8.8 minutes (530s)
2025-10-21 14:44:03,262 - experiments.framework - INFO - 🕐 Started: 2025-10-21 14:35:13
2025-10-21 14:44:03,262 - experiments.framework - INFO - 🕐 Started: 2025-10-21 14:35:13
2025-10-21 14:44:03,262 - experiments.framework - INFO - 🕑 Finished: 2025-10-21 14:44:03
2025-10-21 14:44:03,262 - experiments.framework - INFO - 🕑 Finished: 2025-10-21 14:44:03
2025-10-21 14:44:03,262 - experiments.framework - INFO - Experiment completed successfully: robustness_tests_20251021_143513
2025-10-21 14:44:03,262 - experiments.framework - INFO - Experiment completed successfully: robustness_tests_20251021_143513
2025-10-21 14:44:03,262 - experiments.framework - INFO - 🧹 Performing comprehensive memory cleanup...
2025-10-21 14:44:03,262 - experiments.framework - INFO - 🧹 Performing comprehensive memory cleanup...
2025-10-21 14:44:03,353 - experiments.framework - INFO - Garbage collection freed 53 objects
2025-10-21 14:44:03,353 - experiments.framework - INFO - Garbage collection freed 53 objects
2025-10-21 14:44:03,677 - experiments.framework - INFO - GPU memory cleanup attempted
2025-10-21 14:44:03,677 - experiments.framework - INFO - GPU memory cleanup attempted
2025-10-21 14:44:04,678 - experiments.framework - INFO - ✅ Comprehensive memory cleanup completed
2025-10-21 14:44:04,678 - experiments.framework - INFO - ✅ Comprehensive memory cleanup completed
2025-10-21 14:44:04,743 - experiments.framework - INFO - Pickle saving disabled to prevent large files - using JSON and CSV instead
2025-10-21 14:44:04,743 - experiments.framework - INFO - Pickle saving disabled to prevent large files - using JSON and CSV instead
2025-10-21 14:44:04,748 - experiments.framework - INFO - Saving 1 plots to /cs/student/msc/aibh/2024/madhavan/sgfa_qmap-pd/results/all_rois-sn_conf-age+sex+tiv_K50_percW33_MAD5.0_run_20251021_143437/robustness_tests_fixed_K50_percW33_slab4_2_MAD5.0_tree10_20251021_143513/plots
2025-10-21 14:44:04,748 - experiments.framework - INFO - Saving 1 plots to /cs/student/msc/aibh/2024/madhavan/sgfa_qmap-pd/results/all_rois-sn_conf-age+sex+tiv_K50_percW33_MAD5.0_run_20251021_143437/robustness_tests_fixed_K50_percW33_slab4_2_MAD5.0_tree10_20251021_143513/plots
2025-10-21 14:44:05,688 - experiments.framework - INFO -   ✅ Saved plot: robustness_summary
2025-10-21 14:44:05,688 - experiments.framework - INFO -   ✅ Saved plot: robustness_summary
2025-10-21 14:44:05,688 - experiments.framework - INFO - All plots saved to: /cs/student/msc/aibh/2024/madhavan/sgfa_qmap-pd/results/all_rois-sn_conf-age+sex+tiv_K50_percW33_MAD5.0_run_20251021_143437/robustness_tests_fixed_K50_percW33_slab4_2_MAD5.0_tree10_20251021_143513/plots
2025-10-21 14:44:05,688 - experiments.framework - INFO - All plots saved to: /cs/student/msc/aibh/2024/madhavan/sgfa_qmap-pd/results/all_rois-sn_conf-age+sex+tiv_K50_percW33_MAD5.0_run_20251021_143437/robustness_tests_fixed_K50_percW33_slab4_2_MAD5.0_tree10_20251021_143513/plots
