2025-10-20 01:24:02,903 - experiments.framework - INFO - ExperimentFramework initialized with output dir: /cs/student/msc/aibh/2024/madhavan/sgfa_qmap-pd/results/all_rois-sn_conf-age+sex+tiv_K50_percW33_MAD3.0_run_20251020_012402
2025-10-20 01:24:02,910 - experiments.framework - INFO - Starting experiment: data_validation_20251020_012402
2025-10-20 01:24:13,364 - experiments.framework - INFO - 🏁 EXPERIMENT COMPLETED: data_validation_20251020_012402
2025-10-20 01:24:13,365 - experiments.framework - INFO - ⏱️  TOTAL RUNTIME: 10.5 seconds
2025-10-20 01:24:13,366 - experiments.framework - INFO - 🕐 Started: 2025-10-20 01:24:02
2025-10-20 01:24:13,366 - experiments.framework - INFO - 🕑 Finished: 2025-10-20 01:24:13
2025-10-20 01:24:13,366 - experiments.framework - INFO - Experiment completed successfully: data_validation_20251020_012402
2025-10-20 01:24:13,366 - experiments.framework - INFO - 🧹 Performing comprehensive memory cleanup...
2025-10-20 01:24:13,447 - experiments.framework - INFO - Garbage collection freed 25507 objects
2025-10-20 01:24:13,700 - experiments.framework - INFO - GPU memory cleanup attempted
2025-10-20 01:24:14,701 - experiments.framework - INFO - ✅ Comprehensive memory cleanup completed
2025-10-20 01:24:14,846 - experiments.framework - INFO - Pickle saving disabled to prevent large files - using JSON and CSV instead
2025-10-20 01:24:14,852 - experiments.framework - INFO - Saving 3 plots to /cs/student/msc/aibh/2024/madhavan/sgfa_qmap-pd/results/all_rois-sn_conf-age+sex+tiv_K50_percW33_MAD3.0_run_20251020_012402/data_validation_tree10_20251020_012402/plots
2025-10-20 01:24:16,648 - experiments.framework - INFO -   ✅ Saved plot: data_distribution_comparison
2025-10-20 01:24:18,424 - experiments.framework - INFO -   ✅ Saved plot: data_validation_feature_reduction
2025-10-20 01:24:19,144 - experiments.framework - INFO -   ✅ Saved plot: data_validation_variance_distribution
2025-10-20 01:24:19,144 - experiments.framework - INFO - All plots saved to: /cs/student/msc/aibh/2024/madhavan/sgfa_qmap-pd/results/all_rois-sn_conf-age+sex+tiv_K50_percW33_MAD3.0_run_20251020_012402/data_validation_tree10_20251020_012402/plots
2025-10-20 01:24:19,229 - experiments.framework - INFO - ExperimentFramework initialized with output dir: /cs/student/msc/aibh/2024/madhavan/sgfa_qmap-pd/results/all_rois-sn_conf-age+sex+tiv_K50_percW33_MAD3.0_run_20251020_012402
2025-10-20 01:24:19,229 - experiments.framework - INFO - ExperimentFramework initialized with output dir: /cs/student/msc/aibh/2024/madhavan/sgfa_qmap-pd/results/all_rois-sn_conf-age+sex+tiv_K50_percW33_MAD3.0_run_20251020_012402
2025-10-20 01:24:19,241 - experiments.framework - INFO - Starting experiment: robustness_tests_20251020_012419
2025-10-20 01:24:19,241 - experiments.framework - INFO - Starting experiment: robustness_tests_20251020_012419
2025-10-20 01:32:32,643 - experiments.framework - INFO - 🏁 EXPERIMENT COMPLETED: robustness_tests_20251020_012419
2025-10-20 01:32:32,643 - experiments.framework - INFO - 🏁 EXPERIMENT COMPLETED: robustness_tests_20251020_012419
2025-10-20 01:32:32,644 - experiments.framework - INFO - ⏱️  TOTAL RUNTIME: 8.2 minutes (493s)
2025-10-20 01:32:32,644 - experiments.framework - INFO - ⏱️  TOTAL RUNTIME: 8.2 minutes (493s)
2025-10-20 01:32:32,644 - experiments.framework - INFO - 🕐 Started: 2025-10-20 01:24:19
2025-10-20 01:32:32,644 - experiments.framework - INFO - 🕐 Started: 2025-10-20 01:24:19
2025-10-20 01:32:32,644 - experiments.framework - INFO - 🕑 Finished: 2025-10-20 01:32:32
2025-10-20 01:32:32,644 - experiments.framework - INFO - 🕑 Finished: 2025-10-20 01:32:32
2025-10-20 01:32:32,644 - experiments.framework - INFO - Experiment completed successfully: robustness_tests_20251020_012419
2025-10-20 01:32:32,644 - experiments.framework - INFO - Experiment completed successfully: robustness_tests_20251020_012419
2025-10-20 01:32:32,644 - experiments.framework - INFO - 🧹 Performing comprehensive memory cleanup...
2025-10-20 01:32:32,644 - experiments.framework - INFO - 🧹 Performing comprehensive memory cleanup...
2025-10-20 01:32:32,722 - experiments.framework - INFO - Garbage collection freed 3 objects
2025-10-20 01:32:32,722 - experiments.framework - INFO - Garbage collection freed 3 objects
2025-10-20 01:32:33,001 - experiments.framework - INFO - GPU memory cleanup attempted
2025-10-20 01:32:33,001 - experiments.framework - INFO - GPU memory cleanup attempted
2025-10-20 01:32:34,003 - experiments.framework - INFO - ✅ Comprehensive memory cleanup completed
2025-10-20 01:32:34,003 - experiments.framework - INFO - ✅ Comprehensive memory cleanup completed
2025-10-20 01:32:34,070 - experiments.framework - INFO - Pickle saving disabled to prevent large files - using JSON and CSV instead
2025-10-20 01:32:34,070 - experiments.framework - INFO - Pickle saving disabled to prevent large files - using JSON and CSV instead
2025-10-20 01:32:34,077 - experiments.framework - INFO - Saving 1 plots to /cs/student/msc/aibh/2024/madhavan/sgfa_qmap-pd/results/all_rois-sn_conf-age+sex+tiv_K50_percW33_MAD3.0_run_20251020_012402/robustness_tests_fixed_K50_percW33_slab4_2_MAD3.0_tree10_20251020_012419/plots
2025-10-20 01:32:34,077 - experiments.framework - INFO - Saving 1 plots to /cs/student/msc/aibh/2024/madhavan/sgfa_qmap-pd/results/all_rois-sn_conf-age+sex+tiv_K50_percW33_MAD3.0_run_20251020_012402/robustness_tests_fixed_K50_percW33_slab4_2_MAD3.0_tree10_20251020_012419/plots
2025-10-20 01:32:35,051 - experiments.framework - INFO -   ✅ Saved plot: robustness_summary
2025-10-20 01:32:35,051 - experiments.framework - INFO -   ✅ Saved plot: robustness_summary
2025-10-20 01:32:35,051 - experiments.framework - INFO - All plots saved to: /cs/student/msc/aibh/2024/madhavan/sgfa_qmap-pd/results/all_rois-sn_conf-age+sex+tiv_K50_percW33_MAD3.0_run_20251020_012402/robustness_tests_fixed_K50_percW33_slab4_2_MAD3.0_tree10_20251020_012419/plots
2025-10-20 01:32:35,051 - experiments.framework - INFO - All plots saved to: /cs/student/msc/aibh/2024/madhavan/sgfa_qmap-pd/results/all_rois-sn_conf-age+sex+tiv_K50_percW33_MAD3.0_run_20251020_012402/robustness_tests_fixed_K50_percW33_slab4_2_MAD3.0_tree10_20251020_012419/plots
