2025-10-18 14:31:37,643 - experiments.framework - INFO - ExperimentFramework initialized with output dir: /cs/student/msc/aibh/2024/madhavan/sgfa_qmap-pd/results/all_rois-sn_conf-age+sex+tiv_K50_percW10_MAD3.0_run_20251018_143137
2025-10-18 14:31:37,652 - experiments.framework - INFO - Starting experiment: data_validation_20251018_143137
2025-10-18 14:31:42,431 - experiments.framework - INFO - 🏁 EXPERIMENT COMPLETED: data_validation_20251018_143137
2025-10-18 14:31:42,432 - experiments.framework - INFO - ⏱️  TOTAL RUNTIME: 4.8 seconds
2025-10-18 14:31:42,432 - experiments.framework - INFO - 🕐 Started: 2025-10-18 14:31:37
2025-10-18 14:31:42,432 - experiments.framework - INFO - 🕑 Finished: 2025-10-18 14:31:42
2025-10-18 14:31:42,432 - experiments.framework - INFO - Experiment completed successfully: data_validation_20251018_143137
2025-10-18 14:31:42,432 - experiments.framework - INFO - 🧹 Performing comprehensive memory cleanup...
2025-10-18 14:31:42,466 - experiments.framework - INFO - Garbage collection freed 18248 objects
2025-10-18 14:31:42,577 - experiments.framework - INFO - GPU memory cleanup attempted
2025-10-18 14:31:43,579 - experiments.framework - INFO - ✅ Comprehensive memory cleanup completed
2025-10-18 14:31:43,641 - experiments.framework - INFO - Pickle saving disabled to prevent large files - using JSON and CSV instead
2025-10-18 14:31:43,644 - experiments.framework - INFO - Saving 3 plots to /cs/student/msc/aibh/2024/madhavan/sgfa_qmap-pd/results/all_rois-sn_conf-age+sex+tiv_K50_percW10_MAD3.0_run_20251018_143137/data_validation_tree10_20251018_143137/plots
2025-10-18 14:31:44,607 - experiments.framework - INFO -   ✅ Saved plot: data_distribution_comparison
2025-10-18 14:31:45,566 - experiments.framework - INFO -   ✅ Saved plot: data_validation_feature_reduction
2025-10-18 14:31:45,932 - experiments.framework - INFO -   ✅ Saved plot: data_validation_variance_distribution
2025-10-18 14:31:45,932 - experiments.framework - INFO - All plots saved to: /cs/student/msc/aibh/2024/madhavan/sgfa_qmap-pd/results/all_rois-sn_conf-age+sex+tiv_K50_percW10_MAD3.0_run_20251018_143137/data_validation_tree10_20251018_143137/plots
2025-10-18 14:31:45,971 - experiments.framework - INFO - ExperimentFramework initialized with output dir: /cs/student/msc/aibh/2024/madhavan/sgfa_qmap-pd/results/all_rois-sn_conf-age+sex+tiv_K50_percW10_MAD3.0_run_20251018_143137
2025-10-18 14:31:45,971 - experiments.framework - INFO - ExperimentFramework initialized with output dir: /cs/student/msc/aibh/2024/madhavan/sgfa_qmap-pd/results/all_rois-sn_conf-age+sex+tiv_K50_percW10_MAD3.0_run_20251018_143137
2025-10-18 14:31:45,977 - experiments.framework - INFO - Starting experiment: robustness_tests_20251018_143145
2025-10-18 14:31:45,977 - experiments.framework - INFO - Starting experiment: robustness_tests_20251018_143145
2025-10-18 14:41:56,998 - experiments.framework - INFO - 🏁 EXPERIMENT COMPLETED: robustness_tests_20251018_143145
2025-10-18 14:41:56,998 - experiments.framework - INFO - 🏁 EXPERIMENT COMPLETED: robustness_tests_20251018_143145
2025-10-18 14:41:56,999 - experiments.framework - INFO - ⏱️  TOTAL RUNTIME: 10.2 minutes (611s)
2025-10-18 14:41:56,999 - experiments.framework - INFO - ⏱️  TOTAL RUNTIME: 10.2 minutes (611s)
2025-10-18 14:41:56,999 - experiments.framework - INFO - 🕐 Started: 2025-10-18 14:31:45
2025-10-18 14:41:56,999 - experiments.framework - INFO - 🕐 Started: 2025-10-18 14:31:45
2025-10-18 14:41:56,999 - experiments.framework - INFO - 🕑 Finished: 2025-10-18 14:41:56
2025-10-18 14:41:56,999 - experiments.framework - INFO - 🕑 Finished: 2025-10-18 14:41:56
2025-10-18 14:41:56,999 - experiments.framework - INFO - Experiment completed successfully: robustness_tests_20251018_143145
2025-10-18 14:41:56,999 - experiments.framework - INFO - Experiment completed successfully: robustness_tests_20251018_143145
2025-10-18 14:41:56,999 - experiments.framework - INFO - 🧹 Performing comprehensive memory cleanup...
2025-10-18 14:41:56,999 - experiments.framework - INFO - 🧹 Performing comprehensive memory cleanup...
2025-10-18 14:41:57,035 - experiments.framework - INFO - Garbage collection freed 103 objects
2025-10-18 14:41:57,035 - experiments.framework - INFO - Garbage collection freed 103 objects
2025-10-18 14:41:57,161 - experiments.framework - INFO - GPU memory cleanup attempted
2025-10-18 14:41:57,161 - experiments.framework - INFO - GPU memory cleanup attempted
2025-10-18 14:41:58,162 - experiments.framework - INFO - ✅ Comprehensive memory cleanup completed
2025-10-18 14:41:58,162 - experiments.framework - INFO - ✅ Comprehensive memory cleanup completed
2025-10-18 14:41:58,193 - experiments.framework - INFO - Pickle saving disabled to prevent large files - using JSON and CSV instead
2025-10-18 14:41:58,193 - experiments.framework - INFO - Pickle saving disabled to prevent large files - using JSON and CSV instead
2025-10-18 14:41:58,197 - experiments.framework - INFO - Saving 1 plots to /cs/student/msc/aibh/2024/madhavan/sgfa_qmap-pd/results/all_rois-sn_conf-age+sex+tiv_K50_percW10_MAD3.0_run_20251018_143137/robustness_tests_K50_percW10_slab4_2_MAD3.0_tree10_20251018_143145/plots
2025-10-18 14:41:58,197 - experiments.framework - INFO - Saving 1 plots to /cs/student/msc/aibh/2024/madhavan/sgfa_qmap-pd/results/all_rois-sn_conf-age+sex+tiv_K50_percW10_MAD3.0_run_20251018_143137/robustness_tests_K50_percW10_slab4_2_MAD3.0_tree10_20251018_143145/plots
2025-10-18 14:41:58,656 - experiments.framework - INFO -   ✅ Saved plot: robustness_summary
2025-10-18 14:41:58,656 - experiments.framework - INFO -   ✅ Saved plot: robustness_summary
2025-10-18 14:41:58,656 - experiments.framework - INFO - All plots saved to: /cs/student/msc/aibh/2024/madhavan/sgfa_qmap-pd/results/all_rois-sn_conf-age+sex+tiv_K50_percW10_MAD3.0_run_20251018_143137/robustness_tests_K50_percW10_slab4_2_MAD3.0_tree10_20251018_143145/plots
2025-10-18 14:41:58,656 - experiments.framework - INFO - All plots saved to: /cs/student/msc/aibh/2024/madhavan/sgfa_qmap-pd/results/all_rois-sn_conf-age+sex+tiv_K50_percW10_MAD3.0_run_20251018_143137/robustness_tests_K50_percW10_slab4_2_MAD3.0_tree10_20251018_143145/plots
