2025-10-23 18:13:18,386 - experiments.framework - INFO - ExperimentFramework initialized with output dir: /cs/student/msc/aibh/2024/madhavan/sgfa_qmap-pd/results/all_rois-sn_conf-age+sex+tiv_K5_MAD1000.0_run_20251023_181318
2025-10-23 18:13:18,389 - experiments.framework - INFO - Starting experiment: data_validation_20251023_181318
2025-10-23 18:13:18,389 - experiments.data_validation - INFO - Running comprehensive data validation...
2025-10-23 18:13:18,390 - experiments.data_validation - INFO - Auto-configured system: 45.7GB memory limit
2025-10-23 18:13:18,390 - experiments.data_validation - INFO - ExperimentFramework initialized with output dir: results
2025-10-23 18:13:18,390 - experiments.data_validation - INFO - Auto-configured system: 45.7GB memory limit
2025-10-23 18:13:18,390 - experiments.data_validation - INFO - Memory optimizer initialized with 45.7GB limit
2025-10-23 18:13:18,390 - experiments.data_validation - INFO - Data streaming components initialized
2025-10-23 18:13:18,390 - experiments.data_validation - INFO - MCMC memory optimizer initialized
2025-10-23 18:13:18,390 - experiments.data_validation - INFO - Running data quality assessment
2025-10-23 18:13:18,390 - experiments.data_validation - INFO - Loading qMAP-PD data for quality assessment...
2025-10-23 18:13:18,391 - experiments.data_validation - INFO -    ROI selection: ['volume_sn_voxels.tsv']
2025-10-23 18:13:18,391 - experiments.data_validation - INFO -    Confound regression: ['age', 'sex', 'tiv']
2025-10-23 18:13:18,391 - experiments.data_validation - INFO -    Feature selection: none
2025-10-23 18:13:18,441 - root - INFO - Loading selected ROIs: ['volume_sn_voxels.tsv']
2025-10-23 18:13:18,554 - root - INFO - Preprocessing module imported successfully
2025-10-23 18:13:18,555 - root - INFO - Regressing out confounds: ['age', 'sex', 'tiv']
2025-10-23 18:13:18,656 - root - INFO -   Regressed confounds from volume_sn_voxels: ['age', 'sex', 'tiv']
2025-10-23 18:13:18,656 - root - INFO -   Dropped 3 confound features from clinical: ['age', 'sex', 'tiv']
2025-10-23 18:13:18,656 - root - INFO -   Remaining clinical features: 14
2025-10-23 18:13:18,656 - experiments.data_validation - INFO -    PCA enabled in preprocessing_config: False
2025-10-23 18:13:18,660 - root - INFO - Loading selected ROIs: ['volume_sn_voxels.tsv']
2025-10-23 18:13:18,776 - root - INFO - Starting neuroimaging-aware preprocessing pipeline
2025-10-23 18:13:18,776 - root - INFO - MAD filtering disabled for volume_sn_voxels (threshold=1000.0)
2025-10-23 18:13:18,787 - root - INFO - Applying none feature selection to volume_sn_voxels
2025-10-23 18:13:18,787 - root - INFO - Applying robust scaling to volume_sn_voxels
2025-10-23 18:13:18,834 - root - INFO - Filtered position lookup for volume_sn_voxels: 1794 → 1794 positions (100.0% retained)
2025-10-23 18:13:18,843 - root - INFO - Saved filtered position lookup to /cs/student/msc/aibh/2024/madhavan/sgfa_qmap-pd/results/all_rois-sn_conf-age+sex+tiv_K5_MAD1000.0_run_20251023_181318/data_validation_20251023_181318/position_lookup_filtered/position_sn_voxels_filtered.tsv
2025-10-23 18:13:18,844 - root - INFO - Applying none feature selection to clinical
2025-10-23 18:13:18,844 - root - INFO - Applying robust scaling to clinical
2025-10-23 18:13:18,845 - root - INFO - Regressing out confounds: ['age', 'sex', 'tiv']
2025-10-23 18:13:18,870 - root - INFO -   Regressed confounds from volume_sn_voxels: ['age', 'sex', 'tiv']
2025-10-23 18:13:18,870 - root - INFO -   Dropped 3 confound features from clinical: ['age', 'sex', 'tiv']
2025-10-23 18:13:18,870 - root - INFO -   Remaining clinical features: 14
2025-10-23 18:13:18,870 - experiments.data_validation - INFO -    ✅ Filtered position lookups saved to: /cs/student/msc/aibh/2024/madhavan/sgfa_qmap-pd/results/all_rois-sn_conf-age+sex+tiv_K5_MAD1000.0_run_20251023_181318/data_validation_20251023_181318/position_lookup_filtered
2025-10-23 18:13:18,870 - experiments.data_validation - INFO -    Creating filtered position lookups with output_dir: /cs/student/msc/aibh/2024/madhavan/sgfa_qmap-pd/results/all_rois-sn_conf-age+sex+tiv_K5_MAD1000.0_run_20251023_181318/data_validation_20251023_181318
2025-10-23 18:13:18,870 - experiments.data_validation - INFO -   _create_filtered_position_lookups called:
2025-10-23 18:13:18,870 - experiments.data_validation - INFO -     view_names: ['volume_sn_voxels', 'clinical']
2025-10-23 18:13:18,870 - experiments.data_validation - INFO -     n_views raw: 2, preprocessed: 2
2025-10-23 18:13:18,870 - experiments.data_validation - INFO -   Creating filtered position lookup for volume_sn_voxels...
2025-10-23 18:13:18,871 - experiments.data_validation - INFO -   Original positions: 1794 rows
2025-10-23 18:13:18,871 - experiments.data_validation - INFO -   Raw data: 1794 voxels
2025-10-23 18:13:18,871 - experiments.data_validation - INFO -   Preprocessed data: 1794 voxels
2025-10-23 18:13:18,871 - experiments.data_validation - INFO -   No voxels dropped, position lookup unchanged
2025-10-23 18:13:18,876 - experiments.data_validation - INFO -   ✅ Saved filtered position lookup: /cs/student/msc/aibh/2024/madhavan/sgfa_qmap-pd/results/all_rois-sn_conf-age+sex+tiv_K5_MAD1000.0_run_20251023_181318/data_validation_20251023_181318/filtered_position_lookups/sn_filtered_position_lookup.csv
2025-10-23 18:13:18,876 - experiments.data_validation - INFO -      1794 → 1794 rows
2025-10-23 18:13:18,876 - experiments.data_validation - INFO -   Skipping clinical view
2025-10-23 18:13:18,876 - experiments.data_validation - INFO -    ✅ Filtered position lookups saved to: /cs/student/msc/aibh/2024/madhavan/sgfa_qmap-pd/results/all_rois-sn_conf-age+sex+tiv_K5_MAD1000.0_run_20251023_181318/data_validation_20251023_181318/filtered_position_lookups
2025-10-23 18:13:18,876 - experiments.data_validation - INFO -    Files created: ['/cs/student/msc/aibh/2024/madhavan/sgfa_qmap-pd/results/all_rois-sn_conf-age+sex+tiv_K5_MAD1000.0_run_20251023_181318/data_validation_20251023_181318/filtered_position_lookups/sn_filtered_position_lookup.csv']
2025-10-23 18:13:18,876 - experiments.data_validation - INFO - Data structure analysis completed. Raw: 1808 features, Processed: 1808 features
2025-10-23 18:13:18,876 - experiments.data_validation - INFO - 🔍 Assessing data quality metrics...
2025-10-23 18:13:18,876 - experiments.data_validation - INFO -    Analyzing quality metrics for volume_sn_voxels (86×1794)...
2025-10-23 18:13:18,878 - experiments.data_validation - INFO -    Analyzing quality metrics for clinical (86×14)...
2025-10-23 18:13:18,878 - experiments.data_validation - INFO -       Computing correlation matrix for clinical...
2025-10-23 18:13:18,943 - experiments.data_validation - INFO -    Analyzing quality metrics for volume_sn_voxels (86×1794)...
2025-10-23 18:13:18,944 - experiments.data_validation - INFO -    Analyzing quality metrics for clinical (86×14)...
2025-10-23 18:13:18,944 - experiments.data_validation - INFO -       Computing correlation matrix for clinical...
2025-10-23 18:13:18,947 - experiments.data_validation - INFO - ================================================================================
2025-10-23 18:13:18,947 - experiments.data_validation - INFO - 🔍 MAD THRESHOLD EXPLORATORY DATA ANALYSIS
2025-10-23 18:13:18,947 - experiments.data_validation - INFO - ================================================================================
2025-10-23 18:13:18,947 - experiments.data_validation - INFO - Analyzing optimal MAD threshold values for outlier detection...
2025-10-23 18:13:18,947 - experiments.data_validation - INFO - Analyzing 1 imaging views: ['volume_sn_voxels']
2025-10-23 18:13:18,947 - experiments.data_validation - INFO - 📊 Analyzing MAD distributions...
2025-10-23 18:13:18,947 - experiments.data_validation - INFO -    Processing volume_sn_voxels: (86, 1794)
2025-10-23 18:13:19,394 - experiments.data_validation - INFO -       Saved MAD distribution plot: mad_distribution_sn.png
2025-10-23 18:13:19,395 - experiments.data_validation - INFO -    ✅ MAD distributions analyzed for 1 views
2025-10-23 18:13:19,395 - experiments.data_validation - INFO - 📈 Performing elbow analysis...
2025-10-23 18:13:19,400 - experiments.data_validation - INFO -    volume_sn_voxels: Elbow at 2.26 (7.1% retention)
2025-10-23 18:13:19,572 - experiments.data_validation - INFO -    ✅ Elbow analysis completed, saved to elbow_analysis_all_views.png
2025-10-23 18:13:19,572 - experiments.data_validation - INFO - 🗺️  Analyzing spatial distribution of removed voxels...
2025-10-23 18:13:19,573 - experiments.data_validation - INFO -    Loaded position lookup for volume_sn_voxels: 1793 voxels
2025-10-23 18:13:19,573 - experiments.data_validation - WARNING -    Dimension mismatch for volume_sn_voxels: 1794 MAD values vs 1793 positions. Skipping spatial analysis.
2025-10-23 18:13:19,573 - experiments.data_validation - INFO -    ✅ Spatial analysis completed for 1 views
2025-10-23 18:13:19,573 - experiments.data_validation - INFO - 📊 Analyzing information preservation...
2025-10-23 18:13:19,573 - experiments.data_validation - INFO -    Processing volume_sn_voxels...
2025-10-23 18:13:19,828 - experiments.data_validation - INFO -       Saved information preservation plot: information_preservation_all_views.png
2025-10-23 18:13:19,828 - experiments.data_validation - INFO -    ✅ Information preservation analyzed for 1 views
2025-10-23 18:13:19,828 - experiments.data_validation - INFO - 👤 Analyzing subject-level data quality...
2025-10-23 18:13:19,828 - experiments.data_validation - INFO -    Processing volume_sn_voxels: (86, 1794)
2025-10-23 18:13:19,964 - experiments.data_validation - INFO -       Mean outlier %: 1.1%
2025-10-23 18:13:19,964 - experiments.data_validation - INFO -       Max outlier %: 17.5%
2025-10-23 18:13:20,156 - experiments.data_validation - INFO -       Saved subject outlier distribution plot: subject_outlier_distributions.png
2025-10-23 18:13:20,158 - experiments.data_validation - INFO -       Saved flagged subjects table: flagged_subjects.csv (2 subjects)
2025-10-23 18:13:20,159 - experiments.data_validation - INFO -       Saved flagged subjects report: flagged_subjects_report.txt
2025-10-23 18:13:20,289 - experiments.data_validation - INFO -       Saved subject outlier comparison plot: subject_outlier_comparison.png
2025-10-23 18:13:20,511 - experiments.data_validation - INFO -       Saved subject outlier scatter plot: subject_outlier_scatter.png
2025-10-23 18:13:20,854 - experiments.data_validation - INFO -       Saved top subjects bar chart: subject_outlier_top20.png
2025-10-23 18:13:20,854 - experiments.data_validation - INFO -    ✅ Subject-level analysis completed: 2 subjects flagged
2025-10-23 18:13:20,854 - experiments.data_validation - INFO - 📋 Generating threshold comparison summary...
2025-10-23 18:13:20,856 - experiments.data_validation - INFO -    Saved summary table: mad_threshold_summary_table.csv
2025-10-23 18:13:20,858 - experiments.data_validation - INFO -    📝 Saved recommendations: mad_threshold_recommendations.txt
2025-10-23 18:13:20,858 - experiments.data_validation - INFO - ================================================================================
2025-10-23 18:13:20,858 - experiments.data_validation - INFO - ✅ MAD threshold EDA completed successfully
2025-10-23 18:13:20,858 - experiments.data_validation - INFO - ================================================================================
2025-10-23 18:13:20,858 - experiments.data_validation - INFO - 📊 Generating data validation plots...
2025-10-23 18:13:20,858 - experiments.data_validation - INFO -    Creating distribution histograms for 1 clinical view(s), skipping 1 imaging views
2025-10-23 18:13:20,909 - experiments.data_validation - INFO -    ✅ Distribution histograms created (stored as data_distribution_comparison)
2025-10-23 18:13:20,912 - experiments.data_validation - INFO - 📊 Basic data validation plots completed: 1 plots generated
2025-10-23 18:13:20,912 - experiments.data_validation - INFO - 🎨 Creating comprehensive data validation visualizations for data_quality_assessment
2025-10-23 18:13:20,915 - visualization.preprocessing_plots - INFO - Creating preprocessing plots
2025-10-23 18:13:21,117 - visualization.preprocessing_plots - INFO - Saved: results/plots/preprocessing/feature_reduction.png
2025-10-23 18:13:21,356 - visualization.preprocessing_plots - INFO - Saved: results/plots/preprocessing/variance_distribution.png
2025-10-23 18:13:21,358 - visualization.covariance_plots - INFO - ================================================================================
2025-10-23 18:13:21,358 - visualization.covariance_plots - INFO - COVARIANCE STRUCTURE ANALYSIS
2025-10-23 18:13:21,358 - visualization.covariance_plots - INFO - ================================================================================
2025-10-23 18:13:21,398 - visualization.covariance_plots - INFO - Intra-modality covariance for volume_sn_voxels: 1794x1794
2025-10-23 18:13:21,398 - visualization.covariance_plots - INFO - Intra-modality covariance for clinical: 14x14
2025-10-23 18:13:21,416 - visualization.covariance_plots - INFO - Inter-modality covariance for volume_sn_voxels_vs_clinical: 1794x14
2025-10-23 18:13:21,472 - visualization.covariance_plots - INFO - 
Data structure:
2025-10-23 18:13:21,472 - visualization.covariance_plots - INFO -   Number of views: 2
2025-10-23 18:13:21,472 - visualization.covariance_plots - INFO -   Number of samples: 86
2025-10-23 18:13:21,472 - visualization.covariance_plots - INFO -   volume_sn_voxels: 1794 features
2025-10-23 18:13:21,472 - visualization.covariance_plots - INFO -   clinical: 14 features
2025-10-23 18:13:21,472 - visualization.covariance_plots - INFO - 
Intra-modality correlation statistics:
2025-10-23 18:13:21,472 - visualization.covariance_plots - INFO -   volume_sn_voxels:
2025-10-23 18:13:21,472 - visualization.covariance_plots - INFO -     Mean correlation: 0.388
2025-10-23 18:13:21,473 - visualization.covariance_plots - INFO -     Std correlation: 0.219
2025-10-23 18:13:21,473 - visualization.covariance_plots - INFO -     Max |correlation|: 0.994
2025-10-23 18:13:21,473 - visualization.covariance_plots - INFO -   clinical:
2025-10-23 18:13:21,473 - visualization.covariance_plots - INFO -     Mean correlation: 0.073
2025-10-23 18:13:21,473 - visualization.covariance_plots - INFO -     Std correlation: 0.350
2025-10-23 18:13:21,473 - visualization.covariance_plots - INFO -     Max |correlation|: 0.911
2025-10-23 18:13:21,473 - visualization.covariance_plots - INFO - 
Inter-modality correlation statistics:
2025-10-23 18:13:21,473 - visualization.covariance_plots - INFO -   volume_sn_voxels_vs_clinical:
2025-10-23 18:13:21,473 - visualization.covariance_plots - INFO -     Mean correlation: 0.031
2025-10-23 18:13:21,473 - visualization.covariance_plots - INFO -     Std correlation: 0.121
2025-10-23 18:13:21,473 - visualization.covariance_plots - INFO -     Max |correlation|: 0.371
2025-10-23 18:13:21,473 - visualization.covariance_plots - INFO - 
Generating covariance plots...
2025-10-23 18:13:21,473 - visualization.covariance_plots - INFO - Subsampling covariance matrix from 1808 to 500 features
2025-10-23 18:13:22,069 - visualization.covariance_plots - INFO - Saved block covariance matrix plot to results/plots/block_covariance_matrix.png
2025-10-23 18:13:24,789 - visualization.covariance_plots - INFO - Saved inter/intra comparison plot to results/plots/inter_vs_intra_correlation.png
2025-10-23 18:13:24,790 - visualization.covariance_plots - INFO - Plots saved to results/plots
2025-10-23 18:13:24,790 - visualization.covariance_plots - INFO - ================================================================================
2025-10-23 18:13:24,793 - experiments.data_validation - INFO -    Found 4 plot files to convert
2025-10-23 18:13:25,198 - experiments.data_validation - INFO -    ✅ Created 4 comprehensive data validation visualizations
2025-10-23 18:13:25,198 - experiments.data_validation - INFO - 🎨 Comprehensive data validation plots completed: 4 advanced plots generated
2025-10-23 18:13:25,198 - experiments.data_validation - INFO - 📊 Total plots ready for saving: 5
2025-10-23 18:13:25,198 - experiments.data_validation - INFO - 📁 Using experiment output dir: /cs/student/msc/aibh/2024/madhavan/sgfa_qmap-pd/results/all_rois-sn_conf-age+sex+tiv_K5_MAD1000.0_run_20251023_181318/data_validation_20251023_181318
2025-10-23 18:13:29,312 - core.io_utils - INFO - Saved 5 plots individually to /cs/student/msc/aibh/2024/madhavan/sgfa_qmap-pd/results/all_rois-sn_conf-age+sex+tiv_K5_MAD1000.0_run_20251023_181318/data_validation_20251023_181318/individual_plots (0 skipped)
2025-10-23 18:13:29,312 - core.io_utils - INFO -   Formats: png, pdf
2025-10-23 18:13:29,312 - experiments.data_validation - INFO - ✅ Saved 5 individual plots to /cs/student/msc/aibh/2024/madhavan/sgfa_qmap-pd/results/all_rois-sn_conf-age+sex+tiv_K5_MAD1000.0_run_20251023_181318/data_validation_20251023_181318/individual_plots
2025-10-23 18:13:29,312 - experiments.data_validation - INFO - ✅ Data validation with EDA completed!
2025-10-23 18:13:29,312 - experiments.data_validation - INFO -    Plots generated: 5
2025-10-23 18:13:29,312 - experiments.framework - INFO - 🏁 EXPERIMENT COMPLETED: data_validation_20251023_181318
2025-10-23 18:13:29,312 - experiments.framework - INFO - ⏱️  TOTAL RUNTIME: 10.9 seconds
2025-10-23 18:13:29,312 - experiments.framework - INFO - 🕐 Started: 2025-10-23 18:13:18
2025-10-23 18:13:29,312 - experiments.framework - INFO - 🕑 Finished: 2025-10-23 18:13:29
2025-10-23 18:13:29,312 - experiments.framework - INFO - Experiment completed successfully: data_validation_20251023_181318
2025-10-23 18:13:29,312 - experiments.framework - INFO - 🧹 Performing comprehensive memory cleanup...
2025-10-23 18:13:29,382 - experiments.framework - INFO - Garbage collection freed 10 objects
2025-10-23 18:13:29,587 - experiments.framework - INFO - GPU memory cleanup attempted
2025-10-23 18:13:30,588 - experiments.framework - INFO - ✅ Comprehensive memory cleanup completed
