2025-10-06 23:57:02,419 - experiments.framework - INFO - ExperimentFramework initialized with output dir: /cs/student/msc/aibh/2024/madhavan/sgfa_qmap-pd/results/all_rois-sn_conf-age+sex+tiv_run_20251006_235702
2025-10-06 23:57:02,423 - experiments.framework - INFO - Starting experiment: data_validation_20251006_235702
2025-10-06 23:57:07,337 - experiments.framework - INFO - 🏁 EXPERIMENT COMPLETED: data_validation_20251006_235702
2025-10-06 23:57:07,338 - experiments.framework - INFO - ⏱️  TOTAL RUNTIME: 4.9 seconds
2025-10-06 23:57:07,338 - experiments.framework - INFO - 🕐 Started: 2025-10-06 23:57:02
2025-10-06 23:57:07,338 - experiments.framework - INFO - 🕑 Finished: 2025-10-06 23:57:07
2025-10-06 23:57:07,338 - experiments.framework - INFO - Experiment completed successfully: data_validation_20251006_235702
2025-10-06 23:57:07,338 - experiments.framework - INFO - 🧹 Performing comprehensive memory cleanup...
2025-10-06 23:57:07,404 - experiments.framework - INFO - Garbage collection freed 31951 objects
2025-10-06 23:57:07,556 - experiments.framework - INFO - GPU memory cleanup attempted
2025-10-06 23:57:08,557 - experiments.framework - INFO - ✅ Comprehensive memory cleanup completed
2025-10-06 23:57:08,617 - experiments.framework - INFO - Pickle saving disabled to prevent large files - using JSON and CSV instead
2025-10-06 23:57:08,621 - experiments.framework - INFO - Saving 3 plots to /cs/student/msc/aibh/2024/madhavan/sgfa_qmap-pd/results/all_rois-sn_conf-age+sex+tiv_run_20251006_235702/data_validation_20251006_235702/plots
2025-10-06 23:57:09,738 - experiments.framework - INFO -   ✅ Saved plot: data_distribution_comparison
2025-10-06 23:57:10,522 - experiments.framework - INFO -   ✅ Saved plot: data_validation_feature_reduction
2025-10-06 23:57:10,799 - experiments.framework - INFO -   ✅ Saved plot: data_validation_variance_distribution
2025-10-06 23:57:10,799 - experiments.framework - INFO - All plots saved to: /cs/student/msc/aibh/2024/madhavan/sgfa_qmap-pd/results/all_rois-sn_conf-age+sex+tiv_run_20251006_235702/data_validation_20251006_235702/plots
2025-10-06 23:57:10,868 - experiments.framework - INFO - ExperimentFramework initialized with output dir: /cs/student/msc/aibh/2024/madhavan/sgfa_qmap-pd/results/all_rois-sn_conf-age+sex+tiv_run_20251006_235702
2025-10-06 23:57:10,868 - experiments.framework - INFO - ExperimentFramework initialized with output dir: /cs/student/msc/aibh/2024/madhavan/sgfa_qmap-pd/results/all_rois-sn_conf-age+sex+tiv_run_20251006_235702
2025-10-06 23:57:13,258 - experiments.framework - INFO - Starting experiment: sgfa_hyperparameter_tuning_20251006_235713
2025-10-06 23:57:13,258 - experiments.framework - INFO - Starting experiment: sgfa_hyperparameter_tuning_20251006_235713
2025-10-07 01:11:18,008 - experiments.framework - INFO - 🏁 EXPERIMENT COMPLETED: sgfa_hyperparameter_tuning_20251006_235713
2025-10-07 01:11:18,008 - experiments.framework - INFO - 🏁 EXPERIMENT COMPLETED: sgfa_hyperparameter_tuning_20251006_235713
2025-10-07 01:11:18,008 - experiments.framework - INFO - ⏱️  TOTAL RUNTIME: 1.2 hours (14m 5s)
2025-10-07 01:11:18,008 - experiments.framework - INFO - ⏱️  TOTAL RUNTIME: 1.2 hours (14m 5s)
2025-10-07 01:11:18,009 - experiments.framework - INFO - 🕐 Started: 2025-10-06 23:57:13
2025-10-07 01:11:18,009 - experiments.framework - INFO - 🕐 Started: 2025-10-06 23:57:13
2025-10-07 01:11:18,009 - experiments.framework - INFO - 🕑 Finished: 2025-10-07 01:11:18
2025-10-07 01:11:18,009 - experiments.framework - INFO - 🕑 Finished: 2025-10-07 01:11:18
2025-10-07 01:11:18,009 - experiments.framework - INFO - Experiment completed successfully: sgfa_hyperparameter_tuning_20251006_235713
2025-10-07 01:11:18,009 - experiments.framework - INFO - Experiment completed successfully: sgfa_hyperparameter_tuning_20251006_235713
2025-10-07 01:11:18,009 - experiments.framework - INFO - 🧹 Performing comprehensive memory cleanup...
2025-10-07 01:11:18,009 - experiments.framework - INFO - 🧹 Performing comprehensive memory cleanup...
2025-10-07 01:11:18,081 - experiments.framework - INFO - Garbage collection freed 0 objects
2025-10-07 01:11:18,081 - experiments.framework - INFO - Garbage collection freed 0 objects
2025-10-07 01:11:18,371 - experiments.framework - INFO - GPU memory cleanup attempted
2025-10-07 01:11:18,371 - experiments.framework - INFO - GPU memory cleanup attempted
2025-10-07 01:11:19,372 - experiments.framework - INFO - ✅ Comprehensive memory cleanup completed
2025-10-07 01:11:19,372 - experiments.framework - INFO - ✅ Comprehensive memory cleanup completed
2025-10-07 01:11:19,770 - experiments.framework - INFO - Pickle saving disabled to prevent large files - using JSON and CSV instead
2025-10-07 01:11:19,770 - experiments.framework - INFO - Pickle saving disabled to prevent large files - using JSON and CSV instead
2025-10-07 01:11:19,812 - experiments.framework - INFO - Saving sgfa_K2_percW10_grp0.0 factor scores Z shape: (86, 2)
2025-10-07 01:11:19,812 - experiments.framework - INFO - Saving sgfa_K2_percW10_grp0.0 factor scores Z shape: (86, 2)
2025-10-07 01:11:19,849 - experiments.framework - INFO - Saving sgfa_K2_percW10_grp0.05 factor scores Z shape: (86, 2)
2025-10-07 01:11:19,849 - experiments.framework - INFO - Saving sgfa_K2_percW10_grp0.05 factor scores Z shape: (86, 2)
2025-10-07 01:11:19,886 - experiments.framework - INFO - Saving sgfa_K2_percW10_grp0.1 factor scores Z shape: (86, 2)
2025-10-07 01:11:19,886 - experiments.framework - INFO - Saving sgfa_K2_percW10_grp0.1 factor scores Z shape: (86, 2)
2025-10-07 01:11:19,923 - experiments.framework - INFO - Saving sgfa_K2_percW10_grp0.2 factor scores Z shape: (86, 2)
2025-10-07 01:11:19,923 - experiments.framework - INFO - Saving sgfa_K2_percW10_grp0.2 factor scores Z shape: (86, 2)
2025-10-07 01:11:19,961 - experiments.framework - INFO - Saving sgfa_K2_percW25_grp0.0 factor scores Z shape: (86, 2)
2025-10-07 01:11:19,961 - experiments.framework - INFO - Saving sgfa_K2_percW25_grp0.0 factor scores Z shape: (86, 2)
2025-10-07 01:11:19,996 - experiments.framework - INFO - Saving sgfa_K2_percW25_grp0.05 factor scores Z shape: (86, 2)
2025-10-07 01:11:19,996 - experiments.framework - INFO - Saving sgfa_K2_percW25_grp0.05 factor scores Z shape: (86, 2)
2025-10-07 01:11:20,031 - experiments.framework - INFO - Saving sgfa_K2_percW25_grp0.1 factor scores Z shape: (86, 2)
2025-10-07 01:11:20,031 - experiments.framework - INFO - Saving sgfa_K2_percW25_grp0.1 factor scores Z shape: (86, 2)
2025-10-07 01:11:20,068 - experiments.framework - INFO - Saving sgfa_K2_percW25_grp0.2 factor scores Z shape: (86, 2)
2025-10-07 01:11:20,068 - experiments.framework - INFO - Saving sgfa_K2_percW25_grp0.2 factor scores Z shape: (86, 2)
2025-10-07 01:11:20,103 - experiments.framework - INFO - Saving sgfa_K2_percW33_grp0.0 factor scores Z shape: (86, 2)
2025-10-07 01:11:20,103 - experiments.framework - INFO - Saving sgfa_K2_percW33_grp0.0 factor scores Z shape: (86, 2)
2025-10-07 01:11:20,138 - experiments.framework - INFO - Saving sgfa_K2_percW33_grp0.05 factor scores Z shape: (86, 2)
2025-10-07 01:11:20,138 - experiments.framework - INFO - Saving sgfa_K2_percW33_grp0.05 factor scores Z shape: (86, 2)
2025-10-07 01:11:20,172 - experiments.framework - INFO - Saving sgfa_K2_percW33_grp0.1 factor scores Z shape: (86, 2)
2025-10-07 01:11:20,172 - experiments.framework - INFO - Saving sgfa_K2_percW33_grp0.1 factor scores Z shape: (86, 2)
2025-10-07 01:11:20,208 - experiments.framework - INFO - Saving sgfa_K2_percW33_grp0.2 factor scores Z shape: (86, 2)
2025-10-07 01:11:20,208 - experiments.framework - INFO - Saving sgfa_K2_percW33_grp0.2 factor scores Z shape: (86, 2)
2025-10-07 01:11:20,255 - experiments.framework - INFO - Saving sgfa_K3_percW10_grp0.0 factor scores Z shape: (86, 3)
2025-10-07 01:11:20,255 - experiments.framework - INFO - Saving sgfa_K3_percW10_grp0.0 factor scores Z shape: (86, 3)
2025-10-07 01:11:20,303 - experiments.framework - INFO - Saving sgfa_K3_percW10_grp0.05 factor scores Z shape: (86, 3)
2025-10-07 01:11:20,303 - experiments.framework - INFO - Saving sgfa_K3_percW10_grp0.05 factor scores Z shape: (86, 3)
2025-10-07 01:11:20,358 - experiments.framework - INFO - Saving sgfa_K3_percW10_grp0.1 factor scores Z shape: (86, 3)
2025-10-07 01:11:20,358 - experiments.framework - INFO - Saving sgfa_K3_percW10_grp0.1 factor scores Z shape: (86, 3)
2025-10-07 01:11:20,406 - experiments.framework - INFO - Saving sgfa_K3_percW10_grp0.2 factor scores Z shape: (86, 3)
2025-10-07 01:11:20,406 - experiments.framework - INFO - Saving sgfa_K3_percW10_grp0.2 factor scores Z shape: (86, 3)
2025-10-07 01:11:20,453 - experiments.framework - INFO - Saving sgfa_K3_percW25_grp0.0 factor scores Z shape: (86, 3)
2025-10-07 01:11:20,453 - experiments.framework - INFO - Saving sgfa_K3_percW25_grp0.0 factor scores Z shape: (86, 3)
2025-10-07 01:11:20,502 - experiments.framework - INFO - Saving sgfa_K3_percW25_grp0.05 factor scores Z shape: (86, 3)
2025-10-07 01:11:20,502 - experiments.framework - INFO - Saving sgfa_K3_percW25_grp0.05 factor scores Z shape: (86, 3)
2025-10-07 01:11:20,548 - experiments.framework - INFO - Saving sgfa_K3_percW25_grp0.1 factor scores Z shape: (86, 3)
2025-10-07 01:11:20,548 - experiments.framework - INFO - Saving sgfa_K3_percW25_grp0.1 factor scores Z shape: (86, 3)
2025-10-07 01:11:20,599 - experiments.framework - INFO - Saving sgfa_K3_percW25_grp0.2 factor scores Z shape: (86, 3)
2025-10-07 01:11:20,599 - experiments.framework - INFO - Saving sgfa_K3_percW25_grp0.2 factor scores Z shape: (86, 3)
2025-10-07 01:11:20,644 - experiments.framework - INFO - Saving sgfa_K3_percW33_grp0.0 factor scores Z shape: (86, 3)
2025-10-07 01:11:20,644 - experiments.framework - INFO - Saving sgfa_K3_percW33_grp0.0 factor scores Z shape: (86, 3)
2025-10-07 01:11:20,695 - experiments.framework - INFO - Saving sgfa_K3_percW33_grp0.05 factor scores Z shape: (86, 3)
2025-10-07 01:11:20,695 - experiments.framework - INFO - Saving sgfa_K3_percW33_grp0.05 factor scores Z shape: (86, 3)
2025-10-07 01:11:20,742 - experiments.framework - INFO - Saving sgfa_K3_percW33_grp0.1 factor scores Z shape: (86, 3)
2025-10-07 01:11:20,742 - experiments.framework - INFO - Saving sgfa_K3_percW33_grp0.1 factor scores Z shape: (86, 3)
2025-10-07 01:11:20,791 - experiments.framework - INFO - Saving sgfa_K3_percW33_grp0.2 factor scores Z shape: (86, 3)
2025-10-07 01:11:20,791 - experiments.framework - INFO - Saving sgfa_K3_percW33_grp0.2 factor scores Z shape: (86, 3)
2025-10-07 01:11:20,850 - experiments.framework - INFO - Saving sgfa_K4_percW10_grp0.0 factor scores Z shape: (86, 4)
2025-10-07 01:11:20,850 - experiments.framework - INFO - Saving sgfa_K4_percW10_grp0.0 factor scores Z shape: (86, 4)
2025-10-07 01:11:20,909 - experiments.framework - INFO - Saving sgfa_K4_percW10_grp0.05 factor scores Z shape: (86, 4)
2025-10-07 01:11:20,909 - experiments.framework - INFO - Saving sgfa_K4_percW10_grp0.05 factor scores Z shape: (86, 4)
2025-10-07 01:11:20,967 - experiments.framework - INFO - Saving sgfa_K4_percW10_grp0.1 factor scores Z shape: (86, 4)
2025-10-07 01:11:20,967 - experiments.framework - INFO - Saving sgfa_K4_percW10_grp0.1 factor scores Z shape: (86, 4)
2025-10-07 01:11:21,023 - experiments.framework - INFO - Saving sgfa_K4_percW10_grp0.2 factor scores Z shape: (86, 4)
2025-10-07 01:11:21,023 - experiments.framework - INFO - Saving sgfa_K4_percW10_grp0.2 factor scores Z shape: (86, 4)
2025-10-07 01:11:21,079 - experiments.framework - INFO - Saving sgfa_K4_percW25_grp0.0 factor scores Z shape: (86, 4)
2025-10-07 01:11:21,079 - experiments.framework - INFO - Saving sgfa_K4_percW25_grp0.0 factor scores Z shape: (86, 4)
2025-10-07 01:11:21,134 - experiments.framework - INFO - Saving sgfa_K4_percW25_grp0.05 factor scores Z shape: (86, 4)
2025-10-07 01:11:21,134 - experiments.framework - INFO - Saving sgfa_K4_percW25_grp0.05 factor scores Z shape: (86, 4)
2025-10-07 01:11:21,192 - experiments.framework - INFO - Saving sgfa_K4_percW25_grp0.1 factor scores Z shape: (86, 4)
2025-10-07 01:11:21,192 - experiments.framework - INFO - Saving sgfa_K4_percW25_grp0.1 factor scores Z shape: (86, 4)
2025-10-07 01:11:21,253 - experiments.framework - INFO - Saving sgfa_K4_percW25_grp0.2 factor scores Z shape: (86, 4)
2025-10-07 01:11:21,253 - experiments.framework - INFO - Saving sgfa_K4_percW25_grp0.2 factor scores Z shape: (86, 4)
2025-10-07 01:11:21,312 - experiments.framework - INFO - Saving sgfa_K4_percW33_grp0.0 factor scores Z shape: (86, 4)
2025-10-07 01:11:21,312 - experiments.framework - INFO - Saving sgfa_K4_percW33_grp0.0 factor scores Z shape: (86, 4)
2025-10-07 01:11:21,373 - experiments.framework - INFO - Saving sgfa_K4_percW33_grp0.05 factor scores Z shape: (86, 4)
2025-10-07 01:11:21,373 - experiments.framework - INFO - Saving sgfa_K4_percW33_grp0.05 factor scores Z shape: (86, 4)
2025-10-07 01:11:21,429 - experiments.framework - INFO - Saving sgfa_K4_percW33_grp0.1 factor scores Z shape: (86, 4)
2025-10-07 01:11:21,429 - experiments.framework - INFO - Saving sgfa_K4_percW33_grp0.1 factor scores Z shape: (86, 4)
2025-10-07 01:11:21,492 - experiments.framework - INFO - Saving sgfa_K4_percW33_grp0.2 factor scores Z shape: (86, 4)
2025-10-07 01:11:21,492 - experiments.framework - INFO - Saving sgfa_K4_percW33_grp0.2 factor scores Z shape: (86, 4)
2025-10-07 01:11:21,497 - experiments.framework - INFO - Saving 6 plots to /cs/student/msc/aibh/2024/madhavan/sgfa_qmap-pd/results/all_rois-sn_conf-age+sex+tiv_run_20251006_235702/sgfa_hyperparameter_tuning_20251006_235713/plots
2025-10-07 01:11:21,497 - experiments.framework - INFO - Saving 6 plots to /cs/student/msc/aibh/2024/madhavan/sgfa_qmap-pd/results/all_rois-sn_conf-age+sex+tiv_run_20251006_235702/sgfa_hyperparameter_tuning_20251006_235713/plots
2025-10-07 01:11:22,632 - experiments.framework - INFO -   ✅ Saved plot: sgfa_variant_performance
2025-10-07 01:11:22,632 - experiments.framework - INFO -   ✅ Saved plot: sgfa_variant_performance
2025-10-07 01:11:23,041 - experiments.framework - INFO -   ✅ Saved plot: sgfa_variant_quality
2025-10-07 01:11:23,041 - experiments.framework - INFO -   ✅ Saved plot: sgfa_variant_quality
2025-10-07 01:11:25,967 - experiments.framework - INFO -   ✅ Saved plot: roi_specificity_comparison
2025-10-07 01:11:25,967 - experiments.framework - INFO -   ✅ Saved plot: roi_specificity_comparison
2025-10-07 01:11:26,437 - experiments.framework - INFO -   ✅ Saved plot: best_factor_loadings
2025-10-07 01:11:26,437 - experiments.framework - INFO -   ✅ Saved plot: best_factor_loadings
2025-10-07 01:11:26,774 - experiments.framework - INFO -   ✅ Saved plot: best_factor_scores
2025-10-07 01:11:26,774 - experiments.framework - INFO -   ✅ Saved plot: best_factor_scores
2025-10-07 01:11:27,229 - experiments.framework - INFO -   ✅ Saved plot: parameter_grid_search
2025-10-07 01:11:27,229 - experiments.framework - INFO -   ✅ Saved plot: parameter_grid_search
2025-10-07 01:11:27,229 - experiments.framework - INFO - All plots saved to: /cs/student/msc/aibh/2024/madhavan/sgfa_qmap-pd/results/all_rois-sn_conf-age+sex+tiv_run_20251006_235702/sgfa_hyperparameter_tuning_20251006_235713/plots
2025-10-07 01:11:27,229 - experiments.framework - INFO - All plots saved to: /cs/student/msc/aibh/2024/madhavan/sgfa_qmap-pd/results/all_rois-sn_conf-age+sex+tiv_run_20251006_235702/sgfa_hyperparameter_tuning_20251006_235713/plots
2025-10-07 01:11:28,813 - experiments.framework - INFO - ExperimentFramework initialized with output dir: /cs/student/msc/aibh/2024/madhavan/sgfa_qmap-pd/results/all_rois-sn_conf-age+sex+tiv_run_20251006_235702
2025-10-07 01:11:28,813 - experiments.framework - INFO - ExperimentFramework initialized with output dir: /cs/student/msc/aibh/2024/madhavan/sgfa_qmap-pd/results/all_rois-sn_conf-age+sex+tiv_run_20251006_235702
2025-10-07 01:11:28,813 - experiments.framework - INFO - ExperimentFramework initialized with output dir: /cs/student/msc/aibh/2024/madhavan/sgfa_qmap-pd/results/all_rois-sn_conf-age+sex+tiv_run_20251006_235702
2025-10-07 01:11:28,817 - experiments.framework - INFO - Starting experiment: methods_comparison_20251007_011128
2025-10-07 01:11:28,817 - experiments.framework - INFO - Starting experiment: methods_comparison_20251007_011128
2025-10-07 01:11:28,817 - experiments.framework - INFO - Starting experiment: methods_comparison_20251007_011128
2025-10-07 01:21:23,058 - experiments.framework - INFO - 🏁 EXPERIMENT COMPLETED: methods_comparison_20251007_011128
2025-10-07 01:21:23,058 - experiments.framework - INFO - 🏁 EXPERIMENT COMPLETED: methods_comparison_20251007_011128
2025-10-07 01:21:23,058 - experiments.framework - INFO - 🏁 EXPERIMENT COMPLETED: methods_comparison_20251007_011128
2025-10-07 01:21:23,058 - experiments.framework - INFO - ⏱️  TOTAL RUNTIME: 9.9 minutes (594s)
2025-10-07 01:21:23,058 - experiments.framework - INFO - ⏱️  TOTAL RUNTIME: 9.9 minutes (594s)
2025-10-07 01:21:23,058 - experiments.framework - INFO - ⏱️  TOTAL RUNTIME: 9.9 minutes (594s)
2025-10-07 01:21:23,058 - experiments.framework - INFO - 🕐 Started: 2025-10-07 01:11:28
2025-10-07 01:21:23,058 - experiments.framework - INFO - 🕐 Started: 2025-10-07 01:11:28
2025-10-07 01:21:23,058 - experiments.framework - INFO - 🕐 Started: 2025-10-07 01:11:28
2025-10-07 01:21:23,058 - experiments.framework - INFO - 🕑 Finished: 2025-10-07 01:21:23
2025-10-07 01:21:23,058 - experiments.framework - INFO - 🕑 Finished: 2025-10-07 01:21:23
2025-10-07 01:21:23,058 - experiments.framework - INFO - 🕑 Finished: 2025-10-07 01:21:23
2025-10-07 01:21:23,058 - experiments.framework - INFO - Experiment completed successfully: methods_comparison_20251007_011128
2025-10-07 01:21:23,058 - experiments.framework - INFO - Experiment completed successfully: methods_comparison_20251007_011128
2025-10-07 01:21:23,058 - experiments.framework - INFO - Experiment completed successfully: methods_comparison_20251007_011128
2025-10-07 01:21:23,058 - experiments.framework - INFO - 🧹 Performing comprehensive memory cleanup...
2025-10-07 01:21:23,058 - experiments.framework - INFO - 🧹 Performing comprehensive memory cleanup...
2025-10-07 01:21:23,058 - experiments.framework - INFO - 🧹 Performing comprehensive memory cleanup...
2025-10-07 01:21:23,161 - experiments.framework - INFO - Garbage collection freed 106 objects
2025-10-07 01:21:23,161 - experiments.framework - INFO - Garbage collection freed 106 objects
2025-10-07 01:21:23,161 - experiments.framework - INFO - Garbage collection freed 106 objects
2025-10-07 01:21:23,513 - experiments.framework - INFO - GPU memory cleanup attempted
2025-10-07 01:21:23,513 - experiments.framework - INFO - GPU memory cleanup attempted
2025-10-07 01:21:23,513 - experiments.framework - INFO - GPU memory cleanup attempted
2025-10-07 01:21:24,514 - experiments.framework - INFO - ✅ Comprehensive memory cleanup completed
2025-10-07 01:21:24,514 - experiments.framework - INFO - ✅ Comprehensive memory cleanup completed
2025-10-07 01:21:24,514 - experiments.framework - INFO - ✅ Comprehensive memory cleanup completed
2025-10-07 01:21:24,678 - experiments.framework - INFO - Pickle saving disabled to prevent large files - using JSON and CSV instead
2025-10-07 01:21:24,678 - experiments.framework - INFO - Pickle saving disabled to prevent large files - using JSON and CSV instead
2025-10-07 01:21:24,678 - experiments.framework - INFO - Pickle saving disabled to prevent large files - using JSON and CSV instead
2025-10-07 01:21:24,683 - experiments.framework - INFO - Saving 6 plots to /cs/student/msc/aibh/2024/madhavan/sgfa_qmap-pd/results/all_rois-sn_conf-age+sex+tiv_run_20251006_235702/methods_comparison_20251007_011128/plots
2025-10-07 01:21:24,683 - experiments.framework - INFO - Saving 6 plots to /cs/student/msc/aibh/2024/madhavan/sgfa_qmap-pd/results/all_rois-sn_conf-age+sex+tiv_run_20251006_235702/methods_comparison_20251007_011128/plots
2025-10-07 01:21:24,683 - experiments.framework - INFO - Saving 6 plots to /cs/student/msc/aibh/2024/madhavan/sgfa_qmap-pd/results/all_rois-sn_conf-age+sex+tiv_run_20251006_235702/methods_comparison_20251007_011128/plots
2025-10-07 01:21:24,845 - experiments.framework - INFO -   ✅ Saved plot: performance_comparison
2025-10-07 01:21:24,845 - experiments.framework - INFO -   ✅ Saved plot: performance_comparison
2025-10-07 01:21:24,845 - experiments.framework - INFO -   ✅ Saved plot: performance_comparison
2025-10-07 01:21:25,065 - experiments.framework - INFO -   ✅ Saved plot: reconstruction_quality
2025-10-07 01:21:25,065 - experiments.framework - INFO -   ✅ Saved plot: reconstruction_quality
2025-10-07 01:21:25,065 - experiments.framework - INFO -   ✅ Saved plot: reconstruction_quality
2025-10-07 01:21:25,262 - experiments.framework - INFO -   ✅ Saved plot: information_criteria
2025-10-07 01:21:25,262 - experiments.framework - INFO -   ✅ Saved plot: information_criteria
2025-10-07 01:21:25,262 - experiments.framework - INFO -   ✅ Saved plot: information_criteria
2025-10-07 01:21:25,513 - experiments.framework - INFO -   ✅ Saved plot: factor_stability
2025-10-07 01:21:25,513 - experiments.framework - INFO -   ✅ Saved plot: factor_stability
2025-10-07 01:21:25,513 - experiments.framework - INFO -   ✅ Saved plot: factor_stability
2025-10-07 01:21:25,714 - experiments.framework - INFO -   ✅ Saved plot: performance_vs_quality
2025-10-07 01:21:25,714 - experiments.framework - INFO -   ✅ Saved plot: performance_vs_quality
2025-10-07 01:21:25,714 - experiments.framework - INFO -   ✅ Saved plot: performance_vs_quality
2025-10-07 01:21:25,958 - experiments.framework - INFO -   ✅ Saved plot: roi_specificity_heatmap
2025-10-07 01:21:25,958 - experiments.framework - INFO -   ✅ Saved plot: roi_specificity_heatmap
2025-10-07 01:21:25,958 - experiments.framework - INFO -   ✅ Saved plot: roi_specificity_heatmap
2025-10-07 01:21:25,958 - experiments.framework - INFO - All plots saved to: /cs/student/msc/aibh/2024/madhavan/sgfa_qmap-pd/results/all_rois-sn_conf-age+sex+tiv_run_20251006_235702/methods_comparison_20251007_011128/plots
2025-10-07 01:21:25,958 - experiments.framework - INFO - All plots saved to: /cs/student/msc/aibh/2024/madhavan/sgfa_qmap-pd/results/all_rois-sn_conf-age+sex+tiv_run_20251006_235702/methods_comparison_20251007_011128/plots
2025-10-07 01:21:25,958 - experiments.framework - INFO - All plots saved to: /cs/student/msc/aibh/2024/madhavan/sgfa_qmap-pd/results/all_rois-sn_conf-age+sex+tiv_run_20251006_235702/methods_comparison_20251007_011128/plots
2025-10-07 01:21:26,269 - experiments.framework - INFO - ExperimentFramework initialized with output dir: /cs/student/msc/aibh/2024/madhavan/sgfa_qmap-pd/results/all_rois-sn_conf-age+sex+tiv_run_20251006_235702
2025-10-07 01:21:26,269 - experiments.framework - INFO - ExperimentFramework initialized with output dir: /cs/student/msc/aibh/2024/madhavan/sgfa_qmap-pd/results/all_rois-sn_conf-age+sex+tiv_run_20251006_235702
2025-10-07 01:21:26,269 - experiments.framework - INFO - ExperimentFramework initialized with output dir: /cs/student/msc/aibh/2024/madhavan/sgfa_qmap-pd/results/all_rois-sn_conf-age+sex+tiv_run_20251006_235702
2025-10-07 01:21:26,269 - experiments.framework - INFO - ExperimentFramework initialized with output dir: /cs/student/msc/aibh/2024/madhavan/sgfa_qmap-pd/results/all_rois-sn_conf-age+sex+tiv_run_20251006_235702
2025-10-07 01:21:26,273 - experiments.framework - INFO - Starting experiment: sensitivity_analysis_20251007_012126
2025-10-07 01:21:26,273 - experiments.framework - INFO - Starting experiment: sensitivity_analysis_20251007_012126
2025-10-07 01:21:26,273 - experiments.framework - INFO - Starting experiment: sensitivity_analysis_20251007_012126
2025-10-07 01:21:26,273 - experiments.framework - INFO - Starting experiment: sensitivity_analysis_20251007_012126
2025-10-07 01:26:00,336 - experiments.framework - INFO - 🏁 EXPERIMENT COMPLETED: sensitivity_analysis_20251007_012126
2025-10-07 01:26:00,336 - experiments.framework - INFO - 🏁 EXPERIMENT COMPLETED: sensitivity_analysis_20251007_012126
2025-10-07 01:26:00,336 - experiments.framework - INFO - 🏁 EXPERIMENT COMPLETED: sensitivity_analysis_20251007_012126
2025-10-07 01:26:00,336 - experiments.framework - INFO - 🏁 EXPERIMENT COMPLETED: sensitivity_analysis_20251007_012126
2025-10-07 01:26:00,336 - experiments.framework - INFO - ⏱️  TOTAL RUNTIME: 4.6 minutes (274s)
2025-10-07 01:26:00,336 - experiments.framework - INFO - ⏱️  TOTAL RUNTIME: 4.6 minutes (274s)
2025-10-07 01:26:00,336 - experiments.framework - INFO - ⏱️  TOTAL RUNTIME: 4.6 minutes (274s)
2025-10-07 01:26:00,336 - experiments.framework - INFO - ⏱️  TOTAL RUNTIME: 4.6 minutes (274s)
2025-10-07 01:26:00,336 - experiments.framework - INFO - 🕐 Started: 2025-10-07 01:21:26
2025-10-07 01:26:00,336 - experiments.framework - INFO - 🕐 Started: 2025-10-07 01:21:26
2025-10-07 01:26:00,336 - experiments.framework - INFO - 🕐 Started: 2025-10-07 01:21:26
2025-10-07 01:26:00,336 - experiments.framework - INFO - 🕐 Started: 2025-10-07 01:21:26
2025-10-07 01:26:00,337 - experiments.framework - INFO - 🕑 Finished: 2025-10-07 01:26:00
2025-10-07 01:26:00,337 - experiments.framework - INFO - 🕑 Finished: 2025-10-07 01:26:00
2025-10-07 01:26:00,337 - experiments.framework - INFO - 🕑 Finished: 2025-10-07 01:26:00
2025-10-07 01:26:00,337 - experiments.framework - INFO - 🕑 Finished: 2025-10-07 01:26:00
2025-10-07 01:26:00,337 - experiments.framework - INFO - Experiment completed successfully: sensitivity_analysis_20251007_012126
2025-10-07 01:26:00,337 - experiments.framework - INFO - Experiment completed successfully: sensitivity_analysis_20251007_012126
2025-10-07 01:26:00,337 - experiments.framework - INFO - Experiment completed successfully: sensitivity_analysis_20251007_012126
2025-10-07 01:26:00,337 - experiments.framework - INFO - Experiment completed successfully: sensitivity_analysis_20251007_012126
2025-10-07 01:26:00,337 - experiments.framework - INFO - 🧹 Performing comprehensive memory cleanup...
2025-10-07 01:26:00,337 - experiments.framework - INFO - 🧹 Performing comprehensive memory cleanup...
2025-10-07 01:26:00,337 - experiments.framework - INFO - 🧹 Performing comprehensive memory cleanup...
2025-10-07 01:26:00,337 - experiments.framework - INFO - 🧹 Performing comprehensive memory cleanup...
2025-10-07 01:26:00,435 - experiments.framework - INFO - Garbage collection freed 130 objects
2025-10-07 01:26:00,435 - experiments.framework - INFO - Garbage collection freed 130 objects
2025-10-07 01:26:00,435 - experiments.framework - INFO - Garbage collection freed 130 objects
2025-10-07 01:26:00,435 - experiments.framework - INFO - Garbage collection freed 130 objects
2025-10-07 01:26:00,804 - experiments.framework - INFO - GPU memory cleanup attempted
2025-10-07 01:26:00,804 - experiments.framework - INFO - GPU memory cleanup attempted
2025-10-07 01:26:00,804 - experiments.framework - INFO - GPU memory cleanup attempted
2025-10-07 01:26:00,804 - experiments.framework - INFO - GPU memory cleanup attempted
2025-10-07 01:26:01,805 - experiments.framework - INFO - ✅ Comprehensive memory cleanup completed
2025-10-07 01:26:01,805 - experiments.framework - INFO - ✅ Comprehensive memory cleanup completed
2025-10-07 01:26:01,805 - experiments.framework - INFO - ✅ Comprehensive memory cleanup completed
2025-10-07 01:26:01,805 - experiments.framework - INFO - ✅ Comprehensive memory cleanup completed
2025-10-07 01:26:01,837 - experiments.framework - INFO - Pickle saving disabled to prevent large files - using JSON and CSV instead
2025-10-07 01:26:01,837 - experiments.framework - INFO - Pickle saving disabled to prevent large files - using JSON and CSV instead
2025-10-07 01:26:01,837 - experiments.framework - INFO - Pickle saving disabled to prevent large files - using JSON and CSV instead
2025-10-07 01:26:01,837 - experiments.framework - INFO - Pickle saving disabled to prevent large files - using JSON and CSV instead
2025-10-07 01:26:01,842 - experiments.framework - INFO - Saving 1 plots to /cs/student/msc/aibh/2024/madhavan/sgfa_qmap-pd/results/all_rois-sn_conf-age+sex+tiv_run_20251006_235702/sensitivity_analysis_20251007_012126/plots
2025-10-07 01:26:01,842 - experiments.framework - INFO - Saving 1 plots to /cs/student/msc/aibh/2024/madhavan/sgfa_qmap-pd/results/all_rois-sn_conf-age+sex+tiv_run_20251006_235702/sensitivity_analysis_20251007_012126/plots
2025-10-07 01:26:01,842 - experiments.framework - INFO - Saving 1 plots to /cs/student/msc/aibh/2024/madhavan/sgfa_qmap-pd/results/all_rois-sn_conf-age+sex+tiv_run_20251006_235702/sensitivity_analysis_20251007_012126/plots
2025-10-07 01:26:01,842 - experiments.framework - INFO - Saving 1 plots to /cs/student/msc/aibh/2024/madhavan/sgfa_qmap-pd/results/all_rois-sn_conf-age+sex+tiv_run_20251006_235702/sensitivity_analysis_20251007_012126/plots
2025-10-07 01:26:02,417 - experiments.framework - INFO -   ✅ Saved plot: parameter_sensitivity_summary
2025-10-07 01:26:02,417 - experiments.framework - INFO -   ✅ Saved plot: parameter_sensitivity_summary
2025-10-07 01:26:02,417 - experiments.framework - INFO -   ✅ Saved plot: parameter_sensitivity_summary
2025-10-07 01:26:02,417 - experiments.framework - INFO -   ✅ Saved plot: parameter_sensitivity_summary
2025-10-07 01:26:02,417 - experiments.framework - INFO - All plots saved to: /cs/student/msc/aibh/2024/madhavan/sgfa_qmap-pd/results/all_rois-sn_conf-age+sex+tiv_run_20251006_235702/sensitivity_analysis_20251007_012126/plots
2025-10-07 01:26:02,417 - experiments.framework - INFO - All plots saved to: /cs/student/msc/aibh/2024/madhavan/sgfa_qmap-pd/results/all_rois-sn_conf-age+sex+tiv_run_20251006_235702/sensitivity_analysis_20251007_012126/plots
2025-10-07 01:26:02,417 - experiments.framework - INFO - All plots saved to: /cs/student/msc/aibh/2024/madhavan/sgfa_qmap-pd/results/all_rois-sn_conf-age+sex+tiv_run_20251006_235702/sensitivity_analysis_20251007_012126/plots
2025-10-07 01:26:02,417 - experiments.framework - INFO - All plots saved to: /cs/student/msc/aibh/2024/madhavan/sgfa_qmap-pd/results/all_rois-sn_conf-age+sex+tiv_run_20251006_235702/sensitivity_analysis_20251007_012126/plots
2025-10-07 01:26:04,308 - experiments.framework - INFO - ExperimentFramework initialized with output dir: /cs/student/msc/aibh/2024/madhavan/sgfa_qmap-pd/results/all_rois-sn_conf-age+sex+tiv_run_20251006_235702
2025-10-07 01:26:04,308 - experiments.framework - INFO - ExperimentFramework initialized with output dir: /cs/student/msc/aibh/2024/madhavan/sgfa_qmap-pd/results/all_rois-sn_conf-age+sex+tiv_run_20251006_235702
2025-10-07 01:26:04,308 - experiments.framework - INFO - ExperimentFramework initialized with output dir: /cs/student/msc/aibh/2024/madhavan/sgfa_qmap-pd/results/all_rois-sn_conf-age+sex+tiv_run_20251006_235702
2025-10-07 01:26:04,308 - experiments.framework - INFO - ExperimentFramework initialized with output dir: /cs/student/msc/aibh/2024/madhavan/sgfa_qmap-pd/results/all_rois-sn_conf-age+sex+tiv_run_20251006_235702
2025-10-07 01:26:04,308 - experiments.framework - INFO - ExperimentFramework initialized with output dir: /cs/student/msc/aibh/2024/madhavan/sgfa_qmap-pd/results/all_rois-sn_conf-age+sex+tiv_run_20251006_235702
2025-10-07 01:26:04,319 - experiments.framework - INFO - Starting experiment: clinical_validation_20251007_012604
2025-10-07 01:26:04,319 - experiments.framework - INFO - Starting experiment: clinical_validation_20251007_012604
2025-10-07 01:26:04,319 - experiments.framework - INFO - Starting experiment: clinical_validation_20251007_012604
2025-10-07 01:26:04,319 - experiments.framework - INFO - Starting experiment: clinical_validation_20251007_012604
2025-10-07 01:26:04,319 - experiments.framework - INFO - Starting experiment: clinical_validation_20251007_012604
2025-10-07 01:28:50,717 - experiments.framework - INFO - 🏁 EXPERIMENT COMPLETED: clinical_validation_20251007_012604
2025-10-07 01:28:50,717 - experiments.framework - INFO - 🏁 EXPERIMENT COMPLETED: clinical_validation_20251007_012604
2025-10-07 01:28:50,717 - experiments.framework - INFO - 🏁 EXPERIMENT COMPLETED: clinical_validation_20251007_012604
2025-10-07 01:28:50,717 - experiments.framework - INFO - 🏁 EXPERIMENT COMPLETED: clinical_validation_20251007_012604
2025-10-07 01:28:50,717 - experiments.framework - INFO - 🏁 EXPERIMENT COMPLETED: clinical_validation_20251007_012604
2025-10-07 01:28:50,717 - experiments.framework - INFO - ⏱️  TOTAL RUNTIME: 2.8 minutes (166s)
2025-10-07 01:28:50,717 - experiments.framework - INFO - ⏱️  TOTAL RUNTIME: 2.8 minutes (166s)
2025-10-07 01:28:50,717 - experiments.framework - INFO - ⏱️  TOTAL RUNTIME: 2.8 minutes (166s)
2025-10-07 01:28:50,717 - experiments.framework - INFO - ⏱️  TOTAL RUNTIME: 2.8 minutes (166s)
2025-10-07 01:28:50,717 - experiments.framework - INFO - ⏱️  TOTAL RUNTIME: 2.8 minutes (166s)
2025-10-07 01:28:50,717 - experiments.framework - INFO - 🕐 Started: 2025-10-07 01:26:04
2025-10-07 01:28:50,717 - experiments.framework - INFO - 🕐 Started: 2025-10-07 01:26:04
2025-10-07 01:28:50,717 - experiments.framework - INFO - 🕐 Started: 2025-10-07 01:26:04
2025-10-07 01:28:50,717 - experiments.framework - INFO - 🕐 Started: 2025-10-07 01:26:04
2025-10-07 01:28:50,717 - experiments.framework - INFO - 🕐 Started: 2025-10-07 01:26:04
2025-10-07 01:28:50,718 - experiments.framework - INFO - 🕑 Finished: 2025-10-07 01:28:50
2025-10-07 01:28:50,718 - experiments.framework - INFO - 🕑 Finished: 2025-10-07 01:28:50
2025-10-07 01:28:50,718 - experiments.framework - INFO - 🕑 Finished: 2025-10-07 01:28:50
2025-10-07 01:28:50,718 - experiments.framework - INFO - 🕑 Finished: 2025-10-07 01:28:50
2025-10-07 01:28:50,718 - experiments.framework - INFO - 🕑 Finished: 2025-10-07 01:28:50
2025-10-07 01:28:50,718 - experiments.framework - INFO - Experiment completed successfully: clinical_validation_20251007_012604
2025-10-07 01:28:50,718 - experiments.framework - INFO - Experiment completed successfully: clinical_validation_20251007_012604
2025-10-07 01:28:50,718 - experiments.framework - INFO - Experiment completed successfully: clinical_validation_20251007_012604
2025-10-07 01:28:50,718 - experiments.framework - INFO - Experiment completed successfully: clinical_validation_20251007_012604
2025-10-07 01:28:50,718 - experiments.framework - INFO - Experiment completed successfully: clinical_validation_20251007_012604
2025-10-07 01:28:50,718 - experiments.framework - INFO - 🧹 Performing comprehensive memory cleanup...
2025-10-07 01:28:50,718 - experiments.framework - INFO - 🧹 Performing comprehensive memory cleanup...
2025-10-07 01:28:50,718 - experiments.framework - INFO - 🧹 Performing comprehensive memory cleanup...
2025-10-07 01:28:50,718 - experiments.framework - INFO - 🧹 Performing comprehensive memory cleanup...
2025-10-07 01:28:50,718 - experiments.framework - INFO - 🧹 Performing comprehensive memory cleanup...
2025-10-07 01:28:50,868 - experiments.framework - INFO - Garbage collection freed 490 objects
2025-10-07 01:28:50,868 - experiments.framework - INFO - Garbage collection freed 490 objects
2025-10-07 01:28:50,868 - experiments.framework - INFO - Garbage collection freed 490 objects
2025-10-07 01:28:50,868 - experiments.framework - INFO - Garbage collection freed 490 objects
2025-10-07 01:28:50,868 - experiments.framework - INFO - Garbage collection freed 490 objects
2025-10-07 01:28:51,403 - experiments.framework - INFO - GPU memory cleanup attempted
2025-10-07 01:28:51,403 - experiments.framework - INFO - GPU memory cleanup attempted
2025-10-07 01:28:51,403 - experiments.framework - INFO - GPU memory cleanup attempted
2025-10-07 01:28:51,403 - experiments.framework - INFO - GPU memory cleanup attempted
2025-10-07 01:28:51,403 - experiments.framework - INFO - GPU memory cleanup attempted
2025-10-07 01:28:52,404 - experiments.framework - INFO - ✅ Comprehensive memory cleanup completed
2025-10-07 01:28:52,404 - experiments.framework - INFO - ✅ Comprehensive memory cleanup completed
2025-10-07 01:28:52,404 - experiments.framework - INFO - ✅ Comprehensive memory cleanup completed
2025-10-07 01:28:52,404 - experiments.framework - INFO - ✅ Comprehensive memory cleanup completed
2025-10-07 01:28:52,404 - experiments.framework - INFO - ✅ Comprehensive memory cleanup completed
2025-10-07 01:28:52,421 - experiments.framework - INFO - Pickle saving disabled to prevent large files - using JSON and CSV instead
2025-10-07 01:28:52,421 - experiments.framework - INFO - Pickle saving disabled to prevent large files - using JSON and CSV instead
2025-10-07 01:28:52,421 - experiments.framework - INFO - Pickle saving disabled to prevent large files - using JSON and CSV instead
2025-10-07 01:28:52,421 - experiments.framework - INFO - Pickle saving disabled to prevent large files - using JSON and CSV instead
2025-10-07 01:28:52,421 - experiments.framework - INFO - Pickle saving disabled to prevent large files - using JSON and CSV instead
2025-10-07 01:28:52,426 - experiments.framework - INFO - Saving 1 plots to /cs/student/msc/aibh/2024/madhavan/sgfa_qmap-pd/results/all_rois-sn_conf-age+sex+tiv_run_20251006_235702/clinical_validation_20251007_012604/plots
2025-10-07 01:28:52,426 - experiments.framework - INFO - Saving 1 plots to /cs/student/msc/aibh/2024/madhavan/sgfa_qmap-pd/results/all_rois-sn_conf-age+sex+tiv_run_20251006_235702/clinical_validation_20251007_012604/plots
2025-10-07 01:28:52,426 - experiments.framework - INFO - Saving 1 plots to /cs/student/msc/aibh/2024/madhavan/sgfa_qmap-pd/results/all_rois-sn_conf-age+sex+tiv_run_20251006_235702/clinical_validation_20251007_012604/plots
2025-10-07 01:28:52,426 - experiments.framework - INFO - Saving 1 plots to /cs/student/msc/aibh/2024/madhavan/sgfa_qmap-pd/results/all_rois-sn_conf-age+sex+tiv_run_20251006_235702/clinical_validation_20251007_012604/plots
2025-10-07 01:28:52,426 - experiments.framework - INFO - Saving 1 plots to /cs/student/msc/aibh/2024/madhavan/sgfa_qmap-pd/results/all_rois-sn_conf-age+sex+tiv_run_20251006_235702/clinical_validation_20251007_012604/plots
2025-10-07 01:28:52,710 - experiments.framework - INFO -   ✅ Saved plot: clinical_validation_summary
2025-10-07 01:28:52,710 - experiments.framework - INFO -   ✅ Saved plot: clinical_validation_summary
2025-10-07 01:28:52,710 - experiments.framework - INFO -   ✅ Saved plot: clinical_validation_summary
2025-10-07 01:28:52,710 - experiments.framework - INFO -   ✅ Saved plot: clinical_validation_summary
2025-10-07 01:28:52,710 - experiments.framework - INFO -   ✅ Saved plot: clinical_validation_summary
2025-10-07 01:28:52,710 - experiments.framework - INFO - All plots saved to: /cs/student/msc/aibh/2024/madhavan/sgfa_qmap-pd/results/all_rois-sn_conf-age+sex+tiv_run_20251006_235702/clinical_validation_20251007_012604/plots
2025-10-07 01:28:52,710 - experiments.framework - INFO - All plots saved to: /cs/student/msc/aibh/2024/madhavan/sgfa_qmap-pd/results/all_rois-sn_conf-age+sex+tiv_run_20251006_235702/clinical_validation_20251007_012604/plots
2025-10-07 01:28:52,710 - experiments.framework - INFO - All plots saved to: /cs/student/msc/aibh/2024/madhavan/sgfa_qmap-pd/results/all_rois-sn_conf-age+sex+tiv_run_20251006_235702/clinical_validation_20251007_012604/plots
2025-10-07 01:28:52,710 - experiments.framework - INFO - All plots saved to: /cs/student/msc/aibh/2024/madhavan/sgfa_qmap-pd/results/all_rois-sn_conf-age+sex+tiv_run_20251006_235702/clinical_validation_20251007_012604/plots
2025-10-07 01:28:52,710 - experiments.framework - INFO - All plots saved to: /cs/student/msc/aibh/2024/madhavan/sgfa_qmap-pd/results/all_rois-sn_conf-age+sex+tiv_run_20251006_235702/clinical_validation_20251007_012604/plots
2025-10-07 01:28:53,350 - experiments.framework - INFO - ExperimentFramework initialized with output dir: /cs/student/msc/aibh/2024/madhavan/sgfa_qmap-pd/results/all_rois-sn_conf-age+sex+tiv_run_20251006_235702
2025-10-07 01:28:53,350 - experiments.framework - INFO - ExperimentFramework initialized with output dir: /cs/student/msc/aibh/2024/madhavan/sgfa_qmap-pd/results/all_rois-sn_conf-age+sex+tiv_run_20251006_235702
2025-10-07 01:28:53,350 - experiments.framework - INFO - ExperimentFramework initialized with output dir: /cs/student/msc/aibh/2024/madhavan/sgfa_qmap-pd/results/all_rois-sn_conf-age+sex+tiv_run_20251006_235702
2025-10-07 01:28:53,350 - experiments.framework - INFO - ExperimentFramework initialized with output dir: /cs/student/msc/aibh/2024/madhavan/sgfa_qmap-pd/results/all_rois-sn_conf-age+sex+tiv_run_20251006_235702
2025-10-07 01:28:53,350 - experiments.framework - INFO - ExperimentFramework initialized with output dir: /cs/student/msc/aibh/2024/madhavan/sgfa_qmap-pd/results/all_rois-sn_conf-age+sex+tiv_run_20251006_235702
2025-10-07 01:28:53,350 - experiments.framework - INFO - ExperimentFramework initialized with output dir: /cs/student/msc/aibh/2024/madhavan/sgfa_qmap-pd/results/all_rois-sn_conf-age+sex+tiv_run_20251006_235702
2025-10-07 01:28:53,356 - experiments.framework - INFO - Starting experiment: reproducibility_tests_20251007_012853
2025-10-07 01:28:53,356 - experiments.framework - INFO - Starting experiment: reproducibility_tests_20251007_012853
2025-10-07 01:28:53,356 - experiments.framework - INFO - Starting experiment: reproducibility_tests_20251007_012853
2025-10-07 01:28:53,356 - experiments.framework - INFO - Starting experiment: reproducibility_tests_20251007_012853
2025-10-07 01:28:53,356 - experiments.framework - INFO - Starting experiment: reproducibility_tests_20251007_012853
2025-10-07 01:28:53,356 - experiments.framework - INFO - Starting experiment: reproducibility_tests_20251007_012853
2025-10-07 01:37:58,065 - experiments.framework - INFO - 🏁 EXPERIMENT COMPLETED: reproducibility_tests_20251007_012853
2025-10-07 01:37:58,065 - experiments.framework - INFO - 🏁 EXPERIMENT COMPLETED: reproducibility_tests_20251007_012853
2025-10-07 01:37:58,065 - experiments.framework - INFO - 🏁 EXPERIMENT COMPLETED: reproducibility_tests_20251007_012853
2025-10-07 01:37:58,065 - experiments.framework - INFO - 🏁 EXPERIMENT COMPLETED: reproducibility_tests_20251007_012853
2025-10-07 01:37:58,065 - experiments.framework - INFO - 🏁 EXPERIMENT COMPLETED: reproducibility_tests_20251007_012853
2025-10-07 01:37:58,065 - experiments.framework - INFO - 🏁 EXPERIMENT COMPLETED: reproducibility_tests_20251007_012853
2025-10-07 01:37:58,066 - experiments.framework - INFO - ⏱️  TOTAL RUNTIME: 9.1 minutes (545s)
2025-10-07 01:37:58,066 - experiments.framework - INFO - ⏱️  TOTAL RUNTIME: 9.1 minutes (545s)
2025-10-07 01:37:58,066 - experiments.framework - INFO - ⏱️  TOTAL RUNTIME: 9.1 minutes (545s)
2025-10-07 01:37:58,066 - experiments.framework - INFO - ⏱️  TOTAL RUNTIME: 9.1 minutes (545s)
2025-10-07 01:37:58,066 - experiments.framework - INFO - ⏱️  TOTAL RUNTIME: 9.1 minutes (545s)
2025-10-07 01:37:58,066 - experiments.framework - INFO - ⏱️  TOTAL RUNTIME: 9.1 minutes (545s)
2025-10-07 01:37:58,066 - experiments.framework - INFO - 🕐 Started: 2025-10-07 01:28:53
2025-10-07 01:37:58,066 - experiments.framework - INFO - 🕐 Started: 2025-10-07 01:28:53
2025-10-07 01:37:58,066 - experiments.framework - INFO - 🕐 Started: 2025-10-07 01:28:53
2025-10-07 01:37:58,066 - experiments.framework - INFO - 🕐 Started: 2025-10-07 01:28:53
2025-10-07 01:37:58,066 - experiments.framework - INFO - 🕐 Started: 2025-10-07 01:28:53
2025-10-07 01:37:58,066 - experiments.framework - INFO - 🕐 Started: 2025-10-07 01:28:53
2025-10-07 01:37:58,066 - experiments.framework - INFO - 🕑 Finished: 2025-10-07 01:37:58
2025-10-07 01:37:58,066 - experiments.framework - INFO - 🕑 Finished: 2025-10-07 01:37:58
2025-10-07 01:37:58,066 - experiments.framework - INFO - 🕑 Finished: 2025-10-07 01:37:58
2025-10-07 01:37:58,066 - experiments.framework - INFO - 🕑 Finished: 2025-10-07 01:37:58
2025-10-07 01:37:58,066 - experiments.framework - INFO - 🕑 Finished: 2025-10-07 01:37:58
2025-10-07 01:37:58,066 - experiments.framework - INFO - 🕑 Finished: 2025-10-07 01:37:58
2025-10-07 01:37:58,066 - experiments.framework - INFO - Experiment completed successfully: reproducibility_tests_20251007_012853
2025-10-07 01:37:58,066 - experiments.framework - INFO - Experiment completed successfully: reproducibility_tests_20251007_012853
2025-10-07 01:37:58,066 - experiments.framework - INFO - Experiment completed successfully: reproducibility_tests_20251007_012853
2025-10-07 01:37:58,066 - experiments.framework - INFO - Experiment completed successfully: reproducibility_tests_20251007_012853
2025-10-07 01:37:58,066 - experiments.framework - INFO - Experiment completed successfully: reproducibility_tests_20251007_012853
2025-10-07 01:37:58,066 - experiments.framework - INFO - Experiment completed successfully: reproducibility_tests_20251007_012853
2025-10-07 01:37:58,066 - experiments.framework - INFO - 🧹 Performing comprehensive memory cleanup...
2025-10-07 01:37:58,066 - experiments.framework - INFO - 🧹 Performing comprehensive memory cleanup...
2025-10-07 01:37:58,066 - experiments.framework - INFO - 🧹 Performing comprehensive memory cleanup...
2025-10-07 01:37:58,066 - experiments.framework - INFO - 🧹 Performing comprehensive memory cleanup...
2025-10-07 01:37:58,066 - experiments.framework - INFO - 🧹 Performing comprehensive memory cleanup...
2025-10-07 01:37:58,066 - experiments.framework - INFO - 🧹 Performing comprehensive memory cleanup...
2025-10-07 01:37:58,271 - experiments.framework - INFO - Garbage collection freed 205 objects
2025-10-07 01:37:58,271 - experiments.framework - INFO - Garbage collection freed 205 objects
2025-10-07 01:37:58,271 - experiments.framework - INFO - Garbage collection freed 205 objects
2025-10-07 01:37:58,271 - experiments.framework - INFO - Garbage collection freed 205 objects
2025-10-07 01:37:58,271 - experiments.framework - INFO - Garbage collection freed 205 objects
2025-10-07 01:37:58,271 - experiments.framework - INFO - Garbage collection freed 205 objects
2025-10-07 01:37:59,027 - experiments.framework - INFO - GPU memory cleanup attempted
2025-10-07 01:37:59,027 - experiments.framework - INFO - GPU memory cleanup attempted
2025-10-07 01:37:59,027 - experiments.framework - INFO - GPU memory cleanup attempted
2025-10-07 01:37:59,027 - experiments.framework - INFO - GPU memory cleanup attempted
2025-10-07 01:37:59,027 - experiments.framework - INFO - GPU memory cleanup attempted
2025-10-07 01:37:59,027 - experiments.framework - INFO - GPU memory cleanup attempted
2025-10-07 01:38:00,028 - experiments.framework - INFO - ✅ Comprehensive memory cleanup completed
2025-10-07 01:38:00,028 - experiments.framework - INFO - ✅ Comprehensive memory cleanup completed
2025-10-07 01:38:00,028 - experiments.framework - INFO - ✅ Comprehensive memory cleanup completed
2025-10-07 01:38:00,028 - experiments.framework - INFO - ✅ Comprehensive memory cleanup completed
2025-10-07 01:38:00,028 - experiments.framework - INFO - ✅ Comprehensive memory cleanup completed
2025-10-07 01:38:00,028 - experiments.framework - INFO - ✅ Comprehensive memory cleanup completed
2025-10-07 01:38:00,062 - experiments.framework - INFO - Pickle saving disabled to prevent large files - using JSON and CSV instead
2025-10-07 01:38:00,062 - experiments.framework - INFO - Pickle saving disabled to prevent large files - using JSON and CSV instead
2025-10-07 01:38:00,062 - experiments.framework - INFO - Pickle saving disabled to prevent large files - using JSON and CSV instead
2025-10-07 01:38:00,062 - experiments.framework - INFO - Pickle saving disabled to prevent large files - using JSON and CSV instead
2025-10-07 01:38:00,062 - experiments.framework - INFO - Pickle saving disabled to prevent large files - using JSON and CSV instead
2025-10-07 01:38:00,062 - experiments.framework - INFO - Pickle saving disabled to prevent large files - using JSON and CSV instead
2025-10-07 01:38:00,066 - experiments.framework - INFO - Saving 1 plots to /cs/student/msc/aibh/2024/madhavan/sgfa_qmap-pd/results/all_rois-sn_conf-age+sex+tiv_run_20251006_235702/reproducibility_tests_20251007_012853/plots
2025-10-07 01:38:00,066 - experiments.framework - INFO - Saving 1 plots to /cs/student/msc/aibh/2024/madhavan/sgfa_qmap-pd/results/all_rois-sn_conf-age+sex+tiv_run_20251006_235702/reproducibility_tests_20251007_012853/plots
2025-10-07 01:38:00,066 - experiments.framework - INFO - Saving 1 plots to /cs/student/msc/aibh/2024/madhavan/sgfa_qmap-pd/results/all_rois-sn_conf-age+sex+tiv_run_20251006_235702/reproducibility_tests_20251007_012853/plots
2025-10-07 01:38:00,066 - experiments.framework - INFO - Saving 1 plots to /cs/student/msc/aibh/2024/madhavan/sgfa_qmap-pd/results/all_rois-sn_conf-age+sex+tiv_run_20251006_235702/reproducibility_tests_20251007_012853/plots
2025-10-07 01:38:00,066 - experiments.framework - INFO - Saving 1 plots to /cs/student/msc/aibh/2024/madhavan/sgfa_qmap-pd/results/all_rois-sn_conf-age+sex+tiv_run_20251006_235702/reproducibility_tests_20251007_012853/plots
2025-10-07 01:38:00,066 - experiments.framework - INFO - Saving 1 plots to /cs/student/msc/aibh/2024/madhavan/sgfa_qmap-pd/results/all_rois-sn_conf-age+sex+tiv_run_20251006_235702/reproducibility_tests_20251007_012853/plots
2025-10-07 01:38:01,012 - experiments.framework - INFO -   ✅ Saved plot: reproducibility_summary
2025-10-07 01:38:01,012 - experiments.framework - INFO -   ✅ Saved plot: reproducibility_summary
2025-10-07 01:38:01,012 - experiments.framework - INFO -   ✅ Saved plot: reproducibility_summary
2025-10-07 01:38:01,012 - experiments.framework - INFO -   ✅ Saved plot: reproducibility_summary
2025-10-07 01:38:01,012 - experiments.framework - INFO -   ✅ Saved plot: reproducibility_summary
2025-10-07 01:38:01,012 - experiments.framework - INFO -   ✅ Saved plot: reproducibility_summary
2025-10-07 01:38:01,013 - experiments.framework - INFO - All plots saved to: /cs/student/msc/aibh/2024/madhavan/sgfa_qmap-pd/results/all_rois-sn_conf-age+sex+tiv_run_20251006_235702/reproducibility_tests_20251007_012853/plots
2025-10-07 01:38:01,013 - experiments.framework - INFO - All plots saved to: /cs/student/msc/aibh/2024/madhavan/sgfa_qmap-pd/results/all_rois-sn_conf-age+sex+tiv_run_20251006_235702/reproducibility_tests_20251007_012853/plots
2025-10-07 01:38:01,013 - experiments.framework - INFO - All plots saved to: /cs/student/msc/aibh/2024/madhavan/sgfa_qmap-pd/results/all_rois-sn_conf-age+sex+tiv_run_20251006_235702/reproducibility_tests_20251007_012853/plots
2025-10-07 01:38:01,013 - experiments.framework - INFO - All plots saved to: /cs/student/msc/aibh/2024/madhavan/sgfa_qmap-pd/results/all_rois-sn_conf-age+sex+tiv_run_20251006_235702/reproducibility_tests_20251007_012853/plots
2025-10-07 01:38:01,013 - experiments.framework - INFO - All plots saved to: /cs/student/msc/aibh/2024/madhavan/sgfa_qmap-pd/results/all_rois-sn_conf-age+sex+tiv_run_20251006_235702/reproducibility_tests_20251007_012853/plots
2025-10-07 01:38:01,013 - experiments.framework - INFO - All plots saved to: /cs/student/msc/aibh/2024/madhavan/sgfa_qmap-pd/results/all_rois-sn_conf-age+sex+tiv_run_20251006_235702/reproducibility_tests_20251007_012853/plots
