2025-10-20 01:06:48,695 - experiments.framework - INFO - ExperimentFramework initialized with output dir: /cs/student/msc/aibh/2024/madhavan/sgfa_qmap-pd/results/all_rois-sn_conf-age+sex+tiv_K2_percW33_MAD3.0_run_20251020_010648
2025-10-20 01:06:48,702 - experiments.framework - INFO - Starting experiment: data_validation_20251020_010648
2025-10-20 01:06:59,581 - experiments.framework - INFO - 🏁 EXPERIMENT COMPLETED: data_validation_20251020_010648
2025-10-20 01:06:59,581 - experiments.framework - INFO - ⏱️  TOTAL RUNTIME: 10.9 seconds
2025-10-20 01:06:59,581 - experiments.framework - INFO - 🕐 Started: 2025-10-20 01:06:48
2025-10-20 01:06:59,582 - experiments.framework - INFO - 🕑 Finished: 2025-10-20 01:06:59
2025-10-20 01:06:59,582 - experiments.framework - INFO - Experiment completed successfully: data_validation_20251020_010648
2025-10-20 01:06:59,582 - experiments.framework - INFO - 🧹 Performing comprehensive memory cleanup...
2025-10-20 01:06:59,667 - experiments.framework - INFO - Garbage collection freed 25531 objects
2025-10-20 01:06:59,934 - experiments.framework - INFO - GPU memory cleanup attempted
2025-10-20 01:07:00,935 - experiments.framework - INFO - ✅ Comprehensive memory cleanup completed
2025-10-20 01:07:01,055 - experiments.framework - INFO - Pickle saving disabled to prevent large files - using JSON and CSV instead
2025-10-20 01:07:01,061 - experiments.framework - INFO - Saving 3 plots to /cs/student/msc/aibh/2024/madhavan/sgfa_qmap-pd/results/all_rois-sn_conf-age+sex+tiv_K2_percW33_MAD3.0_run_20251020_010648/data_validation_tree10_20251020_010648/plots
2025-10-20 01:07:02,928 - experiments.framework - INFO -   ✅ Saved plot: data_distribution_comparison
2025-10-20 01:07:04,785 - experiments.framework - INFO -   ✅ Saved plot: data_validation_feature_reduction
2025-10-20 01:07:05,532 - experiments.framework - INFO -   ✅ Saved plot: data_validation_variance_distribution
2025-10-20 01:07:05,532 - experiments.framework - INFO - All plots saved to: /cs/student/msc/aibh/2024/madhavan/sgfa_qmap-pd/results/all_rois-sn_conf-age+sex+tiv_K2_percW33_MAD3.0_run_20251020_010648/data_validation_tree10_20251020_010648/plots
2025-10-20 01:07:05,619 - experiments.framework - INFO - ExperimentFramework initialized with output dir: /cs/student/msc/aibh/2024/madhavan/sgfa_qmap-pd/results/all_rois-sn_conf-age+sex+tiv_K2_percW33_MAD3.0_run_20251020_010648
2025-10-20 01:07:05,619 - experiments.framework - INFO - ExperimentFramework initialized with output dir: /cs/student/msc/aibh/2024/madhavan/sgfa_qmap-pd/results/all_rois-sn_conf-age+sex+tiv_K2_percW33_MAD3.0_run_20251020_010648
2025-10-20 01:07:05,627 - experiments.framework - INFO - Starting experiment: robustness_tests_20251020_010705
2025-10-20 01:07:05,627 - experiments.framework - INFO - Starting experiment: robustness_tests_20251020_010705
2025-10-20 01:08:47,126 - experiments.framework - INFO - 🧹 Performing comprehensive memory cleanup...
2025-10-20 01:08:47,126 - experiments.framework - INFO - 🧹 Performing comprehensive memory cleanup...
2025-10-20 01:08:47,242 - experiments.framework - INFO - Garbage collection freed 0 objects
2025-10-20 01:08:47,242 - experiments.framework - INFO - Garbage collection freed 0 objects
2025-10-20 01:08:47,656 - experiments.framework - INFO - GPU memory cleanup attempted
2025-10-20 01:08:47,656 - experiments.framework - INFO - GPU memory cleanup attempted
2025-10-20 01:08:48,657 - experiments.framework - INFO - ✅ Comprehensive memory cleanup completed
2025-10-20 01:08:48,657 - experiments.framework - INFO - ✅ Comprehensive memory cleanup completed
